/media/ndag/newVolume/BiMC-test/models/clip/clip.py:23: UserWarning: PyTorch version 1.7.1 or higher is recommended
  warnings.warn("PyTorch version 1.7.1 or higher is recommended")
[2026-05-19T01:31:40+06:00] start framework=tric_dinov2 dataset=CIFAR100 seed=1
manual seed: 1
use gpu: ['0']
Files already downloaded and verified
Files already downloaded and verified
Loading CLIP (backbone: ViT-B/16)
Prompt template:['a photo of a {}.']
Loading DinoV2 ViT-B/14 from local hub: /home/ndag/.cache/torch/hub/facebookresearch_dinov2_main
/home/ndag/.cache/torch/hub/facebookresearch_dinov2_main/dinov2/layers/swiglu_ffn.py:51: UserWarning: xFormers is not available (SwiGLU)
  warnings.warn("xFormers is not available (SwiGLU)")
/home/ndag/.cache/torch/hub/facebookresearch_dinov2_main/dinov2/layers/attention.py:36: UserWarning: xFormers is not available (Attention)
  warnings.warn("xFormers is not available (Attention)")
/home/ndag/.cache/torch/hub/facebookresearch_dinov2_main/dinov2/layers/block.py:40: UserWarning: xFormers is not available (Block)
  warnings.warn("xFormers is not available (Block)")
Loading DinoV2 weights: /home/ndag/.cache/torch/hub/checkpoints/dinov2_vitb14_pretrain.pth
class names: ['apple' 'aquarium fish' 'baby' 'bear' 'beaver' 'bed' 'bee' 'beetle'
 'bicycle' 'bottle' 'bowl' 'boy' 'bridge' 'bus' 'butterfly' 'camel' 'can'
 'castle' 'caterpillar' 'cattle' 'chair' 'chimpanzee' 'clock' 'cloud'
 'cockroach' 'couch' 'crab' 'crocodile' 'cup' 'dinosaur' 'dolphin'
 'elephant' 'flatfish' 'forest' 'fox' 'girl' 'hamster' 'house' 'kangaroo'
 'keyboard' 'lamp' 'lawn mower' 'leopard' 'lion' 'lizard' 'lobster' 'man'
 'maple tree' 'motorcycle' 'mountain' 'mouse' 'mushroom' 'oak tree'
 'orange' 'orchid' 'otter' 'palm tree' 'pear' 'pickup truck' 'pine tree']
all targets:tensor([ 0,  1,  2,  3,  4,  5,  6,  7,  8,  9, 10, 11, 12, 13, 14, 15, 16, 17,
        18, 19, 20, 21, 22, 23, 24, 25, 26, 27, 28, 29, 30, 31, 32, 33, 34, 35,
        36, 37, 38, 39, 40, 41, 42, 43, 44, 45, 46, 47, 48, 49, 50, 51, 52, 53,
        54, 55, 56, 57, 58, 59], device='cuda:0')
dino all targets:tensor([ 0,  1,  2,  3,  4,  5,  6,  7,  8,  9, 10, 11, 12, 13, 14, 15, 16, 17,
        18, 19, 20, 21, 22, 23, 24, 25, 26, 27, 28, 29, 30, 31, 32, 33, 34, 35,
        36, 37, 38, 39, 40, 41, 42, 43, 44, 45, 46, 47, 48, 49, 50, 51, 52, 53,
        54, 55, 56, 57, 58, 59], device='cuda:0')
finish loading CLIP/DinoV2 covariance
class names: ['plain' 'plate' 'poppy' 'porcupine' 'possum']
all targets:tensor([60, 61, 62, 63, 64], device='cuda:0')
dino all targets:tensor([60, 61, 62, 63, 64], device='cuda:0')
finish loading CLIP/DinoV2 covariance
class names: ['rabbit' 'raccoon' 'ray' 'road' 'rocket']
all targets:tensor([65, 66, 67, 68, 69], device='cuda:0')
dino all targets:tensor([65, 66, 67, 68, 69], device='cuda:0')
finish loading CLIP/DinoV2 covariance
class names: ['rose' 'sea' 'seal' 'shark' 'shrew']
all targets:tensor([70, 71, 72, 73, 74], device='cuda:0')
dino all targets:tensor([70, 71, 72, 73, 74], device='cuda:0')
finish loading CLIP/DinoV2 covariance
class names: ['skunk' 'skyscraper' 'snail' 'snake' 'spider']
all targets:tensor([75, 76, 77, 78, 79], device='cuda:0')
dino all targets:tensor([75, 76, 77, 78, 79], device='cuda:0')
finish loading CLIP/DinoV2 covariance
class names: ['squirrel' 'streetcar' 'sunflower' 'sweet pepper' 'table']
all targets:tensor([80, 81, 82, 83, 84], device='cuda:0')
dino all targets:tensor([80, 81, 82, 83, 84], device='cuda:0')
finish loading CLIP/DinoV2 covariance
class names: ['tank' 'telephone' 'television' 'tiger' 'tractor']
all targets:tensor([85, 86, 87, 88, 89], device='cuda:0')
dino all targets:tensor([85, 86, 87, 88, 89], device='cuda:0')
finish loading CLIP/DinoV2 covariance
class names: ['train' 'trout' 'tulip' 'turtle' 'wardrobe']
all targets:tensor([90, 91, 92, 93, 94], device='cuda:0')
dino all targets:tensor([90, 91, 92, 93, 94], device='cuda:0')
finish loading CLIP/DinoV2 covariance
class names: ['whale' 'willow tree' 'wolf' 'woman' 'worm']
all targets:tensor([95, 96, 97, 98, 99], device='cuda:0')
dino all targets:tensor([95, 96, 97, 98, 99], device='cuda:0')
finish loading CLIP/DinoV2 covariance
[2026-05-19T01:37:00+06:00] done framework=tric_dinov2 dataset=CIFAR100 baseline_full=83.170 refined_full=81.320
[2026-05-19T01:37:00+06:00] start framework=tric_dinov2 dataset=miniimagenet seed=1
manual seed: 1
use gpu: ['0']
Loading CLIP (backbone: ViT-B/16)
Prompt template:['a photo of a {}.']
Loading DinoV2 ViT-B/14 from local hub: /home/ndag/.cache/torch/hub/facebookresearch_dinov2_main
Loading DinoV2 weights: /home/ndag/.cache/torch/hub/checkpoints/dinov2_vitb14_pretrain.pth
class names: ['house finch' 'robin' 'triceratops' 'green mamba' 'harvestman' 'toucan'
 'goose' 'jellyfish' 'nematode' 'king crab' 'dugong' 'Walker hound'
 'Ibizan hound' 'Saluki' 'golden retriever' 'Gordon setter' 'komondor'
 'boxer' 'Tibetan mastiff' 'French bulldog' 'malamute' 'dalmatian'
 'Newfoundland' 'miniature poodle' 'white wolf' 'African hunting dog'
 'Arctic fox' 'lion' 'meerkat' 'ladybug' 'rhinoceros beetle' 'ant'
 'black-footed ferret' 'three-toed sloth' 'rock beauty' 'aircraft carrier'
 'ashcan' 'barrel' 'beer bottle' 'bookshop' 'cannon' 'carousel' 'carton'
 'catamaran' 'chime' 'clog' 'cocktail shaker' 'combination lock' 'crate'
 'cuirass' 'dishrag' 'dome' 'electric guitar' 'file' 'fire screen'
 'frying pan' 'garbage truck' 'hair slide' 'holster' 'horizontal bar']
all targets:tensor([ 0,  1,  2,  3,  4,  5,  6,  7,  8,  9, 10, 11, 12, 13, 14, 15, 16, 17,
        18, 19, 20, 21, 22, 23, 24, 25, 26, 27, 28, 29, 30, 31, 32, 33, 34, 35,
        36, 37, 38, 39, 40, 41, 42, 43, 44, 45, 46, 47, 48, 49, 50, 51, 52, 53,
        54, 55, 56, 57, 58, 59], device='cuda:0')
dino all targets:tensor([ 0,  1,  2,  3,  4,  5,  6,  7,  8,  9, 10, 11, 12, 13, 14, 15, 16, 17,
        18, 19, 20, 21, 22, 23, 24, 25, 26, 27, 28, 29, 30, 31, 32, 33, 34, 35,
        36, 37, 38, 39, 40, 41, 42, 43, 44, 45, 46, 47, 48, 49, 50, 51, 52, 53,
        54, 55, 56, 57, 58, 59], device='cuda:0')
finish loading CLIP/DinoV2 covariance
class names: ['hourglass' 'iPod' 'lipstick' 'miniskirt' 'missile']
all targets:tensor([60, 61, 62, 63, 64], device='cuda:0')
dino all targets:tensor([60, 61, 62, 63, 64], device='cuda:0')
finish loading CLIP/DinoV2 covariance
class names: ['mixing bowl' 'oboe' 'organ' 'parallel bars' 'pencil box']
all targets:tensor([65, 66, 67, 68, 69], device='cuda:0')
dino all targets:tensor([65, 66, 67, 68, 69], device='cuda:0')
finish loading CLIP/DinoV2 covariance
class names: ['photocopier' 'poncho' 'prayer rug' 'reel' 'school bus']
all targets:tensor([70, 71, 72, 73, 74], device='cuda:0')
dino all targets:tensor([70, 71, 72, 73, 74], device='cuda:0')
finish loading CLIP/DinoV2 covariance
class names: ['scoreboard' 'slot' 'snorkel' 'solar dish' 'spider web']
all targets:tensor([75, 76, 77, 78, 79], device='cuda:0')
dino all targets:tensor([75, 76, 77, 78, 79], device='cuda:0')
finish loading CLIP/DinoV2 covariance
class names: ['stage' 'tank' 'theater curtain' 'tile roof' 'tobacco shop']
all targets:tensor([80, 81, 82, 83, 84], device='cuda:0')
dino all targets:tensor([80, 81, 82, 83, 84], device='cuda:0')
finish loading CLIP/DinoV2 covariance
class names: ['unicycle' 'upright' 'vase' 'wok' 'worm fence']
all targets:tensor([85, 86, 87, 88, 89], device='cuda:0')
dino all targets:tensor([85, 86, 87, 88, 89], device='cuda:0')
finish loading CLIP/DinoV2 covariance
class names: ['yawl' 'street sign' 'consomme' 'trifle' 'hotdog']
all targets:tensor([90, 91, 92, 93, 94], device='cuda:0')
dino all targets:tensor([90, 91, 92, 93, 94], device='cuda:0')
finish loading CLIP/DinoV2 covariance
class names: ['orange' 'cliff' 'coral reef' 'bolete' 'ear']
all targets:tensor([95, 96, 97, 98, 99], device='cuda:0')
dino all targets:tensor([95, 96, 97, 98, 99], device='cuda:0')
finish loading CLIP/DinoV2 covariance
[2026-05-19T01:42:18+06:00] done framework=tric_dinov2 dataset=miniimagenet baseline_full=93.470 refined_full=93.330
[2026-05-19T01:42:18+06:00] start framework=tric_dinov2 dataset=cub200 seed=1
manual seed: 1
use gpu: ['0']
Loading CLIP (backbone: ViT-B/16)
Prompt template:['a photo of a {}.']
Loading DinoV2 ViT-B/14 from local hub: /home/ndag/.cache/torch/hub/facebookresearch_dinov2_main
Loading DinoV2 weights: /home/ndag/.cache/torch/hub/checkpoints/dinov2_vitb14_pretrain.pth
class names: ['Black footed Albatross' 'Laysan Albatross' 'Sooty Albatross'
 'Groove billed Ani' 'Crested Auklet' 'Least Auklet' 'Parakeet Auklet'
 'Rhinoceros Auklet' 'Brewer Blackbird' 'Red winged Blackbird'
 'Rusty Blackbird' 'Yellow headed Blackbird' 'Bobolink' 'Indigo Bunting'
 'Lazuli Bunting' 'Painted Bunting' 'Cardinal' 'Spotted Catbird'
 'Gray Catbird' 'Yellow breasted Chat' 'Eastern Towhee' 'Chuck will Widow'
 'Brandt Cormorant' 'Red faced Cormorant' 'Pelagic Cormorant'
 'Bronzed Cowbird' 'Shiny Cowbird' 'Brown Creeper' 'American Crow'
 'Fish Crow' 'Black billed Cuckoo' 'Mangrove Cuckoo'
 'Yellow billed Cuckoo' 'Gray crowned Rosy Finch' 'Purple Finch'
 'Northern Flicker' 'Acadian Flycatcher' 'Great Crested Flycatcher'
 'Least Flycatcher' 'Olive sided Flycatcher' 'Scissor tailed Flycatcher'
 'Vermilion Flycatcher' 'Yellow bellied Flycatcher' 'Frigatebird'
 'Northern Fulmar' 'Gadwall' 'American Goldfinch' 'European Goldfinch'
 'Boat tailed Grackle' 'Eared Grebe' 'Horned Grebe' 'Pied billed Grebe'
 'Western Grebe' 'Blue Grosbeak' 'Evening Grosbeak' 'Pine Grosbeak'
 'Rose breasted Grosbeak' 'Pigeon Guillemot' 'California Gull'
 'Glaucous winged Gull' 'Heermann Gull' 'Herring Gull' 'Ivory Gull'
 'Ring billed Gull' 'Slaty backed Gull' 'Western Gull' 'Anna Hummingbird'
 'Ruby throated Hummingbird' 'Rufous Hummingbird' 'Green Violetear'
 'Long tailed Jaeger' 'Pomarine Jaeger' 'Blue Jay' 'Florida Jay'
 'Green Jay' 'Dark eyed Junco' 'Tropical Kingbird' 'Gray Kingbird'
 'Belted Kingfisher' 'Green Kingfisher' 'Pied Kingfisher'
 'Ringed Kingfisher' 'White breasted Kingfisher' 'Red legged Kittiwake'
 'Horned Lark' 'Pacific Loon' 'Mallard' 'Western Meadowlark'
 'Hooded Merganser' 'Red breasted Merganser' 'Mockingbird' 'Nighthawk'
 'Clark Nutcracker' 'White breasted Nuthatch' 'Baltimore Oriole'
 'Hooded Oriole' 'Orchard Oriole' 'Scott Oriole' 'Ovenbird'
 'Brown Pelican']
all targets:tensor([ 0,  1,  2,  3,  4,  5,  6,  7,  8,  9, 10, 11, 12, 13, 14, 15, 16, 17,
        18, 19, 20, 21, 22, 23, 24, 25, 26, 27, 28, 29, 30, 31, 32, 33, 34, 35,
        36, 37, 38, 39, 40, 41, 42, 43, 44, 45, 46, 47, 48, 49, 50, 51, 52, 53,
        54, 55, 56, 57, 58, 59, 60, 61, 62, 63, 64, 65, 66, 67, 68, 69, 70, 71,
        72, 73, 74, 75, 76, 77, 78, 79, 80, 81, 82, 83, 84, 85, 86, 87, 88, 89,
        90, 91, 92, 93, 94, 95, 96, 97, 98, 99], device='cuda:0')
dino all targets:tensor([ 0,  1,  2,  3,  4,  5,  6,  7,  8,  9, 10, 11, 12, 13, 14, 15, 16, 17,
        18, 19, 20, 21, 22, 23, 24, 25, 26, 27, 28, 29, 30, 31, 32, 33, 34, 35,
        36, 37, 38, 39, 40, 41, 42, 43, 44, 45, 46, 47, 48, 49, 50, 51, 52, 53,
        54, 55, 56, 57, 58, 59, 60, 61, 62, 63, 64, 65, 66, 67, 68, 69, 70, 71,
        72, 73, 74, 75, 76, 77, 78, 79, 80, 81, 82, 83, 84, 85, 86, 87, 88, 89,
        90, 91, 92, 93, 94, 95, 96, 97, 98, 99], device='cuda:0')
finish loading CLIP/DinoV2 covariance
class names: ['White Pelican' 'Western Wood Pewee' 'Sayornis' 'American Pipit'
 'Whip poor Will' 'Horned Puffin' 'Common Raven' 'White necked Raven'
 'American Redstart' 'Geococcyx']
all targets:tensor([100, 101, 102, 103, 104, 105, 106, 107, 108, 109], device='cuda:0')
dino all targets:tensor([100, 101, 102, 103, 104, 105, 106, 107, 108, 109], device='cuda:0')
finish loading CLIP/DinoV2 covariance
class names: ['Loggerhead Shrike' 'Great Grey Shrike' 'Baird Sparrow'
 'Black throated Sparrow' 'Brewer Sparrow' 'Chipping Sparrow'
 'Clay colored Sparrow' 'House Sparrow' 'Field Sparrow' 'Fox Sparrow']
all targets:tensor([110, 111, 112, 113, 114, 115, 116, 117, 118, 119], device='cuda:0')
dino all targets:tensor([110, 111, 112, 113, 114, 115, 116, 117, 118, 119], device='cuda:0')
finish loading CLIP/DinoV2 covariance
class names: ['Grasshopper Sparrow' 'Harris Sparrow' 'Henslow Sparrow'
 'Le Conte Sparrow' 'Lincoln Sparrow' 'Nelson Sharp tailed Sparrow'
 'Savannah Sparrow' 'Seaside Sparrow' 'Song Sparrow' 'Tree Sparrow']
all targets:tensor([120, 121, 122, 123, 124, 125, 126, 127, 128, 129], device='cuda:0')
dino all targets:tensor([120, 121, 122, 123, 124, 125, 126, 127, 128, 129], device='cuda:0')
finish loading CLIP/DinoV2 covariance
class names: ['Vesper Sparrow' 'White crowned Sparrow' 'White throated Sparrow'
 'Cape Glossy Starling' 'Bank Swallow' 'Barn Swallow' 'Cliff Swallow'
 'Tree Swallow' 'Scarlet Tanager' 'Summer Tanager']
all targets:tensor([130, 131, 132, 133, 134, 135, 136, 137, 138, 139], device='cuda:0')
dino all targets:tensor([130, 131, 132, 133, 134, 135, 136, 137, 138, 139], device='cuda:0')
finish loading CLIP/DinoV2 covariance
class names: ['Artic Tern' 'Black Tern' 'Caspian Tern' 'Common Tern' 'Elegant Tern'
 'Forsters Tern' 'Least Tern' 'Green tailed Towhee' 'Brown Thrasher'
 'Sage Thrasher']
all targets:tensor([140, 141, 142, 143, 144, 145, 146, 147, 148, 149], device='cuda:0')
dino all targets:tensor([140, 141, 142, 143, 144, 145, 146, 147, 148, 149], device='cuda:0')
finish loading CLIP/DinoV2 covariance
class names: ['Black capped Vireo' 'Blue headed Vireo' 'Philadelphia Vireo'
 'Red eyed Vireo' 'Warbling Vireo' 'White eyed Vireo'
 'Yellow throated Vireo' 'Bay breasted Warbler' 'Black and white Warbler'
 'Black throated Blue Warbler']
all targets:tensor([150, 151, 152, 153, 154, 155, 156, 157, 158, 159], device='cuda:0')
dino all targets:tensor([150, 151, 152, 153, 154, 155, 156, 157, 158, 159], device='cuda:0')
finish loading CLIP/DinoV2 covariance
class names: ['Blue winged Warbler' 'Canada Warbler' 'Cape May Warbler'
 'Cerulean Warbler' 'Chestnut sided Warbler' 'Golden winged Warbler'
 'Hooded Warbler' 'Kentucky Warbler' 'Magnolia Warbler' 'Mourning Warbler']
all targets:tensor([160, 161, 162, 163, 164, 165, 166, 167, 168, 169], device='cuda:0')
dino all targets:tensor([160, 161, 162, 163, 164, 165, 166, 167, 168, 169], device='cuda:0')
finish loading CLIP/DinoV2 covariance
class names: ['Myrtle Warbler' 'Nashville Warbler' 'Orange crowned Warbler'
 'Palm Warbler' 'Pine Warbler' 'Prairie Warbler' 'Prothonotary Warbler'
 'Swainson Warbler' 'Tennessee Warbler' 'Wilson Warbler']
all targets:tensor([170, 171, 172, 173, 174, 175, 176, 177, 178, 179], device='cuda:0')
dino all targets:tensor([170, 171, 172, 173, 174, 175, 176, 177, 178, 179], device='cuda:0')
finish loading CLIP/DinoV2 covariance
class names: ['Worm eating Warbler' 'Yellow Warbler' 'Northern Waterthrush'
 'Louisiana Waterthrush' 'Bohemian Waxwing' 'Cedar Waxwing'
 'American Three toed Woodpecker' 'Pileated Woodpecker'
 'Red bellied Woodpecker' 'Red cockaded Woodpecker']
all targets:tensor([180, 181, 182, 183, 184, 185, 186, 187, 188, 189], device='cuda:0')
dino all targets:tensor([180, 181, 182, 183, 184, 185, 186, 187, 188, 189], device='cuda:0')
finish loading CLIP/DinoV2 covariance
class names: ['Red headed Woodpecker' 'Downy Woodpecker' 'Bewick Wren' 'Cactus Wren'
 'Carolina Wren' 'House Wren' 'Marsh Wren' 'Rock Wren' 'Winter Wren'
 'Common Yellowthroat']
all targets:tensor([190, 191, 192, 193, 194, 195, 196, 197, 198, 199], device='cuda:0')
dino all targets:tensor([190, 191, 192, 193, 194, 195, 196, 197, 198, 199], device='cuda:0')
finish loading CLIP/DinoV2 covariance
[2026-05-19T01:43:44+06:00] done framework=tric_dinov2 dataset=cub200 baseline_full=85.295 refined_full=82.102
{
  "completed_at": "2026-05-19T01:43:44+06:00",
  "frameworks": [
    "tric_dinov2"
  ],
  "host": "NDAG-M-Lab",
  "params": {
    "beta_residual": 0.15,
    "eps": 1e-12,
    "lambda_unique": 0.35,
    "novel_only": true,
    "shared_rank": 1,
    "subspace_rank": 3,
    "weighted_unique": true
  },
  "results": [
    {
      "baseline": {
        "full": {
          "base_acc": 88.25,
          "correct_count": 8317,
          "full_acc": 83.17,
          "novel_acc": 75.55
        },
        "visual": {
          "base_acc": 88.233,
          "correct_count": 8390,
          "full_acc": 83.9,
          "novel_acc": 77.4
        }
      },
      "completed_at": "2026-05-19T01:37:00+06:00",
      "data_cfg": "configs/datasets/cifar100.yaml",
      "dataset_key": "CIFAR100",
      "dataset_name": "CIFAR100",
      "framework": "tric_dinov2",
      "gains": {
        "mean_full_gain": 0.0,
        "mean_visual_gain": 0.0,
        "refined_full_gain": -1.85,
        "refined_visual_gain": -2.09
      },
      "geometry": {
        "mean_orig_proto_cos": 1.0,
        "mean_refined_vs_mean_cos": 0.967738,
        "mean_refined_vs_orig_cos": 0.967738,
        "novel_basis_rank_max": 3,
        "novel_basis_rank_mean": 3.0,
        "novel_basis_rank_min": 3,
        "novel_class_count": 40,
        "novel_support_count_max": 5,
        "novel_support_count_mean": 5.0,
        "novel_support_count_min": 5,
        "per_class_competitor_cos": {
          "60": 0.474453,
          "61": 0.666182,
          "62": 0.332159,
          "63": 0.470777,
          "64": 0.576572,
          "65": 0.398252,
          "66": 0.363495,
          "67": 0.550783,
          "68": 0.474453,
          "69": 0.296123,
          "70": 0.332159,
          "71": 0.56539,
          "72": 0.530941,
          "73": 0.550783,
          "74": 0.675447,
          "75": 0.415107,
          "76": 0.303966,
          "77": 0.321735,
          "78": 0.502019,
          "79": 0.441716,
          "80": 0.404241,
          "81": 0.520331,
          "82": 0.283105,
          "83": 0.30308,
          "84": 0.382135,
          "85": 0.395934,
          "86": 0.234395,
          "87": 0.285258,
          "88": 0.626144,
          "89": 0.443539,
          "90": 0.422542,
          "91": 0.368735,
          "92": 0.329235,
          "93": 0.356357,
          "94": 0.32618,
          "95": 0.653582,
          "96": 0.623113,
          "97": 0.313593,
          "98": 0.552435,
          "99": 0.502019
        },
        "per_class_mean_to_refined_cos": {
          "60": 0.936671,
          "61": 0.984749,
          "62": 0.992364,
          "63": 0.92704,
          "64": 0.875839,
          "65": 0.974225,
          "66": 0.93413,
          "67": 0.968872,
          "68": 0.911957,
          "69": 0.993169,
          "70": 0.991787,
          "71": 0.963982,
          "72": 0.951401,
          "73": 0.97449,
          "74": 0.879399,
          "75": 0.993049,
          "76": 0.966459,
          "77": 0.968701,
          "78": 0.988274,
          "79": 0.988657,
          "80": 0.963914,
          "81": 0.966941,
          "82": 0.993517,
          "83": 0.993721,
          "84": 0.974544,
          "85": 0.991349,
          "86": 0.991596,
          "87": 0.974891,
          "88": 0.964703,
          "89": 0.972799,
          "90": 0.979852,
          "91": 0.990274,
          "92": 0.993338,
          "93": 0.964802,
          "94": 0.971886,
          "95": 0.988562,
          "96": 0.937166,
          "97": 0.972767,
          "98": 0.975697,
          "99": 0.981999
        },
        "per_class_orig_to_mean_cos": {
          "60": 1.0,
          "61": 1.0,
          "62": 1.0,
          "63": 1.0,
          "64": 1.0,
          "65": 1.0,
          "66": 1.0,
          "67": 1.0,
          "68": 1.0,
          "69": 1.0,
          "70": 1.0,
          "71": 1.0,
          "72": 1.0,
          "73": 1.0,
          "74": 1.0,
          "75": 1.0,
          "76": 1.0,
          "77": 1.0,
          "78": 1.0,
          "79": 1.0,
          "80": 1.0,
          "81": 1.0,
          "82": 1.0,
          "83": 1.0,
          "84": 1.0,
          "85": 1.0,
          "86": 1.0,
          "87": 1.0,
          "88": 1.0,
          "89": 1.0,
          "90": 1.0,
          "91": 1.0,
          "92": 1.0,
          "93": 1.0,
          "94": 1.0,
          "95": 1.0,
          "96": 1.0,
          "97": 1.0,
          "98": 1.0,
          "99": 1.0
        },
        "per_class_total_refine_delta_norm": {
          "60": 0.119109,
          "61": 0.133763,
          "62": 0.116418,
          "63": 0.122636,
          "64": 0.12466,
          "65": 0.112945,
          "66": 0.133791,
          "67": 0.122975,
          "68": 0.119436,
          "69": 0.111043,
          "70": 0.114448,
          "71": 0.124169,
          "72": 0.121494,
          "73": 0.133287,
          "74": 0.130227,
          "75": 0.117773,
          "76": 0.114204,
          "77": 0.114389,
          "78": 0.118766,
          "79": 0.117981,
          "80": 0.116639,
          "81": 0.12468,
          "82": 0.113654,
          "83": 0.110837,
          "84": 0.113885,
          "85": 0.11702,
          "86": 0.113128,
          "87": 0.109816,
          "88": 0.128718,
          "89": 0.119453,
          "90": 0.119856,
          "91": 0.117043,
          "92": 0.113393,
          "93": 0.120845,
          "94": 0.113859,
          "95": 0.124636,
          "96": 0.127718,
          "97": 0.110513,
          "98": 0.123781,
          "99": 0.124163
        },
        "per_class_unique_component_norm": {
          "60": 0.061426,
          "61": 0.062553,
          "62": 0.08784,
          "63": 0.063638,
          "64": 0.072611,
          "65": 0.058468,
          "66": 0.136116,
          "67": 0.029649,
          "68": 0.058803,
          "69": 0.038709,
          "70": 0.044572,
          "71": 0.036219,
          "72": 0.048123,
          "73": 0.085797,
          "74": 0.058655,
          "75": 0.045416,
          "76": 0.072832,
          "77": 0.07469,
          "78": 0.103047,
          "79": 0.077235,
          "80": 0.033417,
          "81": 0.053969,
          "82": 0.069098,
          "83": 0.011699,
          "84": 0.019562,
          "85": 0.045764,
          "86": 0.091538,
          "87": 0.024214,
          "88": 0.041126,
          "89": 0.045989,
          "90": 0.040432,
          "91": 0.044177,
          "92": 0.021798,
          "93": 0.100724,
          "94": 0.058551,
          "95": 0.058315,
          "96": 0.065905,
          "97": 0.036575,
          "98": 0.036139,
          "99": 0.032306
        },
        "shared_energy_ratio": 0.067035,
        "shared_rank_used": 1
      },
      "host": "NDAG-M-Lab",
      "mean_rebuild": {
        "full": {
          "base_acc": 88.25,
          "correct_count": 8317,
          "full_acc": 83.17,
          "novel_acc": 75.55
        },
        "visual": {
          "base_acc": 88.233,
          "correct_count": 8390,
          "full_acc": 83.9,
          "novel_acc": 77.4
        }
      },
      "num_base_classes": 60,
      "num_seen_classes": 100,
      "params": {
        "beta_residual": 0.15,
        "eps": 1e-12,
        "lambda_unique": 0.35,
        "novel_only": true,
        "shared_rank": 1,
        "subspace_rank": 3,
        "weighted_unique": true
      },
      "refined": {
        "full": {
          "base_acc": 88.6,
          "correct_count": 8132,
          "full_acc": 81.32,
          "novel_acc": 70.4
        },
        "visual": {
          "base_acc": 88.9,
          "correct_count": 8181,
          "full_acc": 81.81,
          "novel_acc": 71.175
        }
      },
      "runtime_sec": 320.368,
      "seed": 1,
      "started_at": "2026-05-19T01:31:40+06:00",
      "train_cfg": "configs/trainers/bimc_dino_fusion.yaml"
    },
    {
      "baseline": {
        "full": {
          "base_acc": 96.3,
          "correct_count": 9347,
          "full_acc": 93.47,
          "novel_acc": 89.225
        },
        "visual": {
          "base_acc": 95.283,
          "correct_count": 9191,
          "full_acc": 91.91,
          "novel_acc": 86.85
        }
      },
      "completed_at": "2026-05-19T01:42:18+06:00",
      "data_cfg": "configs/datasets/miniimagenet.yaml",
      "dataset_key": "miniimagenet",
      "dataset_name": "miniimagenet",
      "framework": "tric_dinov2",
      "gains": {
        "mean_full_gain": 0.0,
        "mean_visual_gain": 0.0,
        "refined_full_gain": -0.14,
        "refined_visual_gain": -0.44
      },
      "geometry": {
        "mean_orig_proto_cos": 1.0,
        "mean_refined_vs_mean_cos": 0.988136,
        "mean_refined_vs_orig_cos": 0.988137,
        "novel_basis_rank_max": 3,
        "novel_basis_rank_mean": 3.0,
        "novel_basis_rank_min": 3,
        "novel_class_count": 40,
        "novel_support_count_max": 5,
        "novel_support_count_mean": 5.0,
        "novel_support_count_min": 5,
        "per_class_competitor_cos": {
          "60": 0.276535,
          "61": 0.100882,
          "62": 0.103036,
          "63": 0.227246,
          "64": 0.135997,
          "65": 0.303038,
          "66": 0.122951,
          "67": 0.202996,
          "68": 0.845425,
          "69": 0.139934,
          "70": 0.290997,
          "71": 0.391643,
          "72": 0.182136,
          "73": 0.1122,
          "74": 0.186124,
          "75": 0.213607,
          "76": 0.170861,
          "77": 0.371197,
          "78": 0.208206,
          "79": 0.109136,
          "80": 0.250533,
          "81": 0.155694,
          "82": 0.250533,
          "83": 0.208206,
          "84": 0.463868,
          "85": 0.185308,
          "86": 0.142833,
          "87": 0.140935,
          "88": 0.637442,
          "89": 0.121534,
          "90": 0.496291,
          "91": 0.090195,
          "92": 0.103452,
          "93": 0.087373,
          "94": 0.094717,
          "95": 0.131952,
          "96": 0.256777,
          "97": 0.371197,
          "98": 0.096783,
          "99": 0.078096
        },
        "per_class_mean_to_refined_cos": {
          "60": 0.9895,
          "61": 0.994267,
          "62": 0.987859,
          "63": 0.989671,
          "64": 0.992232,
          "65": 0.977305,
          "66": 0.990084,
          "67": 0.984584,
          "68": 0.987409,
          "69": 0.993991,
          "70": 0.992784,
          "71": 0.992002,
          "72": 0.992137,
          "73": 0.993046,
          "74": 0.990171,
          "75": 0.98624,
          "76": 0.984388,
          "77": 0.993222,
          "78": 0.992187,
          "79": 0.993742,
          "80": 0.984076,
          "81": 0.99429,
          "82": 0.991178,
          "83": 0.992416,
          "84": 0.962246,
          "85": 0.993644,
          "86": 0.992462,
          "87": 0.968218,
          "88": 0.956441,
          "89": 0.991412,
          "90": 0.987983,
          "91": 0.978666,
          "92": 0.993488,
          "93": 0.994167,
          "94": 0.994201,
          "95": 0.994515,
          "96": 0.983676,
          "97": 0.991368,
          "98": 0.989653,
          "99": 0.99454
        },
        "per_class_orig_to_mean_cos": {
          "60": 1.0,
          "61": 1.0,
          "62": 1.0,
          "63": 1.0,
          "64": 1.0,
          "65": 1.0,
          "66": 1.0,
          "67": 1.0,
          "68": 1.0,
          "69": 1.0,
          "70": 1.0,
          "71": 1.0,
          "72": 1.0,
          "73": 1.0,
          "74": 1.0,
          "75": 1.0,
          "76": 1.0,
          "77": 1.0,
          "78": 1.0,
          "79": 1.0,
          "80": 1.0,
          "81": 1.0,
          "82": 1.0,
          "83": 1.0,
          "84": 1.0,
          "85": 1.0,
          "86": 1.0,
          "87": 1.0,
          "88": 1.0,
          "89": 1.0,
          "90": 1.0,
          "91": 1.0,
          "92": 1.0,
          "93": 1.0,
          "94": 1.0,
          "95": 1.0,
          "96": 1.0,
          "97": 1.0,
          "98": 1.0,
          "99": 1.0
        },
        "per_class_total_refine_delta_norm": {
          "60": 0.130341,
          "61": 0.107082,
          "62": 0.104592,
          "63": 0.10624,
          "64": 0.108037,
          "65": 0.115267,
          "66": 0.102628,
          "67": 0.10718,
          "68": 0.126877,
          "69": 0.109111,
          "70": 0.118582,
          "71": 0.111601,
          "72": 0.108895,
          "73": 0.103003,
          "74": 0.1072,
          "75": 0.112304,
          "76": 0.105777,
          "77": 0.115925,
          "78": 0.10376,
          "79": 0.104724,
          "80": 0.112582,
          "81": 0.103522,
          "82": 0.109683,
          "83": 0.109675,
          "84": 0.119223,
          "85": 0.104683,
          "86": 0.110786,
          "87": 0.104115,
          "88": 0.123237,
          "89": 0.108907,
          "90": 0.134202,
          "91": 0.106502,
          "92": 0.103266,
          "93": 0.107006,
          "94": 0.101183,
          "95": 0.102944,
          "96": 0.119868,
          "97": 0.115488,
          "98": 0.104097,
          "99": 0.103406
        },
        "per_class_unique_component_norm": {
          "60": 0.239872,
          "61": 0.092663,
          "62": 0.095283,
          "63": 0.045258,
          "64": 0.063826,
          "65": 0.071361,
          "66": 0.023511,
          "67": 0.095535,
          "68": 0.172484,
          "69": 0.115702,
          "70": 0.090166,
          "71": 0.064911,
          "72": 0.125009,
          "73": 0.088655,
          "74": 0.048022,
          "75": 0.149028,
          "76": 0.081587,
          "77": 0.06552,
          "78": 0.045607,
          "79": 0.085768,
          "80": 0.04102,
          "81": 0.010638,
          "82": 0.047886,
          "83": 0.122871,
          "84": 0.107862,
          "85": 0.08998,
          "86": 0.083186,
          "87": 0.038754,
          "88": 0.037722,
          "89": 0.137213,
          "90": 0.088205,
          "91": 0.142113,
          "92": 0.075182,
          "93": 0.138874,
          "94": 0.06262,
          "95": 0.062732,
          "96": 0.059876,
          "97": 0.159637,
          "98": 0.10592,
          "99": 0.098226
        },
        "shared_energy_ratio": 0.027479,
        "shared_rank_used": 1
      },
      "host": "NDAG-M-Lab",
      "mean_rebuild": {
        "full": {
          "base_acc": 96.3,
          "correct_count": 9347,
          "full_acc": 93.47,
          "novel_acc": 89.225
        },
        "visual": {
          "base_acc": 95.283,
          "correct_count": 9191,
          "full_acc": 91.91,
          "novel_acc": 86.85
        }
      },
      "num_base_classes": 60,
      "num_seen_classes": 100,
      "params": {
        "beta_residual": 0.15,
        "eps": 1e-12,
        "lambda_unique": 0.35,
        "novel_only": true,
        "shared_rank": 1,
        "subspace_rank": 3,
        "weighted_unique": true
      },
      "refined": {
        "full": {
          "base_acc": 96.367,
          "correct_count": 9333,
          "full_acc": 93.33,
          "novel_acc": 88.775
        },
        "visual": {
          "base_acc": 95.417,
          "correct_count": 9147,
          "full_acc": 91.47,
          "novel_acc": 85.55
        }
      },
      "runtime_sec": 317.874,
      "seed": 1,
      "started_at": "2026-05-19T01:37:00+06:00",
      "train_cfg": "configs/trainers/bimc_dino_fusion.yaml"
    },
    {
      "baseline": {
        "full": {
          "base_acc": 87.884,
          "correct_count": 4942,
          "full_acc": 85.295,
          "novel_acc": 82.765
        },
        "visual": {
          "base_acc": 86.138,
          "correct_count": 4873,
          "full_acc": 84.104,
          "novel_acc": 82.116
        }
      },
      "completed_at": "2026-05-19T01:43:44+06:00",
      "data_cfg": "configs/datasets/cub200_bimc_dino_fusion.yaml",
      "dataset_key": "cub200",
      "dataset_name": "cub200",
      "framework": "tric_dinov2",
      "gains": {
        "mean_full_gain": 0.0,
        "mean_visual_gain": 0.0,
        "refined_full_gain": -3.193,
        "refined_visual_gain": -4.004
      },
      "geometry": {
        "mean_orig_proto_cos": 1.0,
        "mean_refined_vs_mean_cos": 0.918722,
        "mean_refined_vs_orig_cos": 0.918722,
        "novel_basis_rank_max": 3,
        "novel_basis_rank_mean": 3.0,
        "novel_basis_rank_min": 3,
        "novel_class_count": 100,
        "novel_support_count_max": 5,
        "novel_support_count_mean": 5.0,
        "novel_support_count_min": 5,
        "per_class_competitor_cos": {
          "100": 0.818371,
          "101": 0.898306,
          "102": 0.837319,
          "103": 0.637334,
          "104": 0.911812,
          "105": 0.65385,
          "106": 0.916002,
          "107": 0.726719,
          "108": 0.475579,
          "109": 0.426198,
          "110": 0.905167,
          "111": 0.905167,
          "112": 0.865241,
          "113": 0.465079,
          "114": 0.868667,
          "115": 0.840067,
          "116": 0.868667,
          "117": 0.788321,
          "118": 0.865485,
          "119": 0.719127,
          "120": 0.843189,
          "121": 0.707754,
          "122": 0.855272,
          "123": 0.799078,
          "124": 0.855272,
          "125": 0.77487,
          "126": 0.866862,
          "127": 0.648842,
          "128": 0.854047,
          "129": 0.816543,
          "130": 0.866862,
          "131": 0.825239,
          "132": 0.809925,
          "133": 0.865092,
          "134": 0.772873,
          "135": 0.836167,
          "136": 0.836167,
          "137": 0.820673,
          "138": 0.575027,
          "139": 0.575027,
          "140": 0.888663,
          "141": 0.702619,
          "142": 0.914601,
          "143": 0.923893,
          "144": 0.923893,
          "145": 0.90779,
          "146": 0.90779,
          "147": 0.429494,
          "148": 0.680181,
          "149": 0.680181,
          "150": 0.623465,
          "151": 0.706313,
          "152": 0.671347,
          "153": 0.667884,
          "154": 0.671347,
          "155": 0.706313,
          "156": 0.611031,
          "157": 0.558243,
          "158": 0.58882,
          "159": 0.579498,
          "160": 0.615357,
          "161": 0.582376,
          "162": 0.74677,
          "163": 0.58882,
          "164": 0.547337,
          "165": 0.595086,
          "166": 0.716615,
          "167": 0.722914,
          "168": 0.730123,
          "169": 0.622128,
          "170": 0.730123,
          "171": 0.603265,
          "172": 0.705933,
          "173": 0.627271,
          "174": 0.580908,
          "175": 0.74677,
          "176": 0.732335,
          "177": 0.697713,
          "178": 0.705933,
          "179": 0.716615,
          "180": 0.697713,
          "181": 0.732335,
          "182": 0.920503,
          "183": 0.920503,
          "184": 0.944801,
          "185": 0.944801,
          "186": 0.823794,
          "187": 0.742528,
          "188": 0.658171,
          "189": 0.826028,
          "190": 0.496026,
          "191": 0.826028,
          "192": 0.866298,
          "193": 0.668508,
          "194": 0.866298,
          "195": 0.882598,
          "196": 0.811106,
          "197": 0.737544,
          "198": 0.882598,
          "199": 0.722914
        },
        "per_class_mean_to_refined_cos": {
          "100": 0.989375,
          "101": 0.937895,
          "102": 0.959448,
          "103": 0.968071,
          "104": 0.97455,
          "105": 0.985745,
          "106": 0.963806,
          "107": 0.956992,
          "108": 0.930028,
          "109": 0.988366,
          "110": 0.989784,
          "111": 0.986697,
          "112": 0.97854,
          "113": 0.971367,
          "114": 0.976153,
          "115": 0.974103,
          "116": 0.973187,
          "117": 0.990343,
          "118": 0.977269,
          "119": 0.98689,
          "120": 0.982763,
          "121": 0.98755,
          "122": 0.98136,
          "123": 0.973597,
          "124": 0.976556,
          "125": 0.976493,
          "126": 0.983526,
          "127": 0.975008,
          "128": 0.984952,
          "129": 0.98611,
          "130": 0.982562,
          "131": 0.980777,
          "132": 0.985835,
          "133": 0.989258,
          "134": 0.987401,
          "135": 0.988725,
          "136": 0.989172,
          "137": 0.990675,
          "138": 0.987395,
          "139": 0.979732,
          "140": 0.951342,
          "141": 0.933224,
          "142": 0.947909,
          "143": 0.953222,
          "144": 0.949637,
          "145": 0.943158,
          "146": 0.946507,
          "147": 0.964058,
          "148": 0.985023,
          "149": 0.988207,
          "150": 0.79725,
          "151": 0.762954,
          "152": 0.736284,
          "153": 0.834072,
          "154": 0.840054,
          "155": 0.783196,
          "156": 0.719384,
          "157": 0.772502,
          "158": 0.914315,
          "159": 0.913202,
          "160": 0.798737,
          "161": 0.792088,
          "162": 0.812,
          "163": 0.902961,
          "164": 0.898154,
          "165": 0.886991,
          "166": 0.737723,
          "167": 0.798593,
          "168": 0.76665,
          "169": 0.809919,
          "170": 0.846018,
          "171": 0.705445,
          "172": 0.707798,
          "173": 0.745949,
          "174": 0.731674,
          "175": 0.767441,
          "176": 0.857717,
          "177": 0.867321,
          "178": 0.762665,
          "179": 0.764104,
          "180": 0.88025,
          "181": 0.773077,
          "182": 0.949816,
          "183": 0.937235,
          "184": 0.983892,
          "185": 0.989179,
          "186": 0.984993,
          "187": 0.973055,
          "188": 0.987404,
          "189": 0.982123,
          "190": 0.980176,
          "191": 0.98565,
          "192": 0.975805,
          "193": 0.98933,
          "194": 0.98625,
          "195": 0.986513,
          "196": 0.97946,
          "197": 0.991627,
          "198": 0.990225,
          "199": 0.842613
        },
        "per_class_orig_to_mean_cos": {
          "100": 1.0,
          "101": 1.0,
          "102": 1.0,
          "103": 1.0,
          "104": 1.0,
          "105": 1.0,
          "106": 1.0,
          "107": 1.0,
          "108": 1.0,
          "109": 1.0,
          "110": 1.0,
          "111": 1.0,
          "112": 1.0,
          "113": 1.0,
          "114": 1.0,
          "115": 1.0,
          "116": 1.0,
          "117": 1.0,
          "118": 1.0,
          "119": 1.0,
          "120": 1.0,
          "121": 1.0,
          "122": 1.0,
          "123": 1.0,
          "124": 1.0,
          "125": 1.0,
          "126": 1.0,
          "127": 1.0,
          "128": 1.0,
          "129": 1.0,
          "130": 1.0,
          "131": 1.0,
          "132": 1.0,
          "133": 1.0,
          "134": 1.0,
          "135": 1.0,
          "136": 1.0,
          "137": 1.0,
          "138": 1.0,
          "139": 1.0,
          "140": 1.0,
          "141": 1.0,
          "142": 1.0,
          "143": 1.0,
          "144": 1.0,
          "145": 1.0,
          "146": 1.0,
          "147": 1.0,
          "148": 1.0,
          "149": 1.0,
          "150": 1.0,
          "151": 1.0,
          "152": 1.0,
          "153": 1.0,
          "154": 1.0,
          "155": 1.0,
          "156": 1.0,
          "157": 1.0,
          "158": 1.0,
          "159": 1.0,
          "160": 1.0,
          "161": 1.0,
          "162": 1.0,
          "163": 1.0,
          "164": 1.0,
          "165": 1.0,
          "166": 1.0,
          "167": 1.0,
          "168": 1.0,
          "169": 1.0,
          "170": 1.0,
          "171": 1.0,
          "172": 1.0,
          "173": 1.0,
          "174": 1.0,
          "175": 1.0,
          "176": 1.0,
          "177": 1.0,
          "178": 1.0,
          "179": 1.0,
          "180": 1.0,
          "181": 1.0,
          "182": 1.0,
          "183": 1.0,
          "184": 1.0,
          "185": 1.0,
          "186": 1.0,
          "187": 1.0,
          "188": 1.0,
          "189": 1.0,
          "190": 1.0,
          "191": 1.0,
          "192": 1.0,
          "193": 1.0,
          "194": 1.0,
          "195": 1.0,
          "196": 1.0,
          "197": 1.0,
          "198": 1.0,
          "199": 1.0
        },
        "per_class_total_refine_delta_norm": {
          "100": 0.132735,
          "101": 0.139932,
          "102": 0.134427,
          "103": 0.131471,
          "104": 0.130048,
          "105": 0.132864,
          "106": 0.141579,
          "107": 0.124208,
          "108": 0.130525,
          "109": 0.116695,
          "110": 0.133908,
          "111": 0.141656,
          "112": 0.138524,
          "113": 0.118492,
          "114": 0.137367,
          "115": 0.132992,
          "116": 0.138936,
          "117": 0.138741,
          "118": 0.136286,
          "119": 0.133704,
          "120": 0.136335,
          "121": 0.132272,
          "122": 0.139177,
          "123": 0.132339,
          "124": 0.137667,
          "125": 0.13376,
          "126": 0.137766,
          "127": 0.133335,
          "128": 0.135395,
          "129": 0.133053,
          "130": 0.136839,
          "131": 0.136586,
          "132": 0.137493,
          "133": 0.136746,
          "134": 0.133679,
          "135": 0.134416,
          "136": 0.115301,
          "137": 0.134133,
          "138": 0.125372,
          "139": 0.123372,
          "140": 0.141309,
          "141": 0.1278,
          "142": 0.141689,
          "143": 0.139767,
          "144": 0.140804,
          "145": 0.141415,
          "146": 0.15106,
          "147": 0.115829,
          "148": 0.129877,
          "149": 0.129385,
          "150": 0.122583,
          "151": 0.120225,
          "152": 0.127718,
          "153": 0.131936,
          "154": 0.127106,
          "155": 0.130249,
          "156": 0.121388,
          "157": 0.132792,
          "158": 0.122757,
          "159": 0.133258,
          "160": 0.127302,
          "161": 0.121722,
          "162": 0.133852,
          "163": 0.123348,
          "164": 0.125523,
          "165": 0.124799,
          "166": 0.134205,
          "167": 0.126404,
          "168": 0.131379,
          "169": 0.137756,
          "170": 0.131939,
          "171": 0.128007,
          "172": 0.130224,
          "173": 0.133396,
          "174": 0.123801,
          "175": 0.132821,
          "176": 0.134762,
          "177": 0.123394,
          "178": 0.12891,
          "179": 0.134019,
          "180": 0.131998,
          "181": 0.131193,
          "182": 0.141398,
          "183": 0.140397,
          "184": 0.14393,
          "185": 0.143112,
          "186": 0.137684,
          "187": 0.131188,
          "188": 0.128947,
          "189": 0.132681,
          "190": 0.119465,
          "191": 0.136763,
          "192": 0.140804,
          "193": 0.122925,
          "194": 0.138034,
          "195": 0.138965,
          "196": 0.137062,
          "197": 0.127731,
          "198": 0.138649,
          "199": 0.130703
        },
        "per_class_unique_component_norm": {
          "100": 0.027289,
          "101": 0.031268,
          "102": 0.073133,
          "103": 0.099036,
          "104": 0.105228,
          "105": 0.053153,
          "106": 0.096083,
          "107": 0.049369,
          "108": 0.183836,
          "109": 0.024673,
          "110": 0.061425,
          "111": 0.026201,
          "112": 0.066708,
          "113": 0.030325,
          "114": 0.017554,
          "115": 0.073253,
          "116": 0.044077,
          "117": 0.143912,
          "118": 0.072859,
          "119": 0.031566,
          "120": 0.03514,
          "121": 0.049633,
          "122": 0.070231,
          "123": 0.080369,
          "124": 0.030461,
          "125": 0.028848,
          "126": 0.031395,
          "127": 0.080296,
          "128": 0.016763,
          "129": 0.064648,
          "130": 0.015111,
          "131": 0.034011,
          "132": 0.049242,
          "133": 0.035018,
          "134": 0.013195,
          "135": 0.069242,
          "136": 0.192992,
          "137": 0.070191,
          "138": 0.03199,
          "139": 0.008196,
          "140": 0.062815,
          "141": 0.079027,
          "142": 0.050013,
          "143": 0.056518,
          "144": 0.142049,
          "145": 0.015458,
          "146": 0.091826,
          "147": 0.050861,
          "148": 0.061732,
          "149": 0.045677,
          "150": 0.051341,
          "151": 0.103447,
          "152": 0.021552,
          "153": 0.068635,
          "154": 0.022632,
          "155": 0.071492,
          "156": 0.069466,
          "157": 0.106394,
          "158": 0.034541,
          "159": 0.27203,
          "160": 0.042068,
          "161": 0.069561,
          "162": 0.030054,
          "163": 0.022119,
          "164": 0.065832,
          "165": 0.130189,
          "166": 0.163067,
          "167": 0.067685,
          "168": 0.165695,
          "169": 0.17074,
          "170": 0.023716,
          "171": 0.037149,
          "172": 0.002677,
          "173": 0.064781,
          "174": 0.049373,
          "175": 0.032665,
          "176": 0.05519,
          "177": 0.132055,
          "178": 0.03719,
          "179": 0.03725,
          "180": 0.034942,
          "181": 0.173084,
          "182": 0.023349,
          "183": 0.036521,
          "184": 0.019675,
          "185": 0.015333,
          "186": 0.042788,
          "187": 0.03057,
          "188": 0.085491,
          "189": 0.104852,
          "190": 0.020275,
          "191": 0.042702,
          "192": 0.029221,
          "193": 0.096693,
          "194": 0.037686,
          "195": 0.026159,
          "196": 0.06061,
          "197": 0.055938,
          "198": 0.015368,
          "199": 0.049339
        },
        "shared_energy_ratio": 0.092863,
        "shared_rank_used": 1
      },
      "host": "NDAG-M-Lab",
      "mean_rebuild": {
        "full": {
          "base_acc": 87.884,
          "correct_count": 4942,
          "full_acc": 85.295,
          "novel_acc": 82.765
        },
        "visual": {
          "base_acc": 86.138,
          "correct_count": 4873,
          "full_acc": 84.104,
          "novel_acc": 82.116
        }
      },
      "num_base_classes": 100,
      "num_seen_classes": 200,
      "params": {
        "beta_residual": 0.15,
        "eps": 1e-12,
        "lambda_unique": 0.35,
        "novel_only": true,
        "shared_rank": 1,
        "subspace_rank": 3,
        "weighted_unique": true
      },
      "refined": {
        "full": {
          "base_acc": 88.059,
          "correct_count": 4757,
          "full_acc": 82.102,
          "novel_acc": 76.28
        },
        "visual": {
          "base_acc": 86.208,
          "correct_count": 4641,
          "full_acc": 80.1,
          "novel_acc": 74.13
        }
      },
      "runtime_sec": 86.127,
      "seed": 1,
      "started_at": "2026-05-19T01:42:18+06:00",
      "train_cfg": "configs/trainers/bimc_dino_fusion.yaml"
    }
  ],
  "runtime_sec": 724.373,
  "seed": 1,
  "started_at": "2026-05-19T01:31:40+06:00",
  "suite_root": "/media/ndag/newVolume/BiMC-test/experiments/tric_b_family_tric_seed1_20260519-013139/support_subspace_prototype_suite_20260519-013140"
}
