/media/bio/data/BiMC-test/models/clip/clip.py:23: UserWarning: PyTorch version 1.7.1 or higher is recommended
  warnings.warn("PyTorch version 1.7.1 or higher is recommended")
manual seed: 2
use gpu: ['0']
Files already downloaded and verified
Files already downloaded and verified
Loading CLIP (backbone: ViT-B/16)
Prompt template:['a photo of a {}.']
Loading DinoV2 ViT-B/14 from local hub: /home/bio/.cache/torch/hub/facebookresearch_dinov2_main
/home/bio/.cache/torch/hub/facebookresearch_dinov2_main/dinov2/layers/swiglu_ffn.py:51: UserWarning: xFormers is not available (SwiGLU)
  warnings.warn("xFormers is not available (SwiGLU)")
/home/bio/.cache/torch/hub/facebookresearch_dinov2_main/dinov2/layers/attention.py:34: UserWarning: xFormers is not available (Attention)
  warnings.warn("xFormers is not available (Attention)")
/home/bio/.cache/torch/hub/facebookresearch_dinov2_main/dinov2/layers/block.py:41: UserWarning: xFormers is not available (Block)
  warnings.warn("xFormers is not available (Block)")
Loading DinoV2 weights: /home/bio/.cache/torch/hub/checkpoints/dinov2_vitb14_pretrain.pth
class names: ['apple' 'aquarium fish' 'baby' 'bear' 'beaver' 'bed' 'bee' 'beetle'
 'bicycle' 'bottle' 'bowl' 'boy' 'bridge' 'bus' 'butterfly' 'camel' 'can'
 'castle' 'caterpillar' 'cattle' 'chair' 'chimpanzee' 'clock' 'cloud'
 'cockroach' 'couch' 'crab' 'crocodile' 'cup' 'dinosaur' 'dolphin'
 'elephant' 'flatfish' 'forest' 'fox' 'girl' 'hamster' 'house' 'kangaroo'
 'keyboard' 'lamp' 'lawn mower' 'leopard' 'lion' 'lizard' 'lobster' 'man'
 'maple tree' 'motorcycle' 'mountain' 'mouse' 'mushroom' 'oak tree'
 'orange' 'orchid' 'otter' 'palm tree' 'pear' 'pickup truck' 'pine tree']
all targets:tensor([ 0,  1,  2,  3,  4,  5,  6,  7,  8,  9, 10, 11, 12, 13, 14, 15, 16, 17,
        18, 19, 20, 21, 22, 23, 24, 25, 26, 27, 28, 29, 30, 31, 32, 33, 34, 35,
        36, 37, 38, 39, 40, 41, 42, 43, 44, 45, 46, 47, 48, 49, 50, 51, 52, 53,
        54, 55, 56, 57, 58, 59], device='cuda:0')
dino all targets:tensor([ 0,  1,  2,  3,  4,  5,  6,  7,  8,  9, 10, 11, 12, 13, 14, 15, 16, 17,
        18, 19, 20, 21, 22, 23, 24, 25, 26, 27, 28, 29, 30, 31, 32, 33, 34, 35,
        36, 37, 38, 39, 40, 41, 42, 43, 44, 45, 46, 47, 48, 49, 50, 51, 52, 53,
        54, 55, 56, 57, 58, 59], device='cuda:0')
finish loading CLIP/DinoV2 covariance
class names: ['plain' 'plate' 'poppy' 'porcupine' 'possum']
all targets:tensor([60, 61, 62, 63, 64], device='cuda:0')
dino all targets:tensor([60, 61, 62, 63, 64], device='cuda:0')
finish loading CLIP/DinoV2 covariance
class names: ['rabbit' 'raccoon' 'ray' 'road' 'rocket']
all targets:tensor([65, 66, 67, 68, 69], device='cuda:0')
dino all targets:tensor([65, 66, 67, 68, 69], device='cuda:0')
finish loading CLIP/DinoV2 covariance
class names: ['rose' 'sea' 'seal' 'shark' 'shrew']
all targets:tensor([70, 71, 72, 73, 74], device='cuda:0')
dino all targets:tensor([70, 71, 72, 73, 74], device='cuda:0')
finish loading CLIP/DinoV2 covariance
class names: ['skunk' 'skyscraper' 'snail' 'snake' 'spider']
all targets:tensor([75, 76, 77, 78, 79], device='cuda:0')
dino all targets:tensor([75, 76, 77, 78, 79], device='cuda:0')
finish loading CLIP/DinoV2 covariance
class names: ['squirrel' 'streetcar' 'sunflower' 'sweet pepper' 'table']
all targets:tensor([80, 81, 82, 83, 84], device='cuda:0')
dino all targets:tensor([80, 81, 82, 83, 84], device='cuda:0')
finish loading CLIP/DinoV2 covariance
class names: ['tank' 'telephone' 'television' 'tiger' 'tractor']
all targets:tensor([85, 86, 87, 88, 89], device='cuda:0')
dino all targets:tensor([85, 86, 87, 88, 89], device='cuda:0')
finish loading CLIP/DinoV2 covariance
class names: ['train' 'trout' 'tulip' 'turtle' 'wardrobe']
all targets:tensor([90, 91, 92, 93, 94], device='cuda:0')
dino all targets:tensor([90, 91, 92, 93, 94], device='cuda:0')
finish loading CLIP/DinoV2 covariance
class names: ['whale' 'willow tree' 'wolf' 'woman' 'worm']
all targets:tensor([95, 96, 97, 98, 99], device='cuda:0')
dino all targets:tensor([95, 96, 97, 98, 99], device='cuda:0')
finish loading CLIP/DinoV2 covariance
session 0: baseline=89.750 final=89.750 gain=0.000
session 1: baseline=87.800 final=88.477 gain=0.677
session 2: baseline=87.000 final=88.171 gain=1.171
session 3: baseline=84.653 final=86.613 gain=1.960
session 4: baseline=84.675 final=86.588 gain=1.913
session 5: baseline=84.235 final=86.412 gain=2.176
session 6: baseline=84.378 final=86.567 gain=2.189
session 7: baseline=84.147 final=86.537 gain=2.389
session 8: baseline=82.960 final=85.460 gain=2.500
{
  "dataset": "CIFAR100",
  "seed": 2,
  "train_cfg": "configs/trainers/bimc_dino_fusion.yaml",
  "method": "sessionwise conservative query prototype refinement on bimc_dino_fusion",
  "runtime_sec": 470.703,
  "alpha_grid": [
    0.5,
    0.75,
    1.0
  ],
  "mass_thr": 0.3,
  "min_count": 5,
  "topk_per_class": null,
  "baseline_acc_list": [
    89.75,
    87.8,
    87.0,
    84.653,
    84.675,
    84.235,
    84.378,
    84.147,
    82.96
  ],
  "final_acc_list": [
    89.75,
    88.477,
    88.171,
    86.613,
    86.588,
    86.412,
    86.567,
    86.537,
    85.46
  ],
  "gain_list": [
    0.0,
    0.677,
    1.171,
    1.96,
    1.913,
    2.176,
    2.189,
    2.389,
    2.5
  ],
  "baseline_avg": 85.511,
  "baseline_pd": 6.79,
  "final_avg": 87.175,
  "final_pd": 4.29,
  "gain_avg": 1.664,
  "session_results": [
    {
      "session": 0,
      "num_seen_classes": 60,
      "baseline_full_acc": 89.75,
      "baseline_base_acc": 89.75,
      "baseline_novel_acc": 0.0,
      "best_alpha": null,
      "final_full_acc": 89.75,
      "final_base_acc": 89.75,
      "final_novel_acc": 0.0,
      "final_gain": 0.0,
      "updated_class_count": 0,
      "gated_query_count": 0,
      "alpha_sweep": []
    },
    {
      "session": 1,
      "num_seen_classes": 65,
      "baseline_full_acc": 87.8,
      "baseline_base_acc": 89.5,
      "baseline_novel_acc": 67.4,
      "best_alpha": 0.75,
      "final_full_acc": 88.477,
      "final_base_acc": 89.383,
      "final_novel_acc": 77.6,
      "final_gain": 0.677,
      "updated_class_count": 5,
      "gated_query_count": 346,
      "gated_base_count": 9,
      "gated_novel_count": 337,
      "alpha_sweep": [
        {
          "alpha": 0.5,
          "full_acc": 88.462,
          "base_acc": 89.367,
          "novel_acc": 77.6,
          "gain": 0.662,
          "updated_class_count": 5,
          "gated_query_count": 346,
          "gated_base_count": 9,
          "gated_novel_count": 337
        },
        {
          "alpha": 0.75,
          "full_acc": 88.477,
          "base_acc": 89.383,
          "novel_acc": 77.6,
          "gain": 0.677,
          "updated_class_count": 5,
          "gated_query_count": 346,
          "gated_base_count": 9,
          "gated_novel_count": 337
        },
        {
          "alpha": 1.0,
          "full_acc": 88.446,
          "base_acc": 89.433,
          "novel_acc": 76.6,
          "gain": 0.646,
          "updated_class_count": 5,
          "gated_query_count": 346,
          "gated_base_count": 9,
          "gated_novel_count": 337
        }
      ]
    },
    {
      "session": 2,
      "num_seen_classes": 70,
      "baseline_full_acc": 87.0,
      "baseline_base_acc": 89.383,
      "baseline_novel_acc": 72.7,
      "best_alpha": 0.75,
      "final_full_acc": 88.171,
      "final_base_acc": 89.217,
      "final_novel_acc": 81.9,
      "final_gain": 1.171,
      "updated_class_count": 10,
      "gated_query_count": 751,
      "gated_base_count": 17,
      "gated_novel_count": 734,
      "alpha_sweep": [
        {
          "alpha": 0.5,
          "full_acc": 88.114,
          "base_acc": 89.217,
          "novel_acc": 81.5,
          "gain": 1.114,
          "updated_class_count": 10,
          "gated_query_count": 751,
          "gated_base_count": 17,
          "gated_novel_count": 734
        },
        {
          "alpha": 0.75,
          "full_acc": 88.171,
          "base_acc": 89.217,
          "novel_acc": 81.9,
          "gain": 1.171,
          "updated_class_count": 10,
          "gated_query_count": 751,
          "gated_base_count": 17,
          "gated_novel_count": 734
        },
        {
          "alpha": 1.0,
          "full_acc": 88.086,
          "base_acc": 89.233,
          "novel_acc": 81.2,
          "gain": 1.086,
          "updated_class_count": 10,
          "gated_query_count": 751,
          "gated_base_count": 17,
          "gated_novel_count": 734
        }
      ]
    },
    {
      "session": 3,
      "num_seen_classes": 75,
      "baseline_full_acc": 84.653,
      "baseline_base_acc": 89.267,
      "baseline_novel_acc": 66.2,
      "best_alpha": 0.75,
      "final_full_acc": 86.613,
      "final_base_acc": 88.85,
      "final_novel_acc": 77.667,
      "final_gain": 1.96,
      "updated_class_count": 15,
      "gated_query_count": 1066,
      "gated_base_count": 37,
      "gated_novel_count": 1029,
      "alpha_sweep": [
        {
          "alpha": 0.5,
          "full_acc": 86.493,
          "base_acc": 88.867,
          "novel_acc": 77.0,
          "gain": 1.84,
          "updated_class_count": 15,
          "gated_query_count": 1066,
          "gated_base_count": 37,
          "gated_novel_count": 1029
        },
        {
          "alpha": 0.75,
          "full_acc": 86.613,
          "base_acc": 88.85,
          "novel_acc": 77.667,
          "gain": 1.96,
          "updated_class_count": 15,
          "gated_query_count": 1066,
          "gated_base_count": 37,
          "gated_novel_count": 1029
        },
        {
          "alpha": 1.0,
          "full_acc": 86.427,
          "base_acc": 88.833,
          "novel_acc": 76.8,
          "gain": 1.773,
          "updated_class_count": 15,
          "gated_query_count": 1066,
          "gated_base_count": 37,
          "gated_novel_count": 1029
        }
      ]
    },
    {
      "session": 4,
      "num_seen_classes": 80,
      "baseline_full_acc": 84.675,
      "baseline_base_acc": 89.183,
      "baseline_novel_acc": 71.15,
      "best_alpha": 0.75,
      "final_full_acc": 86.588,
      "final_base_acc": 88.667,
      "final_novel_acc": 80.35,
      "final_gain": 1.913,
      "updated_class_count": 20,
      "gated_query_count": 1514,
      "gated_base_count": 42,
      "gated_novel_count": 1472,
      "alpha_sweep": [
        {
          "alpha": 0.5,
          "full_acc": 86.538,
          "base_acc": 88.717,
          "novel_acc": 80.0,
          "gain": 1.863,
          "updated_class_count": 20,
          "gated_query_count": 1514,
          "gated_base_count": 42,
          "gated_novel_count": 1472
        },
        {
          "alpha": 0.75,
          "full_acc": 86.588,
          "base_acc": 88.667,
          "novel_acc": 80.35,
          "gain": 1.913,
          "updated_class_count": 20,
          "gated_query_count": 1514,
          "gated_base_count": 42,
          "gated_novel_count": 1472
        },
        {
          "alpha": 1.0,
          "full_acc": 86.438,
          "base_acc": 88.7,
          "novel_acc": 79.65,
          "gain": 1.763,
          "updated_class_count": 20,
          "gated_query_count": 1514,
          "gated_base_count": 42,
          "gated_novel_count": 1472
        }
      ]
    },
    {
      "session": 5,
      "num_seen_classes": 85,
      "baseline_full_acc": 84.235,
      "baseline_base_acc": 89.1,
      "baseline_novel_acc": 72.56,
      "best_alpha": 0.75,
      "final_full_acc": 86.412,
      "final_base_acc": 88.517,
      "final_novel_acc": 81.36,
      "final_gain": 2.176,
      "updated_class_count": 25,
      "gated_query_count": 1921,
      "gated_base_count": 47,
      "gated_novel_count": 1874,
      "alpha_sweep": [
        {
          "alpha": 0.5,
          "full_acc": 86.365,
          "base_acc": 88.6,
          "novel_acc": 81.0,
          "gain": 2.129,
          "updated_class_count": 25,
          "gated_query_count": 1921,
          "gated_base_count": 47,
          "gated_novel_count": 1874
        },
        {
          "alpha": 0.75,
          "full_acc": 86.412,
          "base_acc": 88.517,
          "novel_acc": 81.36,
          "gain": 2.176,
          "updated_class_count": 25,
          "gated_query_count": 1921,
          "gated_base_count": 47,
          "gated_novel_count": 1874
        },
        {
          "alpha": 1.0,
          "full_acc": 86.271,
          "base_acc": 88.533,
          "novel_acc": 80.84,
          "gain": 2.035,
          "updated_class_count": 25,
          "gated_query_count": 1921,
          "gated_base_count": 47,
          "gated_novel_count": 1874
        }
      ]
    },
    {
      "session": 6,
      "num_seen_classes": 90,
      "baseline_full_acc": 84.378,
      "baseline_base_acc": 88.883,
      "baseline_novel_acc": 75.367,
      "best_alpha": 0.75,
      "final_full_acc": 86.567,
      "final_base_acc": 88.267,
      "final_novel_acc": 83.167,
      "final_gain": 2.189,
      "updated_class_count": 30,
      "gated_query_count": 2394,
      "gated_base_count": 66,
      "gated_novel_count": 2328,
      "alpha_sweep": [
        {
          "alpha": 0.5,
          "full_acc": 86.478,
          "base_acc": 88.333,
          "novel_acc": 82.767,
          "gain": 2.1,
          "updated_class_count": 30,
          "gated_query_count": 2394,
          "gated_base_count": 66,
          "gated_novel_count": 2328
        },
        {
          "alpha": 0.75,
          "full_acc": 86.567,
          "base_acc": 88.267,
          "novel_acc": 83.167,
          "gain": 2.189,
          "updated_class_count": 30,
          "gated_query_count": 2394,
          "gated_base_count": 66,
          "gated_novel_count": 2328
        },
        {
          "alpha": 1.0,
          "full_acc": 86.422,
          "base_acc": 88.283,
          "novel_acc": 82.7,
          "gain": 2.044,
          "updated_class_count": 30,
          "gated_query_count": 2394,
          "gated_base_count": 66,
          "gated_novel_count": 2328
        }
      ]
    },
    {
      "session": 7,
      "num_seen_classes": 95,
      "baseline_full_acc": 84.147,
      "baseline_base_acc": 88.767,
      "baseline_novel_acc": 76.229,
      "best_alpha": 0.75,
      "final_full_acc": 86.537,
      "final_base_acc": 88.2,
      "final_novel_acc": 83.686,
      "final_gain": 2.389,
      "updated_class_count": 35,
      "gated_query_count": 2854,
      "gated_base_count": 75,
      "gated_novel_count": 2779,
      "alpha_sweep": [
        {
          "alpha": 0.5,
          "full_acc": 86.274,
          "base_acc": 88.217,
          "novel_acc": 82.943,
          "gain": 2.126,
          "updated_class_count": 35,
          "gated_query_count": 2854,
          "gated_base_count": 75,
          "gated_novel_count": 2779
        },
        {
          "alpha": 0.75,
          "full_acc": 86.537,
          "base_acc": 88.2,
          "novel_acc": 83.686,
          "gain": 2.389,
          "updated_class_count": 35,
          "gated_query_count": 2854,
          "gated_base_count": 75,
          "gated_novel_count": 2779
        },
        {
          "alpha": 1.0,
          "full_acc": 86.232,
          "base_acc": 88.2,
          "novel_acc": 82.857,
          "gain": 2.084,
          "updated_class_count": 35,
          "gated_query_count": 2854,
          "gated_base_count": 75,
          "gated_novel_count": 2779
        }
      ]
    },
    {
      "session": 8,
      "num_seen_classes": 100,
      "baseline_full_acc": 82.96,
      "baseline_base_acc": 88.467,
      "baseline_novel_acc": 74.7,
      "best_alpha": 0.75,
      "final_full_acc": 85.46,
      "final_base_acc": 87.85,
      "final_novel_acc": 81.875,
      "final_gain": 2.5,
      "updated_class_count": 40,
      "gated_query_count": 3199,
      "gated_base_count": 83,
      "gated_novel_count": 3116,
      "alpha_sweep": [
        {
          "alpha": 0.5,
          "full_acc": 85.31,
          "base_acc": 87.933,
          "novel_acc": 81.375,
          "gain": 2.35,
          "updated_class_count": 40,
          "gated_query_count": 3199,
          "gated_base_count": 83,
          "gated_novel_count": 3116
        },
        {
          "alpha": 0.75,
          "full_acc": 85.46,
          "base_acc": 87.85,
          "novel_acc": 81.875,
          "gain": 2.5,
          "updated_class_count": 40,
          "gated_query_count": 3199,
          "gated_base_count": 83,
          "gated_novel_count": 3116
        },
        {
          "alpha": 1.0,
          "full_acc": 85.12,
          "base_acc": 87.9,
          "novel_acc": 80.95,
          "gain": 2.16,
          "updated_class_count": 40,
          "gated_query_count": 3199,
          "gated_base_count": 83,
          "gated_novel_count": 3116
        }
      ]
    }
  ]
}
