=== 2026-04-14_06:09:49 dataset=cifar100_adaptive seed=1 ===
manual seed: 1
use gpu: ['0']
Files already downloaded and verified
Files already downloaded and verified
Loading CLIP (backbone: ViT-B/16)
Prompt template:['a photo of a {}.']
class names: ['apple' 'aquarium fish' 'baby' 'bear' 'beaver' 'bed' 'bee' 'beetle'
 'bicycle' 'bottle' 'bowl' 'boy' 'bridge' 'bus' 'butterfly' 'camel' 'can'
 'castle' 'caterpillar' 'cattle' 'chair' 'chimpanzee' 'clock' 'cloud'
 'cockroach' 'couch' 'crab' 'crocodile' 'cup' 'dinosaur' 'dolphin'
 'elephant' 'flatfish' 'forest' 'fox' 'girl' 'hamster' 'house' 'kangaroo'
 'keyboard' 'lamp' 'lawn mower' 'leopard' 'lion' 'lizard' 'lobster' 'man'
 'maple tree' 'motorcycle' 'mountain' 'mouse' 'mushroom' 'oak tree'
 'orange' 'orchid' 'otter' 'palm tree' 'pear' 'pickup truck' 'pine tree']
all targets:tensor([ 0,  1,  2,  3,  4,  5,  6,  7,  8,  9, 10, 11, 12, 13, 14, 15, 16, 17,
        18, 19, 20, 21, 22, 23, 24, 25, 26, 27, 28, 29, 30, 31, 32, 33, 34, 35,
        36, 37, 38, 39, 40, 41, 42, 43, 44, 45, 46, 47, 48, 49, 50, 51, 52, 53,
        54, 55, 56, 57, 58, 59], device='cuda:0')
finish loading covariance
class names: ['plain' 'plate' 'poppy' 'porcupine' 'possum']
all targets:tensor([60, 61, 62, 63, 64], device='cuda:0')
calibrate vision proto on class [[60 61 62 63 64]]
finish loading covariance
class names: ['rabbit' 'raccoon' 'ray' 'road' 'rocket']
all targets:tensor([65, 66, 67, 68, 69], device='cuda:0')
calibrate vision proto on class [[65 66 67 68 69]]
finish loading covariance
class names: ['rose' 'sea' 'seal' 'shark' 'shrew']
all targets:tensor([70, 71, 72, 73, 74], device='cuda:0')
calibrate vision proto on class [[70 71 72 73 74]]
finish loading covariance
class names: ['skunk' 'skyscraper' 'snail' 'snake' 'spider']
all targets:tensor([75, 76, 77, 78, 79], device='cuda:0')
calibrate vision proto on class [[75 76 77 78 79]]
finish loading covariance
class names: ['squirrel' 'streetcar' 'sunflower' 'sweet pepper' 'table']
all targets:tensor([80, 81, 82, 83, 84], device='cuda:0')
calibrate vision proto on class [[80 81 82 83 84]]
finish loading covariance
class names: ['tank' 'telephone' 'television' 'tiger' 'tractor']
all targets:tensor([85, 86, 87, 88, 89], device='cuda:0')
calibrate vision proto on class [[85 86 87 88 89]]
finish loading covariance
class names: ['train' 'trout' 'tulip' 'turtle' 'wardrobe']
all targets:tensor([90, 91, 92, 93, 94], device='cuda:0')
calibrate vision proto on class [[90 91 92 93 94]]
finish loading covariance
class names: ['whale' 'willow tree' 'wolf' 'woman' 'worm']
all targets:tensor([95, 96, 97, 98, 99], device='cuda:0')
calibrate vision proto on class [[95 96 97 98 99]]
finish loading covariance
{
  "dataset": "CIFAR100",
  "runtime_sec": 46.222,
  "results": {
    "prompt_only": {
      "oracle_gain": 0.15,
      "changed_class_rate": 0.075
    },
    "desc_mean_only": {
      "oracle_gain": 0.22,
      "changed_class_rate": 0.2
    },
    "desc_atom_direct": {
      "oracle_gain": 1.03,
      "changed_class_rate": 0.675
    },
    "prompt_desc_atom": {
      "oracle_gain": 0.67,
      "changed_class_rate": 0.55
    },
    "base_anchor_family": {
      "oracle_gain": 0.5,
      "changed_class_rate": 0.4
    },
    "prompt_desc_composer": {
      "oracle_gain": 1.03,
      "changed_class_rate": 0.7
    },
    "full": {
      "oracle_gain": 1.05,
      "changed_class_rate": 0.7
    }
  }
}
Saved semantic oracle family ablation to: /media/bio/data/BiMC-test/experiments/CIFAR100/semantic_oracle_family_ablation_bimc_ensemble/seed1_20260414-060949
=== 2026-04-14_06:10:36 dataset=cifar100_adaptive seed=2 ===
manual seed: 2
use gpu: ['0']
Files already downloaded and verified
Files already downloaded and verified
Loading CLIP (backbone: ViT-B/16)
Prompt template:['a photo of a {}.']
class names: ['apple' 'aquarium fish' 'baby' 'bear' 'beaver' 'bed' 'bee' 'beetle'
 'bicycle' 'bottle' 'bowl' 'boy' 'bridge' 'bus' 'butterfly' 'camel' 'can'
 'castle' 'caterpillar' 'cattle' 'chair' 'chimpanzee' 'clock' 'cloud'
 'cockroach' 'couch' 'crab' 'crocodile' 'cup' 'dinosaur' 'dolphin'
 'elephant' 'flatfish' 'forest' 'fox' 'girl' 'hamster' 'house' 'kangaroo'
 'keyboard' 'lamp' 'lawn mower' 'leopard' 'lion' 'lizard' 'lobster' 'man'
 'maple tree' 'motorcycle' 'mountain' 'mouse' 'mushroom' 'oak tree'
 'orange' 'orchid' 'otter' 'palm tree' 'pear' 'pickup truck' 'pine tree']
all targets:tensor([ 0,  1,  2,  3,  4,  5,  6,  7,  8,  9, 10, 11, 12, 13, 14, 15, 16, 17,
        18, 19, 20, 21, 22, 23, 24, 25, 26, 27, 28, 29, 30, 31, 32, 33, 34, 35,
        36, 37, 38, 39, 40, 41, 42, 43, 44, 45, 46, 47, 48, 49, 50, 51, 52, 53,
        54, 55, 56, 57, 58, 59], device='cuda:0')
finish loading covariance
class names: ['plain' 'plate' 'poppy' 'porcupine' 'possum']
all targets:tensor([60, 61, 62, 63, 64], device='cuda:0')
calibrate vision proto on class [[60 61 62 63 64]]
finish loading covariance
class names: ['rabbit' 'raccoon' 'ray' 'road' 'rocket']
all targets:tensor([65, 66, 67, 68, 69], device='cuda:0')
calibrate vision proto on class [[65 66 67 68 69]]
finish loading covariance
class names: ['rose' 'sea' 'seal' 'shark' 'shrew']
all targets:tensor([70, 71, 72, 73, 74], device='cuda:0')
calibrate vision proto on class [[70 71 72 73 74]]
finish loading covariance
class names: ['skunk' 'skyscraper' 'snail' 'snake' 'spider']
all targets:tensor([75, 76, 77, 78, 79], device='cuda:0')
calibrate vision proto on class [[75 76 77 78 79]]
finish loading covariance
class names: ['squirrel' 'streetcar' 'sunflower' 'sweet pepper' 'table']
all targets:tensor([80, 81, 82, 83, 84], device='cuda:0')
calibrate vision proto on class [[80 81 82 83 84]]
finish loading covariance
class names: ['tank' 'telephone' 'television' 'tiger' 'tractor']
all targets:tensor([85, 86, 87, 88, 89], device='cuda:0')
calibrate vision proto on class [[85 86 87 88 89]]
finish loading covariance
class names: ['train' 'trout' 'tulip' 'turtle' 'wardrobe']
all targets:tensor([90, 91, 92, 93, 94], device='cuda:0')
calibrate vision proto on class [[90 91 92 93 94]]
finish loading covariance
class names: ['whale' 'willow tree' 'wolf' 'woman' 'worm']
all targets:tensor([95, 96, 97, 98, 99], device='cuda:0')
calibrate vision proto on class [[95 96 97 98 99]]
finish loading covariance
{
  "dataset": "CIFAR100",
  "runtime_sec": 46.591,
  "results": {
    "prompt_only": {
      "oracle_gain": 0.14,
      "changed_class_rate": 0.075
    },
    "desc_mean_only": {
      "oracle_gain": 0.24,
      "changed_class_rate": 0.25
    },
    "desc_atom_direct": {
      "oracle_gain": 0.71,
      "changed_class_rate": 0.525
    },
    "prompt_desc_atom": {
      "oracle_gain": 0.48,
      "changed_class_rate": 0.35
    },
    "base_anchor_family": {
      "oracle_gain": 0.32,
      "changed_class_rate": 0.275
    },
    "prompt_desc_composer": {
      "oracle_gain": 0.76,
      "changed_class_rate": 0.45
    },
    "full": {
      "oracle_gain": 1.16,
      "changed_class_rate": 0.75
    }
  }
}
Saved semantic oracle family ablation to: /media/bio/data/BiMC-test/experiments/CIFAR100/semantic_oracle_family_ablation_bimc_ensemble/seed2_20260414-061037
=== 2026-04-14_06:11:24 dataset=cifar100_adaptive seed=3 ===
manual seed: 3
use gpu: ['0']
Files already downloaded and verified
Files already downloaded and verified
Loading CLIP (backbone: ViT-B/16)
Prompt template:['a photo of a {}.']
class names: ['apple' 'aquarium fish' 'baby' 'bear' 'beaver' 'bed' 'bee' 'beetle'
 'bicycle' 'bottle' 'bowl' 'boy' 'bridge' 'bus' 'butterfly' 'camel' 'can'
 'castle' 'caterpillar' 'cattle' 'chair' 'chimpanzee' 'clock' 'cloud'
 'cockroach' 'couch' 'crab' 'crocodile' 'cup' 'dinosaur' 'dolphin'
 'elephant' 'flatfish' 'forest' 'fox' 'girl' 'hamster' 'house' 'kangaroo'
 'keyboard' 'lamp' 'lawn mower' 'leopard' 'lion' 'lizard' 'lobster' 'man'
 'maple tree' 'motorcycle' 'mountain' 'mouse' 'mushroom' 'oak tree'
 'orange' 'orchid' 'otter' 'palm tree' 'pear' 'pickup truck' 'pine tree']
all targets:tensor([ 0,  1,  2,  3,  4,  5,  6,  7,  8,  9, 10, 11, 12, 13, 14, 15, 16, 17,
        18, 19, 20, 21, 22, 23, 24, 25, 26, 27, 28, 29, 30, 31, 32, 33, 34, 35,
        36, 37, 38, 39, 40, 41, 42, 43, 44, 45, 46, 47, 48, 49, 50, 51, 52, 53,
        54, 55, 56, 57, 58, 59], device='cuda:0')
finish loading covariance
class names: ['plain' 'plate' 'poppy' 'porcupine' 'possum']
all targets:tensor([60, 61, 62, 63, 64], device='cuda:0')
calibrate vision proto on class [[60 61 62 63 64]]
finish loading covariance
class names: ['rabbit' 'raccoon' 'ray' 'road' 'rocket']
all targets:tensor([65, 66, 67, 68, 69], device='cuda:0')
calibrate vision proto on class [[65 66 67 68 69]]
finish loading covariance
class names: ['rose' 'sea' 'seal' 'shark' 'shrew']
all targets:tensor([70, 71, 72, 73, 74], device='cuda:0')
calibrate vision proto on class [[70 71 72 73 74]]
finish loading covariance
class names: ['skunk' 'skyscraper' 'snail' 'snake' 'spider']
all targets:tensor([75, 76, 77, 78, 79], device='cuda:0')
calibrate vision proto on class [[75 76 77 78 79]]
finish loading covariance
class names: ['squirrel' 'streetcar' 'sunflower' 'sweet pepper' 'table']
all targets:tensor([80, 81, 82, 83, 84], device='cuda:0')
calibrate vision proto on class [[80 81 82 83 84]]
finish loading covariance
class names: ['tank' 'telephone' 'television' 'tiger' 'tractor']
all targets:tensor([85, 86, 87, 88, 89], device='cuda:0')
calibrate vision proto on class [[85 86 87 88 89]]
finish loading covariance
class names: ['train' 'trout' 'tulip' 'turtle' 'wardrobe']
all targets:tensor([90, 91, 92, 93, 94], device='cuda:0')
calibrate vision proto on class [[90 91 92 93 94]]
finish loading covariance
class names: ['whale' 'willow tree' 'wolf' 'woman' 'worm']
all targets:tensor([95, 96, 97, 98, 99], device='cuda:0')
calibrate vision proto on class [[95 96 97 98 99]]
finish loading covariance
{
  "dataset": "CIFAR100",
  "runtime_sec": 46.764,
  "results": {
    "prompt_only": {
      "oracle_gain": 0.26,
      "changed_class_rate": 0.25
    },
    "desc_mean_only": {
      "oracle_gain": 0.13,
      "changed_class_rate": 0.2
    },
    "desc_atom_direct": {
      "oracle_gain": 0.8,
      "changed_class_rate": 0.775
    },
    "prompt_desc_atom": {
      "oracle_gain": 0.7,
      "changed_class_rate": 0.425
    },
    "base_anchor_family": {
      "oracle_gain": 0.38,
      "changed_class_rate": 0.35
    },
    "prompt_desc_composer": {
      "oracle_gain": 0.76,
      "changed_class_rate": 0.6
    },
    "full": {
      "oracle_gain": 1.0,
      "changed_class_rate": 0.625
    }
  }
}
Saved semantic oracle family ablation to: /media/bio/data/BiMC-test/experiments/CIFAR100/semantic_oracle_family_ablation_bimc_ensemble/seed3_20260414-061124
=== 2026-04-14_06:12:11 dataset=cifar100_adaptive seed=4 ===
manual seed: 4
use gpu: ['0']
Files already downloaded and verified
Files already downloaded and verified
Loading CLIP (backbone: ViT-B/16)
Prompt template:['a photo of a {}.']
class names: ['apple' 'aquarium fish' 'baby' 'bear' 'beaver' 'bed' 'bee' 'beetle'
 'bicycle' 'bottle' 'bowl' 'boy' 'bridge' 'bus' 'butterfly' 'camel' 'can'
 'castle' 'caterpillar' 'cattle' 'chair' 'chimpanzee' 'clock' 'cloud'
 'cockroach' 'couch' 'crab' 'crocodile' 'cup' 'dinosaur' 'dolphin'
 'elephant' 'flatfish' 'forest' 'fox' 'girl' 'hamster' 'house' 'kangaroo'
 'keyboard' 'lamp' 'lawn mower' 'leopard' 'lion' 'lizard' 'lobster' 'man'
 'maple tree' 'motorcycle' 'mountain' 'mouse' 'mushroom' 'oak tree'
 'orange' 'orchid' 'otter' 'palm tree' 'pear' 'pickup truck' 'pine tree']
all targets:tensor([ 0,  1,  2,  3,  4,  5,  6,  7,  8,  9, 10, 11, 12, 13, 14, 15, 16, 17,
        18, 19, 20, 21, 22, 23, 24, 25, 26, 27, 28, 29, 30, 31, 32, 33, 34, 35,
        36, 37, 38, 39, 40, 41, 42, 43, 44, 45, 46, 47, 48, 49, 50, 51, 52, 53,
        54, 55, 56, 57, 58, 59], device='cuda:0')
finish loading covariance
class names: ['plain' 'plate' 'poppy' 'porcupine' 'possum']
all targets:tensor([60, 61, 62, 63, 64], device='cuda:0')
calibrate vision proto on class [[60 61 62 63 64]]
finish loading covariance
class names: ['rabbit' 'raccoon' 'ray' 'road' 'rocket']
all targets:tensor([65, 66, 67, 68, 69], device='cuda:0')
calibrate vision proto on class [[65 66 67 68 69]]
finish loading covariance
class names: ['rose' 'sea' 'seal' 'shark' 'shrew']
all targets:tensor([70, 71, 72, 73, 74], device='cuda:0')
calibrate vision proto on class [[70 71 72 73 74]]
finish loading covariance
class names: ['skunk' 'skyscraper' 'snail' 'snake' 'spider']
all targets:tensor([75, 76, 77, 78, 79], device='cuda:0')
calibrate vision proto on class [[75 76 77 78 79]]
finish loading covariance
class names: ['squirrel' 'streetcar' 'sunflower' 'sweet pepper' 'table']
all targets:tensor([80, 81, 82, 83, 84], device='cuda:0')
calibrate vision proto on class [[80 81 82 83 84]]
finish loading covariance
class names: ['tank' 'telephone' 'television' 'tiger' 'tractor']
all targets:tensor([85, 86, 87, 88, 89], device='cuda:0')
calibrate vision proto on class [[85 86 87 88 89]]
finish loading covariance
class names: ['train' 'trout' 'tulip' 'turtle' 'wardrobe']
all targets:tensor([90, 91, 92, 93, 94], device='cuda:0')
calibrate vision proto on class [[90 91 92 93 94]]
finish loading covariance
class names: ['whale' 'willow tree' 'wolf' 'woman' 'worm']
all targets:tensor([95, 96, 97, 98, 99], device='cuda:0')
calibrate vision proto on class [[95 96 97 98 99]]
finish loading covariance
{
  "dataset": "CIFAR100",
  "runtime_sec": 46.846,
  "results": {
    "prompt_only": {
      "oracle_gain": 0.12,
      "changed_class_rate": 0.15
    },
    "desc_mean_only": {
      "oracle_gain": 0.32,
      "changed_class_rate": 0.325
    },
    "desc_atom_direct": {
      "oracle_gain": 1.25,
      "changed_class_rate": 0.625
    },
    "prompt_desc_atom": {
      "oracle_gain": 0.79,
      "changed_class_rate": 0.6
    },
    "base_anchor_family": {
      "oracle_gain": 0.49,
      "changed_class_rate": 0.425
    },
    "prompt_desc_composer": {
      "oracle_gain": 1.32,
      "changed_class_rate": 0.775
    },
    "full": {
      "oracle_gain": 1.44,
      "changed_class_rate": 0.825
    }
  }
}
Saved semantic oracle family ablation to: /media/bio/data/BiMC-test/experiments/CIFAR100/semantic_oracle_family_ablation_bimc_ensemble/seed4_20260414-061212
=== 2026-04-14_06:12:59 dataset=cifar100_adaptive seed=5 ===
manual seed: 5
use gpu: ['0']
Files already downloaded and verified
Files already downloaded and verified
Loading CLIP (backbone: ViT-B/16)
Prompt template:['a photo of a {}.']
class names: ['apple' 'aquarium fish' 'baby' 'bear' 'beaver' 'bed' 'bee' 'beetle'
 'bicycle' 'bottle' 'bowl' 'boy' 'bridge' 'bus' 'butterfly' 'camel' 'can'
 'castle' 'caterpillar' 'cattle' 'chair' 'chimpanzee' 'clock' 'cloud'
 'cockroach' 'couch' 'crab' 'crocodile' 'cup' 'dinosaur' 'dolphin'
 'elephant' 'flatfish' 'forest' 'fox' 'girl' 'hamster' 'house' 'kangaroo'
 'keyboard' 'lamp' 'lawn mower' 'leopard' 'lion' 'lizard' 'lobster' 'man'
 'maple tree' 'motorcycle' 'mountain' 'mouse' 'mushroom' 'oak tree'
 'orange' 'orchid' 'otter' 'palm tree' 'pear' 'pickup truck' 'pine tree']
all targets:tensor([ 0,  1,  2,  3,  4,  5,  6,  7,  8,  9, 10, 11, 12, 13, 14, 15, 16, 17,
        18, 19, 20, 21, 22, 23, 24, 25, 26, 27, 28, 29, 30, 31, 32, 33, 34, 35,
        36, 37, 38, 39, 40, 41, 42, 43, 44, 45, 46, 47, 48, 49, 50, 51, 52, 53,
        54, 55, 56, 57, 58, 59], device='cuda:0')
finish loading covariance
class names: ['plain' 'plate' 'poppy' 'porcupine' 'possum']
all targets:tensor([60, 61, 62, 63, 64], device='cuda:0')
calibrate vision proto on class [[60 61 62 63 64]]
finish loading covariance
class names: ['rabbit' 'raccoon' 'ray' 'road' 'rocket']
all targets:tensor([65, 66, 67, 68, 69], device='cuda:0')
calibrate vision proto on class [[65 66 67 68 69]]
finish loading covariance
class names: ['rose' 'sea' 'seal' 'shark' 'shrew']
all targets:tensor([70, 71, 72, 73, 74], device='cuda:0')
calibrate vision proto on class [[70 71 72 73 74]]
finish loading covariance
class names: ['skunk' 'skyscraper' 'snail' 'snake' 'spider']
all targets:tensor([75, 76, 77, 78, 79], device='cuda:0')
calibrate vision proto on class [[75 76 77 78 79]]
finish loading covariance
class names: ['squirrel' 'streetcar' 'sunflower' 'sweet pepper' 'table']
all targets:tensor([80, 81, 82, 83, 84], device='cuda:0')
calibrate vision proto on class [[80 81 82 83 84]]
finish loading covariance
class names: ['tank' 'telephone' 'television' 'tiger' 'tractor']
all targets:tensor([85, 86, 87, 88, 89], device='cuda:0')
calibrate vision proto on class [[85 86 87 88 89]]
finish loading covariance
class names: ['train' 'trout' 'tulip' 'turtle' 'wardrobe']
all targets:tensor([90, 91, 92, 93, 94], device='cuda:0')
calibrate vision proto on class [[90 91 92 93 94]]
finish loading covariance
class names: ['whale' 'willow tree' 'wolf' 'woman' 'worm']
all targets:tensor([95, 96, 97, 98, 99], device='cuda:0')
calibrate vision proto on class [[95 96 97 98 99]]
finish loading covariance
{
  "dataset": "CIFAR100",
  "runtime_sec": 46.875,
  "results": {
    "prompt_only": {
      "oracle_gain": 0.15,
      "changed_class_rate": 0.075
    },
    "desc_mean_only": {
      "oracle_gain": 0.41,
      "changed_class_rate": 0.45
    },
    "desc_atom_direct": {
      "oracle_gain": 1.04,
      "changed_class_rate": 0.525
    },
    "prompt_desc_atom": {
      "oracle_gain": 0.89,
      "changed_class_rate": 0.7
    },
    "base_anchor_family": {
      "oracle_gain": 0.44,
      "changed_class_rate": 0.4
    },
    "prompt_desc_composer": {
      "oracle_gain": 1.02,
      "changed_class_rate": 0.525
    },
    "full": {
      "oracle_gain": 1.3,
      "changed_class_rate": 0.75
    }
  }
}
Saved semantic oracle family ablation to: /media/bio/data/BiMC-test/experiments/CIFAR100/semantic_oracle_family_ablation_bimc_ensemble/seed5_20260414-061300
=== 2026-04-14_06:13:47 dataset=miniimagenet_adaptive seed=1 ===
manual seed: 1
use gpu: ['0']
Loading CLIP (backbone: ViT-B/16)
Prompt template:['a photo of a {}.']
class names: ['house finch' 'robin' 'triceratops' 'green mamba' 'harvestman' 'toucan'
 'goose' 'jellyfish' 'nematode' 'king crab' 'dugong' 'Walker hound'
 'Ibizan hound' 'Saluki' 'golden retriever' 'Gordon setter' 'komondor'
 'boxer' 'Tibetan mastiff' 'French bulldog' 'malamute' 'dalmatian'
 'Newfoundland' 'miniature poodle' 'white wolf' 'African hunting dog'
 'Arctic fox' 'lion' 'meerkat' 'ladybug' 'rhinoceros beetle' 'ant'
 'black-footed ferret' 'three-toed sloth' 'rock beauty' 'aircraft carrier'
 'ashcan' 'barrel' 'beer bottle' 'bookshop' 'cannon' 'carousel' 'carton'
 'catamaran' 'chime' 'clog' 'cocktail shaker' 'combination lock' 'crate'
 'cuirass' 'dishrag' 'dome' 'electric guitar' 'file' 'fire screen'
 'frying pan' 'garbage truck' 'hair slide' 'holster' 'horizontal bar']
all targets:tensor([ 0,  1,  2,  3,  4,  5,  6,  7,  8,  9, 10, 11, 12, 13, 14, 15, 16, 17,
        18, 19, 20, 21, 22, 23, 24, 25, 26, 27, 28, 29, 30, 31, 32, 33, 34, 35,
        36, 37, 38, 39, 40, 41, 42, 43, 44, 45, 46, 47, 48, 49, 50, 51, 52, 53,
        54, 55, 56, 57, 58, 59], device='cuda:0')
finish loading covariance
class names: ['hourglass' 'iPod' 'lipstick' 'miniskirt' 'missile']
all targets:tensor([60, 61, 62, 63, 64], device='cuda:0')
calibrate vision proto on class [[60 61 62 63 64]]
finish loading covariance
class names: ['mixing bowl' 'oboe' 'organ' 'parallel bars' 'pencil box']
all targets:tensor([65, 66, 67, 68, 69], device='cuda:0')
calibrate vision proto on class [[65 66 67 68 69]]
finish loading covariance
class names: ['photocopier' 'poncho' 'prayer rug' 'reel' 'school bus']
all targets:tensor([70, 71, 72, 73, 74], device='cuda:0')
calibrate vision proto on class [[70 71 72 73 74]]
finish loading covariance
class names: ['scoreboard' 'slot' 'snorkel' 'solar dish' 'spider web']
all targets:tensor([75, 76, 77, 78, 79], device='cuda:0')
calibrate vision proto on class [[75 76 77 78 79]]
finish loading covariance
class names: ['stage' 'tank' 'theater curtain' 'tile roof' 'tobacco shop']
all targets:tensor([80, 81, 82, 83, 84], device='cuda:0')
calibrate vision proto on class [[80 81 82 83 84]]
finish loading covariance
class names: ['unicycle' 'upright' 'vase' 'wok' 'worm fence']
all targets:tensor([85, 86, 87, 88, 89], device='cuda:0')
calibrate vision proto on class [[85 86 87 88 89]]
finish loading covariance
class names: ['yawl' 'street sign' 'consomme' 'trifle' 'hotdog']
all targets:tensor([90, 91, 92, 93, 94], device='cuda:0')
calibrate vision proto on class [[90 91 92 93 94]]
finish loading covariance
class names: ['orange' 'cliff' 'coral reef' 'bolete' 'ear']
all targets:tensor([95, 96, 97, 98, 99], device='cuda:0')
calibrate vision proto on class [[95 96 97 98 99]]
finish loading covariance
{
  "dataset": "miniimagenet",
  "runtime_sec": 46.49,
  "results": {
    "prompt_only": {
      "oracle_gain": 0.2,
      "changed_class_rate": 0.25
    },
    "desc_mean_only": {
      "oracle_gain": 0.1,
      "changed_class_rate": 0.2
    },
    "desc_atom_direct": {
      "oracle_gain": 0.36,
      "changed_class_rate": 0.45
    },
    "prompt_desc_atom": {
      "oracle_gain": 0.28,
      "changed_class_rate": 0.5
    },
    "base_anchor_family": {
      "oracle_gain": 0.16,
      "changed_class_rate": 0.175
    },
    "prompt_desc_composer": {
      "oracle_gain": 0.39,
      "changed_class_rate": 0.475
    },
    "full": {
      "oracle_gain": 0.58,
      "changed_class_rate": 0.6
    }
  }
}
Saved semantic oracle family ablation to: /media/bio/data/BiMC-test/experiments/miniimagenet/semantic_oracle_family_ablation_bimc_ensemble/seed1_20260414-061348
=== 2026-04-14_06:14:35 dataset=miniimagenet_adaptive seed=2 ===
manual seed: 2
use gpu: ['0']
Loading CLIP (backbone: ViT-B/16)
Prompt template:['a photo of a {}.']
class names: ['house finch' 'robin' 'triceratops' 'green mamba' 'harvestman' 'toucan'
 'goose' 'jellyfish' 'nematode' 'king crab' 'dugong' 'Walker hound'
 'Ibizan hound' 'Saluki' 'golden retriever' 'Gordon setter' 'komondor'
 'boxer' 'Tibetan mastiff' 'French bulldog' 'malamute' 'dalmatian'
 'Newfoundland' 'miniature poodle' 'white wolf' 'African hunting dog'
 'Arctic fox' 'lion' 'meerkat' 'ladybug' 'rhinoceros beetle' 'ant'
 'black-footed ferret' 'three-toed sloth' 'rock beauty' 'aircraft carrier'
 'ashcan' 'barrel' 'beer bottle' 'bookshop' 'cannon' 'carousel' 'carton'
 'catamaran' 'chime' 'clog' 'cocktail shaker' 'combination lock' 'crate'
 'cuirass' 'dishrag' 'dome' 'electric guitar' 'file' 'fire screen'
 'frying pan' 'garbage truck' 'hair slide' 'holster' 'horizontal bar']
all targets:tensor([ 0,  1,  2,  3,  4,  5,  6,  7,  8,  9, 10, 11, 12, 13, 14, 15, 16, 17,
        18, 19, 20, 21, 22, 23, 24, 25, 26, 27, 28, 29, 30, 31, 32, 33, 34, 35,
        36, 37, 38, 39, 40, 41, 42, 43, 44, 45, 46, 47, 48, 49, 50, 51, 52, 53,
        54, 55, 56, 57, 58, 59], device='cuda:0')
finish loading covariance
class names: ['hourglass' 'iPod' 'lipstick' 'miniskirt' 'missile']
all targets:tensor([60, 61, 62, 63, 64], device='cuda:0')
calibrate vision proto on class [[60 61 62 63 64]]
finish loading covariance
class names: ['mixing bowl' 'oboe' 'organ' 'parallel bars' 'pencil box']
all targets:tensor([65, 66, 67, 68, 69], device='cuda:0')
calibrate vision proto on class [[65 66 67 68 69]]
finish loading covariance
class names: ['photocopier' 'poncho' 'prayer rug' 'reel' 'school bus']
all targets:tensor([70, 71, 72, 73, 74], device='cuda:0')
calibrate vision proto on class [[70 71 72 73 74]]
finish loading covariance
class names: ['scoreboard' 'slot' 'snorkel' 'solar dish' 'spider web']
all targets:tensor([75, 76, 77, 78, 79], device='cuda:0')
calibrate vision proto on class [[75 76 77 78 79]]
finish loading covariance
class names: ['stage' 'tank' 'theater curtain' 'tile roof' 'tobacco shop']
all targets:tensor([80, 81, 82, 83, 84], device='cuda:0')
calibrate vision proto on class [[80 81 82 83 84]]
finish loading covariance
class names: ['unicycle' 'upright' 'vase' 'wok' 'worm fence']
all targets:tensor([85, 86, 87, 88, 89], device='cuda:0')
calibrate vision proto on class [[85 86 87 88 89]]
finish loading covariance
class names: ['yawl' 'street sign' 'consomme' 'trifle' 'hotdog']
all targets:tensor([90, 91, 92, 93, 94], device='cuda:0')
calibrate vision proto on class [[90 91 92 93 94]]
finish loading covariance
class names: ['orange' 'cliff' 'coral reef' 'bolete' 'ear']
all targets:tensor([95, 96, 97, 98, 99], device='cuda:0')
calibrate vision proto on class [[95 96 97 98 99]]
finish loading covariance
{
  "dataset": "miniimagenet",
  "runtime_sec": 46.493,
  "results": {
    "prompt_only": {
      "oracle_gain": 0.1,
      "changed_class_rate": 0.2
    },
    "desc_mean_only": {
      "oracle_gain": 0.16,
      "changed_class_rate": 0.2
    },
    "desc_atom_direct": {
      "oracle_gain": 0.42,
      "changed_class_rate": 0.525
    },
    "prompt_desc_atom": {
      "oracle_gain": 0.29,
      "changed_class_rate": 0.45
    },
    "base_anchor_family": {
      "oracle_gain": 0.35,
      "changed_class_rate": 0.3
    },
    "prompt_desc_composer": {
      "oracle_gain": 0.45,
      "changed_class_rate": 0.6
    },
    "full": {
      "oracle_gain": 0.58,
      "changed_class_rate": 0.65
    }
  }
}
Saved semantic oracle family ablation to: /media/bio/data/BiMC-test/experiments/miniimagenet/semantic_oracle_family_ablation_bimc_ensemble/seed2_20260414-061435
=== 2026-04-14_06:15:22 dataset=miniimagenet_adaptive seed=3 ===
manual seed: 3
use gpu: ['0']
Loading CLIP (backbone: ViT-B/16)
Prompt template:['a photo of a {}.']
class names: ['house finch' 'robin' 'triceratops' 'green mamba' 'harvestman' 'toucan'
 'goose' 'jellyfish' 'nematode' 'king crab' 'dugong' 'Walker hound'
 'Ibizan hound' 'Saluki' 'golden retriever' 'Gordon setter' 'komondor'
 'boxer' 'Tibetan mastiff' 'French bulldog' 'malamute' 'dalmatian'
 'Newfoundland' 'miniature poodle' 'white wolf' 'African hunting dog'
 'Arctic fox' 'lion' 'meerkat' 'ladybug' 'rhinoceros beetle' 'ant'
 'black-footed ferret' 'three-toed sloth' 'rock beauty' 'aircraft carrier'
 'ashcan' 'barrel' 'beer bottle' 'bookshop' 'cannon' 'carousel' 'carton'
 'catamaran' 'chime' 'clog' 'cocktail shaker' 'combination lock' 'crate'
 'cuirass' 'dishrag' 'dome' 'electric guitar' 'file' 'fire screen'
 'frying pan' 'garbage truck' 'hair slide' 'holster' 'horizontal bar']
all targets:tensor([ 0,  1,  2,  3,  4,  5,  6,  7,  8,  9, 10, 11, 12, 13, 14, 15, 16, 17,
        18, 19, 20, 21, 22, 23, 24, 25, 26, 27, 28, 29, 30, 31, 32, 33, 34, 35,
        36, 37, 38, 39, 40, 41, 42, 43, 44, 45, 46, 47, 48, 49, 50, 51, 52, 53,
        54, 55, 56, 57, 58, 59], device='cuda:0')
finish loading covariance
class names: ['hourglass' 'iPod' 'lipstick' 'miniskirt' 'missile']
all targets:tensor([60, 61, 62, 63, 64], device='cuda:0')
calibrate vision proto on class [[60 61 62 63 64]]
finish loading covariance
class names: ['mixing bowl' 'oboe' 'organ' 'parallel bars' 'pencil box']
all targets:tensor([65, 66, 67, 68, 69], device='cuda:0')
calibrate vision proto on class [[65 66 67 68 69]]
finish loading covariance
class names: ['photocopier' 'poncho' 'prayer rug' 'reel' 'school bus']
all targets:tensor([70, 71, 72, 73, 74], device='cuda:0')
calibrate vision proto on class [[70 71 72 73 74]]
finish loading covariance
class names: ['scoreboard' 'slot' 'snorkel' 'solar dish' 'spider web']
all targets:tensor([75, 76, 77, 78, 79], device='cuda:0')
calibrate vision proto on class [[75 76 77 78 79]]
finish loading covariance
class names: ['stage' 'tank' 'theater curtain' 'tile roof' 'tobacco shop']
all targets:tensor([80, 81, 82, 83, 84], device='cuda:0')
calibrate vision proto on class [[80 81 82 83 84]]
finish loading covariance
class names: ['unicycle' 'upright' 'vase' 'wok' 'worm fence']
all targets:tensor([85, 86, 87, 88, 89], device='cuda:0')
calibrate vision proto on class [[85 86 87 88 89]]
finish loading covariance
class names: ['yawl' 'street sign' 'consomme' 'trifle' 'hotdog']
all targets:tensor([90, 91, 92, 93, 94], device='cuda:0')
calibrate vision proto on class [[90 91 92 93 94]]
finish loading covariance
class names: ['orange' 'cliff' 'coral reef' 'bolete' 'ear']
all targets:tensor([95, 96, 97, 98, 99], device='cuda:0')
calibrate vision proto on class [[95 96 97 98 99]]
finish loading covariance
{
  "dataset": "miniimagenet",
  "runtime_sec": 46.37,
  "results": {
    "prompt_only": {
      "oracle_gain": 0.14,
      "changed_class_rate": 0.225
    },
    "desc_mean_only": {
      "oracle_gain": 0.18,
      "changed_class_rate": 0.325
    },
    "desc_atom_direct": {
      "oracle_gain": 0.54,
      "changed_class_rate": 0.575
    },
    "prompt_desc_atom": {
      "oracle_gain": 0.34,
      "changed_class_rate": 0.45
    },
    "base_anchor_family": {
      "oracle_gain": 0.41,
      "changed_class_rate": 0.425
    },
    "prompt_desc_composer": {
      "oracle_gain": 0.47,
      "changed_class_rate": 0.7
    },
    "full": {
      "oracle_gain": 0.49,
      "changed_class_rate": 0.625
    }
  }
}
Saved semantic oracle family ablation to: /media/bio/data/BiMC-test/experiments/miniimagenet/semantic_oracle_family_ablation_bimc_ensemble/seed3_20260414-061523
=== 2026-04-14_06:16:10 dataset=miniimagenet_adaptive seed=4 ===
manual seed: 4
use gpu: ['0']
Loading CLIP (backbone: ViT-B/16)
Prompt template:['a photo of a {}.']
class names: ['house finch' 'robin' 'triceratops' 'green mamba' 'harvestman' 'toucan'
 'goose' 'jellyfish' 'nematode' 'king crab' 'dugong' 'Walker hound'
 'Ibizan hound' 'Saluki' 'golden retriever' 'Gordon setter' 'komondor'
 'boxer' 'Tibetan mastiff' 'French bulldog' 'malamute' 'dalmatian'
 'Newfoundland' 'miniature poodle' 'white wolf' 'African hunting dog'
 'Arctic fox' 'lion' 'meerkat' 'ladybug' 'rhinoceros beetle' 'ant'
 'black-footed ferret' 'three-toed sloth' 'rock beauty' 'aircraft carrier'
 'ashcan' 'barrel' 'beer bottle' 'bookshop' 'cannon' 'carousel' 'carton'
 'catamaran' 'chime' 'clog' 'cocktail shaker' 'combination lock' 'crate'
 'cuirass' 'dishrag' 'dome' 'electric guitar' 'file' 'fire screen'
 'frying pan' 'garbage truck' 'hair slide' 'holster' 'horizontal bar']
all targets:tensor([ 0,  1,  2,  3,  4,  5,  6,  7,  8,  9, 10, 11, 12, 13, 14, 15, 16, 17,
        18, 19, 20, 21, 22, 23, 24, 25, 26, 27, 28, 29, 30, 31, 32, 33, 34, 35,
        36, 37, 38, 39, 40, 41, 42, 43, 44, 45, 46, 47, 48, 49, 50, 51, 52, 53,
        54, 55, 56, 57, 58, 59], device='cuda:0')
finish loading covariance
class names: ['hourglass' 'iPod' 'lipstick' 'miniskirt' 'missile']
all targets:tensor([60, 61, 62, 63, 64], device='cuda:0')
calibrate vision proto on class [[60 61 62 63 64]]
finish loading covariance
class names: ['mixing bowl' 'oboe' 'organ' 'parallel bars' 'pencil box']
all targets:tensor([65, 66, 67, 68, 69], device='cuda:0')
calibrate vision proto on class [[65 66 67 68 69]]
finish loading covariance
class names: ['photocopier' 'poncho' 'prayer rug' 'reel' 'school bus']
all targets:tensor([70, 71, 72, 73, 74], device='cuda:0')
calibrate vision proto on class [[70 71 72 73 74]]
finish loading covariance
class names: ['scoreboard' 'slot' 'snorkel' 'solar dish' 'spider web']
all targets:tensor([75, 76, 77, 78, 79], device='cuda:0')
calibrate vision proto on class [[75 76 77 78 79]]
finish loading covariance
class names: ['stage' 'tank' 'theater curtain' 'tile roof' 'tobacco shop']
all targets:tensor([80, 81, 82, 83, 84], device='cuda:0')
calibrate vision proto on class [[80 81 82 83 84]]
finish loading covariance
class names: ['unicycle' 'upright' 'vase' 'wok' 'worm fence']
all targets:tensor([85, 86, 87, 88, 89], device='cuda:0')
calibrate vision proto on class [[85 86 87 88 89]]
finish loading covariance
class names: ['yawl' 'street sign' 'consomme' 'trifle' 'hotdog']
all targets:tensor([90, 91, 92, 93, 94], device='cuda:0')
calibrate vision proto on class [[90 91 92 93 94]]
finish loading covariance
class names: ['orange' 'cliff' 'coral reef' 'bolete' 'ear']
all targets:tensor([95, 96, 97, 98, 99], device='cuda:0')
calibrate vision proto on class [[95 96 97 98 99]]
finish loading covariance
{
  "dataset": "miniimagenet",
  "runtime_sec": 46.349,
  "results": {
    "prompt_only": {
      "oracle_gain": 0.22,
      "changed_class_rate": 0.325
    },
    "desc_mean_only": {
      "oracle_gain": 0.08,
      "changed_class_rate": 0.1
    },
    "desc_atom_direct": {
      "oracle_gain": 0.32,
      "changed_class_rate": 0.475
    },
    "prompt_desc_atom": {
      "oracle_gain": 0.28,
      "changed_class_rate": 0.375
    },
    "base_anchor_family": {
      "oracle_gain": 0.19,
      "changed_class_rate": 0.175
    },
    "prompt_desc_composer": {
      "oracle_gain": 0.28,
      "changed_class_rate": 0.375
    },
    "full": {
      "oracle_gain": 0.41,
      "changed_class_rate": 0.55
    }
  }
}
Saved semantic oracle family ablation to: /media/bio/data/BiMC-test/experiments/miniimagenet/semantic_oracle_family_ablation_bimc_ensemble/seed4_20260414-061610
=== 2026-04-14_06:16:57 dataset=miniimagenet_adaptive seed=5 ===
manual seed: 5
use gpu: ['0']
Loading CLIP (backbone: ViT-B/16)
Prompt template:['a photo of a {}.']
class names: ['house finch' 'robin' 'triceratops' 'green mamba' 'harvestman' 'toucan'
 'goose' 'jellyfish' 'nematode' 'king crab' 'dugong' 'Walker hound'
 'Ibizan hound' 'Saluki' 'golden retriever' 'Gordon setter' 'komondor'
 'boxer' 'Tibetan mastiff' 'French bulldog' 'malamute' 'dalmatian'
 'Newfoundland' 'miniature poodle' 'white wolf' 'African hunting dog'
 'Arctic fox' 'lion' 'meerkat' 'ladybug' 'rhinoceros beetle' 'ant'
 'black-footed ferret' 'three-toed sloth' 'rock beauty' 'aircraft carrier'
 'ashcan' 'barrel' 'beer bottle' 'bookshop' 'cannon' 'carousel' 'carton'
 'catamaran' 'chime' 'clog' 'cocktail shaker' 'combination lock' 'crate'
 'cuirass' 'dishrag' 'dome' 'electric guitar' 'file' 'fire screen'
 'frying pan' 'garbage truck' 'hair slide' 'holster' 'horizontal bar']
all targets:tensor([ 0,  1,  2,  3,  4,  5,  6,  7,  8,  9, 10, 11, 12, 13, 14, 15, 16, 17,
        18, 19, 20, 21, 22, 23, 24, 25, 26, 27, 28, 29, 30, 31, 32, 33, 34, 35,
        36, 37, 38, 39, 40, 41, 42, 43, 44, 45, 46, 47, 48, 49, 50, 51, 52, 53,
        54, 55, 56, 57, 58, 59], device='cuda:0')
finish loading covariance
class names: ['hourglass' 'iPod' 'lipstick' 'miniskirt' 'missile']
all targets:tensor([60, 61, 62, 63, 64], device='cuda:0')
calibrate vision proto on class [[60 61 62 63 64]]
finish loading covariance
class names: ['mixing bowl' 'oboe' 'organ' 'parallel bars' 'pencil box']
all targets:tensor([65, 66, 67, 68, 69], device='cuda:0')
calibrate vision proto on class [[65 66 67 68 69]]
finish loading covariance
class names: ['photocopier' 'poncho' 'prayer rug' 'reel' 'school bus']
all targets:tensor([70, 71, 72, 73, 74], device='cuda:0')
calibrate vision proto on class [[70 71 72 73 74]]
finish loading covariance
class names: ['scoreboard' 'slot' 'snorkel' 'solar dish' 'spider web']
all targets:tensor([75, 76, 77, 78, 79], device='cuda:0')
calibrate vision proto on class [[75 76 77 78 79]]
finish loading covariance
class names: ['stage' 'tank' 'theater curtain' 'tile roof' 'tobacco shop']
all targets:tensor([80, 81, 82, 83, 84], device='cuda:0')
calibrate vision proto on class [[80 81 82 83 84]]
finish loading covariance
class names: ['unicycle' 'upright' 'vase' 'wok' 'worm fence']
all targets:tensor([85, 86, 87, 88, 89], device='cuda:0')
calibrate vision proto on class [[85 86 87 88 89]]
finish loading covariance
class names: ['yawl' 'street sign' 'consomme' 'trifle' 'hotdog']
all targets:tensor([90, 91, 92, 93, 94], device='cuda:0')
calibrate vision proto on class [[90 91 92 93 94]]
finish loading covariance
class names: ['orange' 'cliff' 'coral reef' 'bolete' 'ear']
all targets:tensor([95, 96, 97, 98, 99], device='cuda:0')
calibrate vision proto on class [[95 96 97 98 99]]
finish loading covariance
{
  "dataset": "miniimagenet",
  "runtime_sec": 46.479,
  "results": {
    "prompt_only": {
      "oracle_gain": 0.05,
      "changed_class_rate": 0.075
    },
    "desc_mean_only": {
      "oracle_gain": 0.02,
      "changed_class_rate": 0.025
    },
    "desc_atom_direct": {
      "oracle_gain": 0.25,
      "changed_class_rate": 0.4
    },
    "prompt_desc_atom": {
      "oracle_gain": 0.14,
      "changed_class_rate": 0.3
    },
    "base_anchor_family": {
      "oracle_gain": 0.09,
      "changed_class_rate": 0.1
    },
    "prompt_desc_composer": {
      "oracle_gain": 0.39,
      "changed_class_rate": 0.5
    },
    "full": {
      "oracle_gain": 0.53,
      "changed_class_rate": 0.65
    }
  }
}
Saved semantic oracle family ablation to: /media/bio/data/BiMC-test/experiments/miniimagenet/semantic_oracle_family_ablation_bimc_ensemble/seed5_20260414-061658
