=== 2026-04-14_05:46:22 seed=1 ===
manual seed: 1
use gpu: ['0']
Loading CLIP (backbone: ViT-B/16)
Prompt template:['a photo of a {}.']
class names: ['house finch' 'robin' 'triceratops' 'green mamba' 'harvestman' 'toucan'
 'goose' 'jellyfish' 'nematode' 'king crab' 'dugong' 'Walker hound'
 'Ibizan hound' 'Saluki' 'golden retriever' 'Gordon setter' 'komondor'
 'boxer' 'Tibetan mastiff' 'French bulldog' 'malamute' 'dalmatian'
 'Newfoundland' 'miniature poodle' 'white wolf' 'African hunting dog'
 'Arctic fox' 'lion' 'meerkat' 'ladybug' 'rhinoceros beetle' 'ant'
 'black-footed ferret' 'three-toed sloth' 'rock beauty' 'aircraft carrier'
 'ashcan' 'barrel' 'beer bottle' 'bookshop' 'cannon' 'carousel' 'carton'
 'catamaran' 'chime' 'clog' 'cocktail shaker' 'combination lock' 'crate'
 'cuirass' 'dishrag' 'dome' 'electric guitar' 'file' 'fire screen'
 'frying pan' 'garbage truck' 'hair slide' 'holster' 'horizontal bar']
all targets:tensor([ 0,  1,  2,  3,  4,  5,  6,  7,  8,  9, 10, 11, 12, 13, 14, 15, 16, 17,
        18, 19, 20, 21, 22, 23, 24, 25, 26, 27, 28, 29, 30, 31, 32, 33, 34, 35,
        36, 37, 38, 39, 40, 41, 42, 43, 44, 45, 46, 47, 48, 49, 50, 51, 52, 53,
        54, 55, 56, 57, 58, 59], device='cuda:0')
finish loading covariance
class names: ['hourglass' 'iPod' 'lipstick' 'miniskirt' 'missile']
all targets:tensor([60, 61, 62, 63, 64], device='cuda:0')
calibrate vision proto on class [[60 61 62 63 64]]
finish loading covariance
class names: ['mixing bowl' 'oboe' 'organ' 'parallel bars' 'pencil box']
all targets:tensor([65, 66, 67, 68, 69], device='cuda:0')
calibrate vision proto on class [[65 66 67 68 69]]
finish loading covariance
class names: ['photocopier' 'poncho' 'prayer rug' 'reel' 'school bus']
all targets:tensor([70, 71, 72, 73, 74], device='cuda:0')
calibrate vision proto on class [[70 71 72 73 74]]
finish loading covariance
class names: ['scoreboard' 'slot' 'snorkel' 'solar dish' 'spider web']
all targets:tensor([75, 76, 77, 78, 79], device='cuda:0')
calibrate vision proto on class [[75 76 77 78 79]]
finish loading covariance
class names: ['stage' 'tank' 'theater curtain' 'tile roof' 'tobacco shop']
all targets:tensor([80, 81, 82, 83, 84], device='cuda:0')
calibrate vision proto on class [[80 81 82 83 84]]
finish loading covariance
class names: ['unicycle' 'upright' 'vase' 'wok' 'worm fence']
all targets:tensor([85, 86, 87, 88, 89], device='cuda:0')
calibrate vision proto on class [[85 86 87 88 89]]
finish loading covariance
class names: ['yawl' 'street sign' 'consomme' 'trifle' 'hotdog']
all targets:tensor([90, 91, 92, 93, 94], device='cuda:0')
calibrate vision proto on class [[90 91 92 93 94]]
finish loading covariance
class names: ['orange' 'cliff' 'coral reef' 'bolete' 'ear']
all targets:tensor([95, 96, 97, 98, 99], device='cuda:0')
calibrate vision proto on class [[95 96 97 98 99]]
finish loading covariance
{
  "dataset": "miniimagenet",
  "runtime_sec": 47.31,
  "k_effective": 3,
  "results": {
    "0.0": {
      "full_acc": 92.4,
      "full_novel_acc": 90.9,
      "full_oracle_gain": 0.53
    },
    "0.25": {
      "full_acc": 92.38,
      "full_novel_acc": 90.85,
      "full_oracle_gain": 0.57
    },
    "0.75": {
      "full_acc": 92.44,
      "full_novel_acc": 91.0,
      "full_oracle_gain": 0.48
    }
  }
}
Saved semantic bank novel-interp audit to: /media/bio/data/BiMC-test/experiments/miniimagenet/semantic_bank_novel_interp_audit_bimc_ensemble/seed1_20260414-054623
=== 2026-04-14_05:47:10 seed=2 ===
manual seed: 2
use gpu: ['0']
Loading CLIP (backbone: ViT-B/16)
Prompt template:['a photo of a {}.']
class names: ['house finch' 'robin' 'triceratops' 'green mamba' 'harvestman' 'toucan'
 'goose' 'jellyfish' 'nematode' 'king crab' 'dugong' 'Walker hound'
 'Ibizan hound' 'Saluki' 'golden retriever' 'Gordon setter' 'komondor'
 'boxer' 'Tibetan mastiff' 'French bulldog' 'malamute' 'dalmatian'
 'Newfoundland' 'miniature poodle' 'white wolf' 'African hunting dog'
 'Arctic fox' 'lion' 'meerkat' 'ladybug' 'rhinoceros beetle' 'ant'
 'black-footed ferret' 'three-toed sloth' 'rock beauty' 'aircraft carrier'
 'ashcan' 'barrel' 'beer bottle' 'bookshop' 'cannon' 'carousel' 'carton'
 'catamaran' 'chime' 'clog' 'cocktail shaker' 'combination lock' 'crate'
 'cuirass' 'dishrag' 'dome' 'electric guitar' 'file' 'fire screen'
 'frying pan' 'garbage truck' 'hair slide' 'holster' 'horizontal bar']
all targets:tensor([ 0,  1,  2,  3,  4,  5,  6,  7,  8,  9, 10, 11, 12, 13, 14, 15, 16, 17,
        18, 19, 20, 21, 22, 23, 24, 25, 26, 27, 28, 29, 30, 31, 32, 33, 34, 35,
        36, 37, 38, 39, 40, 41, 42, 43, 44, 45, 46, 47, 48, 49, 50, 51, 52, 53,
        54, 55, 56, 57, 58, 59], device='cuda:0')
finish loading covariance
class names: ['hourglass' 'iPod' 'lipstick' 'miniskirt' 'missile']
all targets:tensor([60, 61, 62, 63, 64], device='cuda:0')
calibrate vision proto on class [[60 61 62 63 64]]
finish loading covariance
class names: ['mixing bowl' 'oboe' 'organ' 'parallel bars' 'pencil box']
all targets:tensor([65, 66, 67, 68, 69], device='cuda:0')
calibrate vision proto on class [[65 66 67 68 69]]
finish loading covariance
class names: ['photocopier' 'poncho' 'prayer rug' 'reel' 'school bus']
all targets:tensor([70, 71, 72, 73, 74], device='cuda:0')
calibrate vision proto on class [[70 71 72 73 74]]
finish loading covariance
class names: ['scoreboard' 'slot' 'snorkel' 'solar dish' 'spider web']
all targets:tensor([75, 76, 77, 78, 79], device='cuda:0')
calibrate vision proto on class [[75 76 77 78 79]]
finish loading covariance
class names: ['stage' 'tank' 'theater curtain' 'tile roof' 'tobacco shop']
all targets:tensor([80, 81, 82, 83, 84], device='cuda:0')
calibrate vision proto on class [[80 81 82 83 84]]
finish loading covariance
class names: ['unicycle' 'upright' 'vase' 'wok' 'worm fence']
all targets:tensor([85, 86, 87, 88, 89], device='cuda:0')
calibrate vision proto on class [[85 86 87 88 89]]
finish loading covariance
class names: ['yawl' 'street sign' 'consomme' 'trifle' 'hotdog']
all targets:tensor([90, 91, 92, 93, 94], device='cuda:0')
calibrate vision proto on class [[90 91 92 93 94]]
finish loading covariance
class names: ['orange' 'cliff' 'coral reef' 'bolete' 'ear']
all targets:tensor([95, 96, 97, 98, 99], device='cuda:0')
calibrate vision proto on class [[95 96 97 98 99]]
finish loading covariance
{
  "dataset": "miniimagenet",
  "runtime_sec": 48.807,
  "k_effective": 3,
  "results": {
    "0.0": {
      "full_acc": 92.41,
      "full_novel_acc": 91.225,
      "full_oracle_gain": 0.58
    },
    "0.25": {
      "full_acc": 92.42,
      "full_novel_acc": 91.3,
      "full_oracle_gain": 0.66
    },
    "0.75": {
      "full_acc": 92.42,
      "full_novel_acc": 91.4,
      "full_oracle_gain": 0.55
    }
  }
}
Saved semantic bank novel-interp audit to: /media/bio/data/BiMC-test/experiments/miniimagenet/semantic_bank_novel_interp_audit_bimc_ensemble/seed2_20260414-054711
=== 2026-04-14_05:48:00 seed=3 ===
manual seed: 3
use gpu: ['0']
Loading CLIP (backbone: ViT-B/16)
Prompt template:['a photo of a {}.']
class names: ['house finch' 'robin' 'triceratops' 'green mamba' 'harvestman' 'toucan'
 'goose' 'jellyfish' 'nematode' 'king crab' 'dugong' 'Walker hound'
 'Ibizan hound' 'Saluki' 'golden retriever' 'Gordon setter' 'komondor'
 'boxer' 'Tibetan mastiff' 'French bulldog' 'malamute' 'dalmatian'
 'Newfoundland' 'miniature poodle' 'white wolf' 'African hunting dog'
 'Arctic fox' 'lion' 'meerkat' 'ladybug' 'rhinoceros beetle' 'ant'
 'black-footed ferret' 'three-toed sloth' 'rock beauty' 'aircraft carrier'
 'ashcan' 'barrel' 'beer bottle' 'bookshop' 'cannon' 'carousel' 'carton'
 'catamaran' 'chime' 'clog' 'cocktail shaker' 'combination lock' 'crate'
 'cuirass' 'dishrag' 'dome' 'electric guitar' 'file' 'fire screen'
 'frying pan' 'garbage truck' 'hair slide' 'holster' 'horizontal bar']
all targets:tensor([ 0,  1,  2,  3,  4,  5,  6,  7,  8,  9, 10, 11, 12, 13, 14, 15, 16, 17,
        18, 19, 20, 21, 22, 23, 24, 25, 26, 27, 28, 29, 30, 31, 32, 33, 34, 35,
        36, 37, 38, 39, 40, 41, 42, 43, 44, 45, 46, 47, 48, 49, 50, 51, 52, 53,
        54, 55, 56, 57, 58, 59], device='cuda:0')
finish loading covariance
class names: ['hourglass' 'iPod' 'lipstick' 'miniskirt' 'missile']
all targets:tensor([60, 61, 62, 63, 64], device='cuda:0')
calibrate vision proto on class [[60 61 62 63 64]]
finish loading covariance
class names: ['mixing bowl' 'oboe' 'organ' 'parallel bars' 'pencil box']
all targets:tensor([65, 66, 67, 68, 69], device='cuda:0')
calibrate vision proto on class [[65 66 67 68 69]]
finish loading covariance
class names: ['photocopier' 'poncho' 'prayer rug' 'reel' 'school bus']
all targets:tensor([70, 71, 72, 73, 74], device='cuda:0')
calibrate vision proto on class [[70 71 72 73 74]]
finish loading covariance
class names: ['scoreboard' 'slot' 'snorkel' 'solar dish' 'spider web']
all targets:tensor([75, 76, 77, 78, 79], device='cuda:0')
calibrate vision proto on class [[75 76 77 78 79]]
finish loading covariance
class names: ['stage' 'tank' 'theater curtain' 'tile roof' 'tobacco shop']
all targets:tensor([80, 81, 82, 83, 84], device='cuda:0')
calibrate vision proto on class [[80 81 82 83 84]]
finish loading covariance
class names: ['unicycle' 'upright' 'vase' 'wok' 'worm fence']
all targets:tensor([85, 86, 87, 88, 89], device='cuda:0')
calibrate vision proto on class [[85 86 87 88 89]]
finish loading covariance
class names: ['yawl' 'street sign' 'consomme' 'trifle' 'hotdog']
all targets:tensor([90, 91, 92, 93, 94], device='cuda:0')
calibrate vision proto on class [[90 91 92 93 94]]
finish loading covariance
class names: ['orange' 'cliff' 'coral reef' 'bolete' 'ear']
all targets:tensor([95, 96, 97, 98, 99], device='cuda:0')
calibrate vision proto on class [[95 96 97 98 99]]
finish loading covariance
{
  "dataset": "miniimagenet",
  "runtime_sec": 49.01,
  "k_effective": 3,
  "results": {
    "0.0": {
      "full_acc": 92.33,
      "full_novel_acc": 91.3,
      "full_oracle_gain": 0.46
    },
    "0.25": {
      "full_acc": 92.33,
      "full_novel_acc": 91.325,
      "full_oracle_gain": 0.75
    },
    "0.75": {
      "full_acc": 92.32,
      "full_novel_acc": 91.425,
      "full_oracle_gain": 0.71
    }
  }
}
Saved semantic bank novel-interp audit to: /media/bio/data/BiMC-test/experiments/miniimagenet/semantic_bank_novel_interp_audit_bimc_ensemble/seed3_20260414-054801
=== 2026-04-14_05:48:50 seed=4 ===
manual seed: 4
use gpu: ['0']
Loading CLIP (backbone: ViT-B/16)
Prompt template:['a photo of a {}.']
class names: ['house finch' 'robin' 'triceratops' 'green mamba' 'harvestman' 'toucan'
 'goose' 'jellyfish' 'nematode' 'king crab' 'dugong' 'Walker hound'
 'Ibizan hound' 'Saluki' 'golden retriever' 'Gordon setter' 'komondor'
 'boxer' 'Tibetan mastiff' 'French bulldog' 'malamute' 'dalmatian'
 'Newfoundland' 'miniature poodle' 'white wolf' 'African hunting dog'
 'Arctic fox' 'lion' 'meerkat' 'ladybug' 'rhinoceros beetle' 'ant'
 'black-footed ferret' 'three-toed sloth' 'rock beauty' 'aircraft carrier'
 'ashcan' 'barrel' 'beer bottle' 'bookshop' 'cannon' 'carousel' 'carton'
 'catamaran' 'chime' 'clog' 'cocktail shaker' 'combination lock' 'crate'
 'cuirass' 'dishrag' 'dome' 'electric guitar' 'file' 'fire screen'
 'frying pan' 'garbage truck' 'hair slide' 'holster' 'horizontal bar']
all targets:tensor([ 0,  1,  2,  3,  4,  5,  6,  7,  8,  9, 10, 11, 12, 13, 14, 15, 16, 17,
        18, 19, 20, 21, 22, 23, 24, 25, 26, 27, 28, 29, 30, 31, 32, 33, 34, 35,
        36, 37, 38, 39, 40, 41, 42, 43, 44, 45, 46, 47, 48, 49, 50, 51, 52, 53,
        54, 55, 56, 57, 58, 59], device='cuda:0')
finish loading covariance
class names: ['hourglass' 'iPod' 'lipstick' 'miniskirt' 'missile']
all targets:tensor([60, 61, 62, 63, 64], device='cuda:0')
calibrate vision proto on class [[60 61 62 63 64]]
finish loading covariance
class names: ['mixing bowl' 'oboe' 'organ' 'parallel bars' 'pencil box']
all targets:tensor([65, 66, 67, 68, 69], device='cuda:0')
calibrate vision proto on class [[65 66 67 68 69]]
finish loading covariance
class names: ['photocopier' 'poncho' 'prayer rug' 'reel' 'school bus']
all targets:tensor([70, 71, 72, 73, 74], device='cuda:0')
calibrate vision proto on class [[70 71 72 73 74]]
finish loading covariance
class names: ['scoreboard' 'slot' 'snorkel' 'solar dish' 'spider web']
all targets:tensor([75, 76, 77, 78, 79], device='cuda:0')
calibrate vision proto on class [[75 76 77 78 79]]
finish loading covariance
class names: ['stage' 'tank' 'theater curtain' 'tile roof' 'tobacco shop']
all targets:tensor([80, 81, 82, 83, 84], device='cuda:0')
calibrate vision proto on class [[80 81 82 83 84]]
finish loading covariance
class names: ['unicycle' 'upright' 'vase' 'wok' 'worm fence']
all targets:tensor([85, 86, 87, 88, 89], device='cuda:0')
calibrate vision proto on class [[85 86 87 88 89]]
finish loading covariance
class names: ['yawl' 'street sign' 'consomme' 'trifle' 'hotdog']
all targets:tensor([90, 91, 92, 93, 94], device='cuda:0')
calibrate vision proto on class [[90 91 92 93 94]]
finish loading covariance
class names: ['orange' 'cliff' 'coral reef' 'bolete' 'ear']
all targets:tensor([95, 96, 97, 98, 99], device='cuda:0')
calibrate vision proto on class [[95 96 97 98 99]]
finish loading covariance
{
  "dataset": "miniimagenet",
  "runtime_sec": 49.185,
  "k_effective": 3,
  "results": {
    "0.0": {
      "full_acc": 92.65,
      "full_novel_acc": 91.95,
      "full_oracle_gain": 0.41
    },
    "0.25": {
      "full_acc": 92.62,
      "full_novel_acc": 92.0,
      "full_oracle_gain": 0.49
    },
    "0.75": {
      "full_acc": 92.64,
      "full_novel_acc": 92.15,
      "full_oracle_gain": 0.52
    }
  }
}
Saved semantic bank novel-interp audit to: /media/bio/data/BiMC-test/experiments/miniimagenet/semantic_bank_novel_interp_audit_bimc_ensemble/seed4_20260414-054851
=== 2026-04-14_05:49:40 seed=5 ===
manual seed: 5
use gpu: ['0']
Loading CLIP (backbone: ViT-B/16)
Prompt template:['a photo of a {}.']
class names: ['house finch' 'robin' 'triceratops' 'green mamba' 'harvestman' 'toucan'
 'goose' 'jellyfish' 'nematode' 'king crab' 'dugong' 'Walker hound'
 'Ibizan hound' 'Saluki' 'golden retriever' 'Gordon setter' 'komondor'
 'boxer' 'Tibetan mastiff' 'French bulldog' 'malamute' 'dalmatian'
 'Newfoundland' 'miniature poodle' 'white wolf' 'African hunting dog'
 'Arctic fox' 'lion' 'meerkat' 'ladybug' 'rhinoceros beetle' 'ant'
 'black-footed ferret' 'three-toed sloth' 'rock beauty' 'aircraft carrier'
 'ashcan' 'barrel' 'beer bottle' 'bookshop' 'cannon' 'carousel' 'carton'
 'catamaran' 'chime' 'clog' 'cocktail shaker' 'combination lock' 'crate'
 'cuirass' 'dishrag' 'dome' 'electric guitar' 'file' 'fire screen'
 'frying pan' 'garbage truck' 'hair slide' 'holster' 'horizontal bar']
all targets:tensor([ 0,  1,  2,  3,  4,  5,  6,  7,  8,  9, 10, 11, 12, 13, 14, 15, 16, 17,
        18, 19, 20, 21, 22, 23, 24, 25, 26, 27, 28, 29, 30, 31, 32, 33, 34, 35,
        36, 37, 38, 39, 40, 41, 42, 43, 44, 45, 46, 47, 48, 49, 50, 51, 52, 53,
        54, 55, 56, 57, 58, 59], device='cuda:0')
finish loading covariance
class names: ['hourglass' 'iPod' 'lipstick' 'miniskirt' 'missile']
all targets:tensor([60, 61, 62, 63, 64], device='cuda:0')
calibrate vision proto on class [[60 61 62 63 64]]
finish loading covariance
class names: ['mixing bowl' 'oboe' 'organ' 'parallel bars' 'pencil box']
all targets:tensor([65, 66, 67, 68, 69], device='cuda:0')
calibrate vision proto on class [[65 66 67 68 69]]
finish loading covariance
class names: ['photocopier' 'poncho' 'prayer rug' 'reel' 'school bus']
all targets:tensor([70, 71, 72, 73, 74], device='cuda:0')
calibrate vision proto on class [[70 71 72 73 74]]
finish loading covariance
class names: ['scoreboard' 'slot' 'snorkel' 'solar dish' 'spider web']
all targets:tensor([75, 76, 77, 78, 79], device='cuda:0')
calibrate vision proto on class [[75 76 77 78 79]]
finish loading covariance
class names: ['stage' 'tank' 'theater curtain' 'tile roof' 'tobacco shop']
all targets:tensor([80, 81, 82, 83, 84], device='cuda:0')
calibrate vision proto on class [[80 81 82 83 84]]
finish loading covariance
class names: ['unicycle' 'upright' 'vase' 'wok' 'worm fence']
all targets:tensor([85, 86, 87, 88, 89], device='cuda:0')
calibrate vision proto on class [[85 86 87 88 89]]
finish loading covariance
class names: ['yawl' 'street sign' 'consomme' 'trifle' 'hotdog']
all targets:tensor([90, 91, 92, 93, 94], device='cuda:0')
calibrate vision proto on class [[90 91 92 93 94]]
finish loading covariance
class names: ['orange' 'cliff' 'coral reef' 'bolete' 'ear']
all targets:tensor([95, 96, 97, 98, 99], device='cuda:0')
calibrate vision proto on class [[95 96 97 98 99]]
finish loading covariance
{
  "dataset": "miniimagenet",
  "runtime_sec": 49.631,
  "k_effective": 3,
  "results": {
    "0.0": {
      "full_acc": 92.4,
      "full_novel_acc": 91.325,
      "full_oracle_gain": 0.47
    },
    "0.25": {
      "full_acc": 92.39,
      "full_novel_acc": 91.375,
      "full_oracle_gain": 0.49
    },
    "0.75": {
      "full_acc": 92.31,
      "full_novel_acc": 91.35,
      "full_oracle_gain": 0.6
    }
  }
}
Saved semantic bank novel-interp audit to: /media/bio/data/BiMC-test/experiments/miniimagenet/semantic_bank_novel_interp_audit_bimc_ensemble/seed5_20260414-054941
