manual seed: 1
use gpu: ['0']
=== RERANK [oracle_gt_rerank] R=448 partition=gt attrs=312 ===
/home/ndag/.cache/torch/hub/facebookresearch_dinov2_main/dinov2/layers/swiglu_ffn.py:51: UserWarning: xFormers is not available (SwiGLU)
  warnings.warn("xFormers is not available (SwiGLU)")
/home/ndag/.cache/torch/hub/facebookresearch_dinov2_main/dinov2/layers/attention.py:36: UserWarning: xFormers is not available (Attention)
  warnings.warn("xFormers is not available (Attention)")
/home/ndag/.cache/torch/hub/facebookresearch_dinov2_main/dinov2/layers/block.py:40: UserWarning: xFormers is not available (Block)
  warnings.warn("xFormers is not available (Block)")
extracting train
extracting test
manual seed: 1
[task 10] seen=200 n_dirs=159

CONCEPT RERANK [oracle_gt_rerank] @ 448 | partition=gt | 312 attrs
V1 baseline: avg 86.86 final 86.88 base 89.0 inc 84.79 harm 86.85

  K= 2: l0.0:86.86 l0.5:86.86 l1.0:86.86 l2.0:86.86 l4.0:86.86 l8.0:86.88 l16.0:86.86 l32.0:86.84
  K= 5: l0.0:86.86 l0.5:86.86 l1.0:86.87 l2.0:86.87 l4.0:86.87 l8.0:86.86 l16.0:86.82 l32.0:86.75
  K=10: l0.0:86.86 l0.5:86.86 l1.0:86.86 l2.0:86.87 l4.0:86.87 l8.0:86.83 l16.0:86.78 l32.0:86.61

BEST: K2_lam8.0 avg 86.88 (delta +0.02) final 86.95 base 89.0 inc 84.93 harm 86.92
runtime_sec: 334.8
Saved /media/ndag/newVolume/BiMC-test/dino_concept_runs/cub_seed1_oracle_gt_rerank
