=== 2026-04-12 22:06:22 | configs/datasets/cifar100_adaptive.yaml | configs/trainers/bimc.yaml ===
manual seed: 1
use gpu: ['0']
/media/bio/data/BiMC-test/models/clip/clip.py:23: UserWarning: PyTorch version 1.7.1 or higher is recommended
  warnings.warn("PyTorch version 1.7.1 or higher is recommended")
Files already downloaded and verified
Files already downloaded and verified
Loading CLIP (backbone: ViT-B/16)
Prompt template:['a photo of a {}.']
Saving experiment artifacts to: /media/bio/data/BiMC-test/experiments/CIFAR100/bimc/seed1_20260412-220625
Start inferencing on all tasks: [0, 8]
class names: ['apple' 'aquarium fish' 'baby' 'bear' 'beaver' 'bed' 'bee' 'beetle'
 'bicycle' 'bottle' 'bowl' 'boy' 'bridge' 'bus' 'butterfly' 'camel' 'can'
 'castle' 'caterpillar' 'cattle' 'chair' 'chimpanzee' 'clock' 'cloud'
 'cockroach' 'couch' 'crab' 'crocodile' 'cup' 'dinosaur' 'dolphin'
 'elephant' 'flatfish' 'forest' 'fox' 'girl' 'hamster' 'house' 'kangaroo'
 'keyboard' 'lamp' 'lawn mower' 'leopard' 'lion' 'lizard' 'lobster' 'man'
 'maple tree' 'motorcycle' 'mountain' 'mouse' 'mushroom' 'oak tree'
 'orange' 'orchid' 'otter' 'palm tree' 'pear' 'pickup truck' 'pine tree']
all targets:tensor([ 0,  1,  2,  3,  4,  5,  6,  7,  8,  9, 10, 11, 12, 13, 14, 15, 16, 17,
        18, 19, 20, 21, 22, 23, 24, 25, 26, 27, 28, 29, 30, 31, 32, 33, 34, 35,
        36, 37, 38, 39, 40, 41, 42, 43, 44, 45, 46, 47, 48, 49, 50, 51, 52, 53,
        54, 55, 56, 57, 58, 59], device='cuda:0')
finish loading covariance
  0%|          | 0/60 [00:00<?, ?it/s]  0%|          | 0/60 [00:00<?, ?it/s]
Traceback (most recent call last):
  File "main.py", line 156, in <module>
    main()
  File "main.py", line 152, in main
    engine.run()
  File "/home/bio/anaconda3/envs/fscil-env/lib/python3.8/site-packages/torch/autograd/grad_mode.py", line 27, in decorate_context
    return func(*args, **kwargs)
  File "/media/bio/data/BiMC-test/engine/engine.py", line 171, in run
    acc = self.inference_task_covariance(i, merged_state_dict)
  File "/home/bio/anaconda3/envs/fscil-env/lib/python3.8/site-packages/torch/autograd/grad_mode.py", line 27, in decorate_context
    return func(*args, **kwargs)
  File "/media/bio/data/BiMC-test/engine/engine.py", line 262, in inference_task_covariance
    logits = self.model.forward_ours(
TypeError: forward_ours() got an unexpected keyword argument 'images_features'
