/media/bio/data/BiMC-test/models/clip/clip.py:23: UserWarning: PyTorch version 1.7.1 or higher is recommended
  warnings.warn("PyTorch version 1.7.1 or higher is recommended")
manual seed: 9
use gpu: ['0']
Loading CLIP (backbone: ViT-B/16)
Prompt template:['a photo of a {}.']
Loading DinoV2 ViT-B/14 from local hub: /home/bio/.cache/torch/hub/facebookresearch_dinov2_main
/home/bio/.cache/torch/hub/facebookresearch_dinov2_main/dinov2/layers/swiglu_ffn.py:51: UserWarning: xFormers is not available (SwiGLU)
  warnings.warn("xFormers is not available (SwiGLU)")
/home/bio/.cache/torch/hub/facebookresearch_dinov2_main/dinov2/layers/attention.py:34: UserWarning: xFormers is not available (Attention)
  warnings.warn("xFormers is not available (Attention)")
/home/bio/.cache/torch/hub/facebookresearch_dinov2_main/dinov2/layers/block.py:41: UserWarning: xFormers is not available (Block)
  warnings.warn("xFormers is not available (Block)")
Loading DinoV2 weights: /home/bio/.cache/torch/hub/checkpoints/dinov2_vitb14_pretrain.pth
class names: ['Black footed Albatross' 'Laysan Albatross' 'Sooty Albatross'
 'Groove billed Ani' 'Crested Auklet' 'Least Auklet' 'Parakeet Auklet'
 'Rhinoceros Auklet' 'Brewer Blackbird' 'Red winged Blackbird'
 'Rusty Blackbird' 'Yellow headed Blackbird' 'Bobolink' 'Indigo Bunting'
 'Lazuli Bunting' 'Painted Bunting' 'Cardinal' 'Spotted Catbird'
 'Gray Catbird' 'Yellow breasted Chat' 'Eastern Towhee' 'Chuck will Widow'
 'Brandt Cormorant' 'Red faced Cormorant' 'Pelagic Cormorant'
 'Bronzed Cowbird' 'Shiny Cowbird' 'Brown Creeper' 'American Crow'
 'Fish Crow' 'Black billed Cuckoo' 'Mangrove Cuckoo'
 'Yellow billed Cuckoo' 'Gray crowned Rosy Finch' 'Purple Finch'
 'Northern Flicker' 'Acadian Flycatcher' 'Great Crested Flycatcher'
 'Least Flycatcher' 'Olive sided Flycatcher' 'Scissor tailed Flycatcher'
 'Vermilion Flycatcher' 'Yellow bellied Flycatcher' 'Frigatebird'
 'Northern Fulmar' 'Gadwall' 'American Goldfinch' 'European Goldfinch'
 'Boat tailed Grackle' 'Eared Grebe' 'Horned Grebe' 'Pied billed Grebe'
 'Western Grebe' 'Blue Grosbeak' 'Evening Grosbeak' 'Pine Grosbeak'
 'Rose breasted Grosbeak' 'Pigeon Guillemot' 'California Gull'
 'Glaucous winged Gull' 'Heermann Gull' 'Herring Gull' 'Ivory Gull'
 'Ring billed Gull' 'Slaty backed Gull' 'Western Gull' 'Anna Hummingbird'
 'Ruby throated Hummingbird' 'Rufous Hummingbird' 'Green Violetear'
 'Long tailed Jaeger' 'Pomarine Jaeger' 'Blue Jay' 'Florida Jay'
 'Green Jay' 'Dark eyed Junco' 'Tropical Kingbird' 'Gray Kingbird'
 'Belted Kingfisher' 'Green Kingfisher' 'Pied Kingfisher'
 'Ringed Kingfisher' 'White breasted Kingfisher' 'Red legged Kittiwake'
 'Horned Lark' 'Pacific Loon' 'Mallard' 'Western Meadowlark'
 'Hooded Merganser' 'Red breasted Merganser' 'Mockingbird' 'Nighthawk'
 'Clark Nutcracker' 'White breasted Nuthatch' 'Baltimore Oriole'
 'Hooded Oriole' 'Orchard Oriole' 'Scott Oriole' 'Ovenbird'
 'Brown Pelican']
all targets:tensor([ 0,  1,  2,  3,  4,  5,  6,  7,  8,  9, 10, 11, 12, 13, 14, 15, 16, 17,
        18, 19, 20, 21, 22, 23, 24, 25, 26, 27, 28, 29, 30, 31, 32, 33, 34, 35,
        36, 37, 38, 39, 40, 41, 42, 43, 44, 45, 46, 47, 48, 49, 50, 51, 52, 53,
        54, 55, 56, 57, 58, 59, 60, 61, 62, 63, 64, 65, 66, 67, 68, 69, 70, 71,
        72, 73, 74, 75, 76, 77, 78, 79, 80, 81, 82, 83, 84, 85, 86, 87, 88, 89,
        90, 91, 92, 93, 94, 95, 96, 97, 98, 99], device='cuda:0')
dino all targets:tensor([ 0,  1,  2,  3,  4,  5,  6,  7,  8,  9, 10, 11, 12, 13, 14, 15, 16, 17,
        18, 19, 20, 21, 22, 23, 24, 25, 26, 27, 28, 29, 30, 31, 32, 33, 34, 35,
        36, 37, 38, 39, 40, 41, 42, 43, 44, 45, 46, 47, 48, 49, 50, 51, 52, 53,
        54, 55, 56, 57, 58, 59, 60, 61, 62, 63, 64, 65, 66, 67, 68, 69, 70, 71,
        72, 73, 74, 75, 76, 77, 78, 79, 80, 81, 82, 83, 84, 85, 86, 87, 88, 89,
        90, 91, 92, 93, 94, 95, 96, 97, 98, 99], device='cuda:0')
finish loading CLIP/DinoV2 covariance
class names: ['White Pelican' 'Western Wood Pewee' 'Sayornis' 'American Pipit'
 'Whip poor Will' 'Horned Puffin' 'Common Raven' 'White necked Raven'
 'American Redstart' 'Geococcyx']
all targets:tensor([100, 101, 102, 103, 104, 105, 106, 107, 108, 109], device='cuda:0')
dino all targets:tensor([100, 101, 102, 103, 104, 105, 106, 107, 108, 109], device='cuda:0')
finish loading CLIP/DinoV2 covariance
class names: ['Loggerhead Shrike' 'Great Grey Shrike' 'Baird Sparrow'
 'Black throated Sparrow' 'Brewer Sparrow' 'Chipping Sparrow'
 'Clay colored Sparrow' 'House Sparrow' 'Field Sparrow' 'Fox Sparrow']
all targets:tensor([110, 111, 112, 113, 114, 115, 116, 117, 118, 119], device='cuda:0')
dino all targets:tensor([110, 111, 112, 113, 114, 115, 116, 117, 118, 119], device='cuda:0')
finish loading CLIP/DinoV2 covariance
class names: ['Grasshopper Sparrow' 'Harris Sparrow' 'Henslow Sparrow'
 'Le Conte Sparrow' 'Lincoln Sparrow' 'Nelson Sharp tailed Sparrow'
 'Savannah Sparrow' 'Seaside Sparrow' 'Song Sparrow' 'Tree Sparrow']
all targets:tensor([120, 121, 122, 123, 124, 125, 126, 127, 128, 129], device='cuda:0')
dino all targets:tensor([120, 121, 122, 123, 124, 125, 126, 127, 128, 129], device='cuda:0')
finish loading CLIP/DinoV2 covariance
class names: ['Vesper Sparrow' 'White crowned Sparrow' 'White throated Sparrow'
 'Cape Glossy Starling' 'Bank Swallow' 'Barn Swallow' 'Cliff Swallow'
 'Tree Swallow' 'Scarlet Tanager' 'Summer Tanager']
all targets:tensor([130, 131, 132, 133, 134, 135, 136, 137, 138, 139], device='cuda:0')
dino all targets:tensor([130, 131, 132, 133, 134, 135, 136, 137, 138, 139], device='cuda:0')
finish loading CLIP/DinoV2 covariance
class names: ['Artic Tern' 'Black Tern' 'Caspian Tern' 'Common Tern' 'Elegant Tern'
 'Forsters Tern' 'Least Tern' 'Green tailed Towhee' 'Brown Thrasher'
 'Sage Thrasher']
all targets:tensor([140, 141, 142, 143, 144, 145, 146, 147, 148, 149], device='cuda:0')
dino all targets:tensor([140, 141, 142, 143, 144, 145, 146, 147, 148, 149], device='cuda:0')
finish loading CLIP/DinoV2 covariance
class names: ['Black capped Vireo' 'Blue headed Vireo' 'Philadelphia Vireo'
 'Red eyed Vireo' 'Warbling Vireo' 'White eyed Vireo'
 'Yellow throated Vireo' 'Bay breasted Warbler' 'Black and white Warbler'
 'Black throated Blue Warbler']
all targets:tensor([150, 151, 152, 153, 154, 155, 156, 157, 158, 159], device='cuda:0')
dino all targets:tensor([150, 151, 152, 153, 154, 155, 156, 157, 158, 159], device='cuda:0')
finish loading CLIP/DinoV2 covariance
class names: ['Blue winged Warbler' 'Canada Warbler' 'Cape May Warbler'
 'Cerulean Warbler' 'Chestnut sided Warbler' 'Golden winged Warbler'
 'Hooded Warbler' 'Kentucky Warbler' 'Magnolia Warbler' 'Mourning Warbler']
all targets:tensor([160, 161, 162, 163, 164, 165, 166, 167, 168, 169], device='cuda:0')
dino all targets:tensor([160, 161, 162, 163, 164, 165, 166, 167, 168, 169], device='cuda:0')
finish loading CLIP/DinoV2 covariance
class names: ['Myrtle Warbler' 'Nashville Warbler' 'Orange crowned Warbler'
 'Palm Warbler' 'Pine Warbler' 'Prairie Warbler' 'Prothonotary Warbler'
 'Swainson Warbler' 'Tennessee Warbler' 'Wilson Warbler']
all targets:tensor([170, 171, 172, 173, 174, 175, 176, 177, 178, 179], device='cuda:0')
dino all targets:tensor([170, 171, 172, 173, 174, 175, 176, 177, 178, 179], device='cuda:0')
finish loading CLIP/DinoV2 covariance
class names: ['Worm eating Warbler' 'Yellow Warbler' 'Northern Waterthrush'
 'Louisiana Waterthrush' 'Bohemian Waxwing' 'Cedar Waxwing'
 'American Three toed Woodpecker' 'Pileated Woodpecker'
 'Red bellied Woodpecker' 'Red cockaded Woodpecker']
all targets:tensor([180, 181, 182, 183, 184, 185, 186, 187, 188, 189], device='cuda:0')
dino all targets:tensor([180, 181, 182, 183, 184, 185, 186, 187, 188, 189], device='cuda:0')
finish loading CLIP/DinoV2 covariance
class names: ['Red headed Woodpecker' 'Downy Woodpecker' 'Bewick Wren' 'Cactus Wren'
 'Carolina Wren' 'House Wren' 'Marsh Wren' 'Rock Wren' 'Winter Wren'
 'Common Yellowthroat']
all targets:tensor([190, 191, 192, 193, 194, 195, 196, 197, 198, 199], device='cuda:0')
dino all targets:tensor([190, 191, 192, 193, 194, 195, 196, 197, 198, 199], device='cuda:0')
finish loading CLIP/DinoV2 covariance
session 0: baseline=88.163 final=88.163 gain=0.000
session 1: baseline=86.669 final=86.987 gain=0.318
session 2: baseline=86.560 final=86.880 gain=0.321
session 3: baseline=85.408 final=85.971 gain=0.563
session 4: baseline=85.700 final=86.271 gain=0.571
session 5: baseline=84.813 final=85.275 gain=0.462
session 6: baseline=84.937 final=85.522 gain=0.585
session 7: baseline=85.420 final=85.991 gain=0.570
session 8: baseline=84.652 final=85.440 gain=0.788
session 9: baseline=85.166 final=85.912 gain=0.746
session 10: baseline=85.433 final=86.296 gain=0.863
{
  "dataset": "cub200",
  "seed": 9,
  "train_cfg": "experiments/bmvc_1256_20260508-124032/generated_configs/bimc_dino_fusion.yaml",
  "method": "sessionwise conservative query prototype refinement on bimc_dino_fusion with pseudo-validation alpha selection",
  "runtime_sec": 250.324,
  "alpha_grid": [
    0.5,
    0.75,
    1.0
  ],
  "alpha_selection": "pseudo_validation_no_test_labels",
  "mass_thr": 0.3,
  "min_count": 5,
  "val_fraction": 0.2,
  "base_val_conf_thr": 0.5,
  "base_val_max_per_class": 50,
  "fallback_alpha": 0.75,
  "topk_per_class": null,
  "baseline_acc_list": [
    88.163,
    86.669,
    86.56,
    85.408,
    85.7,
    84.813,
    84.937,
    85.42,
    84.652,
    85.166,
    85.433
  ],
  "final_acc_list": [
    88.163,
    86.987,
    86.88,
    85.971,
    86.271,
    85.275,
    85.522,
    85.991,
    85.44,
    85.912,
    86.296
  ],
  "gain_list": [
    0.0,
    0.318,
    0.321,
    0.563,
    0.571,
    0.462,
    0.585,
    0.57,
    0.788,
    0.746,
    0.863
  ],
  "baseline_avg": 85.72,
  "baseline_pd": 2.73,
  "final_avg": 86.246,
  "final_pd": 1.867,
  "gain_avg": 0.526,
  "session_results": [
    {
      "session": 0,
      "num_seen_classes": 100,
      "baseline_full_acc": 88.163,
      "baseline_base_acc": 88.163,
      "baseline_novel_acc": 0.0,
      "best_alpha": null,
      "final_full_acc": 88.163,
      "final_base_acc": 88.163,
      "final_novel_acc": 0.0,
      "final_gain": 0.0,
      "updated_class_count": 0,
      "gated_query_count": 0,
      "alpha_selection": {
        "mode": "not_applicable_base_session",
        "selected_alpha": null
      }
    },
    {
      "session": 1,
      "num_seen_classes": 110,
      "baseline_full_acc": 86.669,
      "baseline_base_acc": 88.163,
      "baseline_novel_acc": 71.326,
      "selected_alpha": 0.5,
      "final_full_acc": 86.987,
      "final_base_acc": 88.094,
      "final_novel_acc": 75.627,
      "final_gain": 0.318,
      "updated_class_count": 9,
      "gated_query_count": 213,
      "gated_base_count": 2,
      "gated_novel_count": 211,
      "alpha_selection": {
        "mode": "pseudo_validation",
        "fallback_used": false,
        "selected_alpha": 0.5,
        "candidates": [
          {
            "alpha": 0.5,
            "pseudo_val_score": -0.088914,
            "pseudo_val_nll": 0.088914,
            "pseudo_val_agreement": 99.546
          },
          {
            "alpha": 0.75,
            "pseudo_val_score": -0.091397,
            "pseudo_val_nll": 0.091397,
            "pseudo_val_agreement": 99.407
          },
          {
            "alpha": 1.0,
            "pseudo_val_score": -0.092908,
            "pseudo_val_nll": 0.092908,
            "pseudo_val_agreement": 99.337
          }
        ],
        "split": {
          "novel_gated_query_count": 213,
          "validation_count": 2865,
          "novel_validation_count": 41,
          "base_validation_count": 2824,
          "updated_class_count": 9,
          "per_class_counts": {
            "100": 17,
            "101": 20,
            "102": 16,
            "103": 30,
            "104": 2,
            "105": 30,
            "106": 19,
            "107": 21,
            "108": 27,
            "109": 31
          },
          "per_class_update_counts": {
            "100": 14,
            "101": 16,
            "102": 13,
            "103": 24,
            "104": 0,
            "105": 24,
            "106": 15,
            "107": 17,
            "108": 22,
            "109": 25
          },
          "per_class_validation_counts": {
            "100": 3,
            "101": 4,
            "102": 3,
            "103": 6,
            "104": 0,
            "105": 6,
            "106": 4,
            "107": 4,
            "108": 5,
            "109": 6
          }
        }
      }
    },
    {
      "session": 2,
      "num_seen_classes": 120,
      "baseline_full_acc": 86.56,
      "baseline_base_acc": 88.198,
      "baseline_novel_acc": 78.269,
      "selected_alpha": 0.5,
      "final_full_acc": 86.88,
      "final_base_acc": 88.128,
      "final_novel_acc": 80.565,
      "final_gain": 0.321,
      "updated_class_count": 19,
      "gated_query_count": 497,
      "gated_base_count": 2,
      "gated_novel_count": 495,
      "alpha_selection": {
        "mode": "pseudo_validation",
        "fallback_used": false,
        "selected_alpha": 0.5,
        "candidates": [
          {
            "alpha": 0.5,
            "pseudo_val_score": -0.10014,
            "pseudo_val_nll": 0.10014,
            "pseudo_val_agreement": 98.87
          },
          {
            "alpha": 0.75,
            "pseudo_val_score": -0.104585,
            "pseudo_val_nll": 0.104585,
            "pseudo_val_agreement": 98.836
          },
          {
            "alpha": 1.0,
            "pseudo_val_score": -0.107908,
            "pseudo_val_nll": 0.107908,
            "pseudo_val_agreement": 98.699
          }
        ],
        "split": {
          "novel_gated_query_count": 497,
          "validation_count": 2921,
          "novel_validation_count": 98,
          "base_validation_count": 2823,
          "updated_class_count": 19,
          "per_class_counts": {
            "100": 17,
            "101": 19,
            "102": 17,
            "103": 30,
            "104": 2,
            "105": 30,
            "106": 18,
            "107": 21,
            "108": 27,
            "109": 30,
            "110": 27,
            "111": 32,
            "112": 25,
            "113": 29,
            "114": 29,
            "115": 27,
            "116": 33,
            "117": 30,
            "118": 24,
            "119": 30
          },
          "per_class_update_counts": {
            "100": 14,
            "101": 15,
            "102": 14,
            "103": 24,
            "104": 0,
            "105": 24,
            "106": 14,
            "107": 17,
            "108": 22,
            "109": 24,
            "110": 22,
            "111": 26,
            "112": 20,
            "113": 23,
            "114": 23,
            "115": 22,
            "116": 26,
            "117": 24,
            "118": 19,
            "119": 24
          },
          "per_class_validation_counts": {
            "100": 3,
            "101": 4,
            "102": 3,
            "103": 6,
            "104": 0,
            "105": 6,
            "106": 4,
            "107": 4,
            "108": 5,
            "109": 6,
            "110": 5,
            "111": 6,
            "112": 5,
            "113": 6,
            "114": 6,
            "115": 5,
            "116": 7,
            "117": 6,
            "118": 5,
            "119": 6
          }
        }
      }
    },
    {
      "session": 3,
      "num_seen_classes": 130,
      "baseline_full_acc": 85.408,
      "baseline_base_acc": 88.233,
      "baseline_novel_acc": 76.042,
      "selected_alpha": 0.5,
      "final_full_acc": 85.971,
      "final_base_acc": 88.163,
      "final_novel_acc": 78.704,
      "final_gain": 0.563,
      "updated_class_count": 29,
      "gated_query_count": 794,
      "gated_base_count": 3,
      "gated_novel_count": 791,
      "alpha_selection": {
        "mode": "pseudo_validation",
        "fallback_used": false,
        "selected_alpha": 0.5,
        "candidates": [
          {
            "alpha": 0.5,
            "pseudo_val_score": -0.120567,
            "pseudo_val_nll": 0.120567,
            "pseudo_val_agreement": 97.922
          },
          {
            "alpha": 0.75,
            "pseudo_val_score": -0.129124,
            "pseudo_val_nll": 0.129124,
            "pseudo_val_agreement": 97.72
          },
          {
            "alpha": 1.0,
            "pseudo_val_score": -0.137311,
            "pseudo_val_nll": 0.137311,
            "pseudo_val_agreement": 97.653
          }
        ],
        "split": {
          "novel_gated_query_count": 794,
          "validation_count": 2983,
          "novel_validation_count": 158,
          "base_validation_count": 2825,
          "updated_class_count": 29,
          "per_class_counts": {
            "100": 17,
            "101": 19,
            "102": 17,
            "103": 30,
            "104": 2,
            "105": 30,
            "106": 18,
            "107": 21,
            "108": 27,
            "109": 30,
            "110": 27,
            "111": 32,
            "112": 22,
            "113": 29,
            "114": 29,
            "115": 39,
            "116": 34,
            "117": 24,
            "118": 28,
            "119": 30,
            "120": 25,
            "121": 30,
            "122": 36,
            "123": 38,
            "124": 31,
            "125": 21,
            "126": 30,
            "127": 23,
            "128": 35,
            "129": 20
          },
          "per_class_update_counts": {
            "100": 14,
            "101": 15,
            "102": 14,
            "103": 24,
            "104": 0,
            "105": 24,
            "106": 14,
            "107": 17,
            "108": 22,
            "109": 24,
            "110": 22,
            "111": 26,
            "112": 18,
            "113": 23,
            "114": 23,
            "115": 31,
            "116": 27,
            "117": 19,
            "118": 22,
            "119": 24,
            "120": 20,
            "121": 24,
            "122": 29,
            "123": 30,
            "124": 25,
            "125": 17,
            "126": 24,
            "127": 18,
            "128": 28,
            "129": 16
          },
          "per_class_validation_counts": {
            "100": 3,
            "101": 4,
            "102": 3,
            "103": 6,
            "104": 0,
            "105": 6,
            "106": 4,
            "107": 4,
            "108": 5,
            "109": 6,
            "110": 5,
            "111": 6,
            "112": 4,
            "113": 6,
            "114": 6,
            "115": 8,
            "116": 7,
            "117": 5,
            "118": 6,
            "119": 6,
            "120": 5,
            "121": 6,
            "122": 7,
            "123": 8,
            "124": 6,
            "125": 4,
            "126": 6,
            "127": 5,
            "128": 7,
            "129": 4
          }
        }
      }
    },
    {
      "session": 4,
      "num_seen_classes": 140,
      "baseline_full_acc": 85.7,
      "baseline_base_acc": 88.163,
      "baseline_novel_acc": 79.639,
      "selected_alpha": 0.5,
      "final_full_acc": 86.271,
      "final_base_acc": 88.094,
      "final_novel_acc": 81.787,
      "final_gain": 0.571,
      "updated_class_count": 39,
      "gated_query_count": 1089,
      "gated_base_count": 5,
      "gated_novel_count": 1084,
      "alpha_selection": {
        "mode": "pseudo_validation",
        "fallback_used": false,
        "selected_alpha": 0.5,
        "candidates": [
          {
            "alpha": 0.5,
            "pseudo_val_score": -0.127991,
            "pseudo_val_nll": 0.127991,
            "pseudo_val_agreement": 97.867
          },
          {
            "alpha": 0.75,
            "pseudo_val_score": -0.136581,
            "pseudo_val_nll": 0.136581,
            "pseudo_val_agreement": 97.539
          },
          {
            "alpha": 1.0,
            "pseudo_val_score": -0.14551,
            "pseudo_val_nll": 0.14551,
            "pseudo_val_agreement": 97.408
          }
        ],
        "split": {
          "novel_gated_query_count": 1089,
          "validation_count": 3048,
          "novel_validation_count": 218,
          "base_validation_count": 2830,
          "updated_class_count": 39,
          "per_class_counts": {
            "100": 17,
            "101": 19,
            "102": 17,
            "103": 30,
            "104": 2,
            "105": 30,
            "106": 19,
            "107": 21,
            "108": 28,
            "109": 30,
            "110": 27,
            "111": 32,
            "112": 21,
            "113": 29,
            "114": 29,
            "115": 37,
            "116": 34,
            "117": 25,
            "118": 28,
            "119": 30,
            "120": 23,
            "121": 30,
            "122": 35,
            "123": 38,
            "124": 31,
            "125": 20,
            "126": 31,
            "127": 23,
            "128": 35,
            "129": 20,
            "130": 33,
            "131": 31,
            "132": 31,
            "133": 28,
            "134": 30,
            "135": 32,
            "136": 26,
            "137": 28,
            "138": 29,
            "139": 30
          },
          "per_class_update_counts": {
            "100": 14,
            "101": 15,
            "102": 14,
            "103": 24,
            "104": 0,
            "105": 24,
            "106": 15,
            "107": 17,
            "108": 22,
            "109": 24,
            "110": 22,
            "111": 26,
            "112": 17,
            "113": 23,
            "114": 23,
            "115": 30,
            "116": 27,
            "117": 20,
            "118": 22,
            "119": 24,
            "120": 18,
            "121": 24,
            "122": 28,
            "123": 30,
            "124": 25,
            "125": 16,
            "126": 25,
            "127": 18,
            "128": 28,
            "129": 16,
            "130": 26,
            "131": 25,
            "132": 25,
            "133": 22,
            "134": 24,
            "135": 26,
            "136": 21,
            "137": 22,
            "138": 23,
            "139": 24
          },
          "per_class_validation_counts": {
            "100": 3,
            "101": 4,
            "102": 3,
            "103": 6,
            "104": 0,
            "105": 6,
            "106": 4,
            "107": 4,
            "108": 6,
            "109": 6,
            "110": 5,
            "111": 6,
            "112": 4,
            "113": 6,
            "114": 6,
            "115": 7,
            "116": 7,
            "117": 5,
            "118": 6,
            "119": 6,
            "120": 5,
            "121": 6,
            "122": 7,
            "123": 8,
            "124": 6,
            "125": 4,
            "126": 6,
            "127": 5,
            "128": 7,
            "129": 4,
            "130": 7,
            "131": 6,
            "132": 6,
            "133": 6,
            "134": 6,
            "135": 6,
            "136": 5,
            "137": 6,
            "138": 6,
            "139": 6
          }
        }
      }
    },
    {
      "session": 5,
      "num_seen_classes": 150,
      "baseline_full_acc": 84.813,
      "baseline_base_acc": 88.233,
      "baseline_novel_acc": 78.112,
      "selected_alpha": 0.5,
      "final_full_acc": 85.275,
      "final_base_acc": 88.163,
      "final_novel_acc": 79.617,
      "final_gain": 0.462,
      "updated_class_count": 49,
      "gated_query_count": 1386,
      "gated_base_count": 6,
      "gated_novel_count": 1380,
      "alpha_selection": {
        "mode": "pseudo_validation",
        "fallback_used": false,
        "selected_alpha": 0.5,
        "candidates": [
          {
            "alpha": 0.5,
            "pseudo_val_score": -0.141713,
            "pseudo_val_nll": 0.141713,
            "pseudo_val_agreement": 97.296
          },
          {
            "alpha": 0.75,
            "pseudo_val_score": -0.15223,
            "pseudo_val_nll": 0.15223,
            "pseudo_val_agreement": 96.91
          },
          {
            "alpha": 1.0,
            "pseudo_val_score": -0.1628,
            "pseudo_val_nll": 0.1628,
            "pseudo_val_agreement": 96.749
          }
        ],
        "split": {
          "novel_gated_query_count": 1386,
          "validation_count": 3107,
          "novel_validation_count": 278,
          "base_validation_count": 2829,
          "updated_class_count": 49,
          "per_class_counts": {
            "100": 17,
            "101": 19,
            "102": 17,
            "103": 30,
            "104": 2,
            "105": 30,
            "106": 18,
            "107": 21,
            "108": 28,
            "109": 30,
            "110": 27,
            "111": 32,
            "112": 21,
            "113": 29,
            "114": 29,
            "115": 37,
            "116": 34,
            "117": 25,
            "118": 28,
            "119": 29,
            "120": 23,
            "121": 31,
            "122": 35,
            "123": 38,
            "124": 31,
            "125": 20,
            "126": 31,
            "127": 23,
            "128": 35,
            "129": 20,
            "130": 33,
            "131": 31,
            "132": 31,
            "133": 28,
            "134": 29,
            "135": 32,
            "136": 26,
            "137": 28,
            "138": 29,
            "139": 30,
            "140": 33,
            "141": 17,
            "142": 43,
            "143": 36,
            "144": 16,
            "145": 26,
            "146": 38,
            "147": 30,
            "148": 31,
            "149": 29
          },
          "per_class_update_counts": {
            "100": 14,
            "101": 15,
            "102": 14,
            "103": 24,
            "104": 0,
            "105": 24,
            "106": 14,
            "107": 17,
            "108": 22,
            "109": 24,
            "110": 22,
            "111": 26,
            "112": 17,
            "113": 23,
            "114": 23,
            "115": 30,
            "116": 27,
            "117": 20,
            "118": 22,
            "119": 23,
            "120": 18,
            "121": 25,
            "122": 28,
            "123": 30,
            "124": 25,
            "125": 16,
            "126": 25,
            "127": 18,
            "128": 28,
            "129": 16,
            "130": 26,
            "131": 25,
            "132": 25,
            "133": 22,
            "134": 23,
            "135": 26,
            "136": 21,
            "137": 22,
            "138": 23,
            "139": 24,
            "140": 26,
            "141": 14,
            "142": 34,
            "143": 29,
            "144": 13,
            "145": 21,
            "146": 30,
            "147": 24,
            "148": 25,
            "149": 23
          },
          "per_class_validation_counts": {
            "100": 3,
            "101": 4,
            "102": 3,
            "103": 6,
            "104": 0,
            "105": 6,
            "106": 4,
            "107": 4,
            "108": 6,
            "109": 6,
            "110": 5,
            "111": 6,
            "112": 4,
            "113": 6,
            "114": 6,
            "115": 7,
            "116": 7,
            "117": 5,
            "118": 6,
            "119": 6,
            "120": 5,
            "121": 6,
            "122": 7,
            "123": 8,
            "124": 6,
            "125": 4,
            "126": 6,
            "127": 5,
            "128": 7,
            "129": 4,
            "130": 7,
            "131": 6,
            "132": 6,
            "133": 6,
            "134": 6,
            "135": 6,
            "136": 5,
            "137": 6,
            "138": 6,
            "139": 6,
            "140": 7,
            "141": 3,
            "142": 9,
            "143": 7,
            "144": 3,
            "145": 5,
            "146": 8,
            "147": 6,
            "148": 6,
            "149": 6
          }
        }
      }
    },
    {
      "session": 6,
      "num_seen_classes": 160,
      "baseline_full_acc": 84.937,
      "baseline_base_acc": 88.094,
      "baseline_novel_acc": 79.771,
      "selected_alpha": 0.5,
      "final_full_acc": 85.522,
      "final_base_acc": 87.989,
      "final_novel_acc": 81.486,
      "final_gain": 0.585,
      "updated_class_count": 59,
      "gated_query_count": 1679,
      "gated_base_count": 11,
      "gated_novel_count": 1668,
      "alpha_selection": {
        "mode": "pseudo_validation",
        "fallback_used": false,
        "selected_alpha": 0.5,
        "candidates": [
          {
            "alpha": 0.5,
            "pseudo_val_score": -0.151343,
            "pseudo_val_nll": 0.151343,
            "pseudo_val_agreement": 96.997
          },
          {
            "alpha": 0.75,
            "pseudo_val_score": -0.163838,
            "pseudo_val_nll": 0.163838,
            "pseudo_val_agreement": 96.523
          },
          {
            "alpha": 1.0,
            "pseudo_val_score": -0.176327,
            "pseudo_val_nll": 0.176327,
            "pseudo_val_agreement": 96.334
          }
        ],
        "split": {
          "novel_gated_query_count": 1679,
          "validation_count": 3164,
          "novel_validation_count": 336,
          "base_validation_count": 2828,
          "updated_class_count": 59,
          "per_class_counts": {
            "100": 17,
            "101": 19,
            "102": 17,
            "103": 30,
            "104": 2,
            "105": 30,
            "106": 18,
            "107": 21,
            "108": 27,
            "109": 30,
            "110": 27,
            "111": 32,
            "112": 21,
            "113": 29,
            "114": 29,
            "115": 37,
            "116": 34,
            "117": 25,
            "118": 28,
            "119": 29,
            "120": 23,
            "121": 31,
            "122": 35,
            "123": 38,
            "124": 31,
            "125": 20,
            "126": 31,
            "127": 23,
            "128": 35,
            "129": 20,
            "130": 33,
            "131": 31,
            "132": 31,
            "133": 28,
            "134": 29,
            "135": 32,
            "136": 26,
            "137": 28,
            "138": 29,
            "139": 30,
            "140": 33,
            "141": 17,
            "142": 43,
            "143": 36,
            "144": 16,
            "145": 26,
            "146": 38,
            "147": 29,
            "148": 31,
            "149": 29,
            "150": 22,
            "151": 30,
            "152": 38,
            "153": 26,
            "154": 29,
            "155": 30,
            "156": 34,
            "157": 27,
            "158": 30,
            "159": 29
          },
          "per_class_update_counts": {
            "100": 14,
            "101": 15,
            "102": 14,
            "103": 24,
            "104": 0,
            "105": 24,
            "106": 14,
            "107": 17,
            "108": 22,
            "109": 24,
            "110": 22,
            "111": 26,
            "112": 17,
            "113": 23,
            "114": 23,
            "115": 30,
            "116": 27,
            "117": 20,
            "118": 22,
            "119": 23,
            "120": 18,
            "121": 25,
            "122": 28,
            "123": 30,
            "124": 25,
            "125": 16,
            "126": 25,
            "127": 18,
            "128": 28,
            "129": 16,
            "130": 26,
            "131": 25,
            "132": 25,
            "133": 22,
            "134": 23,
            "135": 26,
            "136": 21,
            "137": 22,
            "138": 23,
            "139": 24,
            "140": 26,
            "141": 14,
            "142": 34,
            "143": 29,
            "144": 13,
            "145": 21,
            "146": 30,
            "147": 23,
            "148": 25,
            "149": 23,
            "150": 18,
            "151": 24,
            "152": 30,
            "153": 21,
            "154": 23,
            "155": 24,
            "156": 27,
            "157": 22,
            "158": 24,
            "159": 23
          },
          "per_class_validation_counts": {
            "100": 3,
            "101": 4,
            "102": 3,
            "103": 6,
            "104": 0,
            "105": 6,
            "106": 4,
            "107": 4,
            "108": 5,
            "109": 6,
            "110": 5,
            "111": 6,
            "112": 4,
            "113": 6,
            "114": 6,
            "115": 7,
            "116": 7,
            "117": 5,
            "118": 6,
            "119": 6,
            "120": 5,
            "121": 6,
            "122": 7,
            "123": 8,
            "124": 6,
            "125": 4,
            "126": 6,
            "127": 5,
            "128": 7,
            "129": 4,
            "130": 7,
            "131": 6,
            "132": 6,
            "133": 6,
            "134": 6,
            "135": 6,
            "136": 5,
            "137": 6,
            "138": 6,
            "139": 6,
            "140": 7,
            "141": 3,
            "142": 9,
            "143": 7,
            "144": 3,
            "145": 5,
            "146": 8,
            "147": 6,
            "148": 6,
            "149": 6,
            "150": 4,
            "151": 6,
            "152": 8,
            "153": 5,
            "154": 6,
            "155": 6,
            "156": 7,
            "157": 5,
            "158": 6,
            "159": 6
          }
        }
      }
    },
    {
      "session": 7,
      "num_seen_classes": 170,
      "baseline_full_acc": 85.42,
      "baseline_base_acc": 87.989,
      "baseline_novel_acc": 81.827,
      "selected_alpha": 0.5,
      "final_full_acc": 85.991,
      "final_base_acc": 87.919,
      "final_novel_acc": 83.293,
      "final_gain": 0.57,
      "updated_class_count": 69,
      "gated_query_count": 1978,
      "gated_base_count": 14,
      "gated_novel_count": 1964,
      "alpha_selection": {
        "mode": "pseudo_validation",
        "fallback_used": false,
        "selected_alpha": 0.5,
        "candidates": [
          {
            "alpha": 0.5,
            "pseudo_val_score": -0.158924,
            "pseudo_val_nll": 0.158924,
            "pseudo_val_agreement": 96.807
          },
          {
            "alpha": 0.75,
            "pseudo_val_score": -0.17297,
            "pseudo_val_nll": 0.17297,
            "pseudo_val_agreement": 96.311
          },
          {
            "alpha": 1.0,
            "pseudo_val_score": -0.187907,
            "pseudo_val_nll": 0.187907,
            "pseudo_val_agreement": 96.094
          }
        ],
        "split": {
          "novel_gated_query_count": 1978,
          "validation_count": 3226,
          "novel_validation_count": 396,
          "base_validation_count": 2830,
          "updated_class_count": 69,
          "per_class_counts": {
            "100": 17,
            "101": 19,
            "102": 16,
            "103": 30,
            "104": 2,
            "105": 30,
            "106": 18,
            "107": 21,
            "108": 27,
            "109": 30,
            "110": 27,
            "111": 32,
            "112": 21,
            "113": 29,
            "114": 29,
            "115": 37,
            "116": 34,
            "117": 25,
            "118": 28,
            "119": 29,
            "120": 23,
            "121": 31,
            "122": 35,
            "123": 38,
            "124": 31,
            "125": 20,
            "126": 31,
            "127": 23,
            "128": 35,
            "129": 20,
            "130": 33,
            "131": 31,
            "132": 31,
            "133": 28,
            "134": 29,
            "135": 32,
            "136": 26,
            "137": 28,
            "138": 29,
            "139": 30,
            "140": 33,
            "141": 17,
            "142": 43,
            "143": 36,
            "144": 16,
            "145": 26,
            "146": 38,
            "147": 29,
            "148": 31,
            "149": 29,
            "150": 22,
            "151": 33,
            "152": 42,
            "153": 25,
            "154": 29,
            "155": 32,
            "156": 33,
            "157": 27,
            "158": 30,
            "159": 29,
            "160": 34,
            "161": 30,
            "162": 30,
            "163": 30,
            "164": 25,
            "165": 27,
            "166": 28,
            "167": 29,
            "168": 31,
            "169": 29
          },
          "per_class_update_counts": {
            "100": 14,
            "101": 15,
            "102": 13,
            "103": 24,
            "104": 0,
            "105": 24,
            "106": 14,
            "107": 17,
            "108": 22,
            "109": 24,
            "110": 22,
            "111": 26,
            "112": 17,
            "113": 23,
            "114": 23,
            "115": 30,
            "116": 27,
            "117": 20,
            "118": 22,
            "119": 23,
            "120": 18,
            "121": 25,
            "122": 28,
            "123": 30,
            "124": 25,
            "125": 16,
            "126": 25,
            "127": 18,
            "128": 28,
            "129": 16,
            "130": 26,
            "131": 25,
            "132": 25,
            "133": 22,
            "134": 23,
            "135": 26,
            "136": 21,
            "137": 22,
            "138": 23,
            "139": 24,
            "140": 26,
            "141": 14,
            "142": 34,
            "143": 29,
            "144": 13,
            "145": 21,
            "146": 30,
            "147": 23,
            "148": 25,
            "149": 23,
            "150": 18,
            "151": 26,
            "152": 34,
            "153": 20,
            "154": 23,
            "155": 26,
            "156": 26,
            "157": 22,
            "158": 24,
            "159": 23,
            "160": 27,
            "161": 24,
            "162": 24,
            "163": 24,
            "164": 20,
            "165": 22,
            "166": 22,
            "167": 23,
            "168": 25,
            "169": 23
          },
          "per_class_validation_counts": {
            "100": 3,
            "101": 4,
            "102": 3,
            "103": 6,
            "104": 0,
            "105": 6,
            "106": 4,
            "107": 4,
            "108": 5,
            "109": 6,
            "110": 5,
            "111": 6,
            "112": 4,
            "113": 6,
            "114": 6,
            "115": 7,
            "116": 7,
            "117": 5,
            "118": 6,
            "119": 6,
            "120": 5,
            "121": 6,
            "122": 7,
            "123": 8,
            "124": 6,
            "125": 4,
            "126": 6,
            "127": 5,
            "128": 7,
            "129": 4,
            "130": 7,
            "131": 6,
            "132": 6,
            "133": 6,
            "134": 6,
            "135": 6,
            "136": 5,
            "137": 6,
            "138": 6,
            "139": 6,
            "140": 7,
            "141": 3,
            "142": 9,
            "143": 7,
            "144": 3,
            "145": 5,
            "146": 8,
            "147": 6,
            "148": 6,
            "149": 6,
            "150": 4,
            "151": 7,
            "152": 8,
            "153": 5,
            "154": 6,
            "155": 6,
            "156": 7,
            "157": 5,
            "158": 6,
            "159": 6,
            "160": 7,
            "161": 6,
            "162": 6,
            "163": 6,
            "164": 5,
            "165": 5,
            "166": 6,
            "167": 6,
            "168": 6,
            "169": 6
          }
        }
      }
    },
    {
      "session": 8,
      "num_seen_classes": 180,
      "baseline_full_acc": 84.652,
      "baseline_base_acc": 87.919,
      "baseline_novel_acc": 80.658,
      "selected_alpha": 0.5,
      "final_full_acc": 85.44,
      "final_base_acc": 87.849,
      "final_novel_acc": 82.494,
      "final_gain": 0.788,
      "updated_class_count": 79,
      "gated_query_count": 2272,
      "gated_base_count": 15,
      "gated_novel_count": 2257,
      "alpha_selection": {
        "mode": "pseudo_validation",
        "fallback_used": false,
        "selected_alpha": 0.5,
        "candidates": [
          {
            "alpha": 0.5,
            "pseudo_val_score": -0.170821,
            "pseudo_val_nll": 0.170821,
            "pseudo_val_agreement": 96.565
          },
          {
            "alpha": 0.75,
            "pseudo_val_score": -0.18694,
            "pseudo_val_nll": 0.18694,
            "pseudo_val_agreement": 95.988
          },
          {
            "alpha": 1.0,
            "pseudo_val_score": -0.204098,
            "pseudo_val_nll": 0.204098,
            "pseudo_val_agreement": 95.623
          }
        ],
        "split": {
          "novel_gated_query_count": 2272,
          "validation_count": 3290,
          "novel_validation_count": 457,
          "base_validation_count": 2833,
          "updated_class_count": 79,
          "per_class_counts": {
            "100": 17,
            "101": 19,
            "102": 16,
            "103": 30,
            "104": 2,
            "105": 30,
            "106": 19,
            "107": 21,
            "108": 28,
            "109": 30,
            "110": 27,
            "111": 32,
            "112": 21,
            "113": 29,
            "114": 29,
            "115": 37,
            "116": 34,
            "117": 25,
            "118": 28,
            "119": 29,
            "120": 23,
            "121": 30,
            "122": 35,
            "123": 38,
            "124": 31,
            "125": 20,
            "126": 31,
            "127": 23,
            "128": 35,
            "129": 20,
            "130": 33,
            "131": 31,
            "132": 31,
            "133": 28,
            "134": 29,
            "135": 32,
            "136": 26,
            "137": 28,
            "138": 29,
            "139": 30,
            "140": 33,
            "141": 17,
            "142": 43,
            "143": 36,
            "144": 16,
            "145": 26,
            "146": 38,
            "147": 29,
            "148": 30,
            "149": 29,
            "150": 22,
            "151": 33,
            "152": 41,
            "153": 24,
            "154": 31,
            "155": 31,
            "156": 25,
            "157": 27,
            "158": 30,
            "159": 29,
            "160": 19,
            "161": 28,
            "162": 29,
            "163": 30,
            "164": 26,
            "165": 27,
            "166": 20,
            "167": 29,
            "168": 33,
            "169": 28,
            "170": 22,
            "171": 33,
            "172": 42,
            "173": 33,
            "174": 55,
            "175": 30,
            "176": 35,
            "177": 29,
            "178": 9,
            "179": 39
          },
          "per_class_update_counts": {
            "100": 14,
            "101": 15,
            "102": 13,
            "103": 24,
            "104": 0,
            "105": 24,
            "106": 15,
            "107": 17,
            "108": 22,
            "109": 24,
            "110": 22,
            "111": 26,
            "112": 17,
            "113": 23,
            "114": 23,
            "115": 30,
            "116": 27,
            "117": 20,
            "118": 22,
            "119": 23,
            "120": 18,
            "121": 24,
            "122": 28,
            "123": 30,
            "124": 25,
            "125": 16,
            "126": 25,
            "127": 18,
            "128": 28,
            "129": 16,
            "130": 26,
            "131": 25,
            "132": 25,
            "133": 22,
            "134": 23,
            "135": 26,
            "136": 21,
            "137": 22,
            "138": 23,
            "139": 24,
            "140": 26,
            "141": 14,
            "142": 34,
            "143": 29,
            "144": 13,
            "145": 21,
            "146": 30,
            "147": 23,
            "148": 24,
            "149": 23,
            "150": 18,
            "151": 26,
            "152": 33,
            "153": 19,
            "154": 25,
            "155": 25,
            "156": 20,
            "157": 22,
            "158": 24,
            "159": 23,
            "160": 15,
            "161": 22,
            "162": 23,
            "163": 24,
            "164": 21,
            "165": 22,
            "166": 16,
            "167": 23,
            "168": 26,
            "169": 22,
            "170": 18,
            "171": 26,
            "172": 34,
            "173": 26,
            "174": 44,
            "175": 24,
            "176": 28,
            "177": 23,
            "178": 7,
            "179": 31
          },
          "per_class_validation_counts": {
            "100": 3,
            "101": 4,
            "102": 3,
            "103": 6,
            "104": 0,
            "105": 6,
            "106": 4,
            "107": 4,
            "108": 6,
            "109": 6,
            "110": 5,
            "111": 6,
            "112": 4,
            "113": 6,
            "114": 6,
            "115": 7,
            "116": 7,
            "117": 5,
            "118": 6,
            "119": 6,
            "120": 5,
            "121": 6,
            "122": 7,
            "123": 8,
            "124": 6,
            "125": 4,
            "126": 6,
            "127": 5,
            "128": 7,
            "129": 4,
            "130": 7,
            "131": 6,
            "132": 6,
            "133": 6,
            "134": 6,
            "135": 6,
            "136": 5,
            "137": 6,
            "138": 6,
            "139": 6,
            "140": 7,
            "141": 3,
            "142": 9,
            "143": 7,
            "144": 3,
            "145": 5,
            "146": 8,
            "147": 6,
            "148": 6,
            "149": 6,
            "150": 4,
            "151": 7,
            "152": 8,
            "153": 5,
            "154": 6,
            "155": 6,
            "156": 5,
            "157": 5,
            "158": 6,
            "159": 6,
            "160": 4,
            "161": 6,
            "162": 6,
            "163": 6,
            "164": 5,
            "165": 5,
            "166": 4,
            "167": 6,
            "168": 7,
            "169": 6,
            "170": 4,
            "171": 7,
            "172": 8,
            "173": 7,
            "174": 11,
            "175": 6,
            "176": 7,
            "177": 6,
            "178": 2,
            "179": 8
          }
        }
      }
    },
    {
      "session": 9,
      "num_seen_classes": 190,
      "baseline_full_acc": 85.166,
      "baseline_base_acc": 87.814,
      "baseline_novel_acc": 82.281,
      "selected_alpha": 0.5,
      "final_full_acc": 85.912,
      "final_base_acc": 87.744,
      "final_novel_acc": 83.916,
      "final_gain": 0.746,
      "updated_class_count": 89,
      "gated_query_count": 2560,
      "gated_base_count": 16,
      "gated_novel_count": 2544,
      "alpha_selection": {
        "mode": "pseudo_validation",
        "fallback_used": false,
        "selected_alpha": 0.5,
        "candidates": [
          {
            "alpha": 0.5,
            "pseudo_val_score": -0.175103,
            "pseudo_val_nll": 0.175103,
            "pseudo_val_agreement": 96.626
          },
          {
            "alpha": 0.75,
            "pseudo_val_score": -0.191232,
            "pseudo_val_nll": 0.191232,
            "pseudo_val_agreement": 95.969
          },
          {
            "alpha": 1.0,
            "pseudo_val_score": -0.208492,
            "pseudo_val_nll": 0.208492,
            "pseudo_val_agreement": 95.551
          }
        ],
        "split": {
          "novel_gated_query_count": 2560,
          "validation_count": 3349,
          "novel_validation_count": 515,
          "base_validation_count": 2834,
          "updated_class_count": 89,
          "per_class_counts": {
            "100": 17,
            "101": 19,
            "102": 16,
            "103": 30,
            "104": 2,
            "105": 30,
            "106": 19,
            "107": 21,
            "108": 28,
            "109": 30,
            "110": 27,
            "111": 32,
            "112": 21,
            "113": 29,
            "114": 29,
            "115": 37,
            "116": 34,
            "117": 25,
            "118": 28,
            "119": 29,
            "120": 23,
            "121": 30,
            "122": 35,
            "123": 38,
            "124": 31,
            "125": 20,
            "126": 31,
            "127": 23,
            "128": 35,
            "129": 20,
            "130": 33,
            "131": 31,
            "132": 31,
            "133": 28,
            "134": 29,
            "135": 32,
            "136": 26,
            "137": 28,
            "138": 29,
            "139": 30,
            "140": 33,
            "141": 17,
            "142": 43,
            "143": 36,
            "144": 16,
            "145": 26,
            "146": 38,
            "147": 29,
            "148": 30,
            "149": 29,
            "150": 22,
            "151": 33,
            "152": 41,
            "153": 24,
            "154": 31,
            "155": 31,
            "156": 25,
            "157": 27,
            "158": 30,
            "159": 29,
            "160": 19,
            "161": 28,
            "162": 29,
            "163": 30,
            "164": 26,
            "165": 27,
            "166": 20,
            "167": 29,
            "168": 33,
            "169": 28,
            "170": 22,
            "171": 33,
            "172": 42,
            "173": 34,
            "174": 55,
            "175": 30,
            "176": 35,
            "177": 29,
            "178": 9,
            "179": 40,
            "180": 28,
            "181": 28,
            "182": 34,
            "183": 26,
            "184": 29,
            "185": 31,
            "186": 21,
            "187": 30,
            "188": 31,
            "189": 28
          },
          "per_class_update_counts": {
            "100": 14,
            "101": 15,
            "102": 13,
            "103": 24,
            "104": 0,
            "105": 24,
            "106": 15,
            "107": 17,
            "108": 22,
            "109": 24,
            "110": 22,
            "111": 26,
            "112": 17,
            "113": 23,
            "114": 23,
            "115": 30,
            "116": 27,
            "117": 20,
            "118": 22,
            "119": 23,
            "120": 18,
            "121": 24,
            "122": 28,
            "123": 30,
            "124": 25,
            "125": 16,
            "126": 25,
            "127": 18,
            "128": 28,
            "129": 16,
            "130": 26,
            "131": 25,
            "132": 25,
            "133": 22,
            "134": 23,
            "135": 26,
            "136": 21,
            "137": 22,
            "138": 23,
            "139": 24,
            "140": 26,
            "141": 14,
            "142": 34,
            "143": 29,
            "144": 13,
            "145": 21,
            "146": 30,
            "147": 23,
            "148": 24,
            "149": 23,
            "150": 18,
            "151": 26,
            "152": 33,
            "153": 19,
            "154": 25,
            "155": 25,
            "156": 20,
            "157": 22,
            "158": 24,
            "159": 23,
            "160": 15,
            "161": 22,
            "162": 23,
            "163": 24,
            "164": 21,
            "165": 22,
            "166": 16,
            "167": 23,
            "168": 26,
            "169": 22,
            "170": 18,
            "171": 26,
            "172": 34,
            "173": 27,
            "174": 44,
            "175": 24,
            "176": 28,
            "177": 23,
            "178": 7,
            "179": 32,
            "180": 22,
            "181": 22,
            "182": 27,
            "183": 21,
            "184": 23,
            "185": 25,
            "186": 17,
            "187": 24,
            "188": 25,
            "189": 22
          },
          "per_class_validation_counts": {
            "100": 3,
            "101": 4,
            "102": 3,
            "103": 6,
            "104": 0,
            "105": 6,
            "106": 4,
            "107": 4,
            "108": 6,
            "109": 6,
            "110": 5,
            "111": 6,
            "112": 4,
            "113": 6,
            "114": 6,
            "115": 7,
            "116": 7,
            "117": 5,
            "118": 6,
            "119": 6,
            "120": 5,
            "121": 6,
            "122": 7,
            "123": 8,
            "124": 6,
            "125": 4,
            "126": 6,
            "127": 5,
            "128": 7,
            "129": 4,
            "130": 7,
            "131": 6,
            "132": 6,
            "133": 6,
            "134": 6,
            "135": 6,
            "136": 5,
            "137": 6,
            "138": 6,
            "139": 6,
            "140": 7,
            "141": 3,
            "142": 9,
            "143": 7,
            "144": 3,
            "145": 5,
            "146": 8,
            "147": 6,
            "148": 6,
            "149": 6,
            "150": 4,
            "151": 7,
            "152": 8,
            "153": 5,
            "154": 6,
            "155": 6,
            "156": 5,
            "157": 5,
            "158": 6,
            "159": 6,
            "160": 4,
            "161": 6,
            "162": 6,
            "163": 6,
            "164": 5,
            "165": 5,
            "166": 4,
            "167": 6,
            "168": 7,
            "169": 6,
            "170": 4,
            "171": 7,
            "172": 8,
            "173": 7,
            "174": 11,
            "175": 6,
            "176": 7,
            "177": 6,
            "178": 2,
            "179": 8,
            "180": 6,
            "181": 6,
            "182": 7,
            "183": 5,
            "184": 6,
            "185": 6,
            "186": 4,
            "187": 6,
            "188": 6,
            "189": 6
          }
        }
      }
    },
    {
      "session": 10,
      "num_seen_classes": 200,
      "baseline_full_acc": 85.433,
      "baseline_base_acc": 87.849,
      "baseline_novel_acc": 83.072,
      "selected_alpha": 0.5,
      "final_full_acc": 86.296,
      "final_base_acc": 87.779,
      "final_novel_acc": 84.846,
      "final_gain": 0.863,
      "updated_class_count": 99,
      "gated_query_count": 2860,
      "gated_base_count": 16,
      "gated_novel_count": 2844,
      "alpha_selection": {
        "mode": "pseudo_validation",
        "fallback_used": false,
        "selected_alpha": 0.5,
        "candidates": [
          {
            "alpha": 0.5,
            "pseudo_val_score": -0.181051,
            "pseudo_val_nll": 0.181051,
            "pseudo_val_agreement": 96.389
          },
          {
            "alpha": 0.75,
            "pseudo_val_score": -0.198328,
            "pseudo_val_nll": 0.198328,
            "pseudo_val_agreement": 95.743
          },
          {
            "alpha": 1.0,
            "pseudo_val_score": -0.216728,
            "pseudo_val_nll": 0.216728,
            "pseudo_val_agreement": 95.273
          }
        ],
        "split": {
          "novel_gated_query_count": 2860,
          "validation_count": 3406,
          "novel_validation_count": 573,
          "base_validation_count": 2833,
          "updated_class_count": 99,
          "per_class_counts": {
            "100": 17,
            "101": 19,
            "102": 17,
            "103": 30,
            "104": 2,
            "105": 30,
            "106": 19,
            "107": 21,
            "108": 28,
            "109": 30,
            "110": 27,
            "111": 32,
            "112": 21,
            "113": 29,
            "114": 29,
            "115": 37,
            "116": 34,
            "117": 26,
            "118": 28,
            "119": 29,
            "120": 23,
            "121": 30,
            "122": 35,
            "123": 38,
            "124": 32,
            "125": 20,
            "126": 31,
            "127": 23,
            "128": 35,
            "129": 20,
            "130": 33,
            "131": 31,
            "132": 31,
            "133": 28,
            "134": 29,
            "135": 32,
            "136": 26,
            "137": 28,
            "138": 29,
            "139": 30,
            "140": 33,
            "141": 17,
            "142": 43,
            "143": 36,
            "144": 16,
            "145": 26,
            "146": 38,
            "147": 29,
            "148": 30,
            "149": 28,
            "150": 22,
            "151": 33,
            "152": 41,
            "153": 24,
            "154": 31,
            "155": 31,
            "156": 25,
            "157": 27,
            "158": 30,
            "159": 29,
            "160": 19,
            "161": 28,
            "162": 29,
            "163": 30,
            "164": 26,
            "165": 27,
            "166": 20,
            "167": 27,
            "168": 33,
            "169": 28,
            "170": 22,
            "171": 32,
            "172": 43,
            "173": 34,
            "174": 55,
            "175": 30,
            "176": 35,
            "177": 27,
            "178": 9,
            "179": 40,
            "180": 27,
            "181": 28,
            "182": 34,
            "183": 26,
            "184": 29,
            "185": 31,
            "186": 20,
            "187": 30,
            "188": 34,
            "189": 26,
            "190": 27,
            "191": 33,
            "192": 27,
            "193": 30,
            "194": 39,
            "195": 31,
            "196": 25,
            "197": 30,
            "198": 28,
            "199": 33
          },
          "per_class_update_counts": {
            "100": 14,
            "101": 15,
            "102": 14,
            "103": 24,
            "104": 0,
            "105": 24,
            "106": 15,
            "107": 17,
            "108": 22,
            "109": 24,
            "110": 22,
            "111": 26,
            "112": 17,
            "113": 23,
            "114": 23,
            "115": 30,
            "116": 27,
            "117": 21,
            "118": 22,
            "119": 23,
            "120": 18,
            "121": 24,
            "122": 28,
            "123": 30,
            "124": 26,
            "125": 16,
            "126": 25,
            "127": 18,
            "128": 28,
            "129": 16,
            "130": 26,
            "131": 25,
            "132": 25,
            "133": 22,
            "134": 23,
            "135": 26,
            "136": 21,
            "137": 22,
            "138": 23,
            "139": 24,
            "140": 26,
            "141": 14,
            "142": 34,
            "143": 29,
            "144": 13,
            "145": 21,
            "146": 30,
            "147": 23,
            "148": 24,
            "149": 22,
            "150": 18,
            "151": 26,
            "152": 33,
            "153": 19,
            "154": 25,
            "155": 25,
            "156": 20,
            "157": 22,
            "158": 24,
            "159": 23,
            "160": 15,
            "161": 22,
            "162": 23,
            "163": 24,
            "164": 21,
            "165": 22,
            "166": 16,
            "167": 22,
            "168": 26,
            "169": 22,
            "170": 18,
            "171": 26,
            "172": 34,
            "173": 27,
            "174": 44,
            "175": 24,
            "176": 28,
            "177": 22,
            "178": 7,
            "179": 32,
            "180": 22,
            "181": 22,
            "182": 27,
            "183": 21,
            "184": 23,
            "185": 25,
            "186": 16,
            "187": 24,
            "188": 27,
            "189": 21,
            "190": 22,
            "191": 26,
            "192": 22,
            "193": 24,
            "194": 31,
            "195": 25,
            "196": 20,
            "197": 24,
            "198": 22,
            "199": 26
          },
          "per_class_validation_counts": {
            "100": 3,
            "101": 4,
            "102": 3,
            "103": 6,
            "104": 0,
            "105": 6,
            "106": 4,
            "107": 4,
            "108": 6,
            "109": 6,
            "110": 5,
            "111": 6,
            "112": 4,
            "113": 6,
            "114": 6,
            "115": 7,
            "116": 7,
            "117": 5,
            "118": 6,
            "119": 6,
            "120": 5,
            "121": 6,
            "122": 7,
            "123": 8,
            "124": 6,
            "125": 4,
            "126": 6,
            "127": 5,
            "128": 7,
            "129": 4,
            "130": 7,
            "131": 6,
            "132": 6,
            "133": 6,
            "134": 6,
            "135": 6,
            "136": 5,
            "137": 6,
            "138": 6,
            "139": 6,
            "140": 7,
            "141": 3,
            "142": 9,
            "143": 7,
            "144": 3,
            "145": 5,
            "146": 8,
            "147": 6,
            "148": 6,
            "149": 6,
            "150": 4,
            "151": 7,
            "152": 8,
            "153": 5,
            "154": 6,
            "155": 6,
            "156": 5,
            "157": 5,
            "158": 6,
            "159": 6,
            "160": 4,
            "161": 6,
            "162": 6,
            "163": 6,
            "164": 5,
            "165": 5,
            "166": 4,
            "167": 5,
            "168": 7,
            "169": 6,
            "170": 4,
            "171": 6,
            "172": 9,
            "173": 7,
            "174": 11,
            "175": 6,
            "176": 7,
            "177": 5,
            "178": 2,
            "179": 8,
            "180": 5,
            "181": 6,
            "182": 7,
            "183": 5,
            "184": 6,
            "185": 6,
            "186": 4,
            "187": 6,
            "188": 7,
            "189": 5,
            "190": 5,
            "191": 7,
            "192": 5,
            "193": 6,
            "194": 8,
            "195": 6,
            "196": 5,
            "197": 6,
            "198": 6,
            "199": 7
          }
        }
      }
    }
  ]
}
