/media/ndag/newVolume/BiMC-test/models/clip/clip.py:23: UserWarning: PyTorch version 1.7.1 or higher is recommended
  warnings.warn("PyTorch version 1.7.1 or higher is recommended")
manual seed: 16
use gpu: ['0']
Files already downloaded and verified
Files already downloaded and verified
Loading CLIP (backbone: ViT-B/16)
Prompt template:['a photo of a {}.']
Loading DinoV2 ViT-B/14 from local hub: /home/ndag/.cache/torch/hub/facebookresearch_dinov2_main
/home/ndag/.cache/torch/hub/facebookresearch_dinov2_main/dinov2/layers/swiglu_ffn.py:51: UserWarning: xFormers is not available (SwiGLU)
  warnings.warn("xFormers is not available (SwiGLU)")
/home/ndag/.cache/torch/hub/facebookresearch_dinov2_main/dinov2/layers/attention.py:36: UserWarning: xFormers is not available (Attention)
  warnings.warn("xFormers is not available (Attention)")
/home/ndag/.cache/torch/hub/facebookresearch_dinov2_main/dinov2/layers/block.py:40: UserWarning: xFormers is not available (Block)
  warnings.warn("xFormers is not available (Block)")
Loading DinoV2 weights: /home/ndag/.cache/torch/hub/checkpoints/dinov2_vitb14_pretrain.pth
class names: ['apple' 'aquarium fish' 'baby' 'bear' 'beaver' 'bed' 'bee' 'beetle'
 'bicycle' 'bottle' 'bowl' 'boy' 'bridge' 'bus' 'butterfly' 'camel' 'can'
 'castle' 'caterpillar' 'cattle' 'chair' 'chimpanzee' 'clock' 'cloud'
 'cockroach' 'couch' 'crab' 'crocodile' 'cup' 'dinosaur' 'dolphin'
 'elephant' 'flatfish' 'forest' 'fox' 'girl' 'hamster' 'house' 'kangaroo'
 'keyboard' 'lamp' 'lawn mower' 'leopard' 'lion' 'lizard' 'lobster' 'man'
 'maple tree' 'motorcycle' 'mountain' 'mouse' 'mushroom' 'oak tree'
 'orange' 'orchid' 'otter' 'palm tree' 'pear' 'pickup truck' 'pine tree']
all targets:tensor([ 0,  1,  2,  3,  4,  5,  6,  7,  8,  9, 10, 11, 12, 13, 14, 15, 16, 17,
        18, 19, 20, 21, 22, 23, 24, 25, 26, 27, 28, 29, 30, 31, 32, 33, 34, 35,
        36, 37, 38, 39, 40, 41, 42, 43, 44, 45, 46, 47, 48, 49, 50, 51, 52, 53,
        54, 55, 56, 57, 58, 59], device='cuda:0')
dino all targets:tensor([ 0,  1,  2,  3,  4,  5,  6,  7,  8,  9, 10, 11, 12, 13, 14, 15, 16, 17,
        18, 19, 20, 21, 22, 23, 24, 25, 26, 27, 28, 29, 30, 31, 32, 33, 34, 35,
        36, 37, 38, 39, 40, 41, 42, 43, 44, 45, 46, 47, 48, 49, 50, 51, 52, 53,
        54, 55, 56, 57, 58, 59], device='cuda:0')
finish loading CLIP/DinoV2 covariance
class names: ['plain' 'plate' 'poppy' 'porcupine' 'possum']
all targets:tensor([60, 61, 62, 63, 64], device='cuda:0')
dino all targets:tensor([60, 61, 62, 63, 64], device='cuda:0')
finish loading CLIP/DinoV2 covariance
class names: ['rabbit' 'raccoon' 'ray' 'road' 'rocket']
all targets:tensor([65, 66, 67, 68, 69], device='cuda:0')
dino all targets:tensor([65, 66, 67, 68, 69], device='cuda:0')
finish loading CLIP/DinoV2 covariance
class names: ['rose' 'sea' 'seal' 'shark' 'shrew']
all targets:tensor([70, 71, 72, 73, 74], device='cuda:0')
dino all targets:tensor([70, 71, 72, 73, 74], device='cuda:0')
finish loading CLIP/DinoV2 covariance
class names: ['skunk' 'skyscraper' 'snail' 'snake' 'spider']
all targets:tensor([75, 76, 77, 78, 79], device='cuda:0')
dino all targets:tensor([75, 76, 77, 78, 79], device='cuda:0')
finish loading CLIP/DinoV2 covariance
class names: ['squirrel' 'streetcar' 'sunflower' 'sweet pepper' 'table']
all targets:tensor([80, 81, 82, 83, 84], device='cuda:0')
dino all targets:tensor([80, 81, 82, 83, 84], device='cuda:0')
finish loading CLIP/DinoV2 covariance
class names: ['tank' 'telephone' 'television' 'tiger' 'tractor']
all targets:tensor([85, 86, 87, 88, 89], device='cuda:0')
dino all targets:tensor([85, 86, 87, 88, 89], device='cuda:0')
finish loading CLIP/DinoV2 covariance
class names: ['train' 'trout' 'tulip' 'turtle' 'wardrobe']
all targets:tensor([90, 91, 92, 93, 94], device='cuda:0')
dino all targets:tensor([90, 91, 92, 93, 94], device='cuda:0')
finish loading CLIP/DinoV2 covariance
class names: ['whale' 'willow tree' 'wolf' 'woman' 'worm']
all targets:tensor([95, 96, 97, 98, 99], device='cuda:0')
dino all targets:tensor([95, 96, 97, 98, 99], device='cuda:0')
finish loading CLIP/DinoV2 covariance
session 0: baseline=89.750 final=89.750 gain=0.000
session 1: baseline=88.046 final=88.662 gain=0.615
session 2: baseline=87.614 final=88.443 gain=0.829
session 3: baseline=85.253 final=86.853 gain=1.600
session 4: baseline=85.263 final=86.938 gain=1.675
session 5: baseline=84.906 final=86.729 gain=1.824
session 6: baseline=85.044 final=86.944 gain=1.900
session 7: baseline=84.579 final=86.611 gain=2.032
session 8: baseline=83.180 final=85.600 gain=2.420
{
  "dataset": "CIFAR100",
  "seed": 16,
  "train_cfg": "experiments/bmvc_1256_20260508-124032/generated_configs/bimc_dino_fusion.yaml",
  "method": "sessionwise conservative query prototype refinement on bimc_dino_fusion with pseudo-validation alpha selection",
  "runtime_sec": 447.3,
  "alpha_grid": [
    0.5,
    0.75,
    1.0
  ],
  "alpha_selection": "pseudo_validation_no_test_labels",
  "mass_thr": 0.3,
  "min_count": 5,
  "val_fraction": 0.2,
  "base_val_conf_thr": 0.5,
  "base_val_max_per_class": 50,
  "fallback_alpha": 0.75,
  "topk_per_class": null,
  "baseline_acc_list": [
    89.75,
    88.046,
    87.614,
    85.253,
    85.263,
    84.906,
    85.044,
    84.579,
    83.18
  ],
  "final_acc_list": [
    89.75,
    88.662,
    88.443,
    86.853,
    86.938,
    86.729,
    86.944,
    86.611,
    85.6
  ],
  "gain_list": [
    0.0,
    0.615,
    0.829,
    1.6,
    1.675,
    1.824,
    1.9,
    2.032,
    2.42
  ],
  "baseline_avg": 85.959,
  "baseline_pd": 6.57,
  "final_avg": 87.392,
  "final_pd": 4.15,
  "gain_avg": 1.433,
  "session_results": [
    {
      "session": 0,
      "num_seen_classes": 60,
      "baseline_full_acc": 89.75,
      "baseline_base_acc": 89.75,
      "baseline_novel_acc": 0.0,
      "best_alpha": null,
      "final_full_acc": 89.75,
      "final_base_acc": 89.75,
      "final_novel_acc": 0.0,
      "final_gain": 0.0,
      "updated_class_count": 0,
      "gated_query_count": 0,
      "alpha_selection": {
        "mode": "not_applicable_base_session",
        "selected_alpha": null
      }
    },
    {
      "session": 1,
      "num_seen_classes": 65,
      "baseline_full_acc": 88.046,
      "baseline_base_acc": 89.533,
      "baseline_novel_acc": 70.2,
      "selected_alpha": 0.5,
      "final_full_acc": 88.662,
      "final_base_acc": 89.417,
      "final_novel_acc": 79.6,
      "final_gain": 0.615,
      "updated_class_count": 5,
      "gated_query_count": 361,
      "gated_base_count": 7,
      "gated_novel_count": 354,
      "alpha_selection": {
        "mode": "pseudo_validation",
        "fallback_used": false,
        "selected_alpha": 0.5,
        "candidates": [
          {
            "alpha": 0.5,
            "pseudo_val_score": -0.021862,
            "pseudo_val_nll": 0.021862,
            "pseudo_val_agreement": 99.805
          },
          {
            "alpha": 0.75,
            "pseudo_val_score": -0.023266,
            "pseudo_val_nll": 0.023266,
            "pseudo_val_agreement": 99.674
          },
          {
            "alpha": 1.0,
            "pseudo_val_score": -0.025369,
            "pseudo_val_nll": 0.025369,
            "pseudo_val_agreement": 99.577
          }
        ],
        "split": {
          "novel_gated_query_count": 361,
          "validation_count": 3071,
          "novel_validation_count": 71,
          "base_validation_count": 3000,
          "updated_class_count": 5,
          "per_class_counts": {
            "60": 77,
            "61": 64,
            "62": 97,
            "63": 47,
            "64": 76
          },
          "per_class_update_counts": {
            "60": 62,
            "61": 51,
            "62": 78,
            "63": 38,
            "64": 61
          },
          "per_class_validation_counts": {
            "60": 15,
            "61": 13,
            "62": 19,
            "63": 9,
            "64": 15
          }
        }
      }
    },
    {
      "session": 2,
      "num_seen_classes": 70,
      "baseline_full_acc": 87.614,
      "baseline_base_acc": 89.417,
      "baseline_novel_acc": 76.8,
      "selected_alpha": 0.5,
      "final_full_acc": 88.443,
      "final_base_acc": 89.217,
      "final_novel_acc": 83.8,
      "final_gain": 0.829,
      "updated_class_count": 10,
      "gated_query_count": 797,
      "gated_base_count": 17,
      "gated_novel_count": 780,
      "alpha_selection": {
        "mode": "pseudo_validation",
        "fallback_used": false,
        "selected_alpha": 0.5,
        "candidates": [
          {
            "alpha": 0.5,
            "pseudo_val_score": -0.04033,
            "pseudo_val_nll": 0.04033,
            "pseudo_val_agreement": 99.588
          },
          {
            "alpha": 0.75,
            "pseudo_val_score": -0.043228,
            "pseudo_val_nll": 0.043228,
            "pseudo_val_agreement": 99.272
          },
          {
            "alpha": 1.0,
            "pseudo_val_score": -0.048005,
            "pseudo_val_nll": 0.048005,
            "pseudo_val_agreement": 99.05
          }
        ],
        "split": {
          "novel_gated_query_count": 797,
          "validation_count": 3159,
          "novel_validation_count": 159,
          "base_validation_count": 3000,
          "updated_class_count": 10,
          "per_class_counts": {
            "60": 75,
            "61": 64,
            "62": 97,
            "63": 42,
            "64": 76,
            "65": 87,
            "66": 89,
            "67": 83,
            "68": 88,
            "69": 96
          },
          "per_class_update_counts": {
            "60": 60,
            "61": 51,
            "62": 78,
            "63": 34,
            "64": 61,
            "65": 70,
            "66": 71,
            "67": 66,
            "68": 70,
            "69": 77
          },
          "per_class_validation_counts": {
            "60": 15,
            "61": 13,
            "62": 19,
            "63": 8,
            "64": 15,
            "65": 17,
            "66": 18,
            "67": 17,
            "68": 18,
            "69": 19
          }
        }
      }
    },
    {
      "session": 3,
      "num_seen_classes": 75,
      "baseline_full_acc": 85.253,
      "baseline_base_acc": 89.183,
      "baseline_novel_acc": 69.533,
      "selected_alpha": 0.5,
      "final_full_acc": 86.853,
      "final_base_acc": 89.017,
      "final_novel_acc": 78.2,
      "final_gain": 1.6,
      "updated_class_count": 15,
      "gated_query_count": 1097,
      "gated_base_count": 24,
      "gated_novel_count": 1073,
      "alpha_selection": {
        "mode": "pseudo_validation",
        "fallback_used": false,
        "selected_alpha": 0.5,
        "candidates": [
          {
            "alpha": 0.5,
            "pseudo_val_score": -0.05558,
            "pseudo_val_nll": 0.05558,
            "pseudo_val_agreement": 99.317
          },
          {
            "alpha": 0.75,
            "pseudo_val_score": -0.059983,
            "pseudo_val_nll": 0.059983,
            "pseudo_val_agreement": 98.975
          },
          {
            "alpha": 1.0,
            "pseudo_val_score": -0.06698,
            "pseudo_val_nll": 0.06698,
            "pseudo_val_agreement": 98.447
          }
        ],
        "split": {
          "novel_gated_query_count": 1097,
          "validation_count": 3219,
          "novel_validation_count": 219,
          "base_validation_count": 3000,
          "updated_class_count": 15,
          "per_class_counts": {
            "60": 75,
            "61": 62,
            "62": 91,
            "63": 44,
            "64": 76,
            "65": 89,
            "66": 91,
            "67": 79,
            "68": 89,
            "69": 96,
            "70": 95,
            "71": 61,
            "72": 43,
            "73": 79,
            "74": 27
          },
          "per_class_update_counts": {
            "60": 60,
            "61": 50,
            "62": 73,
            "63": 35,
            "64": 61,
            "65": 71,
            "66": 73,
            "67": 63,
            "68": 71,
            "69": 77,
            "70": 76,
            "71": 49,
            "72": 34,
            "73": 63,
            "74": 22
          },
          "per_class_validation_counts": {
            "60": 15,
            "61": 12,
            "62": 18,
            "63": 9,
            "64": 15,
            "65": 18,
            "66": 18,
            "67": 16,
            "68": 18,
            "69": 19,
            "70": 19,
            "71": 12,
            "72": 9,
            "73": 16,
            "74": 5
          }
        }
      }
    },
    {
      "session": 4,
      "num_seen_classes": 80,
      "baseline_full_acc": 85.263,
      "baseline_base_acc": 89.133,
      "baseline_novel_acc": 73.65,
      "selected_alpha": 0.5,
      "final_full_acc": 86.938,
      "final_base_acc": 88.917,
      "final_novel_acc": 81.0,
      "final_gain": 1.675,
      "updated_class_count": 20,
      "gated_query_count": 1543,
      "gated_base_count": 30,
      "gated_novel_count": 1513,
      "alpha_selection": {
        "mode": "pseudo_validation",
        "fallback_used": false,
        "selected_alpha": 0.5,
        "candidates": [
          {
            "alpha": 0.5,
            "pseudo_val_score": -0.070794,
            "pseudo_val_nll": 0.070794,
            "pseudo_val_agreement": 99.154
          },
          {
            "alpha": 0.75,
            "pseudo_val_score": -0.075891,
            "pseudo_val_nll": 0.075891,
            "pseudo_val_agreement": 98.821
          },
          {
            "alpha": 1.0,
            "pseudo_val_score": -0.084543,
            "pseudo_val_nll": 0.084543,
            "pseudo_val_agreement": 98.277
          }
        ],
        "split": {
          "novel_gated_query_count": 1543,
          "validation_count": 3309,
          "novel_validation_count": 309,
          "base_validation_count": 3000,
          "updated_class_count": 20,
          "per_class_counts": {
            "60": 75,
            "61": 63,
            "62": 91,
            "63": 43,
            "64": 76,
            "65": 87,
            "66": 89,
            "67": 80,
            "68": 90,
            "69": 101,
            "70": 95,
            "71": 60,
            "72": 44,
            "73": 79,
            "74": 25,
            "75": 101,
            "76": 85,
            "77": 88,
            "78": 90,
            "79": 81
          },
          "per_class_update_counts": {
            "60": 60,
            "61": 50,
            "62": 73,
            "63": 34,
            "64": 61,
            "65": 70,
            "66": 71,
            "67": 64,
            "68": 72,
            "69": 81,
            "70": 76,
            "71": 48,
            "72": 35,
            "73": 63,
            "74": 20,
            "75": 81,
            "76": 68,
            "77": 70,
            "78": 72,
            "79": 65
          },
          "per_class_validation_counts": {
            "60": 15,
            "61": 13,
            "62": 18,
            "63": 9,
            "64": 15,
            "65": 17,
            "66": 18,
            "67": 16,
            "68": 18,
            "69": 20,
            "70": 19,
            "71": 12,
            "72": 9,
            "73": 16,
            "74": 5,
            "75": 20,
            "76": 17,
            "77": 18,
            "78": 18,
            "79": 16
          }
        }
      }
    },
    {
      "session": 5,
      "num_seen_classes": 85,
      "baseline_full_acc": 84.906,
      "baseline_base_acc": 89.05,
      "baseline_novel_acc": 74.96,
      "selected_alpha": 0.5,
      "final_full_acc": 86.729,
      "final_base_acc": 88.817,
      "final_novel_acc": 81.72,
      "final_gain": 1.824,
      "updated_class_count": 25,
      "gated_query_count": 1956,
      "gated_base_count": 37,
      "gated_novel_count": 1919,
      "alpha_selection": {
        "mode": "pseudo_validation",
        "fallback_used": false,
        "selected_alpha": 0.5,
        "candidates": [
          {
            "alpha": 0.5,
            "pseudo_val_score": -0.083695,
            "pseudo_val_nll": 0.083695,
            "pseudo_val_agreement": 99.086
          },
          {
            "alpha": 0.75,
            "pseudo_val_score": -0.088979,
            "pseudo_val_nll": 0.088979,
            "pseudo_val_agreement": 98.703
          },
          {
            "alpha": 1.0,
            "pseudo_val_score": -0.098011,
            "pseudo_val_nll": 0.098011,
            "pseudo_val_agreement": 97.936
          }
        ],
        "split": {
          "novel_gated_query_count": 1956,
          "validation_count": 3392,
          "novel_validation_count": 392,
          "base_validation_count": 3000,
          "updated_class_count": 25,
          "per_class_counts": {
            "60": 75,
            "61": 65,
            "62": 91,
            "63": 43,
            "64": 76,
            "65": 87,
            "66": 89,
            "67": 81,
            "68": 90,
            "69": 100,
            "70": 95,
            "71": 61,
            "72": 44,
            "73": 80,
            "74": 24,
            "75": 103,
            "76": 85,
            "77": 88,
            "78": 90,
            "79": 81,
            "80": 70,
            "81": 73,
            "82": 100,
            "83": 92,
            "84": 73
          },
          "per_class_update_counts": {
            "60": 60,
            "61": 52,
            "62": 73,
            "63": 34,
            "64": 61,
            "65": 70,
            "66": 71,
            "67": 65,
            "68": 72,
            "69": 80,
            "70": 76,
            "71": 49,
            "72": 35,
            "73": 64,
            "74": 19,
            "75": 82,
            "76": 68,
            "77": 70,
            "78": 72,
            "79": 65,
            "80": 56,
            "81": 58,
            "82": 80,
            "83": 74,
            "84": 58
          },
          "per_class_validation_counts": {
            "60": 15,
            "61": 13,
            "62": 18,
            "63": 9,
            "64": 15,
            "65": 17,
            "66": 18,
            "67": 16,
            "68": 18,
            "69": 20,
            "70": 19,
            "71": 12,
            "72": 9,
            "73": 16,
            "74": 5,
            "75": 21,
            "76": 17,
            "77": 18,
            "78": 18,
            "79": 16,
            "80": 14,
            "81": 15,
            "82": 20,
            "83": 18,
            "84": 15
          }
        }
      }
    },
    {
      "session": 6,
      "num_seen_classes": 90,
      "baseline_full_acc": 85.044,
      "baseline_base_acc": 88.767,
      "baseline_novel_acc": 77.6,
      "selected_alpha": 0.5,
      "final_full_acc": 86.944,
      "final_base_acc": 88.517,
      "final_novel_acc": 83.8,
      "final_gain": 1.9,
      "updated_class_count": 30,
      "gated_query_count": 2432,
      "gated_base_count": 55,
      "gated_novel_count": 2377,
      "alpha_selection": {
        "mode": "pseudo_validation",
        "fallback_used": false,
        "selected_alpha": 0.5,
        "candidates": [
          {
            "alpha": 0.5,
            "pseudo_val_score": -0.099477,
            "pseudo_val_nll": 0.099477,
            "pseudo_val_agreement": 98.967
          },
          {
            "alpha": 0.75,
            "pseudo_val_score": -0.105705,
            "pseudo_val_nll": 0.105705,
            "pseudo_val_agreement": 98.365
          },
          {
            "alpha": 1.0,
            "pseudo_val_score": -0.116277,
            "pseudo_val_nll": 0.116277,
            "pseudo_val_agreement": 97.676
          }
        ],
        "split": {
          "novel_gated_query_count": 2432,
          "validation_count": 3486,
          "novel_validation_count": 486,
          "base_validation_count": 3000,
          "updated_class_count": 30,
          "per_class_counts": {
            "60": 76,
            "61": 66,
            "62": 90,
            "63": 44,
            "64": 76,
            "65": 87,
            "66": 89,
            "67": 81,
            "68": 90,
            "69": 99,
            "70": 95,
            "71": 60,
            "72": 43,
            "73": 80,
            "74": 24,
            "75": 102,
            "76": 86,
            "77": 89,
            "78": 90,
            "79": 81,
            "80": 70,
            "81": 73,
            "82": 100,
            "83": 92,
            "84": 74,
            "85": 97,
            "86": 88,
            "87": 92,
            "88": 94,
            "89": 104
          },
          "per_class_update_counts": {
            "60": 61,
            "61": 53,
            "62": 72,
            "63": 35,
            "64": 61,
            "65": 70,
            "66": 71,
            "67": 65,
            "68": 72,
            "69": 79,
            "70": 76,
            "71": 48,
            "72": 34,
            "73": 64,
            "74": 19,
            "75": 82,
            "76": 69,
            "77": 71,
            "78": 72,
            "79": 65,
            "80": 56,
            "81": 58,
            "82": 80,
            "83": 74,
            "84": 59,
            "85": 78,
            "86": 70,
            "87": 74,
            "88": 75,
            "89": 83
          },
          "per_class_validation_counts": {
            "60": 15,
            "61": 13,
            "62": 18,
            "63": 9,
            "64": 15,
            "65": 17,
            "66": 18,
            "67": 16,
            "68": 18,
            "69": 20,
            "70": 19,
            "71": 12,
            "72": 9,
            "73": 16,
            "74": 5,
            "75": 20,
            "76": 17,
            "77": 18,
            "78": 18,
            "79": 16,
            "80": 14,
            "81": 15,
            "82": 20,
            "83": 18,
            "84": 15,
            "85": 19,
            "86": 18,
            "87": 18,
            "88": 19,
            "89": 21
          }
        }
      }
    },
    {
      "session": 7,
      "num_seen_classes": 95,
      "baseline_full_acc": 84.579,
      "baseline_base_acc": 88.6,
      "baseline_novel_acc": 77.686,
      "selected_alpha": 0.5,
      "final_full_acc": 86.611,
      "final_base_acc": 88.367,
      "final_novel_acc": 83.6,
      "final_gain": 2.032,
      "updated_class_count": 35,
      "gated_query_count": 2873,
      "gated_base_count": 58,
      "gated_novel_count": 2815,
      "alpha_selection": {
        "mode": "pseudo_validation",
        "fallback_used": false,
        "selected_alpha": 0.5,
        "candidates": [
          {
            "alpha": 0.5,
            "pseudo_val_score": -0.118174,
            "pseudo_val_nll": 0.118174,
            "pseudo_val_agreement": 98.713
          },
          {
            "alpha": 0.75,
            "pseudo_val_score": -0.125887,
            "pseudo_val_nll": 0.125887,
            "pseudo_val_agreement": 98.042
          },
          {
            "alpha": 1.0,
            "pseudo_val_score": -0.138044,
            "pseudo_val_nll": 0.138044,
            "pseudo_val_agreement": 97.119
          }
        ],
        "split": {
          "novel_gated_query_count": 2873,
          "validation_count": 3575,
          "novel_validation_count": 575,
          "base_validation_count": 3000,
          "updated_class_count": 35,
          "per_class_counts": {
            "60": 76,
            "61": 65,
            "62": 91,
            "63": 43,
            "64": 75,
            "65": 86,
            "66": 89,
            "67": 80,
            "68": 90,
            "69": 100,
            "70": 98,
            "71": 60,
            "72": 43,
            "73": 81,
            "74": 26,
            "75": 99,
            "76": 85,
            "77": 91,
            "78": 90,
            "79": 81,
            "80": 69,
            "81": 76,
            "82": 100,
            "83": 92,
            "84": 74,
            "85": 97,
            "86": 88,
            "87": 95,
            "88": 93,
            "89": 104,
            "90": 89,
            "91": 90,
            "92": 89,
            "93": 81,
            "94": 87
          },
          "per_class_update_counts": {
            "60": 61,
            "61": 52,
            "62": 73,
            "63": 34,
            "64": 60,
            "65": 69,
            "66": 71,
            "67": 64,
            "68": 72,
            "69": 80,
            "70": 78,
            "71": 48,
            "72": 34,
            "73": 65,
            "74": 21,
            "75": 79,
            "76": 68,
            "77": 73,
            "78": 72,
            "79": 65,
            "80": 55,
            "81": 61,
            "82": 80,
            "83": 74,
            "84": 59,
            "85": 78,
            "86": 70,
            "87": 76,
            "88": 74,
            "89": 83,
            "90": 71,
            "91": 72,
            "92": 71,
            "93": 65,
            "94": 70
          },
          "per_class_validation_counts": {
            "60": 15,
            "61": 13,
            "62": 18,
            "63": 9,
            "64": 15,
            "65": 17,
            "66": 18,
            "67": 16,
            "68": 18,
            "69": 20,
            "70": 20,
            "71": 12,
            "72": 9,
            "73": 16,
            "74": 5,
            "75": 20,
            "76": 17,
            "77": 18,
            "78": 18,
            "79": 16,
            "80": 14,
            "81": 15,
            "82": 20,
            "83": 18,
            "84": 15,
            "85": 19,
            "86": 18,
            "87": 19,
            "88": 19,
            "89": 21,
            "90": 18,
            "91": 18,
            "92": 18,
            "93": 16,
            "94": 17
          }
        }
      }
    },
    {
      "session": 8,
      "num_seen_classes": 100,
      "baseline_full_acc": 83.18,
      "baseline_base_acc": 88.467,
      "baseline_novel_acc": 75.25,
      "selected_alpha": 0.5,
      "final_full_acc": 85.6,
      "final_base_acc": 88.05,
      "final_novel_acc": 81.925,
      "final_gain": 2.42,
      "updated_class_count": 40,
      "gated_query_count": 3193,
      "gated_base_count": 59,
      "gated_novel_count": 3134,
      "alpha_selection": {
        "mode": "pseudo_validation",
        "fallback_used": false,
        "selected_alpha": 0.5,
        "candidates": [
          {
            "alpha": 0.5,
            "pseudo_val_score": -0.131995,
            "pseudo_val_nll": 0.131995,
            "pseudo_val_agreement": 98.379
          },
          {
            "alpha": 0.75,
            "pseudo_val_score": -0.141677,
            "pseudo_val_nll": 0.141677,
            "pseudo_val_agreement": 97.444
          },
          {
            "alpha": 1.0,
            "pseudo_val_score": -0.156771,
            "pseudo_val_nll": 0.156771,
            "pseudo_val_agreement": 96.455
          }
        ],
        "split": {
          "novel_gated_query_count": 3193,
          "validation_count": 3639,
          "novel_validation_count": 639,
          "base_validation_count": 3000,
          "updated_class_count": 40,
          "per_class_counts": {
            "60": 74,
            "61": 64,
            "62": 91,
            "63": 43,
            "64": 76,
            "65": 87,
            "66": 90,
            "67": 79,
            "68": 91,
            "69": 101,
            "70": 98,
            "71": 59,
            "72": 42,
            "73": 83,
            "74": 25,
            "75": 101,
            "76": 85,
            "77": 91,
            "78": 80,
            "79": 82,
            "80": 69,
            "81": 76,
            "82": 100,
            "83": 92,
            "84": 75,
            "85": 98,
            "86": 87,
            "87": 94,
            "88": 93,
            "89": 104,
            "90": 88,
            "91": 90,
            "92": 88,
            "93": 82,
            "94": 86,
            "95": 46,
            "96": 43,
            "97": 90,
            "98": 45,
            "99": 105
          },
          "per_class_update_counts": {
            "60": 59,
            "61": 51,
            "62": 73,
            "63": 34,
            "64": 61,
            "65": 70,
            "66": 72,
            "67": 63,
            "68": 73,
            "69": 81,
            "70": 78,
            "71": 47,
            "72": 34,
            "73": 66,
            "74": 20,
            "75": 81,
            "76": 68,
            "77": 73,
            "78": 64,
            "79": 66,
            "80": 55,
            "81": 61,
            "82": 80,
            "83": 74,
            "84": 60,
            "85": 78,
            "86": 70,
            "87": 75,
            "88": 74,
            "89": 83,
            "90": 70,
            "91": 72,
            "92": 70,
            "93": 66,
            "94": 69,
            "95": 37,
            "96": 34,
            "97": 72,
            "98": 36,
            "99": 84
          },
          "per_class_validation_counts": {
            "60": 15,
            "61": 13,
            "62": 18,
            "63": 9,
            "64": 15,
            "65": 17,
            "66": 18,
            "67": 16,
            "68": 18,
            "69": 20,
            "70": 20,
            "71": 12,
            "72": 8,
            "73": 17,
            "74": 5,
            "75": 20,
            "76": 17,
            "77": 18,
            "78": 16,
            "79": 16,
            "80": 14,
            "81": 15,
            "82": 20,
            "83": 18,
            "84": 15,
            "85": 20,
            "86": 17,
            "87": 19,
            "88": 19,
            "89": 21,
            "90": 18,
            "91": 18,
            "92": 18,
            "93": 16,
            "94": 17,
            "95": 9,
            "96": 9,
            "97": 18,
            "98": 9,
            "99": 21
          }
        }
      }
    }
  ]
}
