/media/ndag/newVolume/BiMC-test/models/clip/clip.py:23: UserWarning: PyTorch version 1.7.1 or higher is recommended
  warnings.warn("PyTorch version 1.7.1 or higher is recommended")
manual seed: 14
use gpu: ['0']
Loading CLIP (backbone: ViT-B/16)
Prompt template:['a photo of a {}.']
Loading DinoV2 ViT-B/14 from local hub: /home/ndag/.cache/torch/hub/facebookresearch_dinov2_main
/home/ndag/.cache/torch/hub/facebookresearch_dinov2_main/dinov2/layers/swiglu_ffn.py:51: UserWarning: xFormers is not available (SwiGLU)
  warnings.warn("xFormers is not available (SwiGLU)")
/home/ndag/.cache/torch/hub/facebookresearch_dinov2_main/dinov2/layers/attention.py:36: UserWarning: xFormers is not available (Attention)
  warnings.warn("xFormers is not available (Attention)")
/home/ndag/.cache/torch/hub/facebookresearch_dinov2_main/dinov2/layers/block.py:40: UserWarning: xFormers is not available (Block)
  warnings.warn("xFormers is not available (Block)")
Loading DinoV2 weights: /home/ndag/.cache/torch/hub/checkpoints/dinov2_vitb14_pretrain.pth
class names: ['Black footed Albatross' 'Laysan Albatross' 'Sooty Albatross'
 'Groove billed Ani' 'Crested Auklet' 'Least Auklet' 'Parakeet Auklet'
 'Rhinoceros Auklet' 'Brewer Blackbird' 'Red winged Blackbird'
 'Rusty Blackbird' 'Yellow headed Blackbird' 'Bobolink' 'Indigo Bunting'
 'Lazuli Bunting' 'Painted Bunting' 'Cardinal' 'Spotted Catbird'
 'Gray Catbird' 'Yellow breasted Chat' 'Eastern Towhee' 'Chuck will Widow'
 'Brandt Cormorant' 'Red faced Cormorant' 'Pelagic Cormorant'
 'Bronzed Cowbird' 'Shiny Cowbird' 'Brown Creeper' 'American Crow'
 'Fish Crow' 'Black billed Cuckoo' 'Mangrove Cuckoo'
 'Yellow billed Cuckoo' 'Gray crowned Rosy Finch' 'Purple Finch'
 'Northern Flicker' 'Acadian Flycatcher' 'Great Crested Flycatcher'
 'Least Flycatcher' 'Olive sided Flycatcher' 'Scissor tailed Flycatcher'
 'Vermilion Flycatcher' 'Yellow bellied Flycatcher' 'Frigatebird'
 'Northern Fulmar' 'Gadwall' 'American Goldfinch' 'European Goldfinch'
 'Boat tailed Grackle' 'Eared Grebe' 'Horned Grebe' 'Pied billed Grebe'
 'Western Grebe' 'Blue Grosbeak' 'Evening Grosbeak' 'Pine Grosbeak'
 'Rose breasted Grosbeak' 'Pigeon Guillemot' 'California Gull'
 'Glaucous winged Gull' 'Heermann Gull' 'Herring Gull' 'Ivory Gull'
 'Ring billed Gull' 'Slaty backed Gull' 'Western Gull' 'Anna Hummingbird'
 'Ruby throated Hummingbird' 'Rufous Hummingbird' 'Green Violetear'
 'Long tailed Jaeger' 'Pomarine Jaeger' 'Blue Jay' 'Florida Jay'
 'Green Jay' 'Dark eyed Junco' 'Tropical Kingbird' 'Gray Kingbird'
 'Belted Kingfisher' 'Green Kingfisher' 'Pied Kingfisher'
 'Ringed Kingfisher' 'White breasted Kingfisher' 'Red legged Kittiwake'
 'Horned Lark' 'Pacific Loon' 'Mallard' 'Western Meadowlark'
 'Hooded Merganser' 'Red breasted Merganser' 'Mockingbird' 'Nighthawk'
 'Clark Nutcracker' 'White breasted Nuthatch' 'Baltimore Oriole'
 'Hooded Oriole' 'Orchard Oriole' 'Scott Oriole' 'Ovenbird'
 'Brown Pelican']
all targets:tensor([ 0,  1,  2,  3,  4,  5,  6,  7,  8,  9, 10, 11, 12, 13, 14, 15, 16, 17,
        18, 19, 20, 21, 22, 23, 24, 25, 26, 27, 28, 29, 30, 31, 32, 33, 34, 35,
        36, 37, 38, 39, 40, 41, 42, 43, 44, 45, 46, 47, 48, 49, 50, 51, 52, 53,
        54, 55, 56, 57, 58, 59, 60, 61, 62, 63, 64, 65, 66, 67, 68, 69, 70, 71,
        72, 73, 74, 75, 76, 77, 78, 79, 80, 81, 82, 83, 84, 85, 86, 87, 88, 89,
        90, 91, 92, 93, 94, 95, 96, 97, 98, 99], device='cuda:0')
dino all targets:tensor([ 0,  1,  2,  3,  4,  5,  6,  7,  8,  9, 10, 11, 12, 13, 14, 15, 16, 17,
        18, 19, 20, 21, 22, 23, 24, 25, 26, 27, 28, 29, 30, 31, 32, 33, 34, 35,
        36, 37, 38, 39, 40, 41, 42, 43, 44, 45, 46, 47, 48, 49, 50, 51, 52, 53,
        54, 55, 56, 57, 58, 59, 60, 61, 62, 63, 64, 65, 66, 67, 68, 69, 70, 71,
        72, 73, 74, 75, 76, 77, 78, 79, 80, 81, 82, 83, 84, 85, 86, 87, 88, 89,
        90, 91, 92, 93, 94, 95, 96, 97, 98, 99], device='cuda:0')
finish loading CLIP/DinoV2 covariance
class names: ['White Pelican' 'Western Wood Pewee' 'Sayornis' 'American Pipit'
 'Whip poor Will' 'Horned Puffin' 'Common Raven' 'White necked Raven'
 'American Redstart' 'Geococcyx']
all targets:tensor([100, 101, 102, 103, 104, 105, 106, 107, 108, 109], device='cuda:0')
dino all targets:tensor([100, 101, 102, 103, 104, 105, 106, 107, 108, 109], device='cuda:0')
finish loading CLIP/DinoV2 covariance
class names: ['Loggerhead Shrike' 'Great Grey Shrike' 'Baird Sparrow'
 'Black throated Sparrow' 'Brewer Sparrow' 'Chipping Sparrow'
 'Clay colored Sparrow' 'House Sparrow' 'Field Sparrow' 'Fox Sparrow']
all targets:tensor([110, 111, 112, 113, 114, 115, 116, 117, 118, 119], device='cuda:0')
dino all targets:tensor([110, 111, 112, 113, 114, 115, 116, 117, 118, 119], device='cuda:0')
finish loading CLIP/DinoV2 covariance
class names: ['Grasshopper Sparrow' 'Harris Sparrow' 'Henslow Sparrow'
 'Le Conte Sparrow' 'Lincoln Sparrow' 'Nelson Sharp tailed Sparrow'
 'Savannah Sparrow' 'Seaside Sparrow' 'Song Sparrow' 'Tree Sparrow']
all targets:tensor([120, 121, 122, 123, 124, 125, 126, 127, 128, 129], device='cuda:0')
dino all targets:tensor([120, 121, 122, 123, 124, 125, 126, 127, 128, 129], device='cuda:0')
finish loading CLIP/DinoV2 covariance
class names: ['Vesper Sparrow' 'White crowned Sparrow' 'White throated Sparrow'
 'Cape Glossy Starling' 'Bank Swallow' 'Barn Swallow' 'Cliff Swallow'
 'Tree Swallow' 'Scarlet Tanager' 'Summer Tanager']
all targets:tensor([130, 131, 132, 133, 134, 135, 136, 137, 138, 139], device='cuda:0')
dino all targets:tensor([130, 131, 132, 133, 134, 135, 136, 137, 138, 139], device='cuda:0')
finish loading CLIP/DinoV2 covariance
class names: ['Artic Tern' 'Black Tern' 'Caspian Tern' 'Common Tern' 'Elegant Tern'
 'Forsters Tern' 'Least Tern' 'Green tailed Towhee' 'Brown Thrasher'
 'Sage Thrasher']
all targets:tensor([140, 141, 142, 143, 144, 145, 146, 147, 148, 149], device='cuda:0')
dino all targets:tensor([140, 141, 142, 143, 144, 145, 146, 147, 148, 149], device='cuda:0')
finish loading CLIP/DinoV2 covariance
class names: ['Black capped Vireo' 'Blue headed Vireo' 'Philadelphia Vireo'
 'Red eyed Vireo' 'Warbling Vireo' 'White eyed Vireo'
 'Yellow throated Vireo' 'Bay breasted Warbler' 'Black and white Warbler'
 'Black throated Blue Warbler']
all targets:tensor([150, 151, 152, 153, 154, 155, 156, 157, 158, 159], device='cuda:0')
dino all targets:tensor([150, 151, 152, 153, 154, 155, 156, 157, 158, 159], device='cuda:0')
finish loading CLIP/DinoV2 covariance
class names: ['Blue winged Warbler' 'Canada Warbler' 'Cape May Warbler'
 'Cerulean Warbler' 'Chestnut sided Warbler' 'Golden winged Warbler'
 'Hooded Warbler' 'Kentucky Warbler' 'Magnolia Warbler' 'Mourning Warbler']
all targets:tensor([160, 161, 162, 163, 164, 165, 166, 167, 168, 169], device='cuda:0')
dino all targets:tensor([160, 161, 162, 163, 164, 165, 166, 167, 168, 169], device='cuda:0')
finish loading CLIP/DinoV2 covariance
class names: ['Myrtle Warbler' 'Nashville Warbler' 'Orange crowned Warbler'
 'Palm Warbler' 'Pine Warbler' 'Prairie Warbler' 'Prothonotary Warbler'
 'Swainson Warbler' 'Tennessee Warbler' 'Wilson Warbler']
all targets:tensor([170, 171, 172, 173, 174, 175, 176, 177, 178, 179], device='cuda:0')
dino all targets:tensor([170, 171, 172, 173, 174, 175, 176, 177, 178, 179], device='cuda:0')
finish loading CLIP/DinoV2 covariance
class names: ['Worm eating Warbler' 'Yellow Warbler' 'Northern Waterthrush'
 'Louisiana Waterthrush' 'Bohemian Waxwing' 'Cedar Waxwing'
 'American Three toed Woodpecker' 'Pileated Woodpecker'
 'Red bellied Woodpecker' 'Red cockaded Woodpecker']
all targets:tensor([180, 181, 182, 183, 184, 185, 186, 187, 188, 189], device='cuda:0')
dino all targets:tensor([180, 181, 182, 183, 184, 185, 186, 187, 188, 189], device='cuda:0')
finish loading CLIP/DinoV2 covariance
class names: ['Red headed Woodpecker' 'Downy Woodpecker' 'Bewick Wren' 'Cactus Wren'
 'Carolina Wren' 'House Wren' 'Marsh Wren' 'Rock Wren' 'Winter Wren'
 'Common Yellowthroat']
all targets:tensor([190, 191, 192, 193, 194, 195, 196, 197, 198, 199], device='cuda:0')
dino all targets:tensor([190, 191, 192, 193, 194, 195, 196, 197, 198, 199], device='cuda:0')
finish loading CLIP/DinoV2 covariance
session 0: baseline=88.163 final=88.163 gain=0.000
session 1: baseline=86.669 final=86.828 gain=0.159
session 2: baseline=86.297 final=86.647 gain=0.350
session 3: baseline=85.059 final=85.730 gain=0.671
session 4: baseline=84.881 final=85.675 gain=0.794
session 5: baseline=83.749 final=84.582 gain=0.832
session 6: baseline=84.222 final=85.024 gain=0.802
session 7: baseline=84.708 final=85.461 gain=0.753
session 8: baseline=84.479 final=85.286 gain=0.807
session 9: baseline=84.856 final=85.657 gain=0.801
session 10: baseline=85.140 final=85.985 gain=0.846
{
  "dataset": "cub200",
  "seed": 14,
  "train_cfg": "experiments/bmvc_1256_20260508-124032/generated_configs/bimc_dino_fusion.yaml",
  "method": "sessionwise conservative query prototype refinement on bimc_dino_fusion with pseudo-validation alpha selection",
  "runtime_sec": 239.422,
  "alpha_grid": [
    0.5,
    0.75,
    1.0
  ],
  "alpha_selection": "pseudo_validation_no_test_labels",
  "mass_thr": 0.3,
  "min_count": 5,
  "val_fraction": 0.2,
  "base_val_conf_thr": 0.5,
  "base_val_max_per_class": 50,
  "fallback_alpha": 0.75,
  "topk_per_class": null,
  "baseline_acc_list": [
    88.163,
    86.669,
    86.297,
    85.059,
    84.881,
    83.749,
    84.222,
    84.708,
    84.479,
    84.856,
    85.14
  ],
  "final_acc_list": [
    88.163,
    86.828,
    86.647,
    85.73,
    85.675,
    84.582,
    85.024,
    85.461,
    85.286,
    85.657,
    85.985
  ],
  "gain_list": [
    0.0,
    0.159,
    0.35,
    0.671,
    0.794,
    0.832,
    0.802,
    0.753,
    0.807,
    0.801,
    0.846
  ],
  "baseline_avg": 85.293,
  "baseline_pd": 3.023,
  "final_avg": 85.913,
  "final_pd": 2.178,
  "gain_avg": 0.62,
  "session_results": [
    {
      "session": 0,
      "num_seen_classes": 100,
      "baseline_full_acc": 88.163,
      "baseline_base_acc": 88.163,
      "baseline_novel_acc": 0.0,
      "best_alpha": null,
      "final_full_acc": 88.163,
      "final_base_acc": 88.163,
      "final_novel_acc": 0.0,
      "final_gain": 0.0,
      "updated_class_count": 0,
      "gated_query_count": 0,
      "alpha_selection": {
        "mode": "not_applicable_base_session",
        "selected_alpha": null
      }
    },
    {
      "session": 1,
      "num_seen_classes": 110,
      "baseline_full_acc": 86.669,
      "baseline_base_acc": 88.128,
      "baseline_novel_acc": 71.685,
      "selected_alpha": 1.0,
      "final_full_acc": 86.828,
      "final_base_acc": 88.059,
      "final_novel_acc": 74.194,
      "final_gain": 0.159,
      "updated_class_count": 9,
      "gated_query_count": 220,
      "gated_base_count": 5,
      "gated_novel_count": 215,
      "alpha_selection": {
        "mode": "pseudo_validation",
        "fallback_used": false,
        "selected_alpha": 1.0,
        "candidates": [
          {
            "alpha": 0.5,
            "pseudo_val_score": -0.087004,
            "pseudo_val_nll": 0.087004,
            "pseudo_val_agreement": 99.581
          },
          {
            "alpha": 0.75,
            "pseudo_val_score": -0.08704,
            "pseudo_val_nll": 0.08704,
            "pseudo_val_agreement": 99.546
          },
          {
            "alpha": 1.0,
            "pseudo_val_score": -0.086901,
            "pseudo_val_nll": 0.086901,
            "pseudo_val_agreement": 99.616
          }
        ],
        "split": {
          "novel_gated_query_count": 220,
          "validation_count": 2864,
          "novel_validation_count": 44,
          "base_validation_count": 2820,
          "updated_class_count": 9,
          "per_class_counts": {
            "100": 20,
            "101": 26,
            "102": 13,
            "103": 30,
            "104": 1,
            "105": 30,
            "106": 19,
            "107": 22,
            "108": 28,
            "109": 31
          },
          "per_class_update_counts": {
            "100": 16,
            "101": 21,
            "102": 10,
            "103": 24,
            "104": 0,
            "105": 24,
            "106": 15,
            "107": 18,
            "108": 22,
            "109": 25
          },
          "per_class_validation_counts": {
            "100": 4,
            "101": 5,
            "102": 3,
            "103": 6,
            "104": 0,
            "105": 6,
            "106": 4,
            "107": 4,
            "108": 6,
            "109": 6
          }
        }
      }
    },
    {
      "session": 2,
      "num_seen_classes": 120,
      "baseline_full_acc": 86.297,
      "baseline_base_acc": 88.094,
      "baseline_novel_acc": 77.208,
      "selected_alpha": 0.5,
      "final_full_acc": 86.647,
      "final_base_acc": 88.059,
      "final_novel_acc": 79.505,
      "final_gain": 0.35,
      "updated_class_count": 19,
      "gated_query_count": 507,
      "gated_base_count": 6,
      "gated_novel_count": 501,
      "alpha_selection": {
        "mode": "pseudo_validation",
        "fallback_used": false,
        "selected_alpha": 0.5,
        "candidates": [
          {
            "alpha": 0.5,
            "pseudo_val_score": -0.09782,
            "pseudo_val_nll": 0.09782,
            "pseudo_val_agreement": 99.281
          },
          {
            "alpha": 0.75,
            "pseudo_val_score": -0.099865,
            "pseudo_val_nll": 0.099865,
            "pseudo_val_agreement": 99.213
          },
          {
            "alpha": 1.0,
            "pseudo_val_score": -0.101768,
            "pseudo_val_nll": 0.101768,
            "pseudo_val_agreement": 99.213
          }
        ],
        "split": {
          "novel_gated_query_count": 507,
          "validation_count": 2922,
          "novel_validation_count": 103,
          "base_validation_count": 2819,
          "updated_class_count": 19,
          "per_class_counts": {
            "100": 20,
            "101": 26,
            "102": 13,
            "103": 30,
            "104": 1,
            "105": 30,
            "106": 20,
            "107": 22,
            "108": 28,
            "109": 30,
            "110": 18,
            "111": 41,
            "112": 24,
            "113": 29,
            "114": 30,
            "115": 33,
            "116": 28,
            "117": 29,
            "118": 25,
            "119": 30
          },
          "per_class_update_counts": {
            "100": 16,
            "101": 21,
            "102": 10,
            "103": 24,
            "104": 0,
            "105": 24,
            "106": 16,
            "107": 18,
            "108": 22,
            "109": 24,
            "110": 14,
            "111": 33,
            "112": 19,
            "113": 23,
            "114": 24,
            "115": 26,
            "116": 22,
            "117": 23,
            "118": 20,
            "119": 24
          },
          "per_class_validation_counts": {
            "100": 4,
            "101": 5,
            "102": 3,
            "103": 6,
            "104": 0,
            "105": 6,
            "106": 4,
            "107": 4,
            "108": 6,
            "109": 6,
            "110": 4,
            "111": 8,
            "112": 5,
            "113": 6,
            "114": 6,
            "115": 7,
            "116": 6,
            "117": 6,
            "118": 5,
            "119": 6
          }
        }
      }
    },
    {
      "session": 3,
      "num_seen_classes": 130,
      "baseline_full_acc": 85.059,
      "baseline_base_acc": 88.094,
      "baseline_novel_acc": 75.0,
      "selected_alpha": 0.5,
      "final_full_acc": 85.73,
      "final_base_acc": 88.024,
      "final_novel_acc": 78.125,
      "final_gain": 0.671,
      "updated_class_count": 29,
      "gated_query_count": 802,
      "gated_base_count": 6,
      "gated_novel_count": 796,
      "alpha_selection": {
        "mode": "pseudo_validation",
        "fallback_used": false,
        "selected_alpha": 0.5,
        "candidates": [
          {
            "alpha": 0.5,
            "pseudo_val_score": -0.116557,
            "pseudo_val_nll": 0.116557,
            "pseudo_val_agreement": 98.625
          },
          {
            "alpha": 0.75,
            "pseudo_val_score": -0.121598,
            "pseudo_val_nll": 0.121598,
            "pseudo_val_agreement": 98.323
          },
          {
            "alpha": 1.0,
            "pseudo_val_score": -0.126503,
            "pseudo_val_nll": 0.126503,
            "pseudo_val_agreement": 98.39
          }
        ],
        "split": {
          "novel_gated_query_count": 802,
          "validation_count": 2981,
          "novel_validation_count": 160,
          "base_validation_count": 2821,
          "updated_class_count": 29,
          "per_class_counts": {
            "100": 20,
            "101": 25,
            "102": 13,
            "103": 30,
            "104": 1,
            "105": 30,
            "106": 20,
            "107": 22,
            "108": 28,
            "109": 30,
            "110": 18,
            "111": 41,
            "112": 17,
            "113": 29,
            "114": 29,
            "115": 39,
            "116": 29,
            "117": 40,
            "118": 26,
            "119": 27,
            "120": 30,
            "121": 28,
            "122": 27,
            "123": 37,
            "124": 24,
            "125": 25,
            "126": 37,
            "127": 23,
            "128": 45,
            "129": 12
          },
          "per_class_update_counts": {
            "100": 16,
            "101": 20,
            "102": 10,
            "103": 24,
            "104": 0,
            "105": 24,
            "106": 16,
            "107": 18,
            "108": 22,
            "109": 24,
            "110": 14,
            "111": 33,
            "112": 14,
            "113": 23,
            "114": 23,
            "115": 31,
            "116": 23,
            "117": 32,
            "118": 21,
            "119": 22,
            "120": 24,
            "121": 22,
            "122": 22,
            "123": 30,
            "124": 19,
            "125": 20,
            "126": 30,
            "127": 18,
            "128": 36,
            "129": 10
          },
          "per_class_validation_counts": {
            "100": 4,
            "101": 5,
            "102": 3,
            "103": 6,
            "104": 0,
            "105": 6,
            "106": 4,
            "107": 4,
            "108": 6,
            "109": 6,
            "110": 4,
            "111": 8,
            "112": 3,
            "113": 6,
            "114": 6,
            "115": 8,
            "116": 6,
            "117": 8,
            "118": 5,
            "119": 5,
            "120": 6,
            "121": 6,
            "122": 5,
            "123": 7,
            "124": 5,
            "125": 5,
            "126": 7,
            "127": 5,
            "128": 9,
            "129": 2
          }
        }
      }
    },
    {
      "session": 4,
      "num_seen_classes": 140,
      "baseline_full_acc": 84.881,
      "baseline_base_acc": 88.024,
      "baseline_novel_acc": 77.148,
      "selected_alpha": 0.5,
      "final_full_acc": 85.675,
      "final_base_acc": 87.954,
      "final_novel_acc": 80.069,
      "final_gain": 0.794,
      "updated_class_count": 39,
      "gated_query_count": 1098,
      "gated_base_count": 8,
      "gated_novel_count": 1090,
      "alpha_selection": {
        "mode": "pseudo_validation",
        "fallback_used": false,
        "selected_alpha": 0.5,
        "candidates": [
          {
            "alpha": 0.5,
            "pseudo_val_score": -0.129341,
            "pseudo_val_nll": 0.129341,
            "pseudo_val_agreement": 98.326
          },
          {
            "alpha": 0.75,
            "pseudo_val_score": -0.135991,
            "pseudo_val_nll": 0.135991,
            "pseudo_val_agreement": 97.965
          },
          {
            "alpha": 1.0,
            "pseudo_val_score": -0.142493,
            "pseudo_val_nll": 0.142493,
            "pseudo_val_agreement": 97.965
          }
        ],
        "split": {
          "novel_gated_query_count": 1098,
          "validation_count": 3047,
          "novel_validation_count": 220,
          "base_validation_count": 2827,
          "updated_class_count": 39,
          "per_class_counts": {
            "100": 20,
            "101": 25,
            "102": 13,
            "103": 30,
            "104": 1,
            "105": 30,
            "106": 19,
            "107": 22,
            "108": 29,
            "109": 30,
            "110": 18,
            "111": 41,
            "112": 18,
            "113": 29,
            "114": 29,
            "115": 34,
            "116": 29,
            "117": 41,
            "118": 27,
            "119": 27,
            "120": 30,
            "121": 28,
            "122": 27,
            "123": 37,
            "124": 24,
            "125": 25,
            "126": 38,
            "127": 23,
            "128": 45,
            "129": 11,
            "130": 29,
            "131": 31,
            "132": 32,
            "133": 31,
            "134": 32,
            "135": 45,
            "136": 11,
            "137": 28,
            "138": 29,
            "139": 30
          },
          "per_class_update_counts": {
            "100": 16,
            "101": 20,
            "102": 10,
            "103": 24,
            "104": 0,
            "105": 24,
            "106": 15,
            "107": 18,
            "108": 23,
            "109": 24,
            "110": 14,
            "111": 33,
            "112": 14,
            "113": 23,
            "114": 23,
            "115": 27,
            "116": 23,
            "117": 33,
            "118": 22,
            "119": 22,
            "120": 24,
            "121": 22,
            "122": 22,
            "123": 30,
            "124": 19,
            "125": 20,
            "126": 30,
            "127": 18,
            "128": 36,
            "129": 9,
            "130": 23,
            "131": 25,
            "132": 26,
            "133": 25,
            "134": 26,
            "135": 36,
            "136": 9,
            "137": 22,
            "138": 23,
            "139": 24
          },
          "per_class_validation_counts": {
            "100": 4,
            "101": 5,
            "102": 3,
            "103": 6,
            "104": 0,
            "105": 6,
            "106": 4,
            "107": 4,
            "108": 6,
            "109": 6,
            "110": 4,
            "111": 8,
            "112": 4,
            "113": 6,
            "114": 6,
            "115": 7,
            "116": 6,
            "117": 8,
            "118": 5,
            "119": 5,
            "120": 6,
            "121": 6,
            "122": 5,
            "123": 7,
            "124": 5,
            "125": 5,
            "126": 8,
            "127": 5,
            "128": 9,
            "129": 2,
            "130": 6,
            "131": 6,
            "132": 6,
            "133": 6,
            "134": 6,
            "135": 9,
            "136": 2,
            "137": 6,
            "138": 6,
            "139": 6
          }
        }
      }
    },
    {
      "session": 5,
      "num_seen_classes": 150,
      "baseline_full_acc": 83.749,
      "baseline_base_acc": 88.024,
      "baseline_novel_acc": 75.376,
      "selected_alpha": 0.5,
      "final_full_acc": 84.582,
      "final_base_acc": 87.919,
      "final_novel_acc": 78.044,
      "final_gain": 0.832,
      "updated_class_count": 49,
      "gated_query_count": 1397,
      "gated_base_count": 9,
      "gated_novel_count": 1388,
      "alpha_selection": {
        "mode": "pseudo_validation",
        "fallback_used": false,
        "selected_alpha": 0.5,
        "candidates": [
          {
            "alpha": 0.5,
            "pseudo_val_score": -0.157046,
            "pseudo_val_nll": 0.157046,
            "pseudo_val_agreement": 97.489
          },
          {
            "alpha": 0.75,
            "pseudo_val_score": -0.170343,
            "pseudo_val_nll": 0.170343,
            "pseudo_val_agreement": 97.07
          },
          {
            "alpha": 1.0,
            "pseudo_val_score": -0.181542,
            "pseudo_val_nll": 0.181542,
            "pseudo_val_agreement": 97.102
          }
        ],
        "split": {
          "novel_gated_query_count": 1397,
          "validation_count": 3106,
          "novel_validation_count": 281,
          "base_validation_count": 2825,
          "updated_class_count": 49,
          "per_class_counts": {
            "100": 20,
            "101": 25,
            "102": 13,
            "103": 33,
            "104": 1,
            "105": 30,
            "106": 19,
            "107": 22,
            "108": 29,
            "109": 30,
            "110": 18,
            "111": 41,
            "112": 18,
            "113": 29,
            "114": 29,
            "115": 34,
            "116": 29,
            "117": 41,
            "118": 27,
            "119": 27,
            "120": 30,
            "121": 28,
            "122": 27,
            "123": 37,
            "124": 23,
            "125": 25,
            "126": 38,
            "127": 23,
            "128": 45,
            "129": 11,
            "130": 29,
            "131": 31,
            "132": 32,
            "133": 31,
            "134": 32,
            "135": 45,
            "136": 11,
            "137": 28,
            "138": 29,
            "139": 30,
            "140": 30,
            "141": 28,
            "142": 44,
            "143": 19,
            "144": 10,
            "145": 45,
            "146": 33,
            "147": 31,
            "148": 37,
            "149": 20
          },
          "per_class_update_counts": {
            "100": 16,
            "101": 20,
            "102": 10,
            "103": 26,
            "104": 0,
            "105": 24,
            "106": 15,
            "107": 18,
            "108": 23,
            "109": 24,
            "110": 14,
            "111": 33,
            "112": 14,
            "113": 23,
            "114": 23,
            "115": 27,
            "116": 23,
            "117": 33,
            "118": 22,
            "119": 22,
            "120": 24,
            "121": 22,
            "122": 22,
            "123": 30,
            "124": 18,
            "125": 20,
            "126": 30,
            "127": 18,
            "128": 36,
            "129": 9,
            "130": 23,
            "131": 25,
            "132": 26,
            "133": 25,
            "134": 26,
            "135": 36,
            "136": 9,
            "137": 22,
            "138": 23,
            "139": 24,
            "140": 24,
            "141": 22,
            "142": 35,
            "143": 15,
            "144": 8,
            "145": 36,
            "146": 26,
            "147": 25,
            "148": 30,
            "149": 16
          },
          "per_class_validation_counts": {
            "100": 4,
            "101": 5,
            "102": 3,
            "103": 7,
            "104": 0,
            "105": 6,
            "106": 4,
            "107": 4,
            "108": 6,
            "109": 6,
            "110": 4,
            "111": 8,
            "112": 4,
            "113": 6,
            "114": 6,
            "115": 7,
            "116": 6,
            "117": 8,
            "118": 5,
            "119": 5,
            "120": 6,
            "121": 6,
            "122": 5,
            "123": 7,
            "124": 5,
            "125": 5,
            "126": 8,
            "127": 5,
            "128": 9,
            "129": 2,
            "130": 6,
            "131": 6,
            "132": 6,
            "133": 6,
            "134": 6,
            "135": 9,
            "136": 2,
            "137": 6,
            "138": 6,
            "139": 6,
            "140": 6,
            "141": 6,
            "142": 9,
            "143": 4,
            "144": 2,
            "145": 9,
            "146": 7,
            "147": 6,
            "148": 7,
            "149": 4
          }
        }
      }
    },
    {
      "session": 6,
      "num_seen_classes": 160,
      "baseline_full_acc": 84.222,
      "baseline_base_acc": 88.024,
      "baseline_novel_acc": 78.0,
      "selected_alpha": 0.5,
      "final_full_acc": 85.024,
      "final_base_acc": 87.849,
      "final_novel_acc": 80.4,
      "final_gain": 0.802,
      "updated_class_count": 59,
      "gated_query_count": 1688,
      "gated_base_count": 13,
      "gated_novel_count": 1675,
      "alpha_selection": {
        "mode": "pseudo_validation",
        "fallback_used": false,
        "selected_alpha": 0.5,
        "candidates": [
          {
            "alpha": 0.5,
            "pseudo_val_score": -0.166084,
            "pseudo_val_nll": 0.166084,
            "pseudo_val_agreement": 97.183
          },
          {
            "alpha": 0.75,
            "pseudo_val_score": -0.181512,
            "pseudo_val_nll": 0.181512,
            "pseudo_val_agreement": 96.739
          },
          {
            "alpha": 1.0,
            "pseudo_val_score": -0.195185,
            "pseudo_val_nll": 0.195185,
            "pseudo_val_agreement": 96.676
          }
        ],
        "split": {
          "novel_gated_query_count": 1688,
          "validation_count": 3159,
          "novel_validation_count": 339,
          "base_validation_count": 2820,
          "updated_class_count": 59,
          "per_class_counts": {
            "100": 20,
            "101": 25,
            "102": 13,
            "103": 33,
            "104": 1,
            "105": 30,
            "106": 20,
            "107": 22,
            "108": 27,
            "109": 30,
            "110": 18,
            "111": 41,
            "112": 18,
            "113": 29,
            "114": 29,
            "115": 34,
            "116": 29,
            "117": 41,
            "118": 27,
            "119": 27,
            "120": 30,
            "121": 28,
            "122": 27,
            "123": 37,
            "124": 23,
            "125": 25,
            "126": 38,
            "127": 23,
            "128": 45,
            "129": 11,
            "130": 29,
            "131": 31,
            "132": 32,
            "133": 31,
            "134": 32,
            "135": 45,
            "136": 11,
            "137": 28,
            "138": 29,
            "139": 30,
            "140": 30,
            "141": 28,
            "142": 44,
            "143": 19,
            "144": 10,
            "145": 45,
            "146": 33,
            "147": 30,
            "148": 37,
            "149": 20,
            "150": 22,
            "151": 29,
            "152": 33,
            "153": 28,
            "154": 32,
            "155": 33,
            "156": 31,
            "157": 25,
            "158": 30,
            "159": 30
          },
          "per_class_update_counts": {
            "100": 16,
            "101": 20,
            "102": 10,
            "103": 26,
            "104": 0,
            "105": 24,
            "106": 16,
            "107": 18,
            "108": 22,
            "109": 24,
            "110": 14,
            "111": 33,
            "112": 14,
            "113": 23,
            "114": 23,
            "115": 27,
            "116": 23,
            "117": 33,
            "118": 22,
            "119": 22,
            "120": 24,
            "121": 22,
            "122": 22,
            "123": 30,
            "124": 18,
            "125": 20,
            "126": 30,
            "127": 18,
            "128": 36,
            "129": 9,
            "130": 23,
            "131": 25,
            "132": 26,
            "133": 25,
            "134": 26,
            "135": 36,
            "136": 9,
            "137": 22,
            "138": 23,
            "139": 24,
            "140": 24,
            "141": 22,
            "142": 35,
            "143": 15,
            "144": 8,
            "145": 36,
            "146": 26,
            "147": 24,
            "148": 30,
            "149": 16,
            "150": 18,
            "151": 23,
            "152": 26,
            "153": 22,
            "154": 26,
            "155": 26,
            "156": 25,
            "157": 20,
            "158": 24,
            "159": 24
          },
          "per_class_validation_counts": {
            "100": 4,
            "101": 5,
            "102": 3,
            "103": 7,
            "104": 0,
            "105": 6,
            "106": 4,
            "107": 4,
            "108": 5,
            "109": 6,
            "110": 4,
            "111": 8,
            "112": 4,
            "113": 6,
            "114": 6,
            "115": 7,
            "116": 6,
            "117": 8,
            "118": 5,
            "119": 5,
            "120": 6,
            "121": 6,
            "122": 5,
            "123": 7,
            "124": 5,
            "125": 5,
            "126": 8,
            "127": 5,
            "128": 9,
            "129": 2,
            "130": 6,
            "131": 6,
            "132": 6,
            "133": 6,
            "134": 6,
            "135": 9,
            "136": 2,
            "137": 6,
            "138": 6,
            "139": 6,
            "140": 6,
            "141": 6,
            "142": 9,
            "143": 4,
            "144": 2,
            "145": 9,
            "146": 7,
            "147": 6,
            "148": 7,
            "149": 4,
            "150": 4,
            "151": 6,
            "152": 7,
            "153": 6,
            "154": 6,
            "155": 7,
            "156": 6,
            "157": 5,
            "158": 6,
            "159": 6
          }
        }
      }
    },
    {
      "session": 7,
      "num_seen_classes": 170,
      "baseline_full_acc": 84.708,
      "baseline_base_acc": 87.954,
      "baseline_novel_acc": 80.166,
      "selected_alpha": 0.5,
      "final_full_acc": 85.461,
      "final_base_acc": 87.779,
      "final_novel_acc": 82.218,
      "final_gain": 0.753,
      "updated_class_count": 69,
      "gated_query_count": 1987,
      "gated_base_count": 16,
      "gated_novel_count": 1971,
      "alpha_selection": {
        "mode": "pseudo_validation",
        "fallback_used": false,
        "selected_alpha": 0.5,
        "candidates": [
          {
            "alpha": 0.5,
            "pseudo_val_score": -0.172174,
            "pseudo_val_nll": 0.172174,
            "pseudo_val_agreement": 97.112
          },
          {
            "alpha": 0.75,
            "pseudo_val_score": -0.189136,
            "pseudo_val_nll": 0.189136,
            "pseudo_val_agreement": 96.584
          },
          {
            "alpha": 1.0,
            "pseudo_val_score": -0.204495,
            "pseudo_val_nll": 0.204495,
            "pseudo_val_agreement": 96.491
          }
        ],
        "split": {
          "novel_gated_query_count": 1987,
          "validation_count": 3220,
          "novel_validation_count": 399,
          "base_validation_count": 2821,
          "updated_class_count": 69,
          "per_class_counts": {
            "100": 20,
            "101": 25,
            "102": 13,
            "103": 33,
            "104": 1,
            "105": 30,
            "106": 20,
            "107": 22,
            "108": 27,
            "109": 30,
            "110": 18,
            "111": 41,
            "112": 18,
            "113": 29,
            "114": 29,
            "115": 34,
            "116": 29,
            "117": 41,
            "118": 27,
            "119": 27,
            "120": 30,
            "121": 28,
            "122": 27,
            "123": 37,
            "124": 23,
            "125": 25,
            "126": 38,
            "127": 23,
            "128": 45,
            "129": 11,
            "130": 29,
            "131": 31,
            "132": 32,
            "133": 31,
            "134": 32,
            "135": 45,
            "136": 11,
            "137": 28,
            "138": 29,
            "139": 30,
            "140": 30,
            "141": 28,
            "142": 44,
            "143": 19,
            "144": 10,
            "145": 45,
            "146": 33,
            "147": 30,
            "148": 37,
            "149": 20,
            "150": 23,
            "151": 29,
            "152": 34,
            "153": 29,
            "154": 32,
            "155": 35,
            "156": 29,
            "157": 25,
            "158": 30,
            "159": 29,
            "160": 36,
            "161": 31,
            "162": 30,
            "163": 30,
            "164": 28,
            "165": 27,
            "166": 27,
            "167": 31,
            "168": 29,
            "169": 28
          },
          "per_class_update_counts": {
            "100": 16,
            "101": 20,
            "102": 10,
            "103": 26,
            "104": 0,
            "105": 24,
            "106": 16,
            "107": 18,
            "108": 22,
            "109": 24,
            "110": 14,
            "111": 33,
            "112": 14,
            "113": 23,
            "114": 23,
            "115": 27,
            "116": 23,
            "117": 33,
            "118": 22,
            "119": 22,
            "120": 24,
            "121": 22,
            "122": 22,
            "123": 30,
            "124": 18,
            "125": 20,
            "126": 30,
            "127": 18,
            "128": 36,
            "129": 9,
            "130": 23,
            "131": 25,
            "132": 26,
            "133": 25,
            "134": 26,
            "135": 36,
            "136": 9,
            "137": 22,
            "138": 23,
            "139": 24,
            "140": 24,
            "141": 22,
            "142": 35,
            "143": 15,
            "144": 8,
            "145": 36,
            "146": 26,
            "147": 24,
            "148": 30,
            "149": 16,
            "150": 18,
            "151": 23,
            "152": 27,
            "153": 23,
            "154": 26,
            "155": 28,
            "156": 23,
            "157": 20,
            "158": 24,
            "159": 23,
            "160": 29,
            "161": 25,
            "162": 24,
            "163": 24,
            "164": 22,
            "165": 22,
            "166": 22,
            "167": 25,
            "168": 23,
            "169": 22
          },
          "per_class_validation_counts": {
            "100": 4,
            "101": 5,
            "102": 3,
            "103": 7,
            "104": 0,
            "105": 6,
            "106": 4,
            "107": 4,
            "108": 5,
            "109": 6,
            "110": 4,
            "111": 8,
            "112": 4,
            "113": 6,
            "114": 6,
            "115": 7,
            "116": 6,
            "117": 8,
            "118": 5,
            "119": 5,
            "120": 6,
            "121": 6,
            "122": 5,
            "123": 7,
            "124": 5,
            "125": 5,
            "126": 8,
            "127": 5,
            "128": 9,
            "129": 2,
            "130": 6,
            "131": 6,
            "132": 6,
            "133": 6,
            "134": 6,
            "135": 9,
            "136": 2,
            "137": 6,
            "138": 6,
            "139": 6,
            "140": 6,
            "141": 6,
            "142": 9,
            "143": 4,
            "144": 2,
            "145": 9,
            "146": 7,
            "147": 6,
            "148": 7,
            "149": 4,
            "150": 5,
            "151": 6,
            "152": 7,
            "153": 6,
            "154": 6,
            "155": 7,
            "156": 6,
            "157": 5,
            "158": 6,
            "159": 6,
            "160": 7,
            "161": 6,
            "162": 6,
            "163": 6,
            "164": 6,
            "165": 5,
            "166": 5,
            "167": 6,
            "168": 6,
            "169": 6
          }
        }
      }
    },
    {
      "session": 8,
      "num_seen_classes": 180,
      "baseline_full_acc": 84.479,
      "baseline_base_acc": 87.954,
      "baseline_novel_acc": 80.231,
      "selected_alpha": 0.5,
      "final_full_acc": 85.286,
      "final_base_acc": 87.814,
      "final_novel_acc": 82.195,
      "final_gain": 0.807,
      "updated_class_count": 79,
      "gated_query_count": 2281,
      "gated_base_count": 17,
      "gated_novel_count": 2264,
      "alpha_selection": {
        "mode": "pseudo_validation",
        "fallback_used": false,
        "selected_alpha": 0.5,
        "candidates": [
          {
            "alpha": 0.5,
            "pseudo_val_score": -0.182589,
            "pseudo_val_nll": 0.182589,
            "pseudo_val_agreement": 96.771
          },
          {
            "alpha": 0.75,
            "pseudo_val_score": -0.201727,
            "pseudo_val_nll": 0.201727,
            "pseudo_val_agreement": 96.162
          },
          {
            "alpha": 1.0,
            "pseudo_val_score": -0.219884,
            "pseudo_val_nll": 0.219884,
            "pseudo_val_agreement": 95.888
          }
        ],
        "split": {
          "novel_gated_query_count": 2281,
          "validation_count": 3283,
          "novel_validation_count": 461,
          "base_validation_count": 2822,
          "updated_class_count": 79,
          "per_class_counts": {
            "100": 20,
            "101": 26,
            "102": 13,
            "103": 33,
            "104": 1,
            "105": 30,
            "106": 20,
            "107": 22,
            "108": 28,
            "109": 30,
            "110": 18,
            "111": 41,
            "112": 18,
            "113": 29,
            "114": 29,
            "115": 34,
            "116": 29,
            "117": 41,
            "118": 26,
            "119": 27,
            "120": 30,
            "121": 28,
            "122": 27,
            "123": 37,
            "124": 23,
            "125": 25,
            "126": 38,
            "127": 23,
            "128": 45,
            "129": 11,
            "130": 29,
            "131": 31,
            "132": 32,
            "133": 31,
            "134": 32,
            "135": 45,
            "136": 11,
            "137": 28,
            "138": 29,
            "139": 30,
            "140": 30,
            "141": 28,
            "142": 44,
            "143": 19,
            "144": 10,
            "145": 45,
            "146": 33,
            "147": 30,
            "148": 37,
            "149": 20,
            "150": 23,
            "151": 28,
            "152": 32,
            "153": 29,
            "154": 34,
            "155": 35,
            "156": 25,
            "157": 25,
            "158": 30,
            "159": 29,
            "160": 28,
            "161": 28,
            "162": 30,
            "163": 30,
            "164": 28,
            "165": 28,
            "166": 20,
            "167": 28,
            "168": 36,
            "169": 27,
            "170": 23,
            "171": 37,
            "172": 35,
            "173": 28,
            "174": 41,
            "175": 32,
            "176": 31,
            "177": 28,
            "178": 19,
            "179": 38
          },
          "per_class_update_counts": {
            "100": 16,
            "101": 21,
            "102": 10,
            "103": 26,
            "104": 0,
            "105": 24,
            "106": 16,
            "107": 18,
            "108": 22,
            "109": 24,
            "110": 14,
            "111": 33,
            "112": 14,
            "113": 23,
            "114": 23,
            "115": 27,
            "116": 23,
            "117": 33,
            "118": 21,
            "119": 22,
            "120": 24,
            "121": 22,
            "122": 22,
            "123": 30,
            "124": 18,
            "125": 20,
            "126": 30,
            "127": 18,
            "128": 36,
            "129": 9,
            "130": 23,
            "131": 25,
            "132": 26,
            "133": 25,
            "134": 26,
            "135": 36,
            "136": 9,
            "137": 22,
            "138": 23,
            "139": 24,
            "140": 24,
            "141": 22,
            "142": 35,
            "143": 15,
            "144": 8,
            "145": 36,
            "146": 26,
            "147": 24,
            "148": 30,
            "149": 16,
            "150": 18,
            "151": 22,
            "152": 26,
            "153": 23,
            "154": 27,
            "155": 28,
            "156": 20,
            "157": 20,
            "158": 24,
            "159": 23,
            "160": 22,
            "161": 22,
            "162": 24,
            "163": 24,
            "164": 22,
            "165": 22,
            "166": 16,
            "167": 22,
            "168": 29,
            "169": 22,
            "170": 18,
            "171": 30,
            "172": 28,
            "173": 22,
            "174": 33,
            "175": 26,
            "176": 25,
            "177": 22,
            "178": 15,
            "179": 30
          },
          "per_class_validation_counts": {
            "100": 4,
            "101": 5,
            "102": 3,
            "103": 7,
            "104": 0,
            "105": 6,
            "106": 4,
            "107": 4,
            "108": 6,
            "109": 6,
            "110": 4,
            "111": 8,
            "112": 4,
            "113": 6,
            "114": 6,
            "115": 7,
            "116": 6,
            "117": 8,
            "118": 5,
            "119": 5,
            "120": 6,
            "121": 6,
            "122": 5,
            "123": 7,
            "124": 5,
            "125": 5,
            "126": 8,
            "127": 5,
            "128": 9,
            "129": 2,
            "130": 6,
            "131": 6,
            "132": 6,
            "133": 6,
            "134": 6,
            "135": 9,
            "136": 2,
            "137": 6,
            "138": 6,
            "139": 6,
            "140": 6,
            "141": 6,
            "142": 9,
            "143": 4,
            "144": 2,
            "145": 9,
            "146": 7,
            "147": 6,
            "148": 7,
            "149": 4,
            "150": 5,
            "151": 6,
            "152": 6,
            "153": 6,
            "154": 7,
            "155": 7,
            "156": 5,
            "157": 5,
            "158": 6,
            "159": 6,
            "160": 6,
            "161": 6,
            "162": 6,
            "163": 6,
            "164": 6,
            "165": 6,
            "166": 4,
            "167": 6,
            "168": 7,
            "169": 5,
            "170": 5,
            "171": 7,
            "172": 7,
            "173": 6,
            "174": 8,
            "175": 6,
            "176": 6,
            "177": 6,
            "178": 4,
            "179": 8
          }
        }
      }
    },
    {
      "session": 9,
      "num_seen_classes": 190,
      "baseline_full_acc": 84.856,
      "baseline_base_acc": 87.884,
      "baseline_novel_acc": 81.559,
      "selected_alpha": 0.5,
      "final_full_acc": 85.657,
      "final_base_acc": 87.709,
      "final_novel_acc": 83.422,
      "final_gain": 0.801,
      "updated_class_count": 89,
      "gated_query_count": 2568,
      "gated_base_count": 17,
      "gated_novel_count": 2551,
      "alpha_selection": {
        "mode": "pseudo_validation",
        "fallback_used": false,
        "selected_alpha": 0.5,
        "candidates": [
          {
            "alpha": 0.5,
            "pseudo_val_score": -0.188059,
            "pseudo_val_nll": 0.188059,
            "pseudo_val_agreement": 96.617
          },
          {
            "alpha": 0.75,
            "pseudo_val_score": -0.208312,
            "pseudo_val_nll": 0.208312,
            "pseudo_val_agreement": 96.018
          },
          {
            "alpha": 1.0,
            "pseudo_val_score": -0.227486,
            "pseudo_val_nll": 0.227486,
            "pseudo_val_agreement": 95.689
          }
        ],
        "split": {
          "novel_gated_query_count": 2568,
          "validation_count": 3340,
          "novel_validation_count": 518,
          "base_validation_count": 2822,
          "updated_class_count": 89,
          "per_class_counts": {
            "100": 20,
            "101": 26,
            "102": 13,
            "103": 33,
            "104": 1,
            "105": 30,
            "106": 20,
            "107": 22,
            "108": 28,
            "109": 30,
            "110": 18,
            "111": 41,
            "112": 18,
            "113": 29,
            "114": 29,
            "115": 34,
            "116": 29,
            "117": 41,
            "118": 26,
            "119": 27,
            "120": 30,
            "121": 28,
            "122": 27,
            "123": 37,
            "124": 23,
            "125": 25,
            "126": 38,
            "127": 23,
            "128": 45,
            "129": 11,
            "130": 29,
            "131": 31,
            "132": 32,
            "133": 31,
            "134": 32,
            "135": 45,
            "136": 11,
            "137": 28,
            "138": 29,
            "139": 30,
            "140": 30,
            "141": 28,
            "142": 44,
            "143": 19,
            "144": 10,
            "145": 45,
            "146": 33,
            "147": 30,
            "148": 37,
            "149": 20,
            "150": 23,
            "151": 28,
            "152": 32,
            "153": 29,
            "154": 34,
            "155": 35,
            "156": 25,
            "157": 25,
            "158": 30,
            "159": 29,
            "160": 28,
            "161": 28,
            "162": 30,
            "163": 30,
            "164": 28,
            "165": 28,
            "166": 20,
            "167": 28,
            "168": 36,
            "169": 27,
            "170": 23,
            "171": 37,
            "172": 35,
            "173": 28,
            "174": 42,
            "175": 32,
            "176": 31,
            "177": 27,
            "178": 19,
            "179": 38,
            "180": 29,
            "181": 29,
            "182": 32,
            "183": 28,
            "184": 28,
            "185": 32,
            "186": 21,
            "187": 30,
            "188": 30,
            "189": 28
          },
          "per_class_update_counts": {
            "100": 16,
            "101": 21,
            "102": 10,
            "103": 26,
            "104": 0,
            "105": 24,
            "106": 16,
            "107": 18,
            "108": 22,
            "109": 24,
            "110": 14,
            "111": 33,
            "112": 14,
            "113": 23,
            "114": 23,
            "115": 27,
            "116": 23,
            "117": 33,
            "118": 21,
            "119": 22,
            "120": 24,
            "121": 22,
            "122": 22,
            "123": 30,
            "124": 18,
            "125": 20,
            "126": 30,
            "127": 18,
            "128": 36,
            "129": 9,
            "130": 23,
            "131": 25,
            "132": 26,
            "133": 25,
            "134": 26,
            "135": 36,
            "136": 9,
            "137": 22,
            "138": 23,
            "139": 24,
            "140": 24,
            "141": 22,
            "142": 35,
            "143": 15,
            "144": 8,
            "145": 36,
            "146": 26,
            "147": 24,
            "148": 30,
            "149": 16,
            "150": 18,
            "151": 22,
            "152": 26,
            "153": 23,
            "154": 27,
            "155": 28,
            "156": 20,
            "157": 20,
            "158": 24,
            "159": 23,
            "160": 22,
            "161": 22,
            "162": 24,
            "163": 24,
            "164": 22,
            "165": 22,
            "166": 16,
            "167": 22,
            "168": 29,
            "169": 22,
            "170": 18,
            "171": 30,
            "172": 28,
            "173": 22,
            "174": 34,
            "175": 26,
            "176": 25,
            "177": 22,
            "178": 15,
            "179": 30,
            "180": 23,
            "181": 23,
            "182": 26,
            "183": 22,
            "184": 22,
            "185": 26,
            "186": 17,
            "187": 24,
            "188": 24,
            "189": 22
          },
          "per_class_validation_counts": {
            "100": 4,
            "101": 5,
            "102": 3,
            "103": 7,
            "104": 0,
            "105": 6,
            "106": 4,
            "107": 4,
            "108": 6,
            "109": 6,
            "110": 4,
            "111": 8,
            "112": 4,
            "113": 6,
            "114": 6,
            "115": 7,
            "116": 6,
            "117": 8,
            "118": 5,
            "119": 5,
            "120": 6,
            "121": 6,
            "122": 5,
            "123": 7,
            "124": 5,
            "125": 5,
            "126": 8,
            "127": 5,
            "128": 9,
            "129": 2,
            "130": 6,
            "131": 6,
            "132": 6,
            "133": 6,
            "134": 6,
            "135": 9,
            "136": 2,
            "137": 6,
            "138": 6,
            "139": 6,
            "140": 6,
            "141": 6,
            "142": 9,
            "143": 4,
            "144": 2,
            "145": 9,
            "146": 7,
            "147": 6,
            "148": 7,
            "149": 4,
            "150": 5,
            "151": 6,
            "152": 6,
            "153": 6,
            "154": 7,
            "155": 7,
            "156": 5,
            "157": 5,
            "158": 6,
            "159": 6,
            "160": 6,
            "161": 6,
            "162": 6,
            "163": 6,
            "164": 6,
            "165": 6,
            "166": 4,
            "167": 6,
            "168": 7,
            "169": 5,
            "170": 5,
            "171": 7,
            "172": 7,
            "173": 6,
            "174": 8,
            "175": 6,
            "176": 6,
            "177": 5,
            "178": 4,
            "179": 8,
            "180": 6,
            "181": 6,
            "182": 6,
            "183": 6,
            "184": 6,
            "185": 6,
            "186": 4,
            "187": 6,
            "188": 6,
            "189": 6
          }
        }
      }
    },
    {
      "session": 10,
      "num_seen_classes": 200,
      "baseline_full_acc": 85.14,
      "baseline_base_acc": 87.884,
      "baseline_novel_acc": 82.457,
      "selected_alpha": 0.5,
      "final_full_acc": 85.985,
      "final_base_acc": 87.744,
      "final_novel_acc": 84.266,
      "final_gain": 0.846,
      "updated_class_count": 99,
      "gated_query_count": 2867,
      "gated_base_count": 17,
      "gated_novel_count": 2850,
      "alpha_selection": {
        "mode": "pseudo_validation",
        "fallback_used": false,
        "selected_alpha": 0.5,
        "candidates": [
          {
            "alpha": 0.5,
            "pseudo_val_score": -0.193793,
            "pseudo_val_nll": 0.193793,
            "pseudo_val_agreement": 96.474
          },
          {
            "alpha": 0.75,
            "pseudo_val_score": -0.214418,
            "pseudo_val_nll": 0.214418,
            "pseudo_val_agreement": 95.886
          },
          {
            "alpha": 1.0,
            "pseudo_val_score": -0.233944,
            "pseudo_val_nll": 0.233944,
            "pseudo_val_agreement": 95.563
          }
        ],
        "split": {
          "novel_gated_query_count": 2867,
          "validation_count": 3403,
          "novel_validation_count": 578,
          "base_validation_count": 2825,
          "updated_class_count": 99,
          "per_class_counts": {
            "100": 20,
            "101": 26,
            "102": 13,
            "103": 33,
            "104": 1,
            "105": 30,
            "106": 20,
            "107": 22,
            "108": 28,
            "109": 30,
            "110": 18,
            "111": 41,
            "112": 18,
            "113": 29,
            "114": 29,
            "115": 34,
            "116": 29,
            "117": 41,
            "118": 27,
            "119": 27,
            "120": 30,
            "121": 28,
            "122": 27,
            "123": 37,
            "124": 23,
            "125": 25,
            "126": 38,
            "127": 23,
            "128": 46,
            "129": 11,
            "130": 29,
            "131": 31,
            "132": 32,
            "133": 31,
            "134": 32,
            "135": 45,
            "136": 11,
            "137": 28,
            "138": 29,
            "139": 30,
            "140": 30,
            "141": 28,
            "142": 44,
            "143": 19,
            "144": 10,
            "145": 45,
            "146": 33,
            "147": 30,
            "148": 36,
            "149": 20,
            "150": 23,
            "151": 28,
            "152": 33,
            "153": 29,
            "154": 34,
            "155": 35,
            "156": 25,
            "157": 25,
            "158": 30,
            "159": 29,
            "160": 28,
            "161": 28,
            "162": 30,
            "163": 30,
            "164": 28,
            "165": 28,
            "166": 20,
            "167": 28,
            "168": 36,
            "169": 27,
            "170": 23,
            "171": 37,
            "172": 35,
            "173": 28,
            "174": 42,
            "175": 32,
            "176": 31,
            "177": 26,
            "178": 19,
            "179": 38,
            "180": 29,
            "181": 29,
            "182": 32,
            "183": 28,
            "184": 28,
            "185": 32,
            "186": 20,
            "187": 30,
            "188": 33,
            "189": 28,
            "190": 27,
            "191": 31,
            "192": 26,
            "193": 30,
            "194": 37,
            "195": 24,
            "196": 26,
            "197": 29,
            "198": 36,
            "199": 30
          },
          "per_class_update_counts": {
            "100": 16,
            "101": 21,
            "102": 10,
            "103": 26,
            "104": 0,
            "105": 24,
            "106": 16,
            "107": 18,
            "108": 22,
            "109": 24,
            "110": 14,
            "111": 33,
            "112": 14,
            "113": 23,
            "114": 23,
            "115": 27,
            "116": 23,
            "117": 33,
            "118": 22,
            "119": 22,
            "120": 24,
            "121": 22,
            "122": 22,
            "123": 30,
            "124": 18,
            "125": 20,
            "126": 30,
            "127": 18,
            "128": 37,
            "129": 9,
            "130": 23,
            "131": 25,
            "132": 26,
            "133": 25,
            "134": 26,
            "135": 36,
            "136": 9,
            "137": 22,
            "138": 23,
            "139": 24,
            "140": 24,
            "141": 22,
            "142": 35,
            "143": 15,
            "144": 8,
            "145": 36,
            "146": 26,
            "147": 24,
            "148": 29,
            "149": 16,
            "150": 18,
            "151": 22,
            "152": 26,
            "153": 23,
            "154": 27,
            "155": 28,
            "156": 20,
            "157": 20,
            "158": 24,
            "159": 23,
            "160": 22,
            "161": 22,
            "162": 24,
            "163": 24,
            "164": 22,
            "165": 22,
            "166": 16,
            "167": 22,
            "168": 29,
            "169": 22,
            "170": 18,
            "171": 30,
            "172": 28,
            "173": 22,
            "174": 34,
            "175": 26,
            "176": 25,
            "177": 21,
            "178": 15,
            "179": 30,
            "180": 23,
            "181": 23,
            "182": 26,
            "183": 22,
            "184": 22,
            "185": 26,
            "186": 16,
            "187": 24,
            "188": 26,
            "189": 22,
            "190": 22,
            "191": 25,
            "192": 21,
            "193": 24,
            "194": 30,
            "195": 19,
            "196": 21,
            "197": 23,
            "198": 29,
            "199": 24
          },
          "per_class_validation_counts": {
            "100": 4,
            "101": 5,
            "102": 3,
            "103": 7,
            "104": 0,
            "105": 6,
            "106": 4,
            "107": 4,
            "108": 6,
            "109": 6,
            "110": 4,
            "111": 8,
            "112": 4,
            "113": 6,
            "114": 6,
            "115": 7,
            "116": 6,
            "117": 8,
            "118": 5,
            "119": 5,
            "120": 6,
            "121": 6,
            "122": 5,
            "123": 7,
            "124": 5,
            "125": 5,
            "126": 8,
            "127": 5,
            "128": 9,
            "129": 2,
            "130": 6,
            "131": 6,
            "132": 6,
            "133": 6,
            "134": 6,
            "135": 9,
            "136": 2,
            "137": 6,
            "138": 6,
            "139": 6,
            "140": 6,
            "141": 6,
            "142": 9,
            "143": 4,
            "144": 2,
            "145": 9,
            "146": 7,
            "147": 6,
            "148": 7,
            "149": 4,
            "150": 5,
            "151": 6,
            "152": 7,
            "153": 6,
            "154": 7,
            "155": 7,
            "156": 5,
            "157": 5,
            "158": 6,
            "159": 6,
            "160": 6,
            "161": 6,
            "162": 6,
            "163": 6,
            "164": 6,
            "165": 6,
            "166": 4,
            "167": 6,
            "168": 7,
            "169": 5,
            "170": 5,
            "171": 7,
            "172": 7,
            "173": 6,
            "174": 8,
            "175": 6,
            "176": 6,
            "177": 5,
            "178": 4,
            "179": 8,
            "180": 6,
            "181": 6,
            "182": 6,
            "183": 6,
            "184": 6,
            "185": 6,
            "186": 4,
            "187": 6,
            "188": 7,
            "189": 6,
            "190": 5,
            "191": 6,
            "192": 5,
            "193": 6,
            "194": 7,
            "195": 5,
            "196": 5,
            "197": 6,
            "198": 7,
            "199": 6
          }
        }
      }
    }
  ]
}
