/media/ndag/newVolume/BiMC-test/models/clip/clip.py:23: UserWarning: PyTorch version 1.7.1 or higher is recommended
  warnings.warn("PyTorch version 1.7.1 or higher is recommended")
manual seed: 14
use gpu: ['0']
Loading CLIP (backbone: ViT-B/16)
Prompt template:['a photo of a {}.']
Loading DinoV2 ViT-B/14 from local hub: /home/ndag/.cache/torch/hub/facebookresearch_dinov2_main
/home/ndag/.cache/torch/hub/facebookresearch_dinov2_main/dinov2/layers/swiglu_ffn.py:51: UserWarning: xFormers is not available (SwiGLU)
  warnings.warn("xFormers is not available (SwiGLU)")
/home/ndag/.cache/torch/hub/facebookresearch_dinov2_main/dinov2/layers/attention.py:36: UserWarning: xFormers is not available (Attention)
  warnings.warn("xFormers is not available (Attention)")
/home/ndag/.cache/torch/hub/facebookresearch_dinov2_main/dinov2/layers/block.py:40: UserWarning: xFormers is not available (Block)
  warnings.warn("xFormers is not available (Block)")
Loading DinoV2 weights: /home/ndag/.cache/torch/hub/checkpoints/dinov2_vitb14_pretrain.pth
class names: ['house finch' 'robin' 'triceratops' 'green mamba' 'harvestman' 'toucan'
 'goose' 'jellyfish' 'nematode' 'king crab' 'dugong' 'Walker hound'
 'Ibizan hound' 'Saluki' 'golden retriever' 'Gordon setter' 'komondor'
 'boxer' 'Tibetan mastiff' 'French bulldog' 'malamute' 'dalmatian'
 'Newfoundland' 'miniature poodle' 'white wolf' 'African hunting dog'
 'Arctic fox' 'lion' 'meerkat' 'ladybug' 'rhinoceros beetle' 'ant'
 'black-footed ferret' 'three-toed sloth' 'rock beauty' 'aircraft carrier'
 'ashcan' 'barrel' 'beer bottle' 'bookshop' 'cannon' 'carousel' 'carton'
 'catamaran' 'chime' 'clog' 'cocktail shaker' 'combination lock' 'crate'
 'cuirass' 'dishrag' 'dome' 'electric guitar' 'file' 'fire screen'
 'frying pan' 'garbage truck' 'hair slide' 'holster' 'horizontal bar']
all targets:tensor([ 0,  1,  2,  3,  4,  5,  6,  7,  8,  9, 10, 11, 12, 13, 14, 15, 16, 17,
        18, 19, 20, 21, 22, 23, 24, 25, 26, 27, 28, 29, 30, 31, 32, 33, 34, 35,
        36, 37, 38, 39, 40, 41, 42, 43, 44, 45, 46, 47, 48, 49, 50, 51, 52, 53,
        54, 55, 56, 57, 58, 59], device='cuda:0')
dino all targets:tensor([ 0,  1,  2,  3,  4,  5,  6,  7,  8,  9, 10, 11, 12, 13, 14, 15, 16, 17,
        18, 19, 20, 21, 22, 23, 24, 25, 26, 27, 28, 29, 30, 31, 32, 33, 34, 35,
        36, 37, 38, 39, 40, 41, 42, 43, 44, 45, 46, 47, 48, 49, 50, 51, 52, 53,
        54, 55, 56, 57, 58, 59], device='cuda:0')
finish loading CLIP/DinoV2 covariance
class names: ['hourglass' 'iPod' 'lipstick' 'miniskirt' 'missile']
all targets:tensor([60, 61, 62, 63, 64], device='cuda:0')
dino all targets:tensor([60, 61, 62, 63, 64], device='cuda:0')
finish loading CLIP/DinoV2 covariance
class names: ['mixing bowl' 'oboe' 'organ' 'parallel bars' 'pencil box']
all targets:tensor([65, 66, 67, 68, 69], device='cuda:0')
dino all targets:tensor([65, 66, 67, 68, 69], device='cuda:0')
finish loading CLIP/DinoV2 covariance
class names: ['photocopier' 'poncho' 'prayer rug' 'reel' 'school bus']
all targets:tensor([70, 71, 72, 73, 74], device='cuda:0')
dino all targets:tensor([70, 71, 72, 73, 74], device='cuda:0')
finish loading CLIP/DinoV2 covariance
class names: ['scoreboard' 'slot' 'snorkel' 'solar dish' 'spider web']
all targets:tensor([75, 76, 77, 78, 79], device='cuda:0')
dino all targets:tensor([75, 76, 77, 78, 79], device='cuda:0')
finish loading CLIP/DinoV2 covariance
class names: ['stage' 'tank' 'theater curtain' 'tile roof' 'tobacco shop']
all targets:tensor([80, 81, 82, 83, 84], device='cuda:0')
dino all targets:tensor([80, 81, 82, 83, 84], device='cuda:0')
finish loading CLIP/DinoV2 covariance
class names: ['unicycle' 'upright' 'vase' 'wok' 'worm fence']
all targets:tensor([85, 86, 87, 88, 89], device='cuda:0')
dino all targets:tensor([85, 86, 87, 88, 89], device='cuda:0')
finish loading CLIP/DinoV2 covariance
class names: ['yawl' 'street sign' 'consomme' 'trifle' 'hotdog']
all targets:tensor([90, 91, 92, 93, 94], device='cuda:0')
dino all targets:tensor([90, 91, 92, 93, 94], device='cuda:0')
finish loading CLIP/DinoV2 covariance
class names: ['orange' 'cliff' 'coral reef' 'bolete' 'ear']
all targets:tensor([95, 96, 97, 98, 99], device='cuda:0')
dino all targets:tensor([95, 96, 97, 98, 99], device='cuda:0')
finish loading CLIP/DinoV2 covariance
session 0: baseline=97.100 final=97.100 gain=0.000
session 1: baseline=96.938 final=96.985 gain=0.046
session 2: baseline=95.114 final=95.329 gain=0.214
session 3: baseline=95.027 final=95.373 gain=0.347
session 4: baseline=95.113 final=95.450 gain=0.337
session 5: baseline=94.647 final=94.988 gain=0.341
session 6: baseline=93.756 final=94.200 gain=0.444
session 7: baseline=93.305 final=93.842 gain=0.537
session 8: baseline=93.250 final=93.770 gain=0.520
{
  "dataset": "miniimagenet",
  "seed": 14,
  "train_cfg": "experiments/bmvc_1256_20260508-124032/generated_configs/bimc_dino_fusion.yaml",
  "method": "sessionwise conservative query prototype refinement on bimc_dino_fusion with pseudo-validation alpha selection",
  "runtime_sec": 449.045,
  "alpha_grid": [
    0.5,
    0.75,
    1.0
  ],
  "alpha_selection": "pseudo_validation_no_test_labels",
  "mass_thr": 0.3,
  "min_count": 5,
  "val_fraction": 0.2,
  "base_val_conf_thr": 0.5,
  "base_val_max_per_class": 50,
  "fallback_alpha": 0.75,
  "topk_per_class": null,
  "baseline_acc_list": [
    97.1,
    96.938,
    95.114,
    95.027,
    95.113,
    94.647,
    93.756,
    93.305,
    93.25
  ],
  "final_acc_list": [
    97.1,
    96.985,
    95.329,
    95.373,
    95.45,
    94.988,
    94.2,
    93.842,
    93.77
  ],
  "gain_list": [
    0.0,
    0.046,
    0.214,
    0.347,
    0.337,
    0.341,
    0.444,
    0.537,
    0.52
  ],
  "baseline_avg": 94.917,
  "baseline_pd": 3.85,
  "final_avg": 95.226,
  "final_pd": 3.33,
  "gain_avg": 0.31,
  "session_results": [
    {
      "session": 0,
      "num_seen_classes": 60,
      "baseline_full_acc": 97.1,
      "baseline_base_acc": 97.1,
      "baseline_novel_acc": 0.0,
      "best_alpha": null,
      "final_full_acc": 97.1,
      "final_base_acc": 97.1,
      "final_novel_acc": 0.0,
      "final_gain": 0.0,
      "updated_class_count": 0,
      "gated_query_count": 0,
      "alpha_selection": {
        "mode": "not_applicable_base_session",
        "selected_alpha": null
      }
    },
    {
      "session": 1,
      "num_seen_classes": 65,
      "baseline_full_acc": 96.938,
      "baseline_base_acc": 97.05,
      "baseline_novel_acc": 95.6,
      "selected_alpha": 0.75,
      "final_full_acc": 96.985,
      "final_base_acc": 97.017,
      "final_novel_acc": 96.6,
      "final_gain": 0.046,
      "updated_class_count": 5,
      "gated_query_count": 488,
      "gated_base_count": 3,
      "gated_novel_count": 485,
      "alpha_selection": {
        "mode": "pseudo_validation",
        "fallback_used": false,
        "selected_alpha": 0.75,
        "candidates": [
          {
            "alpha": 0.5,
            "pseudo_val_score": -0.017402,
            "pseudo_val_nll": 0.017402,
            "pseudo_val_agreement": 99.968
          },
          {
            "alpha": 0.75,
            "pseudo_val_score": -0.01736,
            "pseudo_val_nll": 0.01736,
            "pseudo_val_agreement": 99.968
          },
          {
            "alpha": 1.0,
            "pseudo_val_score": -0.017444,
            "pseudo_val_nll": 0.017444,
            "pseudo_val_agreement": 99.903
          }
        ],
        "split": {
          "novel_gated_query_count": 488,
          "validation_count": 3098,
          "novel_validation_count": 98,
          "base_validation_count": 3000,
          "updated_class_count": 5,
          "per_class_counts": {
            "60": 99,
            "61": 98,
            "62": 94,
            "63": 101,
            "64": 96
          },
          "per_class_update_counts": {
            "60": 79,
            "61": 78,
            "62": 75,
            "63": 81,
            "64": 77
          },
          "per_class_validation_counts": {
            "60": 20,
            "61": 20,
            "62": 19,
            "63": 20,
            "64": 19
          }
        }
      }
    },
    {
      "session": 2,
      "num_seen_classes": 70,
      "baseline_full_acc": 95.114,
      "baseline_base_acc": 96.7,
      "baseline_novel_acc": 85.6,
      "selected_alpha": 0.5,
      "final_full_acc": 95.329,
      "final_base_acc": 96.667,
      "final_novel_acc": 87.3,
      "final_gain": 0.214,
      "updated_class_count": 10,
      "gated_query_count": 885,
      "gated_base_count": 21,
      "gated_novel_count": 864,
      "alpha_selection": {
        "mode": "pseudo_validation",
        "fallback_used": false,
        "selected_alpha": 0.5,
        "candidates": [
          {
            "alpha": 0.5,
            "pseudo_val_score": -0.032068,
            "pseudo_val_nll": 0.032068,
            "pseudo_val_agreement": 99.843
          },
          {
            "alpha": 0.75,
            "pseudo_val_score": -0.032913,
            "pseudo_val_nll": 0.032913,
            "pseudo_val_agreement": 99.811
          },
          {
            "alpha": 1.0,
            "pseudo_val_score": -0.034272,
            "pseudo_val_nll": 0.034272,
            "pseudo_val_agreement": 99.717
          }
        ],
        "split": {
          "novel_gated_query_count": 885,
          "validation_count": 3177,
          "novel_validation_count": 177,
          "base_validation_count": 3000,
          "updated_class_count": 10,
          "per_class_counts": {
            "60": 99,
            "61": 100,
            "62": 93,
            "63": 99,
            "64": 96,
            "65": 86,
            "66": 100,
            "67": 102,
            "68": 25,
            "69": 85
          },
          "per_class_update_counts": {
            "60": 79,
            "61": 80,
            "62": 74,
            "63": 79,
            "64": 77,
            "65": 69,
            "66": 80,
            "67": 82,
            "68": 20,
            "69": 68
          },
          "per_class_validation_counts": {
            "60": 20,
            "61": 20,
            "62": 19,
            "63": 20,
            "64": 19,
            "65": 17,
            "66": 20,
            "67": 20,
            "68": 5,
            "69": 17
          }
        }
      }
    },
    {
      "session": 3,
      "num_seen_classes": 75,
      "baseline_full_acc": 95.027,
      "baseline_base_acc": 96.7,
      "baseline_novel_acc": 88.333,
      "selected_alpha": 0.5,
      "final_full_acc": 95.373,
      "final_base_acc": 96.667,
      "final_novel_acc": 90.2,
      "final_gain": 0.347,
      "updated_class_count": 15,
      "gated_query_count": 1360,
      "gated_base_count": 22,
      "gated_novel_count": 1338,
      "alpha_selection": {
        "mode": "pseudo_validation",
        "fallback_used": false,
        "selected_alpha": 0.5,
        "candidates": [
          {
            "alpha": 0.5,
            "pseudo_val_score": -0.046715,
            "pseudo_val_nll": 0.046715,
            "pseudo_val_agreement": 99.786
          },
          {
            "alpha": 0.75,
            "pseudo_val_score": -0.047579,
            "pseudo_val_nll": 0.047579,
            "pseudo_val_agreement": 99.725
          },
          {
            "alpha": 1.0,
            "pseudo_val_score": -0.049013,
            "pseudo_val_nll": 0.049013,
            "pseudo_val_agreement": 99.572
          }
        ],
        "split": {
          "novel_gated_query_count": 1360,
          "validation_count": 3272,
          "novel_validation_count": 272,
          "base_validation_count": 3000,
          "updated_class_count": 15,
          "per_class_counts": {
            "60": 99,
            "61": 101,
            "62": 93,
            "63": 99,
            "64": 96,
            "65": 85,
            "66": 100,
            "67": 102,
            "68": 25,
            "69": 84,
            "70": 97,
            "71": 88,
            "72": 97,
            "73": 95,
            "74": 99
          },
          "per_class_update_counts": {
            "60": 79,
            "61": 81,
            "62": 74,
            "63": 79,
            "64": 77,
            "65": 68,
            "66": 80,
            "67": 82,
            "68": 20,
            "69": 67,
            "70": 78,
            "71": 70,
            "72": 78,
            "73": 76,
            "74": 79
          },
          "per_class_validation_counts": {
            "60": 20,
            "61": 20,
            "62": 19,
            "63": 20,
            "64": 19,
            "65": 17,
            "66": 20,
            "67": 20,
            "68": 5,
            "69": 17,
            "70": 19,
            "71": 18,
            "72": 19,
            "73": 19,
            "74": 20
          }
        }
      }
    },
    {
      "session": 4,
      "num_seen_classes": 80,
      "baseline_full_acc": 95.113,
      "baseline_base_acc": 96.65,
      "baseline_novel_acc": 90.5,
      "selected_alpha": 0.5,
      "final_full_acc": 95.45,
      "final_base_acc": 96.583,
      "final_novel_acc": 92.05,
      "final_gain": 0.337,
      "updated_class_count": 20,
      "gated_query_count": 1853,
      "gated_base_count": 29,
      "gated_novel_count": 1824,
      "alpha_selection": {
        "mode": "pseudo_validation",
        "fallback_used": false,
        "selected_alpha": 0.5,
        "candidates": [
          {
            "alpha": 0.5,
            "pseudo_val_score": -0.060844,
            "pseudo_val_nll": 0.060844,
            "pseudo_val_agreement": 99.763
          },
          {
            "alpha": 0.75,
            "pseudo_val_score": -0.061754,
            "pseudo_val_nll": 0.061754,
            "pseudo_val_agreement": 99.674
          },
          {
            "alpha": 1.0,
            "pseudo_val_score": -0.063314,
            "pseudo_val_nll": 0.063314,
            "pseudo_val_agreement": 99.585
          }
        ],
        "split": {
          "novel_gated_query_count": 1853,
          "validation_count": 3371,
          "novel_validation_count": 371,
          "base_validation_count": 3000,
          "updated_class_count": 20,
          "per_class_counts": {
            "60": 99,
            "61": 100,
            "62": 93,
            "63": 99,
            "64": 96,
            "65": 87,
            "66": 100,
            "67": 102,
            "68": 25,
            "69": 84,
            "70": 96,
            "71": 88,
            "72": 97,
            "73": 95,
            "74": 99,
            "75": 101,
            "76": 98,
            "77": 100,
            "78": 94,
            "79": 100
          },
          "per_class_update_counts": {
            "60": 79,
            "61": 80,
            "62": 74,
            "63": 79,
            "64": 77,
            "65": 70,
            "66": 80,
            "67": 82,
            "68": 20,
            "69": 67,
            "70": 77,
            "71": 70,
            "72": 78,
            "73": 76,
            "74": 79,
            "75": 81,
            "76": 78,
            "77": 80,
            "78": 75,
            "79": 80
          },
          "per_class_validation_counts": {
            "60": 20,
            "61": 20,
            "62": 19,
            "63": 20,
            "64": 19,
            "65": 17,
            "66": 20,
            "67": 20,
            "68": 5,
            "69": 17,
            "70": 19,
            "71": 18,
            "72": 19,
            "73": 19,
            "74": 20,
            "75": 20,
            "76": 20,
            "77": 20,
            "78": 19,
            "79": 20
          }
        }
      }
    },
    {
      "session": 5,
      "num_seen_classes": 85,
      "baseline_full_acc": 94.647,
      "baseline_base_acc": 96.417,
      "baseline_novel_acc": 90.4,
      "selected_alpha": 0.5,
      "final_full_acc": 94.988,
      "final_base_acc": 96.283,
      "final_novel_acc": 91.88,
      "final_gain": 0.341,
      "updated_class_count": 25,
      "gated_query_count": 2342,
      "gated_base_count": 40,
      "gated_novel_count": 2302,
      "alpha_selection": {
        "mode": "pseudo_validation",
        "fallback_used": false,
        "selected_alpha": 0.5,
        "candidates": [
          {
            "alpha": 0.5,
            "pseudo_val_score": -0.079204,
            "pseudo_val_nll": 0.079204,
            "pseudo_val_agreement": 99.51
          },
          {
            "alpha": 0.75,
            "pseudo_val_score": -0.082106,
            "pseudo_val_nll": 0.082106,
            "pseudo_val_agreement": 99.279
          },
          {
            "alpha": 1.0,
            "pseudo_val_score": -0.086269,
            "pseudo_val_nll": 0.086269,
            "pseudo_val_agreement": 98.991
          }
        ],
        "split": {
          "novel_gated_query_count": 2342,
          "validation_count": 3469,
          "novel_validation_count": 469,
          "base_validation_count": 3000,
          "updated_class_count": 25,
          "per_class_counts": {
            "60": 98,
            "61": 100,
            "62": 94,
            "63": 100,
            "64": 96,
            "65": 87,
            "66": 100,
            "67": 101,
            "68": 25,
            "69": 84,
            "70": 97,
            "71": 87,
            "72": 97,
            "73": 96,
            "74": 99,
            "75": 101,
            "76": 98,
            "77": 100,
            "78": 88,
            "79": 101,
            "80": 100,
            "81": 103,
            "82": 103,
            "83": 104,
            "84": 83
          },
          "per_class_update_counts": {
            "60": 78,
            "61": 80,
            "62": 75,
            "63": 80,
            "64": 77,
            "65": 70,
            "66": 80,
            "67": 81,
            "68": 20,
            "69": 67,
            "70": 78,
            "71": 70,
            "72": 78,
            "73": 77,
            "74": 79,
            "75": 81,
            "76": 78,
            "77": 80,
            "78": 70,
            "79": 81,
            "80": 80,
            "81": 82,
            "82": 82,
            "83": 83,
            "84": 66
          },
          "per_class_validation_counts": {
            "60": 20,
            "61": 20,
            "62": 19,
            "63": 20,
            "64": 19,
            "65": 17,
            "66": 20,
            "67": 20,
            "68": 5,
            "69": 17,
            "70": 19,
            "71": 17,
            "72": 19,
            "73": 19,
            "74": 20,
            "75": 20,
            "76": 20,
            "77": 20,
            "78": 18,
            "79": 20,
            "80": 20,
            "81": 21,
            "82": 21,
            "83": 21,
            "84": 17
          }
        }
      }
    },
    {
      "session": 6,
      "num_seen_classes": 90,
      "baseline_full_acc": 93.756,
      "baseline_base_acc": 96.3,
      "baseline_novel_acc": 88.667,
      "selected_alpha": 0.5,
      "final_full_acc": 94.2,
      "final_base_acc": 96.15,
      "final_novel_acc": 90.3,
      "final_gain": 0.444,
      "updated_class_count": 30,
      "gated_query_count": 2764,
      "gated_base_count": 46,
      "gated_novel_count": 2718,
      "alpha_selection": {
        "mode": "pseudo_validation",
        "fallback_used": false,
        "selected_alpha": 0.5,
        "candidates": [
          {
            "alpha": 0.5,
            "pseudo_val_score": -0.092004,
            "pseudo_val_nll": 0.092004,
            "pseudo_val_agreement": 99.437
          },
          {
            "alpha": 0.75,
            "pseudo_val_score": -0.095088,
            "pseudo_val_nll": 0.095088,
            "pseudo_val_agreement": 99.268
          },
          {
            "alpha": 1.0,
            "pseudo_val_score": -0.099654,
            "pseudo_val_nll": 0.099654,
            "pseudo_val_agreement": 98.875
          }
        ],
        "split": {
          "novel_gated_query_count": 2764,
          "validation_count": 3554,
          "novel_validation_count": 554,
          "base_validation_count": 3000,
          "updated_class_count": 30,
          "per_class_counts": {
            "60": 98,
            "61": 100,
            "62": 95,
            "63": 100,
            "64": 96,
            "65": 86,
            "66": 100,
            "67": 94,
            "68": 24,
            "69": 84,
            "70": 97,
            "71": 87,
            "72": 97,
            "73": 95,
            "74": 99,
            "75": 101,
            "76": 98,
            "77": 100,
            "78": 88,
            "79": 101,
            "80": 102,
            "81": 103,
            "82": 103,
            "83": 104,
            "84": 83,
            "85": 95,
            "86": 105,
            "87": 94,
            "88": 38,
            "89": 97
          },
          "per_class_update_counts": {
            "60": 78,
            "61": 80,
            "62": 76,
            "63": 80,
            "64": 77,
            "65": 69,
            "66": 80,
            "67": 75,
            "68": 19,
            "69": 67,
            "70": 78,
            "71": 70,
            "72": 78,
            "73": 76,
            "74": 79,
            "75": 81,
            "76": 78,
            "77": 80,
            "78": 70,
            "79": 81,
            "80": 82,
            "81": 82,
            "82": 82,
            "83": 83,
            "84": 66,
            "85": 76,
            "86": 84,
            "87": 75,
            "88": 30,
            "89": 78
          },
          "per_class_validation_counts": {
            "60": 20,
            "61": 20,
            "62": 19,
            "63": 20,
            "64": 19,
            "65": 17,
            "66": 20,
            "67": 19,
            "68": 5,
            "69": 17,
            "70": 19,
            "71": 17,
            "72": 19,
            "73": 19,
            "74": 20,
            "75": 20,
            "76": 20,
            "77": 20,
            "78": 18,
            "79": 20,
            "80": 20,
            "81": 21,
            "82": 21,
            "83": 21,
            "84": 17,
            "85": 19,
            "86": 21,
            "87": 19,
            "88": 8,
            "89": 19
          }
        }
      }
    },
    {
      "session": 7,
      "num_seen_classes": 95,
      "baseline_full_acc": 93.305,
      "baseline_base_acc": 96.183,
      "baseline_novel_acc": 88.371,
      "selected_alpha": 0.5,
      "final_full_acc": 93.842,
      "final_base_acc": 96.067,
      "final_novel_acc": 90.029,
      "final_gain": 0.537,
      "updated_class_count": 35,
      "gated_query_count": 3222,
      "gated_base_count": 53,
      "gated_novel_count": 3169,
      "alpha_selection": {
        "mode": "pseudo_validation",
        "fallback_used": false,
        "selected_alpha": 0.5,
        "candidates": [
          {
            "alpha": 0.5,
            "pseudo_val_score": -0.103526,
            "pseudo_val_nll": 0.103526,
            "pseudo_val_agreement": 99.396
          },
          {
            "alpha": 0.75,
            "pseudo_val_score": -0.107025,
            "pseudo_val_nll": 0.107025,
            "pseudo_val_agreement": 99.177
          },
          {
            "alpha": 1.0,
            "pseudo_val_score": -0.112265,
            "pseudo_val_nll": 0.112265,
            "pseudo_val_agreement": 98.656
          }
        ],
        "split": {
          "novel_gated_query_count": 3222,
          "validation_count": 3645,
          "novel_validation_count": 645,
          "base_validation_count": 3000,
          "updated_class_count": 35,
          "per_class_counts": {
            "60": 98,
            "61": 98,
            "62": 95,
            "63": 100,
            "64": 96,
            "65": 82,
            "66": 100,
            "67": 94,
            "68": 24,
            "69": 84,
            "70": 97,
            "71": 87,
            "72": 97,
            "73": 95,
            "74": 99,
            "75": 101,
            "76": 98,
            "77": 100,
            "78": 87,
            "79": 101,
            "80": 102,
            "81": 103,
            "82": 102,
            "83": 104,
            "84": 83,
            "85": 95,
            "86": 105,
            "87": 94,
            "88": 29,
            "89": 98,
            "90": 60,
            "91": 100,
            "92": 110,
            "93": 105,
            "94": 99
          },
          "per_class_update_counts": {
            "60": 78,
            "61": 78,
            "62": 76,
            "63": 80,
            "64": 77,
            "65": 66,
            "66": 80,
            "67": 75,
            "68": 19,
            "69": 67,
            "70": 78,
            "71": 70,
            "72": 78,
            "73": 76,
            "74": 79,
            "75": 81,
            "76": 78,
            "77": 80,
            "78": 70,
            "79": 81,
            "80": 82,
            "81": 82,
            "82": 82,
            "83": 83,
            "84": 66,
            "85": 76,
            "86": 84,
            "87": 75,
            "88": 23,
            "89": 78,
            "90": 48,
            "91": 80,
            "92": 88,
            "93": 84,
            "94": 79
          },
          "per_class_validation_counts": {
            "60": 20,
            "61": 20,
            "62": 19,
            "63": 20,
            "64": 19,
            "65": 16,
            "66": 20,
            "67": 19,
            "68": 5,
            "69": 17,
            "70": 19,
            "71": 17,
            "72": 19,
            "73": 19,
            "74": 20,
            "75": 20,
            "76": 20,
            "77": 20,
            "78": 17,
            "79": 20,
            "80": 20,
            "81": 21,
            "82": 20,
            "83": 21,
            "84": 17,
            "85": 19,
            "86": 21,
            "87": 19,
            "88": 6,
            "89": 20,
            "90": 12,
            "91": 20,
            "92": 22,
            "93": 21,
            "94": 20
          }
        }
      }
    },
    {
      "session": 8,
      "num_seen_classes": 100,
      "baseline_full_acc": 93.25,
      "baseline_base_acc": 96.067,
      "baseline_novel_acc": 89.025,
      "selected_alpha": 0.5,
      "final_full_acc": 93.77,
      "final_base_acc": 95.933,
      "final_novel_acc": 90.525,
      "final_gain": 0.52,
      "updated_class_count": 40,
      "gated_query_count": 3707,
      "gated_base_count": 60,
      "gated_novel_count": 3647,
      "alpha_selection": {
        "mode": "pseudo_validation",
        "fallback_used": false,
        "selected_alpha": 0.5,
        "candidates": [
          {
            "alpha": 0.5,
            "pseudo_val_score": -0.115522,
            "pseudo_val_nll": 0.115522,
            "pseudo_val_agreement": 99.438
          },
          {
            "alpha": 0.75,
            "pseudo_val_score": -0.11906,
            "pseudo_val_nll": 0.11906,
            "pseudo_val_agreement": 99.144
          },
          {
            "alpha": 1.0,
            "pseudo_val_score": -0.124405,
            "pseudo_val_nll": 0.124405,
            "pseudo_val_agreement": 98.663
          }
        ],
        "split": {
          "novel_gated_query_count": 3707,
          "validation_count": 3739,
          "novel_validation_count": 739,
          "base_validation_count": 3000,
          "updated_class_count": 40,
          "per_class_counts": {
            "60": 98,
            "61": 99,
            "62": 95,
            "63": 100,
            "64": 96,
            "65": 81,
            "66": 100,
            "67": 94,
            "68": 24,
            "69": 84,
            "70": 97,
            "71": 87,
            "72": 97,
            "73": 94,
            "74": 99,
            "75": 101,
            "76": 98,
            "77": 101,
            "78": 86,
            "79": 101,
            "80": 102,
            "81": 103,
            "82": 102,
            "83": 103,
            "84": 83,
            "85": 95,
            "86": 105,
            "87": 92,
            "88": 31,
            "89": 97,
            "90": 61,
            "91": 100,
            "92": 111,
            "93": 107,
            "94": 101,
            "95": 96,
            "96": 95,
            "97": 91,
            "98": 100,
            "99": 100
          },
          "per_class_update_counts": {
            "60": 78,
            "61": 79,
            "62": 76,
            "63": 80,
            "64": 77,
            "65": 65,
            "66": 80,
            "67": 75,
            "68": 19,
            "69": 67,
            "70": 78,
            "71": 70,
            "72": 78,
            "73": 75,
            "74": 79,
            "75": 81,
            "76": 78,
            "77": 81,
            "78": 69,
            "79": 81,
            "80": 82,
            "81": 82,
            "82": 82,
            "83": 82,
            "84": 66,
            "85": 76,
            "86": 84,
            "87": 74,
            "88": 25,
            "89": 78,
            "90": 49,
            "91": 80,
            "92": 89,
            "93": 86,
            "94": 81,
            "95": 77,
            "96": 76,
            "97": 73,
            "98": 80,
            "99": 80
          },
          "per_class_validation_counts": {
            "60": 20,
            "61": 20,
            "62": 19,
            "63": 20,
            "64": 19,
            "65": 16,
            "66": 20,
            "67": 19,
            "68": 5,
            "69": 17,
            "70": 19,
            "71": 17,
            "72": 19,
            "73": 19,
            "74": 20,
            "75": 20,
            "76": 20,
            "77": 20,
            "78": 17,
            "79": 20,
            "80": 20,
            "81": 21,
            "82": 20,
            "83": 21,
            "84": 17,
            "85": 19,
            "86": 21,
            "87": 18,
            "88": 6,
            "89": 19,
            "90": 12,
            "91": 20,
            "92": 22,
            "93": 21,
            "94": 20,
            "95": 19,
            "96": 19,
            "97": 18,
            "98": 20,
            "99": 20
          }
        }
      }
    }
  ]
}
