/media/bio/data/BiMC-test/models/clip/clip.py:23: UserWarning: PyTorch version 1.7.1 or higher is recommended
  warnings.warn("PyTorch version 1.7.1 or higher is recommended")
manual seed: 10
use gpu: ['0']
Files already downloaded and verified
Files already downloaded and verified
Loading CLIP (backbone: ViT-B/16)
Prompt template:['a photo of a {}.']
Loading DinoV2 ViT-B/14 from local hub: /home/bio/.cache/torch/hub/facebookresearch_dinov2_main
/home/bio/.cache/torch/hub/facebookresearch_dinov2_main/dinov2/layers/swiglu_ffn.py:51: UserWarning: xFormers is not available (SwiGLU)
  warnings.warn("xFormers is not available (SwiGLU)")
/home/bio/.cache/torch/hub/facebookresearch_dinov2_main/dinov2/layers/attention.py:34: UserWarning: xFormers is not available (Attention)
  warnings.warn("xFormers is not available (Attention)")
/home/bio/.cache/torch/hub/facebookresearch_dinov2_main/dinov2/layers/block.py:41: UserWarning: xFormers is not available (Block)
  warnings.warn("xFormers is not available (Block)")
Loading DinoV2 weights: /home/bio/.cache/torch/hub/checkpoints/dinov2_vitb14_pretrain.pth
class names: ['apple' 'aquarium fish' 'baby' 'bear' 'beaver' 'bed' 'bee' 'beetle'
 'bicycle' 'bottle' 'bowl' 'boy' 'bridge' 'bus' 'butterfly' 'camel' 'can'
 'castle' 'caterpillar' 'cattle' 'chair' 'chimpanzee' 'clock' 'cloud'
 'cockroach' 'couch' 'crab' 'crocodile' 'cup' 'dinosaur' 'dolphin'
 'elephant' 'flatfish' 'forest' 'fox' 'girl' 'hamster' 'house' 'kangaroo'
 'keyboard' 'lamp' 'lawn mower' 'leopard' 'lion' 'lizard' 'lobster' 'man'
 'maple tree' 'motorcycle' 'mountain' 'mouse' 'mushroom' 'oak tree'
 'orange' 'orchid' 'otter' 'palm tree' 'pear' 'pickup truck' 'pine tree']
all targets:tensor([ 0,  1,  2,  3,  4,  5,  6,  7,  8,  9, 10, 11, 12, 13, 14, 15, 16, 17,
        18, 19, 20, 21, 22, 23, 24, 25, 26, 27, 28, 29, 30, 31, 32, 33, 34, 35,
        36, 37, 38, 39, 40, 41, 42, 43, 44, 45, 46, 47, 48, 49, 50, 51, 52, 53,
        54, 55, 56, 57, 58, 59], device='cuda:0')
dino all targets:tensor([ 0,  1,  2,  3,  4,  5,  6,  7,  8,  9, 10, 11, 12, 13, 14, 15, 16, 17,
        18, 19, 20, 21, 22, 23, 24, 25, 26, 27, 28, 29, 30, 31, 32, 33, 34, 35,
        36, 37, 38, 39, 40, 41, 42, 43, 44, 45, 46, 47, 48, 49, 50, 51, 52, 53,
        54, 55, 56, 57, 58, 59], device='cuda:0')
finish loading CLIP/DinoV2 covariance
class names: ['plain' 'plate' 'poppy' 'porcupine' 'possum']
all targets:tensor([60, 61, 62, 63, 64], device='cuda:0')
dino all targets:tensor([60, 61, 62, 63, 64], device='cuda:0')
finish loading CLIP/DinoV2 covariance
class names: ['rabbit' 'raccoon' 'ray' 'road' 'rocket']
all targets:tensor([65, 66, 67, 68, 69], device='cuda:0')
dino all targets:tensor([65, 66, 67, 68, 69], device='cuda:0')
finish loading CLIP/DinoV2 covariance
class names: ['rose' 'sea' 'seal' 'shark' 'shrew']
all targets:tensor([70, 71, 72, 73, 74], device='cuda:0')
dino all targets:tensor([70, 71, 72, 73, 74], device='cuda:0')
finish loading CLIP/DinoV2 covariance
class names: ['skunk' 'skyscraper' 'snail' 'snake' 'spider']
all targets:tensor([75, 76, 77, 78, 79], device='cuda:0')
dino all targets:tensor([75, 76, 77, 78, 79], device='cuda:0')
finish loading CLIP/DinoV2 covariance
class names: ['squirrel' 'streetcar' 'sunflower' 'sweet pepper' 'table']
all targets:tensor([80, 81, 82, 83, 84], device='cuda:0')
dino all targets:tensor([80, 81, 82, 83, 84], device='cuda:0')
finish loading CLIP/DinoV2 covariance
class names: ['tank' 'telephone' 'television' 'tiger' 'tractor']
all targets:tensor([85, 86, 87, 88, 89], device='cuda:0')
dino all targets:tensor([85, 86, 87, 88, 89], device='cuda:0')
finish loading CLIP/DinoV2 covariance
class names: ['train' 'trout' 'tulip' 'turtle' 'wardrobe']
all targets:tensor([90, 91, 92, 93, 94], device='cuda:0')
dino all targets:tensor([90, 91, 92, 93, 94], device='cuda:0')
finish loading CLIP/DinoV2 covariance
class names: ['whale' 'willow tree' 'wolf' 'woman' 'worm']
all targets:tensor([95, 96, 97, 98, 99], device='cuda:0')
dino all targets:tensor([95, 96, 97, 98, 99], device='cuda:0')
finish loading CLIP/DinoV2 covariance
session 0: baseline=89.750 final=89.750 gain=0.000
session 1: baseline=87.985 final=88.677 gain=0.692
session 2: baseline=87.429 final=88.286 gain=0.857
session 3: baseline=85.093 final=86.627 gain=1.533
session 4: baseline=85.025 final=86.663 gain=1.638
session 5: baseline=84.682 final=86.459 gain=1.776
session 6: baseline=84.833 final=86.711 gain=1.878
session 7: baseline=84.368 final=86.442 gain=2.074
session 8: baseline=83.040 final=85.310 gain=2.270
{
  "dataset": "CIFAR100",
  "seed": 10,
  "train_cfg": "experiments/bmvc_1256_20260508-124032/generated_configs/bimc_dino_fusion.yaml",
  "method": "sessionwise conservative query prototype refinement on bimc_dino_fusion with pseudo-validation alpha selection",
  "runtime_sec": 510.132,
  "alpha_grid": [
    0.5,
    0.75,
    1.0
  ],
  "alpha_selection": "pseudo_validation_no_test_labels",
  "mass_thr": 0.3,
  "min_count": 5,
  "val_fraction": 0.2,
  "base_val_conf_thr": 0.5,
  "base_val_max_per_class": 50,
  "fallback_alpha": 0.75,
  "topk_per_class": null,
  "baseline_acc_list": [
    89.75,
    87.985,
    87.429,
    85.093,
    85.025,
    84.682,
    84.833,
    84.368,
    83.04
  ],
  "final_acc_list": [
    89.75,
    88.677,
    88.286,
    86.627,
    86.663,
    86.459,
    86.711,
    86.442,
    85.31
  ],
  "gain_list": [
    0.0,
    0.692,
    0.857,
    1.533,
    1.638,
    1.776,
    1.878,
    2.074,
    2.27
  ],
  "baseline_avg": 85.801,
  "baseline_pd": 6.71,
  "final_avg": 87.214,
  "final_pd": 4.44,
  "gain_avg": 1.413,
  "session_results": [
    {
      "session": 0,
      "num_seen_classes": 60,
      "baseline_full_acc": 89.75,
      "baseline_base_acc": 89.75,
      "baseline_novel_acc": 0.0,
      "best_alpha": null,
      "final_full_acc": 89.75,
      "final_base_acc": 89.75,
      "final_novel_acc": 0.0,
      "final_gain": 0.0,
      "updated_class_count": 0,
      "gated_query_count": 0,
      "alpha_selection": {
        "mode": "not_applicable_base_session",
        "selected_alpha": null
      }
    },
    {
      "session": 1,
      "num_seen_classes": 65,
      "baseline_full_acc": 87.985,
      "baseline_base_acc": 89.45,
      "baseline_novel_acc": 70.4,
      "selected_alpha": 0.5,
      "final_full_acc": 88.677,
      "final_base_acc": 89.333,
      "final_novel_acc": 80.8,
      "final_gain": 0.692,
      "updated_class_count": 5,
      "gated_query_count": 368,
      "gated_base_count": 17,
      "gated_novel_count": 351,
      "alpha_selection": {
        "mode": "pseudo_validation",
        "fallback_used": false,
        "selected_alpha": 0.5,
        "candidates": [
          {
            "alpha": 0.5,
            "pseudo_val_score": -0.021135,
            "pseudo_val_nll": 0.021135,
            "pseudo_val_agreement": 99.675
          },
          {
            "alpha": 0.75,
            "pseudo_val_score": -0.022247,
            "pseudo_val_nll": 0.022247,
            "pseudo_val_agreement": 99.512
          },
          {
            "alpha": 1.0,
            "pseudo_val_score": -0.02494,
            "pseudo_val_nll": 0.02494,
            "pseudo_val_agreement": 99.414
          }
        ],
        "split": {
          "novel_gated_query_count": 368,
          "validation_count": 3074,
          "novel_validation_count": 74,
          "base_validation_count": 3000,
          "updated_class_count": 5,
          "per_class_counts": {
            "60": 69,
            "61": 83,
            "62": 98,
            "63": 57,
            "64": 61
          },
          "per_class_update_counts": {
            "60": 55,
            "61": 66,
            "62": 78,
            "63": 46,
            "64": 49
          },
          "per_class_validation_counts": {
            "60": 14,
            "61": 17,
            "62": 20,
            "63": 11,
            "64": 12
          }
        }
      }
    },
    {
      "session": 2,
      "num_seen_classes": 70,
      "baseline_full_acc": 87.429,
      "baseline_base_acc": 89.433,
      "baseline_novel_acc": 75.4,
      "selected_alpha": 0.5,
      "final_full_acc": 88.286,
      "final_base_acc": 89.183,
      "final_novel_acc": 82.9,
      "final_gain": 0.857,
      "updated_class_count": 10,
      "gated_query_count": 787,
      "gated_base_count": 20,
      "gated_novel_count": 767,
      "alpha_selection": {
        "mode": "pseudo_validation",
        "fallback_used": false,
        "selected_alpha": 0.5,
        "candidates": [
          {
            "alpha": 0.5,
            "pseudo_val_score": -0.038374,
            "pseudo_val_nll": 0.038374,
            "pseudo_val_agreement": 99.62
          },
          {
            "alpha": 0.75,
            "pseudo_val_score": -0.03988,
            "pseudo_val_nll": 0.03988,
            "pseudo_val_agreement": 99.398
          },
          {
            "alpha": 1.0,
            "pseudo_val_score": -0.043484,
            "pseudo_val_nll": 0.043484,
            "pseudo_val_agreement": 99.05
          }
        ],
        "split": {
          "novel_gated_query_count": 787,
          "validation_count": 3158,
          "novel_validation_count": 158,
          "base_validation_count": 3000,
          "updated_class_count": 10,
          "per_class_counts": {
            "60": 64,
            "61": 84,
            "62": 98,
            "63": 55,
            "64": 61,
            "65": 84,
            "66": 94,
            "67": 60,
            "68": 97,
            "69": 90
          },
          "per_class_update_counts": {
            "60": 51,
            "61": 67,
            "62": 78,
            "63": 44,
            "64": 49,
            "65": 67,
            "66": 75,
            "67": 48,
            "68": 78,
            "69": 72
          },
          "per_class_validation_counts": {
            "60": 13,
            "61": 17,
            "62": 20,
            "63": 11,
            "64": 12,
            "65": 17,
            "66": 19,
            "67": 12,
            "68": 19,
            "69": 18
          }
        }
      }
    },
    {
      "session": 3,
      "num_seen_classes": 75,
      "baseline_full_acc": 85.093,
      "baseline_base_acc": 89.15,
      "baseline_novel_acc": 68.867,
      "selected_alpha": 0.5,
      "final_full_acc": 86.627,
      "final_base_acc": 88.967,
      "final_novel_acc": 77.267,
      "final_gain": 1.533,
      "updated_class_count": 15,
      "gated_query_count": 1112,
      "gated_base_count": 31,
      "gated_novel_count": 1081,
      "alpha_selection": {
        "mode": "pseudo_validation",
        "fallback_used": false,
        "selected_alpha": 0.5,
        "candidates": [
          {
            "alpha": 0.5,
            "pseudo_val_score": -0.054531,
            "pseudo_val_nll": 0.054531,
            "pseudo_val_agreement": 99.411
          },
          {
            "alpha": 0.75,
            "pseudo_val_score": -0.056715,
            "pseudo_val_nll": 0.056715,
            "pseudo_val_agreement": 99.1
          },
          {
            "alpha": 1.0,
            "pseudo_val_score": -0.061521,
            "pseudo_val_nll": 0.061521,
            "pseudo_val_agreement": 98.635
          }
        ],
        "split": {
          "novel_gated_query_count": 1112,
          "validation_count": 3224,
          "novel_validation_count": 224,
          "base_validation_count": 3000,
          "updated_class_count": 15,
          "per_class_counts": {
            "60": 64,
            "61": 85,
            "62": 101,
            "63": 48,
            "64": 61,
            "65": 83,
            "66": 94,
            "67": 56,
            "68": 99,
            "69": 89,
            "70": 90,
            "71": 73,
            "72": 49,
            "73": 81,
            "74": 39
          },
          "per_class_update_counts": {
            "60": 51,
            "61": 68,
            "62": 81,
            "63": 38,
            "64": 49,
            "65": 66,
            "66": 75,
            "67": 45,
            "68": 79,
            "69": 71,
            "70": 72,
            "71": 58,
            "72": 39,
            "73": 65,
            "74": 31
          },
          "per_class_validation_counts": {
            "60": 13,
            "61": 17,
            "62": 20,
            "63": 10,
            "64": 12,
            "65": 17,
            "66": 19,
            "67": 11,
            "68": 20,
            "69": 18,
            "70": 18,
            "71": 15,
            "72": 10,
            "73": 16,
            "74": 8
          }
        }
      }
    },
    {
      "session": 4,
      "num_seen_classes": 80,
      "baseline_full_acc": 85.025,
      "baseline_base_acc": 89.167,
      "baseline_novel_acc": 72.6,
      "selected_alpha": 0.5,
      "final_full_acc": 86.663,
      "final_base_acc": 88.917,
      "final_novel_acc": 79.9,
      "final_gain": 1.638,
      "updated_class_count": 20,
      "gated_query_count": 1545,
      "gated_base_count": 36,
      "gated_novel_count": 1509,
      "alpha_selection": {
        "mode": "pseudo_validation",
        "fallback_used": false,
        "selected_alpha": 0.5,
        "candidates": [
          {
            "alpha": 0.5,
            "pseudo_val_score": -0.068665,
            "pseudo_val_nll": 0.068665,
            "pseudo_val_agreement": 99.305
          },
          {
            "alpha": 0.75,
            "pseudo_val_score": -0.071275,
            "pseudo_val_nll": 0.071275,
            "pseudo_val_agreement": 98.852
          },
          {
            "alpha": 1.0,
            "pseudo_val_score": -0.076867,
            "pseudo_val_nll": 0.076867,
            "pseudo_val_agreement": 98.338
          }
        ],
        "split": {
          "novel_gated_query_count": 1545,
          "validation_count": 3309,
          "novel_validation_count": 309,
          "base_validation_count": 3000,
          "updated_class_count": 20,
          "per_class_counts": {
            "60": 64,
            "61": 85,
            "62": 101,
            "63": 47,
            "64": 60,
            "65": 81,
            "66": 94,
            "67": 57,
            "68": 99,
            "69": 91,
            "70": 90,
            "71": 73,
            "72": 49,
            "73": 81,
            "74": 36,
            "75": 94,
            "76": 83,
            "77": 91,
            "78": 95,
            "79": 74
          },
          "per_class_update_counts": {
            "60": 51,
            "61": 68,
            "62": 81,
            "63": 38,
            "64": 48,
            "65": 65,
            "66": 75,
            "67": 46,
            "68": 79,
            "69": 73,
            "70": 72,
            "71": 58,
            "72": 39,
            "73": 65,
            "74": 29,
            "75": 75,
            "76": 66,
            "77": 73,
            "78": 76,
            "79": 59
          },
          "per_class_validation_counts": {
            "60": 13,
            "61": 17,
            "62": 20,
            "63": 9,
            "64": 12,
            "65": 16,
            "66": 19,
            "67": 11,
            "68": 20,
            "69": 18,
            "70": 18,
            "71": 15,
            "72": 10,
            "73": 16,
            "74": 7,
            "75": 19,
            "76": 17,
            "77": 18,
            "78": 19,
            "79": 15
          }
        }
      }
    },
    {
      "session": 5,
      "num_seen_classes": 85,
      "baseline_full_acc": 84.682,
      "baseline_base_acc": 88.967,
      "baseline_novel_acc": 74.4,
      "selected_alpha": 0.5,
      "final_full_acc": 86.459,
      "final_base_acc": 88.667,
      "final_novel_acc": 81.16,
      "final_gain": 1.776,
      "updated_class_count": 25,
      "gated_query_count": 1972,
      "gated_base_count": 44,
      "gated_novel_count": 1928,
      "alpha_selection": {
        "mode": "pseudo_validation",
        "fallback_used": false,
        "selected_alpha": 0.5,
        "candidates": [
          {
            "alpha": 0.5,
            "pseudo_val_score": -0.083273,
            "pseudo_val_nll": 0.083273,
            "pseudo_val_agreement": 99.204
          },
          {
            "alpha": 0.75,
            "pseudo_val_score": -0.086549,
            "pseudo_val_nll": 0.086549,
            "pseudo_val_agreement": 98.674
          },
          {
            "alpha": 1.0,
            "pseudo_val_score": -0.093309,
            "pseudo_val_nll": 0.093309,
            "pseudo_val_agreement": 98.114
          }
        ],
        "split": {
          "novel_gated_query_count": 1972,
          "validation_count": 3394,
          "novel_validation_count": 394,
          "base_validation_count": 3000,
          "updated_class_count": 25,
          "per_class_counts": {
            "60": 64,
            "61": 87,
            "62": 102,
            "63": 48,
            "64": 59,
            "65": 81,
            "66": 94,
            "67": 57,
            "68": 99,
            "69": 91,
            "70": 91,
            "71": 73,
            "72": 49,
            "73": 82,
            "74": 36,
            "75": 96,
            "76": 82,
            "77": 91,
            "78": 95,
            "79": 74,
            "80": 74,
            "81": 80,
            "82": 98,
            "83": 90,
            "84": 79
          },
          "per_class_update_counts": {
            "60": 51,
            "61": 70,
            "62": 82,
            "63": 38,
            "64": 47,
            "65": 65,
            "66": 75,
            "67": 46,
            "68": 79,
            "69": 73,
            "70": 73,
            "71": 58,
            "72": 39,
            "73": 66,
            "74": 29,
            "75": 77,
            "76": 66,
            "77": 73,
            "78": 76,
            "79": 59,
            "80": 59,
            "81": 64,
            "82": 78,
            "83": 72,
            "84": 63
          },
          "per_class_validation_counts": {
            "60": 13,
            "61": 17,
            "62": 20,
            "63": 10,
            "64": 12,
            "65": 16,
            "66": 19,
            "67": 11,
            "68": 20,
            "69": 18,
            "70": 18,
            "71": 15,
            "72": 10,
            "73": 16,
            "74": 7,
            "75": 19,
            "76": 16,
            "77": 18,
            "78": 19,
            "79": 15,
            "80": 15,
            "81": 16,
            "82": 20,
            "83": 18,
            "84": 16
          }
        }
      }
    },
    {
      "session": 6,
      "num_seen_classes": 90,
      "baseline_full_acc": 84.833,
      "baseline_base_acc": 88.9,
      "baseline_novel_acc": 76.7,
      "selected_alpha": 0.5,
      "final_full_acc": 86.711,
      "final_base_acc": 88.55,
      "final_novel_acc": 83.033,
      "final_gain": 1.878,
      "updated_class_count": 30,
      "gated_query_count": 2427,
      "gated_base_count": 52,
      "gated_novel_count": 2375,
      "alpha_selection": {
        "mode": "pseudo_validation",
        "fallback_used": false,
        "selected_alpha": 0.5,
        "candidates": [
          {
            "alpha": 0.5,
            "pseudo_val_score": -0.096892,
            "pseudo_val_nll": 0.096892,
            "pseudo_val_agreement": 99.168
          },
          {
            "alpha": 0.75,
            "pseudo_val_score": -0.100484,
            "pseudo_val_nll": 0.100484,
            "pseudo_val_agreement": 98.594
          },
          {
            "alpha": 1.0,
            "pseudo_val_score": -0.107994,
            "pseudo_val_nll": 0.107994,
            "pseudo_val_agreement": 97.906
          }
        ],
        "split": {
          "novel_gated_query_count": 2427,
          "validation_count": 3486,
          "novel_validation_count": 486,
          "base_validation_count": 3000,
          "updated_class_count": 30,
          "per_class_counts": {
            "60": 64,
            "61": 86,
            "62": 102,
            "63": 47,
            "64": 59,
            "65": 81,
            "66": 95,
            "67": 57,
            "68": 99,
            "69": 90,
            "70": 91,
            "71": 73,
            "72": 49,
            "73": 81,
            "74": 36,
            "75": 96,
            "76": 83,
            "77": 91,
            "78": 94,
            "79": 74,
            "80": 75,
            "81": 78,
            "82": 98,
            "83": 90,
            "84": 80,
            "85": 98,
            "86": 95,
            "87": 82,
            "88": 85,
            "89": 98
          },
          "per_class_update_counts": {
            "60": 51,
            "61": 69,
            "62": 82,
            "63": 38,
            "64": 47,
            "65": 65,
            "66": 76,
            "67": 46,
            "68": 79,
            "69": 72,
            "70": 73,
            "71": 58,
            "72": 39,
            "73": 65,
            "74": 29,
            "75": 77,
            "76": 66,
            "77": 73,
            "78": 75,
            "79": 59,
            "80": 60,
            "81": 62,
            "82": 78,
            "83": 72,
            "84": 64,
            "85": 78,
            "86": 76,
            "87": 66,
            "88": 68,
            "89": 78
          },
          "per_class_validation_counts": {
            "60": 13,
            "61": 17,
            "62": 20,
            "63": 9,
            "64": 12,
            "65": 16,
            "66": 19,
            "67": 11,
            "68": 20,
            "69": 18,
            "70": 18,
            "71": 15,
            "72": 10,
            "73": 16,
            "74": 7,
            "75": 19,
            "76": 17,
            "77": 18,
            "78": 19,
            "79": 15,
            "80": 15,
            "81": 16,
            "82": 20,
            "83": 18,
            "84": 16,
            "85": 20,
            "86": 19,
            "87": 16,
            "88": 17,
            "89": 20
          }
        }
      }
    },
    {
      "session": 7,
      "num_seen_classes": 95,
      "baseline_full_acc": 84.368,
      "baseline_base_acc": 88.833,
      "baseline_novel_acc": 76.714,
      "selected_alpha": 0.5,
      "final_full_acc": 86.442,
      "final_base_acc": 88.517,
      "final_novel_acc": 82.886,
      "final_gain": 2.074,
      "updated_class_count": 35,
      "gated_query_count": 2868,
      "gated_base_count": 61,
      "gated_novel_count": 2807,
      "alpha_selection": {
        "mode": "pseudo_validation",
        "fallback_used": false,
        "selected_alpha": 0.5,
        "candidates": [
          {
            "alpha": 0.5,
            "pseudo_val_score": -0.116482,
            "pseudo_val_nll": 0.116482,
            "pseudo_val_agreement": 98.714
          },
          {
            "alpha": 0.75,
            "pseudo_val_score": -0.123866,
            "pseudo_val_nll": 0.123866,
            "pseudo_val_agreement": 98.015
          },
          {
            "alpha": 1.0,
            "pseudo_val_score": -0.135748,
            "pseudo_val_nll": 0.135748,
            "pseudo_val_agreement": 96.981
          }
        ],
        "split": {
          "novel_gated_query_count": 2868,
          "validation_count": 3577,
          "novel_validation_count": 577,
          "base_validation_count": 3000,
          "updated_class_count": 35,
          "per_class_counts": {
            "60": 64,
            "61": 86,
            "62": 99,
            "63": 47,
            "64": 59,
            "65": 81,
            "66": 95,
            "67": 56,
            "68": 99,
            "69": 90,
            "70": 91,
            "71": 73,
            "72": 54,
            "73": 80,
            "74": 37,
            "75": 95,
            "76": 83,
            "77": 93,
            "78": 95,
            "79": 74,
            "80": 76,
            "81": 75,
            "82": 98,
            "83": 89,
            "84": 79,
            "85": 99,
            "86": 95,
            "87": 83,
            "88": 86,
            "89": 98,
            "90": 99,
            "91": 89,
            "92": 93,
            "93": 74,
            "94": 84
          },
          "per_class_update_counts": {
            "60": 51,
            "61": 69,
            "62": 79,
            "63": 38,
            "64": 47,
            "65": 65,
            "66": 76,
            "67": 45,
            "68": 79,
            "69": 72,
            "70": 73,
            "71": 58,
            "72": 43,
            "73": 64,
            "74": 30,
            "75": 76,
            "76": 66,
            "77": 74,
            "78": 76,
            "79": 59,
            "80": 61,
            "81": 60,
            "82": 78,
            "83": 71,
            "84": 63,
            "85": 79,
            "86": 76,
            "87": 66,
            "88": 69,
            "89": 78,
            "90": 79,
            "91": 71,
            "92": 74,
            "93": 59,
            "94": 67
          },
          "per_class_validation_counts": {
            "60": 13,
            "61": 17,
            "62": 20,
            "63": 9,
            "64": 12,
            "65": 16,
            "66": 19,
            "67": 11,
            "68": 20,
            "69": 18,
            "70": 18,
            "71": 15,
            "72": 11,
            "73": 16,
            "74": 7,
            "75": 19,
            "76": 17,
            "77": 19,
            "78": 19,
            "79": 15,
            "80": 15,
            "81": 15,
            "82": 20,
            "83": 18,
            "84": 16,
            "85": 20,
            "86": 19,
            "87": 17,
            "88": 17,
            "89": 20,
            "90": 20,
            "91": 18,
            "92": 19,
            "93": 15,
            "94": 17
          }
        }
      }
    },
    {
      "session": 8,
      "num_seen_classes": 100,
      "baseline_full_acc": 83.04,
      "baseline_base_acc": 88.467,
      "baseline_novel_acc": 74.9,
      "selected_alpha": 0.5,
      "final_full_acc": 85.31,
      "final_base_acc": 88.083,
      "final_novel_acc": 81.15,
      "final_gain": 2.27,
      "updated_class_count": 40,
      "gated_query_count": 3200,
      "gated_base_count": 67,
      "gated_novel_count": 3133,
      "alpha_selection": {
        "mode": "pseudo_validation",
        "fallback_used": false,
        "selected_alpha": 0.5,
        "candidates": [
          {
            "alpha": 0.5,
            "pseudo_val_score": -0.12973,
            "pseudo_val_nll": 0.12973,
            "pseudo_val_agreement": 98.434
          },
          {
            "alpha": 0.75,
            "pseudo_val_score": -0.139007,
            "pseudo_val_nll": 0.139007,
            "pseudo_val_agreement": 97.611
          },
          {
            "alpha": 1.0,
            "pseudo_val_score": -0.152921,
            "pseudo_val_nll": 0.152921,
            "pseudo_val_agreement": 96.732
          }
        ],
        "split": {
          "novel_gated_query_count": 3200,
          "validation_count": 3641,
          "novel_validation_count": 641,
          "base_validation_count": 3000,
          "updated_class_count": 40,
          "per_class_counts": {
            "60": 63,
            "61": 86,
            "62": 97,
            "63": 46,
            "64": 59,
            "65": 81,
            "66": 96,
            "67": 55,
            "68": 99,
            "69": 88,
            "70": 90,
            "71": 75,
            "72": 57,
            "73": 81,
            "74": 37,
            "75": 95,
            "76": 83,
            "77": 93,
            "78": 96,
            "79": 74,
            "80": 74,
            "81": 75,
            "82": 98,
            "83": 89,
            "84": 79,
            "85": 99,
            "86": 95,
            "87": 83,
            "88": 85,
            "89": 97,
            "90": 99,
            "91": 89,
            "92": 94,
            "93": 72,
            "94": 85,
            "95": 64,
            "96": 41,
            "97": 92,
            "98": 49,
            "99": 90
          },
          "per_class_update_counts": {
            "60": 50,
            "61": 69,
            "62": 78,
            "63": 37,
            "64": 47,
            "65": 65,
            "66": 77,
            "67": 44,
            "68": 79,
            "69": 70,
            "70": 72,
            "71": 60,
            "72": 46,
            "73": 65,
            "74": 30,
            "75": 76,
            "76": 66,
            "77": 74,
            "78": 77,
            "79": 59,
            "80": 59,
            "81": 60,
            "82": 78,
            "83": 71,
            "84": 63,
            "85": 79,
            "86": 76,
            "87": 66,
            "88": 68,
            "89": 78,
            "90": 79,
            "91": 71,
            "92": 75,
            "93": 58,
            "94": 68,
            "95": 51,
            "96": 33,
            "97": 74,
            "98": 39,
            "99": 72
          },
          "per_class_validation_counts": {
            "60": 13,
            "61": 17,
            "62": 19,
            "63": 9,
            "64": 12,
            "65": 16,
            "66": 19,
            "67": 11,
            "68": 20,
            "69": 18,
            "70": 18,
            "71": 15,
            "72": 11,
            "73": 16,
            "74": 7,
            "75": 19,
            "76": 17,
            "77": 19,
            "78": 19,
            "79": 15,
            "80": 15,
            "81": 15,
            "82": 20,
            "83": 18,
            "84": 16,
            "85": 20,
            "86": 19,
            "87": 17,
            "88": 17,
            "89": 19,
            "90": 20,
            "91": 18,
            "92": 19,
            "93": 14,
            "94": 17,
            "95": 13,
            "96": 8,
            "97": 18,
            "98": 10,
            "99": 18
          }
        }
      }
    }
  ]
}
