/media/bio/data/BiMC-test/models/clip/clip.py:23: UserWarning: PyTorch version 1.7.1 or higher is recommended
  warnings.warn("PyTorch version 1.7.1 or higher is recommended")
manual seed: 8
use gpu: ['0']
Loading CLIP (backbone: ViT-B/16)
Prompt template:['a photo of a {}.']
Loading DinoV2 ViT-B/14 from local hub: /home/bio/.cache/torch/hub/facebookresearch_dinov2_main
/home/bio/.cache/torch/hub/facebookresearch_dinov2_main/dinov2/layers/swiglu_ffn.py:51: UserWarning: xFormers is not available (SwiGLU)
  warnings.warn("xFormers is not available (SwiGLU)")
/home/bio/.cache/torch/hub/facebookresearch_dinov2_main/dinov2/layers/attention.py:34: UserWarning: xFormers is not available (Attention)
  warnings.warn("xFormers is not available (Attention)")
/home/bio/.cache/torch/hub/facebookresearch_dinov2_main/dinov2/layers/block.py:41: UserWarning: xFormers is not available (Block)
  warnings.warn("xFormers is not available (Block)")
Loading DinoV2 weights: /home/bio/.cache/torch/hub/checkpoints/dinov2_vitb14_pretrain.pth
class names: ['Black footed Albatross' 'Laysan Albatross' 'Sooty Albatross'
 'Groove billed Ani' 'Crested Auklet' 'Least Auklet' 'Parakeet Auklet'
 'Rhinoceros Auklet' 'Brewer Blackbird' 'Red winged Blackbird'
 'Rusty Blackbird' 'Yellow headed Blackbird' 'Bobolink' 'Indigo Bunting'
 'Lazuli Bunting' 'Painted Bunting' 'Cardinal' 'Spotted Catbird'
 'Gray Catbird' 'Yellow breasted Chat' 'Eastern Towhee' 'Chuck will Widow'
 'Brandt Cormorant' 'Red faced Cormorant' 'Pelagic Cormorant'
 'Bronzed Cowbird' 'Shiny Cowbird' 'Brown Creeper' 'American Crow'
 'Fish Crow' 'Black billed Cuckoo' 'Mangrove Cuckoo'
 'Yellow billed Cuckoo' 'Gray crowned Rosy Finch' 'Purple Finch'
 'Northern Flicker' 'Acadian Flycatcher' 'Great Crested Flycatcher'
 'Least Flycatcher' 'Olive sided Flycatcher' 'Scissor tailed Flycatcher'
 'Vermilion Flycatcher' 'Yellow bellied Flycatcher' 'Frigatebird'
 'Northern Fulmar' 'Gadwall' 'American Goldfinch' 'European Goldfinch'
 'Boat tailed Grackle' 'Eared Grebe' 'Horned Grebe' 'Pied billed Grebe'
 'Western Grebe' 'Blue Grosbeak' 'Evening Grosbeak' 'Pine Grosbeak'
 'Rose breasted Grosbeak' 'Pigeon Guillemot' 'California Gull'
 'Glaucous winged Gull' 'Heermann Gull' 'Herring Gull' 'Ivory Gull'
 'Ring billed Gull' 'Slaty backed Gull' 'Western Gull' 'Anna Hummingbird'
 'Ruby throated Hummingbird' 'Rufous Hummingbird' 'Green Violetear'
 'Long tailed Jaeger' 'Pomarine Jaeger' 'Blue Jay' 'Florida Jay'
 'Green Jay' 'Dark eyed Junco' 'Tropical Kingbird' 'Gray Kingbird'
 'Belted Kingfisher' 'Green Kingfisher' 'Pied Kingfisher'
 'Ringed Kingfisher' 'White breasted Kingfisher' 'Red legged Kittiwake'
 'Horned Lark' 'Pacific Loon' 'Mallard' 'Western Meadowlark'
 'Hooded Merganser' 'Red breasted Merganser' 'Mockingbird' 'Nighthawk'
 'Clark Nutcracker' 'White breasted Nuthatch' 'Baltimore Oriole'
 'Hooded Oriole' 'Orchard Oriole' 'Scott Oriole' 'Ovenbird'
 'Brown Pelican']
all targets:tensor([ 0,  1,  2,  3,  4,  5,  6,  7,  8,  9, 10, 11, 12, 13, 14, 15, 16, 17,
        18, 19, 20, 21, 22, 23, 24, 25, 26, 27, 28, 29, 30, 31, 32, 33, 34, 35,
        36, 37, 38, 39, 40, 41, 42, 43, 44, 45, 46, 47, 48, 49, 50, 51, 52, 53,
        54, 55, 56, 57, 58, 59, 60, 61, 62, 63, 64, 65, 66, 67, 68, 69, 70, 71,
        72, 73, 74, 75, 76, 77, 78, 79, 80, 81, 82, 83, 84, 85, 86, 87, 88, 89,
        90, 91, 92, 93, 94, 95, 96, 97, 98, 99], device='cuda:0')
dino all targets:tensor([ 0,  1,  2,  3,  4,  5,  6,  7,  8,  9, 10, 11, 12, 13, 14, 15, 16, 17,
        18, 19, 20, 21, 22, 23, 24, 25, 26, 27, 28, 29, 30, 31, 32, 33, 34, 35,
        36, 37, 38, 39, 40, 41, 42, 43, 44, 45, 46, 47, 48, 49, 50, 51, 52, 53,
        54, 55, 56, 57, 58, 59, 60, 61, 62, 63, 64, 65, 66, 67, 68, 69, 70, 71,
        72, 73, 74, 75, 76, 77, 78, 79, 80, 81, 82, 83, 84, 85, 86, 87, 88, 89,
        90, 91, 92, 93, 94, 95, 96, 97, 98, 99], device='cuda:0')
finish loading CLIP/DinoV2 covariance
class names: ['White Pelican' 'Western Wood Pewee' 'Sayornis' 'American Pipit'
 'Whip poor Will' 'Horned Puffin' 'Common Raven' 'White necked Raven'
 'American Redstart' 'Geococcyx']
all targets:tensor([100, 101, 102, 103, 104, 105, 106, 107, 108, 109], device='cuda:0')
dino all targets:tensor([100, 101, 102, 103, 104, 105, 106, 107, 108, 109], device='cuda:0')
finish loading CLIP/DinoV2 covariance
class names: ['Loggerhead Shrike' 'Great Grey Shrike' 'Baird Sparrow'
 'Black throated Sparrow' 'Brewer Sparrow' 'Chipping Sparrow'
 'Clay colored Sparrow' 'House Sparrow' 'Field Sparrow' 'Fox Sparrow']
all targets:tensor([110, 111, 112, 113, 114, 115, 116, 117, 118, 119], device='cuda:0')
dino all targets:tensor([110, 111, 112, 113, 114, 115, 116, 117, 118, 119], device='cuda:0')
finish loading CLIP/DinoV2 covariance
class names: ['Grasshopper Sparrow' 'Harris Sparrow' 'Henslow Sparrow'
 'Le Conte Sparrow' 'Lincoln Sparrow' 'Nelson Sharp tailed Sparrow'
 'Savannah Sparrow' 'Seaside Sparrow' 'Song Sparrow' 'Tree Sparrow']
all targets:tensor([120, 121, 122, 123, 124, 125, 126, 127, 128, 129], device='cuda:0')
dino all targets:tensor([120, 121, 122, 123, 124, 125, 126, 127, 128, 129], device='cuda:0')
finish loading CLIP/DinoV2 covariance
class names: ['Vesper Sparrow' 'White crowned Sparrow' 'White throated Sparrow'
 'Cape Glossy Starling' 'Bank Swallow' 'Barn Swallow' 'Cliff Swallow'
 'Tree Swallow' 'Scarlet Tanager' 'Summer Tanager']
all targets:tensor([130, 131, 132, 133, 134, 135, 136, 137, 138, 139], device='cuda:0')
dino all targets:tensor([130, 131, 132, 133, 134, 135, 136, 137, 138, 139], device='cuda:0')
finish loading CLIP/DinoV2 covariance
class names: ['Artic Tern' 'Black Tern' 'Caspian Tern' 'Common Tern' 'Elegant Tern'
 'Forsters Tern' 'Least Tern' 'Green tailed Towhee' 'Brown Thrasher'
 'Sage Thrasher']
all targets:tensor([140, 141, 142, 143, 144, 145, 146, 147, 148, 149], device='cuda:0')
dino all targets:tensor([140, 141, 142, 143, 144, 145, 146, 147, 148, 149], device='cuda:0')
finish loading CLIP/DinoV2 covariance
class names: ['Black capped Vireo' 'Blue headed Vireo' 'Philadelphia Vireo'
 'Red eyed Vireo' 'Warbling Vireo' 'White eyed Vireo'
 'Yellow throated Vireo' 'Bay breasted Warbler' 'Black and white Warbler'
 'Black throated Blue Warbler']
all targets:tensor([150, 151, 152, 153, 154, 155, 156, 157, 158, 159], device='cuda:0')
dino all targets:tensor([150, 151, 152, 153, 154, 155, 156, 157, 158, 159], device='cuda:0')
finish loading CLIP/DinoV2 covariance
class names: ['Blue winged Warbler' 'Canada Warbler' 'Cape May Warbler'
 'Cerulean Warbler' 'Chestnut sided Warbler' 'Golden winged Warbler'
 'Hooded Warbler' 'Kentucky Warbler' 'Magnolia Warbler' 'Mourning Warbler']
all targets:tensor([160, 161, 162, 163, 164, 165, 166, 167, 168, 169], device='cuda:0')
dino all targets:tensor([160, 161, 162, 163, 164, 165, 166, 167, 168, 169], device='cuda:0')
finish loading CLIP/DinoV2 covariance
class names: ['Myrtle Warbler' 'Nashville Warbler' 'Orange crowned Warbler'
 'Palm Warbler' 'Pine Warbler' 'Prairie Warbler' 'Prothonotary Warbler'
 'Swainson Warbler' 'Tennessee Warbler' 'Wilson Warbler']
all targets:tensor([170, 171, 172, 173, 174, 175, 176, 177, 178, 179], device='cuda:0')
dino all targets:tensor([170, 171, 172, 173, 174, 175, 176, 177, 178, 179], device='cuda:0')
finish loading CLIP/DinoV2 covariance
class names: ['Worm eating Warbler' 'Yellow Warbler' 'Northern Waterthrush'
 'Louisiana Waterthrush' 'Bohemian Waxwing' 'Cedar Waxwing'
 'American Three toed Woodpecker' 'Pileated Woodpecker'
 'Red bellied Woodpecker' 'Red cockaded Woodpecker']
all targets:tensor([180, 181, 182, 183, 184, 185, 186, 187, 188, 189], device='cuda:0')
dino all targets:tensor([180, 181, 182, 183, 184, 185, 186, 187, 188, 189], device='cuda:0')
finish loading CLIP/DinoV2 covariance
class names: ['Red headed Woodpecker' 'Downy Woodpecker' 'Bewick Wren' 'Cactus Wren'
 'Carolina Wren' 'House Wren' 'Marsh Wren' 'Rock Wren' 'Winter Wren'
 'Common Yellowthroat']
all targets:tensor([190, 191, 192, 193, 194, 195, 196, 197, 198, 199], device='cuda:0')
dino all targets:tensor([190, 191, 192, 193, 194, 195, 196, 197, 198, 199], device='cuda:0')
finish loading CLIP/DinoV2 covariance
session 0: baseline=88.163 final=88.163 gain=0.000
session 1: baseline=86.605 final=87.146 gain=0.541
session 2: baseline=85.627 final=86.122 gain=0.496
session 3: baseline=84.710 final=85.354 gain=0.644
session 4: baseline=84.707 final=85.725 gain=1.018
session 5: baseline=83.588 final=84.651 gain=1.063
session 6: baseline=83.767 final=84.872 gain=1.105
session 7: baseline=84.178 final=85.258 gain=1.079
session 8: baseline=84.268 final=85.440 gain=1.172
session 9: baseline=84.856 final=85.948 gain=1.092
session 10: baseline=85.209 final=86.227 gain=1.018
{
  "dataset": "cub200",
  "seed": 8,
  "train_cfg": "experiments/bmvc_1256_20260508-124032/generated_configs/bimc_dino_fusion.yaml",
  "method": "sessionwise conservative query prototype refinement on bimc_dino_fusion with pseudo-validation alpha selection",
  "runtime_sec": 245.682,
  "alpha_grid": [
    0.5,
    0.75,
    1.0
  ],
  "alpha_selection": "pseudo_validation_no_test_labels",
  "mass_thr": 0.3,
  "min_count": 5,
  "val_fraction": 0.2,
  "base_val_conf_thr": 0.5,
  "base_val_max_per_class": 50,
  "fallback_alpha": 0.75,
  "topk_per_class": null,
  "baseline_acc_list": [
    88.163,
    86.605,
    85.627,
    84.71,
    84.707,
    83.588,
    83.767,
    84.178,
    84.268,
    84.856,
    85.209
  ],
  "final_acc_list": [
    88.163,
    87.146,
    86.122,
    85.354,
    85.725,
    84.651,
    84.872,
    85.258,
    85.44,
    85.948,
    86.227
  ],
  "gain_list": [
    0.0,
    0.541,
    0.496,
    0.644,
    1.018,
    1.063,
    1.105,
    1.079,
    1.172,
    1.092,
    1.018
  ],
  "baseline_avg": 85.062,
  "baseline_pd": 2.954,
  "final_avg": 85.901,
  "final_pd": 1.936,
  "gain_avg": 0.839,
  "session_results": [
    {
      "session": 0,
      "num_seen_classes": 100,
      "baseline_full_acc": 88.163,
      "baseline_base_acc": 88.163,
      "baseline_novel_acc": 0.0,
      "best_alpha": null,
      "final_full_acc": 88.163,
      "final_base_acc": 88.163,
      "final_novel_acc": 0.0,
      "final_gain": 0.0,
      "updated_class_count": 0,
      "gated_query_count": 0,
      "alpha_selection": {
        "mode": "not_applicable_base_session",
        "selected_alpha": null
      }
    },
    {
      "session": 1,
      "num_seen_classes": 110,
      "baseline_full_acc": 86.605,
      "baseline_base_acc": 88.233,
      "baseline_novel_acc": 69.892,
      "selected_alpha": 0.5,
      "final_full_acc": 87.146,
      "final_base_acc": 88.163,
      "final_novel_acc": 76.703,
      "final_gain": 0.541,
      "updated_class_count": 9,
      "gated_query_count": 202,
      "gated_base_count": 4,
      "gated_novel_count": 198,
      "alpha_selection": {
        "mode": "pseudo_validation",
        "fallback_used": false,
        "selected_alpha": 0.5,
        "candidates": [
          {
            "alpha": 0.5,
            "pseudo_val_score": -0.086156,
            "pseudo_val_nll": 0.086156,
            "pseudo_val_agreement": 99.686
          },
          {
            "alpha": 0.75,
            "pseudo_val_score": -0.087242,
            "pseudo_val_nll": 0.087242,
            "pseudo_val_agreement": 99.616
          },
          {
            "alpha": 1.0,
            "pseudo_val_score": -0.087088,
            "pseudo_val_nll": 0.087088,
            "pseudo_val_agreement": 99.582
          }
        ],
        "split": {
          "novel_gated_query_count": 202,
          "validation_count": 2868,
          "novel_validation_count": 40,
          "base_validation_count": 2828,
          "updated_class_count": 9,
          "per_class_counts": {
            "100": 20,
            "101": 7,
            "102": 20,
            "103": 31,
            "104": 1,
            "105": 30,
            "106": 11,
            "107": 23,
            "108": 28,
            "109": 31
          },
          "per_class_update_counts": {
            "100": 16,
            "101": 6,
            "102": 16,
            "103": 25,
            "104": 0,
            "105": 24,
            "106": 9,
            "107": 18,
            "108": 22,
            "109": 25
          },
          "per_class_validation_counts": {
            "100": 4,
            "101": 1,
            "102": 4,
            "103": 6,
            "104": 0,
            "105": 6,
            "106": 2,
            "107": 5,
            "108": 6,
            "109": 6
          }
        }
      }
    },
    {
      "session": 2,
      "num_seen_classes": 120,
      "baseline_full_acc": 85.627,
      "baseline_base_acc": 88.268,
      "baseline_novel_acc": 72.261,
      "selected_alpha": 0.5,
      "final_full_acc": 86.122,
      "final_base_acc": 88.198,
      "final_novel_acc": 75.618,
      "final_gain": 0.496,
      "updated_class_count": 19,
      "gated_query_count": 486,
      "gated_base_count": 3,
      "gated_novel_count": 483,
      "alpha_selection": {
        "mode": "pseudo_validation",
        "fallback_used": false,
        "selected_alpha": 0.5,
        "candidates": [
          {
            "alpha": 0.5,
            "pseudo_val_score": -0.099344,
            "pseudo_val_nll": 0.099344,
            "pseudo_val_agreement": 99.284
          },
          {
            "alpha": 0.75,
            "pseudo_val_score": -0.102986,
            "pseudo_val_nll": 0.102986,
            "pseudo_val_agreement": 98.943
          },
          {
            "alpha": 1.0,
            "pseudo_val_score": -0.105821,
            "pseudo_val_nll": 0.105821,
            "pseudo_val_agreement": 98.841
          }
        ],
        "split": {
          "novel_gated_query_count": 486,
          "validation_count": 2933,
          "novel_validation_count": 98,
          "base_validation_count": 2835,
          "updated_class_count": 19,
          "per_class_counts": {
            "100": 20,
            "101": 8,
            "102": 20,
            "103": 29,
            "104": 1,
            "105": 30,
            "106": 11,
            "107": 23,
            "108": 28,
            "109": 31,
            "110": 34,
            "111": 25,
            "112": 23,
            "113": 29,
            "114": 51,
            "115": 32,
            "116": 14,
            "117": 26,
            "118": 21,
            "119": 30
          },
          "per_class_update_counts": {
            "100": 16,
            "101": 6,
            "102": 16,
            "103": 23,
            "104": 0,
            "105": 24,
            "106": 9,
            "107": 18,
            "108": 22,
            "109": 25,
            "110": 27,
            "111": 20,
            "112": 18,
            "113": 23,
            "114": 41,
            "115": 26,
            "116": 11,
            "117": 21,
            "118": 17,
            "119": 24
          },
          "per_class_validation_counts": {
            "100": 4,
            "101": 2,
            "102": 4,
            "103": 6,
            "104": 0,
            "105": 6,
            "106": 2,
            "107": 5,
            "108": 6,
            "109": 6,
            "110": 7,
            "111": 5,
            "112": 5,
            "113": 6,
            "114": 10,
            "115": 6,
            "116": 3,
            "117": 5,
            "118": 4,
            "119": 6
          }
        }
      }
    },
    {
      "session": 3,
      "num_seen_classes": 130,
      "baseline_full_acc": 84.71,
      "baseline_base_acc": 88.198,
      "baseline_novel_acc": 73.148,
      "selected_alpha": 0.5,
      "final_full_acc": 85.354,
      "final_base_acc": 88.128,
      "final_novel_acc": 76.157,
      "final_gain": 0.644,
      "updated_class_count": 29,
      "gated_query_count": 783,
      "gated_base_count": 3,
      "gated_novel_count": 780,
      "alpha_selection": {
        "mode": "pseudo_validation",
        "fallback_used": false,
        "selected_alpha": 0.5,
        "candidates": [
          {
            "alpha": 0.5,
            "pseudo_val_score": -0.115193,
            "pseudo_val_nll": 0.115193,
            "pseudo_val_agreement": 98.595
          },
          {
            "alpha": 0.75,
            "pseudo_val_score": -0.121874,
            "pseudo_val_nll": 0.121874,
            "pseudo_val_agreement": 98.194
          },
          {
            "alpha": 1.0,
            "pseudo_val_score": -0.128903,
            "pseudo_val_nll": 0.128903,
            "pseudo_val_agreement": 97.993
          }
        ],
        "split": {
          "novel_gated_query_count": 783,
          "validation_count": 2990,
          "novel_validation_count": 157,
          "base_validation_count": 2833,
          "updated_class_count": 29,
          "per_class_counts": {
            "100": 20,
            "101": 8,
            "102": 20,
            "103": 29,
            "104": 1,
            "105": 30,
            "106": 11,
            "107": 23,
            "108": 28,
            "109": 30,
            "110": 34,
            "111": 25,
            "112": 31,
            "113": 29,
            "114": 51,
            "115": 35,
            "116": 13,
            "117": 41,
            "118": 20,
            "119": 27,
            "120": 24,
            "121": 29,
            "122": 27,
            "123": 34,
            "124": 37,
            "125": 25,
            "126": 34,
            "127": 25,
            "128": 27,
            "129": 15
          },
          "per_class_update_counts": {
            "100": 16,
            "101": 6,
            "102": 16,
            "103": 23,
            "104": 0,
            "105": 24,
            "106": 9,
            "107": 18,
            "108": 22,
            "109": 24,
            "110": 27,
            "111": 20,
            "112": 25,
            "113": 23,
            "114": 41,
            "115": 28,
            "116": 10,
            "117": 33,
            "118": 16,
            "119": 22,
            "120": 19,
            "121": 23,
            "122": 22,
            "123": 27,
            "124": 30,
            "125": 20,
            "126": 27,
            "127": 20,
            "128": 22,
            "129": 12
          },
          "per_class_validation_counts": {
            "100": 4,
            "101": 2,
            "102": 4,
            "103": 6,
            "104": 0,
            "105": 6,
            "106": 2,
            "107": 5,
            "108": 6,
            "109": 6,
            "110": 7,
            "111": 5,
            "112": 6,
            "113": 6,
            "114": 10,
            "115": 7,
            "116": 3,
            "117": 8,
            "118": 4,
            "119": 5,
            "120": 5,
            "121": 6,
            "122": 5,
            "123": 7,
            "124": 7,
            "125": 5,
            "126": 7,
            "127": 5,
            "128": 5,
            "129": 3
          }
        }
      }
    },
    {
      "session": 4,
      "num_seen_classes": 140,
      "baseline_full_acc": 84.707,
      "baseline_base_acc": 88.163,
      "baseline_novel_acc": 76.203,
      "selected_alpha": 0.5,
      "final_full_acc": 85.725,
      "final_base_acc": 88.094,
      "final_novel_acc": 79.897,
      "final_gain": 1.018,
      "updated_class_count": 39,
      "gated_query_count": 1076,
      "gated_base_count": 5,
      "gated_novel_count": 1071,
      "alpha_selection": {
        "mode": "pseudo_validation",
        "fallback_used": false,
        "selected_alpha": 0.5,
        "candidates": [
          {
            "alpha": 0.5,
            "pseudo_val_score": -0.129469,
            "pseudo_val_nll": 0.129469,
            "pseudo_val_agreement": 98.169
          },
          {
            "alpha": 0.75,
            "pseudo_val_score": -0.138645,
            "pseudo_val_nll": 0.138645,
            "pseudo_val_agreement": 97.712
          },
          {
            "alpha": 1.0,
            "pseudo_val_score": -0.147767,
            "pseudo_val_nll": 0.147767,
            "pseudo_val_agreement": 97.45
          }
        ],
        "split": {
          "novel_gated_query_count": 1076,
          "validation_count": 3059,
          "novel_validation_count": 216,
          "base_validation_count": 2843,
          "updated_class_count": 39,
          "per_class_counts": {
            "100": 20,
            "101": 8,
            "102": 20,
            "103": 29,
            "104": 1,
            "105": 30,
            "106": 11,
            "107": 23,
            "108": 29,
            "109": 30,
            "110": 34,
            "111": 25,
            "112": 33,
            "113": 29,
            "114": 51,
            "115": 34,
            "116": 13,
            "117": 42,
            "118": 20,
            "119": 27,
            "120": 24,
            "121": 29,
            "122": 27,
            "123": 34,
            "124": 39,
            "125": 25,
            "126": 40,
            "127": 25,
            "128": 27,
            "129": 15,
            "130": 21,
            "131": 29,
            "132": 30,
            "133": 27,
            "134": 29,
            "135": 42,
            "136": 17,
            "137": 28,
            "138": 29,
            "139": 30
          },
          "per_class_update_counts": {
            "100": 16,
            "101": 6,
            "102": 16,
            "103": 23,
            "104": 0,
            "105": 24,
            "106": 9,
            "107": 18,
            "108": 23,
            "109": 24,
            "110": 27,
            "111": 20,
            "112": 26,
            "113": 23,
            "114": 41,
            "115": 27,
            "116": 10,
            "117": 34,
            "118": 16,
            "119": 22,
            "120": 19,
            "121": 23,
            "122": 22,
            "123": 27,
            "124": 31,
            "125": 20,
            "126": 32,
            "127": 20,
            "128": 22,
            "129": 12,
            "130": 17,
            "131": 23,
            "132": 24,
            "133": 22,
            "134": 23,
            "135": 34,
            "136": 14,
            "137": 22,
            "138": 23,
            "139": 24
          },
          "per_class_validation_counts": {
            "100": 4,
            "101": 2,
            "102": 4,
            "103": 6,
            "104": 0,
            "105": 6,
            "106": 2,
            "107": 5,
            "108": 6,
            "109": 6,
            "110": 7,
            "111": 5,
            "112": 7,
            "113": 6,
            "114": 10,
            "115": 7,
            "116": 3,
            "117": 8,
            "118": 4,
            "119": 5,
            "120": 5,
            "121": 6,
            "122": 5,
            "123": 7,
            "124": 8,
            "125": 5,
            "126": 8,
            "127": 5,
            "128": 5,
            "129": 3,
            "130": 4,
            "131": 6,
            "132": 6,
            "133": 5,
            "134": 6,
            "135": 8,
            "136": 3,
            "137": 6,
            "138": 6,
            "139": 6
          }
        }
      }
    },
    {
      "session": 5,
      "num_seen_classes": 150,
      "baseline_full_acc": 83.588,
      "baseline_base_acc": 88.163,
      "baseline_novel_acc": 74.624,
      "selected_alpha": 0.5,
      "final_full_acc": 84.651,
      "final_base_acc": 88.094,
      "final_novel_acc": 77.907,
      "final_gain": 1.063,
      "updated_class_count": 49,
      "gated_query_count": 1374,
      "gated_base_count": 6,
      "gated_novel_count": 1368,
      "alpha_selection": {
        "mode": "pseudo_validation",
        "fallback_used": false,
        "selected_alpha": 0.5,
        "candidates": [
          {
            "alpha": 0.5,
            "pseudo_val_score": -0.142838,
            "pseudo_val_nll": 0.142838,
            "pseudo_val_agreement": 97.754
          },
          {
            "alpha": 0.75,
            "pseudo_val_score": -0.153543,
            "pseudo_val_nll": 0.153543,
            "pseudo_val_agreement": 97.176
          },
          {
            "alpha": 1.0,
            "pseudo_val_score": -0.164397,
            "pseudo_val_nll": 0.164397,
            "pseudo_val_agreement": 96.983
          }
        ],
        "split": {
          "novel_gated_query_count": 1374,
          "validation_count": 3116,
          "novel_validation_count": 276,
          "base_validation_count": 2840,
          "updated_class_count": 49,
          "per_class_counts": {
            "100": 20,
            "101": 8,
            "102": 20,
            "103": 29,
            "104": 1,
            "105": 30,
            "106": 11,
            "107": 23,
            "108": 29,
            "109": 30,
            "110": 34,
            "111": 25,
            "112": 33,
            "113": 29,
            "114": 51,
            "115": 34,
            "116": 13,
            "117": 42,
            "118": 20,
            "119": 26,
            "120": 24,
            "121": 29,
            "122": 27,
            "123": 34,
            "124": 39,
            "125": 25,
            "126": 40,
            "127": 25,
            "128": 27,
            "129": 15,
            "130": 21,
            "131": 29,
            "132": 30,
            "133": 27,
            "134": 29,
            "135": 42,
            "136": 17,
            "137": 28,
            "138": 29,
            "139": 30,
            "140": 25,
            "141": 19,
            "142": 19,
            "143": 46,
            "144": 25,
            "145": 23,
            "146": 52,
            "147": 30,
            "148": 31,
            "149": 29
          },
          "per_class_update_counts": {
            "100": 16,
            "101": 6,
            "102": 16,
            "103": 23,
            "104": 0,
            "105": 24,
            "106": 9,
            "107": 18,
            "108": 23,
            "109": 24,
            "110": 27,
            "111": 20,
            "112": 26,
            "113": 23,
            "114": 41,
            "115": 27,
            "116": 10,
            "117": 34,
            "118": 16,
            "119": 21,
            "120": 19,
            "121": 23,
            "122": 22,
            "123": 27,
            "124": 31,
            "125": 20,
            "126": 32,
            "127": 20,
            "128": 22,
            "129": 12,
            "130": 17,
            "131": 23,
            "132": 24,
            "133": 22,
            "134": 23,
            "135": 34,
            "136": 14,
            "137": 22,
            "138": 23,
            "139": 24,
            "140": 20,
            "141": 15,
            "142": 15,
            "143": 37,
            "144": 20,
            "145": 18,
            "146": 42,
            "147": 24,
            "148": 25,
            "149": 23
          },
          "per_class_validation_counts": {
            "100": 4,
            "101": 2,
            "102": 4,
            "103": 6,
            "104": 0,
            "105": 6,
            "106": 2,
            "107": 5,
            "108": 6,
            "109": 6,
            "110": 7,
            "111": 5,
            "112": 7,
            "113": 6,
            "114": 10,
            "115": 7,
            "116": 3,
            "117": 8,
            "118": 4,
            "119": 5,
            "120": 5,
            "121": 6,
            "122": 5,
            "123": 7,
            "124": 8,
            "125": 5,
            "126": 8,
            "127": 5,
            "128": 5,
            "129": 3,
            "130": 4,
            "131": 6,
            "132": 6,
            "133": 5,
            "134": 6,
            "135": 8,
            "136": 3,
            "137": 6,
            "138": 6,
            "139": 6,
            "140": 5,
            "141": 4,
            "142": 4,
            "143": 9,
            "144": 5,
            "145": 5,
            "146": 10,
            "147": 6,
            "148": 6,
            "149": 6
          }
        }
      }
    },
    {
      "session": 6,
      "num_seen_classes": 160,
      "baseline_full_acc": 83.767,
      "baseline_base_acc": 88.059,
      "baseline_novel_acc": 76.743,
      "selected_alpha": 0.5,
      "final_full_acc": 84.872,
      "final_base_acc": 87.989,
      "final_novel_acc": 79.771,
      "final_gain": 1.105,
      "updated_class_count": 59,
      "gated_query_count": 1668,
      "gated_base_count": 12,
      "gated_novel_count": 1656,
      "alpha_selection": {
        "mode": "pseudo_validation",
        "fallback_used": false,
        "selected_alpha": 0.5,
        "candidates": [
          {
            "alpha": 0.5,
            "pseudo_val_score": -0.150817,
            "pseudo_val_nll": 0.150817,
            "pseudo_val_agreement": 97.537
          },
          {
            "alpha": 0.75,
            "pseudo_val_score": -0.162579,
            "pseudo_val_nll": 0.162579,
            "pseudo_val_agreement": 96.937
          },
          {
            "alpha": 1.0,
            "pseudo_val_score": -0.174965,
            "pseudo_val_nll": 0.174965,
            "pseudo_val_agreement": 96.621
          }
        ],
        "split": {
          "novel_gated_query_count": 1668,
          "validation_count": 3167,
          "novel_validation_count": 335,
          "base_validation_count": 2832,
          "updated_class_count": 59,
          "per_class_counts": {
            "100": 20,
            "101": 8,
            "102": 20,
            "103": 29,
            "104": 1,
            "105": 30,
            "106": 11,
            "107": 23,
            "108": 27,
            "109": 30,
            "110": 34,
            "111": 25,
            "112": 33,
            "113": 29,
            "114": 51,
            "115": 34,
            "116": 13,
            "117": 42,
            "118": 20,
            "119": 26,
            "120": 24,
            "121": 29,
            "122": 27,
            "123": 34,
            "124": 39,
            "125": 25,
            "126": 40,
            "127": 25,
            "128": 27,
            "129": 15,
            "130": 21,
            "131": 29,
            "132": 30,
            "133": 27,
            "134": 29,
            "135": 42,
            "136": 17,
            "137": 28,
            "138": 29,
            "139": 30,
            "140": 25,
            "141": 19,
            "142": 19,
            "143": 46,
            "144": 25,
            "145": 23,
            "146": 52,
            "147": 29,
            "148": 31,
            "149": 29,
            "150": 20,
            "151": 23,
            "152": 36,
            "153": 29,
            "154": 33,
            "155": 37,
            "156": 33,
            "157": 27,
            "158": 30,
            "159": 29
          },
          "per_class_update_counts": {
            "100": 16,
            "101": 6,
            "102": 16,
            "103": 23,
            "104": 0,
            "105": 24,
            "106": 9,
            "107": 18,
            "108": 22,
            "109": 24,
            "110": 27,
            "111": 20,
            "112": 26,
            "113": 23,
            "114": 41,
            "115": 27,
            "116": 10,
            "117": 34,
            "118": 16,
            "119": 21,
            "120": 19,
            "121": 23,
            "122": 22,
            "123": 27,
            "124": 31,
            "125": 20,
            "126": 32,
            "127": 20,
            "128": 22,
            "129": 12,
            "130": 17,
            "131": 23,
            "132": 24,
            "133": 22,
            "134": 23,
            "135": 34,
            "136": 14,
            "137": 22,
            "138": 23,
            "139": 24,
            "140": 20,
            "141": 15,
            "142": 15,
            "143": 37,
            "144": 20,
            "145": 18,
            "146": 42,
            "147": 23,
            "148": 25,
            "149": 23,
            "150": 16,
            "151": 18,
            "152": 29,
            "153": 23,
            "154": 26,
            "155": 30,
            "156": 26,
            "157": 22,
            "158": 24,
            "159": 23
          },
          "per_class_validation_counts": {
            "100": 4,
            "101": 2,
            "102": 4,
            "103": 6,
            "104": 0,
            "105": 6,
            "106": 2,
            "107": 5,
            "108": 5,
            "109": 6,
            "110": 7,
            "111": 5,
            "112": 7,
            "113": 6,
            "114": 10,
            "115": 7,
            "116": 3,
            "117": 8,
            "118": 4,
            "119": 5,
            "120": 5,
            "121": 6,
            "122": 5,
            "123": 7,
            "124": 8,
            "125": 5,
            "126": 8,
            "127": 5,
            "128": 5,
            "129": 3,
            "130": 4,
            "131": 6,
            "132": 6,
            "133": 5,
            "134": 6,
            "135": 8,
            "136": 3,
            "137": 6,
            "138": 6,
            "139": 6,
            "140": 5,
            "141": 4,
            "142": 4,
            "143": 9,
            "144": 5,
            "145": 5,
            "146": 10,
            "147": 6,
            "148": 6,
            "149": 6,
            "150": 4,
            "151": 5,
            "152": 7,
            "153": 6,
            "154": 7,
            "155": 7,
            "156": 7,
            "157": 5,
            "158": 6,
            "159": 6
          }
        }
      }
    },
    {
      "session": 7,
      "num_seen_classes": 170,
      "baseline_full_acc": 84.178,
      "baseline_base_acc": 87.989,
      "baseline_novel_acc": 78.847,
      "selected_alpha": 0.5,
      "final_full_acc": 85.258,
      "final_base_acc": 87.954,
      "final_novel_acc": 81.485,
      "final_gain": 1.079,
      "updated_class_count": 69,
      "gated_query_count": 1967,
      "gated_base_count": 14,
      "gated_novel_count": 1953,
      "alpha_selection": {
        "mode": "pseudo_validation",
        "fallback_used": false,
        "selected_alpha": 0.5,
        "candidates": [
          {
            "alpha": 0.5,
            "pseudo_val_score": -0.15453,
            "pseudo_val_nll": 0.15453,
            "pseudo_val_agreement": 97.489
          },
          {
            "alpha": 0.75,
            "pseudo_val_score": -0.166353,
            "pseudo_val_nll": 0.166353,
            "pseudo_val_agreement": 96.9
          },
          {
            "alpha": 1.0,
            "pseudo_val_score": -0.179163,
            "pseudo_val_nll": 0.179163,
            "pseudo_val_agreement": 96.466
          }
        ],
        "split": {
          "novel_gated_query_count": 1967,
          "validation_count": 3226,
          "novel_validation_count": 393,
          "base_validation_count": 2833,
          "updated_class_count": 69,
          "per_class_counts": {
            "100": 20,
            "101": 8,
            "102": 20,
            "103": 30,
            "104": 1,
            "105": 30,
            "106": 11,
            "107": 23,
            "108": 27,
            "109": 30,
            "110": 34,
            "111": 25,
            "112": 33,
            "113": 29,
            "114": 51,
            "115": 34,
            "116": 13,
            "117": 42,
            "118": 20,
            "119": 26,
            "120": 24,
            "121": 29,
            "122": 27,
            "123": 34,
            "124": 39,
            "125": 25,
            "126": 40,
            "127": 25,
            "128": 27,
            "129": 15,
            "130": 21,
            "131": 29,
            "132": 30,
            "133": 27,
            "134": 29,
            "135": 42,
            "136": 17,
            "137": 28,
            "138": 29,
            "139": 30,
            "140": 25,
            "141": 19,
            "142": 19,
            "143": 46,
            "144": 25,
            "145": 23,
            "146": 52,
            "147": 29,
            "148": 31,
            "149": 29,
            "150": 20,
            "151": 24,
            "152": 38,
            "153": 30,
            "154": 32,
            "155": 40,
            "156": 36,
            "157": 27,
            "158": 30,
            "159": 29,
            "160": 32,
            "161": 34,
            "162": 30,
            "163": 29,
            "164": 25,
            "165": 27,
            "166": 20,
            "167": 37,
            "168": 29,
            "169": 26
          },
          "per_class_update_counts": {
            "100": 16,
            "101": 6,
            "102": 16,
            "103": 24,
            "104": 0,
            "105": 24,
            "106": 9,
            "107": 18,
            "108": 22,
            "109": 24,
            "110": 27,
            "111": 20,
            "112": 26,
            "113": 23,
            "114": 41,
            "115": 27,
            "116": 10,
            "117": 34,
            "118": 16,
            "119": 21,
            "120": 19,
            "121": 23,
            "122": 22,
            "123": 27,
            "124": 31,
            "125": 20,
            "126": 32,
            "127": 20,
            "128": 22,
            "129": 12,
            "130": 17,
            "131": 23,
            "132": 24,
            "133": 22,
            "134": 23,
            "135": 34,
            "136": 14,
            "137": 22,
            "138": 23,
            "139": 24,
            "140": 20,
            "141": 15,
            "142": 15,
            "143": 37,
            "144": 20,
            "145": 18,
            "146": 42,
            "147": 23,
            "148": 25,
            "149": 23,
            "150": 16,
            "151": 19,
            "152": 30,
            "153": 24,
            "154": 26,
            "155": 32,
            "156": 29,
            "157": 22,
            "158": 24,
            "159": 23,
            "160": 26,
            "161": 27,
            "162": 24,
            "163": 23,
            "164": 20,
            "165": 22,
            "166": 16,
            "167": 30,
            "168": 23,
            "169": 21
          },
          "per_class_validation_counts": {
            "100": 4,
            "101": 2,
            "102": 4,
            "103": 6,
            "104": 0,
            "105": 6,
            "106": 2,
            "107": 5,
            "108": 5,
            "109": 6,
            "110": 7,
            "111": 5,
            "112": 7,
            "113": 6,
            "114": 10,
            "115": 7,
            "116": 3,
            "117": 8,
            "118": 4,
            "119": 5,
            "120": 5,
            "121": 6,
            "122": 5,
            "123": 7,
            "124": 8,
            "125": 5,
            "126": 8,
            "127": 5,
            "128": 5,
            "129": 3,
            "130": 4,
            "131": 6,
            "132": 6,
            "133": 5,
            "134": 6,
            "135": 8,
            "136": 3,
            "137": 6,
            "138": 6,
            "139": 6,
            "140": 5,
            "141": 4,
            "142": 4,
            "143": 9,
            "144": 5,
            "145": 5,
            "146": 10,
            "147": 6,
            "148": 6,
            "149": 6,
            "150": 4,
            "151": 5,
            "152": 8,
            "153": 6,
            "154": 6,
            "155": 8,
            "156": 7,
            "157": 5,
            "158": 6,
            "159": 6,
            "160": 6,
            "161": 7,
            "162": 6,
            "163": 6,
            "164": 5,
            "165": 5,
            "166": 4,
            "167": 7,
            "168": 6,
            "169": 5
          }
        }
      }
    },
    {
      "session": 8,
      "num_seen_classes": 180,
      "baseline_full_acc": 84.268,
      "baseline_base_acc": 87.989,
      "baseline_novel_acc": 79.718,
      "selected_alpha": 0.5,
      "final_full_acc": 85.44,
      "final_base_acc": 87.954,
      "final_novel_acc": 82.365,
      "final_gain": 1.172,
      "updated_class_count": 79,
      "gated_query_count": 2260,
      "gated_base_count": 16,
      "gated_novel_count": 2244,
      "alpha_selection": {
        "mode": "pseudo_validation",
        "fallback_used": false,
        "selected_alpha": 0.5,
        "candidates": [
          {
            "alpha": 0.5,
            "pseudo_val_score": -0.165556,
            "pseudo_val_nll": 0.165556,
            "pseudo_val_agreement": 97.142
          },
          {
            "alpha": 0.75,
            "pseudo_val_score": -0.179487,
            "pseudo_val_nll": 0.179487,
            "pseudo_val_agreement": 96.473
          },
          {
            "alpha": 1.0,
            "pseudo_val_score": -0.194875,
            "pseudo_val_nll": 0.194875,
            "pseudo_val_agreement": 95.895
          }
        ],
        "split": {
          "novel_gated_query_count": 2260,
          "validation_count": 3289,
          "novel_validation_count": 452,
          "base_validation_count": 2837,
          "updated_class_count": 79,
          "per_class_counts": {
            "100": 20,
            "101": 8,
            "102": 20,
            "103": 30,
            "104": 1,
            "105": 30,
            "106": 11,
            "107": 23,
            "108": 28,
            "109": 30,
            "110": 34,
            "111": 25,
            "112": 33,
            "113": 29,
            "114": 51,
            "115": 34,
            "116": 13,
            "117": 42,
            "118": 20,
            "119": 26,
            "120": 24,
            "121": 29,
            "122": 27,
            "123": 34,
            "124": 39,
            "125": 25,
            "126": 40,
            "127": 25,
            "128": 27,
            "129": 15,
            "130": 21,
            "131": 30,
            "132": 30,
            "133": 27,
            "134": 29,
            "135": 42,
            "136": 17,
            "137": 28,
            "138": 29,
            "139": 30,
            "140": 25,
            "141": 19,
            "142": 19,
            "143": 46,
            "144": 25,
            "145": 23,
            "146": 52,
            "147": 29,
            "148": 31,
            "149": 29,
            "150": 20,
            "151": 24,
            "152": 37,
            "153": 28,
            "154": 34,
            "155": 40,
            "156": 40,
            "157": 27,
            "158": 30,
            "159": 29,
            "160": 28,
            "161": 29,
            "162": 31,
            "163": 29,
            "164": 26,
            "165": 27,
            "166": 20,
            "167": 30,
            "168": 28,
            "169": 26,
            "170": 27,
            "171": 36,
            "172": 35,
            "173": 31,
            "174": 25,
            "175": 31,
            "176": 35,
            "177": 25,
            "178": 21,
            "179": 37
          },
          "per_class_update_counts": {
            "100": 16,
            "101": 6,
            "102": 16,
            "103": 24,
            "104": 0,
            "105": 24,
            "106": 9,
            "107": 18,
            "108": 22,
            "109": 24,
            "110": 27,
            "111": 20,
            "112": 26,
            "113": 23,
            "114": 41,
            "115": 27,
            "116": 10,
            "117": 34,
            "118": 16,
            "119": 21,
            "120": 19,
            "121": 23,
            "122": 22,
            "123": 27,
            "124": 31,
            "125": 20,
            "126": 32,
            "127": 20,
            "128": 22,
            "129": 12,
            "130": 17,
            "131": 24,
            "132": 24,
            "133": 22,
            "134": 23,
            "135": 34,
            "136": 14,
            "137": 22,
            "138": 23,
            "139": 24,
            "140": 20,
            "141": 15,
            "142": 15,
            "143": 37,
            "144": 20,
            "145": 18,
            "146": 42,
            "147": 23,
            "148": 25,
            "149": 23,
            "150": 16,
            "151": 19,
            "152": 30,
            "153": 22,
            "154": 27,
            "155": 32,
            "156": 32,
            "157": 22,
            "158": 24,
            "159": 23,
            "160": 22,
            "161": 23,
            "162": 25,
            "163": 23,
            "164": 21,
            "165": 22,
            "166": 16,
            "167": 24,
            "168": 22,
            "169": 21,
            "170": 22,
            "171": 29,
            "172": 28,
            "173": 25,
            "174": 20,
            "175": 25,
            "176": 28,
            "177": 20,
            "178": 17,
            "179": 30
          },
          "per_class_validation_counts": {
            "100": 4,
            "101": 2,
            "102": 4,
            "103": 6,
            "104": 0,
            "105": 6,
            "106": 2,
            "107": 5,
            "108": 6,
            "109": 6,
            "110": 7,
            "111": 5,
            "112": 7,
            "113": 6,
            "114": 10,
            "115": 7,
            "116": 3,
            "117": 8,
            "118": 4,
            "119": 5,
            "120": 5,
            "121": 6,
            "122": 5,
            "123": 7,
            "124": 8,
            "125": 5,
            "126": 8,
            "127": 5,
            "128": 5,
            "129": 3,
            "130": 4,
            "131": 6,
            "132": 6,
            "133": 5,
            "134": 6,
            "135": 8,
            "136": 3,
            "137": 6,
            "138": 6,
            "139": 6,
            "140": 5,
            "141": 4,
            "142": 4,
            "143": 9,
            "144": 5,
            "145": 5,
            "146": 10,
            "147": 6,
            "148": 6,
            "149": 6,
            "150": 4,
            "151": 5,
            "152": 7,
            "153": 6,
            "154": 7,
            "155": 8,
            "156": 8,
            "157": 5,
            "158": 6,
            "159": 6,
            "160": 6,
            "161": 6,
            "162": 6,
            "163": 6,
            "164": 5,
            "165": 5,
            "166": 4,
            "167": 6,
            "168": 6,
            "169": 5,
            "170": 5,
            "171": 7,
            "172": 7,
            "173": 6,
            "174": 5,
            "175": 6,
            "176": 7,
            "177": 5,
            "178": 4,
            "179": 7
          }
        }
      }
    },
    {
      "session": 9,
      "num_seen_classes": 190,
      "baseline_full_acc": 84.856,
      "baseline_base_acc": 87.989,
      "baseline_novel_acc": 81.445,
      "selected_alpha": 0.5,
      "final_full_acc": 85.948,
      "final_base_acc": 87.954,
      "final_novel_acc": 83.764,
      "final_gain": 1.092,
      "updated_class_count": 89,
      "gated_query_count": 2548,
      "gated_base_count": 16,
      "gated_novel_count": 2532,
      "alpha_selection": {
        "mode": "pseudo_validation",
        "fallback_used": false,
        "selected_alpha": 0.5,
        "candidates": [
          {
            "alpha": 0.5,
            "pseudo_val_score": -0.170707,
            "pseudo_val_nll": 0.170707,
            "pseudo_val_agreement": 97.133
          },
          {
            "alpha": 0.75,
            "pseudo_val_score": -0.184626,
            "pseudo_val_nll": 0.184626,
            "pseudo_val_agreement": 96.416
          },
          {
            "alpha": 1.0,
            "pseudo_val_score": -0.200065,
            "pseudo_val_nll": 0.200065,
            "pseudo_val_agreement": 95.848
          }
        ],
        "split": {
          "novel_gated_query_count": 2548,
          "validation_count": 3348,
          "novel_validation_count": 510,
          "base_validation_count": 2838,
          "updated_class_count": 89,
          "per_class_counts": {
            "100": 20,
            "101": 8,
            "102": 20,
            "103": 30,
            "104": 1,
            "105": 30,
            "106": 11,
            "107": 23,
            "108": 28,
            "109": 30,
            "110": 34,
            "111": 25,
            "112": 33,
            "113": 29,
            "114": 51,
            "115": 34,
            "116": 13,
            "117": 42,
            "118": 20,
            "119": 26,
            "120": 24,
            "121": 29,
            "122": 27,
            "123": 34,
            "124": 39,
            "125": 25,
            "126": 40,
            "127": 25,
            "128": 27,
            "129": 15,
            "130": 21,
            "131": 29,
            "132": 30,
            "133": 27,
            "134": 29,
            "135": 42,
            "136": 17,
            "137": 28,
            "138": 29,
            "139": 30,
            "140": 25,
            "141": 19,
            "142": 19,
            "143": 46,
            "144": 25,
            "145": 23,
            "146": 52,
            "147": 29,
            "148": 31,
            "149": 29,
            "150": 20,
            "151": 24,
            "152": 37,
            "153": 28,
            "154": 34,
            "155": 40,
            "156": 40,
            "157": 27,
            "158": 30,
            "159": 29,
            "160": 28,
            "161": 29,
            "162": 31,
            "163": 29,
            "164": 26,
            "165": 27,
            "166": 20,
            "167": 30,
            "168": 28,
            "169": 26,
            "170": 27,
            "171": 36,
            "172": 35,
            "173": 31,
            "174": 26,
            "175": 30,
            "176": 35,
            "177": 26,
            "178": 21,
            "179": 40,
            "180": 29,
            "181": 27,
            "182": 36,
            "183": 24,
            "184": 30,
            "185": 30,
            "186": 21,
            "187": 30,
            "188": 30,
            "189": 28
          },
          "per_class_update_counts": {
            "100": 16,
            "101": 6,
            "102": 16,
            "103": 24,
            "104": 0,
            "105": 24,
            "106": 9,
            "107": 18,
            "108": 22,
            "109": 24,
            "110": 27,
            "111": 20,
            "112": 26,
            "113": 23,
            "114": 41,
            "115": 27,
            "116": 10,
            "117": 34,
            "118": 16,
            "119": 21,
            "120": 19,
            "121": 23,
            "122": 22,
            "123": 27,
            "124": 31,
            "125": 20,
            "126": 32,
            "127": 20,
            "128": 22,
            "129": 12,
            "130": 17,
            "131": 23,
            "132": 24,
            "133": 22,
            "134": 23,
            "135": 34,
            "136": 14,
            "137": 22,
            "138": 23,
            "139": 24,
            "140": 20,
            "141": 15,
            "142": 15,
            "143": 37,
            "144": 20,
            "145": 18,
            "146": 42,
            "147": 23,
            "148": 25,
            "149": 23,
            "150": 16,
            "151": 19,
            "152": 30,
            "153": 22,
            "154": 27,
            "155": 32,
            "156": 32,
            "157": 22,
            "158": 24,
            "159": 23,
            "160": 22,
            "161": 23,
            "162": 25,
            "163": 23,
            "164": 21,
            "165": 22,
            "166": 16,
            "167": 24,
            "168": 22,
            "169": 21,
            "170": 22,
            "171": 29,
            "172": 28,
            "173": 25,
            "174": 21,
            "175": 24,
            "176": 28,
            "177": 21,
            "178": 17,
            "179": 32,
            "180": 23,
            "181": 22,
            "182": 29,
            "183": 19,
            "184": 24,
            "185": 24,
            "186": 17,
            "187": 24,
            "188": 24,
            "189": 22
          },
          "per_class_validation_counts": {
            "100": 4,
            "101": 2,
            "102": 4,
            "103": 6,
            "104": 0,
            "105": 6,
            "106": 2,
            "107": 5,
            "108": 6,
            "109": 6,
            "110": 7,
            "111": 5,
            "112": 7,
            "113": 6,
            "114": 10,
            "115": 7,
            "116": 3,
            "117": 8,
            "118": 4,
            "119": 5,
            "120": 5,
            "121": 6,
            "122": 5,
            "123": 7,
            "124": 8,
            "125": 5,
            "126": 8,
            "127": 5,
            "128": 5,
            "129": 3,
            "130": 4,
            "131": 6,
            "132": 6,
            "133": 5,
            "134": 6,
            "135": 8,
            "136": 3,
            "137": 6,
            "138": 6,
            "139": 6,
            "140": 5,
            "141": 4,
            "142": 4,
            "143": 9,
            "144": 5,
            "145": 5,
            "146": 10,
            "147": 6,
            "148": 6,
            "149": 6,
            "150": 4,
            "151": 5,
            "152": 7,
            "153": 6,
            "154": 7,
            "155": 8,
            "156": 8,
            "157": 5,
            "158": 6,
            "159": 6,
            "160": 6,
            "161": 6,
            "162": 6,
            "163": 6,
            "164": 5,
            "165": 5,
            "166": 4,
            "167": 6,
            "168": 6,
            "169": 5,
            "170": 5,
            "171": 7,
            "172": 7,
            "173": 6,
            "174": 5,
            "175": 6,
            "176": 7,
            "177": 5,
            "178": 4,
            "179": 8,
            "180": 6,
            "181": 5,
            "182": 7,
            "183": 5,
            "184": 6,
            "185": 6,
            "186": 4,
            "187": 6,
            "188": 6,
            "189": 6
          }
        }
      }
    },
    {
      "session": 10,
      "num_seen_classes": 200,
      "baseline_full_acc": 85.209,
      "baseline_base_acc": 87.954,
      "baseline_novel_acc": 82.526,
      "selected_alpha": 0.5,
      "final_full_acc": 86.227,
      "final_base_acc": 87.884,
      "final_novel_acc": 84.608,
      "final_gain": 1.018,
      "updated_class_count": 99,
      "gated_query_count": 2847,
      "gated_base_count": 16,
      "gated_novel_count": 2831,
      "alpha_selection": {
        "mode": "pseudo_validation",
        "fallback_used": false,
        "selected_alpha": 0.5,
        "candidates": [
          {
            "alpha": 0.5,
            "pseudo_val_score": -0.173397,
            "pseudo_val_nll": 0.173397,
            "pseudo_val_agreement": 97.125
          },
          {
            "alpha": 0.75,
            "pseudo_val_score": -0.186884,
            "pseudo_val_nll": 0.186884,
            "pseudo_val_agreement": 96.451
          },
          {
            "alpha": 1.0,
            "pseudo_val_score": -0.202094,
            "pseudo_val_nll": 0.202094,
            "pseudo_val_agreement": 95.893
          }
        ],
        "split": {
          "novel_gated_query_count": 2847,
          "validation_count": 3409,
          "novel_validation_count": 570,
          "base_validation_count": 2839,
          "updated_class_count": 99,
          "per_class_counts": {
            "100": 20,
            "101": 8,
            "102": 20,
            "103": 30,
            "104": 1,
            "105": 30,
            "106": 11,
            "107": 23,
            "108": 28,
            "109": 30,
            "110": 34,
            "111": 25,
            "112": 33,
            "113": 29,
            "114": 51,
            "115": 34,
            "116": 14,
            "117": 42,
            "118": 20,
            "119": 26,
            "120": 24,
            "121": 29,
            "122": 27,
            "123": 34,
            "124": 40,
            "125": 25,
            "126": 40,
            "127": 25,
            "128": 27,
            "129": 15,
            "130": 21,
            "131": 29,
            "132": 30,
            "133": 27,
            "134": 29,
            "135": 42,
            "136": 17,
            "137": 28,
            "138": 29,
            "139": 30,
            "140": 25,
            "141": 19,
            "142": 19,
            "143": 46,
            "144": 25,
            "145": 23,
            "146": 52,
            "147": 29,
            "148": 30,
            "149": 29,
            "150": 20,
            "151": 24,
            "152": 37,
            "153": 28,
            "154": 34,
            "155": 40,
            "156": 40,
            "157": 27,
            "158": 30,
            "159": 29,
            "160": 28,
            "161": 29,
            "162": 31,
            "163": 29,
            "164": 26,
            "165": 27,
            "166": 20,
            "167": 30,
            "168": 28,
            "169": 26,
            "170": 27,
            "171": 36,
            "172": 35,
            "173": 31,
            "174": 26,
            "175": 30,
            "176": 35,
            "177": 25,
            "178": 21,
            "179": 40,
            "180": 29,
            "181": 27,
            "182": 36,
            "183": 24,
            "184": 30,
            "185": 30,
            "186": 20,
            "187": 30,
            "188": 33,
            "189": 28,
            "190": 27,
            "191": 31,
            "192": 25,
            "193": 30,
            "194": 39,
            "195": 30,
            "196": 27,
            "197": 29,
            "198": 29,
            "199": 30
          },
          "per_class_update_counts": {
            "100": 16,
            "101": 6,
            "102": 16,
            "103": 24,
            "104": 0,
            "105": 24,
            "106": 9,
            "107": 18,
            "108": 22,
            "109": 24,
            "110": 27,
            "111": 20,
            "112": 26,
            "113": 23,
            "114": 41,
            "115": 27,
            "116": 11,
            "117": 34,
            "118": 16,
            "119": 21,
            "120": 19,
            "121": 23,
            "122": 22,
            "123": 27,
            "124": 32,
            "125": 20,
            "126": 32,
            "127": 20,
            "128": 22,
            "129": 12,
            "130": 17,
            "131": 23,
            "132": 24,
            "133": 22,
            "134": 23,
            "135": 34,
            "136": 14,
            "137": 22,
            "138": 23,
            "139": 24,
            "140": 20,
            "141": 15,
            "142": 15,
            "143": 37,
            "144": 20,
            "145": 18,
            "146": 42,
            "147": 23,
            "148": 24,
            "149": 23,
            "150": 16,
            "151": 19,
            "152": 30,
            "153": 22,
            "154": 27,
            "155": 32,
            "156": 32,
            "157": 22,
            "158": 24,
            "159": 23,
            "160": 22,
            "161": 23,
            "162": 25,
            "163": 23,
            "164": 21,
            "165": 22,
            "166": 16,
            "167": 24,
            "168": 22,
            "169": 21,
            "170": 22,
            "171": 29,
            "172": 28,
            "173": 25,
            "174": 21,
            "175": 24,
            "176": 28,
            "177": 20,
            "178": 17,
            "179": 32,
            "180": 23,
            "181": 22,
            "182": 29,
            "183": 19,
            "184": 24,
            "185": 24,
            "186": 16,
            "187": 24,
            "188": 26,
            "189": 22,
            "190": 22,
            "191": 25,
            "192": 20,
            "193": 24,
            "194": 31,
            "195": 24,
            "196": 22,
            "197": 23,
            "198": 23,
            "199": 24
          },
          "per_class_validation_counts": {
            "100": 4,
            "101": 2,
            "102": 4,
            "103": 6,
            "104": 0,
            "105": 6,
            "106": 2,
            "107": 5,
            "108": 6,
            "109": 6,
            "110": 7,
            "111": 5,
            "112": 7,
            "113": 6,
            "114": 10,
            "115": 7,
            "116": 3,
            "117": 8,
            "118": 4,
            "119": 5,
            "120": 5,
            "121": 6,
            "122": 5,
            "123": 7,
            "124": 8,
            "125": 5,
            "126": 8,
            "127": 5,
            "128": 5,
            "129": 3,
            "130": 4,
            "131": 6,
            "132": 6,
            "133": 5,
            "134": 6,
            "135": 8,
            "136": 3,
            "137": 6,
            "138": 6,
            "139": 6,
            "140": 5,
            "141": 4,
            "142": 4,
            "143": 9,
            "144": 5,
            "145": 5,
            "146": 10,
            "147": 6,
            "148": 6,
            "149": 6,
            "150": 4,
            "151": 5,
            "152": 7,
            "153": 6,
            "154": 7,
            "155": 8,
            "156": 8,
            "157": 5,
            "158": 6,
            "159": 6,
            "160": 6,
            "161": 6,
            "162": 6,
            "163": 6,
            "164": 5,
            "165": 5,
            "166": 4,
            "167": 6,
            "168": 6,
            "169": 5,
            "170": 5,
            "171": 7,
            "172": 7,
            "173": 6,
            "174": 5,
            "175": 6,
            "176": 7,
            "177": 5,
            "178": 4,
            "179": 8,
            "180": 6,
            "181": 5,
            "182": 7,
            "183": 5,
            "184": 6,
            "185": 6,
            "186": 4,
            "187": 6,
            "188": 7,
            "189": 6,
            "190": 5,
            "191": 6,
            "192": 5,
            "193": 6,
            "194": 8,
            "195": 6,
            "196": 5,
            "197": 6,
            "198": 6,
            "199": 6
          }
        }
      }
    }
  ]
}
