/media/ndag/newVolume/BiMC-test/models/clip/clip.py:23: UserWarning: PyTorch version 1.7.1 or higher is recommended
  warnings.warn("PyTorch version 1.7.1 or higher is recommended")
manual seed: 13
use gpu: ['0']
Files already downloaded and verified
Files already downloaded and verified
Loading CLIP (backbone: ViT-B/16)
Prompt template:['a photo of a {}.']
Loading DinoV2 ViT-B/14 from local hub: /home/ndag/.cache/torch/hub/facebookresearch_dinov2_main
/home/ndag/.cache/torch/hub/facebookresearch_dinov2_main/dinov2/layers/swiglu_ffn.py:51: UserWarning: xFormers is not available (SwiGLU)
  warnings.warn("xFormers is not available (SwiGLU)")
/home/ndag/.cache/torch/hub/facebookresearch_dinov2_main/dinov2/layers/attention.py:36: UserWarning: xFormers is not available (Attention)
  warnings.warn("xFormers is not available (Attention)")
/home/ndag/.cache/torch/hub/facebookresearch_dinov2_main/dinov2/layers/block.py:40: UserWarning: xFormers is not available (Block)
  warnings.warn("xFormers is not available (Block)")
Loading DinoV2 weights: /home/ndag/.cache/torch/hub/checkpoints/dinov2_vitb14_pretrain.pth
class names: ['apple' 'aquarium fish' 'baby' 'bear' 'beaver' 'bed' 'bee' 'beetle'
 'bicycle' 'bottle' 'bowl' 'boy' 'bridge' 'bus' 'butterfly' 'camel' 'can'
 'castle' 'caterpillar' 'cattle' 'chair' 'chimpanzee' 'clock' 'cloud'
 'cockroach' 'couch' 'crab' 'crocodile' 'cup' 'dinosaur' 'dolphin'
 'elephant' 'flatfish' 'forest' 'fox' 'girl' 'hamster' 'house' 'kangaroo'
 'keyboard' 'lamp' 'lawn mower' 'leopard' 'lion' 'lizard' 'lobster' 'man'
 'maple tree' 'motorcycle' 'mountain' 'mouse' 'mushroom' 'oak tree'
 'orange' 'orchid' 'otter' 'palm tree' 'pear' 'pickup truck' 'pine tree']
all targets:tensor([ 0,  1,  2,  3,  4,  5,  6,  7,  8,  9, 10, 11, 12, 13, 14, 15, 16, 17,
        18, 19, 20, 21, 22, 23, 24, 25, 26, 27, 28, 29, 30, 31, 32, 33, 34, 35,
        36, 37, 38, 39, 40, 41, 42, 43, 44, 45, 46, 47, 48, 49, 50, 51, 52, 53,
        54, 55, 56, 57, 58, 59], device='cuda:0')
dino all targets:tensor([ 0,  1,  2,  3,  4,  5,  6,  7,  8,  9, 10, 11, 12, 13, 14, 15, 16, 17,
        18, 19, 20, 21, 22, 23, 24, 25, 26, 27, 28, 29, 30, 31, 32, 33, 34, 35,
        36, 37, 38, 39, 40, 41, 42, 43, 44, 45, 46, 47, 48, 49, 50, 51, 52, 53,
        54, 55, 56, 57, 58, 59], device='cuda:0')
finish loading CLIP/DinoV2 covariance
class names: ['plain' 'plate' 'poppy' 'porcupine' 'possum']
all targets:tensor([60, 61, 62, 63, 64], device='cuda:0')
dino all targets:tensor([60, 61, 62, 63, 64], device='cuda:0')
finish loading CLIP/DinoV2 covariance
class names: ['rabbit' 'raccoon' 'ray' 'road' 'rocket']
all targets:tensor([65, 66, 67, 68, 69], device='cuda:0')
dino all targets:tensor([65, 66, 67, 68, 69], device='cuda:0')
finish loading CLIP/DinoV2 covariance
class names: ['rose' 'sea' 'seal' 'shark' 'shrew']
all targets:tensor([70, 71, 72, 73, 74], device='cuda:0')
dino all targets:tensor([70, 71, 72, 73, 74], device='cuda:0')
finish loading CLIP/DinoV2 covariance
class names: ['skunk' 'skyscraper' 'snail' 'snake' 'spider']
all targets:tensor([75, 76, 77, 78, 79], device='cuda:0')
dino all targets:tensor([75, 76, 77, 78, 79], device='cuda:0')
finish loading CLIP/DinoV2 covariance
class names: ['squirrel' 'streetcar' 'sunflower' 'sweet pepper' 'table']
all targets:tensor([80, 81, 82, 83, 84], device='cuda:0')
dino all targets:tensor([80, 81, 82, 83, 84], device='cuda:0')
finish loading CLIP/DinoV2 covariance
class names: ['tank' 'telephone' 'television' 'tiger' 'tractor']
all targets:tensor([85, 86, 87, 88, 89], device='cuda:0')
dino all targets:tensor([85, 86, 87, 88, 89], device='cuda:0')
finish loading CLIP/DinoV2 covariance
class names: ['train' 'trout' 'tulip' 'turtle' 'wardrobe']
all targets:tensor([90, 91, 92, 93, 94], device='cuda:0')
dino all targets:tensor([90, 91, 92, 93, 94], device='cuda:0')
finish loading CLIP/DinoV2 covariance
class names: ['whale' 'willow tree' 'wolf' 'woman' 'worm']
all targets:tensor([95, 96, 97, 98, 99], device='cuda:0')
dino all targets:tensor([95, 96, 97, 98, 99], device='cuda:0')
finish loading CLIP/DinoV2 covariance
session 0: baseline=89.750 final=89.750 gain=0.000
session 1: baseline=87.646 final=88.354 gain=0.708
session 2: baseline=86.986 final=88.057 gain=1.071
session 3: baseline=84.693 final=86.280 gain=1.587
session 4: baseline=84.713 final=86.338 gain=1.625
session 5: baseline=84.541 final=86.247 gain=1.706
session 6: baseline=84.722 final=86.544 gain=1.822
session 7: baseline=84.389 final=86.368 gain=1.979
session 8: baseline=82.960 final=85.220 gain=2.260
{
  "dataset": "CIFAR100",
  "seed": 13,
  "train_cfg": "experiments/bmvc_1256_20260508-124032/generated_configs/bimc_dino_fusion.yaml",
  "method": "sessionwise conservative query prototype refinement on bimc_dino_fusion with pseudo-validation alpha selection",
  "runtime_sec": 447.029,
  "alpha_grid": [
    0.5,
    0.75,
    1.0
  ],
  "alpha_selection": "pseudo_validation_no_test_labels",
  "mass_thr": 0.3,
  "min_count": 5,
  "val_fraction": 0.2,
  "base_val_conf_thr": 0.5,
  "base_val_max_per_class": 50,
  "fallback_alpha": 0.75,
  "topk_per_class": null,
  "baseline_acc_list": [
    89.75,
    87.646,
    86.986,
    84.693,
    84.713,
    84.541,
    84.722,
    84.389,
    82.96
  ],
  "final_acc_list": [
    89.75,
    88.354,
    88.057,
    86.28,
    86.338,
    86.247,
    86.544,
    86.368,
    85.22
  ],
  "gain_list": [
    0.0,
    0.708,
    1.071,
    1.587,
    1.625,
    1.706,
    1.822,
    1.979,
    2.26
  ],
  "baseline_avg": 85.6,
  "baseline_pd": 6.79,
  "final_avg": 87.018,
  "final_pd": 4.53,
  "gain_avg": 1.418,
  "session_results": [
    {
      "session": 0,
      "num_seen_classes": 60,
      "baseline_full_acc": 89.75,
      "baseline_base_acc": 89.75,
      "baseline_novel_acc": 0.0,
      "best_alpha": null,
      "final_full_acc": 89.75,
      "final_base_acc": 89.75,
      "final_novel_acc": 0.0,
      "final_gain": 0.0,
      "updated_class_count": 0,
      "gated_query_count": 0,
      "alpha_selection": {
        "mode": "not_applicable_base_session",
        "selected_alpha": null
      }
    },
    {
      "session": 1,
      "num_seen_classes": 65,
      "baseline_full_acc": 87.646,
      "baseline_base_acc": 89.417,
      "baseline_novel_acc": 66.4,
      "selected_alpha": 0.5,
      "final_full_acc": 88.354,
      "final_base_acc": 89.317,
      "final_novel_acc": 76.8,
      "final_gain": 0.708,
      "updated_class_count": 5,
      "gated_query_count": 344,
      "gated_base_count": 11,
      "gated_novel_count": 333,
      "alpha_selection": {
        "mode": "pseudo_validation",
        "fallback_used": false,
        "selected_alpha": 0.5,
        "candidates": [
          {
            "alpha": 0.5,
            "pseudo_val_score": -0.019605,
            "pseudo_val_nll": 0.019605,
            "pseudo_val_agreement": 99.87
          },
          {
            "alpha": 0.75,
            "pseudo_val_score": -0.020328,
            "pseudo_val_nll": 0.020328,
            "pseudo_val_agreement": 99.739
          },
          {
            "alpha": 1.0,
            "pseudo_val_score": -0.021885,
            "pseudo_val_nll": 0.021885,
            "pseudo_val_agreement": 99.739
          }
        ],
        "split": {
          "novel_gated_query_count": 344,
          "validation_count": 3069,
          "novel_validation_count": 69,
          "base_validation_count": 3000,
          "updated_class_count": 5,
          "per_class_counts": {
            "60": 76,
            "61": 74,
            "62": 98,
            "63": 40,
            "64": 56
          },
          "per_class_update_counts": {
            "60": 61,
            "61": 59,
            "62": 78,
            "63": 32,
            "64": 45
          },
          "per_class_validation_counts": {
            "60": 15,
            "61": 15,
            "62": 20,
            "63": 8,
            "64": 11
          }
        }
      }
    },
    {
      "session": 2,
      "num_seen_classes": 70,
      "baseline_full_acc": 86.986,
      "baseline_base_acc": 89.2,
      "baseline_novel_acc": 73.7,
      "selected_alpha": 0.5,
      "final_full_acc": 88.057,
      "final_base_acc": 89.167,
      "final_novel_acc": 81.4,
      "final_gain": 1.071,
      "updated_class_count": 10,
      "gated_query_count": 775,
      "gated_base_count": 21,
      "gated_novel_count": 754,
      "alpha_selection": {
        "mode": "pseudo_validation",
        "fallback_used": false,
        "selected_alpha": 0.5,
        "candidates": [
          {
            "alpha": 0.5,
            "pseudo_val_score": -0.037444,
            "pseudo_val_nll": 0.037444,
            "pseudo_val_agreement": 99.747
          },
          {
            "alpha": 0.75,
            "pseudo_val_score": -0.038953,
            "pseudo_val_nll": 0.038953,
            "pseudo_val_agreement": 99.588
          },
          {
            "alpha": 1.0,
            "pseudo_val_score": -0.041732,
            "pseudo_val_nll": 0.041732,
            "pseudo_val_agreement": 99.366
          }
        ],
        "split": {
          "novel_gated_query_count": 775,
          "validation_count": 3156,
          "novel_validation_count": 156,
          "base_validation_count": 3000,
          "updated_class_count": 10,
          "per_class_counts": {
            "60": 74,
            "61": 75,
            "62": 98,
            "63": 38,
            "64": 50,
            "65": 74,
            "66": 95,
            "67": 77,
            "68": 96,
            "69": 98
          },
          "per_class_update_counts": {
            "60": 59,
            "61": 60,
            "62": 78,
            "63": 30,
            "64": 40,
            "65": 59,
            "66": 76,
            "67": 62,
            "68": 77,
            "69": 78
          },
          "per_class_validation_counts": {
            "60": 15,
            "61": 15,
            "62": 20,
            "63": 8,
            "64": 10,
            "65": 15,
            "66": 19,
            "67": 15,
            "68": 19,
            "69": 20
          }
        }
      }
    },
    {
      "session": 3,
      "num_seen_classes": 75,
      "baseline_full_acc": 84.693,
      "baseline_base_acc": 89.117,
      "baseline_novel_acc": 67.0,
      "selected_alpha": 0.5,
      "final_full_acc": 86.28,
      "final_base_acc": 89.033,
      "final_novel_acc": 75.267,
      "final_gain": 1.587,
      "updated_class_count": 15,
      "gated_query_count": 1073,
      "gated_base_count": 31,
      "gated_novel_count": 1042,
      "alpha_selection": {
        "mode": "pseudo_validation",
        "fallback_used": false,
        "selected_alpha": 0.5,
        "candidates": [
          {
            "alpha": 0.5,
            "pseudo_val_score": -0.052762,
            "pseudo_val_nll": 0.052762,
            "pseudo_val_agreement": 99.502
          },
          {
            "alpha": 0.75,
            "pseudo_val_score": -0.056181,
            "pseudo_val_nll": 0.056181,
            "pseudo_val_agreement": 99.129
          },
          {
            "alpha": 1.0,
            "pseudo_val_score": -0.061253,
            "pseudo_val_nll": 0.061253,
            "pseudo_val_agreement": 98.755
          }
        ],
        "split": {
          "novel_gated_query_count": 1073,
          "validation_count": 3214,
          "novel_validation_count": 214,
          "base_validation_count": 3000,
          "updated_class_count": 15,
          "per_class_counts": {
            "60": 73,
            "61": 75,
            "62": 102,
            "63": 37,
            "64": 49,
            "65": 72,
            "66": 96,
            "67": 72,
            "68": 97,
            "69": 100,
            "70": 90,
            "71": 68,
            "72": 38,
            "73": 78,
            "74": 26
          },
          "per_class_update_counts": {
            "60": 58,
            "61": 60,
            "62": 82,
            "63": 30,
            "64": 39,
            "65": 58,
            "66": 77,
            "67": 58,
            "68": 78,
            "69": 80,
            "70": 72,
            "71": 54,
            "72": 30,
            "73": 62,
            "74": 21
          },
          "per_class_validation_counts": {
            "60": 15,
            "61": 15,
            "62": 20,
            "63": 7,
            "64": 10,
            "65": 14,
            "66": 19,
            "67": 14,
            "68": 19,
            "69": 20,
            "70": 18,
            "71": 14,
            "72": 8,
            "73": 16,
            "74": 5
          }
        }
      }
    },
    {
      "session": 4,
      "num_seen_classes": 80,
      "baseline_full_acc": 84.713,
      "baseline_base_acc": 89.083,
      "baseline_novel_acc": 71.6,
      "selected_alpha": 0.5,
      "final_full_acc": 86.338,
      "final_base_acc": 88.967,
      "final_novel_acc": 78.45,
      "final_gain": 1.625,
      "updated_class_count": 20,
      "gated_query_count": 1516,
      "gated_base_count": 37,
      "gated_novel_count": 1479,
      "alpha_selection": {
        "mode": "pseudo_validation",
        "fallback_used": false,
        "selected_alpha": 0.5,
        "candidates": [
          {
            "alpha": 0.5,
            "pseudo_val_score": -0.066128,
            "pseudo_val_nll": 0.066128,
            "pseudo_val_agreement": 99.576
          },
          {
            "alpha": 0.75,
            "pseudo_val_score": -0.068806,
            "pseudo_val_nll": 0.068806,
            "pseudo_val_agreement": 99.182
          },
          {
            "alpha": 1.0,
            "pseudo_val_score": -0.073729,
            "pseudo_val_nll": 0.073729,
            "pseudo_val_agreement": 98.667
          }
        ],
        "split": {
          "novel_gated_query_count": 1516,
          "validation_count": 3302,
          "novel_validation_count": 302,
          "base_validation_count": 3000,
          "updated_class_count": 20,
          "per_class_counts": {
            "60": 73,
            "61": 74,
            "62": 102,
            "63": 37,
            "64": 49,
            "65": 72,
            "66": 96,
            "67": 72,
            "68": 97,
            "69": 106,
            "70": 90,
            "71": 69,
            "72": 36,
            "73": 79,
            "74": 26,
            "75": 89,
            "76": 85,
            "77": 93,
            "78": 92,
            "79": 79
          },
          "per_class_update_counts": {
            "60": 58,
            "61": 59,
            "62": 82,
            "63": 30,
            "64": 39,
            "65": 58,
            "66": 77,
            "67": 58,
            "68": 78,
            "69": 85,
            "70": 72,
            "71": 55,
            "72": 29,
            "73": 63,
            "74": 21,
            "75": 71,
            "76": 68,
            "77": 74,
            "78": 74,
            "79": 63
          },
          "per_class_validation_counts": {
            "60": 15,
            "61": 15,
            "62": 20,
            "63": 7,
            "64": 10,
            "65": 14,
            "66": 19,
            "67": 14,
            "68": 19,
            "69": 21,
            "70": 18,
            "71": 14,
            "72": 7,
            "73": 16,
            "74": 5,
            "75": 18,
            "76": 17,
            "77": 19,
            "78": 18,
            "79": 16
          }
        }
      }
    },
    {
      "session": 5,
      "num_seen_classes": 85,
      "baseline_full_acc": 84.541,
      "baseline_base_acc": 89.017,
      "baseline_novel_acc": 73.8,
      "selected_alpha": 0.5,
      "final_full_acc": 86.247,
      "final_base_acc": 88.85,
      "final_novel_acc": 80.0,
      "final_gain": 1.706,
      "updated_class_count": 25,
      "gated_query_count": 1939,
      "gated_base_count": 43,
      "gated_novel_count": 1896,
      "alpha_selection": {
        "mode": "pseudo_validation",
        "fallback_used": false,
        "selected_alpha": 0.5,
        "candidates": [
          {
            "alpha": 0.5,
            "pseudo_val_score": -0.080891,
            "pseudo_val_nll": 0.080891,
            "pseudo_val_agreement": 99.439
          },
          {
            "alpha": 0.75,
            "pseudo_val_score": -0.084487,
            "pseudo_val_nll": 0.084487,
            "pseudo_val_agreement": 99.026
          },
          {
            "alpha": 1.0,
            "pseudo_val_score": -0.090817,
            "pseudo_val_nll": 0.090817,
            "pseudo_val_agreement": 98.466
          }
        ],
        "split": {
          "novel_gated_query_count": 1939,
          "validation_count": 3389,
          "novel_validation_count": 389,
          "base_validation_count": 3000,
          "updated_class_count": 25,
          "per_class_counts": {
            "60": 74,
            "61": 74,
            "62": 102,
            "63": 37,
            "64": 50,
            "65": 73,
            "66": 96,
            "67": 73,
            "68": 98,
            "69": 106,
            "70": 90,
            "71": 68,
            "72": 36,
            "73": 79,
            "74": 24,
            "75": 91,
            "76": 87,
            "77": 93,
            "78": 92,
            "79": 79,
            "80": 68,
            "81": 85,
            "82": 99,
            "83": 91,
            "84": 74
          },
          "per_class_update_counts": {
            "60": 59,
            "61": 59,
            "62": 82,
            "63": 30,
            "64": 40,
            "65": 58,
            "66": 77,
            "67": 58,
            "68": 78,
            "69": 85,
            "70": 72,
            "71": 54,
            "72": 29,
            "73": 63,
            "74": 19,
            "75": 73,
            "76": 70,
            "77": 74,
            "78": 74,
            "79": 63,
            "80": 54,
            "81": 68,
            "82": 79,
            "83": 73,
            "84": 59
          },
          "per_class_validation_counts": {
            "60": 15,
            "61": 15,
            "62": 20,
            "63": 7,
            "64": 10,
            "65": 15,
            "66": 19,
            "67": 15,
            "68": 20,
            "69": 21,
            "70": 18,
            "71": 14,
            "72": 7,
            "73": 16,
            "74": 5,
            "75": 18,
            "76": 17,
            "77": 19,
            "78": 18,
            "79": 16,
            "80": 14,
            "81": 17,
            "82": 20,
            "83": 18,
            "84": 15
          }
        }
      }
    },
    {
      "session": 6,
      "num_seen_classes": 90,
      "baseline_full_acc": 84.722,
      "baseline_base_acc": 88.867,
      "baseline_novel_acc": 76.433,
      "selected_alpha": 0.5,
      "final_full_acc": 86.544,
      "final_base_acc": 88.717,
      "final_novel_acc": 82.2,
      "final_gain": 1.822,
      "updated_class_count": 30,
      "gated_query_count": 2403,
      "gated_base_count": 54,
      "gated_novel_count": 2349,
      "alpha_selection": {
        "mode": "pseudo_validation",
        "fallback_used": false,
        "selected_alpha": 0.5,
        "candidates": [
          {
            "alpha": 0.5,
            "pseudo_val_score": -0.094837,
            "pseudo_val_nll": 0.094837,
            "pseudo_val_agreement": 99.34
          },
          {
            "alpha": 0.75,
            "pseudo_val_score": -0.098517,
            "pseudo_val_nll": 0.098517,
            "pseudo_val_agreement": 98.794
          },
          {
            "alpha": 1.0,
            "pseudo_val_score": -0.105598,
            "pseudo_val_nll": 0.105598,
            "pseudo_val_agreement": 98.105
          }
        ],
        "split": {
          "novel_gated_query_count": 2403,
          "validation_count": 3483,
          "novel_validation_count": 483,
          "base_validation_count": 3000,
          "updated_class_count": 30,
          "per_class_counts": {
            "60": 74,
            "61": 74,
            "62": 102,
            "63": 38,
            "64": 50,
            "65": 73,
            "66": 96,
            "67": 73,
            "68": 98,
            "69": 106,
            "70": 90,
            "71": 68,
            "72": 35,
            "73": 78,
            "74": 24,
            "75": 90,
            "76": 86,
            "77": 93,
            "78": 92,
            "79": 79,
            "80": 68,
            "81": 85,
            "82": 99,
            "83": 91,
            "84": 75,
            "85": 96,
            "86": 85,
            "87": 89,
            "88": 96,
            "89": 100
          },
          "per_class_update_counts": {
            "60": 59,
            "61": 59,
            "62": 82,
            "63": 30,
            "64": 40,
            "65": 58,
            "66": 77,
            "67": 58,
            "68": 78,
            "69": 85,
            "70": 72,
            "71": 54,
            "72": 28,
            "73": 62,
            "74": 19,
            "75": 72,
            "76": 69,
            "77": 74,
            "78": 74,
            "79": 63,
            "80": 54,
            "81": 68,
            "82": 79,
            "83": 73,
            "84": 60,
            "85": 77,
            "86": 68,
            "87": 71,
            "88": 77,
            "89": 80
          },
          "per_class_validation_counts": {
            "60": 15,
            "61": 15,
            "62": 20,
            "63": 8,
            "64": 10,
            "65": 15,
            "66": 19,
            "67": 15,
            "68": 20,
            "69": 21,
            "70": 18,
            "71": 14,
            "72": 7,
            "73": 16,
            "74": 5,
            "75": 18,
            "76": 17,
            "77": 19,
            "78": 18,
            "79": 16,
            "80": 14,
            "81": 17,
            "82": 20,
            "83": 18,
            "84": 15,
            "85": 19,
            "86": 17,
            "87": 18,
            "88": 19,
            "89": 20
          }
        }
      }
    },
    {
      "session": 7,
      "num_seen_classes": 95,
      "baseline_full_acc": 84.389,
      "baseline_base_acc": 88.767,
      "baseline_novel_acc": 76.886,
      "selected_alpha": 0.5,
      "final_full_acc": 86.368,
      "final_base_acc": 88.617,
      "final_novel_acc": 82.514,
      "final_gain": 1.979,
      "updated_class_count": 35,
      "gated_query_count": 2843,
      "gated_base_count": 60,
      "gated_novel_count": 2783,
      "alpha_selection": {
        "mode": "pseudo_validation",
        "fallback_used": false,
        "selected_alpha": 0.5,
        "candidates": [
          {
            "alpha": 0.5,
            "pseudo_val_score": -0.110818,
            "pseudo_val_nll": 0.110818,
            "pseudo_val_agreement": 99.272
          },
          {
            "alpha": 0.75,
            "pseudo_val_score": -0.115884,
            "pseudo_val_nll": 0.115884,
            "pseudo_val_agreement": 98.431
          },
          {
            "alpha": 1.0,
            "pseudo_val_score": -0.125049,
            "pseudo_val_nll": 0.125049,
            "pseudo_val_agreement": 97.507
          }
        ],
        "split": {
          "novel_gated_query_count": 2843,
          "validation_count": 3570,
          "novel_validation_count": 570,
          "base_validation_count": 3000,
          "updated_class_count": 35,
          "per_class_counts": {
            "60": 73,
            "61": 74,
            "62": 101,
            "63": 38,
            "64": 50,
            "65": 72,
            "66": 96,
            "67": 74,
            "68": 98,
            "69": 106,
            "70": 93,
            "71": 68,
            "72": 39,
            "73": 77,
            "74": 24,
            "75": 90,
            "76": 85,
            "77": 94,
            "78": 92,
            "79": 79,
            "80": 68,
            "81": 86,
            "82": 99,
            "83": 91,
            "84": 75,
            "85": 96,
            "86": 85,
            "87": 88,
            "88": 96,
            "89": 100,
            "90": 90,
            "91": 85,
            "92": 86,
            "93": 79,
            "94": 96
          },
          "per_class_update_counts": {
            "60": 58,
            "61": 59,
            "62": 81,
            "63": 30,
            "64": 40,
            "65": 58,
            "66": 77,
            "67": 59,
            "68": 78,
            "69": 85,
            "70": 74,
            "71": 54,
            "72": 31,
            "73": 62,
            "74": 19,
            "75": 72,
            "76": 68,
            "77": 75,
            "78": 74,
            "79": 63,
            "80": 54,
            "81": 69,
            "82": 79,
            "83": 73,
            "84": 60,
            "85": 77,
            "86": 68,
            "87": 70,
            "88": 77,
            "89": 80,
            "90": 72,
            "91": 68,
            "92": 69,
            "93": 63,
            "94": 77
          },
          "per_class_validation_counts": {
            "60": 15,
            "61": 15,
            "62": 20,
            "63": 8,
            "64": 10,
            "65": 14,
            "66": 19,
            "67": 15,
            "68": 20,
            "69": 21,
            "70": 19,
            "71": 14,
            "72": 8,
            "73": 15,
            "74": 5,
            "75": 18,
            "76": 17,
            "77": 19,
            "78": 18,
            "79": 16,
            "80": 14,
            "81": 17,
            "82": 20,
            "83": 18,
            "84": 15,
            "85": 19,
            "86": 17,
            "87": 18,
            "88": 19,
            "89": 20,
            "90": 18,
            "91": 17,
            "92": 17,
            "93": 16,
            "94": 19
          }
        }
      }
    },
    {
      "session": 8,
      "num_seen_classes": 100,
      "baseline_full_acc": 82.96,
      "baseline_base_acc": 88.683,
      "baseline_novel_acc": 74.375,
      "selected_alpha": 0.5,
      "final_full_acc": 85.22,
      "final_base_acc": 88.383,
      "final_novel_acc": 80.475,
      "final_gain": 2.26,
      "updated_class_count": 40,
      "gated_query_count": 3151,
      "gated_base_count": 62,
      "gated_novel_count": 3089,
      "alpha_selection": {
        "mode": "pseudo_validation",
        "fallback_used": false,
        "selected_alpha": 0.5,
        "candidates": [
          {
            "alpha": 0.5,
            "pseudo_val_score": -0.123728,
            "pseudo_val_nll": 0.123728,
            "pseudo_val_agreement": 99.009
          },
          {
            "alpha": 0.75,
            "pseudo_val_score": -0.130303,
            "pseudo_val_nll": 0.130303,
            "pseudo_val_agreement": 98.211
          },
          {
            "alpha": 1.0,
            "pseudo_val_score": -0.140883,
            "pseudo_val_nll": 0.140883,
            "pseudo_val_agreement": 97.165
          }
        ],
        "split": {
          "novel_gated_query_count": 3151,
          "validation_count": 3633,
          "novel_validation_count": 633,
          "base_validation_count": 3000,
          "updated_class_count": 40,
          "per_class_counts": {
            "60": 73,
            "61": 74,
            "62": 101,
            "63": 38,
            "64": 49,
            "65": 72,
            "66": 97,
            "67": 74,
            "68": 98,
            "69": 104,
            "70": 93,
            "71": 68,
            "72": 38,
            "73": 82,
            "74": 24,
            "75": 89,
            "76": 84,
            "77": 94,
            "78": 77,
            "79": 79,
            "80": 69,
            "81": 85,
            "82": 99,
            "83": 91,
            "84": 73,
            "85": 96,
            "86": 85,
            "87": 88,
            "88": 95,
            "89": 100,
            "90": 90,
            "91": 87,
            "92": 86,
            "93": 79,
            "94": 96,
            "95": 54,
            "96": 32,
            "97": 92,
            "98": 43,
            "99": 103
          },
          "per_class_update_counts": {
            "60": 58,
            "61": 59,
            "62": 81,
            "63": 30,
            "64": 39,
            "65": 58,
            "66": 78,
            "67": 59,
            "68": 78,
            "69": 83,
            "70": 74,
            "71": 54,
            "72": 30,
            "73": 66,
            "74": 19,
            "75": 71,
            "76": 67,
            "77": 75,
            "78": 62,
            "79": 63,
            "80": 55,
            "81": 68,
            "82": 79,
            "83": 73,
            "84": 58,
            "85": 77,
            "86": 68,
            "87": 70,
            "88": 76,
            "89": 80,
            "90": 72,
            "91": 70,
            "92": 69,
            "93": 63,
            "94": 77,
            "95": 43,
            "96": 26,
            "97": 74,
            "98": 34,
            "99": 82
          },
          "per_class_validation_counts": {
            "60": 15,
            "61": 15,
            "62": 20,
            "63": 8,
            "64": 10,
            "65": 14,
            "66": 19,
            "67": 15,
            "68": 20,
            "69": 21,
            "70": 19,
            "71": 14,
            "72": 8,
            "73": 16,
            "74": 5,
            "75": 18,
            "76": 17,
            "77": 19,
            "78": 15,
            "79": 16,
            "80": 14,
            "81": 17,
            "82": 20,
            "83": 18,
            "84": 15,
            "85": 19,
            "86": 17,
            "87": 18,
            "88": 19,
            "89": 20,
            "90": 18,
            "91": 17,
            "92": 17,
            "93": 16,
            "94": 19,
            "95": 11,
            "96": 6,
            "97": 18,
            "98": 9,
            "99": 21
          }
        }
      }
    }
  ]
}
