/media/ndag/newVolume/BiMC-test/models/clip/clip.py:23: UserWarning: PyTorch version 1.7.1 or higher is recommended
  warnings.warn("PyTorch version 1.7.1 or higher is recommended")
manual seed: 13
use gpu: ['0']
Loading CLIP (backbone: ViT-B/16)
Prompt template:['a photo of a {}.']
Loading DinoV2 ViT-B/14 from local hub: /home/ndag/.cache/torch/hub/facebookresearch_dinov2_main
/home/ndag/.cache/torch/hub/facebookresearch_dinov2_main/dinov2/layers/swiglu_ffn.py:51: UserWarning: xFormers is not available (SwiGLU)
  warnings.warn("xFormers is not available (SwiGLU)")
/home/ndag/.cache/torch/hub/facebookresearch_dinov2_main/dinov2/layers/attention.py:36: UserWarning: xFormers is not available (Attention)
  warnings.warn("xFormers is not available (Attention)")
/home/ndag/.cache/torch/hub/facebookresearch_dinov2_main/dinov2/layers/block.py:40: UserWarning: xFormers is not available (Block)
  warnings.warn("xFormers is not available (Block)")
Loading DinoV2 weights: /home/ndag/.cache/torch/hub/checkpoints/dinov2_vitb14_pretrain.pth
class names: ['house finch' 'robin' 'triceratops' 'green mamba' 'harvestman' 'toucan'
 'goose' 'jellyfish' 'nematode' 'king crab' 'dugong' 'Walker hound'
 'Ibizan hound' 'Saluki' 'golden retriever' 'Gordon setter' 'komondor'
 'boxer' 'Tibetan mastiff' 'French bulldog' 'malamute' 'dalmatian'
 'Newfoundland' 'miniature poodle' 'white wolf' 'African hunting dog'
 'Arctic fox' 'lion' 'meerkat' 'ladybug' 'rhinoceros beetle' 'ant'
 'black-footed ferret' 'three-toed sloth' 'rock beauty' 'aircraft carrier'
 'ashcan' 'barrel' 'beer bottle' 'bookshop' 'cannon' 'carousel' 'carton'
 'catamaran' 'chime' 'clog' 'cocktail shaker' 'combination lock' 'crate'
 'cuirass' 'dishrag' 'dome' 'electric guitar' 'file' 'fire screen'
 'frying pan' 'garbage truck' 'hair slide' 'holster' 'horizontal bar']
all targets:tensor([ 0,  1,  2,  3,  4,  5,  6,  7,  8,  9, 10, 11, 12, 13, 14, 15, 16, 17,
        18, 19, 20, 21, 22, 23, 24, 25, 26, 27, 28, 29, 30, 31, 32, 33, 34, 35,
        36, 37, 38, 39, 40, 41, 42, 43, 44, 45, 46, 47, 48, 49, 50, 51, 52, 53,
        54, 55, 56, 57, 58, 59], device='cuda:0')
dino all targets:tensor([ 0,  1,  2,  3,  4,  5,  6,  7,  8,  9, 10, 11, 12, 13, 14, 15, 16, 17,
        18, 19, 20, 21, 22, 23, 24, 25, 26, 27, 28, 29, 30, 31, 32, 33, 34, 35,
        36, 37, 38, 39, 40, 41, 42, 43, 44, 45, 46, 47, 48, 49, 50, 51, 52, 53,
        54, 55, 56, 57, 58, 59], device='cuda:0')
finish loading CLIP/DinoV2 covariance
class names: ['hourglass' 'iPod' 'lipstick' 'miniskirt' 'missile']
all targets:tensor([60, 61, 62, 63, 64], device='cuda:0')
dino all targets:tensor([60, 61, 62, 63, 64], device='cuda:0')
finish loading CLIP/DinoV2 covariance
class names: ['mixing bowl' 'oboe' 'organ' 'parallel bars' 'pencil box']
all targets:tensor([65, 66, 67, 68, 69], device='cuda:0')
dino all targets:tensor([65, 66, 67, 68, 69], device='cuda:0')
finish loading CLIP/DinoV2 covariance
class names: ['photocopier' 'poncho' 'prayer rug' 'reel' 'school bus']
all targets:tensor([70, 71, 72, 73, 74], device='cuda:0')
dino all targets:tensor([70, 71, 72, 73, 74], device='cuda:0')
finish loading CLIP/DinoV2 covariance
class names: ['scoreboard' 'slot' 'snorkel' 'solar dish' 'spider web']
all targets:tensor([75, 76, 77, 78, 79], device='cuda:0')
dino all targets:tensor([75, 76, 77, 78, 79], device='cuda:0')
finish loading CLIP/DinoV2 covariance
class names: ['stage' 'tank' 'theater curtain' 'tile roof' 'tobacco shop']
all targets:tensor([80, 81, 82, 83, 84], device='cuda:0')
dino all targets:tensor([80, 81, 82, 83, 84], device='cuda:0')
finish loading CLIP/DinoV2 covariance
class names: ['unicycle' 'upright' 'vase' 'wok' 'worm fence']
all targets:tensor([85, 86, 87, 88, 89], device='cuda:0')
dino all targets:tensor([85, 86, 87, 88, 89], device='cuda:0')
finish loading CLIP/DinoV2 covariance
class names: ['yawl' 'street sign' 'consomme' 'trifle' 'hotdog']
all targets:tensor([90, 91, 92, 93, 94], device='cuda:0')
dino all targets:tensor([90, 91, 92, 93, 94], device='cuda:0')
finish loading CLIP/DinoV2 covariance
class names: ['orange' 'cliff' 'coral reef' 'bolete' 'ear']
all targets:tensor([95, 96, 97, 98, 99], device='cuda:0')
dino all targets:tensor([95, 96, 97, 98, 99], device='cuda:0')
finish loading CLIP/DinoV2 covariance
session 0: baseline=97.100 final=97.100 gain=0.000
session 1: baseline=96.985 final=97.046 gain=0.062
session 2: baseline=95.457 final=95.414 gain=-0.043
session 3: baseline=95.320 final=95.347 gain=0.027
session 4: baseline=95.288 final=95.338 gain=0.050
session 5: baseline=94.953 final=95.094 gain=0.141
session 6: baseline=93.878 final=94.344 gain=0.467
session 7: baseline=93.674 final=94.158 gain=0.484
session 8: baseline=93.600 final=94.010 gain=0.410
{
  "dataset": "miniimagenet",
  "seed": 13,
  "train_cfg": "experiments/bmvc_1256_20260508-124032/generated_configs/bimc_dino_fusion.yaml",
  "method": "sessionwise conservative query prototype refinement on bimc_dino_fusion with pseudo-validation alpha selection",
  "runtime_sec": 449.288,
  "alpha_grid": [
    0.5,
    0.75,
    1.0
  ],
  "alpha_selection": "pseudo_validation_no_test_labels",
  "mass_thr": 0.3,
  "min_count": 5,
  "val_fraction": 0.2,
  "base_val_conf_thr": 0.5,
  "base_val_max_per_class": 50,
  "fallback_alpha": 0.75,
  "topk_per_class": null,
  "baseline_acc_list": [
    97.1,
    96.985,
    95.457,
    95.32,
    95.288,
    94.953,
    93.878,
    93.674,
    93.6
  ],
  "final_acc_list": [
    97.1,
    97.046,
    95.414,
    95.347,
    95.338,
    95.094,
    94.344,
    94.158,
    94.01
  ],
  "gain_list": [
    0.0,
    0.062,
    -0.043,
    0.027,
    0.05,
    0.141,
    0.467,
    0.484,
    0.41
  ],
  "baseline_avg": 95.139,
  "baseline_pd": 3.5,
  "final_avg": 95.317,
  "final_pd": 3.09,
  "gain_avg": 0.178,
  "session_results": [
    {
      "session": 0,
      "num_seen_classes": 60,
      "baseline_full_acc": 97.1,
      "baseline_base_acc": 97.1,
      "baseline_novel_acc": 0.0,
      "best_alpha": null,
      "final_full_acc": 97.1,
      "final_base_acc": 97.1,
      "final_novel_acc": 0.0,
      "final_gain": 0.0,
      "updated_class_count": 0,
      "gated_query_count": 0,
      "alpha_selection": {
        "mode": "not_applicable_base_session",
        "selected_alpha": null
      }
    },
    {
      "session": 1,
      "num_seen_classes": 65,
      "baseline_full_acc": 96.985,
      "baseline_base_acc": 97.05,
      "baseline_novel_acc": 96.2,
      "selected_alpha": 0.5,
      "final_full_acc": 97.046,
      "final_base_acc": 97.033,
      "final_novel_acc": 97.2,
      "final_gain": 0.062,
      "updated_class_count": 5,
      "gated_query_count": 488,
      "gated_base_count": 4,
      "gated_novel_count": 484,
      "alpha_selection": {
        "mode": "pseudo_validation",
        "fallback_used": false,
        "selected_alpha": 0.5,
        "candidates": [
          {
            "alpha": 0.5,
            "pseudo_val_score": -0.017513,
            "pseudo_val_nll": 0.017513,
            "pseudo_val_agreement": 99.968
          },
          {
            "alpha": 0.75,
            "pseudo_val_score": -0.018079,
            "pseudo_val_nll": 0.018079,
            "pseudo_val_agreement": 99.968
          },
          {
            "alpha": 1.0,
            "pseudo_val_score": -0.019103,
            "pseudo_val_nll": 0.019103,
            "pseudo_val_agreement": 99.871
          }
        ],
        "split": {
          "novel_gated_query_count": 488,
          "validation_count": 3098,
          "novel_validation_count": 98,
          "base_validation_count": 3000,
          "updated_class_count": 5,
          "per_class_counts": {
            "60": 99,
            "61": 99,
            "62": 100,
            "63": 94,
            "64": 96
          },
          "per_class_update_counts": {
            "60": 79,
            "61": 79,
            "62": 80,
            "63": 75,
            "64": 77
          },
          "per_class_validation_counts": {
            "60": 20,
            "61": 20,
            "62": 20,
            "63": 19,
            "64": 19
          }
        }
      }
    },
    {
      "session": 2,
      "num_seen_classes": 70,
      "baseline_full_acc": 95.457,
      "baseline_base_acc": 96.7,
      "baseline_novel_acc": 88.0,
      "selected_alpha": 0.5,
      "final_full_acc": 95.414,
      "final_base_acc": 96.4,
      "final_novel_acc": 89.5,
      "final_gain": -0.043,
      "updated_class_count": 10,
      "gated_query_count": 904,
      "gated_base_count": 21,
      "gated_novel_count": 883,
      "alpha_selection": {
        "mode": "pseudo_validation",
        "fallback_used": false,
        "selected_alpha": 0.5,
        "candidates": [
          {
            "alpha": 0.5,
            "pseudo_val_score": -0.033163,
            "pseudo_val_nll": 0.033163,
            "pseudo_val_agreement": 99.906
          },
          {
            "alpha": 0.75,
            "pseudo_val_score": -0.034216,
            "pseudo_val_nll": 0.034216,
            "pseudo_val_agreement": 99.811
          },
          {
            "alpha": 1.0,
            "pseudo_val_score": -0.036267,
            "pseudo_val_nll": 0.036267,
            "pseudo_val_agreement": 99.654
          }
        ],
        "split": {
          "novel_gated_query_count": 904,
          "validation_count": 3181,
          "novel_validation_count": 181,
          "base_validation_count": 3000,
          "updated_class_count": 10,
          "per_class_counts": {
            "60": 99,
            "61": 99,
            "62": 100,
            "63": 94,
            "64": 96,
            "65": 84,
            "66": 100,
            "67": 102,
            "68": 40,
            "69": 90
          },
          "per_class_update_counts": {
            "60": 79,
            "61": 79,
            "62": 80,
            "63": 75,
            "64": 77,
            "65": 67,
            "66": 80,
            "67": 82,
            "68": 32,
            "69": 72
          },
          "per_class_validation_counts": {
            "60": 20,
            "61": 20,
            "62": 20,
            "63": 19,
            "64": 19,
            "65": 17,
            "66": 20,
            "67": 20,
            "68": 8,
            "69": 18
          }
        }
      }
    },
    {
      "session": 3,
      "num_seen_classes": 75,
      "baseline_full_acc": 95.32,
      "baseline_base_acc": 96.633,
      "baseline_novel_acc": 90.067,
      "selected_alpha": 0.5,
      "final_full_acc": 95.347,
      "final_base_acc": 96.317,
      "final_novel_acc": 91.467,
      "final_gain": 0.027,
      "updated_class_count": 15,
      "gated_query_count": 1380,
      "gated_base_count": 24,
      "gated_novel_count": 1356,
      "alpha_selection": {
        "mode": "pseudo_validation",
        "fallback_used": false,
        "selected_alpha": 0.5,
        "candidates": [
          {
            "alpha": 0.5,
            "pseudo_val_score": -0.048204,
            "pseudo_val_nll": 0.048204,
            "pseudo_val_agreement": 99.878
          },
          {
            "alpha": 0.75,
            "pseudo_val_score": -0.04927,
            "pseudo_val_nll": 0.04927,
            "pseudo_val_agreement": 99.756
          },
          {
            "alpha": 1.0,
            "pseudo_val_score": -0.05145,
            "pseudo_val_nll": 0.05145,
            "pseudo_val_agreement": 99.603
          }
        ],
        "split": {
          "novel_gated_query_count": 1380,
          "validation_count": 3277,
          "novel_validation_count": 277,
          "base_validation_count": 3000,
          "updated_class_count": 15,
          "per_class_counts": {
            "60": 99,
            "61": 99,
            "62": 100,
            "63": 93,
            "64": 96,
            "65": 84,
            "66": 100,
            "67": 102,
            "68": 40,
            "69": 90,
            "70": 98,
            "71": 84,
            "72": 97,
            "73": 99,
            "74": 99
          },
          "per_class_update_counts": {
            "60": 79,
            "61": 79,
            "62": 80,
            "63": 74,
            "64": 77,
            "65": 67,
            "66": 80,
            "67": 82,
            "68": 32,
            "69": 72,
            "70": 78,
            "71": 67,
            "72": 78,
            "73": 79,
            "74": 79
          },
          "per_class_validation_counts": {
            "60": 20,
            "61": 20,
            "62": 20,
            "63": 19,
            "64": 19,
            "65": 17,
            "66": 20,
            "67": 20,
            "68": 8,
            "69": 18,
            "70": 20,
            "71": 17,
            "72": 19,
            "73": 20,
            "74": 20
          }
        }
      }
    },
    {
      "session": 4,
      "num_seen_classes": 80,
      "baseline_full_acc": 95.288,
      "baseline_base_acc": 96.517,
      "baseline_novel_acc": 91.6,
      "selected_alpha": 0.5,
      "final_full_acc": 95.338,
      "final_base_acc": 96.15,
      "final_novel_acc": 92.9,
      "final_gain": 0.05,
      "updated_class_count": 20,
      "gated_query_count": 1868,
      "gated_base_count": 29,
      "gated_novel_count": 1839,
      "alpha_selection": {
        "mode": "pseudo_validation",
        "fallback_used": false,
        "selected_alpha": 0.5,
        "candidates": [
          {
            "alpha": 0.5,
            "pseudo_val_score": -0.061681,
            "pseudo_val_nll": 0.061681,
            "pseudo_val_agreement": 99.881
          },
          {
            "alpha": 0.75,
            "pseudo_val_score": -0.062946,
            "pseudo_val_nll": 0.062946,
            "pseudo_val_agreement": 99.763
          },
          {
            "alpha": 1.0,
            "pseudo_val_score": -0.065279,
            "pseudo_val_nll": 0.065279,
            "pseudo_val_agreement": 99.585
          }
        ],
        "split": {
          "novel_gated_query_count": 1868,
          "validation_count": 3375,
          "novel_validation_count": 375,
          "base_validation_count": 3000,
          "updated_class_count": 20,
          "per_class_counts": {
            "60": 99,
            "61": 99,
            "62": 100,
            "63": 93,
            "64": 96,
            "65": 84,
            "66": 99,
            "67": 101,
            "68": 40,
            "69": 90,
            "70": 98,
            "71": 83,
            "72": 97,
            "73": 99,
            "74": 99,
            "75": 101,
            "76": 98,
            "77": 97,
            "78": 95,
            "79": 100
          },
          "per_class_update_counts": {
            "60": 79,
            "61": 79,
            "62": 80,
            "63": 74,
            "64": 77,
            "65": 67,
            "66": 79,
            "67": 81,
            "68": 32,
            "69": 72,
            "70": 78,
            "71": 66,
            "72": 78,
            "73": 79,
            "74": 79,
            "75": 81,
            "76": 78,
            "77": 78,
            "78": 76,
            "79": 80
          },
          "per_class_validation_counts": {
            "60": 20,
            "61": 20,
            "62": 20,
            "63": 19,
            "64": 19,
            "65": 17,
            "66": 20,
            "67": 20,
            "68": 8,
            "69": 18,
            "70": 20,
            "71": 17,
            "72": 19,
            "73": 20,
            "74": 20,
            "75": 20,
            "76": 20,
            "77": 19,
            "78": 19,
            "79": 20
          }
        }
      }
    },
    {
      "session": 5,
      "num_seen_classes": 85,
      "baseline_full_acc": 94.953,
      "baseline_base_acc": 96.317,
      "baseline_novel_acc": 91.68,
      "selected_alpha": 0.5,
      "final_full_acc": 95.094,
      "final_base_acc": 95.917,
      "final_novel_acc": 93.12,
      "final_gain": 0.141,
      "updated_class_count": 25,
      "gated_query_count": 2359,
      "gated_base_count": 39,
      "gated_novel_count": 2320,
      "alpha_selection": {
        "mode": "pseudo_validation",
        "fallback_used": false,
        "selected_alpha": 0.5,
        "candidates": [
          {
            "alpha": 0.5,
            "pseudo_val_score": -0.078494,
            "pseudo_val_nll": 0.078494,
            "pseudo_val_agreement": 99.654
          },
          {
            "alpha": 0.75,
            "pseudo_val_score": -0.081205,
            "pseudo_val_nll": 0.081205,
            "pseudo_val_agreement": 99.51
          },
          {
            "alpha": 1.0,
            "pseudo_val_score": -0.085135,
            "pseudo_val_nll": 0.085135,
            "pseudo_val_agreement": 99.251
          }
        ],
        "split": {
          "novel_gated_query_count": 2359,
          "validation_count": 3472,
          "novel_validation_count": 472,
          "base_validation_count": 3000,
          "updated_class_count": 25,
          "per_class_counts": {
            "60": 99,
            "61": 98,
            "62": 100,
            "63": 93,
            "64": 95,
            "65": 82,
            "66": 101,
            "67": 101,
            "68": 41,
            "69": 91,
            "70": 98,
            "71": 83,
            "72": 97,
            "73": 100,
            "74": 99,
            "75": 101,
            "76": 98,
            "77": 97,
            "78": 95,
            "79": 100,
            "80": 102,
            "81": 103,
            "82": 96,
            "83": 98,
            "84": 91
          },
          "per_class_update_counts": {
            "60": 79,
            "61": 78,
            "62": 80,
            "63": 74,
            "64": 76,
            "65": 66,
            "66": 81,
            "67": 81,
            "68": 33,
            "69": 73,
            "70": 78,
            "71": 66,
            "72": 78,
            "73": 80,
            "74": 79,
            "75": 81,
            "76": 78,
            "77": 78,
            "78": 76,
            "79": 80,
            "80": 82,
            "81": 82,
            "82": 77,
            "83": 78,
            "84": 73
          },
          "per_class_validation_counts": {
            "60": 20,
            "61": 20,
            "62": 20,
            "63": 19,
            "64": 19,
            "65": 16,
            "66": 20,
            "67": 20,
            "68": 8,
            "69": 18,
            "70": 20,
            "71": 17,
            "72": 19,
            "73": 20,
            "74": 20,
            "75": 20,
            "76": 20,
            "77": 19,
            "78": 19,
            "79": 20,
            "80": 20,
            "81": 21,
            "82": 19,
            "83": 20,
            "84": 18
          }
        }
      }
    },
    {
      "session": 6,
      "num_seen_classes": 90,
      "baseline_full_acc": 93.878,
      "baseline_base_acc": 96.167,
      "baseline_novel_acc": 89.3,
      "selected_alpha": 0.5,
      "final_full_acc": 94.344,
      "final_base_acc": 95.75,
      "final_novel_acc": 91.533,
      "final_gain": 0.467,
      "updated_class_count": 30,
      "gated_query_count": 2771,
      "gated_base_count": 47,
      "gated_novel_count": 2724,
      "alpha_selection": {
        "mode": "pseudo_validation",
        "fallback_used": false,
        "selected_alpha": 0.5,
        "candidates": [
          {
            "alpha": 0.5,
            "pseudo_val_score": -0.09409,
            "pseudo_val_nll": 0.09409,
            "pseudo_val_agreement": 99.465
          },
          {
            "alpha": 0.75,
            "pseudo_val_score": -0.097691,
            "pseudo_val_nll": 0.097691,
            "pseudo_val_agreement": 99.268
          },
          {
            "alpha": 1.0,
            "pseudo_val_score": -0.102322,
            "pseudo_val_nll": 0.102322,
            "pseudo_val_agreement": 98.93
          }
        ],
        "split": {
          "novel_gated_query_count": 2771,
          "validation_count": 3553,
          "novel_validation_count": 553,
          "base_validation_count": 3000,
          "updated_class_count": 30,
          "per_class_counts": {
            "60": 100,
            "61": 98,
            "62": 100,
            "63": 92,
            "64": 95,
            "65": 81,
            "66": 101,
            "67": 92,
            "68": 41,
            "69": 90,
            "70": 98,
            "71": 83,
            "72": 97,
            "73": 100,
            "74": 99,
            "75": 101,
            "76": 98,
            "77": 97,
            "78": 95,
            "79": 100,
            "80": 104,
            "81": 103,
            "82": 97,
            "83": 97,
            "84": 90,
            "85": 98,
            "86": 106,
            "87": 97,
            "88": 24,
            "89": 97
          },
          "per_class_update_counts": {
            "60": 80,
            "61": 78,
            "62": 80,
            "63": 74,
            "64": 76,
            "65": 65,
            "66": 81,
            "67": 74,
            "68": 33,
            "69": 72,
            "70": 78,
            "71": 66,
            "72": 78,
            "73": 80,
            "74": 79,
            "75": 81,
            "76": 78,
            "77": 78,
            "78": 76,
            "79": 80,
            "80": 83,
            "81": 82,
            "82": 78,
            "83": 78,
            "84": 72,
            "85": 78,
            "86": 85,
            "87": 78,
            "88": 19,
            "89": 78
          },
          "per_class_validation_counts": {
            "60": 20,
            "61": 20,
            "62": 20,
            "63": 18,
            "64": 19,
            "65": 16,
            "66": 20,
            "67": 18,
            "68": 8,
            "69": 18,
            "70": 20,
            "71": 17,
            "72": 19,
            "73": 20,
            "74": 20,
            "75": 20,
            "76": 20,
            "77": 19,
            "78": 19,
            "79": 20,
            "80": 21,
            "81": 21,
            "82": 19,
            "83": 19,
            "84": 18,
            "85": 20,
            "86": 21,
            "87": 19,
            "88": 5,
            "89": 19
          }
        }
      }
    },
    {
      "session": 7,
      "num_seen_classes": 95,
      "baseline_full_acc": 93.674,
      "baseline_base_acc": 96.0,
      "baseline_novel_acc": 89.686,
      "selected_alpha": 0.5,
      "final_full_acc": 94.158,
      "final_base_acc": 95.633,
      "final_novel_acc": 91.629,
      "final_gain": 0.484,
      "updated_class_count": 35,
      "gated_query_count": 3257,
      "gated_base_count": 54,
      "gated_novel_count": 3203,
      "alpha_selection": {
        "mode": "pseudo_validation",
        "fallback_used": false,
        "selected_alpha": 0.5,
        "candidates": [
          {
            "alpha": 0.5,
            "pseudo_val_score": -0.106092,
            "pseudo_val_nll": 0.106092,
            "pseudo_val_agreement": 99.452
          },
          {
            "alpha": 0.75,
            "pseudo_val_score": -0.110417,
            "pseudo_val_nll": 0.110417,
            "pseudo_val_agreement": 99.179
          },
          {
            "alpha": 1.0,
            "pseudo_val_score": -0.116137,
            "pseudo_val_nll": 0.116137,
            "pseudo_val_agreement": 98.823
          }
        ],
        "split": {
          "novel_gated_query_count": 3257,
          "validation_count": 3652,
          "novel_validation_count": 652,
          "base_validation_count": 3000,
          "updated_class_count": 35,
          "per_class_counts": {
            "60": 99,
            "61": 98,
            "62": 100,
            "63": 92,
            "64": 95,
            "65": 76,
            "66": 100,
            "67": 92,
            "68": 41,
            "69": 91,
            "70": 98,
            "71": 83,
            "72": 97,
            "73": 99,
            "74": 99,
            "75": 100,
            "76": 98,
            "77": 97,
            "78": 94,
            "79": 100,
            "80": 104,
            "81": 103,
            "82": 96,
            "83": 97,
            "84": 91,
            "85": 98,
            "86": 106,
            "87": 97,
            "88": 20,
            "89": 98,
            "90": 83,
            "91": 100,
            "92": 109,
            "93": 106,
            "94": 100
          },
          "per_class_update_counts": {
            "60": 79,
            "61": 78,
            "62": 80,
            "63": 74,
            "64": 76,
            "65": 61,
            "66": 80,
            "67": 74,
            "68": 33,
            "69": 73,
            "70": 78,
            "71": 66,
            "72": 78,
            "73": 79,
            "74": 79,
            "75": 80,
            "76": 78,
            "77": 78,
            "78": 75,
            "79": 80,
            "80": 83,
            "81": 82,
            "82": 77,
            "83": 78,
            "84": 73,
            "85": 78,
            "86": 85,
            "87": 78,
            "88": 16,
            "89": 78,
            "90": 66,
            "91": 80,
            "92": 87,
            "93": 85,
            "94": 80
          },
          "per_class_validation_counts": {
            "60": 20,
            "61": 20,
            "62": 20,
            "63": 18,
            "64": 19,
            "65": 15,
            "66": 20,
            "67": 18,
            "68": 8,
            "69": 18,
            "70": 20,
            "71": 17,
            "72": 19,
            "73": 20,
            "74": 20,
            "75": 20,
            "76": 20,
            "77": 19,
            "78": 19,
            "79": 20,
            "80": 21,
            "81": 21,
            "82": 19,
            "83": 19,
            "84": 18,
            "85": 20,
            "86": 21,
            "87": 19,
            "88": 4,
            "89": 20,
            "90": 17,
            "91": 20,
            "92": 22,
            "93": 21,
            "94": 20
          }
        }
      }
    },
    {
      "session": 8,
      "num_seen_classes": 100,
      "baseline_full_acc": 93.6,
      "baseline_base_acc": 95.9,
      "baseline_novel_acc": 90.15,
      "selected_alpha": 0.5,
      "final_full_acc": 94.01,
      "final_base_acc": 95.517,
      "final_novel_acc": 91.75,
      "final_gain": 0.41,
      "updated_class_count": 40,
      "gated_query_count": 3746,
      "gated_base_count": 64,
      "gated_novel_count": 3682,
      "alpha_selection": {
        "mode": "pseudo_validation",
        "fallback_used": false,
        "selected_alpha": 0.5,
        "candidates": [
          {
            "alpha": 0.5,
            "pseudo_val_score": -0.120135,
            "pseudo_val_nll": 0.120135,
            "pseudo_val_agreement": 99.333
          },
          {
            "alpha": 0.75,
            "pseudo_val_score": -0.125347,
            "pseudo_val_nll": 0.125347,
            "pseudo_val_agreement": 99.066
          },
          {
            "alpha": 1.0,
            "pseudo_val_score": -0.132309,
            "pseudo_val_nll": 0.132309,
            "pseudo_val_agreement": 98.586
          }
        ],
        "split": {
          "novel_gated_query_count": 3746,
          "validation_count": 3749,
          "novel_validation_count": 749,
          "base_validation_count": 3000,
          "updated_class_count": 40,
          "per_class_counts": {
            "60": 99,
            "61": 98,
            "62": 100,
            "63": 92,
            "64": 95,
            "65": 76,
            "66": 100,
            "67": 92,
            "68": 42,
            "69": 91,
            "70": 98,
            "71": 83,
            "72": 97,
            "73": 99,
            "74": 99,
            "75": 100,
            "76": 98,
            "77": 93,
            "78": 94,
            "79": 101,
            "80": 104,
            "81": 103,
            "82": 96,
            "83": 98,
            "84": 93,
            "85": 97,
            "86": 106,
            "87": 97,
            "88": 19,
            "89": 97,
            "90": 83,
            "91": 101,
            "92": 109,
            "93": 107,
            "94": 104,
            "95": 97,
            "96": 97,
            "97": 95,
            "98": 99,
            "99": 97
          },
          "per_class_update_counts": {
            "60": 79,
            "61": 78,
            "62": 80,
            "63": 74,
            "64": 76,
            "65": 61,
            "66": 80,
            "67": 74,
            "68": 34,
            "69": 73,
            "70": 78,
            "71": 66,
            "72": 78,
            "73": 79,
            "74": 79,
            "75": 80,
            "76": 78,
            "77": 74,
            "78": 75,
            "79": 81,
            "80": 83,
            "81": 82,
            "82": 77,
            "83": 78,
            "84": 74,
            "85": 78,
            "86": 85,
            "87": 78,
            "88": 15,
            "89": 78,
            "90": 66,
            "91": 81,
            "92": 87,
            "93": 86,
            "94": 83,
            "95": 78,
            "96": 78,
            "97": 76,
            "98": 79,
            "99": 78
          },
          "per_class_validation_counts": {
            "60": 20,
            "61": 20,
            "62": 20,
            "63": 18,
            "64": 19,
            "65": 15,
            "66": 20,
            "67": 18,
            "68": 8,
            "69": 18,
            "70": 20,
            "71": 17,
            "72": 19,
            "73": 20,
            "74": 20,
            "75": 20,
            "76": 20,
            "77": 19,
            "78": 19,
            "79": 20,
            "80": 21,
            "81": 21,
            "82": 19,
            "83": 20,
            "84": 19,
            "85": 19,
            "86": 21,
            "87": 19,
            "88": 4,
            "89": 19,
            "90": 17,
            "91": 20,
            "92": 22,
            "93": 21,
            "94": 21,
            "95": 19,
            "96": 19,
            "97": 19,
            "98": 20,
            "99": 19
          }
        }
      }
    }
  ]
}
