/media/ndag/newVolume/BiMC-test/models/clip/clip.py:23: UserWarning: PyTorch version 1.7.1 or higher is recommended
  warnings.warn("PyTorch version 1.7.1 or higher is recommended")
manual seed: 17
use gpu: ['0']
Loading CLIP (backbone: ViT-B/16)
Prompt template:['a photo of a {}.']
Loading DinoV2 ViT-B/14 from local hub: /home/ndag/.cache/torch/hub/facebookresearch_dinov2_main
/home/ndag/.cache/torch/hub/facebookresearch_dinov2_main/dinov2/layers/swiglu_ffn.py:51: UserWarning: xFormers is not available (SwiGLU)
  warnings.warn("xFormers is not available (SwiGLU)")
/home/ndag/.cache/torch/hub/facebookresearch_dinov2_main/dinov2/layers/attention.py:36: UserWarning: xFormers is not available (Attention)
  warnings.warn("xFormers is not available (Attention)")
/home/ndag/.cache/torch/hub/facebookresearch_dinov2_main/dinov2/layers/block.py:40: UserWarning: xFormers is not available (Block)
  warnings.warn("xFormers is not available (Block)")
Loading DinoV2 weights: /home/ndag/.cache/torch/hub/checkpoints/dinov2_vitb14_pretrain.pth
class names: ['Black footed Albatross' 'Laysan Albatross' 'Sooty Albatross'
 'Groove billed Ani' 'Crested Auklet' 'Least Auklet' 'Parakeet Auklet'
 'Rhinoceros Auklet' 'Brewer Blackbird' 'Red winged Blackbird'
 'Rusty Blackbird' 'Yellow headed Blackbird' 'Bobolink' 'Indigo Bunting'
 'Lazuli Bunting' 'Painted Bunting' 'Cardinal' 'Spotted Catbird'
 'Gray Catbird' 'Yellow breasted Chat' 'Eastern Towhee' 'Chuck will Widow'
 'Brandt Cormorant' 'Red faced Cormorant' 'Pelagic Cormorant'
 'Bronzed Cowbird' 'Shiny Cowbird' 'Brown Creeper' 'American Crow'
 'Fish Crow' 'Black billed Cuckoo' 'Mangrove Cuckoo'
 'Yellow billed Cuckoo' 'Gray crowned Rosy Finch' 'Purple Finch'
 'Northern Flicker' 'Acadian Flycatcher' 'Great Crested Flycatcher'
 'Least Flycatcher' 'Olive sided Flycatcher' 'Scissor tailed Flycatcher'
 'Vermilion Flycatcher' 'Yellow bellied Flycatcher' 'Frigatebird'
 'Northern Fulmar' 'Gadwall' 'American Goldfinch' 'European Goldfinch'
 'Boat tailed Grackle' 'Eared Grebe' 'Horned Grebe' 'Pied billed Grebe'
 'Western Grebe' 'Blue Grosbeak' 'Evening Grosbeak' 'Pine Grosbeak'
 'Rose breasted Grosbeak' 'Pigeon Guillemot' 'California Gull'
 'Glaucous winged Gull' 'Heermann Gull' 'Herring Gull' 'Ivory Gull'
 'Ring billed Gull' 'Slaty backed Gull' 'Western Gull' 'Anna Hummingbird'
 'Ruby throated Hummingbird' 'Rufous Hummingbird' 'Green Violetear'
 'Long tailed Jaeger' 'Pomarine Jaeger' 'Blue Jay' 'Florida Jay'
 'Green Jay' 'Dark eyed Junco' 'Tropical Kingbird' 'Gray Kingbird'
 'Belted Kingfisher' 'Green Kingfisher' 'Pied Kingfisher'
 'Ringed Kingfisher' 'White breasted Kingfisher' 'Red legged Kittiwake'
 'Horned Lark' 'Pacific Loon' 'Mallard' 'Western Meadowlark'
 'Hooded Merganser' 'Red breasted Merganser' 'Mockingbird' 'Nighthawk'
 'Clark Nutcracker' 'White breasted Nuthatch' 'Baltimore Oriole'
 'Hooded Oriole' 'Orchard Oriole' 'Scott Oriole' 'Ovenbird'
 'Brown Pelican']
all targets:tensor([ 0,  1,  2,  3,  4,  5,  6,  7,  8,  9, 10, 11, 12, 13, 14, 15, 16, 17,
        18, 19, 20, 21, 22, 23, 24, 25, 26, 27, 28, 29, 30, 31, 32, 33, 34, 35,
        36, 37, 38, 39, 40, 41, 42, 43, 44, 45, 46, 47, 48, 49, 50, 51, 52, 53,
        54, 55, 56, 57, 58, 59, 60, 61, 62, 63, 64, 65, 66, 67, 68, 69, 70, 71,
        72, 73, 74, 75, 76, 77, 78, 79, 80, 81, 82, 83, 84, 85, 86, 87, 88, 89,
        90, 91, 92, 93, 94, 95, 96, 97, 98, 99], device='cuda:0')
dino all targets:tensor([ 0,  1,  2,  3,  4,  5,  6,  7,  8,  9, 10, 11, 12, 13, 14, 15, 16, 17,
        18, 19, 20, 21, 22, 23, 24, 25, 26, 27, 28, 29, 30, 31, 32, 33, 34, 35,
        36, 37, 38, 39, 40, 41, 42, 43, 44, 45, 46, 47, 48, 49, 50, 51, 52, 53,
        54, 55, 56, 57, 58, 59, 60, 61, 62, 63, 64, 65, 66, 67, 68, 69, 70, 71,
        72, 73, 74, 75, 76, 77, 78, 79, 80, 81, 82, 83, 84, 85, 86, 87, 88, 89,
        90, 91, 92, 93, 94, 95, 96, 97, 98, 99], device='cuda:0')
finish loading CLIP/DinoV2 covariance
class names: ['White Pelican' 'Western Wood Pewee' 'Sayornis' 'American Pipit'
 'Whip poor Will' 'Horned Puffin' 'Common Raven' 'White necked Raven'
 'American Redstart' 'Geococcyx']
all targets:tensor([100, 101, 102, 103, 104, 105, 106, 107, 108, 109], device='cuda:0')
dino all targets:tensor([100, 101, 102, 103, 104, 105, 106, 107, 108, 109], device='cuda:0')
finish loading CLIP/DinoV2 covariance
class names: ['Loggerhead Shrike' 'Great Grey Shrike' 'Baird Sparrow'
 'Black throated Sparrow' 'Brewer Sparrow' 'Chipping Sparrow'
 'Clay colored Sparrow' 'House Sparrow' 'Field Sparrow' 'Fox Sparrow']
all targets:tensor([110, 111, 112, 113, 114, 115, 116, 117, 118, 119], device='cuda:0')
dino all targets:tensor([110, 111, 112, 113, 114, 115, 116, 117, 118, 119], device='cuda:0')
finish loading CLIP/DinoV2 covariance
class names: ['Grasshopper Sparrow' 'Harris Sparrow' 'Henslow Sparrow'
 'Le Conte Sparrow' 'Lincoln Sparrow' 'Nelson Sharp tailed Sparrow'
 'Savannah Sparrow' 'Seaside Sparrow' 'Song Sparrow' 'Tree Sparrow']
all targets:tensor([120, 121, 122, 123, 124, 125, 126, 127, 128, 129], device='cuda:0')
dino all targets:tensor([120, 121, 122, 123, 124, 125, 126, 127, 128, 129], device='cuda:0')
finish loading CLIP/DinoV2 covariance
class names: ['Vesper Sparrow' 'White crowned Sparrow' 'White throated Sparrow'
 'Cape Glossy Starling' 'Bank Swallow' 'Barn Swallow' 'Cliff Swallow'
 'Tree Swallow' 'Scarlet Tanager' 'Summer Tanager']
all targets:tensor([130, 131, 132, 133, 134, 135, 136, 137, 138, 139], device='cuda:0')
dino all targets:tensor([130, 131, 132, 133, 134, 135, 136, 137, 138, 139], device='cuda:0')
finish loading CLIP/DinoV2 covariance
class names: ['Artic Tern' 'Black Tern' 'Caspian Tern' 'Common Tern' 'Elegant Tern'
 'Forsters Tern' 'Least Tern' 'Green tailed Towhee' 'Brown Thrasher'
 'Sage Thrasher']
all targets:tensor([140, 141, 142, 143, 144, 145, 146, 147, 148, 149], device='cuda:0')
dino all targets:tensor([140, 141, 142, 143, 144, 145, 146, 147, 148, 149], device='cuda:0')
finish loading CLIP/DinoV2 covariance
class names: ['Black capped Vireo' 'Blue headed Vireo' 'Philadelphia Vireo'
 'Red eyed Vireo' 'Warbling Vireo' 'White eyed Vireo'
 'Yellow throated Vireo' 'Bay breasted Warbler' 'Black and white Warbler'
 'Black throated Blue Warbler']
all targets:tensor([150, 151, 152, 153, 154, 155, 156, 157, 158, 159], device='cuda:0')
dino all targets:tensor([150, 151, 152, 153, 154, 155, 156, 157, 158, 159], device='cuda:0')
finish loading CLIP/DinoV2 covariance
class names: ['Blue winged Warbler' 'Canada Warbler' 'Cape May Warbler'
 'Cerulean Warbler' 'Chestnut sided Warbler' 'Golden winged Warbler'
 'Hooded Warbler' 'Kentucky Warbler' 'Magnolia Warbler' 'Mourning Warbler']
all targets:tensor([160, 161, 162, 163, 164, 165, 166, 167, 168, 169], device='cuda:0')
dino all targets:tensor([160, 161, 162, 163, 164, 165, 166, 167, 168, 169], device='cuda:0')
finish loading CLIP/DinoV2 covariance
class names: ['Myrtle Warbler' 'Nashville Warbler' 'Orange crowned Warbler'
 'Palm Warbler' 'Pine Warbler' 'Prairie Warbler' 'Prothonotary Warbler'
 'Swainson Warbler' 'Tennessee Warbler' 'Wilson Warbler']
all targets:tensor([170, 171, 172, 173, 174, 175, 176, 177, 178, 179], device='cuda:0')
dino all targets:tensor([170, 171, 172, 173, 174, 175, 176, 177, 178, 179], device='cuda:0')
finish loading CLIP/DinoV2 covariance
class names: ['Worm eating Warbler' 'Yellow Warbler' 'Northern Waterthrush'
 'Louisiana Waterthrush' 'Bohemian Waxwing' 'Cedar Waxwing'
 'American Three toed Woodpecker' 'Pileated Woodpecker'
 'Red bellied Woodpecker' 'Red cockaded Woodpecker']
all targets:tensor([180, 181, 182, 183, 184, 185, 186, 187, 188, 189], device='cuda:0')
dino all targets:tensor([180, 181, 182, 183, 184, 185, 186, 187, 188, 189], device='cuda:0')
finish loading CLIP/DinoV2 covariance
class names: ['Red headed Woodpecker' 'Downy Woodpecker' 'Bewick Wren' 'Cactus Wren'
 'Carolina Wren' 'House Wren' 'Marsh Wren' 'Rock Wren' 'Winter Wren'
 'Common Yellowthroat']
all targets:tensor([190, 191, 192, 193, 194, 195, 196, 197, 198, 199], device='cuda:0')
dino all targets:tensor([190, 191, 192, 193, 194, 195, 196, 197, 198, 199], device='cuda:0')
finish loading CLIP/DinoV2 covariance
session 0: baseline=88.163 final=88.163 gain=0.000
session 1: baseline=86.764 final=86.828 gain=0.064
session 2: baseline=86.443 final=86.822 gain=0.379
session 3: baseline=85.408 final=86.132 gain=0.724
session 4: baseline=85.551 final=86.271 gain=0.720
session 5: baseline=84.397 final=85.044 gain=0.647
session 6: baseline=84.764 final=85.457 gain=0.694
session 7: baseline=85.196 final=85.868 gain=0.672
session 8: baseline=84.979 final=85.786 gain=0.807
session 9: baseline=85.475 final=86.240 gain=0.764
session 10: baseline=85.865 final=86.572 gain=0.708
{
  "dataset": "cub200",
  "seed": 17,
  "train_cfg": "experiments/bmvc_1256_20260508-124032/generated_configs/bimc_dino_fusion.yaml",
  "method": "sessionwise conservative query prototype refinement on bimc_dino_fusion with pseudo-validation alpha selection",
  "runtime_sec": 239.41,
  "alpha_grid": [
    0.5,
    0.75,
    1.0
  ],
  "alpha_selection": "pseudo_validation_no_test_labels",
  "mass_thr": 0.3,
  "min_count": 5,
  "val_fraction": 0.2,
  "base_val_conf_thr": 0.5,
  "base_val_max_per_class": 50,
  "fallback_alpha": 0.75,
  "topk_per_class": null,
  "baseline_acc_list": [
    88.163,
    86.764,
    86.443,
    85.408,
    85.551,
    84.397,
    84.764,
    85.196,
    84.979,
    85.475,
    85.865
  ],
  "final_acc_list": [
    88.163,
    86.828,
    86.822,
    86.132,
    86.271,
    85.044,
    85.457,
    85.868,
    85.786,
    86.24,
    86.572
  ],
  "gain_list": [
    0.0,
    0.064,
    0.379,
    0.724,
    0.72,
    0.647,
    0.694,
    0.672,
    0.807,
    0.764,
    0.708
  ],
  "baseline_avg": 85.728,
  "baseline_pd": 2.298,
  "final_avg": 86.289,
  "final_pd": 1.591,
  "gain_avg": 0.562,
  "session_results": [
    {
      "session": 0,
      "num_seen_classes": 100,
      "baseline_full_acc": 88.163,
      "baseline_base_acc": 88.163,
      "baseline_novel_acc": 0.0,
      "best_alpha": null,
      "final_full_acc": 88.163,
      "final_base_acc": 88.163,
      "final_novel_acc": 0.0,
      "final_gain": 0.0,
      "updated_class_count": 0,
      "gated_query_count": 0,
      "alpha_selection": {
        "mode": "not_applicable_base_session",
        "selected_alpha": null
      }
    },
    {
      "session": 1,
      "num_seen_classes": 110,
      "baseline_full_acc": 86.764,
      "baseline_base_acc": 88.163,
      "baseline_novel_acc": 72.401,
      "selected_alpha": 1.0,
      "final_full_acc": 86.828,
      "final_base_acc": 88.094,
      "final_novel_acc": 73.835,
      "final_gain": 0.064,
      "updated_class_count": 9,
      "gated_query_count": 220,
      "gated_base_count": 6,
      "gated_novel_count": 214,
      "alpha_selection": {
        "mode": "pseudo_validation",
        "fallback_used": false,
        "selected_alpha": 1.0,
        "candidates": [
          {
            "alpha": 0.5,
            "pseudo_val_score": -0.084961,
            "pseudo_val_nll": 0.084961,
            "pseudo_val_agreement": 99.72
          },
          {
            "alpha": 0.75,
            "pseudo_val_score": -0.084996,
            "pseudo_val_nll": 0.084996,
            "pseudo_val_agreement": 99.685
          },
          {
            "alpha": 1.0,
            "pseudo_val_score": -0.084384,
            "pseudo_val_nll": 0.084384,
            "pseudo_val_agreement": 99.755
          }
        ],
        "split": {
          "novel_gated_query_count": 220,
          "validation_count": 2858,
          "novel_validation_count": 44,
          "base_validation_count": 2814,
          "updated_class_count": 9,
          "per_class_counts": {
            "100": 19,
            "101": 19,
            "102": 20,
            "103": 30,
            "104": 1,
            "105": 30,
            "106": 21,
            "107": 21,
            "108": 28,
            "109": 31
          },
          "per_class_update_counts": {
            "100": 15,
            "101": 15,
            "102": 16,
            "103": 24,
            "104": 0,
            "105": 24,
            "106": 17,
            "107": 17,
            "108": 22,
            "109": 25
          },
          "per_class_validation_counts": {
            "100": 4,
            "101": 4,
            "102": 4,
            "103": 6,
            "104": 0,
            "105": 6,
            "106": 4,
            "107": 4,
            "108": 6,
            "109": 6
          }
        }
      }
    },
    {
      "session": 2,
      "num_seen_classes": 120,
      "baseline_full_acc": 86.443,
      "baseline_base_acc": 88.268,
      "baseline_novel_acc": 77.208,
      "selected_alpha": 0.5,
      "final_full_acc": 86.822,
      "final_base_acc": 88.128,
      "final_novel_acc": 80.212,
      "final_gain": 0.379,
      "updated_class_count": 19,
      "gated_query_count": 505,
      "gated_base_count": 6,
      "gated_novel_count": 499,
      "alpha_selection": {
        "mode": "pseudo_validation",
        "fallback_used": false,
        "selected_alpha": 0.5,
        "candidates": [
          {
            "alpha": 0.5,
            "pseudo_val_score": -0.098521,
            "pseudo_val_nll": 0.098521,
            "pseudo_val_agreement": 99.073
          },
          {
            "alpha": 0.75,
            "pseudo_val_score": -0.100977,
            "pseudo_val_nll": 0.100977,
            "pseudo_val_agreement": 99.108
          },
          {
            "alpha": 1.0,
            "pseudo_val_score": -0.102773,
            "pseudo_val_nll": 0.102773,
            "pseudo_val_agreement": 99.073
          }
        ],
        "split": {
          "novel_gated_query_count": 505,
          "validation_count": 2914,
          "novel_validation_count": 101,
          "base_validation_count": 2813,
          "updated_class_count": 19,
          "per_class_counts": {
            "100": 19,
            "101": 19,
            "102": 20,
            "103": 29,
            "104": 1,
            "105": 30,
            "106": 21,
            "107": 21,
            "108": 28,
            "109": 31,
            "110": 36,
            "111": 23,
            "112": 25,
            "113": 29,
            "114": 26,
            "115": 26,
            "116": 43,
            "117": 22,
            "118": 26,
            "119": 30
          },
          "per_class_update_counts": {
            "100": 15,
            "101": 15,
            "102": 16,
            "103": 23,
            "104": 0,
            "105": 24,
            "106": 17,
            "107": 17,
            "108": 22,
            "109": 25,
            "110": 29,
            "111": 18,
            "112": 20,
            "113": 23,
            "114": 21,
            "115": 21,
            "116": 34,
            "117": 18,
            "118": 21,
            "119": 24
          },
          "per_class_validation_counts": {
            "100": 4,
            "101": 4,
            "102": 4,
            "103": 6,
            "104": 0,
            "105": 6,
            "106": 4,
            "107": 4,
            "108": 6,
            "109": 6,
            "110": 7,
            "111": 5,
            "112": 5,
            "113": 6,
            "114": 5,
            "115": 5,
            "116": 9,
            "117": 4,
            "118": 5,
            "119": 6
          }
        }
      }
    },
    {
      "session": 3,
      "num_seen_classes": 130,
      "baseline_full_acc": 85.408,
      "baseline_base_acc": 88.128,
      "baseline_novel_acc": 76.389,
      "selected_alpha": 0.5,
      "final_full_acc": 86.132,
      "final_base_acc": 87.954,
      "final_novel_acc": 80.093,
      "final_gain": 0.724,
      "updated_class_count": 29,
      "gated_query_count": 804,
      "gated_base_count": 7,
      "gated_novel_count": 797,
      "alpha_selection": {
        "mode": "pseudo_validation",
        "fallback_used": false,
        "selected_alpha": 0.5,
        "candidates": [
          {
            "alpha": 0.5,
            "pseudo_val_score": -0.118307,
            "pseudo_val_nll": 0.118307,
            "pseudo_val_agreement": 98.253
          },
          {
            "alpha": 0.75,
            "pseudo_val_score": -0.124638,
            "pseudo_val_nll": 0.124638,
            "pseudo_val_agreement": 98.085
          },
          {
            "alpha": 1.0,
            "pseudo_val_score": -0.13164,
            "pseudo_val_nll": 0.13164,
            "pseudo_val_agreement": 98.085
          }
        ],
        "split": {
          "novel_gated_query_count": 804,
          "validation_count": 2977,
          "novel_validation_count": 160,
          "base_validation_count": 2817,
          "updated_class_count": 29,
          "per_class_counts": {
            "100": 19,
            "101": 19,
            "102": 20,
            "103": 29,
            "104": 1,
            "105": 30,
            "106": 21,
            "107": 21,
            "108": 28,
            "109": 30,
            "110": 36,
            "111": 23,
            "112": 22,
            "113": 29,
            "114": 27,
            "115": 17,
            "116": 47,
            "117": 36,
            "118": 27,
            "119": 28,
            "120": 26,
            "121": 28,
            "122": 33,
            "123": 35,
            "124": 30,
            "125": 28,
            "126": 32,
            "127": 22,
            "128": 38,
            "129": 22
          },
          "per_class_update_counts": {
            "100": 15,
            "101": 15,
            "102": 16,
            "103": 23,
            "104": 0,
            "105": 24,
            "106": 17,
            "107": 17,
            "108": 22,
            "109": 24,
            "110": 29,
            "111": 18,
            "112": 18,
            "113": 23,
            "114": 22,
            "115": 14,
            "116": 38,
            "117": 29,
            "118": 22,
            "119": 22,
            "120": 21,
            "121": 22,
            "122": 26,
            "123": 28,
            "124": 24,
            "125": 22,
            "126": 26,
            "127": 18,
            "128": 30,
            "129": 18
          },
          "per_class_validation_counts": {
            "100": 4,
            "101": 4,
            "102": 4,
            "103": 6,
            "104": 0,
            "105": 6,
            "106": 4,
            "107": 4,
            "108": 6,
            "109": 6,
            "110": 7,
            "111": 5,
            "112": 4,
            "113": 6,
            "114": 5,
            "115": 3,
            "116": 9,
            "117": 7,
            "118": 5,
            "119": 6,
            "120": 5,
            "121": 6,
            "122": 7,
            "123": 7,
            "124": 6,
            "125": 6,
            "126": 6,
            "127": 4,
            "128": 8,
            "129": 4
          }
        }
      }
    },
    {
      "session": 4,
      "num_seen_classes": 140,
      "baseline_full_acc": 85.551,
      "baseline_base_acc": 88.094,
      "baseline_novel_acc": 79.296,
      "selected_alpha": 0.5,
      "final_full_acc": 86.271,
      "final_base_acc": 87.954,
      "final_novel_acc": 82.131,
      "final_gain": 0.72,
      "updated_class_count": 39,
      "gated_query_count": 1100,
      "gated_base_count": 8,
      "gated_novel_count": 1092,
      "alpha_selection": {
        "mode": "pseudo_validation",
        "fallback_used": false,
        "selected_alpha": 0.5,
        "candidates": [
          {
            "alpha": 0.5,
            "pseudo_val_score": -0.130637,
            "pseudo_val_nll": 0.130637,
            "pseudo_val_agreement": 97.867
          },
          {
            "alpha": 0.75,
            "pseudo_val_score": -0.138335,
            "pseudo_val_nll": 0.138335,
            "pseudo_val_agreement": 97.67
          },
          {
            "alpha": 1.0,
            "pseudo_val_score": -0.146924,
            "pseudo_val_nll": 0.146924,
            "pseudo_val_agreement": 97.571
          }
        ],
        "split": {
          "novel_gated_query_count": 1100,
          "validation_count": 3047,
          "novel_validation_count": 222,
          "base_validation_count": 2825,
          "updated_class_count": 39,
          "per_class_counts": {
            "100": 19,
            "101": 19,
            "102": 20,
            "103": 29,
            "104": 1,
            "105": 30,
            "106": 21,
            "107": 21,
            "108": 29,
            "109": 30,
            "110": 36,
            "111": 23,
            "112": 20,
            "113": 29,
            "114": 26,
            "115": 15,
            "116": 42,
            "117": 36,
            "118": 28,
            "119": 28,
            "120": 26,
            "121": 28,
            "122": 33,
            "123": 35,
            "124": 28,
            "125": 28,
            "126": 34,
            "127": 22,
            "128": 39,
            "129": 19,
            "130": 32,
            "131": 35,
            "132": 34,
            "133": 31,
            "134": 28,
            "135": 47,
            "136": 13,
            "137": 27,
            "138": 29,
            "139": 30
          },
          "per_class_update_counts": {
            "100": 15,
            "101": 15,
            "102": 16,
            "103": 23,
            "104": 0,
            "105": 24,
            "106": 17,
            "107": 17,
            "108": 23,
            "109": 24,
            "110": 29,
            "111": 18,
            "112": 16,
            "113": 23,
            "114": 21,
            "115": 12,
            "116": 34,
            "117": 29,
            "118": 22,
            "119": 22,
            "120": 21,
            "121": 22,
            "122": 26,
            "123": 28,
            "124": 22,
            "125": 22,
            "126": 27,
            "127": 18,
            "128": 31,
            "129": 15,
            "130": 26,
            "131": 28,
            "132": 27,
            "133": 25,
            "134": 22,
            "135": 38,
            "136": 10,
            "137": 22,
            "138": 23,
            "139": 24
          },
          "per_class_validation_counts": {
            "100": 4,
            "101": 4,
            "102": 4,
            "103": 6,
            "104": 0,
            "105": 6,
            "106": 4,
            "107": 4,
            "108": 6,
            "109": 6,
            "110": 7,
            "111": 5,
            "112": 4,
            "113": 6,
            "114": 5,
            "115": 3,
            "116": 8,
            "117": 7,
            "118": 6,
            "119": 6,
            "120": 5,
            "121": 6,
            "122": 7,
            "123": 7,
            "124": 6,
            "125": 6,
            "126": 7,
            "127": 4,
            "128": 8,
            "129": 4,
            "130": 6,
            "131": 7,
            "132": 7,
            "133": 6,
            "134": 6,
            "135": 9,
            "136": 3,
            "137": 5,
            "138": 6,
            "139": 6
          }
        }
      }
    },
    {
      "session": 5,
      "num_seen_classes": 150,
      "baseline_full_acc": 84.397,
      "baseline_base_acc": 88.059,
      "baseline_novel_acc": 77.223,
      "selected_alpha": 0.5,
      "final_full_acc": 85.044,
      "final_base_acc": 87.919,
      "final_novel_acc": 79.412,
      "final_gain": 0.647,
      "updated_class_count": 49,
      "gated_query_count": 1400,
      "gated_base_count": 11,
      "gated_novel_count": 1389,
      "alpha_selection": {
        "mode": "pseudo_validation",
        "fallback_used": false,
        "selected_alpha": 0.5,
        "candidates": [
          {
            "alpha": 0.5,
            "pseudo_val_score": -0.143125,
            "pseudo_val_nll": 0.143125,
            "pseudo_val_agreement": 97.551
          },
          {
            "alpha": 0.75,
            "pseudo_val_score": -0.153144,
            "pseudo_val_nll": 0.153144,
            "pseudo_val_agreement": 97.228
          },
          {
            "alpha": 1.0,
            "pseudo_val_score": -0.16467,
            "pseudo_val_nll": 0.16467,
            "pseudo_val_agreement": 97.035
          }
        ],
        "split": {
          "novel_gated_query_count": 1400,
          "validation_count": 3103,
          "novel_validation_count": 282,
          "base_validation_count": 2821,
          "updated_class_count": 49,
          "per_class_counts": {
            "100": 19,
            "101": 19,
            "102": 20,
            "103": 30,
            "104": 1,
            "105": 30,
            "106": 21,
            "107": 21,
            "108": 29,
            "109": 30,
            "110": 36,
            "111": 23,
            "112": 20,
            "113": 29,
            "114": 26,
            "115": 15,
            "116": 42,
            "117": 36,
            "118": 28,
            "119": 28,
            "120": 26,
            "121": 28,
            "122": 33,
            "123": 35,
            "124": 28,
            "125": 28,
            "126": 34,
            "127": 22,
            "128": 39,
            "129": 19,
            "130": 32,
            "131": 35,
            "132": 34,
            "133": 31,
            "134": 28,
            "135": 47,
            "136": 13,
            "137": 27,
            "138": 29,
            "139": 30,
            "140": 29,
            "141": 22,
            "142": 29,
            "143": 44,
            "144": 16,
            "145": 24,
            "146": 46,
            "147": 30,
            "148": 30,
            "149": 29
          },
          "per_class_update_counts": {
            "100": 15,
            "101": 15,
            "102": 16,
            "103": 24,
            "104": 0,
            "105": 24,
            "106": 17,
            "107": 17,
            "108": 23,
            "109": 24,
            "110": 29,
            "111": 18,
            "112": 16,
            "113": 23,
            "114": 21,
            "115": 12,
            "116": 34,
            "117": 29,
            "118": 22,
            "119": 22,
            "120": 21,
            "121": 22,
            "122": 26,
            "123": 28,
            "124": 22,
            "125": 22,
            "126": 27,
            "127": 18,
            "128": 31,
            "129": 15,
            "130": 26,
            "131": 28,
            "132": 27,
            "133": 25,
            "134": 22,
            "135": 38,
            "136": 10,
            "137": 22,
            "138": 23,
            "139": 24,
            "140": 23,
            "141": 18,
            "142": 23,
            "143": 35,
            "144": 13,
            "145": 19,
            "146": 37,
            "147": 24,
            "148": 24,
            "149": 23
          },
          "per_class_validation_counts": {
            "100": 4,
            "101": 4,
            "102": 4,
            "103": 6,
            "104": 0,
            "105": 6,
            "106": 4,
            "107": 4,
            "108": 6,
            "109": 6,
            "110": 7,
            "111": 5,
            "112": 4,
            "113": 6,
            "114": 5,
            "115": 3,
            "116": 8,
            "117": 7,
            "118": 6,
            "119": 6,
            "120": 5,
            "121": 6,
            "122": 7,
            "123": 7,
            "124": 6,
            "125": 6,
            "126": 7,
            "127": 4,
            "128": 8,
            "129": 4,
            "130": 6,
            "131": 7,
            "132": 7,
            "133": 6,
            "134": 6,
            "135": 9,
            "136": 3,
            "137": 5,
            "138": 6,
            "139": 6,
            "140": 6,
            "141": 4,
            "142": 6,
            "143": 9,
            "144": 3,
            "145": 5,
            "146": 9,
            "147": 6,
            "148": 6,
            "149": 6
          }
        }
      }
    },
    {
      "session": 6,
      "num_seen_classes": 160,
      "baseline_full_acc": 84.764,
      "baseline_base_acc": 88.094,
      "baseline_novel_acc": 79.314,
      "selected_alpha": 0.5,
      "final_full_acc": 85.457,
      "final_base_acc": 87.954,
      "final_novel_acc": 81.371,
      "final_gain": 0.694,
      "updated_class_count": 59,
      "gated_query_count": 1692,
      "gated_base_count": 15,
      "gated_novel_count": 1677,
      "alpha_selection": {
        "mode": "pseudo_validation",
        "fallback_used": false,
        "selected_alpha": 0.5,
        "candidates": [
          {
            "alpha": 0.5,
            "pseudo_val_score": -0.152871,
            "pseudo_val_nll": 0.152871,
            "pseudo_val_agreement": 97.241
          },
          {
            "alpha": 0.75,
            "pseudo_val_score": -0.165972,
            "pseudo_val_nll": 0.165972,
            "pseudo_val_agreement": 96.765
          },
          {
            "alpha": 1.0,
            "pseudo_val_score": -0.180462,
            "pseudo_val_nll": 0.180462,
            "pseudo_val_agreement": 96.543
          }
        ],
        "split": {
          "novel_gated_query_count": 1692,
          "validation_count": 3153,
          "novel_validation_count": 340,
          "base_validation_count": 2813,
          "updated_class_count": 59,
          "per_class_counts": {
            "100": 19,
            "101": 19,
            "102": 20,
            "103": 30,
            "104": 1,
            "105": 30,
            "106": 21,
            "107": 21,
            "108": 28,
            "109": 30,
            "110": 36,
            "111": 23,
            "112": 20,
            "113": 29,
            "114": 26,
            "115": 15,
            "116": 42,
            "117": 36,
            "118": 28,
            "119": 28,
            "120": 26,
            "121": 28,
            "122": 33,
            "123": 35,
            "124": 28,
            "125": 28,
            "126": 34,
            "127": 22,
            "128": 39,
            "129": 19,
            "130": 32,
            "131": 35,
            "132": 34,
            "133": 31,
            "134": 28,
            "135": 47,
            "136": 13,
            "137": 27,
            "138": 29,
            "139": 30,
            "140": 29,
            "141": 22,
            "142": 29,
            "143": 44,
            "144": 16,
            "145": 24,
            "146": 46,
            "147": 29,
            "148": 30,
            "149": 29,
            "150": 21,
            "151": 28,
            "152": 27,
            "153": 31,
            "154": 36,
            "155": 31,
            "156": 32,
            "157": 28,
            "158": 30,
            "159": 30
          },
          "per_class_update_counts": {
            "100": 15,
            "101": 15,
            "102": 16,
            "103": 24,
            "104": 0,
            "105": 24,
            "106": 17,
            "107": 17,
            "108": 22,
            "109": 24,
            "110": 29,
            "111": 18,
            "112": 16,
            "113": 23,
            "114": 21,
            "115": 12,
            "116": 34,
            "117": 29,
            "118": 22,
            "119": 22,
            "120": 21,
            "121": 22,
            "122": 26,
            "123": 28,
            "124": 22,
            "125": 22,
            "126": 27,
            "127": 18,
            "128": 31,
            "129": 15,
            "130": 26,
            "131": 28,
            "132": 27,
            "133": 25,
            "134": 22,
            "135": 38,
            "136": 10,
            "137": 22,
            "138": 23,
            "139": 24,
            "140": 23,
            "141": 18,
            "142": 23,
            "143": 35,
            "144": 13,
            "145": 19,
            "146": 37,
            "147": 23,
            "148": 24,
            "149": 23,
            "150": 17,
            "151": 22,
            "152": 22,
            "153": 25,
            "154": 29,
            "155": 25,
            "156": 26,
            "157": 22,
            "158": 24,
            "159": 24
          },
          "per_class_validation_counts": {
            "100": 4,
            "101": 4,
            "102": 4,
            "103": 6,
            "104": 0,
            "105": 6,
            "106": 4,
            "107": 4,
            "108": 6,
            "109": 6,
            "110": 7,
            "111": 5,
            "112": 4,
            "113": 6,
            "114": 5,
            "115": 3,
            "116": 8,
            "117": 7,
            "118": 6,
            "119": 6,
            "120": 5,
            "121": 6,
            "122": 7,
            "123": 7,
            "124": 6,
            "125": 6,
            "126": 7,
            "127": 4,
            "128": 8,
            "129": 4,
            "130": 6,
            "131": 7,
            "132": 7,
            "133": 6,
            "134": 6,
            "135": 9,
            "136": 3,
            "137": 5,
            "138": 6,
            "139": 6,
            "140": 6,
            "141": 4,
            "142": 6,
            "143": 9,
            "144": 3,
            "145": 5,
            "146": 9,
            "147": 6,
            "148": 6,
            "149": 6,
            "150": 4,
            "151": 6,
            "152": 5,
            "153": 6,
            "154": 7,
            "155": 6,
            "156": 6,
            "157": 6,
            "158": 6,
            "159": 6
          }
        }
      }
    },
    {
      "session": 7,
      "num_seen_classes": 170,
      "baseline_full_acc": 85.196,
      "baseline_base_acc": 87.989,
      "baseline_novel_acc": 81.29,
      "selected_alpha": 0.5,
      "final_full_acc": 85.868,
      "final_base_acc": 87.814,
      "final_novel_acc": 83.146,
      "final_gain": 0.672,
      "updated_class_count": 69,
      "gated_query_count": 1992,
      "gated_base_count": 18,
      "gated_novel_count": 1974,
      "alpha_selection": {
        "mode": "pseudo_validation",
        "fallback_used": false,
        "selected_alpha": 0.5,
        "candidates": [
          {
            "alpha": 0.5,
            "pseudo_val_score": -0.158339,
            "pseudo_val_nll": 0.158339,
            "pseudo_val_agreement": 97.073
          },
          {
            "alpha": 0.75,
            "pseudo_val_score": -0.172368,
            "pseudo_val_nll": 0.172368,
            "pseudo_val_agreement": 96.638
          },
          {
            "alpha": 1.0,
            "pseudo_val_score": -0.188391,
            "pseudo_val_nll": 0.188391,
            "pseudo_val_agreement": 96.264
          }
        ],
        "split": {
          "novel_gated_query_count": 1992,
          "validation_count": 3212,
          "novel_validation_count": 399,
          "base_validation_count": 2813,
          "updated_class_count": 69,
          "per_class_counts": {
            "100": 19,
            "101": 19,
            "102": 20,
            "103": 30,
            "104": 1,
            "105": 30,
            "106": 21,
            "107": 21,
            "108": 28,
            "109": 30,
            "110": 36,
            "111": 23,
            "112": 20,
            "113": 29,
            "114": 26,
            "115": 15,
            "116": 42,
            "117": 36,
            "118": 28,
            "119": 28,
            "120": 26,
            "121": 28,
            "122": 33,
            "123": 35,
            "124": 28,
            "125": 28,
            "126": 34,
            "127": 22,
            "128": 39,
            "129": 19,
            "130": 32,
            "131": 35,
            "132": 34,
            "133": 31,
            "134": 28,
            "135": 47,
            "136": 13,
            "137": 27,
            "138": 29,
            "139": 30,
            "140": 29,
            "141": 22,
            "142": 29,
            "143": 44,
            "144": 16,
            "145": 24,
            "146": 46,
            "147": 29,
            "148": 30,
            "149": 29,
            "150": 21,
            "151": 27,
            "152": 31,
            "153": 32,
            "154": 35,
            "155": 35,
            "156": 32,
            "157": 28,
            "158": 30,
            "159": 30,
            "160": 35,
            "161": 31,
            "162": 30,
            "163": 29,
            "164": 25,
            "165": 27,
            "166": 28,
            "167": 30,
            "168": 31,
            "169": 27
          },
          "per_class_update_counts": {
            "100": 15,
            "101": 15,
            "102": 16,
            "103": 24,
            "104": 0,
            "105": 24,
            "106": 17,
            "107": 17,
            "108": 22,
            "109": 24,
            "110": 29,
            "111": 18,
            "112": 16,
            "113": 23,
            "114": 21,
            "115": 12,
            "116": 34,
            "117": 29,
            "118": 22,
            "119": 22,
            "120": 21,
            "121": 22,
            "122": 26,
            "123": 28,
            "124": 22,
            "125": 22,
            "126": 27,
            "127": 18,
            "128": 31,
            "129": 15,
            "130": 26,
            "131": 28,
            "132": 27,
            "133": 25,
            "134": 22,
            "135": 38,
            "136": 10,
            "137": 22,
            "138": 23,
            "139": 24,
            "140": 23,
            "141": 18,
            "142": 23,
            "143": 35,
            "144": 13,
            "145": 19,
            "146": 37,
            "147": 23,
            "148": 24,
            "149": 23,
            "150": 17,
            "151": 22,
            "152": 25,
            "153": 26,
            "154": 28,
            "155": 28,
            "156": 26,
            "157": 22,
            "158": 24,
            "159": 24,
            "160": 28,
            "161": 25,
            "162": 24,
            "163": 23,
            "164": 20,
            "165": 22,
            "166": 22,
            "167": 24,
            "168": 25,
            "169": 22
          },
          "per_class_validation_counts": {
            "100": 4,
            "101": 4,
            "102": 4,
            "103": 6,
            "104": 0,
            "105": 6,
            "106": 4,
            "107": 4,
            "108": 6,
            "109": 6,
            "110": 7,
            "111": 5,
            "112": 4,
            "113": 6,
            "114": 5,
            "115": 3,
            "116": 8,
            "117": 7,
            "118": 6,
            "119": 6,
            "120": 5,
            "121": 6,
            "122": 7,
            "123": 7,
            "124": 6,
            "125": 6,
            "126": 7,
            "127": 4,
            "128": 8,
            "129": 4,
            "130": 6,
            "131": 7,
            "132": 7,
            "133": 6,
            "134": 6,
            "135": 9,
            "136": 3,
            "137": 5,
            "138": 6,
            "139": 6,
            "140": 6,
            "141": 4,
            "142": 6,
            "143": 9,
            "144": 3,
            "145": 5,
            "146": 9,
            "147": 6,
            "148": 6,
            "149": 6,
            "150": 4,
            "151": 5,
            "152": 6,
            "153": 6,
            "154": 7,
            "155": 7,
            "156": 6,
            "157": 6,
            "158": 6,
            "159": 6,
            "160": 7,
            "161": 6,
            "162": 6,
            "163": 6,
            "164": 5,
            "165": 5,
            "166": 6,
            "167": 6,
            "168": 6,
            "169": 5
          }
        }
      }
    },
    {
      "session": 8,
      "num_seen_classes": 180,
      "baseline_full_acc": 84.979,
      "baseline_base_acc": 87.884,
      "baseline_novel_acc": 81.426,
      "selected_alpha": 0.5,
      "final_full_acc": 85.786,
      "final_base_acc": 87.744,
      "final_novel_acc": 83.39,
      "final_gain": 0.807,
      "updated_class_count": 79,
      "gated_query_count": 2285,
      "gated_base_count": 18,
      "gated_novel_count": 2267,
      "alpha_selection": {
        "mode": "pseudo_validation",
        "fallback_used": false,
        "selected_alpha": 0.5,
        "candidates": [
          {
            "alpha": 0.5,
            "pseudo_val_score": -0.169454,
            "pseudo_val_nll": 0.169454,
            "pseudo_val_agreement": 96.888
          },
          {
            "alpha": 0.75,
            "pseudo_val_score": -0.185056,
            "pseudo_val_nll": 0.185056,
            "pseudo_val_agreement": 96.37
          },
          {
            "alpha": 1.0,
            "pseudo_val_score": -0.202319,
            "pseudo_val_nll": 0.202319,
            "pseudo_val_agreement": 95.882
          }
        ],
        "split": {
          "novel_gated_query_count": 2285,
          "validation_count": 3278,
          "novel_validation_count": 462,
          "base_validation_count": 2816,
          "updated_class_count": 79,
          "per_class_counts": {
            "100": 19,
            "101": 20,
            "102": 20,
            "103": 30,
            "104": 1,
            "105": 30,
            "106": 21,
            "107": 21,
            "108": 28,
            "109": 30,
            "110": 36,
            "111": 23,
            "112": 20,
            "113": 29,
            "114": 26,
            "115": 15,
            "116": 42,
            "117": 36,
            "118": 28,
            "119": 28,
            "120": 26,
            "121": 28,
            "122": 33,
            "123": 35,
            "124": 28,
            "125": 28,
            "126": 34,
            "127": 23,
            "128": 39,
            "129": 19,
            "130": 32,
            "131": 35,
            "132": 34,
            "133": 31,
            "134": 28,
            "135": 47,
            "136": 13,
            "137": 27,
            "138": 29,
            "139": 30,
            "140": 29,
            "141": 22,
            "142": 29,
            "143": 44,
            "144": 16,
            "145": 24,
            "146": 46,
            "147": 30,
            "148": 30,
            "149": 29,
            "150": 21,
            "151": 28,
            "152": 27,
            "153": 33,
            "154": 38,
            "155": 35,
            "156": 29,
            "157": 28,
            "158": 30,
            "159": 30,
            "160": 30,
            "161": 25,
            "162": 31,
            "163": 29,
            "164": 26,
            "165": 27,
            "166": 20,
            "167": 28,
            "168": 28,
            "169": 26,
            "170": 28,
            "171": 41,
            "172": 36,
            "173": 30,
            "174": 33,
            "175": 30,
            "176": 34,
            "177": 23,
            "178": 23,
            "179": 37
          },
          "per_class_update_counts": {
            "100": 15,
            "101": 16,
            "102": 16,
            "103": 24,
            "104": 0,
            "105": 24,
            "106": 17,
            "107": 17,
            "108": 22,
            "109": 24,
            "110": 29,
            "111": 18,
            "112": 16,
            "113": 23,
            "114": 21,
            "115": 12,
            "116": 34,
            "117": 29,
            "118": 22,
            "119": 22,
            "120": 21,
            "121": 22,
            "122": 26,
            "123": 28,
            "124": 22,
            "125": 22,
            "126": 27,
            "127": 18,
            "128": 31,
            "129": 15,
            "130": 26,
            "131": 28,
            "132": 27,
            "133": 25,
            "134": 22,
            "135": 38,
            "136": 10,
            "137": 22,
            "138": 23,
            "139": 24,
            "140": 23,
            "141": 18,
            "142": 23,
            "143": 35,
            "144": 13,
            "145": 19,
            "146": 37,
            "147": 24,
            "148": 24,
            "149": 23,
            "150": 17,
            "151": 22,
            "152": 22,
            "153": 26,
            "154": 30,
            "155": 28,
            "156": 23,
            "157": 22,
            "158": 24,
            "159": 24,
            "160": 24,
            "161": 20,
            "162": 25,
            "163": 23,
            "164": 21,
            "165": 22,
            "166": 16,
            "167": 22,
            "168": 22,
            "169": 21,
            "170": 22,
            "171": 33,
            "172": 29,
            "173": 24,
            "174": 26,
            "175": 24,
            "176": 27,
            "177": 18,
            "178": 18,
            "179": 30
          },
          "per_class_validation_counts": {
            "100": 4,
            "101": 4,
            "102": 4,
            "103": 6,
            "104": 0,
            "105": 6,
            "106": 4,
            "107": 4,
            "108": 6,
            "109": 6,
            "110": 7,
            "111": 5,
            "112": 4,
            "113": 6,
            "114": 5,
            "115": 3,
            "116": 8,
            "117": 7,
            "118": 6,
            "119": 6,
            "120": 5,
            "121": 6,
            "122": 7,
            "123": 7,
            "124": 6,
            "125": 6,
            "126": 7,
            "127": 5,
            "128": 8,
            "129": 4,
            "130": 6,
            "131": 7,
            "132": 7,
            "133": 6,
            "134": 6,
            "135": 9,
            "136": 3,
            "137": 5,
            "138": 6,
            "139": 6,
            "140": 6,
            "141": 4,
            "142": 6,
            "143": 9,
            "144": 3,
            "145": 5,
            "146": 9,
            "147": 6,
            "148": 6,
            "149": 6,
            "150": 4,
            "151": 6,
            "152": 5,
            "153": 7,
            "154": 8,
            "155": 7,
            "156": 6,
            "157": 6,
            "158": 6,
            "159": 6,
            "160": 6,
            "161": 5,
            "162": 6,
            "163": 6,
            "164": 5,
            "165": 5,
            "166": 4,
            "167": 6,
            "168": 6,
            "169": 5,
            "170": 6,
            "171": 8,
            "172": 7,
            "173": 6,
            "174": 7,
            "175": 6,
            "176": 7,
            "177": 5,
            "178": 5,
            "179": 7
          }
        }
      }
    },
    {
      "session": 9,
      "num_seen_classes": 190,
      "baseline_full_acc": 85.475,
      "baseline_base_acc": 87.919,
      "baseline_novel_acc": 82.814,
      "selected_alpha": 0.5,
      "final_full_acc": 86.24,
      "final_base_acc": 87.779,
      "final_novel_acc": 84.563,
      "final_gain": 0.764,
      "updated_class_count": 89,
      "gated_query_count": 2572,
      "gated_base_count": 18,
      "gated_novel_count": 2554,
      "alpha_selection": {
        "mode": "pseudo_validation",
        "fallback_used": false,
        "selected_alpha": 0.5,
        "candidates": [
          {
            "alpha": 0.5,
            "pseudo_val_score": -0.175159,
            "pseudo_val_nll": 0.175159,
            "pseudo_val_agreement": 96.857
          },
          {
            "alpha": 0.75,
            "pseudo_val_score": -0.190859,
            "pseudo_val_nll": 0.190859,
            "pseudo_val_agreement": 96.259
          },
          {
            "alpha": 1.0,
            "pseudo_val_score": -0.208662,
            "pseudo_val_nll": 0.208662,
            "pseudo_val_agreement": 95.63
          }
        ],
        "split": {
          "novel_gated_query_count": 2572,
          "validation_count": 3341,
          "novel_validation_count": 520,
          "base_validation_count": 2821,
          "updated_class_count": 89,
          "per_class_counts": {
            "100": 19,
            "101": 20,
            "102": 20,
            "103": 30,
            "104": 1,
            "105": 30,
            "106": 21,
            "107": 21,
            "108": 28,
            "109": 30,
            "110": 36,
            "111": 23,
            "112": 20,
            "113": 29,
            "114": 26,
            "115": 15,
            "116": 42,
            "117": 36,
            "118": 28,
            "119": 28,
            "120": 26,
            "121": 28,
            "122": 33,
            "123": 35,
            "124": 28,
            "125": 28,
            "126": 34,
            "127": 23,
            "128": 39,
            "129": 19,
            "130": 32,
            "131": 35,
            "132": 34,
            "133": 31,
            "134": 28,
            "135": 47,
            "136": 13,
            "137": 27,
            "138": 29,
            "139": 30,
            "140": 29,
            "141": 22,
            "142": 29,
            "143": 44,
            "144": 16,
            "145": 24,
            "146": 46,
            "147": 30,
            "148": 30,
            "149": 29,
            "150": 21,
            "151": 28,
            "152": 27,
            "153": 33,
            "154": 38,
            "155": 35,
            "156": 29,
            "157": 28,
            "158": 30,
            "159": 30,
            "160": 30,
            "161": 25,
            "162": 31,
            "163": 29,
            "164": 26,
            "165": 27,
            "166": 20,
            "167": 28,
            "168": 28,
            "169": 26,
            "170": 28,
            "171": 41,
            "172": 37,
            "173": 30,
            "174": 33,
            "175": 30,
            "176": 35,
            "177": 23,
            "178": 23,
            "179": 39,
            "180": 29,
            "181": 26,
            "182": 35,
            "183": 24,
            "184": 31,
            "185": 29,
            "186": 21,
            "187": 30,
            "188": 30,
            "189": 28
          },
          "per_class_update_counts": {
            "100": 15,
            "101": 16,
            "102": 16,
            "103": 24,
            "104": 0,
            "105": 24,
            "106": 17,
            "107": 17,
            "108": 22,
            "109": 24,
            "110": 29,
            "111": 18,
            "112": 16,
            "113": 23,
            "114": 21,
            "115": 12,
            "116": 34,
            "117": 29,
            "118": 22,
            "119": 22,
            "120": 21,
            "121": 22,
            "122": 26,
            "123": 28,
            "124": 22,
            "125": 22,
            "126": 27,
            "127": 18,
            "128": 31,
            "129": 15,
            "130": 26,
            "131": 28,
            "132": 27,
            "133": 25,
            "134": 22,
            "135": 38,
            "136": 10,
            "137": 22,
            "138": 23,
            "139": 24,
            "140": 23,
            "141": 18,
            "142": 23,
            "143": 35,
            "144": 13,
            "145": 19,
            "146": 37,
            "147": 24,
            "148": 24,
            "149": 23,
            "150": 17,
            "151": 22,
            "152": 22,
            "153": 26,
            "154": 30,
            "155": 28,
            "156": 23,
            "157": 22,
            "158": 24,
            "159": 24,
            "160": 24,
            "161": 20,
            "162": 25,
            "163": 23,
            "164": 21,
            "165": 22,
            "166": 16,
            "167": 22,
            "168": 22,
            "169": 21,
            "170": 22,
            "171": 33,
            "172": 30,
            "173": 24,
            "174": 26,
            "175": 24,
            "176": 28,
            "177": 18,
            "178": 18,
            "179": 31,
            "180": 23,
            "181": 21,
            "182": 28,
            "183": 19,
            "184": 25,
            "185": 23,
            "186": 17,
            "187": 24,
            "188": 24,
            "189": 22
          },
          "per_class_validation_counts": {
            "100": 4,
            "101": 4,
            "102": 4,
            "103": 6,
            "104": 0,
            "105": 6,
            "106": 4,
            "107": 4,
            "108": 6,
            "109": 6,
            "110": 7,
            "111": 5,
            "112": 4,
            "113": 6,
            "114": 5,
            "115": 3,
            "116": 8,
            "117": 7,
            "118": 6,
            "119": 6,
            "120": 5,
            "121": 6,
            "122": 7,
            "123": 7,
            "124": 6,
            "125": 6,
            "126": 7,
            "127": 5,
            "128": 8,
            "129": 4,
            "130": 6,
            "131": 7,
            "132": 7,
            "133": 6,
            "134": 6,
            "135": 9,
            "136": 3,
            "137": 5,
            "138": 6,
            "139": 6,
            "140": 6,
            "141": 4,
            "142": 6,
            "143": 9,
            "144": 3,
            "145": 5,
            "146": 9,
            "147": 6,
            "148": 6,
            "149": 6,
            "150": 4,
            "151": 6,
            "152": 5,
            "153": 7,
            "154": 8,
            "155": 7,
            "156": 6,
            "157": 6,
            "158": 6,
            "159": 6,
            "160": 6,
            "161": 5,
            "162": 6,
            "163": 6,
            "164": 5,
            "165": 5,
            "166": 4,
            "167": 6,
            "168": 6,
            "169": 5,
            "170": 6,
            "171": 8,
            "172": 7,
            "173": 6,
            "174": 7,
            "175": 6,
            "176": 7,
            "177": 5,
            "178": 5,
            "179": 8,
            "180": 6,
            "181": 5,
            "182": 7,
            "183": 5,
            "184": 6,
            "185": 6,
            "186": 4,
            "187": 6,
            "188": 6,
            "189": 6
          }
        }
      }
    },
    {
      "session": 10,
      "num_seen_classes": 200,
      "baseline_full_acc": 85.865,
      "baseline_base_acc": 87.849,
      "baseline_novel_acc": 83.925,
      "selected_alpha": 0.5,
      "final_full_acc": 86.572,
      "final_base_acc": 87.709,
      "final_novel_acc": 85.461,
      "final_gain": 0.708,
      "updated_class_count": 99,
      "gated_query_count": 2872,
      "gated_base_count": 19,
      "gated_novel_count": 2853,
      "alpha_selection": {
        "mode": "pseudo_validation",
        "fallback_used": false,
        "selected_alpha": 0.5,
        "candidates": [
          {
            "alpha": 0.5,
            "pseudo_val_score": -0.179707,
            "pseudo_val_nll": 0.179707,
            "pseudo_val_agreement": 96.708
          },
          {
            "alpha": 0.75,
            "pseudo_val_score": -0.195635,
            "pseudo_val_nll": 0.195635,
            "pseudo_val_agreement": 96.12
          },
          {
            "alpha": 1.0,
            "pseudo_val_score": -0.213833,
            "pseudo_val_nll": 0.213833,
            "pseudo_val_agreement": 95.444
          }
        ],
        "split": {
          "novel_gated_query_count": 2872,
          "validation_count": 3402,
          "novel_validation_count": 580,
          "base_validation_count": 2822,
          "updated_class_count": 99,
          "per_class_counts": {
            "100": 19,
            "101": 20,
            "102": 20,
            "103": 30,
            "104": 1,
            "105": 30,
            "106": 21,
            "107": 21,
            "108": 28,
            "109": 30,
            "110": 36,
            "111": 23,
            "112": 20,
            "113": 29,
            "114": 26,
            "115": 15,
            "116": 42,
            "117": 36,
            "118": 29,
            "119": 28,
            "120": 26,
            "121": 28,
            "122": 33,
            "123": 35,
            "124": 28,
            "125": 28,
            "126": 34,
            "127": 23,
            "128": 40,
            "129": 19,
            "130": 32,
            "131": 35,
            "132": 34,
            "133": 31,
            "134": 28,
            "135": 47,
            "136": 13,
            "137": 27,
            "138": 29,
            "139": 30,
            "140": 29,
            "141": 22,
            "142": 29,
            "143": 44,
            "144": 16,
            "145": 24,
            "146": 46,
            "147": 30,
            "148": 29,
            "149": 28,
            "150": 21,
            "151": 28,
            "152": 27,
            "153": 33,
            "154": 39,
            "155": 35,
            "156": 29,
            "157": 28,
            "158": 30,
            "159": 30,
            "160": 30,
            "161": 25,
            "162": 31,
            "163": 29,
            "164": 26,
            "165": 27,
            "166": 20,
            "167": 28,
            "168": 28,
            "169": 26,
            "170": 28,
            "171": 41,
            "172": 37,
            "173": 30,
            "174": 33,
            "175": 30,
            "176": 35,
            "177": 23,
            "178": 23,
            "179": 39,
            "180": 29,
            "181": 26,
            "182": 35,
            "183": 24,
            "184": 31,
            "185": 29,
            "186": 20,
            "187": 30,
            "188": 33,
            "189": 28,
            "190": 27,
            "191": 31,
            "192": 29,
            "193": 30,
            "194": 36,
            "195": 29,
            "196": 26,
            "197": 29,
            "198": 30,
            "199": 30
          },
          "per_class_update_counts": {
            "100": 15,
            "101": 16,
            "102": 16,
            "103": 24,
            "104": 0,
            "105": 24,
            "106": 17,
            "107": 17,
            "108": 22,
            "109": 24,
            "110": 29,
            "111": 18,
            "112": 16,
            "113": 23,
            "114": 21,
            "115": 12,
            "116": 34,
            "117": 29,
            "118": 23,
            "119": 22,
            "120": 21,
            "121": 22,
            "122": 26,
            "123": 28,
            "124": 22,
            "125": 22,
            "126": 27,
            "127": 18,
            "128": 32,
            "129": 15,
            "130": 26,
            "131": 28,
            "132": 27,
            "133": 25,
            "134": 22,
            "135": 38,
            "136": 10,
            "137": 22,
            "138": 23,
            "139": 24,
            "140": 23,
            "141": 18,
            "142": 23,
            "143": 35,
            "144": 13,
            "145": 19,
            "146": 37,
            "147": 24,
            "148": 23,
            "149": 22,
            "150": 17,
            "151": 22,
            "152": 22,
            "153": 26,
            "154": 31,
            "155": 28,
            "156": 23,
            "157": 22,
            "158": 24,
            "159": 24,
            "160": 24,
            "161": 20,
            "162": 25,
            "163": 23,
            "164": 21,
            "165": 22,
            "166": 16,
            "167": 22,
            "168": 22,
            "169": 21,
            "170": 22,
            "171": 33,
            "172": 30,
            "173": 24,
            "174": 26,
            "175": 24,
            "176": 28,
            "177": 18,
            "178": 18,
            "179": 31,
            "180": 23,
            "181": 21,
            "182": 28,
            "183": 19,
            "184": 25,
            "185": 23,
            "186": 16,
            "187": 24,
            "188": 26,
            "189": 22,
            "190": 22,
            "191": 25,
            "192": 23,
            "193": 24,
            "194": 29,
            "195": 23,
            "196": 21,
            "197": 23,
            "198": 24,
            "199": 24
          },
          "per_class_validation_counts": {
            "100": 4,
            "101": 4,
            "102": 4,
            "103": 6,
            "104": 0,
            "105": 6,
            "106": 4,
            "107": 4,
            "108": 6,
            "109": 6,
            "110": 7,
            "111": 5,
            "112": 4,
            "113": 6,
            "114": 5,
            "115": 3,
            "116": 8,
            "117": 7,
            "118": 6,
            "119": 6,
            "120": 5,
            "121": 6,
            "122": 7,
            "123": 7,
            "124": 6,
            "125": 6,
            "126": 7,
            "127": 5,
            "128": 8,
            "129": 4,
            "130": 6,
            "131": 7,
            "132": 7,
            "133": 6,
            "134": 6,
            "135": 9,
            "136": 3,
            "137": 5,
            "138": 6,
            "139": 6,
            "140": 6,
            "141": 4,
            "142": 6,
            "143": 9,
            "144": 3,
            "145": 5,
            "146": 9,
            "147": 6,
            "148": 6,
            "149": 6,
            "150": 4,
            "151": 6,
            "152": 5,
            "153": 7,
            "154": 8,
            "155": 7,
            "156": 6,
            "157": 6,
            "158": 6,
            "159": 6,
            "160": 6,
            "161": 5,
            "162": 6,
            "163": 6,
            "164": 5,
            "165": 5,
            "166": 4,
            "167": 6,
            "168": 6,
            "169": 5,
            "170": 6,
            "171": 8,
            "172": 7,
            "173": 6,
            "174": 7,
            "175": 6,
            "176": 7,
            "177": 5,
            "178": 5,
            "179": 8,
            "180": 6,
            "181": 5,
            "182": 7,
            "183": 5,
            "184": 6,
            "185": 6,
            "186": 4,
            "187": 6,
            "188": 7,
            "189": 6,
            "190": 5,
            "191": 6,
            "192": 6,
            "193": 6,
            "194": 7,
            "195": 6,
            "196": 5,
            "197": 6,
            "198": 6,
            "199": 6
          }
        }
      }
    }
  ]
}
