/media/ndag/newVolume/BiMC-test/models/clip/clip.py:23: UserWarning: PyTorch version 1.7.1 or higher is recommended
  warnings.warn("PyTorch version 1.7.1 or higher is recommended")
manual seed: 19
use gpu: ['0']
Loading CLIP (backbone: ViT-B/16)
Prompt template:['a photo of a {}.']
Loading DinoV2 ViT-B/14 from local hub: /home/ndag/.cache/torch/hub/facebookresearch_dinov2_main
/home/ndag/.cache/torch/hub/facebookresearch_dinov2_main/dinov2/layers/swiglu_ffn.py:51: UserWarning: xFormers is not available (SwiGLU)
  warnings.warn("xFormers is not available (SwiGLU)")
/home/ndag/.cache/torch/hub/facebookresearch_dinov2_main/dinov2/layers/attention.py:36: UserWarning: xFormers is not available (Attention)
  warnings.warn("xFormers is not available (Attention)")
/home/ndag/.cache/torch/hub/facebookresearch_dinov2_main/dinov2/layers/block.py:40: UserWarning: xFormers is not available (Block)
  warnings.warn("xFormers is not available (Block)")
Loading DinoV2 weights: /home/ndag/.cache/torch/hub/checkpoints/dinov2_vitb14_pretrain.pth
class names: ['Black footed Albatross' 'Laysan Albatross' 'Sooty Albatross'
 'Groove billed Ani' 'Crested Auklet' 'Least Auklet' 'Parakeet Auklet'
 'Rhinoceros Auklet' 'Brewer Blackbird' 'Red winged Blackbird'
 'Rusty Blackbird' 'Yellow headed Blackbird' 'Bobolink' 'Indigo Bunting'
 'Lazuli Bunting' 'Painted Bunting' 'Cardinal' 'Spotted Catbird'
 'Gray Catbird' 'Yellow breasted Chat' 'Eastern Towhee' 'Chuck will Widow'
 'Brandt Cormorant' 'Red faced Cormorant' 'Pelagic Cormorant'
 'Bronzed Cowbird' 'Shiny Cowbird' 'Brown Creeper' 'American Crow'
 'Fish Crow' 'Black billed Cuckoo' 'Mangrove Cuckoo'
 'Yellow billed Cuckoo' 'Gray crowned Rosy Finch' 'Purple Finch'
 'Northern Flicker' 'Acadian Flycatcher' 'Great Crested Flycatcher'
 'Least Flycatcher' 'Olive sided Flycatcher' 'Scissor tailed Flycatcher'
 'Vermilion Flycatcher' 'Yellow bellied Flycatcher' 'Frigatebird'
 'Northern Fulmar' 'Gadwall' 'American Goldfinch' 'European Goldfinch'
 'Boat tailed Grackle' 'Eared Grebe' 'Horned Grebe' 'Pied billed Grebe'
 'Western Grebe' 'Blue Grosbeak' 'Evening Grosbeak' 'Pine Grosbeak'
 'Rose breasted Grosbeak' 'Pigeon Guillemot' 'California Gull'
 'Glaucous winged Gull' 'Heermann Gull' 'Herring Gull' 'Ivory Gull'
 'Ring billed Gull' 'Slaty backed Gull' 'Western Gull' 'Anna Hummingbird'
 'Ruby throated Hummingbird' 'Rufous Hummingbird' 'Green Violetear'
 'Long tailed Jaeger' 'Pomarine Jaeger' 'Blue Jay' 'Florida Jay'
 'Green Jay' 'Dark eyed Junco' 'Tropical Kingbird' 'Gray Kingbird'
 'Belted Kingfisher' 'Green Kingfisher' 'Pied Kingfisher'
 'Ringed Kingfisher' 'White breasted Kingfisher' 'Red legged Kittiwake'
 'Horned Lark' 'Pacific Loon' 'Mallard' 'Western Meadowlark'
 'Hooded Merganser' 'Red breasted Merganser' 'Mockingbird' 'Nighthawk'
 'Clark Nutcracker' 'White breasted Nuthatch' 'Baltimore Oriole'
 'Hooded Oriole' 'Orchard Oriole' 'Scott Oriole' 'Ovenbird'
 'Brown Pelican']
all targets:tensor([ 0,  1,  2,  3,  4,  5,  6,  7,  8,  9, 10, 11, 12, 13, 14, 15, 16, 17,
        18, 19, 20, 21, 22, 23, 24, 25, 26, 27, 28, 29, 30, 31, 32, 33, 34, 35,
        36, 37, 38, 39, 40, 41, 42, 43, 44, 45, 46, 47, 48, 49, 50, 51, 52, 53,
        54, 55, 56, 57, 58, 59, 60, 61, 62, 63, 64, 65, 66, 67, 68, 69, 70, 71,
        72, 73, 74, 75, 76, 77, 78, 79, 80, 81, 82, 83, 84, 85, 86, 87, 88, 89,
        90, 91, 92, 93, 94, 95, 96, 97, 98, 99], device='cuda:0')
dino all targets:tensor([ 0,  1,  2,  3,  4,  5,  6,  7,  8,  9, 10, 11, 12, 13, 14, 15, 16, 17,
        18, 19, 20, 21, 22, 23, 24, 25, 26, 27, 28, 29, 30, 31, 32, 33, 34, 35,
        36, 37, 38, 39, 40, 41, 42, 43, 44, 45, 46, 47, 48, 49, 50, 51, 52, 53,
        54, 55, 56, 57, 58, 59, 60, 61, 62, 63, 64, 65, 66, 67, 68, 69, 70, 71,
        72, 73, 74, 75, 76, 77, 78, 79, 80, 81, 82, 83, 84, 85, 86, 87, 88, 89,
        90, 91, 92, 93, 94, 95, 96, 97, 98, 99], device='cuda:0')
finish loading CLIP/DinoV2 covariance
class names: ['White Pelican' 'Western Wood Pewee' 'Sayornis' 'American Pipit'
 'Whip poor Will' 'Horned Puffin' 'Common Raven' 'White necked Raven'
 'American Redstart' 'Geococcyx']
all targets:tensor([100, 101, 102, 103, 104, 105, 106, 107, 108, 109], device='cuda:0')
dino all targets:tensor([100, 101, 102, 103, 104, 105, 106, 107, 108, 109], device='cuda:0')
finish loading CLIP/DinoV2 covariance
class names: ['Loggerhead Shrike' 'Great Grey Shrike' 'Baird Sparrow'
 'Black throated Sparrow' 'Brewer Sparrow' 'Chipping Sparrow'
 'Clay colored Sparrow' 'House Sparrow' 'Field Sparrow' 'Fox Sparrow']
all targets:tensor([110, 111, 112, 113, 114, 115, 116, 117, 118, 119], device='cuda:0')
dino all targets:tensor([110, 111, 112, 113, 114, 115, 116, 117, 118, 119], device='cuda:0')
finish loading CLIP/DinoV2 covariance
class names: ['Grasshopper Sparrow' 'Harris Sparrow' 'Henslow Sparrow'
 'Le Conte Sparrow' 'Lincoln Sparrow' 'Nelson Sharp tailed Sparrow'
 'Savannah Sparrow' 'Seaside Sparrow' 'Song Sparrow' 'Tree Sparrow']
all targets:tensor([120, 121, 122, 123, 124, 125, 126, 127, 128, 129], device='cuda:0')
dino all targets:tensor([120, 121, 122, 123, 124, 125, 126, 127, 128, 129], device='cuda:0')
finish loading CLIP/DinoV2 covariance
class names: ['Vesper Sparrow' 'White crowned Sparrow' 'White throated Sparrow'
 'Cape Glossy Starling' 'Bank Swallow' 'Barn Swallow' 'Cliff Swallow'
 'Tree Swallow' 'Scarlet Tanager' 'Summer Tanager']
all targets:tensor([130, 131, 132, 133, 134, 135, 136, 137, 138, 139], device='cuda:0')
dino all targets:tensor([130, 131, 132, 133, 134, 135, 136, 137, 138, 139], device='cuda:0')
finish loading CLIP/DinoV2 covariance
class names: ['Artic Tern' 'Black Tern' 'Caspian Tern' 'Common Tern' 'Elegant Tern'
 'Forsters Tern' 'Least Tern' 'Green tailed Towhee' 'Brown Thrasher'
 'Sage Thrasher']
all targets:tensor([140, 141, 142, 143, 144, 145, 146, 147, 148, 149], device='cuda:0')
dino all targets:tensor([140, 141, 142, 143, 144, 145, 146, 147, 148, 149], device='cuda:0')
finish loading CLIP/DinoV2 covariance
class names: ['Black capped Vireo' 'Blue headed Vireo' 'Philadelphia Vireo'
 'Red eyed Vireo' 'Warbling Vireo' 'White eyed Vireo'
 'Yellow throated Vireo' 'Bay breasted Warbler' 'Black and white Warbler'
 'Black throated Blue Warbler']
all targets:tensor([150, 151, 152, 153, 154, 155, 156, 157, 158, 159], device='cuda:0')
dino all targets:tensor([150, 151, 152, 153, 154, 155, 156, 157, 158, 159], device='cuda:0')
finish loading CLIP/DinoV2 covariance
class names: ['Blue winged Warbler' 'Canada Warbler' 'Cape May Warbler'
 'Cerulean Warbler' 'Chestnut sided Warbler' 'Golden winged Warbler'
 'Hooded Warbler' 'Kentucky Warbler' 'Magnolia Warbler' 'Mourning Warbler']
all targets:tensor([160, 161, 162, 163, 164, 165, 166, 167, 168, 169], device='cuda:0')
dino all targets:tensor([160, 161, 162, 163, 164, 165, 166, 167, 168, 169], device='cuda:0')
finish loading CLIP/DinoV2 covariance
class names: ['Myrtle Warbler' 'Nashville Warbler' 'Orange crowned Warbler'
 'Palm Warbler' 'Pine Warbler' 'Prairie Warbler' 'Prothonotary Warbler'
 'Swainson Warbler' 'Tennessee Warbler' 'Wilson Warbler']
all targets:tensor([170, 171, 172, 173, 174, 175, 176, 177, 178, 179], device='cuda:0')
dino all targets:tensor([170, 171, 172, 173, 174, 175, 176, 177, 178, 179], device='cuda:0')
finish loading CLIP/DinoV2 covariance
class names: ['Worm eating Warbler' 'Yellow Warbler' 'Northern Waterthrush'
 'Louisiana Waterthrush' 'Bohemian Waxwing' 'Cedar Waxwing'
 'American Three toed Woodpecker' 'Pileated Woodpecker'
 'Red bellied Woodpecker' 'Red cockaded Woodpecker']
all targets:tensor([180, 181, 182, 183, 184, 185, 186, 187, 188, 189], device='cuda:0')
dino all targets:tensor([180, 181, 182, 183, 184, 185, 186, 187, 188, 189], device='cuda:0')
finish loading CLIP/DinoV2 covariance
class names: ['Red headed Woodpecker' 'Downy Woodpecker' 'Bewick Wren' 'Cactus Wren'
 'Carolina Wren' 'House Wren' 'Marsh Wren' 'Rock Wren' 'Winter Wren'
 'Common Yellowthroat']
all targets:tensor([190, 191, 192, 193, 194, 195, 196, 197, 198, 199], device='cuda:0')
dino all targets:tensor([190, 191, 192, 193, 194, 195, 196, 197, 198, 199], device='cuda:0')
finish loading CLIP/DinoV2 covariance
session 0: baseline=88.163 final=88.163 gain=0.000
session 1: baseline=86.860 final=86.987 gain=0.127
session 2: baseline=86.268 final=86.706 gain=0.437
session 3: baseline=85.300 final=85.810 gain=0.510
session 4: baseline=85.402 final=86.097 gain=0.695
session 5: baseline=84.258 final=85.044 gain=0.786
session 6: baseline=84.569 final=85.392 gain=0.824
session 7: baseline=84.911 final=85.706 gain=0.794
session 8: baseline=84.595 final=85.536 gain=0.941
session 9: baseline=85.002 final=85.912 gain=0.910
session 10: baseline=85.416 final=86.279 gain=0.863
{
  "dataset": "cub200",
  "seed": 19,
  "train_cfg": "experiments/bmvc_1256_20260508-124032/generated_configs/bimc_dino_fusion.yaml",
  "method": "sessionwise conservative query prototype refinement on bimc_dino_fusion with pseudo-validation alpha selection",
  "runtime_sec": 239.403,
  "alpha_grid": [
    0.5,
    0.75,
    1.0
  ],
  "alpha_selection": "pseudo_validation_no_test_labels",
  "mass_thr": 0.3,
  "min_count": 5,
  "val_fraction": 0.2,
  "base_val_conf_thr": 0.5,
  "base_val_max_per_class": 50,
  "fallback_alpha": 0.75,
  "topk_per_class": null,
  "baseline_acc_list": [
    88.163,
    86.86,
    86.268,
    85.3,
    85.402,
    84.258,
    84.569,
    84.911,
    84.595,
    85.002,
    85.416
  ],
  "final_acc_list": [
    88.163,
    86.987,
    86.706,
    85.81,
    86.097,
    85.044,
    85.392,
    85.706,
    85.536,
    85.912,
    86.279
  ],
  "gain_list": [
    0.0,
    0.127,
    0.437,
    0.51,
    0.695,
    0.786,
    0.824,
    0.794,
    0.941,
    0.91,
    0.863
  ],
  "baseline_avg": 85.522,
  "baseline_pd": 2.747,
  "final_avg": 86.148,
  "final_pd": 1.884,
  "gain_avg": 0.626,
  "session_results": [
    {
      "session": 0,
      "num_seen_classes": 100,
      "baseline_full_acc": 88.163,
      "baseline_base_acc": 88.163,
      "baseline_novel_acc": 0.0,
      "best_alpha": null,
      "final_full_acc": 88.163,
      "final_base_acc": 88.163,
      "final_novel_acc": 0.0,
      "final_gain": 0.0,
      "updated_class_count": 0,
      "gated_query_count": 0,
      "alpha_selection": {
        "mode": "not_applicable_base_session",
        "selected_alpha": null
      }
    },
    {
      "session": 1,
      "num_seen_classes": 110,
      "baseline_full_acc": 86.86,
      "baseline_base_acc": 88.059,
      "baseline_novel_acc": 74.552,
      "selected_alpha": 1.0,
      "final_full_acc": 86.987,
      "final_base_acc": 87.989,
      "final_novel_acc": 76.703,
      "final_gain": 0.127,
      "updated_class_count": 9,
      "gated_query_count": 219,
      "gated_base_count": 6,
      "gated_novel_count": 213,
      "alpha_selection": {
        "mode": "pseudo_validation",
        "fallback_used": false,
        "selected_alpha": 1.0,
        "candidates": [
          {
            "alpha": 0.5,
            "pseudo_val_score": -0.08577,
            "pseudo_val_nll": 0.08577,
            "pseudo_val_agreement": 99.616
          },
          {
            "alpha": 0.75,
            "pseudo_val_score": -0.086094,
            "pseudo_val_nll": 0.086094,
            "pseudo_val_agreement": 99.581
          },
          {
            "alpha": 1.0,
            "pseudo_val_score": -0.085752,
            "pseudo_val_nll": 0.085752,
            "pseudo_val_agreement": 99.581
          }
        ],
        "split": {
          "novel_gated_query_count": 219,
          "validation_count": 2864,
          "novel_validation_count": 43,
          "base_validation_count": 2821,
          "updated_class_count": 9,
          "per_class_counts": {
            "100": 20,
            "101": 7,
            "102": 30,
            "103": 30,
            "104": 0,
            "105": 30,
            "106": 17,
            "107": 26,
            "108": 28,
            "109": 31
          },
          "per_class_update_counts": {
            "100": 16,
            "101": 6,
            "102": 24,
            "103": 24,
            "104": 0,
            "105": 24,
            "106": 14,
            "107": 21,
            "108": 22,
            "109": 25
          },
          "per_class_validation_counts": {
            "100": 4,
            "101": 1,
            "102": 6,
            "103": 6,
            "104": 0,
            "105": 6,
            "106": 3,
            "107": 5,
            "108": 6,
            "109": 6
          }
        }
      }
    },
    {
      "session": 2,
      "num_seen_classes": 120,
      "baseline_full_acc": 86.268,
      "baseline_base_acc": 88.163,
      "baseline_novel_acc": 76.678,
      "selected_alpha": 0.5,
      "final_full_acc": 86.706,
      "final_base_acc": 88.128,
      "final_novel_acc": 79.505,
      "final_gain": 0.437,
      "updated_class_count": 19,
      "gated_query_count": 505,
      "gated_base_count": 7,
      "gated_novel_count": 498,
      "alpha_selection": {
        "mode": "pseudo_validation",
        "fallback_used": false,
        "selected_alpha": 0.5,
        "candidates": [
          {
            "alpha": 0.5,
            "pseudo_val_score": -0.094843,
            "pseudo_val_nll": 0.094843,
            "pseudo_val_agreement": 99.452
          },
          {
            "alpha": 0.75,
            "pseudo_val_score": -0.096476,
            "pseudo_val_nll": 0.096476,
            "pseudo_val_agreement": 99.35
          },
          {
            "alpha": 1.0,
            "pseudo_val_score": -0.097589,
            "pseudo_val_nll": 0.097589,
            "pseudo_val_agreement": 99.384
          }
        ],
        "split": {
          "novel_gated_query_count": 505,
          "validation_count": 2921,
          "novel_validation_count": 100,
          "base_validation_count": 2821,
          "updated_class_count": 19,
          "per_class_counts": {
            "100": 20,
            "101": 8,
            "102": 30,
            "103": 30,
            "104": 0,
            "105": 30,
            "106": 17,
            "107": 26,
            "108": 28,
            "109": 31,
            "110": 21,
            "111": 38,
            "112": 24,
            "113": 29,
            "114": 10,
            "115": 32,
            "116": 52,
            "117": 32,
            "118": 17,
            "119": 30
          },
          "per_class_update_counts": {
            "100": 16,
            "101": 6,
            "102": 24,
            "103": 24,
            "104": 0,
            "105": 24,
            "106": 14,
            "107": 21,
            "108": 22,
            "109": 25,
            "110": 17,
            "111": 30,
            "112": 19,
            "113": 23,
            "114": 8,
            "115": 26,
            "116": 42,
            "117": 26,
            "118": 14,
            "119": 24
          },
          "per_class_validation_counts": {
            "100": 4,
            "101": 2,
            "102": 6,
            "103": 6,
            "104": 0,
            "105": 6,
            "106": 3,
            "107": 5,
            "108": 6,
            "109": 6,
            "110": 4,
            "111": 8,
            "112": 5,
            "113": 6,
            "114": 2,
            "115": 6,
            "116": 10,
            "117": 6,
            "118": 3,
            "119": 6
          }
        }
      }
    },
    {
      "session": 3,
      "num_seen_classes": 130,
      "baseline_full_acc": 85.3,
      "baseline_base_acc": 88.094,
      "baseline_novel_acc": 76.042,
      "selected_alpha": 0.5,
      "final_full_acc": 85.81,
      "final_base_acc": 88.059,
      "final_novel_acc": 78.356,
      "final_gain": 0.51,
      "updated_class_count": 29,
      "gated_query_count": 802,
      "gated_base_count": 7,
      "gated_novel_count": 795,
      "alpha_selection": {
        "mode": "pseudo_validation",
        "fallback_used": false,
        "selected_alpha": 0.5,
        "candidates": [
          {
            "alpha": 0.5,
            "pseudo_val_score": -0.110313,
            "pseudo_val_nll": 0.110313,
            "pseudo_val_agreement": 98.959
          },
          {
            "alpha": 0.75,
            "pseudo_val_score": -0.114256,
            "pseudo_val_nll": 0.114256,
            "pseudo_val_agreement": 98.59
          },
          {
            "alpha": 1.0,
            "pseudo_val_score": -0.118733,
            "pseudo_val_nll": 0.118733,
            "pseudo_val_agreement": 98.489
          }
        ],
        "split": {
          "novel_gated_query_count": 802,
          "validation_count": 2979,
          "novel_validation_count": 161,
          "base_validation_count": 2818,
          "updated_class_count": 29,
          "per_class_counts": {
            "100": 20,
            "101": 8,
            "102": 30,
            "103": 30,
            "104": 0,
            "105": 30,
            "106": 17,
            "107": 26,
            "108": 28,
            "109": 30,
            "110": 21,
            "111": 38,
            "112": 38,
            "113": 29,
            "114": 12,
            "115": 43,
            "116": 52,
            "117": 47,
            "118": 16,
            "119": 29,
            "120": 28,
            "121": 29,
            "122": 26,
            "123": 36,
            "124": 35,
            "125": 23,
            "126": 15,
            "127": 26,
            "128": 34,
            "129": 6
          },
          "per_class_update_counts": {
            "100": 16,
            "101": 6,
            "102": 24,
            "103": 24,
            "104": 0,
            "105": 24,
            "106": 14,
            "107": 21,
            "108": 22,
            "109": 24,
            "110": 17,
            "111": 30,
            "112": 30,
            "113": 23,
            "114": 10,
            "115": 34,
            "116": 42,
            "117": 38,
            "118": 13,
            "119": 23,
            "120": 22,
            "121": 23,
            "122": 21,
            "123": 29,
            "124": 28,
            "125": 18,
            "126": 12,
            "127": 21,
            "128": 27,
            "129": 5
          },
          "per_class_validation_counts": {
            "100": 4,
            "101": 2,
            "102": 6,
            "103": 6,
            "104": 0,
            "105": 6,
            "106": 3,
            "107": 5,
            "108": 6,
            "109": 6,
            "110": 4,
            "111": 8,
            "112": 8,
            "113": 6,
            "114": 2,
            "115": 9,
            "116": 10,
            "117": 9,
            "118": 3,
            "119": 6,
            "120": 6,
            "121": 6,
            "122": 5,
            "123": 7,
            "124": 7,
            "125": 5,
            "126": 3,
            "127": 5,
            "128": 7,
            "129": 1
          }
        }
      }
    },
    {
      "session": 4,
      "num_seen_classes": 140,
      "baseline_full_acc": 85.402,
      "baseline_base_acc": 88.094,
      "baseline_novel_acc": 78.78,
      "selected_alpha": 0.5,
      "final_full_acc": 86.097,
      "final_base_acc": 88.024,
      "final_novel_acc": 81.357,
      "final_gain": 0.695,
      "updated_class_count": 39,
      "gated_query_count": 1098,
      "gated_base_count": 8,
      "gated_novel_count": 1090,
      "alpha_selection": {
        "mode": "pseudo_validation",
        "fallback_used": false,
        "selected_alpha": 0.5,
        "candidates": [
          {
            "alpha": 0.5,
            "pseudo_val_score": -0.121322,
            "pseudo_val_nll": 0.121322,
            "pseudo_val_agreement": 98.72
          },
          {
            "alpha": 0.75,
            "pseudo_val_score": -0.127112,
            "pseudo_val_nll": 0.127112,
            "pseudo_val_agreement": 98.36
          },
          {
            "alpha": 1.0,
            "pseudo_val_score": -0.133527,
            "pseudo_val_nll": 0.133527,
            "pseudo_val_agreement": 98.196
          }
        ],
        "split": {
          "novel_gated_query_count": 1098,
          "validation_count": 3048,
          "novel_validation_count": 222,
          "base_validation_count": 2826,
          "updated_class_count": 39,
          "per_class_counts": {
            "100": 20,
            "101": 9,
            "102": 30,
            "103": 30,
            "104": 0,
            "105": 30,
            "106": 17,
            "107": 26,
            "108": 29,
            "109": 30,
            "110": 21,
            "111": 38,
            "112": 39,
            "113": 29,
            "114": 12,
            "115": 43,
            "116": 52,
            "117": 48,
            "118": 16,
            "119": 29,
            "120": 28,
            "121": 29,
            "122": 26,
            "123": 36,
            "124": 35,
            "125": 23,
            "126": 15,
            "127": 26,
            "128": 36,
            "129": 6,
            "130": 28,
            "131": 30,
            "132": 28,
            "133": 28,
            "134": 29,
            "135": 24,
            "136": 35,
            "137": 28,
            "138": 30,
            "139": 30
          },
          "per_class_update_counts": {
            "100": 16,
            "101": 7,
            "102": 24,
            "103": 24,
            "104": 0,
            "105": 24,
            "106": 14,
            "107": 21,
            "108": 23,
            "109": 24,
            "110": 17,
            "111": 30,
            "112": 31,
            "113": 23,
            "114": 10,
            "115": 34,
            "116": 42,
            "117": 38,
            "118": 13,
            "119": 23,
            "120": 22,
            "121": 23,
            "122": 21,
            "123": 29,
            "124": 28,
            "125": 18,
            "126": 12,
            "127": 21,
            "128": 29,
            "129": 5,
            "130": 22,
            "131": 24,
            "132": 22,
            "133": 22,
            "134": 23,
            "135": 19,
            "136": 28,
            "137": 22,
            "138": 24,
            "139": 24
          },
          "per_class_validation_counts": {
            "100": 4,
            "101": 2,
            "102": 6,
            "103": 6,
            "104": 0,
            "105": 6,
            "106": 3,
            "107": 5,
            "108": 6,
            "109": 6,
            "110": 4,
            "111": 8,
            "112": 8,
            "113": 6,
            "114": 2,
            "115": 9,
            "116": 10,
            "117": 10,
            "118": 3,
            "119": 6,
            "120": 6,
            "121": 6,
            "122": 5,
            "123": 7,
            "124": 7,
            "125": 5,
            "126": 3,
            "127": 5,
            "128": 7,
            "129": 1,
            "130": 6,
            "131": 6,
            "132": 6,
            "133": 6,
            "134": 6,
            "135": 5,
            "136": 7,
            "137": 6,
            "138": 6,
            "139": 6
          }
        }
      }
    },
    {
      "session": 5,
      "num_seen_classes": 150,
      "baseline_full_acc": 84.258,
      "baseline_base_acc": 88.059,
      "baseline_novel_acc": 76.813,
      "selected_alpha": 0.5,
      "final_full_acc": 85.044,
      "final_base_acc": 87.989,
      "final_novel_acc": 79.275,
      "final_gain": 0.786,
      "updated_class_count": 49,
      "gated_query_count": 1397,
      "gated_base_count": 10,
      "gated_novel_count": 1387,
      "alpha_selection": {
        "mode": "pseudo_validation",
        "fallback_used": false,
        "selected_alpha": 0.5,
        "candidates": [
          {
            "alpha": 0.5,
            "pseudo_val_score": -0.135131,
            "pseudo_val_nll": 0.135131,
            "pseudo_val_agreement": 98.229
          },
          {
            "alpha": 0.75,
            "pseudo_val_score": -0.142425,
            "pseudo_val_nll": 0.142425,
            "pseudo_val_agreement": 97.585
          },
          {
            "alpha": 1.0,
            "pseudo_val_score": -0.151303,
            "pseudo_val_nll": 0.151303,
            "pseudo_val_agreement": 97.585
          }
        ],
        "split": {
          "novel_gated_query_count": 1397,
          "validation_count": 3106,
          "novel_validation_count": 281,
          "base_validation_count": 2825,
          "updated_class_count": 49,
          "per_class_counts": {
            "100": 20,
            "101": 9,
            "102": 30,
            "103": 30,
            "104": 0,
            "105": 30,
            "106": 17,
            "107": 26,
            "108": 29,
            "109": 30,
            "110": 21,
            "111": 38,
            "112": 39,
            "113": 29,
            "114": 12,
            "115": 43,
            "116": 52,
            "117": 48,
            "118": 16,
            "119": 28,
            "120": 28,
            "121": 29,
            "122": 26,
            "123": 36,
            "124": 35,
            "125": 23,
            "126": 15,
            "127": 26,
            "128": 36,
            "129": 6,
            "130": 28,
            "131": 30,
            "132": 28,
            "133": 28,
            "134": 29,
            "135": 24,
            "136": 35,
            "137": 28,
            "138": 30,
            "139": 30,
            "140": 27,
            "141": 19,
            "142": 31,
            "143": 17,
            "144": 47,
            "145": 40,
            "146": 28,
            "147": 30,
            "148": 32,
            "149": 29
          },
          "per_class_update_counts": {
            "100": 16,
            "101": 7,
            "102": 24,
            "103": 24,
            "104": 0,
            "105": 24,
            "106": 14,
            "107": 21,
            "108": 23,
            "109": 24,
            "110": 17,
            "111": 30,
            "112": 31,
            "113": 23,
            "114": 10,
            "115": 34,
            "116": 42,
            "117": 38,
            "118": 13,
            "119": 22,
            "120": 22,
            "121": 23,
            "122": 21,
            "123": 29,
            "124": 28,
            "125": 18,
            "126": 12,
            "127": 21,
            "128": 29,
            "129": 5,
            "130": 22,
            "131": 24,
            "132": 22,
            "133": 22,
            "134": 23,
            "135": 19,
            "136": 28,
            "137": 22,
            "138": 24,
            "139": 24,
            "140": 22,
            "141": 15,
            "142": 25,
            "143": 14,
            "144": 38,
            "145": 32,
            "146": 22,
            "147": 24,
            "148": 26,
            "149": 23
          },
          "per_class_validation_counts": {
            "100": 4,
            "101": 2,
            "102": 6,
            "103": 6,
            "104": 0,
            "105": 6,
            "106": 3,
            "107": 5,
            "108": 6,
            "109": 6,
            "110": 4,
            "111": 8,
            "112": 8,
            "113": 6,
            "114": 2,
            "115": 9,
            "116": 10,
            "117": 10,
            "118": 3,
            "119": 6,
            "120": 6,
            "121": 6,
            "122": 5,
            "123": 7,
            "124": 7,
            "125": 5,
            "126": 3,
            "127": 5,
            "128": 7,
            "129": 1,
            "130": 6,
            "131": 6,
            "132": 6,
            "133": 6,
            "134": 6,
            "135": 5,
            "136": 7,
            "137": 6,
            "138": 6,
            "139": 6,
            "140": 5,
            "141": 4,
            "142": 6,
            "143": 3,
            "144": 9,
            "145": 8,
            "146": 6,
            "147": 6,
            "148": 6,
            "149": 6
          }
        }
      }
    },
    {
      "session": 6,
      "num_seen_classes": 160,
      "baseline_full_acc": 84.569,
      "baseline_base_acc": 87.989,
      "baseline_novel_acc": 78.971,
      "selected_alpha": 0.5,
      "final_full_acc": 85.392,
      "final_base_acc": 87.919,
      "final_novel_acc": 81.257,
      "final_gain": 0.824,
      "updated_class_count": 59,
      "gated_query_count": 1690,
      "gated_base_count": 16,
      "gated_novel_count": 1674,
      "alpha_selection": {
        "mode": "pseudo_validation",
        "fallback_used": false,
        "selected_alpha": 0.5,
        "candidates": [
          {
            "alpha": 0.5,
            "pseudo_val_score": -0.145169,
            "pseudo_val_nll": 0.145169,
            "pseudo_val_agreement": 97.943
          },
          {
            "alpha": 0.75,
            "pseudo_val_score": -0.156796,
            "pseudo_val_nll": 0.156796,
            "pseudo_val_agreement": 97.12
          },
          {
            "alpha": 1.0,
            "pseudo_val_score": -0.169857,
            "pseudo_val_nll": 0.169857,
            "pseudo_val_agreement": 97.057
          }
        ],
        "split": {
          "novel_gated_query_count": 1690,
          "validation_count": 3160,
          "novel_validation_count": 338,
          "base_validation_count": 2822,
          "updated_class_count": 59,
          "per_class_counts": {
            "100": 20,
            "101": 9,
            "102": 30,
            "103": 30,
            "104": 0,
            "105": 30,
            "106": 17,
            "107": 26,
            "108": 27,
            "109": 30,
            "110": 21,
            "111": 38,
            "112": 39,
            "113": 29,
            "114": 12,
            "115": 43,
            "116": 52,
            "117": 48,
            "118": 16,
            "119": 28,
            "120": 28,
            "121": 29,
            "122": 26,
            "123": 36,
            "124": 35,
            "125": 23,
            "126": 15,
            "127": 26,
            "128": 36,
            "129": 6,
            "130": 28,
            "131": 30,
            "132": 28,
            "133": 28,
            "134": 29,
            "135": 24,
            "136": 35,
            "137": 28,
            "138": 30,
            "139": 30,
            "140": 27,
            "141": 19,
            "142": 31,
            "143": 17,
            "144": 47,
            "145": 40,
            "146": 28,
            "147": 30,
            "148": 32,
            "149": 29,
            "150": 21,
            "151": 27,
            "152": 41,
            "153": 30,
            "154": 24,
            "155": 32,
            "156": 27,
            "157": 33,
            "158": 30,
            "159": 30
          },
          "per_class_update_counts": {
            "100": 16,
            "101": 7,
            "102": 24,
            "103": 24,
            "104": 0,
            "105": 24,
            "106": 14,
            "107": 21,
            "108": 22,
            "109": 24,
            "110": 17,
            "111": 30,
            "112": 31,
            "113": 23,
            "114": 10,
            "115": 34,
            "116": 42,
            "117": 38,
            "118": 13,
            "119": 22,
            "120": 22,
            "121": 23,
            "122": 21,
            "123": 29,
            "124": 28,
            "125": 18,
            "126": 12,
            "127": 21,
            "128": 29,
            "129": 5,
            "130": 22,
            "131": 24,
            "132": 22,
            "133": 22,
            "134": 23,
            "135": 19,
            "136": 28,
            "137": 22,
            "138": 24,
            "139": 24,
            "140": 22,
            "141": 15,
            "142": 25,
            "143": 14,
            "144": 38,
            "145": 32,
            "146": 22,
            "147": 24,
            "148": 26,
            "149": 23,
            "150": 17,
            "151": 22,
            "152": 33,
            "153": 24,
            "154": 19,
            "155": 26,
            "156": 22,
            "157": 26,
            "158": 24,
            "159": 24
          },
          "per_class_validation_counts": {
            "100": 4,
            "101": 2,
            "102": 6,
            "103": 6,
            "104": 0,
            "105": 6,
            "106": 3,
            "107": 5,
            "108": 5,
            "109": 6,
            "110": 4,
            "111": 8,
            "112": 8,
            "113": 6,
            "114": 2,
            "115": 9,
            "116": 10,
            "117": 10,
            "118": 3,
            "119": 6,
            "120": 6,
            "121": 6,
            "122": 5,
            "123": 7,
            "124": 7,
            "125": 5,
            "126": 3,
            "127": 5,
            "128": 7,
            "129": 1,
            "130": 6,
            "131": 6,
            "132": 6,
            "133": 6,
            "134": 6,
            "135": 5,
            "136": 7,
            "137": 6,
            "138": 6,
            "139": 6,
            "140": 5,
            "141": 4,
            "142": 6,
            "143": 3,
            "144": 9,
            "145": 8,
            "146": 6,
            "147": 6,
            "148": 6,
            "149": 6,
            "150": 4,
            "151": 5,
            "152": 8,
            "153": 6,
            "154": 5,
            "155": 6,
            "156": 5,
            "157": 7,
            "158": 6,
            "159": 6
          }
        }
      }
    },
    {
      "session": 7,
      "num_seen_classes": 170,
      "baseline_full_acc": 84.911,
      "baseline_base_acc": 87.884,
      "baseline_novel_acc": 80.752,
      "selected_alpha": 0.5,
      "final_full_acc": 85.706,
      "final_base_acc": 87.814,
      "final_novel_acc": 82.755,
      "final_gain": 0.794,
      "updated_class_count": 69,
      "gated_query_count": 1990,
      "gated_base_count": 18,
      "gated_novel_count": 1972,
      "alpha_selection": {
        "mode": "pseudo_validation",
        "fallback_used": false,
        "selected_alpha": 0.5,
        "candidates": [
          {
            "alpha": 0.5,
            "pseudo_val_score": -0.15317,
            "pseudo_val_nll": 0.15317,
            "pseudo_val_agreement": 97.578
          },
          {
            "alpha": 0.75,
            "pseudo_val_score": -0.164273,
            "pseudo_val_nll": 0.164273,
            "pseudo_val_agreement": 96.895
          },
          {
            "alpha": 1.0,
            "pseudo_val_score": -0.176876,
            "pseudo_val_nll": 0.176876,
            "pseudo_val_agreement": 96.864
          }
        ],
        "split": {
          "novel_gated_query_count": 1990,
          "validation_count": 3221,
          "novel_validation_count": 399,
          "base_validation_count": 2822,
          "updated_class_count": 69,
          "per_class_counts": {
            "100": 20,
            "101": 9,
            "102": 30,
            "103": 30,
            "104": 0,
            "105": 30,
            "106": 17,
            "107": 26,
            "108": 27,
            "109": 30,
            "110": 21,
            "111": 38,
            "112": 39,
            "113": 29,
            "114": 12,
            "115": 43,
            "116": 52,
            "117": 48,
            "118": 16,
            "119": 28,
            "120": 28,
            "121": 29,
            "122": 26,
            "123": 36,
            "124": 35,
            "125": 23,
            "126": 15,
            "127": 26,
            "128": 36,
            "129": 6,
            "130": 28,
            "131": 30,
            "132": 28,
            "133": 29,
            "134": 29,
            "135": 24,
            "136": 35,
            "137": 28,
            "138": 30,
            "139": 30,
            "140": 27,
            "141": 19,
            "142": 31,
            "143": 17,
            "144": 47,
            "145": 40,
            "146": 28,
            "147": 30,
            "148": 32,
            "149": 29,
            "150": 21,
            "151": 32,
            "152": 43,
            "153": 31,
            "154": 23,
            "155": 35,
            "156": 24,
            "157": 32,
            "158": 30,
            "159": 30,
            "160": 33,
            "161": 29,
            "162": 32,
            "163": 30,
            "164": 25,
            "165": 27,
            "166": 29,
            "167": 33,
            "168": 28,
            "169": 27
          },
          "per_class_update_counts": {
            "100": 16,
            "101": 7,
            "102": 24,
            "103": 24,
            "104": 0,
            "105": 24,
            "106": 14,
            "107": 21,
            "108": 22,
            "109": 24,
            "110": 17,
            "111": 30,
            "112": 31,
            "113": 23,
            "114": 10,
            "115": 34,
            "116": 42,
            "117": 38,
            "118": 13,
            "119": 22,
            "120": 22,
            "121": 23,
            "122": 21,
            "123": 29,
            "124": 28,
            "125": 18,
            "126": 12,
            "127": 21,
            "128": 29,
            "129": 5,
            "130": 22,
            "131": 24,
            "132": 22,
            "133": 23,
            "134": 23,
            "135": 19,
            "136": 28,
            "137": 22,
            "138": 24,
            "139": 24,
            "140": 22,
            "141": 15,
            "142": 25,
            "143": 14,
            "144": 38,
            "145": 32,
            "146": 22,
            "147": 24,
            "148": 26,
            "149": 23,
            "150": 17,
            "151": 26,
            "152": 34,
            "153": 25,
            "154": 18,
            "155": 28,
            "156": 19,
            "157": 26,
            "158": 24,
            "159": 24,
            "160": 26,
            "161": 23,
            "162": 26,
            "163": 24,
            "164": 20,
            "165": 22,
            "166": 23,
            "167": 26,
            "168": 22,
            "169": 22
          },
          "per_class_validation_counts": {
            "100": 4,
            "101": 2,
            "102": 6,
            "103": 6,
            "104": 0,
            "105": 6,
            "106": 3,
            "107": 5,
            "108": 5,
            "109": 6,
            "110": 4,
            "111": 8,
            "112": 8,
            "113": 6,
            "114": 2,
            "115": 9,
            "116": 10,
            "117": 10,
            "118": 3,
            "119": 6,
            "120": 6,
            "121": 6,
            "122": 5,
            "123": 7,
            "124": 7,
            "125": 5,
            "126": 3,
            "127": 5,
            "128": 7,
            "129": 1,
            "130": 6,
            "131": 6,
            "132": 6,
            "133": 6,
            "134": 6,
            "135": 5,
            "136": 7,
            "137": 6,
            "138": 6,
            "139": 6,
            "140": 5,
            "141": 4,
            "142": 6,
            "143": 3,
            "144": 9,
            "145": 8,
            "146": 6,
            "147": 6,
            "148": 6,
            "149": 6,
            "150": 4,
            "151": 6,
            "152": 9,
            "153": 6,
            "154": 5,
            "155": 7,
            "156": 5,
            "157": 6,
            "158": 6,
            "159": 6,
            "160": 7,
            "161": 6,
            "162": 6,
            "163": 6,
            "164": 5,
            "165": 5,
            "166": 6,
            "167": 7,
            "168": 6,
            "169": 5
          }
        }
      }
    },
    {
      "session": 8,
      "num_seen_classes": 180,
      "baseline_full_acc": 84.595,
      "baseline_base_acc": 87.779,
      "baseline_novel_acc": 80.7,
      "selected_alpha": 0.5,
      "final_full_acc": 85.536,
      "final_base_acc": 87.675,
      "final_novel_acc": 82.921,
      "final_gain": 0.941,
      "updated_class_count": 79,
      "gated_query_count": 2283,
      "gated_base_count": 19,
      "gated_novel_count": 2264,
      "alpha_selection": {
        "mode": "pseudo_validation",
        "fallback_used": false,
        "selected_alpha": 0.5,
        "candidates": [
          {
            "alpha": 0.5,
            "pseudo_val_score": -0.16634,
            "pseudo_val_nll": 0.16634,
            "pseudo_val_agreement": 97.105
          },
          {
            "alpha": 0.75,
            "pseudo_val_score": -0.181952,
            "pseudo_val_nll": 0.181952,
            "pseudo_val_agreement": 96.251
          },
          {
            "alpha": 1.0,
            "pseudo_val_score": -0.198538,
            "pseudo_val_nll": 0.198538,
            "pseudo_val_agreement": 95.855
          }
        ],
        "split": {
          "novel_gated_query_count": 2283,
          "validation_count": 3281,
          "novel_validation_count": 457,
          "base_validation_count": 2824,
          "updated_class_count": 79,
          "per_class_counts": {
            "100": 20,
            "101": 10,
            "102": 30,
            "103": 30,
            "104": 0,
            "105": 30,
            "106": 17,
            "107": 26,
            "108": 28,
            "109": 30,
            "110": 21,
            "111": 38,
            "112": 39,
            "113": 29,
            "114": 12,
            "115": 43,
            "116": 52,
            "117": 48,
            "118": 17,
            "119": 28,
            "120": 28,
            "121": 29,
            "122": 26,
            "123": 36,
            "124": 35,
            "125": 23,
            "126": 15,
            "127": 26,
            "128": 36,
            "129": 6,
            "130": 28,
            "131": 30,
            "132": 28,
            "133": 28,
            "134": 29,
            "135": 24,
            "136": 35,
            "137": 28,
            "138": 30,
            "139": 30,
            "140": 27,
            "141": 19,
            "142": 31,
            "143": 17,
            "144": 47,
            "145": 40,
            "146": 28,
            "147": 29,
            "148": 31,
            "149": 29,
            "150": 21,
            "151": 29,
            "152": 42,
            "153": 30,
            "154": 24,
            "155": 35,
            "156": 23,
            "157": 31,
            "158": 30,
            "159": 30,
            "160": 26,
            "161": 24,
            "162": 32,
            "163": 30,
            "164": 26,
            "165": 27,
            "166": 24,
            "167": 30,
            "168": 28,
            "169": 26,
            "170": 26,
            "171": 35,
            "172": 42,
            "173": 28,
            "174": 41,
            "175": 34,
            "176": 32,
            "177": 27,
            "178": 16,
            "179": 38
          },
          "per_class_update_counts": {
            "100": 16,
            "101": 8,
            "102": 24,
            "103": 24,
            "104": 0,
            "105": 24,
            "106": 14,
            "107": 21,
            "108": 22,
            "109": 24,
            "110": 17,
            "111": 30,
            "112": 31,
            "113": 23,
            "114": 10,
            "115": 34,
            "116": 42,
            "117": 38,
            "118": 14,
            "119": 22,
            "120": 22,
            "121": 23,
            "122": 21,
            "123": 29,
            "124": 28,
            "125": 18,
            "126": 12,
            "127": 21,
            "128": 29,
            "129": 5,
            "130": 22,
            "131": 24,
            "132": 22,
            "133": 22,
            "134": 23,
            "135": 19,
            "136": 28,
            "137": 22,
            "138": 24,
            "139": 24,
            "140": 22,
            "141": 15,
            "142": 25,
            "143": 14,
            "144": 38,
            "145": 32,
            "146": 22,
            "147": 23,
            "148": 25,
            "149": 23,
            "150": 17,
            "151": 23,
            "152": 34,
            "153": 24,
            "154": 19,
            "155": 28,
            "156": 18,
            "157": 25,
            "158": 24,
            "159": 24,
            "160": 21,
            "161": 19,
            "162": 26,
            "163": 24,
            "164": 21,
            "165": 22,
            "166": 19,
            "167": 24,
            "168": 22,
            "169": 21,
            "170": 21,
            "171": 28,
            "172": 34,
            "173": 22,
            "174": 33,
            "175": 27,
            "176": 26,
            "177": 22,
            "178": 13,
            "179": 30
          },
          "per_class_validation_counts": {
            "100": 4,
            "101": 2,
            "102": 6,
            "103": 6,
            "104": 0,
            "105": 6,
            "106": 3,
            "107": 5,
            "108": 6,
            "109": 6,
            "110": 4,
            "111": 8,
            "112": 8,
            "113": 6,
            "114": 2,
            "115": 9,
            "116": 10,
            "117": 10,
            "118": 3,
            "119": 6,
            "120": 6,
            "121": 6,
            "122": 5,
            "123": 7,
            "124": 7,
            "125": 5,
            "126": 3,
            "127": 5,
            "128": 7,
            "129": 1,
            "130": 6,
            "131": 6,
            "132": 6,
            "133": 6,
            "134": 6,
            "135": 5,
            "136": 7,
            "137": 6,
            "138": 6,
            "139": 6,
            "140": 5,
            "141": 4,
            "142": 6,
            "143": 3,
            "144": 9,
            "145": 8,
            "146": 6,
            "147": 6,
            "148": 6,
            "149": 6,
            "150": 4,
            "151": 6,
            "152": 8,
            "153": 6,
            "154": 5,
            "155": 7,
            "156": 5,
            "157": 6,
            "158": 6,
            "159": 6,
            "160": 5,
            "161": 5,
            "162": 6,
            "163": 6,
            "164": 5,
            "165": 5,
            "166": 5,
            "167": 6,
            "168": 6,
            "169": 5,
            "170": 5,
            "171": 7,
            "172": 8,
            "173": 6,
            "174": 8,
            "175": 7,
            "176": 6,
            "177": 5,
            "178": 3,
            "179": 8
          }
        }
      }
    },
    {
      "session": 9,
      "num_seen_classes": 190,
      "baseline_full_acc": 85.002,
      "baseline_base_acc": 87.744,
      "baseline_novel_acc": 82.015,
      "selected_alpha": 0.5,
      "final_full_acc": 85.912,
      "final_base_acc": 87.64,
      "final_novel_acc": 84.03,
      "final_gain": 0.91,
      "updated_class_count": 89,
      "gated_query_count": 2570,
      "gated_base_count": 19,
      "gated_novel_count": 2551,
      "alpha_selection": {
        "mode": "pseudo_validation",
        "fallback_used": false,
        "selected_alpha": 0.5,
        "candidates": [
          {
            "alpha": 0.5,
            "pseudo_val_score": -0.171241,
            "pseudo_val_nll": 0.171241,
            "pseudo_val_agreement": 97.066
          },
          {
            "alpha": 0.75,
            "pseudo_val_score": -0.18685,
            "pseudo_val_nll": 0.18685,
            "pseudo_val_agreement": 96.198
          },
          {
            "alpha": 1.0,
            "pseudo_val_score": -0.203807,
            "pseudo_val_nll": 0.203807,
            "pseudo_val_agreement": 95.808
          }
        ],
        "split": {
          "novel_gated_query_count": 2570,
          "validation_count": 3340,
          "novel_validation_count": 515,
          "base_validation_count": 2825,
          "updated_class_count": 89,
          "per_class_counts": {
            "100": 20,
            "101": 10,
            "102": 30,
            "103": 30,
            "104": 0,
            "105": 30,
            "106": 17,
            "107": 26,
            "108": 28,
            "109": 30,
            "110": 21,
            "111": 38,
            "112": 39,
            "113": 29,
            "114": 12,
            "115": 43,
            "116": 52,
            "117": 48,
            "118": 16,
            "119": 28,
            "120": 28,
            "121": 29,
            "122": 26,
            "123": 36,
            "124": 35,
            "125": 23,
            "126": 15,
            "127": 26,
            "128": 36,
            "129": 6,
            "130": 28,
            "131": 30,
            "132": 28,
            "133": 28,
            "134": 29,
            "135": 24,
            "136": 35,
            "137": 28,
            "138": 30,
            "139": 30,
            "140": 27,
            "141": 19,
            "142": 31,
            "143": 17,
            "144": 47,
            "145": 40,
            "146": 28,
            "147": 29,
            "148": 31,
            "149": 29,
            "150": 21,
            "151": 29,
            "152": 42,
            "153": 30,
            "154": 24,
            "155": 35,
            "156": 22,
            "157": 31,
            "158": 30,
            "159": 30,
            "160": 26,
            "161": 24,
            "162": 32,
            "163": 30,
            "164": 26,
            "165": 27,
            "166": 24,
            "167": 30,
            "168": 28,
            "169": 26,
            "170": 26,
            "171": 35,
            "172": 42,
            "173": 28,
            "174": 42,
            "175": 34,
            "176": 32,
            "177": 28,
            "178": 16,
            "179": 38,
            "180": 28,
            "181": 30,
            "182": 30,
            "183": 30,
            "184": 29,
            "185": 31,
            "186": 21,
            "187": 30,
            "188": 30,
            "189": 28
          },
          "per_class_update_counts": {
            "100": 16,
            "101": 8,
            "102": 24,
            "103": 24,
            "104": 0,
            "105": 24,
            "106": 14,
            "107": 21,
            "108": 22,
            "109": 24,
            "110": 17,
            "111": 30,
            "112": 31,
            "113": 23,
            "114": 10,
            "115": 34,
            "116": 42,
            "117": 38,
            "118": 13,
            "119": 22,
            "120": 22,
            "121": 23,
            "122": 21,
            "123": 29,
            "124": 28,
            "125": 18,
            "126": 12,
            "127": 21,
            "128": 29,
            "129": 5,
            "130": 22,
            "131": 24,
            "132": 22,
            "133": 22,
            "134": 23,
            "135": 19,
            "136": 28,
            "137": 22,
            "138": 24,
            "139": 24,
            "140": 22,
            "141": 15,
            "142": 25,
            "143": 14,
            "144": 38,
            "145": 32,
            "146": 22,
            "147": 23,
            "148": 25,
            "149": 23,
            "150": 17,
            "151": 23,
            "152": 34,
            "153": 24,
            "154": 19,
            "155": 28,
            "156": 18,
            "157": 25,
            "158": 24,
            "159": 24,
            "160": 21,
            "161": 19,
            "162": 26,
            "163": 24,
            "164": 21,
            "165": 22,
            "166": 19,
            "167": 24,
            "168": 22,
            "169": 21,
            "170": 21,
            "171": 28,
            "172": 34,
            "173": 22,
            "174": 34,
            "175": 27,
            "176": 26,
            "177": 22,
            "178": 13,
            "179": 30,
            "180": 22,
            "181": 24,
            "182": 24,
            "183": 24,
            "184": 23,
            "185": 25,
            "186": 17,
            "187": 24,
            "188": 24,
            "189": 22
          },
          "per_class_validation_counts": {
            "100": 4,
            "101": 2,
            "102": 6,
            "103": 6,
            "104": 0,
            "105": 6,
            "106": 3,
            "107": 5,
            "108": 6,
            "109": 6,
            "110": 4,
            "111": 8,
            "112": 8,
            "113": 6,
            "114": 2,
            "115": 9,
            "116": 10,
            "117": 10,
            "118": 3,
            "119": 6,
            "120": 6,
            "121": 6,
            "122": 5,
            "123": 7,
            "124": 7,
            "125": 5,
            "126": 3,
            "127": 5,
            "128": 7,
            "129": 1,
            "130": 6,
            "131": 6,
            "132": 6,
            "133": 6,
            "134": 6,
            "135": 5,
            "136": 7,
            "137": 6,
            "138": 6,
            "139": 6,
            "140": 5,
            "141": 4,
            "142": 6,
            "143": 3,
            "144": 9,
            "145": 8,
            "146": 6,
            "147": 6,
            "148": 6,
            "149": 6,
            "150": 4,
            "151": 6,
            "152": 8,
            "153": 6,
            "154": 5,
            "155": 7,
            "156": 4,
            "157": 6,
            "158": 6,
            "159": 6,
            "160": 5,
            "161": 5,
            "162": 6,
            "163": 6,
            "164": 5,
            "165": 5,
            "166": 5,
            "167": 6,
            "168": 6,
            "169": 5,
            "170": 5,
            "171": 7,
            "172": 8,
            "173": 6,
            "174": 8,
            "175": 7,
            "176": 6,
            "177": 6,
            "178": 3,
            "179": 8,
            "180": 6,
            "181": 6,
            "182": 6,
            "183": 6,
            "184": 6,
            "185": 6,
            "186": 4,
            "187": 6,
            "188": 6,
            "189": 6
          }
        }
      }
    },
    {
      "session": 10,
      "num_seen_classes": 200,
      "baseline_full_acc": 85.416,
      "baseline_base_acc": 87.744,
      "baseline_novel_acc": 83.14,
      "selected_alpha": 0.5,
      "final_full_acc": 86.279,
      "final_base_acc": 87.605,
      "final_novel_acc": 84.983,
      "final_gain": 0.863,
      "updated_class_count": 99,
      "gated_query_count": 2869,
      "gated_base_count": 19,
      "gated_novel_count": 2850,
      "alpha_selection": {
        "mode": "pseudo_validation",
        "fallback_used": false,
        "selected_alpha": 0.5,
        "candidates": [
          {
            "alpha": 0.5,
            "pseudo_val_score": -0.176483,
            "pseudo_val_nll": 0.176483,
            "pseudo_val_agreement": 96.915
          },
          {
            "alpha": 0.75,
            "pseudo_val_score": -0.192103,
            "pseudo_val_nll": 0.192103,
            "pseudo_val_agreement": 96.063
          },
          {
            "alpha": 1.0,
            "pseudo_val_score": -0.209169,
            "pseudo_val_nll": 0.209169,
            "pseudo_val_agreement": 95.623
          }
        ],
        "split": {
          "novel_gated_query_count": 2869,
          "validation_count": 3404,
          "novel_validation_count": 574,
          "base_validation_count": 2830,
          "updated_class_count": 99,
          "per_class_counts": {
            "100": 20,
            "101": 10,
            "102": 30,
            "103": 30,
            "104": 0,
            "105": 30,
            "106": 17,
            "107": 26,
            "108": 28,
            "109": 30,
            "110": 21,
            "111": 38,
            "112": 39,
            "113": 29,
            "114": 12,
            "115": 43,
            "116": 52,
            "117": 49,
            "118": 16,
            "119": 28,
            "120": 28,
            "121": 29,
            "122": 26,
            "123": 36,
            "124": 35,
            "125": 23,
            "126": 15,
            "127": 26,
            "128": 37,
            "129": 6,
            "130": 28,
            "131": 30,
            "132": 28,
            "133": 28,
            "134": 29,
            "135": 24,
            "136": 35,
            "137": 28,
            "138": 30,
            "139": 30,
            "140": 27,
            "141": 19,
            "142": 31,
            "143": 17,
            "144": 47,
            "145": 40,
            "146": 28,
            "147": 29,
            "148": 30,
            "149": 29,
            "150": 21,
            "151": 29,
            "152": 42,
            "153": 30,
            "154": 25,
            "155": 35,
            "156": 22,
            "157": 31,
            "158": 30,
            "159": 30,
            "160": 26,
            "161": 24,
            "162": 32,
            "163": 30,
            "164": 26,
            "165": 27,
            "166": 24,
            "167": 29,
            "168": 28,
            "169": 26,
            "170": 26,
            "171": 35,
            "172": 43,
            "173": 28,
            "174": 42,
            "175": 34,
            "176": 32,
            "177": 28,
            "178": 16,
            "179": 38,
            "180": 27,
            "181": 30,
            "182": 30,
            "183": 30,
            "184": 29,
            "185": 31,
            "186": 20,
            "187": 30,
            "188": 33,
            "189": 28,
            "190": 27,
            "191": 31,
            "192": 27,
            "193": 30,
            "194": 38,
            "195": 25,
            "196": 26,
            "197": 29,
            "198": 32,
            "199": 31
          },
          "per_class_update_counts": {
            "100": 16,
            "101": 8,
            "102": 24,
            "103": 24,
            "104": 0,
            "105": 24,
            "106": 14,
            "107": 21,
            "108": 22,
            "109": 24,
            "110": 17,
            "111": 30,
            "112": 31,
            "113": 23,
            "114": 10,
            "115": 34,
            "116": 42,
            "117": 39,
            "118": 13,
            "119": 22,
            "120": 22,
            "121": 23,
            "122": 21,
            "123": 29,
            "124": 28,
            "125": 18,
            "126": 12,
            "127": 21,
            "128": 30,
            "129": 5,
            "130": 22,
            "131": 24,
            "132": 22,
            "133": 22,
            "134": 23,
            "135": 19,
            "136": 28,
            "137": 22,
            "138": 24,
            "139": 24,
            "140": 22,
            "141": 15,
            "142": 25,
            "143": 14,
            "144": 38,
            "145": 32,
            "146": 22,
            "147": 23,
            "148": 24,
            "149": 23,
            "150": 17,
            "151": 23,
            "152": 34,
            "153": 24,
            "154": 20,
            "155": 28,
            "156": 18,
            "157": 25,
            "158": 24,
            "159": 24,
            "160": 21,
            "161": 19,
            "162": 26,
            "163": 24,
            "164": 21,
            "165": 22,
            "166": 19,
            "167": 23,
            "168": 22,
            "169": 21,
            "170": 21,
            "171": 28,
            "172": 34,
            "173": 22,
            "174": 34,
            "175": 27,
            "176": 26,
            "177": 22,
            "178": 13,
            "179": 30,
            "180": 22,
            "181": 24,
            "182": 24,
            "183": 24,
            "184": 23,
            "185": 25,
            "186": 16,
            "187": 24,
            "188": 26,
            "189": 22,
            "190": 22,
            "191": 25,
            "192": 22,
            "193": 24,
            "194": 30,
            "195": 20,
            "196": 21,
            "197": 23,
            "198": 26,
            "199": 25
          },
          "per_class_validation_counts": {
            "100": 4,
            "101": 2,
            "102": 6,
            "103": 6,
            "104": 0,
            "105": 6,
            "106": 3,
            "107": 5,
            "108": 6,
            "109": 6,
            "110": 4,
            "111": 8,
            "112": 8,
            "113": 6,
            "114": 2,
            "115": 9,
            "116": 10,
            "117": 10,
            "118": 3,
            "119": 6,
            "120": 6,
            "121": 6,
            "122": 5,
            "123": 7,
            "124": 7,
            "125": 5,
            "126": 3,
            "127": 5,
            "128": 7,
            "129": 1,
            "130": 6,
            "131": 6,
            "132": 6,
            "133": 6,
            "134": 6,
            "135": 5,
            "136": 7,
            "137": 6,
            "138": 6,
            "139": 6,
            "140": 5,
            "141": 4,
            "142": 6,
            "143": 3,
            "144": 9,
            "145": 8,
            "146": 6,
            "147": 6,
            "148": 6,
            "149": 6,
            "150": 4,
            "151": 6,
            "152": 8,
            "153": 6,
            "154": 5,
            "155": 7,
            "156": 4,
            "157": 6,
            "158": 6,
            "159": 6,
            "160": 5,
            "161": 5,
            "162": 6,
            "163": 6,
            "164": 5,
            "165": 5,
            "166": 5,
            "167": 6,
            "168": 6,
            "169": 5,
            "170": 5,
            "171": 7,
            "172": 9,
            "173": 6,
            "174": 8,
            "175": 7,
            "176": 6,
            "177": 6,
            "178": 3,
            "179": 8,
            "180": 5,
            "181": 6,
            "182": 6,
            "183": 6,
            "184": 6,
            "185": 6,
            "186": 4,
            "187": 6,
            "188": 7,
            "189": 6,
            "190": 5,
            "191": 6,
            "192": 5,
            "193": 6,
            "194": 8,
            "195": 5,
            "196": 5,
            "197": 6,
            "198": 6,
            "199": 6
          }
        }
      }
    }
  ]
}
