/media/bio/data/BiMC-test/models/clip/clip.py:23: UserWarning: PyTorch version 1.7.1 or higher is recommended
  warnings.warn("PyTorch version 1.7.1 or higher is recommended")
manual seed: 9
use gpu: ['0']
Files already downloaded and verified
Files already downloaded and verified
Loading CLIP (backbone: ViT-B/16)
Prompt template:['a photo of a {}.']
Loading DinoV2 ViT-B/14 from local hub: /home/bio/.cache/torch/hub/facebookresearch_dinov2_main
/home/bio/.cache/torch/hub/facebookresearch_dinov2_main/dinov2/layers/swiglu_ffn.py:51: UserWarning: xFormers is not available (SwiGLU)
  warnings.warn("xFormers is not available (SwiGLU)")
/home/bio/.cache/torch/hub/facebookresearch_dinov2_main/dinov2/layers/attention.py:34: UserWarning: xFormers is not available (Attention)
  warnings.warn("xFormers is not available (Attention)")
/home/bio/.cache/torch/hub/facebookresearch_dinov2_main/dinov2/layers/block.py:41: UserWarning: xFormers is not available (Block)
  warnings.warn("xFormers is not available (Block)")
Loading DinoV2 weights: /home/bio/.cache/torch/hub/checkpoints/dinov2_vitb14_pretrain.pth
class names: ['apple' 'aquarium fish' 'baby' 'bear' 'beaver' 'bed' 'bee' 'beetle'
 'bicycle' 'bottle' 'bowl' 'boy' 'bridge' 'bus' 'butterfly' 'camel' 'can'
 'castle' 'caterpillar' 'cattle' 'chair' 'chimpanzee' 'clock' 'cloud'
 'cockroach' 'couch' 'crab' 'crocodile' 'cup' 'dinosaur' 'dolphin'
 'elephant' 'flatfish' 'forest' 'fox' 'girl' 'hamster' 'house' 'kangaroo'
 'keyboard' 'lamp' 'lawn mower' 'leopard' 'lion' 'lizard' 'lobster' 'man'
 'maple tree' 'motorcycle' 'mountain' 'mouse' 'mushroom' 'oak tree'
 'orange' 'orchid' 'otter' 'palm tree' 'pear' 'pickup truck' 'pine tree']
all targets:tensor([ 0,  1,  2,  3,  4,  5,  6,  7,  8,  9, 10, 11, 12, 13, 14, 15, 16, 17,
        18, 19, 20, 21, 22, 23, 24, 25, 26, 27, 28, 29, 30, 31, 32, 33, 34, 35,
        36, 37, 38, 39, 40, 41, 42, 43, 44, 45, 46, 47, 48, 49, 50, 51, 52, 53,
        54, 55, 56, 57, 58, 59], device='cuda:0')
dino all targets:tensor([ 0,  1,  2,  3,  4,  5,  6,  7,  8,  9, 10, 11, 12, 13, 14, 15, 16, 17,
        18, 19, 20, 21, 22, 23, 24, 25, 26, 27, 28, 29, 30, 31, 32, 33, 34, 35,
        36, 37, 38, 39, 40, 41, 42, 43, 44, 45, 46, 47, 48, 49, 50, 51, 52, 53,
        54, 55, 56, 57, 58, 59], device='cuda:0')
finish loading CLIP/DinoV2 covariance
class names: ['plain' 'plate' 'poppy' 'porcupine' 'possum']
all targets:tensor([60, 61, 62, 63, 64], device='cuda:0')
dino all targets:tensor([60, 61, 62, 63, 64], device='cuda:0')
finish loading CLIP/DinoV2 covariance
class names: ['rabbit' 'raccoon' 'ray' 'road' 'rocket']
all targets:tensor([65, 66, 67, 68, 69], device='cuda:0')
dino all targets:tensor([65, 66, 67, 68, 69], device='cuda:0')
finish loading CLIP/DinoV2 covariance
class names: ['rose' 'sea' 'seal' 'shark' 'shrew']
all targets:tensor([70, 71, 72, 73, 74], device='cuda:0')
dino all targets:tensor([70, 71, 72, 73, 74], device='cuda:0')
finish loading CLIP/DinoV2 covariance
class names: ['skunk' 'skyscraper' 'snail' 'snake' 'spider']
all targets:tensor([75, 76, 77, 78, 79], device='cuda:0')
dino all targets:tensor([75, 76, 77, 78, 79], device='cuda:0')
finish loading CLIP/DinoV2 covariance
class names: ['squirrel' 'streetcar' 'sunflower' 'sweet pepper' 'table']
all targets:tensor([80, 81, 82, 83, 84], device='cuda:0')
dino all targets:tensor([80, 81, 82, 83, 84], device='cuda:0')
finish loading CLIP/DinoV2 covariance
class names: ['tank' 'telephone' 'television' 'tiger' 'tractor']
all targets:tensor([85, 86, 87, 88, 89], device='cuda:0')
dino all targets:tensor([85, 86, 87, 88, 89], device='cuda:0')
finish loading CLIP/DinoV2 covariance
class names: ['train' 'trout' 'tulip' 'turtle' 'wardrobe']
all targets:tensor([90, 91, 92, 93, 94], device='cuda:0')
dino all targets:tensor([90, 91, 92, 93, 94], device='cuda:0')
finish loading CLIP/DinoV2 covariance
class names: ['whale' 'willow tree' 'wolf' 'woman' 'worm']
all targets:tensor([95, 96, 97, 98, 99], device='cuda:0')
dino all targets:tensor([95, 96, 97, 98, 99], device='cuda:0')
finish loading CLIP/DinoV2 covariance
session 0: baseline=89.750 final=89.750 gain=0.000
session 1: baseline=87.815 final=88.415 gain=0.600
session 2: baseline=87.529 final=88.271 gain=0.743
session 3: baseline=85.253 final=86.693 gain=1.440
session 4: baseline=85.275 final=86.725 gain=1.450
session 5: baseline=84.741 final=86.435 gain=1.694
session 6: baseline=85.000 final=86.811 gain=1.811
session 7: baseline=84.705 final=86.579 gain=1.874
session 8: baseline=83.030 final=85.290 gain=2.260
{
  "dataset": "CIFAR100",
  "seed": 9,
  "train_cfg": "experiments/bmvc_1256_20260508-124032/generated_configs/bimc_dino_fusion.yaml",
  "method": "sessionwise conservative query prototype refinement on bimc_dino_fusion with pseudo-validation alpha selection",
  "runtime_sec": 469.304,
  "alpha_grid": [
    0.5,
    0.75,
    1.0
  ],
  "alpha_selection": "pseudo_validation_no_test_labels",
  "mass_thr": 0.3,
  "min_count": 5,
  "val_fraction": 0.2,
  "base_val_conf_thr": 0.5,
  "base_val_max_per_class": 50,
  "fallback_alpha": 0.75,
  "topk_per_class": null,
  "baseline_acc_list": [
    89.75,
    87.815,
    87.529,
    85.253,
    85.275,
    84.741,
    85.0,
    84.705,
    83.03
  ],
  "final_acc_list": [
    89.75,
    88.415,
    88.271,
    86.693,
    86.725,
    86.435,
    86.811,
    86.579,
    85.29
  ],
  "gain_list": [
    0.0,
    0.6,
    0.743,
    1.44,
    1.45,
    1.694,
    1.811,
    1.874,
    2.26
  ],
  "baseline_avg": 85.9,
  "baseline_pd": 6.72,
  "final_avg": 87.219,
  "final_pd": 4.46,
  "gain_avg": 1.319,
  "session_results": [
    {
      "session": 0,
      "num_seen_classes": 60,
      "baseline_full_acc": 89.75,
      "baseline_base_acc": 89.75,
      "baseline_novel_acc": 0.0,
      "best_alpha": null,
      "final_full_acc": 89.75,
      "final_base_acc": 89.75,
      "final_novel_acc": 0.0,
      "final_gain": 0.0,
      "updated_class_count": 0,
      "gated_query_count": 0,
      "alpha_selection": {
        "mode": "not_applicable_base_session",
        "selected_alpha": null
      }
    },
    {
      "session": 1,
      "num_seen_classes": 65,
      "baseline_full_acc": 87.815,
      "baseline_base_acc": 89.467,
      "baseline_novel_acc": 68.0,
      "selected_alpha": 0.5,
      "final_full_acc": 88.415,
      "final_base_acc": 89.3,
      "final_novel_acc": 77.8,
      "final_gain": 0.6,
      "updated_class_count": 5,
      "gated_query_count": 356,
      "gated_base_count": 15,
      "gated_novel_count": 341,
      "alpha_selection": {
        "mode": "pseudo_validation",
        "fallback_used": false,
        "selected_alpha": 0.5,
        "candidates": [
          {
            "alpha": 0.5,
            "pseudo_val_score": -0.019714,
            "pseudo_val_nll": 0.019714,
            "pseudo_val_agreement": 99.902
          },
          {
            "alpha": 0.75,
            "pseudo_val_score": -0.020267,
            "pseudo_val_nll": 0.020267,
            "pseudo_val_agreement": 99.772
          },
          {
            "alpha": 1.0,
            "pseudo_val_score": -0.021443,
            "pseudo_val_nll": 0.021443,
            "pseudo_val_agreement": 99.739
          }
        ],
        "split": {
          "novel_gated_query_count": 356,
          "validation_count": 3070,
          "novel_validation_count": 70,
          "base_validation_count": 3000,
          "updated_class_count": 5,
          "per_class_counts": {
            "60": 87,
            "61": 65,
            "62": 97,
            "63": 50,
            "64": 57
          },
          "per_class_update_counts": {
            "60": 70,
            "61": 52,
            "62": 78,
            "63": 40,
            "64": 46
          },
          "per_class_validation_counts": {
            "60": 17,
            "61": 13,
            "62": 19,
            "63": 10,
            "64": 11
          }
        }
      }
    },
    {
      "session": 2,
      "num_seen_classes": 70,
      "baseline_full_acc": 87.529,
      "baseline_base_acc": 89.4,
      "baseline_novel_acc": 76.3,
      "selected_alpha": 0.5,
      "final_full_acc": 88.271,
      "final_base_acc": 89.167,
      "final_novel_acc": 82.9,
      "final_gain": 0.743,
      "updated_class_count": 10,
      "gated_query_count": 798,
      "gated_base_count": 20,
      "gated_novel_count": 778,
      "alpha_selection": {
        "mode": "pseudo_validation",
        "fallback_used": false,
        "selected_alpha": 0.5,
        "candidates": [
          {
            "alpha": 0.5,
            "pseudo_val_score": -0.038765,
            "pseudo_val_nll": 0.038765,
            "pseudo_val_agreement": 99.747
          },
          {
            "alpha": 0.75,
            "pseudo_val_score": -0.040724,
            "pseudo_val_nll": 0.040724,
            "pseudo_val_agreement": 99.367
          },
          {
            "alpha": 1.0,
            "pseudo_val_score": -0.044381,
            "pseudo_val_nll": 0.044381,
            "pseudo_val_agreement": 99.145
          }
        ],
        "split": {
          "novel_gated_query_count": 798,
          "validation_count": 3159,
          "novel_validation_count": 159,
          "base_validation_count": 3000,
          "updated_class_count": 10,
          "per_class_counts": {
            "60": 85,
            "61": 66,
            "62": 97,
            "63": 50,
            "64": 57,
            "65": 88,
            "66": 93,
            "67": 81,
            "68": 86,
            "69": 95
          },
          "per_class_update_counts": {
            "60": 68,
            "61": 53,
            "62": 78,
            "63": 40,
            "64": 46,
            "65": 70,
            "66": 74,
            "67": 65,
            "68": 69,
            "69": 76
          },
          "per_class_validation_counts": {
            "60": 17,
            "61": 13,
            "62": 19,
            "63": 10,
            "64": 11,
            "65": 18,
            "66": 19,
            "67": 16,
            "68": 17,
            "69": 19
          }
        }
      }
    },
    {
      "session": 3,
      "num_seen_classes": 75,
      "baseline_full_acc": 85.253,
      "baseline_base_acc": 89.317,
      "baseline_novel_acc": 69.0,
      "selected_alpha": 0.5,
      "final_full_acc": 86.693,
      "final_base_acc": 89.05,
      "final_novel_acc": 77.267,
      "final_gain": 1.44,
      "updated_class_count": 15,
      "gated_query_count": 1111,
      "gated_base_count": 28,
      "gated_novel_count": 1083,
      "alpha_selection": {
        "mode": "pseudo_validation",
        "fallback_used": false,
        "selected_alpha": 0.5,
        "candidates": [
          {
            "alpha": 0.5,
            "pseudo_val_score": -0.054115,
            "pseudo_val_nll": 0.054115,
            "pseudo_val_agreement": 99.565
          },
          {
            "alpha": 0.75,
            "pseudo_val_score": -0.056975,
            "pseudo_val_nll": 0.056975,
            "pseudo_val_agreement": 99.224
          },
          {
            "alpha": 1.0,
            "pseudo_val_score": -0.061911,
            "pseudo_val_nll": 0.061911,
            "pseudo_val_agreement": 98.759
          }
        ],
        "split": {
          "novel_gated_query_count": 1111,
          "validation_count": 3222,
          "novel_validation_count": 222,
          "base_validation_count": 3000,
          "updated_class_count": 15,
          "per_class_counts": {
            "60": 85,
            "61": 64,
            "62": 96,
            "63": 44,
            "64": 55,
            "65": 87,
            "66": 93,
            "67": 72,
            "68": 86,
            "69": 94,
            "70": 94,
            "71": 65,
            "72": 52,
            "73": 86,
            "74": 38
          },
          "per_class_update_counts": {
            "60": 68,
            "61": 51,
            "62": 77,
            "63": 35,
            "64": 44,
            "65": 70,
            "66": 74,
            "67": 58,
            "68": 69,
            "69": 75,
            "70": 75,
            "71": 52,
            "72": 42,
            "73": 69,
            "74": 30
          },
          "per_class_validation_counts": {
            "60": 17,
            "61": 13,
            "62": 19,
            "63": 9,
            "64": 11,
            "65": 17,
            "66": 19,
            "67": 14,
            "68": 17,
            "69": 19,
            "70": 19,
            "71": 13,
            "72": 10,
            "73": 17,
            "74": 8
          }
        }
      }
    },
    {
      "session": 4,
      "num_seen_classes": 80,
      "baseline_full_acc": 85.275,
      "baseline_base_acc": 89.25,
      "baseline_novel_acc": 73.35,
      "selected_alpha": 0.5,
      "final_full_acc": 86.725,
      "final_base_acc": 88.95,
      "final_novel_acc": 80.05,
      "final_gain": 1.45,
      "updated_class_count": 20,
      "gated_query_count": 1556,
      "gated_base_count": 35,
      "gated_novel_count": 1521,
      "alpha_selection": {
        "mode": "pseudo_validation",
        "fallback_used": false,
        "selected_alpha": 0.5,
        "candidates": [
          {
            "alpha": 0.5,
            "pseudo_val_score": -0.069216,
            "pseudo_val_nll": 0.069216,
            "pseudo_val_agreement": 99.547
          },
          {
            "alpha": 0.75,
            "pseudo_val_score": -0.072344,
            "pseudo_val_nll": 0.072344,
            "pseudo_val_agreement": 99.034
          },
          {
            "alpha": 1.0,
            "pseudo_val_score": -0.077954,
            "pseudo_val_nll": 0.077954,
            "pseudo_val_agreement": 98.521
          }
        ],
        "split": {
          "novel_gated_query_count": 1556,
          "validation_count": 3312,
          "novel_validation_count": 312,
          "base_validation_count": 3000,
          "updated_class_count": 20,
          "per_class_counts": {
            "60": 87,
            "61": 64,
            "62": 96,
            "63": 43,
            "64": 55,
            "65": 87,
            "66": 93,
            "67": 72,
            "68": 86,
            "69": 96,
            "70": 94,
            "71": 65,
            "72": 52,
            "73": 86,
            "74": 39,
            "75": 93,
            "76": 89,
            "77": 88,
            "78": 93,
            "79": 78
          },
          "per_class_update_counts": {
            "60": 70,
            "61": 51,
            "62": 77,
            "63": 34,
            "64": 44,
            "65": 70,
            "66": 74,
            "67": 58,
            "68": 69,
            "69": 77,
            "70": 75,
            "71": 52,
            "72": 42,
            "73": 69,
            "74": 31,
            "75": 74,
            "76": 71,
            "77": 70,
            "78": 74,
            "79": 62
          },
          "per_class_validation_counts": {
            "60": 17,
            "61": 13,
            "62": 19,
            "63": 9,
            "64": 11,
            "65": 17,
            "66": 19,
            "67": 14,
            "68": 17,
            "69": 19,
            "70": 19,
            "71": 13,
            "72": 10,
            "73": 17,
            "74": 8,
            "75": 19,
            "76": 18,
            "77": 18,
            "78": 19,
            "79": 16
          }
        }
      }
    },
    {
      "session": 5,
      "num_seen_classes": 85,
      "baseline_full_acc": 84.741,
      "baseline_base_acc": 89.133,
      "baseline_novel_acc": 74.2,
      "selected_alpha": 0.5,
      "final_full_acc": 86.435,
      "final_base_acc": 88.85,
      "final_novel_acc": 80.64,
      "final_gain": 1.694,
      "updated_class_count": 25,
      "gated_query_count": 1957,
      "gated_base_count": 42,
      "gated_novel_count": 1915,
      "alpha_selection": {
        "mode": "pseudo_validation",
        "fallback_used": false,
        "selected_alpha": 0.5,
        "candidates": [
          {
            "alpha": 0.5,
            "pseudo_val_score": -0.083013,
            "pseudo_val_nll": 0.083013,
            "pseudo_val_agreement": 99.44
          },
          {
            "alpha": 0.75,
            "pseudo_val_score": -0.086704,
            "pseudo_val_nll": 0.086704,
            "pseudo_val_agreement": 98.939
          },
          {
            "alpha": 1.0,
            "pseudo_val_score": -0.093547,
            "pseudo_val_nll": 0.093547,
            "pseudo_val_agreement": 98.262
          }
        ],
        "split": {
          "novel_gated_query_count": 1957,
          "validation_count": 3394,
          "novel_validation_count": 394,
          "base_validation_count": 3000,
          "updated_class_count": 25,
          "per_class_counts": {
            "60": 85,
            "61": 64,
            "62": 99,
            "63": 43,
            "64": 55,
            "65": 87,
            "66": 91,
            "67": 73,
            "68": 86,
            "69": 96,
            "70": 94,
            "71": 64,
            "72": 53,
            "73": 86,
            "74": 40,
            "75": 93,
            "76": 90,
            "77": 88,
            "78": 93,
            "79": 78,
            "80": 72,
            "81": 73,
            "82": 97,
            "83": 84,
            "84": 73
          },
          "per_class_update_counts": {
            "60": 68,
            "61": 51,
            "62": 79,
            "63": 34,
            "64": 44,
            "65": 70,
            "66": 73,
            "67": 58,
            "68": 69,
            "69": 77,
            "70": 75,
            "71": 51,
            "72": 42,
            "73": 69,
            "74": 32,
            "75": 74,
            "76": 72,
            "77": 70,
            "78": 74,
            "79": 62,
            "80": 58,
            "81": 58,
            "82": 78,
            "83": 67,
            "84": 58
          },
          "per_class_validation_counts": {
            "60": 17,
            "61": 13,
            "62": 20,
            "63": 9,
            "64": 11,
            "65": 17,
            "66": 18,
            "67": 15,
            "68": 17,
            "69": 19,
            "70": 19,
            "71": 13,
            "72": 11,
            "73": 17,
            "74": 8,
            "75": 19,
            "76": 18,
            "77": 18,
            "78": 19,
            "79": 16,
            "80": 14,
            "81": 15,
            "82": 19,
            "83": 17,
            "84": 15
          }
        }
      }
    },
    {
      "session": 6,
      "num_seen_classes": 90,
      "baseline_full_acc": 85.0,
      "baseline_base_acc": 89.083,
      "baseline_novel_acc": 76.833,
      "selected_alpha": 0.5,
      "final_full_acc": 86.811,
      "final_base_acc": 88.767,
      "final_novel_acc": 82.9,
      "final_gain": 1.811,
      "updated_class_count": 30,
      "gated_query_count": 2429,
      "gated_base_count": 54,
      "gated_novel_count": 2375,
      "alpha_selection": {
        "mode": "pseudo_validation",
        "fallback_used": false,
        "selected_alpha": 0.5,
        "candidates": [
          {
            "alpha": 0.5,
            "pseudo_val_score": -0.098568,
            "pseudo_val_nll": 0.098568,
            "pseudo_val_agreement": 99.341
          },
          {
            "alpha": 0.75,
            "pseudo_val_score": -0.103008,
            "pseudo_val_nll": 0.103008,
            "pseudo_val_agreement": 98.481
          },
          {
            "alpha": 1.0,
            "pseudo_val_score": -0.111315,
            "pseudo_val_nll": 0.111315,
            "pseudo_val_agreement": 97.707
          }
        ],
        "split": {
          "novel_gated_query_count": 2429,
          "validation_count": 3489,
          "novel_validation_count": 489,
          "base_validation_count": 3000,
          "updated_class_count": 30,
          "per_class_counts": {
            "60": 86,
            "61": 65,
            "62": 99,
            "63": 43,
            "64": 55,
            "65": 87,
            "66": 92,
            "67": 73,
            "68": 86,
            "69": 93,
            "70": 94,
            "71": 64,
            "72": 53,
            "73": 86,
            "74": 43,
            "75": 93,
            "76": 89,
            "77": 88,
            "78": 93,
            "79": 78,
            "80": 71,
            "81": 73,
            "82": 97,
            "83": 84,
            "84": 74,
            "85": 94,
            "86": 90,
            "87": 92,
            "88": 95,
            "89": 99
          },
          "per_class_update_counts": {
            "60": 69,
            "61": 52,
            "62": 79,
            "63": 34,
            "64": 44,
            "65": 70,
            "66": 74,
            "67": 58,
            "68": 69,
            "69": 74,
            "70": 75,
            "71": 51,
            "72": 42,
            "73": 69,
            "74": 34,
            "75": 74,
            "76": 71,
            "77": 70,
            "78": 74,
            "79": 62,
            "80": 57,
            "81": 58,
            "82": 78,
            "83": 67,
            "84": 59,
            "85": 75,
            "86": 72,
            "87": 74,
            "88": 76,
            "89": 79
          },
          "per_class_validation_counts": {
            "60": 17,
            "61": 13,
            "62": 20,
            "63": 9,
            "64": 11,
            "65": 17,
            "66": 18,
            "67": 15,
            "68": 17,
            "69": 19,
            "70": 19,
            "71": 13,
            "72": 11,
            "73": 17,
            "74": 9,
            "75": 19,
            "76": 18,
            "77": 18,
            "78": 19,
            "79": 16,
            "80": 14,
            "81": 15,
            "82": 19,
            "83": 17,
            "84": 15,
            "85": 19,
            "86": 18,
            "87": 18,
            "88": 19,
            "89": 20
          }
        }
      }
    },
    {
      "session": 7,
      "num_seen_classes": 95,
      "baseline_full_acc": 84.705,
      "baseline_base_acc": 88.967,
      "baseline_novel_acc": 77.4,
      "selected_alpha": 0.5,
      "final_full_acc": 86.579,
      "final_base_acc": 88.65,
      "final_novel_acc": 83.029,
      "final_gain": 1.874,
      "updated_class_count": 35,
      "gated_query_count": 2879,
      "gated_base_count": 63,
      "gated_novel_count": 2816,
      "alpha_selection": {
        "mode": "pseudo_validation",
        "fallback_used": false,
        "selected_alpha": 0.5,
        "candidates": [
          {
            "alpha": 0.5,
            "pseudo_val_score": -0.114642,
            "pseudo_val_nll": 0.114642,
            "pseudo_val_agreement": 99.133
          },
          {
            "alpha": 0.75,
            "pseudo_val_score": -0.119745,
            "pseudo_val_nll": 0.119745,
            "pseudo_val_agreement": 98.406
          },
          {
            "alpha": 1.0,
            "pseudo_val_score": -0.129244,
            "pseudo_val_nll": 0.129244,
            "pseudo_val_agreement": 97.484
          }
        ],
        "split": {
          "novel_gated_query_count": 2879,
          "validation_count": 3577,
          "novel_validation_count": 577,
          "base_validation_count": 3000,
          "updated_class_count": 35,
          "per_class_counts": {
            "60": 85,
            "61": 64,
            "62": 103,
            "63": 43,
            "64": 55,
            "65": 86,
            "66": 92,
            "67": 70,
            "68": 86,
            "69": 93,
            "70": 96,
            "71": 64,
            "72": 51,
            "73": 86,
            "74": 43,
            "75": 93,
            "76": 89,
            "77": 89,
            "78": 93,
            "79": 78,
            "80": 72,
            "81": 83,
            "82": 97,
            "83": 85,
            "84": 75,
            "85": 94,
            "86": 90,
            "87": 92,
            "88": 95,
            "89": 99,
            "90": 84,
            "91": 91,
            "92": 91,
            "93": 76,
            "94": 96
          },
          "per_class_update_counts": {
            "60": 68,
            "61": 51,
            "62": 82,
            "63": 34,
            "64": 44,
            "65": 69,
            "66": 74,
            "67": 56,
            "68": 69,
            "69": 74,
            "70": 77,
            "71": 51,
            "72": 41,
            "73": 69,
            "74": 34,
            "75": 74,
            "76": 71,
            "77": 71,
            "78": 74,
            "79": 62,
            "80": 58,
            "81": 66,
            "82": 78,
            "83": 68,
            "84": 60,
            "85": 75,
            "86": 72,
            "87": 74,
            "88": 76,
            "89": 79,
            "90": 67,
            "91": 73,
            "92": 73,
            "93": 61,
            "94": 77
          },
          "per_class_validation_counts": {
            "60": 17,
            "61": 13,
            "62": 21,
            "63": 9,
            "64": 11,
            "65": 17,
            "66": 18,
            "67": 14,
            "68": 17,
            "69": 19,
            "70": 19,
            "71": 13,
            "72": 10,
            "73": 17,
            "74": 9,
            "75": 19,
            "76": 18,
            "77": 18,
            "78": 19,
            "79": 16,
            "80": 14,
            "81": 17,
            "82": 19,
            "83": 17,
            "84": 15,
            "85": 19,
            "86": 18,
            "87": 18,
            "88": 19,
            "89": 20,
            "90": 17,
            "91": 18,
            "92": 18,
            "93": 15,
            "94": 19
          }
        }
      }
    },
    {
      "session": 8,
      "num_seen_classes": 100,
      "baseline_full_acc": 83.03,
      "baseline_base_acc": 88.6,
      "baseline_novel_acc": 74.675,
      "selected_alpha": 0.5,
      "final_full_acc": 85.29,
      "final_base_acc": 88.267,
      "final_novel_acc": 80.825,
      "final_gain": 2.26,
      "updated_class_count": 40,
      "gated_query_count": 3196,
      "gated_base_count": 69,
      "gated_novel_count": 3127,
      "alpha_selection": {
        "mode": "pseudo_validation",
        "fallback_used": false,
        "selected_alpha": 0.5,
        "candidates": [
          {
            "alpha": 0.5,
            "pseudo_val_score": -0.125927,
            "pseudo_val_nll": 0.125927,
            "pseudo_val_agreement": 98.818
          },
          {
            "alpha": 0.75,
            "pseudo_val_score": -0.132473,
            "pseudo_val_nll": 0.132473,
            "pseudo_val_agreement": 98.076
          },
          {
            "alpha": 1.0,
            "pseudo_val_score": -0.144055,
            "pseudo_val_nll": 0.144055,
            "pseudo_val_agreement": 97.032
          }
        ],
        "split": {
          "novel_gated_query_count": 3196,
          "validation_count": 3639,
          "novel_validation_count": 639,
          "base_validation_count": 3000,
          "updated_class_count": 40,
          "per_class_counts": {
            "60": 85,
            "61": 65,
            "62": 102,
            "63": 42,
            "64": 55,
            "65": 87,
            "66": 93,
            "67": 70,
            "68": 86,
            "69": 94,
            "70": 96,
            "71": 66,
            "72": 52,
            "73": 86,
            "74": 40,
            "75": 94,
            "76": 89,
            "77": 88,
            "78": 71,
            "79": 78,
            "80": 72,
            "81": 83,
            "82": 97,
            "83": 85,
            "84": 74,
            "85": 95,
            "86": 90,
            "87": 92,
            "88": 95,
            "89": 98,
            "90": 83,
            "91": 91,
            "92": 91,
            "93": 76,
            "94": 96,
            "95": 63,
            "96": 35,
            "97": 90,
            "98": 38,
            "99": 113
          },
          "per_class_update_counts": {
            "60": 68,
            "61": 52,
            "62": 82,
            "63": 34,
            "64": 44,
            "65": 70,
            "66": 74,
            "67": 56,
            "68": 69,
            "69": 75,
            "70": 77,
            "71": 53,
            "72": 42,
            "73": 69,
            "74": 32,
            "75": 75,
            "76": 71,
            "77": 70,
            "78": 57,
            "79": 62,
            "80": 58,
            "81": 66,
            "82": 78,
            "83": 68,
            "84": 59,
            "85": 76,
            "86": 72,
            "87": 74,
            "88": 76,
            "89": 78,
            "90": 66,
            "91": 73,
            "92": 73,
            "93": 61,
            "94": 77,
            "95": 50,
            "96": 28,
            "97": 72,
            "98": 30,
            "99": 90
          },
          "per_class_validation_counts": {
            "60": 17,
            "61": 13,
            "62": 20,
            "63": 8,
            "64": 11,
            "65": 17,
            "66": 19,
            "67": 14,
            "68": 17,
            "69": 19,
            "70": 19,
            "71": 13,
            "72": 10,
            "73": 17,
            "74": 8,
            "75": 19,
            "76": 18,
            "77": 18,
            "78": 14,
            "79": 16,
            "80": 14,
            "81": 17,
            "82": 19,
            "83": 17,
            "84": 15,
            "85": 19,
            "86": 18,
            "87": 18,
            "88": 19,
            "89": 20,
            "90": 17,
            "91": 18,
            "92": 18,
            "93": 15,
            "94": 19,
            "95": 13,
            "96": 7,
            "97": 18,
            "98": 8,
            "99": 23
          }
        }
      }
    }
  ]
}
