/media/ndag/newVolume/BiMC-test/models/clip/clip.py:23: UserWarning: PyTorch version 1.7.1 or higher is recommended
  warnings.warn("PyTorch version 1.7.1 or higher is recommended")
manual seed: 15
use gpu: ['0']
Loading CLIP (backbone: ViT-B/16)
Prompt template:['a photo of a {}.']
Loading DinoV2 ViT-B/14 from local hub: /home/ndag/.cache/torch/hub/facebookresearch_dinov2_main
/home/ndag/.cache/torch/hub/facebookresearch_dinov2_main/dinov2/layers/swiglu_ffn.py:51: UserWarning: xFormers is not available (SwiGLU)
  warnings.warn("xFormers is not available (SwiGLU)")
/home/ndag/.cache/torch/hub/facebookresearch_dinov2_main/dinov2/layers/attention.py:36: UserWarning: xFormers is not available (Attention)
  warnings.warn("xFormers is not available (Attention)")
/home/ndag/.cache/torch/hub/facebookresearch_dinov2_main/dinov2/layers/block.py:40: UserWarning: xFormers is not available (Block)
  warnings.warn("xFormers is not available (Block)")
Loading DinoV2 weights: /home/ndag/.cache/torch/hub/checkpoints/dinov2_vitb14_pretrain.pth
class names: ['house finch' 'robin' 'triceratops' 'green mamba' 'harvestman' 'toucan'
 'goose' 'jellyfish' 'nematode' 'king crab' 'dugong' 'Walker hound'
 'Ibizan hound' 'Saluki' 'golden retriever' 'Gordon setter' 'komondor'
 'boxer' 'Tibetan mastiff' 'French bulldog' 'malamute' 'dalmatian'
 'Newfoundland' 'miniature poodle' 'white wolf' 'African hunting dog'
 'Arctic fox' 'lion' 'meerkat' 'ladybug' 'rhinoceros beetle' 'ant'
 'black-footed ferret' 'three-toed sloth' 'rock beauty' 'aircraft carrier'
 'ashcan' 'barrel' 'beer bottle' 'bookshop' 'cannon' 'carousel' 'carton'
 'catamaran' 'chime' 'clog' 'cocktail shaker' 'combination lock' 'crate'
 'cuirass' 'dishrag' 'dome' 'electric guitar' 'file' 'fire screen'
 'frying pan' 'garbage truck' 'hair slide' 'holster' 'horizontal bar']
all targets:tensor([ 0,  1,  2,  3,  4,  5,  6,  7,  8,  9, 10, 11, 12, 13, 14, 15, 16, 17,
        18, 19, 20, 21, 22, 23, 24, 25, 26, 27, 28, 29, 30, 31, 32, 33, 34, 35,
        36, 37, 38, 39, 40, 41, 42, 43, 44, 45, 46, 47, 48, 49, 50, 51, 52, 53,
        54, 55, 56, 57, 58, 59], device='cuda:0')
dino all targets:tensor([ 0,  1,  2,  3,  4,  5,  6,  7,  8,  9, 10, 11, 12, 13, 14, 15, 16, 17,
        18, 19, 20, 21, 22, 23, 24, 25, 26, 27, 28, 29, 30, 31, 32, 33, 34, 35,
        36, 37, 38, 39, 40, 41, 42, 43, 44, 45, 46, 47, 48, 49, 50, 51, 52, 53,
        54, 55, 56, 57, 58, 59], device='cuda:0')
finish loading CLIP/DinoV2 covariance
class names: ['hourglass' 'iPod' 'lipstick' 'miniskirt' 'missile']
all targets:tensor([60, 61, 62, 63, 64], device='cuda:0')
dino all targets:tensor([60, 61, 62, 63, 64], device='cuda:0')
finish loading CLIP/DinoV2 covariance
class names: ['mixing bowl' 'oboe' 'organ' 'parallel bars' 'pencil box']
all targets:tensor([65, 66, 67, 68, 69], device='cuda:0')
dino all targets:tensor([65, 66, 67, 68, 69], device='cuda:0')
finish loading CLIP/DinoV2 covariance
class names: ['photocopier' 'poncho' 'prayer rug' 'reel' 'school bus']
all targets:tensor([70, 71, 72, 73, 74], device='cuda:0')
dino all targets:tensor([70, 71, 72, 73, 74], device='cuda:0')
finish loading CLIP/DinoV2 covariance
class names: ['scoreboard' 'slot' 'snorkel' 'solar dish' 'spider web']
all targets:tensor([75, 76, 77, 78, 79], device='cuda:0')
dino all targets:tensor([75, 76, 77, 78, 79], device='cuda:0')
finish loading CLIP/DinoV2 covariance
class names: ['stage' 'tank' 'theater curtain' 'tile roof' 'tobacco shop']
all targets:tensor([80, 81, 82, 83, 84], device='cuda:0')
dino all targets:tensor([80, 81, 82, 83, 84], device='cuda:0')
finish loading CLIP/DinoV2 covariance
class names: ['unicycle' 'upright' 'vase' 'wok' 'worm fence']
all targets:tensor([85, 86, 87, 88, 89], device='cuda:0')
dino all targets:tensor([85, 86, 87, 88, 89], device='cuda:0')
finish loading CLIP/DinoV2 covariance
class names: ['yawl' 'street sign' 'consomme' 'trifle' 'hotdog']
all targets:tensor([90, 91, 92, 93, 94], device='cuda:0')
dino all targets:tensor([90, 91, 92, 93, 94], device='cuda:0')
finish loading CLIP/DinoV2 covariance
class names: ['orange' 'cliff' 'coral reef' 'bolete' 'ear']
all targets:tensor([95, 96, 97, 98, 99], device='cuda:0')
dino all targets:tensor([95, 96, 97, 98, 99], device='cuda:0')
finish loading CLIP/DinoV2 covariance
session 0: baseline=97.100 final=97.100 gain=0.000
session 1: baseline=96.846 final=96.938 gain=0.092
session 2: baseline=95.500 final=95.657 gain=0.157
session 3: baseline=95.560 final=95.693 gain=0.133
session 4: baseline=95.538 final=95.700 gain=0.163
session 5: baseline=95.047 final=95.424 gain=0.376
session 6: baseline=94.156 final=94.578 gain=0.422
session 7: baseline=94.032 final=94.463 gain=0.432
session 8: baseline=93.900 final=94.320 gain=0.420
{
  "dataset": "miniimagenet",
  "seed": 15,
  "train_cfg": "experiments/bmvc_1256_20260508-124032/generated_configs/bimc_dino_fusion.yaml",
  "method": "sessionwise conservative query prototype refinement on bimc_dino_fusion with pseudo-validation alpha selection",
  "runtime_sec": 449.14,
  "alpha_grid": [
    0.5,
    0.75,
    1.0
  ],
  "alpha_selection": "pseudo_validation_no_test_labels",
  "mass_thr": 0.3,
  "min_count": 5,
  "val_fraction": 0.2,
  "base_val_conf_thr": 0.5,
  "base_val_max_per_class": 50,
  "fallback_alpha": 0.75,
  "topk_per_class": null,
  "baseline_acc_list": [
    97.1,
    96.846,
    95.5,
    95.56,
    95.538,
    95.047,
    94.156,
    94.032,
    93.9
  ],
  "final_acc_list": [
    97.1,
    96.938,
    95.657,
    95.693,
    95.7,
    95.424,
    94.578,
    94.463,
    94.32
  ],
  "gain_list": [
    0.0,
    0.092,
    0.157,
    0.133,
    0.163,
    0.376,
    0.422,
    0.432,
    0.42
  ],
  "baseline_avg": 95.298,
  "baseline_pd": 3.2,
  "final_avg": 95.541,
  "final_pd": 2.78,
  "gain_avg": 0.244,
  "session_results": [
    {
      "session": 0,
      "num_seen_classes": 60,
      "baseline_full_acc": 97.1,
      "baseline_base_acc": 97.1,
      "baseline_novel_acc": 0.0,
      "best_alpha": null,
      "final_full_acc": 97.1,
      "final_base_acc": 97.1,
      "final_novel_acc": 0.0,
      "final_gain": 0.0,
      "updated_class_count": 0,
      "gated_query_count": 0,
      "alpha_selection": {
        "mode": "not_applicable_base_session",
        "selected_alpha": null
      }
    },
    {
      "session": 1,
      "num_seen_classes": 65,
      "baseline_full_acc": 96.846,
      "baseline_base_acc": 97.0,
      "baseline_novel_acc": 95.0,
      "selected_alpha": 0.5,
      "final_full_acc": 96.938,
      "final_base_acc": 97.0,
      "final_novel_acc": 96.2,
      "final_gain": 0.092,
      "updated_class_count": 5,
      "gated_query_count": 485,
      "gated_base_count": 4,
      "gated_novel_count": 481,
      "alpha_selection": {
        "mode": "pseudo_validation",
        "fallback_used": false,
        "selected_alpha": 0.5,
        "candidates": [
          {
            "alpha": 0.5,
            "pseudo_val_score": -0.016542,
            "pseudo_val_nll": 0.016542,
            "pseudo_val_agreement": 100.0
          },
          {
            "alpha": 0.75,
            "pseudo_val_score": -0.01659,
            "pseudo_val_nll": 0.01659,
            "pseudo_val_agreement": 100.0
          },
          {
            "alpha": 1.0,
            "pseudo_val_score": -0.016755,
            "pseudo_val_nll": 0.016755,
            "pseudo_val_agreement": 100.0
          }
        ],
        "split": {
          "novel_gated_query_count": 485,
          "validation_count": 3098,
          "novel_validation_count": 98,
          "base_validation_count": 3000,
          "updated_class_count": 5,
          "per_class_counts": {
            "60": 99,
            "61": 98,
            "62": 93,
            "63": 99,
            "64": 96
          },
          "per_class_update_counts": {
            "60": 79,
            "61": 78,
            "62": 74,
            "63": 79,
            "64": 77
          },
          "per_class_validation_counts": {
            "60": 20,
            "61": 20,
            "62": 19,
            "63": 20,
            "64": 19
          }
        }
      }
    },
    {
      "session": 2,
      "num_seen_classes": 70,
      "baseline_full_acc": 95.5,
      "baseline_base_acc": 96.917,
      "baseline_novel_acc": 87.0,
      "selected_alpha": 0.5,
      "final_full_acc": 95.657,
      "final_base_acc": 96.783,
      "final_novel_acc": 88.9,
      "final_gain": 0.157,
      "updated_class_count": 10,
      "gated_query_count": 886,
      "gated_base_count": 10,
      "gated_novel_count": 876,
      "alpha_selection": {
        "mode": "pseudo_validation",
        "fallback_used": false,
        "selected_alpha": 0.5,
        "candidates": [
          {
            "alpha": 0.5,
            "pseudo_val_score": -0.031189,
            "pseudo_val_nll": 0.031189,
            "pseudo_val_agreement": 99.843
          },
          {
            "alpha": 0.75,
            "pseudo_val_score": -0.031827,
            "pseudo_val_nll": 0.031827,
            "pseudo_val_agreement": 99.811
          },
          {
            "alpha": 1.0,
            "pseudo_val_score": -0.032935,
            "pseudo_val_nll": 0.032935,
            "pseudo_val_agreement": 99.748
          }
        ],
        "split": {
          "novel_gated_query_count": 886,
          "validation_count": 3178,
          "novel_validation_count": 178,
          "base_validation_count": 3000,
          "updated_class_count": 10,
          "per_class_counts": {
            "60": 99,
            "61": 98,
            "62": 93,
            "63": 99,
            "64": 96,
            "65": 94,
            "66": 98,
            "67": 102,
            "68": 15,
            "69": 92
          },
          "per_class_update_counts": {
            "60": 79,
            "61": 78,
            "62": 74,
            "63": 79,
            "64": 77,
            "65": 75,
            "66": 78,
            "67": 82,
            "68": 12,
            "69": 74
          },
          "per_class_validation_counts": {
            "60": 20,
            "61": 20,
            "62": 19,
            "63": 20,
            "64": 19,
            "65": 19,
            "66": 20,
            "67": 20,
            "68": 3,
            "69": 18
          }
        }
      }
    },
    {
      "session": 3,
      "num_seen_classes": 75,
      "baseline_full_acc": 95.56,
      "baseline_base_acc": 96.917,
      "baseline_novel_acc": 90.133,
      "selected_alpha": 0.5,
      "final_full_acc": 95.693,
      "final_base_acc": 96.75,
      "final_novel_acc": 91.467,
      "final_gain": 0.133,
      "updated_class_count": 15,
      "gated_query_count": 1374,
      "gated_base_count": 12,
      "gated_novel_count": 1362,
      "alpha_selection": {
        "mode": "pseudo_validation",
        "fallback_used": false,
        "selected_alpha": 0.5,
        "candidates": [
          {
            "alpha": 0.5,
            "pseudo_val_score": -0.04704,
            "pseudo_val_nll": 0.04704,
            "pseudo_val_agreement": 99.786
          },
          {
            "alpha": 0.75,
            "pseudo_val_score": -0.047973,
            "pseudo_val_nll": 0.047973,
            "pseudo_val_agreement": 99.664
          },
          {
            "alpha": 1.0,
            "pseudo_val_score": -0.049526,
            "pseudo_val_nll": 0.049526,
            "pseudo_val_agreement": 99.512
          }
        ],
        "split": {
          "novel_gated_query_count": 1374,
          "validation_count": 3276,
          "novel_validation_count": 276,
          "base_validation_count": 3000,
          "updated_class_count": 15,
          "per_class_counts": {
            "60": 99,
            "61": 98,
            "62": 94,
            "63": 99,
            "64": 96,
            "65": 94,
            "66": 98,
            "67": 102,
            "68": 15,
            "69": 92,
            "70": 97,
            "71": 94,
            "72": 98,
            "73": 98,
            "74": 100
          },
          "per_class_update_counts": {
            "60": 79,
            "61": 78,
            "62": 75,
            "63": 79,
            "64": 77,
            "65": 75,
            "66": 78,
            "67": 82,
            "68": 12,
            "69": 74,
            "70": 78,
            "71": 75,
            "72": 78,
            "73": 78,
            "74": 80
          },
          "per_class_validation_counts": {
            "60": 20,
            "61": 20,
            "62": 19,
            "63": 20,
            "64": 19,
            "65": 19,
            "66": 20,
            "67": 20,
            "68": 3,
            "69": 18,
            "70": 19,
            "71": 19,
            "72": 20,
            "73": 20,
            "74": 20
          }
        }
      }
    },
    {
      "session": 4,
      "num_seen_classes": 80,
      "baseline_full_acc": 95.538,
      "baseline_base_acc": 96.85,
      "baseline_novel_acc": 91.6,
      "selected_alpha": 0.5,
      "final_full_acc": 95.7,
      "final_base_acc": 96.7,
      "final_novel_acc": 92.7,
      "final_gain": 0.163,
      "updated_class_count": 20,
      "gated_query_count": 1865,
      "gated_base_count": 17,
      "gated_novel_count": 1848,
      "alpha_selection": {
        "mode": "pseudo_validation",
        "fallback_used": false,
        "selected_alpha": 0.5,
        "candidates": [
          {
            "alpha": 0.5,
            "pseudo_val_score": -0.061363,
            "pseudo_val_nll": 0.061363,
            "pseudo_val_agreement": 99.763
          },
          {
            "alpha": 0.75,
            "pseudo_val_score": -0.062828,
            "pseudo_val_nll": 0.062828,
            "pseudo_val_agreement": 99.615
          },
          {
            "alpha": 1.0,
            "pseudo_val_score": -0.06486,
            "pseudo_val_nll": 0.06486,
            "pseudo_val_agreement": 99.467
          }
        ],
        "split": {
          "novel_gated_query_count": 1865,
          "validation_count": 3375,
          "novel_validation_count": 375,
          "base_validation_count": 3000,
          "updated_class_count": 20,
          "per_class_counts": {
            "60": 99,
            "61": 98,
            "62": 93,
            "63": 98,
            "64": 96,
            "65": 95,
            "66": 97,
            "67": 104,
            "68": 15,
            "69": 93,
            "70": 97,
            "71": 93,
            "72": 98,
            "73": 98,
            "74": 100,
            "75": 100,
            "76": 99,
            "77": 99,
            "78": 92,
            "79": 101
          },
          "per_class_update_counts": {
            "60": 79,
            "61": 78,
            "62": 74,
            "63": 78,
            "64": 77,
            "65": 76,
            "66": 78,
            "67": 83,
            "68": 12,
            "69": 74,
            "70": 78,
            "71": 74,
            "72": 78,
            "73": 78,
            "74": 80,
            "75": 80,
            "76": 79,
            "77": 79,
            "78": 74,
            "79": 81
          },
          "per_class_validation_counts": {
            "60": 20,
            "61": 20,
            "62": 19,
            "63": 20,
            "64": 19,
            "65": 19,
            "66": 19,
            "67": 21,
            "68": 3,
            "69": 19,
            "70": 19,
            "71": 19,
            "72": 20,
            "73": 20,
            "74": 20,
            "75": 20,
            "76": 20,
            "77": 20,
            "78": 18,
            "79": 20
          }
        }
      }
    },
    {
      "session": 5,
      "num_seen_classes": 85,
      "baseline_full_acc": 95.047,
      "baseline_base_acc": 96.7,
      "baseline_novel_acc": 91.08,
      "selected_alpha": 0.5,
      "final_full_acc": 95.424,
      "final_base_acc": 96.517,
      "final_novel_acc": 92.8,
      "final_gain": 0.376,
      "updated_class_count": 25,
      "gated_query_count": 2347,
      "gated_base_count": 27,
      "gated_novel_count": 2320,
      "alpha_selection": {
        "mode": "pseudo_validation",
        "fallback_used": false,
        "selected_alpha": 0.5,
        "candidates": [
          {
            "alpha": 0.5,
            "pseudo_val_score": -0.077269,
            "pseudo_val_nll": 0.077269,
            "pseudo_val_agreement": 99.654
          },
          {
            "alpha": 0.75,
            "pseudo_val_score": -0.080099,
            "pseudo_val_nll": 0.080099,
            "pseudo_val_agreement": 99.338
          },
          {
            "alpha": 1.0,
            "pseudo_val_score": -0.084136,
            "pseudo_val_nll": 0.084136,
            "pseudo_val_agreement": 99.136
          }
        ],
        "split": {
          "novel_gated_query_count": 2347,
          "validation_count": 3473,
          "novel_validation_count": 473,
          "base_validation_count": 3000,
          "updated_class_count": 25,
          "per_class_counts": {
            "60": 99,
            "61": 98,
            "62": 93,
            "63": 99,
            "64": 95,
            "65": 94,
            "66": 98,
            "67": 104,
            "68": 16,
            "69": 93,
            "70": 97,
            "71": 92,
            "72": 98,
            "73": 98,
            "74": 100,
            "75": 100,
            "76": 99,
            "77": 99,
            "78": 88,
            "79": 101,
            "80": 94,
            "81": 103,
            "82": 101,
            "83": 100,
            "84": 88
          },
          "per_class_update_counts": {
            "60": 79,
            "61": 78,
            "62": 74,
            "63": 79,
            "64": 76,
            "65": 75,
            "66": 78,
            "67": 83,
            "68": 13,
            "69": 74,
            "70": 78,
            "71": 74,
            "72": 78,
            "73": 78,
            "74": 80,
            "75": 80,
            "76": 79,
            "77": 79,
            "78": 70,
            "79": 81,
            "80": 75,
            "81": 82,
            "82": 81,
            "83": 80,
            "84": 70
          },
          "per_class_validation_counts": {
            "60": 20,
            "61": 20,
            "62": 19,
            "63": 20,
            "64": 19,
            "65": 19,
            "66": 20,
            "67": 21,
            "68": 3,
            "69": 19,
            "70": 19,
            "71": 18,
            "72": 20,
            "73": 20,
            "74": 20,
            "75": 20,
            "76": 20,
            "77": 20,
            "78": 18,
            "79": 20,
            "80": 19,
            "81": 21,
            "82": 20,
            "83": 20,
            "84": 18
          }
        }
      }
    },
    {
      "session": 6,
      "num_seen_classes": 90,
      "baseline_full_acc": 94.156,
      "baseline_base_acc": 96.55,
      "baseline_novel_acc": 89.367,
      "selected_alpha": 0.5,
      "final_full_acc": 94.578,
      "final_base_acc": 96.267,
      "final_novel_acc": 91.2,
      "final_gain": 0.422,
      "updated_class_count": 30,
      "gated_query_count": 2776,
      "gated_base_count": 33,
      "gated_novel_count": 2743,
      "alpha_selection": {
        "mode": "pseudo_validation",
        "fallback_used": false,
        "selected_alpha": 0.5,
        "candidates": [
          {
            "alpha": 0.5,
            "pseudo_val_score": -0.092868,
            "pseudo_val_nll": 0.092868,
            "pseudo_val_agreement": 99.41
          },
          {
            "alpha": 0.75,
            "pseudo_val_score": -0.097787,
            "pseudo_val_nll": 0.097787,
            "pseudo_val_agreement": 99.044
          },
          {
            "alpha": 1.0,
            "pseudo_val_score": -0.104018,
            "pseudo_val_nll": 0.104018,
            "pseudo_val_agreement": 98.791
          }
        ],
        "split": {
          "novel_gated_query_count": 2776,
          "validation_count": 3557,
          "novel_validation_count": 557,
          "base_validation_count": 3000,
          "updated_class_count": 30,
          "per_class_counts": {
            "60": 99,
            "61": 98,
            "62": 93,
            "63": 97,
            "64": 95,
            "65": 97,
            "66": 98,
            "67": 95,
            "68": 16,
            "69": 93,
            "70": 97,
            "71": 92,
            "72": 98,
            "73": 98,
            "74": 100,
            "75": 100,
            "76": 99,
            "77": 99,
            "78": 88,
            "79": 101,
            "80": 96,
            "81": 103,
            "82": 102,
            "83": 100,
            "84": 89,
            "85": 96,
            "86": 105,
            "87": 96,
            "88": 43,
            "89": 93
          },
          "per_class_update_counts": {
            "60": 79,
            "61": 78,
            "62": 74,
            "63": 78,
            "64": 76,
            "65": 78,
            "66": 78,
            "67": 76,
            "68": 13,
            "69": 74,
            "70": 78,
            "71": 74,
            "72": 78,
            "73": 78,
            "74": 80,
            "75": 80,
            "76": 79,
            "77": 79,
            "78": 70,
            "79": 81,
            "80": 77,
            "81": 82,
            "82": 82,
            "83": 80,
            "84": 71,
            "85": 77,
            "86": 84,
            "87": 77,
            "88": 34,
            "89": 74
          },
          "per_class_validation_counts": {
            "60": 20,
            "61": 20,
            "62": 19,
            "63": 19,
            "64": 19,
            "65": 19,
            "66": 20,
            "67": 19,
            "68": 3,
            "69": 19,
            "70": 19,
            "71": 18,
            "72": 20,
            "73": 20,
            "74": 20,
            "75": 20,
            "76": 20,
            "77": 20,
            "78": 18,
            "79": 20,
            "80": 19,
            "81": 21,
            "82": 20,
            "83": 20,
            "84": 18,
            "85": 19,
            "86": 21,
            "87": 19,
            "88": 9,
            "89": 19
          }
        }
      }
    },
    {
      "session": 7,
      "num_seen_classes": 95,
      "baseline_full_acc": 94.032,
      "baseline_base_acc": 96.467,
      "baseline_novel_acc": 89.857,
      "selected_alpha": 0.5,
      "final_full_acc": 94.463,
      "final_base_acc": 96.133,
      "final_novel_acc": 91.6,
      "final_gain": 0.432,
      "updated_class_count": 35,
      "gated_query_count": 3268,
      "gated_base_count": 38,
      "gated_novel_count": 3230,
      "alpha_selection": {
        "mode": "pseudo_validation",
        "fallback_used": false,
        "selected_alpha": 0.5,
        "candidates": [
          {
            "alpha": 0.5,
            "pseudo_val_score": -0.105729,
            "pseudo_val_nll": 0.105729,
            "pseudo_val_agreement": 99.289
          },
          {
            "alpha": 0.75,
            "pseudo_val_score": -0.111248,
            "pseudo_val_nll": 0.111248,
            "pseudo_val_agreement": 98.933
          },
          {
            "alpha": 1.0,
            "pseudo_val_score": -0.118521,
            "pseudo_val_nll": 0.118521,
            "pseudo_val_agreement": 98.632
          }
        ],
        "split": {
          "novel_gated_query_count": 3268,
          "validation_count": 3655,
          "novel_validation_count": 655,
          "base_validation_count": 3000,
          "updated_class_count": 35,
          "per_class_counts": {
            "60": 99,
            "61": 98,
            "62": 93,
            "63": 98,
            "64": 95,
            "65": 93,
            "66": 98,
            "67": 95,
            "68": 16,
            "69": 92,
            "70": 97,
            "71": 92,
            "72": 98,
            "73": 98,
            "74": 100,
            "75": 100,
            "76": 99,
            "77": 99,
            "78": 87,
            "79": 101,
            "80": 96,
            "81": 103,
            "82": 102,
            "83": 99,
            "84": 89,
            "85": 96,
            "86": 105,
            "87": 97,
            "88": 35,
            "89": 94,
            "90": 88,
            "91": 102,
            "92": 110,
            "93": 103,
            "94": 101
          },
          "per_class_update_counts": {
            "60": 79,
            "61": 78,
            "62": 74,
            "63": 78,
            "64": 76,
            "65": 74,
            "66": 78,
            "67": 76,
            "68": 13,
            "69": 74,
            "70": 78,
            "71": 74,
            "72": 78,
            "73": 78,
            "74": 80,
            "75": 80,
            "76": 79,
            "77": 79,
            "78": 70,
            "79": 81,
            "80": 77,
            "81": 82,
            "82": 82,
            "83": 79,
            "84": 71,
            "85": 77,
            "86": 84,
            "87": 78,
            "88": 28,
            "89": 75,
            "90": 70,
            "91": 82,
            "92": 88,
            "93": 82,
            "94": 81
          },
          "per_class_validation_counts": {
            "60": 20,
            "61": 20,
            "62": 19,
            "63": 20,
            "64": 19,
            "65": 19,
            "66": 20,
            "67": 19,
            "68": 3,
            "69": 18,
            "70": 19,
            "71": 18,
            "72": 20,
            "73": 20,
            "74": 20,
            "75": 20,
            "76": 20,
            "77": 20,
            "78": 17,
            "79": 20,
            "80": 19,
            "81": 21,
            "82": 20,
            "83": 20,
            "84": 18,
            "85": 19,
            "86": 21,
            "87": 19,
            "88": 7,
            "89": 19,
            "90": 18,
            "91": 20,
            "92": 22,
            "93": 21,
            "94": 20
          }
        }
      }
    },
    {
      "session": 8,
      "num_seen_classes": 100,
      "baseline_full_acc": 93.9,
      "baseline_base_acc": 96.317,
      "baseline_novel_acc": 90.275,
      "selected_alpha": 0.5,
      "final_full_acc": 94.32,
      "final_base_acc": 95.967,
      "final_novel_acc": 91.85,
      "final_gain": 0.42,
      "updated_class_count": 40,
      "gated_query_count": 3753,
      "gated_base_count": 45,
      "gated_novel_count": 3708,
      "alpha_selection": {
        "mode": "pseudo_validation",
        "fallback_used": false,
        "selected_alpha": 0.5,
        "candidates": [
          {
            "alpha": 0.5,
            "pseudo_val_score": -0.119197,
            "pseudo_val_nll": 0.119197,
            "pseudo_val_agreement": 99.254
          },
          {
            "alpha": 0.75,
            "pseudo_val_score": -0.125579,
            "pseudo_val_nll": 0.125579,
            "pseudo_val_agreement": 98.774
          },
          {
            "alpha": 1.0,
            "pseudo_val_score": -0.133903,
            "pseudo_val_nll": 0.133903,
            "pseudo_val_agreement": 98.454
          }
        ],
        "split": {
          "novel_gated_query_count": 3753,
          "validation_count": 3751,
          "novel_validation_count": 751,
          "base_validation_count": 3000,
          "updated_class_count": 40,
          "per_class_counts": {
            "60": 99,
            "61": 98,
            "62": 93,
            "63": 98,
            "64": 95,
            "65": 93,
            "66": 98,
            "67": 95,
            "68": 16,
            "69": 92,
            "70": 97,
            "71": 92,
            "72": 98,
            "73": 98,
            "74": 100,
            "75": 100,
            "76": 99,
            "77": 97,
            "78": 87,
            "79": 101,
            "80": 96,
            "81": 103,
            "82": 102,
            "83": 99,
            "84": 90,
            "85": 97,
            "86": 105,
            "87": 97,
            "88": 34,
            "89": 94,
            "90": 89,
            "91": 102,
            "92": 109,
            "93": 104,
            "94": 102,
            "95": 98,
            "96": 97,
            "97": 92,
            "98": 99,
            "99": 98
          },
          "per_class_update_counts": {
            "60": 79,
            "61": 78,
            "62": 74,
            "63": 78,
            "64": 76,
            "65": 74,
            "66": 78,
            "67": 76,
            "68": 13,
            "69": 74,
            "70": 78,
            "71": 74,
            "72": 78,
            "73": 78,
            "74": 80,
            "75": 80,
            "76": 79,
            "77": 78,
            "78": 70,
            "79": 81,
            "80": 77,
            "81": 82,
            "82": 82,
            "83": 79,
            "84": 72,
            "85": 78,
            "86": 84,
            "87": 78,
            "88": 27,
            "89": 75,
            "90": 71,
            "91": 82,
            "92": 87,
            "93": 83,
            "94": 82,
            "95": 78,
            "96": 78,
            "97": 74,
            "98": 79,
            "99": 78
          },
          "per_class_validation_counts": {
            "60": 20,
            "61": 20,
            "62": 19,
            "63": 20,
            "64": 19,
            "65": 19,
            "66": 20,
            "67": 19,
            "68": 3,
            "69": 18,
            "70": 19,
            "71": 18,
            "72": 20,
            "73": 20,
            "74": 20,
            "75": 20,
            "76": 20,
            "77": 19,
            "78": 17,
            "79": 20,
            "80": 19,
            "81": 21,
            "82": 20,
            "83": 20,
            "84": 18,
            "85": 19,
            "86": 21,
            "87": 19,
            "88": 7,
            "89": 19,
            "90": 18,
            "91": 20,
            "92": 22,
            "93": 21,
            "94": 20,
            "95": 20,
            "96": 19,
            "97": 18,
            "98": 20,
            "99": 20
          }
        }
      }
    }
  ]
}
