/media/ndag/newVolume/BiMC-test/models/clip/clip.py:23: UserWarning: PyTorch version 1.7.1 or higher is recommended
  warnings.warn("PyTorch version 1.7.1 or higher is recommended")
manual seed: 12
use gpu: ['0']
Loading CLIP (backbone: ViT-B/16)
Prompt template:['a photo of a {}.']
Loading DinoV2 ViT-B/14 from local hub: /home/ndag/.cache/torch/hub/facebookresearch_dinov2_main
/home/ndag/.cache/torch/hub/facebookresearch_dinov2_main/dinov2/layers/swiglu_ffn.py:51: UserWarning: xFormers is not available (SwiGLU)
  warnings.warn("xFormers is not available (SwiGLU)")
/home/ndag/.cache/torch/hub/facebookresearch_dinov2_main/dinov2/layers/attention.py:36: UserWarning: xFormers is not available (Attention)
  warnings.warn("xFormers is not available (Attention)")
/home/ndag/.cache/torch/hub/facebookresearch_dinov2_main/dinov2/layers/block.py:40: UserWarning: xFormers is not available (Block)
  warnings.warn("xFormers is not available (Block)")
Loading DinoV2 weights: /home/ndag/.cache/torch/hub/checkpoints/dinov2_vitb14_pretrain.pth
class names: ['house finch' 'robin' 'triceratops' 'green mamba' 'harvestman' 'toucan'
 'goose' 'jellyfish' 'nematode' 'king crab' 'dugong' 'Walker hound'
 'Ibizan hound' 'Saluki' 'golden retriever' 'Gordon setter' 'komondor'
 'boxer' 'Tibetan mastiff' 'French bulldog' 'malamute' 'dalmatian'
 'Newfoundland' 'miniature poodle' 'white wolf' 'African hunting dog'
 'Arctic fox' 'lion' 'meerkat' 'ladybug' 'rhinoceros beetle' 'ant'
 'black-footed ferret' 'three-toed sloth' 'rock beauty' 'aircraft carrier'
 'ashcan' 'barrel' 'beer bottle' 'bookshop' 'cannon' 'carousel' 'carton'
 'catamaran' 'chime' 'clog' 'cocktail shaker' 'combination lock' 'crate'
 'cuirass' 'dishrag' 'dome' 'electric guitar' 'file' 'fire screen'
 'frying pan' 'garbage truck' 'hair slide' 'holster' 'horizontal bar']
all targets:tensor([ 0,  1,  2,  3,  4,  5,  6,  7,  8,  9, 10, 11, 12, 13, 14, 15, 16, 17,
        18, 19, 20, 21, 22, 23, 24, 25, 26, 27, 28, 29, 30, 31, 32, 33, 34, 35,
        36, 37, 38, 39, 40, 41, 42, 43, 44, 45, 46, 47, 48, 49, 50, 51, 52, 53,
        54, 55, 56, 57, 58, 59], device='cuda:0')
dino all targets:tensor([ 0,  1,  2,  3,  4,  5,  6,  7,  8,  9, 10, 11, 12, 13, 14, 15, 16, 17,
        18, 19, 20, 21, 22, 23, 24, 25, 26, 27, 28, 29, 30, 31, 32, 33, 34, 35,
        36, 37, 38, 39, 40, 41, 42, 43, 44, 45, 46, 47, 48, 49, 50, 51, 52, 53,
        54, 55, 56, 57, 58, 59], device='cuda:0')
finish loading CLIP/DinoV2 covariance
class names: ['hourglass' 'iPod' 'lipstick' 'miniskirt' 'missile']
all targets:tensor([60, 61, 62, 63, 64], device='cuda:0')
dino all targets:tensor([60, 61, 62, 63, 64], device='cuda:0')
finish loading CLIP/DinoV2 covariance
class names: ['mixing bowl' 'oboe' 'organ' 'parallel bars' 'pencil box']
all targets:tensor([65, 66, 67, 68, 69], device='cuda:0')
dino all targets:tensor([65, 66, 67, 68, 69], device='cuda:0')
finish loading CLIP/DinoV2 covariance
class names: ['photocopier' 'poncho' 'prayer rug' 'reel' 'school bus']
all targets:tensor([70, 71, 72, 73, 74], device='cuda:0')
dino all targets:tensor([70, 71, 72, 73, 74], device='cuda:0')
finish loading CLIP/DinoV2 covariance
class names: ['scoreboard' 'slot' 'snorkel' 'solar dish' 'spider web']
all targets:tensor([75, 76, 77, 78, 79], device='cuda:0')
dino all targets:tensor([75, 76, 77, 78, 79], device='cuda:0')
finish loading CLIP/DinoV2 covariance
class names: ['stage' 'tank' 'theater curtain' 'tile roof' 'tobacco shop']
all targets:tensor([80, 81, 82, 83, 84], device='cuda:0')
dino all targets:tensor([80, 81, 82, 83, 84], device='cuda:0')
finish loading CLIP/DinoV2 covariance
class names: ['unicycle' 'upright' 'vase' 'wok' 'worm fence']
all targets:tensor([85, 86, 87, 88, 89], device='cuda:0')
dino all targets:tensor([85, 86, 87, 88, 89], device='cuda:0')
finish loading CLIP/DinoV2 covariance
class names: ['yawl' 'street sign' 'consomme' 'trifle' 'hotdog']
all targets:tensor([90, 91, 92, 93, 94], device='cuda:0')
dino all targets:tensor([90, 91, 92, 93, 94], device='cuda:0')
finish loading CLIP/DinoV2 covariance
class names: ['orange' 'cliff' 'coral reef' 'bolete' 'ear']
all targets:tensor([95, 96, 97, 98, 99], device='cuda:0')
dino all targets:tensor([95, 96, 97, 98, 99], device='cuda:0')
finish loading CLIP/DinoV2 covariance
session 0: baseline=97.100 final=97.100 gain=0.000
session 1: baseline=96.985 final=97.062 gain=0.077
session 2: baseline=95.557 final=95.586 gain=0.029
session 3: baseline=95.653 final=95.693 gain=0.040
session 4: baseline=95.688 final=95.713 gain=0.025
session 5: baseline=95.153 final=95.341 gain=0.188
session 6: baseline=94.189 final=94.744 gain=0.556
session 7: baseline=94.105 final=94.600 gain=0.495
session 8: baseline=93.990 final=94.510 gain=0.520
{
  "dataset": "miniimagenet",
  "seed": 12,
  "train_cfg": "experiments/bmvc_1256_20260508-124032/generated_configs/bimc_dino_fusion.yaml",
  "method": "sessionwise conservative query prototype refinement on bimc_dino_fusion with pseudo-validation alpha selection",
  "runtime_sec": 449.138,
  "alpha_grid": [
    0.5,
    0.75,
    1.0
  ],
  "alpha_selection": "pseudo_validation_no_test_labels",
  "mass_thr": 0.3,
  "min_count": 5,
  "val_fraction": 0.2,
  "base_val_conf_thr": 0.5,
  "base_val_max_per_class": 50,
  "fallback_alpha": 0.75,
  "topk_per_class": null,
  "baseline_acc_list": [
    97.1,
    96.985,
    95.557,
    95.653,
    95.688,
    95.153,
    94.189,
    94.105,
    93.99
  ],
  "final_acc_list": [
    97.1,
    97.062,
    95.586,
    95.693,
    95.713,
    95.341,
    94.744,
    94.6,
    94.51
  ],
  "gain_list": [
    0.0,
    0.077,
    0.029,
    0.04,
    0.025,
    0.188,
    0.556,
    0.495,
    0.52
  ],
  "baseline_avg": 95.38,
  "baseline_pd": 3.11,
  "final_avg": 95.594,
  "final_pd": 2.59,
  "gain_avg": 0.214,
  "session_results": [
    {
      "session": 0,
      "num_seen_classes": 60,
      "baseline_full_acc": 97.1,
      "baseline_base_acc": 97.1,
      "baseline_novel_acc": 0.0,
      "best_alpha": null,
      "final_full_acc": 97.1,
      "final_base_acc": 97.1,
      "final_novel_acc": 0.0,
      "final_gain": 0.0,
      "updated_class_count": 0,
      "gated_query_count": 0,
      "alpha_selection": {
        "mode": "not_applicable_base_session",
        "selected_alpha": null
      }
    },
    {
      "session": 1,
      "num_seen_classes": 65,
      "baseline_full_acc": 96.985,
      "baseline_base_acc": 97.05,
      "baseline_novel_acc": 96.2,
      "selected_alpha": 0.5,
      "final_full_acc": 97.062,
      "final_base_acc": 97.033,
      "final_novel_acc": 97.4,
      "final_gain": 0.077,
      "updated_class_count": 5,
      "gated_query_count": 486,
      "gated_base_count": 3,
      "gated_novel_count": 483,
      "alpha_selection": {
        "mode": "pseudo_validation",
        "fallback_used": false,
        "selected_alpha": 0.5,
        "candidates": [
          {
            "alpha": 0.5,
            "pseudo_val_score": -0.017401,
            "pseudo_val_nll": 0.017401,
            "pseudo_val_agreement": 99.935
          },
          {
            "alpha": 0.75,
            "pseudo_val_score": -0.01835,
            "pseudo_val_nll": 0.01835,
            "pseudo_val_agreement": 99.903
          },
          {
            "alpha": 1.0,
            "pseudo_val_score": -0.019421,
            "pseudo_val_nll": 0.019421,
            "pseudo_val_agreement": 99.903
          }
        ],
        "split": {
          "novel_gated_query_count": 486,
          "validation_count": 3098,
          "novel_validation_count": 98,
          "base_validation_count": 3000,
          "updated_class_count": 5,
          "per_class_counts": {
            "60": 99,
            "61": 98,
            "62": 99,
            "63": 94,
            "64": 96
          },
          "per_class_update_counts": {
            "60": 79,
            "61": 78,
            "62": 79,
            "63": 75,
            "64": 77
          },
          "per_class_validation_counts": {
            "60": 20,
            "61": 20,
            "62": 20,
            "63": 19,
            "64": 19
          }
        }
      }
    },
    {
      "session": 2,
      "num_seen_classes": 70,
      "baseline_full_acc": 95.557,
      "baseline_base_acc": 96.55,
      "baseline_novel_acc": 89.6,
      "selected_alpha": 0.5,
      "final_full_acc": 95.586,
      "final_base_acc": 96.417,
      "final_novel_acc": 90.6,
      "final_gain": 0.029,
      "updated_class_count": 10,
      "gated_query_count": 924,
      "gated_base_count": 25,
      "gated_novel_count": 899,
      "alpha_selection": {
        "mode": "pseudo_validation",
        "fallback_used": false,
        "selected_alpha": 0.5,
        "candidates": [
          {
            "alpha": 0.5,
            "pseudo_val_score": -0.033611,
            "pseudo_val_nll": 0.033611,
            "pseudo_val_agreement": 99.874
          },
          {
            "alpha": 0.75,
            "pseudo_val_score": -0.035274,
            "pseudo_val_nll": 0.035274,
            "pseudo_val_agreement": 99.686
          },
          {
            "alpha": 1.0,
            "pseudo_val_score": -0.037624,
            "pseudo_val_nll": 0.037624,
            "pseudo_val_agreement": 99.592
          }
        ],
        "split": {
          "novel_gated_query_count": 924,
          "validation_count": 3186,
          "novel_validation_count": 186,
          "base_validation_count": 3000,
          "updated_class_count": 10,
          "per_class_counts": {
            "60": 99,
            "61": 98,
            "62": 99,
            "63": 95,
            "64": 96,
            "65": 85,
            "66": 98,
            "67": 102,
            "68": 59,
            "69": 93
          },
          "per_class_update_counts": {
            "60": 79,
            "61": 78,
            "62": 79,
            "63": 76,
            "64": 77,
            "65": 68,
            "66": 78,
            "67": 82,
            "68": 47,
            "69": 74
          },
          "per_class_validation_counts": {
            "60": 20,
            "61": 20,
            "62": 20,
            "63": 19,
            "64": 19,
            "65": 17,
            "66": 20,
            "67": 20,
            "68": 12,
            "69": 19
          }
        }
      }
    },
    {
      "session": 3,
      "num_seen_classes": 75,
      "baseline_full_acc": 95.653,
      "baseline_base_acc": 96.617,
      "baseline_novel_acc": 91.8,
      "selected_alpha": 0.5,
      "final_full_acc": 95.693,
      "final_base_acc": 96.483,
      "final_novel_acc": 92.533,
      "final_gain": 0.04,
      "updated_class_count": 15,
      "gated_query_count": 1412,
      "gated_base_count": 29,
      "gated_novel_count": 1383,
      "alpha_selection": {
        "mode": "pseudo_validation",
        "fallback_used": false,
        "selected_alpha": 0.5,
        "candidates": [
          {
            "alpha": 0.5,
            "pseudo_val_score": -0.049119,
            "pseudo_val_nll": 0.049119,
            "pseudo_val_agreement": 99.848
          },
          {
            "alpha": 0.75,
            "pseudo_val_score": -0.050765,
            "pseudo_val_nll": 0.050765,
            "pseudo_val_agreement": 99.695
          },
          {
            "alpha": 1.0,
            "pseudo_val_score": -0.053184,
            "pseudo_val_nll": 0.053184,
            "pseudo_val_agreement": 99.574
          }
        ],
        "split": {
          "novel_gated_query_count": 1412,
          "validation_count": 3283,
          "novel_validation_count": 283,
          "base_validation_count": 3000,
          "updated_class_count": 15,
          "per_class_counts": {
            "60": 99,
            "61": 99,
            "62": 99,
            "63": 94,
            "64": 96,
            "65": 85,
            "66": 98,
            "67": 102,
            "68": 59,
            "69": 93,
            "70": 99,
            "71": 92,
            "72": 97,
            "73": 100,
            "74": 100
          },
          "per_class_update_counts": {
            "60": 79,
            "61": 79,
            "62": 79,
            "63": 75,
            "64": 77,
            "65": 68,
            "66": 78,
            "67": 82,
            "68": 47,
            "69": 74,
            "70": 79,
            "71": 74,
            "72": 78,
            "73": 80,
            "74": 80
          },
          "per_class_validation_counts": {
            "60": 20,
            "61": 20,
            "62": 20,
            "63": 19,
            "64": 19,
            "65": 17,
            "66": 20,
            "67": 20,
            "68": 12,
            "69": 19,
            "70": 20,
            "71": 18,
            "72": 19,
            "73": 20,
            "74": 20
          }
        }
      }
    },
    {
      "session": 4,
      "num_seen_classes": 80,
      "baseline_full_acc": 95.688,
      "baseline_base_acc": 96.533,
      "baseline_novel_acc": 93.15,
      "selected_alpha": 0.5,
      "final_full_acc": 95.713,
      "final_base_acc": 96.333,
      "final_novel_acc": 93.85,
      "final_gain": 0.025,
      "updated_class_count": 20,
      "gated_query_count": 1904,
      "gated_base_count": 32,
      "gated_novel_count": 1872,
      "alpha_selection": {
        "mode": "pseudo_validation",
        "fallback_used": false,
        "selected_alpha": 0.5,
        "candidates": [
          {
            "alpha": 0.5,
            "pseudo_val_score": -0.063045,
            "pseudo_val_nll": 0.063045,
            "pseudo_val_agreement": 99.823
          },
          {
            "alpha": 0.75,
            "pseudo_val_score": -0.064781,
            "pseudo_val_nll": 0.064781,
            "pseudo_val_agreement": 99.675
          },
          {
            "alpha": 1.0,
            "pseudo_val_score": -0.067362,
            "pseudo_val_nll": 0.067362,
            "pseudo_val_agreement": 99.497
          }
        ],
        "split": {
          "novel_gated_query_count": 1904,
          "validation_count": 3382,
          "novel_validation_count": 382,
          "base_validation_count": 3000,
          "updated_class_count": 20,
          "per_class_counts": {
            "60": 99,
            "61": 99,
            "62": 100,
            "63": 95,
            "64": 96,
            "65": 84,
            "66": 98,
            "67": 102,
            "68": 59,
            "69": 93,
            "70": 99,
            "71": 91,
            "72": 97,
            "73": 100,
            "74": 100,
            "75": 101,
            "76": 98,
            "77": 99,
            "78": 94,
            "79": 100
          },
          "per_class_update_counts": {
            "60": 79,
            "61": 79,
            "62": 80,
            "63": 76,
            "64": 77,
            "65": 67,
            "66": 78,
            "67": 82,
            "68": 47,
            "69": 74,
            "70": 79,
            "71": 73,
            "72": 78,
            "73": 80,
            "74": 80,
            "75": 81,
            "76": 78,
            "77": 79,
            "78": 75,
            "79": 80
          },
          "per_class_validation_counts": {
            "60": 20,
            "61": 20,
            "62": 20,
            "63": 19,
            "64": 19,
            "65": 17,
            "66": 20,
            "67": 20,
            "68": 12,
            "69": 19,
            "70": 20,
            "71": 18,
            "72": 19,
            "73": 20,
            "74": 20,
            "75": 20,
            "76": 20,
            "77": 20,
            "78": 19,
            "79": 20
          }
        }
      }
    },
    {
      "session": 5,
      "num_seen_classes": 85,
      "baseline_full_acc": 95.153,
      "baseline_base_acc": 96.333,
      "baseline_novel_acc": 92.32,
      "selected_alpha": 0.5,
      "final_full_acc": 95.341,
      "final_base_acc": 96.067,
      "final_novel_acc": 93.6,
      "final_gain": 0.188,
      "updated_class_count": 25,
      "gated_query_count": 2380,
      "gated_base_count": 39,
      "gated_novel_count": 2341,
      "alpha_selection": {
        "mode": "pseudo_validation",
        "fallback_used": false,
        "selected_alpha": 0.5,
        "candidates": [
          {
            "alpha": 0.5,
            "pseudo_val_score": -0.077314,
            "pseudo_val_nll": 0.077314,
            "pseudo_val_agreement": 99.741
          },
          {
            "alpha": 0.75,
            "pseudo_val_score": -0.07962,
            "pseudo_val_nll": 0.07962,
            "pseudo_val_agreement": 99.454
          },
          {
            "alpha": 1.0,
            "pseudo_val_score": -0.082763,
            "pseudo_val_nll": 0.082763,
            "pseudo_val_agreement": 99.367
          }
        ],
        "split": {
          "novel_gated_query_count": 2380,
          "validation_count": 3477,
          "novel_validation_count": 477,
          "base_validation_count": 3000,
          "updated_class_count": 25,
          "per_class_counts": {
            "60": 99,
            "61": 98,
            "62": 100,
            "63": 96,
            "64": 95,
            "65": 82,
            "66": 100,
            "67": 102,
            "68": 59,
            "69": 93,
            "70": 99,
            "71": 90,
            "72": 97,
            "73": 100,
            "74": 100,
            "75": 101,
            "76": 98,
            "77": 98,
            "78": 92,
            "79": 100,
            "80": 98,
            "81": 103,
            "82": 94,
            "83": 97,
            "84": 89
          },
          "per_class_update_counts": {
            "60": 79,
            "61": 78,
            "62": 80,
            "63": 77,
            "64": 76,
            "65": 66,
            "66": 80,
            "67": 82,
            "68": 47,
            "69": 74,
            "70": 79,
            "71": 72,
            "72": 78,
            "73": 80,
            "74": 80,
            "75": 81,
            "76": 78,
            "77": 78,
            "78": 74,
            "79": 80,
            "80": 78,
            "81": 82,
            "82": 75,
            "83": 78,
            "84": 71
          },
          "per_class_validation_counts": {
            "60": 20,
            "61": 20,
            "62": 20,
            "63": 19,
            "64": 19,
            "65": 16,
            "66": 20,
            "67": 20,
            "68": 12,
            "69": 19,
            "70": 20,
            "71": 18,
            "72": 19,
            "73": 20,
            "74": 20,
            "75": 20,
            "76": 20,
            "77": 20,
            "78": 18,
            "79": 20,
            "80": 20,
            "81": 21,
            "82": 19,
            "83": 19,
            "84": 18
          }
        }
      }
    },
    {
      "session": 6,
      "num_seen_classes": 90,
      "baseline_full_acc": 94.189,
      "baseline_base_acc": 96.267,
      "baseline_novel_acc": 90.033,
      "selected_alpha": 0.5,
      "final_full_acc": 94.744,
      "final_base_acc": 96.017,
      "final_novel_acc": 92.2,
      "final_gain": 0.556,
      "updated_class_count": 30,
      "gated_query_count": 2796,
      "gated_base_count": 46,
      "gated_novel_count": 2750,
      "alpha_selection": {
        "mode": "pseudo_validation",
        "fallback_used": false,
        "selected_alpha": 0.5,
        "candidates": [
          {
            "alpha": 0.5,
            "pseudo_val_score": -0.092231,
            "pseudo_val_nll": 0.092231,
            "pseudo_val_agreement": 99.495
          },
          {
            "alpha": 0.75,
            "pseudo_val_score": -0.096774,
            "pseudo_val_nll": 0.096774,
            "pseudo_val_agreement": 99.242
          },
          {
            "alpha": 1.0,
            "pseudo_val_score": -0.102451,
            "pseudo_val_nll": 0.102451,
            "pseudo_val_agreement": 98.877
          }
        ],
        "split": {
          "novel_gated_query_count": 2796,
          "validation_count": 3561,
          "novel_validation_count": 561,
          "base_validation_count": 3000,
          "updated_class_count": 30,
          "per_class_counts": {
            "60": 99,
            "61": 98,
            "62": 100,
            "63": 95,
            "64": 95,
            "65": 84,
            "66": 100,
            "67": 101,
            "68": 62,
            "69": 93,
            "70": 98,
            "71": 90,
            "72": 97,
            "73": 100,
            "74": 100,
            "75": 101,
            "76": 98,
            "77": 99,
            "78": 93,
            "79": 100,
            "80": 101,
            "81": 103,
            "82": 94,
            "83": 97,
            "84": 89,
            "85": 95,
            "86": 97,
            "87": 91,
            "88": 33,
            "89": 93
          },
          "per_class_update_counts": {
            "60": 79,
            "61": 78,
            "62": 80,
            "63": 76,
            "64": 76,
            "65": 67,
            "66": 80,
            "67": 81,
            "68": 50,
            "69": 74,
            "70": 78,
            "71": 72,
            "72": 78,
            "73": 80,
            "74": 80,
            "75": 81,
            "76": 78,
            "77": 79,
            "78": 74,
            "79": 80,
            "80": 81,
            "81": 82,
            "82": 75,
            "83": 78,
            "84": 71,
            "85": 76,
            "86": 78,
            "87": 73,
            "88": 26,
            "89": 74
          },
          "per_class_validation_counts": {
            "60": 20,
            "61": 20,
            "62": 20,
            "63": 19,
            "64": 19,
            "65": 17,
            "66": 20,
            "67": 20,
            "68": 12,
            "69": 19,
            "70": 20,
            "71": 18,
            "72": 19,
            "73": 20,
            "74": 20,
            "75": 20,
            "76": 20,
            "77": 20,
            "78": 19,
            "79": 20,
            "80": 20,
            "81": 21,
            "82": 19,
            "83": 19,
            "84": 18,
            "85": 19,
            "86": 19,
            "87": 18,
            "88": 7,
            "89": 19
          }
        }
      }
    },
    {
      "session": 7,
      "num_seen_classes": 95,
      "baseline_full_acc": 94.105,
      "baseline_base_acc": 96.183,
      "baseline_novel_acc": 90.543,
      "selected_alpha": 0.5,
      "final_full_acc": 94.6,
      "final_base_acc": 95.9,
      "final_novel_acc": 92.371,
      "final_gain": 0.495,
      "updated_class_count": 35,
      "gated_query_count": 3297,
      "gated_base_count": 53,
      "gated_novel_count": 3244,
      "alpha_selection": {
        "mode": "pseudo_validation",
        "fallback_used": false,
        "selected_alpha": 0.5,
        "candidates": [
          {
            "alpha": 0.5,
            "pseudo_val_score": -0.10527,
            "pseudo_val_nll": 0.10527,
            "pseudo_val_agreement": 99.317
          },
          {
            "alpha": 0.75,
            "pseudo_val_score": -0.110388,
            "pseudo_val_nll": 0.110388,
            "pseudo_val_agreement": 99.043
          },
          {
            "alpha": 1.0,
            "pseudo_val_score": -0.117075,
            "pseudo_val_nll": 0.117075,
            "pseudo_val_agreement": 98.606
          }
        ],
        "split": {
          "novel_gated_query_count": 3297,
          "validation_count": 3659,
          "novel_validation_count": 659,
          "base_validation_count": 3000,
          "updated_class_count": 35,
          "per_class_counts": {
            "60": 99,
            "61": 98,
            "62": 101,
            "63": 96,
            "64": 95,
            "65": 79,
            "66": 100,
            "67": 101,
            "68": 62,
            "69": 93,
            "70": 98,
            "71": 89,
            "72": 97,
            "73": 100,
            "74": 100,
            "75": 101,
            "76": 98,
            "77": 99,
            "78": 92,
            "79": 100,
            "80": 100,
            "81": 103,
            "82": 94,
            "83": 97,
            "84": 89,
            "85": 95,
            "86": 97,
            "87": 91,
            "88": 31,
            "89": 94,
            "90": 87,
            "91": 98,
            "92": 115,
            "93": 107,
            "94": 101
          },
          "per_class_update_counts": {
            "60": 79,
            "61": 78,
            "62": 81,
            "63": 77,
            "64": 76,
            "65": 63,
            "66": 80,
            "67": 81,
            "68": 50,
            "69": 74,
            "70": 78,
            "71": 71,
            "72": 78,
            "73": 80,
            "74": 80,
            "75": 81,
            "76": 78,
            "77": 79,
            "78": 74,
            "79": 80,
            "80": 80,
            "81": 82,
            "82": 75,
            "83": 78,
            "84": 71,
            "85": 76,
            "86": 78,
            "87": 73,
            "88": 25,
            "89": 75,
            "90": 70,
            "91": 78,
            "92": 92,
            "93": 86,
            "94": 81
          },
          "per_class_validation_counts": {
            "60": 20,
            "61": 20,
            "62": 20,
            "63": 19,
            "64": 19,
            "65": 16,
            "66": 20,
            "67": 20,
            "68": 12,
            "69": 19,
            "70": 20,
            "71": 18,
            "72": 19,
            "73": 20,
            "74": 20,
            "75": 20,
            "76": 20,
            "77": 20,
            "78": 18,
            "79": 20,
            "80": 20,
            "81": 21,
            "82": 19,
            "83": 19,
            "84": 18,
            "85": 19,
            "86": 19,
            "87": 18,
            "88": 6,
            "89": 19,
            "90": 17,
            "91": 20,
            "92": 23,
            "93": 21,
            "94": 20
          }
        }
      }
    },
    {
      "session": 8,
      "num_seen_classes": 100,
      "baseline_full_acc": 93.99,
      "baseline_base_acc": 96.1,
      "baseline_novel_acc": 90.825,
      "selected_alpha": 0.5,
      "final_full_acc": 94.51,
      "final_base_acc": 95.783,
      "final_novel_acc": 92.6,
      "final_gain": 0.52,
      "updated_class_count": 40,
      "gated_query_count": 3779,
      "gated_base_count": 60,
      "gated_novel_count": 3719,
      "alpha_selection": {
        "mode": "pseudo_validation",
        "fallback_used": false,
        "selected_alpha": 0.5,
        "candidates": [
          {
            "alpha": 0.5,
            "pseudo_val_score": -0.11788,
            "pseudo_val_nll": 0.11788,
            "pseudo_val_agreement": 99.387
          },
          {
            "alpha": 0.75,
            "pseudo_val_score": -0.123321,
            "pseudo_val_nll": 0.123321,
            "pseudo_val_agreement": 98.934
          },
          {
            "alpha": 1.0,
            "pseudo_val_score": -0.130364,
            "pseudo_val_nll": 0.130364,
            "pseudo_val_agreement": 98.615
          }
        ],
        "split": {
          "novel_gated_query_count": 3779,
          "validation_count": 3754,
          "novel_validation_count": 754,
          "base_validation_count": 3000,
          "updated_class_count": 40,
          "per_class_counts": {
            "60": 99,
            "61": 98,
            "62": 101,
            "63": 97,
            "64": 95,
            "65": 80,
            "66": 100,
            "67": 101,
            "68": 62,
            "69": 93,
            "70": 99,
            "71": 89,
            "72": 97,
            "73": 100,
            "74": 100,
            "75": 101,
            "76": 98,
            "77": 97,
            "78": 92,
            "79": 100,
            "80": 100,
            "81": 103,
            "82": 94,
            "83": 97,
            "84": 89,
            "85": 95,
            "86": 97,
            "87": 91,
            "88": 32,
            "89": 92,
            "90": 87,
            "91": 98,
            "92": 115,
            "93": 109,
            "94": 102,
            "95": 99,
            "96": 95,
            "97": 90,
            "98": 99,
            "99": 96
          },
          "per_class_update_counts": {
            "60": 79,
            "61": 78,
            "62": 81,
            "63": 78,
            "64": 76,
            "65": 64,
            "66": 80,
            "67": 81,
            "68": 50,
            "69": 74,
            "70": 79,
            "71": 71,
            "72": 78,
            "73": 80,
            "74": 80,
            "75": 81,
            "76": 78,
            "77": 78,
            "78": 74,
            "79": 80,
            "80": 80,
            "81": 82,
            "82": 75,
            "83": 78,
            "84": 71,
            "85": 76,
            "86": 78,
            "87": 73,
            "88": 26,
            "89": 74,
            "90": 70,
            "91": 78,
            "92": 92,
            "93": 87,
            "94": 82,
            "95": 79,
            "96": 76,
            "97": 72,
            "98": 79,
            "99": 77
          },
          "per_class_validation_counts": {
            "60": 20,
            "61": 20,
            "62": 20,
            "63": 19,
            "64": 19,
            "65": 16,
            "66": 20,
            "67": 20,
            "68": 12,
            "69": 19,
            "70": 20,
            "71": 18,
            "72": 19,
            "73": 20,
            "74": 20,
            "75": 20,
            "76": 20,
            "77": 19,
            "78": 18,
            "79": 20,
            "80": 20,
            "81": 21,
            "82": 19,
            "83": 19,
            "84": 18,
            "85": 19,
            "86": 19,
            "87": 18,
            "88": 6,
            "89": 18,
            "90": 17,
            "91": 20,
            "92": 23,
            "93": 22,
            "94": 20,
            "95": 20,
            "96": 19,
            "97": 18,
            "98": 20,
            "99": 19
          }
        }
      }
    }
  ]
}
