/media/ndag/newVolume/BiMC-test/models/clip/clip.py:23: UserWarning: PyTorch version 1.7.1 or higher is recommended
  warnings.warn("PyTorch version 1.7.1 or higher is recommended")
manual seed: 20
use gpu: ['0']
Loading CLIP (backbone: ViT-B/16)
Prompt template:['a photo of a {}.']
Loading DinoV2 ViT-B/14 from local hub: /home/ndag/.cache/torch/hub/facebookresearch_dinov2_main
/home/ndag/.cache/torch/hub/facebookresearch_dinov2_main/dinov2/layers/swiglu_ffn.py:51: UserWarning: xFormers is not available (SwiGLU)
  warnings.warn("xFormers is not available (SwiGLU)")
/home/ndag/.cache/torch/hub/facebookresearch_dinov2_main/dinov2/layers/attention.py:36: UserWarning: xFormers is not available (Attention)
  warnings.warn("xFormers is not available (Attention)")
/home/ndag/.cache/torch/hub/facebookresearch_dinov2_main/dinov2/layers/block.py:40: UserWarning: xFormers is not available (Block)
  warnings.warn("xFormers is not available (Block)")
Loading DinoV2 weights: /home/ndag/.cache/torch/hub/checkpoints/dinov2_vitb14_pretrain.pth
class names: ['house finch' 'robin' 'triceratops' 'green mamba' 'harvestman' 'toucan'
 'goose' 'jellyfish' 'nematode' 'king crab' 'dugong' 'Walker hound'
 'Ibizan hound' 'Saluki' 'golden retriever' 'Gordon setter' 'komondor'
 'boxer' 'Tibetan mastiff' 'French bulldog' 'malamute' 'dalmatian'
 'Newfoundland' 'miniature poodle' 'white wolf' 'African hunting dog'
 'Arctic fox' 'lion' 'meerkat' 'ladybug' 'rhinoceros beetle' 'ant'
 'black-footed ferret' 'three-toed sloth' 'rock beauty' 'aircraft carrier'
 'ashcan' 'barrel' 'beer bottle' 'bookshop' 'cannon' 'carousel' 'carton'
 'catamaran' 'chime' 'clog' 'cocktail shaker' 'combination lock' 'crate'
 'cuirass' 'dishrag' 'dome' 'electric guitar' 'file' 'fire screen'
 'frying pan' 'garbage truck' 'hair slide' 'holster' 'horizontal bar']
all targets:tensor([ 0,  1,  2,  3,  4,  5,  6,  7,  8,  9, 10, 11, 12, 13, 14, 15, 16, 17,
        18, 19, 20, 21, 22, 23, 24, 25, 26, 27, 28, 29, 30, 31, 32, 33, 34, 35,
        36, 37, 38, 39, 40, 41, 42, 43, 44, 45, 46, 47, 48, 49, 50, 51, 52, 53,
        54, 55, 56, 57, 58, 59], device='cuda:0')
dino all targets:tensor([ 0,  1,  2,  3,  4,  5,  6,  7,  8,  9, 10, 11, 12, 13, 14, 15, 16, 17,
        18, 19, 20, 21, 22, 23, 24, 25, 26, 27, 28, 29, 30, 31, 32, 33, 34, 35,
        36, 37, 38, 39, 40, 41, 42, 43, 44, 45, 46, 47, 48, 49, 50, 51, 52, 53,
        54, 55, 56, 57, 58, 59], device='cuda:0')
finish loading CLIP/DinoV2 covariance
class names: ['hourglass' 'iPod' 'lipstick' 'miniskirt' 'missile']
all targets:tensor([60, 61, 62, 63, 64], device='cuda:0')
dino all targets:tensor([60, 61, 62, 63, 64], device='cuda:0')
finish loading CLIP/DinoV2 covariance
class names: ['mixing bowl' 'oboe' 'organ' 'parallel bars' 'pencil box']
all targets:tensor([65, 66, 67, 68, 69], device='cuda:0')
dino all targets:tensor([65, 66, 67, 68, 69], device='cuda:0')
finish loading CLIP/DinoV2 covariance
class names: ['photocopier' 'poncho' 'prayer rug' 'reel' 'school bus']
all targets:tensor([70, 71, 72, 73, 74], device='cuda:0')
dino all targets:tensor([70, 71, 72, 73, 74], device='cuda:0')
finish loading CLIP/DinoV2 covariance
class names: ['scoreboard' 'slot' 'snorkel' 'solar dish' 'spider web']
all targets:tensor([75, 76, 77, 78, 79], device='cuda:0')
dino all targets:tensor([75, 76, 77, 78, 79], device='cuda:0')
finish loading CLIP/DinoV2 covariance
class names: ['stage' 'tank' 'theater curtain' 'tile roof' 'tobacco shop']
all targets:tensor([80, 81, 82, 83, 84], device='cuda:0')
dino all targets:tensor([80, 81, 82, 83, 84], device='cuda:0')
finish loading CLIP/DinoV2 covariance
class names: ['unicycle' 'upright' 'vase' 'wok' 'worm fence']
all targets:tensor([85, 86, 87, 88, 89], device='cuda:0')
dino all targets:tensor([85, 86, 87, 88, 89], device='cuda:0')
finish loading CLIP/DinoV2 covariance
class names: ['yawl' 'street sign' 'consomme' 'trifle' 'hotdog']
all targets:tensor([90, 91, 92, 93, 94], device='cuda:0')
dino all targets:tensor([90, 91, 92, 93, 94], device='cuda:0')
finish loading CLIP/DinoV2 covariance
class names: ['orange' 'cliff' 'coral reef' 'bolete' 'ear']
all targets:tensor([95, 96, 97, 98, 99], device='cuda:0')
dino all targets:tensor([95, 96, 97, 98, 99], device='cuda:0')
finish loading CLIP/DinoV2 covariance
session 0: baseline=97.100 final=97.100 gain=0.000
session 1: baseline=97.062 final=97.077 gain=0.015
session 2: baseline=95.657 final=95.886 gain=0.229
session 3: baseline=95.613 final=95.867 gain=0.253
session 4: baseline=95.588 final=95.888 gain=0.300
session 5: baseline=95.082 final=95.529 gain=0.447
session 6: baseline=94.156 final=94.622 gain=0.467
session 7: baseline=94.063 final=94.526 gain=0.463
session 8: baseline=93.940 final=94.450 gain=0.510
{
  "dataset": "miniimagenet",
  "seed": 20,
  "train_cfg": "experiments/bmvc_1256_20260508-124032/generated_configs/bimc_dino_fusion.yaml",
  "method": "sessionwise conservative query prototype refinement on bimc_dino_fusion with pseudo-validation alpha selection",
  "runtime_sec": 449.506,
  "alpha_grid": [
    0.5,
    0.75,
    1.0
  ],
  "alpha_selection": "pseudo_validation_no_test_labels",
  "mass_thr": 0.3,
  "min_count": 5,
  "val_fraction": 0.2,
  "base_val_conf_thr": 0.5,
  "base_val_max_per_class": 50,
  "fallback_alpha": 0.75,
  "topk_per_class": null,
  "baseline_acc_list": [
    97.1,
    97.062,
    95.657,
    95.613,
    95.588,
    95.082,
    94.156,
    94.063,
    93.94
  ],
  "final_acc_list": [
    97.1,
    97.077,
    95.886,
    95.867,
    95.888,
    95.529,
    94.622,
    94.526,
    94.45
  ],
  "gain_list": [
    0.0,
    0.015,
    0.229,
    0.253,
    0.3,
    0.447,
    0.467,
    0.463,
    0.51
  ],
  "baseline_avg": 95.362,
  "baseline_pd": 3.16,
  "final_avg": 95.661,
  "final_pd": 2.65,
  "gain_avg": 0.298,
  "session_results": [
    {
      "session": 0,
      "num_seen_classes": 60,
      "baseline_full_acc": 97.1,
      "baseline_base_acc": 97.1,
      "baseline_novel_acc": 0.0,
      "best_alpha": null,
      "final_full_acc": 97.1,
      "final_base_acc": 97.1,
      "final_novel_acc": 0.0,
      "final_gain": 0.0,
      "updated_class_count": 0,
      "gated_query_count": 0,
      "alpha_selection": {
        "mode": "not_applicable_base_session",
        "selected_alpha": null
      }
    },
    {
      "session": 1,
      "num_seen_classes": 65,
      "baseline_full_acc": 97.062,
      "baseline_base_acc": 97.1,
      "baseline_novel_acc": 96.6,
      "selected_alpha": 0.5,
      "final_full_acc": 97.077,
      "final_base_acc": 97.083,
      "final_novel_acc": 97.0,
      "final_gain": 0.015,
      "updated_class_count": 5,
      "gated_query_count": 489,
      "gated_base_count": 2,
      "gated_novel_count": 487,
      "alpha_selection": {
        "mode": "pseudo_validation",
        "fallback_used": false,
        "selected_alpha": 0.5,
        "candidates": [
          {
            "alpha": 0.5,
            "pseudo_val_score": -0.017175,
            "pseudo_val_nll": 0.017175,
            "pseudo_val_agreement": 99.968
          },
          {
            "alpha": 0.75,
            "pseudo_val_score": -0.017448,
            "pseudo_val_nll": 0.017448,
            "pseudo_val_agreement": 99.968
          },
          {
            "alpha": 1.0,
            "pseudo_val_score": -0.017706,
            "pseudo_val_nll": 0.017706,
            "pseudo_val_agreement": 99.903
          }
        ],
        "split": {
          "novel_gated_query_count": 489,
          "validation_count": 3098,
          "novel_validation_count": 98,
          "base_validation_count": 3000,
          "updated_class_count": 5,
          "per_class_counts": {
            "60": 99,
            "61": 98,
            "62": 97,
            "63": 98,
            "64": 97
          },
          "per_class_update_counts": {
            "60": 79,
            "61": 78,
            "62": 78,
            "63": 78,
            "64": 78
          },
          "per_class_validation_counts": {
            "60": 20,
            "61": 20,
            "62": 19,
            "63": 20,
            "64": 19
          }
        }
      }
    },
    {
      "session": 2,
      "num_seen_classes": 70,
      "baseline_full_acc": 95.657,
      "baseline_base_acc": 96.95,
      "baseline_novel_acc": 87.9,
      "selected_alpha": 0.5,
      "final_full_acc": 95.886,
      "final_base_acc": 96.917,
      "final_novel_acc": 89.7,
      "final_gain": 0.229,
      "updated_class_count": 10,
      "gated_query_count": 893,
      "gated_base_count": 8,
      "gated_novel_count": 885,
      "alpha_selection": {
        "mode": "pseudo_validation",
        "fallback_used": false,
        "selected_alpha": 0.5,
        "candidates": [
          {
            "alpha": 0.5,
            "pseudo_val_score": -0.033746,
            "pseudo_val_nll": 0.033746,
            "pseudo_val_agreement": 99.843
          },
          {
            "alpha": 0.75,
            "pseudo_val_score": -0.036288,
            "pseudo_val_nll": 0.036288,
            "pseudo_val_agreement": 99.748
          },
          {
            "alpha": 1.0,
            "pseudo_val_score": -0.038887,
            "pseudo_val_nll": 0.038887,
            "pseudo_val_agreement": 99.497
          }
        ],
        "split": {
          "novel_gated_query_count": 893,
          "validation_count": 3179,
          "novel_validation_count": 179,
          "base_validation_count": 3000,
          "updated_class_count": 10,
          "per_class_counts": {
            "60": 99,
            "61": 98,
            "62": 100,
            "63": 98,
            "64": 97,
            "65": 90,
            "66": 97,
            "67": 102,
            "68": 19,
            "69": 93
          },
          "per_class_update_counts": {
            "60": 79,
            "61": 78,
            "62": 80,
            "63": 78,
            "64": 78,
            "65": 72,
            "66": 78,
            "67": 82,
            "68": 15,
            "69": 74
          },
          "per_class_validation_counts": {
            "60": 20,
            "61": 20,
            "62": 20,
            "63": 20,
            "64": 19,
            "65": 18,
            "66": 19,
            "67": 20,
            "68": 4,
            "69": 19
          }
        }
      }
    },
    {
      "session": 3,
      "num_seen_classes": 75,
      "baseline_full_acc": 95.613,
      "baseline_base_acc": 96.9,
      "baseline_novel_acc": 90.467,
      "selected_alpha": 0.5,
      "final_full_acc": 95.867,
      "final_base_acc": 96.817,
      "final_novel_acc": 92.067,
      "final_gain": 0.253,
      "updated_class_count": 15,
      "gated_query_count": 1376,
      "gated_base_count": 9,
      "gated_novel_count": 1367,
      "alpha_selection": {
        "mode": "pseudo_validation",
        "fallback_used": false,
        "selected_alpha": 0.5,
        "candidates": [
          {
            "alpha": 0.5,
            "pseudo_val_score": -0.048371,
            "pseudo_val_nll": 0.048371,
            "pseudo_val_agreement": 99.817
          },
          {
            "alpha": 0.75,
            "pseudo_val_score": -0.051077,
            "pseudo_val_nll": 0.051077,
            "pseudo_val_agreement": 99.664
          },
          {
            "alpha": 1.0,
            "pseudo_val_score": -0.054034,
            "pseudo_val_nll": 0.054034,
            "pseudo_val_agreement": 99.42
          }
        ],
        "split": {
          "novel_gated_query_count": 1376,
          "validation_count": 3275,
          "novel_validation_count": 275,
          "base_validation_count": 3000,
          "updated_class_count": 15,
          "per_class_counts": {
            "60": 99,
            "61": 99,
            "62": 100,
            "63": 98,
            "64": 97,
            "65": 89,
            "66": 97,
            "67": 102,
            "68": 19,
            "69": 93,
            "70": 97,
            "71": 92,
            "72": 97,
            "73": 98,
            "74": 99
          },
          "per_class_update_counts": {
            "60": 79,
            "61": 79,
            "62": 80,
            "63": 78,
            "64": 78,
            "65": 71,
            "66": 78,
            "67": 82,
            "68": 15,
            "69": 74,
            "70": 78,
            "71": 74,
            "72": 78,
            "73": 78,
            "74": 79
          },
          "per_class_validation_counts": {
            "60": 20,
            "61": 20,
            "62": 20,
            "63": 20,
            "64": 19,
            "65": 18,
            "66": 19,
            "67": 20,
            "68": 4,
            "69": 19,
            "70": 19,
            "71": 18,
            "72": 19,
            "73": 20,
            "74": 20
          }
        }
      }
    },
    {
      "session": 4,
      "num_seen_classes": 80,
      "baseline_full_acc": 95.588,
      "baseline_base_acc": 96.783,
      "baseline_novel_acc": 92.0,
      "selected_alpha": 0.5,
      "final_full_acc": 95.888,
      "final_base_acc": 96.7,
      "final_novel_acc": 93.45,
      "final_gain": 0.3,
      "updated_class_count": 20,
      "gated_query_count": 1868,
      "gated_base_count": 14,
      "gated_novel_count": 1854,
      "alpha_selection": {
        "mode": "pseudo_validation",
        "fallback_used": false,
        "selected_alpha": 0.5,
        "candidates": [
          {
            "alpha": 0.5,
            "pseudo_val_score": -0.061924,
            "pseudo_val_nll": 0.061924,
            "pseudo_val_agreement": 99.733
          },
          {
            "alpha": 0.75,
            "pseudo_val_score": -0.064644,
            "pseudo_val_nll": 0.064644,
            "pseudo_val_agreement": 99.585
          },
          {
            "alpha": 1.0,
            "pseudo_val_score": -0.067774,
            "pseudo_val_nll": 0.067774,
            "pseudo_val_agreement": 99.378
          }
        ],
        "split": {
          "novel_gated_query_count": 1868,
          "validation_count": 3374,
          "novel_validation_count": 374,
          "base_validation_count": 3000,
          "updated_class_count": 20,
          "per_class_counts": {
            "60": 99,
            "61": 99,
            "62": 100,
            "63": 98,
            "64": 97,
            "65": 89,
            "66": 97,
            "67": 102,
            "68": 19,
            "69": 93,
            "70": 96,
            "71": 91,
            "72": 97,
            "73": 98,
            "74": 99,
            "75": 100,
            "76": 99,
            "77": 100,
            "78": 94,
            "79": 101
          },
          "per_class_update_counts": {
            "60": 79,
            "61": 79,
            "62": 80,
            "63": 78,
            "64": 78,
            "65": 71,
            "66": 78,
            "67": 82,
            "68": 15,
            "69": 74,
            "70": 77,
            "71": 73,
            "72": 78,
            "73": 78,
            "74": 79,
            "75": 80,
            "76": 79,
            "77": 80,
            "78": 75,
            "79": 81
          },
          "per_class_validation_counts": {
            "60": 20,
            "61": 20,
            "62": 20,
            "63": 20,
            "64": 19,
            "65": 18,
            "66": 19,
            "67": 20,
            "68": 4,
            "69": 19,
            "70": 19,
            "71": 18,
            "72": 19,
            "73": 20,
            "74": 20,
            "75": 20,
            "76": 20,
            "77": 20,
            "78": 19,
            "79": 20
          }
        }
      }
    },
    {
      "session": 5,
      "num_seen_classes": 85,
      "baseline_full_acc": 95.082,
      "baseline_base_acc": 96.65,
      "baseline_novel_acc": 91.32,
      "selected_alpha": 0.5,
      "final_full_acc": 95.529,
      "final_base_acc": 96.45,
      "final_novel_acc": 93.32,
      "final_gain": 0.447,
      "updated_class_count": 25,
      "gated_query_count": 2346,
      "gated_base_count": 23,
      "gated_novel_count": 2323,
      "alpha_selection": {
        "mode": "pseudo_validation",
        "fallback_used": false,
        "selected_alpha": 0.5,
        "candidates": [
          {
            "alpha": 0.5,
            "pseudo_val_score": -0.077963,
            "pseudo_val_nll": 0.077963,
            "pseudo_val_agreement": 99.597
          },
          {
            "alpha": 0.75,
            "pseudo_val_score": -0.082046,
            "pseudo_val_nll": 0.082046,
            "pseudo_val_agreement": 99.337
          },
          {
            "alpha": 1.0,
            "pseudo_val_score": -0.086653,
            "pseudo_val_nll": 0.086653,
            "pseudo_val_agreement": 99.107
          }
        ],
        "split": {
          "novel_gated_query_count": 2346,
          "validation_count": 3470,
          "novel_validation_count": 470,
          "base_validation_count": 3000,
          "updated_class_count": 25,
          "per_class_counts": {
            "60": 99,
            "61": 98,
            "62": 101,
            "63": 99,
            "64": 95,
            "65": 89,
            "66": 100,
            "67": 102,
            "68": 19,
            "69": 93,
            "70": 96,
            "71": 90,
            "72": 97,
            "73": 98,
            "74": 99,
            "75": 100,
            "76": 99,
            "77": 100,
            "78": 87,
            "79": 101,
            "80": 93,
            "81": 103,
            "82": 97,
            "83": 101,
            "84": 90
          },
          "per_class_update_counts": {
            "60": 79,
            "61": 78,
            "62": 81,
            "63": 79,
            "64": 76,
            "65": 71,
            "66": 80,
            "67": 82,
            "68": 15,
            "69": 74,
            "70": 77,
            "71": 72,
            "72": 78,
            "73": 78,
            "74": 79,
            "75": 80,
            "76": 79,
            "77": 80,
            "78": 70,
            "79": 81,
            "80": 74,
            "81": 82,
            "82": 78,
            "83": 81,
            "84": 72
          },
          "per_class_validation_counts": {
            "60": 20,
            "61": 20,
            "62": 20,
            "63": 20,
            "64": 19,
            "65": 18,
            "66": 20,
            "67": 20,
            "68": 4,
            "69": 19,
            "70": 19,
            "71": 18,
            "72": 19,
            "73": 20,
            "74": 20,
            "75": 20,
            "76": 20,
            "77": 20,
            "78": 17,
            "79": 20,
            "80": 19,
            "81": 21,
            "82": 19,
            "83": 20,
            "84": 18
          }
        }
      }
    },
    {
      "session": 6,
      "num_seen_classes": 90,
      "baseline_full_acc": 94.156,
      "baseline_base_acc": 96.517,
      "baseline_novel_acc": 89.433,
      "selected_alpha": 0.5,
      "final_full_acc": 94.622,
      "final_base_acc": 96.267,
      "final_novel_acc": 91.333,
      "final_gain": 0.467,
      "updated_class_count": 30,
      "gated_query_count": 2766,
      "gated_base_count": 29,
      "gated_novel_count": 2737,
      "alpha_selection": {
        "mode": "pseudo_validation",
        "fallback_used": false,
        "selected_alpha": 0.5,
        "candidates": [
          {
            "alpha": 0.5,
            "pseudo_val_score": -0.091523,
            "pseudo_val_nll": 0.091523,
            "pseudo_val_agreement": 99.493
          },
          {
            "alpha": 0.75,
            "pseudo_val_score": -0.096796,
            "pseudo_val_nll": 0.096796,
            "pseudo_val_agreement": 99.212
          },
          {
            "alpha": 1.0,
            "pseudo_val_score": -0.102996,
            "pseudo_val_nll": 0.102996,
            "pseudo_val_agreement": 98.902
          }
        ],
        "split": {
          "novel_gated_query_count": 2766,
          "validation_count": 3553,
          "novel_validation_count": 553,
          "base_validation_count": 3000,
          "updated_class_count": 30,
          "per_class_counts": {
            "60": 99,
            "61": 97,
            "62": 101,
            "63": 99,
            "64": 95,
            "65": 87,
            "66": 100,
            "67": 97,
            "68": 18,
            "69": 93,
            "70": 96,
            "71": 90,
            "72": 97,
            "73": 98,
            "74": 99,
            "75": 100,
            "76": 99,
            "77": 100,
            "78": 87,
            "79": 100,
            "80": 94,
            "81": 103,
            "82": 97,
            "83": 101,
            "84": 90,
            "85": 97,
            "86": 100,
            "87": 98,
            "88": 39,
            "89": 95
          },
          "per_class_update_counts": {
            "60": 79,
            "61": 78,
            "62": 81,
            "63": 79,
            "64": 76,
            "65": 70,
            "66": 80,
            "67": 78,
            "68": 14,
            "69": 74,
            "70": 77,
            "71": 72,
            "72": 78,
            "73": 78,
            "74": 79,
            "75": 80,
            "76": 79,
            "77": 80,
            "78": 70,
            "79": 80,
            "80": 75,
            "81": 82,
            "82": 78,
            "83": 81,
            "84": 72,
            "85": 78,
            "86": 80,
            "87": 78,
            "88": 31,
            "89": 76
          },
          "per_class_validation_counts": {
            "60": 20,
            "61": 19,
            "62": 20,
            "63": 20,
            "64": 19,
            "65": 17,
            "66": 20,
            "67": 19,
            "68": 4,
            "69": 19,
            "70": 19,
            "71": 18,
            "72": 19,
            "73": 20,
            "74": 20,
            "75": 20,
            "76": 20,
            "77": 20,
            "78": 17,
            "79": 20,
            "80": 19,
            "81": 21,
            "82": 19,
            "83": 20,
            "84": 18,
            "85": 19,
            "86": 20,
            "87": 20,
            "88": 8,
            "89": 19
          }
        }
      }
    },
    {
      "session": 7,
      "num_seen_classes": 95,
      "baseline_full_acc": 94.063,
      "baseline_base_acc": 96.367,
      "baseline_novel_acc": 90.114,
      "selected_alpha": 0.5,
      "final_full_acc": 94.526,
      "final_base_acc": 96.133,
      "final_novel_acc": 91.771,
      "final_gain": 0.463,
      "updated_class_count": 35,
      "gated_query_count": 3257,
      "gated_base_count": 35,
      "gated_novel_count": 3222,
      "alpha_selection": {
        "mode": "pseudo_validation",
        "fallback_used": false,
        "selected_alpha": 0.5,
        "candidates": [
          {
            "alpha": 0.5,
            "pseudo_val_score": -0.10733,
            "pseudo_val_nll": 0.10733,
            "pseudo_val_agreement": 99.179
          },
          {
            "alpha": 0.75,
            "pseudo_val_score": -0.114435,
            "pseudo_val_nll": 0.114435,
            "pseudo_val_agreement": 98.768
          },
          {
            "alpha": 1.0,
            "pseudo_val_score": -0.122836,
            "pseudo_val_nll": 0.122836,
            "pseudo_val_agreement": 98.357
          }
        ],
        "split": {
          "novel_gated_query_count": 3257,
          "validation_count": 3652,
          "novel_validation_count": 652,
          "base_validation_count": 3000,
          "updated_class_count": 35,
          "per_class_counts": {
            "60": 99,
            "61": 97,
            "62": 101,
            "63": 99,
            "64": 95,
            "65": 89,
            "66": 100,
            "67": 97,
            "68": 18,
            "69": 93,
            "70": 96,
            "71": 90,
            "72": 97,
            "73": 98,
            "74": 99,
            "75": 100,
            "76": 99,
            "77": 100,
            "78": 87,
            "79": 100,
            "80": 94,
            "81": 103,
            "82": 97,
            "83": 101,
            "84": 90,
            "85": 97,
            "86": 100,
            "87": 98,
            "88": 35,
            "89": 97,
            "90": 93,
            "91": 99,
            "92": 96,
            "93": 103,
            "94": 100
          },
          "per_class_update_counts": {
            "60": 79,
            "61": 78,
            "62": 81,
            "63": 79,
            "64": 76,
            "65": 71,
            "66": 80,
            "67": 78,
            "68": 14,
            "69": 74,
            "70": 77,
            "71": 72,
            "72": 78,
            "73": 78,
            "74": 79,
            "75": 80,
            "76": 79,
            "77": 80,
            "78": 70,
            "79": 80,
            "80": 75,
            "81": 82,
            "82": 78,
            "83": 81,
            "84": 72,
            "85": 78,
            "86": 80,
            "87": 78,
            "88": 28,
            "89": 78,
            "90": 74,
            "91": 79,
            "92": 77,
            "93": 82,
            "94": 80
          },
          "per_class_validation_counts": {
            "60": 20,
            "61": 19,
            "62": 20,
            "63": 20,
            "64": 19,
            "65": 18,
            "66": 20,
            "67": 19,
            "68": 4,
            "69": 19,
            "70": 19,
            "71": 18,
            "72": 19,
            "73": 20,
            "74": 20,
            "75": 20,
            "76": 20,
            "77": 20,
            "78": 17,
            "79": 20,
            "80": 19,
            "81": 21,
            "82": 19,
            "83": 20,
            "84": 18,
            "85": 19,
            "86": 20,
            "87": 20,
            "88": 7,
            "89": 19,
            "90": 19,
            "91": 20,
            "92": 19,
            "93": 21,
            "94": 20
          }
        }
      }
    },
    {
      "session": 8,
      "num_seen_classes": 100,
      "baseline_full_acc": 93.94,
      "baseline_base_acc": 96.3,
      "baseline_novel_acc": 90.4,
      "selected_alpha": 0.5,
      "final_full_acc": 94.45,
      "final_base_acc": 96.067,
      "final_novel_acc": 92.025,
      "final_gain": 0.51,
      "updated_class_count": 40,
      "gated_query_count": 3742,
      "gated_base_count": 46,
      "gated_novel_count": 3696,
      "alpha_selection": {
        "mode": "pseudo_validation",
        "fallback_used": false,
        "selected_alpha": 0.5,
        "candidates": [
          {
            "alpha": 0.5,
            "pseudo_val_score": -0.121334,
            "pseudo_val_nll": 0.121334,
            "pseudo_val_agreement": 99.067
          },
          {
            "alpha": 0.75,
            "pseudo_val_score": -0.129344,
            "pseudo_val_nll": 0.129344,
            "pseudo_val_agreement": 98.64
          },
          {
            "alpha": 1.0,
            "pseudo_val_score": -0.138664,
            "pseudo_val_nll": 0.138664,
            "pseudo_val_agreement": 98.187
          }
        ],
        "split": {
          "novel_gated_query_count": 3742,
          "validation_count": 3750,
          "novel_validation_count": 750,
          "base_validation_count": 3000,
          "updated_class_count": 40,
          "per_class_counts": {
            "60": 99,
            "61": 97,
            "62": 101,
            "63": 99,
            "64": 95,
            "65": 89,
            "66": 100,
            "67": 97,
            "68": 18,
            "69": 93,
            "70": 96,
            "71": 90,
            "72": 97,
            "73": 98,
            "74": 99,
            "75": 100,
            "76": 99,
            "77": 103,
            "78": 87,
            "79": 100,
            "80": 94,
            "81": 103,
            "82": 97,
            "83": 101,
            "84": 91,
            "85": 97,
            "86": 100,
            "87": 99,
            "88": 34,
            "89": 96,
            "90": 93,
            "91": 99,
            "92": 97,
            "93": 104,
            "94": 102,
            "95": 98,
            "96": 98,
            "97": 85,
            "98": 99,
            "99": 98
          },
          "per_class_update_counts": {
            "60": 79,
            "61": 78,
            "62": 81,
            "63": 79,
            "64": 76,
            "65": 71,
            "66": 80,
            "67": 78,
            "68": 14,
            "69": 74,
            "70": 77,
            "71": 72,
            "72": 78,
            "73": 78,
            "74": 79,
            "75": 80,
            "76": 79,
            "77": 82,
            "78": 70,
            "79": 80,
            "80": 75,
            "81": 82,
            "82": 78,
            "83": 81,
            "84": 73,
            "85": 78,
            "86": 80,
            "87": 79,
            "88": 27,
            "89": 77,
            "90": 74,
            "91": 79,
            "92": 78,
            "93": 83,
            "94": 82,
            "95": 78,
            "96": 78,
            "97": 68,
            "98": 79,
            "99": 78
          },
          "per_class_validation_counts": {
            "60": 20,
            "61": 19,
            "62": 20,
            "63": 20,
            "64": 19,
            "65": 18,
            "66": 20,
            "67": 19,
            "68": 4,
            "69": 19,
            "70": 19,
            "71": 18,
            "72": 19,
            "73": 20,
            "74": 20,
            "75": 20,
            "76": 20,
            "77": 21,
            "78": 17,
            "79": 20,
            "80": 19,
            "81": 21,
            "82": 19,
            "83": 20,
            "84": 18,
            "85": 19,
            "86": 20,
            "87": 20,
            "88": 7,
            "89": 19,
            "90": 19,
            "91": 20,
            "92": 19,
            "93": 21,
            "94": 20,
            "95": 20,
            "96": 20,
            "97": 17,
            "98": 20,
            "99": 20
          }
        }
      }
    }
  ]
}
