/media/ndag/newVolume/BiMC-test/models/clip/clip.py:23: UserWarning: PyTorch version 1.7.1 or higher is recommended
  warnings.warn("PyTorch version 1.7.1 or higher is recommended")
manual seed: 11
use gpu: ['0']
Files already downloaded and verified
Files already downloaded and verified
Loading CLIP (backbone: ViT-B/16)
Prompt template:['a photo of a {}.']
Loading DinoV2 ViT-B/14 from local hub: /home/ndag/.cache/torch/hub/facebookresearch_dinov2_main
/home/ndag/.cache/torch/hub/facebookresearch_dinov2_main/dinov2/layers/swiglu_ffn.py:51: UserWarning: xFormers is not available (SwiGLU)
  warnings.warn("xFormers is not available (SwiGLU)")
/home/ndag/.cache/torch/hub/facebookresearch_dinov2_main/dinov2/layers/attention.py:36: UserWarning: xFormers is not available (Attention)
  warnings.warn("xFormers is not available (Attention)")
/home/ndag/.cache/torch/hub/facebookresearch_dinov2_main/dinov2/layers/block.py:40: UserWarning: xFormers is not available (Block)
  warnings.warn("xFormers is not available (Block)")
Loading DinoV2 weights: /home/ndag/.cache/torch/hub/checkpoints/dinov2_vitb14_pretrain.pth
class names: ['apple' 'aquarium fish' 'baby' 'bear' 'beaver' 'bed' 'bee' 'beetle'
 'bicycle' 'bottle' 'bowl' 'boy' 'bridge' 'bus' 'butterfly' 'camel' 'can'
 'castle' 'caterpillar' 'cattle' 'chair' 'chimpanzee' 'clock' 'cloud'
 'cockroach' 'couch' 'crab' 'crocodile' 'cup' 'dinosaur' 'dolphin'
 'elephant' 'flatfish' 'forest' 'fox' 'girl' 'hamster' 'house' 'kangaroo'
 'keyboard' 'lamp' 'lawn mower' 'leopard' 'lion' 'lizard' 'lobster' 'man'
 'maple tree' 'motorcycle' 'mountain' 'mouse' 'mushroom' 'oak tree'
 'orange' 'orchid' 'otter' 'palm tree' 'pear' 'pickup truck' 'pine tree']
all targets:tensor([ 0,  1,  2,  3,  4,  5,  6,  7,  8,  9, 10, 11, 12, 13, 14, 15, 16, 17,
        18, 19, 20, 21, 22, 23, 24, 25, 26, 27, 28, 29, 30, 31, 32, 33, 34, 35,
        36, 37, 38, 39, 40, 41, 42, 43, 44, 45, 46, 47, 48, 49, 50, 51, 52, 53,
        54, 55, 56, 57, 58, 59], device='cuda:0')
dino all targets:tensor([ 0,  1,  2,  3,  4,  5,  6,  7,  8,  9, 10, 11, 12, 13, 14, 15, 16, 17,
        18, 19, 20, 21, 22, 23, 24, 25, 26, 27, 28, 29, 30, 31, 32, 33, 34, 35,
        36, 37, 38, 39, 40, 41, 42, 43, 44, 45, 46, 47, 48, 49, 50, 51, 52, 53,
        54, 55, 56, 57, 58, 59], device='cuda:0')
finish loading CLIP/DinoV2 covariance
class names: ['plain' 'plate' 'poppy' 'porcupine' 'possum']
all targets:tensor([60, 61, 62, 63, 64], device='cuda:0')
dino all targets:tensor([60, 61, 62, 63, 64], device='cuda:0')
finish loading CLIP/DinoV2 covariance
class names: ['rabbit' 'raccoon' 'ray' 'road' 'rocket']
all targets:tensor([65, 66, 67, 68, 69], device='cuda:0')
dino all targets:tensor([65, 66, 67, 68, 69], device='cuda:0')
finish loading CLIP/DinoV2 covariance
class names: ['rose' 'sea' 'seal' 'shark' 'shrew']
all targets:tensor([70, 71, 72, 73, 74], device='cuda:0')
dino all targets:tensor([70, 71, 72, 73, 74], device='cuda:0')
finish loading CLIP/DinoV2 covariance
class names: ['skunk' 'skyscraper' 'snail' 'snake' 'spider']
all targets:tensor([75, 76, 77, 78, 79], device='cuda:0')
dino all targets:tensor([75, 76, 77, 78, 79], device='cuda:0')
finish loading CLIP/DinoV2 covariance
class names: ['squirrel' 'streetcar' 'sunflower' 'sweet pepper' 'table']
all targets:tensor([80, 81, 82, 83, 84], device='cuda:0')
dino all targets:tensor([80, 81, 82, 83, 84], device='cuda:0')
finish loading CLIP/DinoV2 covariance
class names: ['tank' 'telephone' 'television' 'tiger' 'tractor']
all targets:tensor([85, 86, 87, 88, 89], device='cuda:0')
dino all targets:tensor([85, 86, 87, 88, 89], device='cuda:0')
finish loading CLIP/DinoV2 covariance
class names: ['train' 'trout' 'tulip' 'turtle' 'wardrobe']
all targets:tensor([90, 91, 92, 93, 94], device='cuda:0')
dino all targets:tensor([90, 91, 92, 93, 94], device='cuda:0')
finish loading CLIP/DinoV2 covariance
class names: ['whale' 'willow tree' 'wolf' 'woman' 'worm']
all targets:tensor([95, 96, 97, 98, 99], device='cuda:0')
dino all targets:tensor([95, 96, 97, 98, 99], device='cuda:0')
finish loading CLIP/DinoV2 covariance
session 0: baseline=89.750 final=89.750 gain=0.000
session 1: baseline=87.646 final=88.338 gain=0.692
session 2: baseline=87.243 final=88.000 gain=0.757
session 3: baseline=85.120 final=86.853 gain=1.733
session 4: baseline=85.138 final=87.000 gain=1.863
session 5: baseline=84.965 final=86.800 gain=1.835
session 6: baseline=85.122 final=86.956 gain=1.833
session 7: baseline=85.053 final=86.937 gain=1.884
session 8: baseline=83.160 final=85.780 gain=2.620
{
  "dataset": "CIFAR100",
  "seed": 11,
  "train_cfg": "experiments/bmvc_1256_20260508-124032/generated_configs/bimc_dino_fusion.yaml",
  "method": "sessionwise conservative query prototype refinement on bimc_dino_fusion with pseudo-validation alpha selection",
  "runtime_sec": 446.718,
  "alpha_grid": [
    0.5,
    0.75,
    1.0
  ],
  "alpha_selection": "pseudo_validation_no_test_labels",
  "mass_thr": 0.3,
  "min_count": 5,
  "val_fraction": 0.2,
  "base_val_conf_thr": 0.5,
  "base_val_max_per_class": 50,
  "fallback_alpha": 0.75,
  "topk_per_class": null,
  "baseline_acc_list": [
    89.75,
    87.646,
    87.243,
    85.12,
    85.138,
    84.965,
    85.122,
    85.053,
    83.16
  ],
  "final_acc_list": [
    89.75,
    88.338,
    88.0,
    86.853,
    87.0,
    86.8,
    86.956,
    86.937,
    85.78
  ],
  "gain_list": [
    0.0,
    0.692,
    0.757,
    1.733,
    1.863,
    1.835,
    1.833,
    1.884,
    2.62
  ],
  "baseline_avg": 85.911,
  "baseline_pd": 6.59,
  "final_avg": 87.379,
  "final_pd": 3.97,
  "gain_avg": 1.469,
  "session_results": [
    {
      "session": 0,
      "num_seen_classes": 60,
      "baseline_full_acc": 89.75,
      "baseline_base_acc": 89.75,
      "baseline_novel_acc": 0.0,
      "best_alpha": null,
      "final_full_acc": 89.75,
      "final_base_acc": 89.75,
      "final_novel_acc": 0.0,
      "final_gain": 0.0,
      "updated_class_count": 0,
      "gated_query_count": 0,
      "alpha_selection": {
        "mode": "not_applicable_base_session",
        "selected_alpha": null
      }
    },
    {
      "session": 1,
      "num_seen_classes": 65,
      "baseline_full_acc": 87.646,
      "baseline_base_acc": 89.433,
      "baseline_novel_acc": 66.2,
      "selected_alpha": 0.5,
      "final_full_acc": 88.338,
      "final_base_acc": 89.3,
      "final_novel_acc": 76.8,
      "final_gain": 0.692,
      "updated_class_count": 5,
      "gated_query_count": 342,
      "gated_base_count": 11,
      "gated_novel_count": 331,
      "alpha_selection": {
        "mode": "pseudo_validation",
        "fallback_used": false,
        "selected_alpha": 0.5,
        "candidates": [
          {
            "alpha": 0.5,
            "pseudo_val_score": -0.019815,
            "pseudo_val_nll": 0.019815,
            "pseudo_val_agreement": 99.902
          },
          {
            "alpha": 0.75,
            "pseudo_val_score": -0.020426,
            "pseudo_val_nll": 0.020426,
            "pseudo_val_agreement": 99.804
          },
          {
            "alpha": 1.0,
            "pseudo_val_score": -0.022022,
            "pseudo_val_nll": 0.022022,
            "pseudo_val_agreement": 99.609
          }
        ],
        "split": {
          "novel_gated_query_count": 342,
          "validation_count": 3068,
          "novel_validation_count": 68,
          "base_validation_count": 3000,
          "updated_class_count": 5,
          "per_class_counts": {
            "60": 84,
            "61": 46,
            "62": 96,
            "63": 57,
            "64": 59
          },
          "per_class_update_counts": {
            "60": 67,
            "61": 37,
            "62": 77,
            "63": 46,
            "64": 47
          },
          "per_class_validation_counts": {
            "60": 17,
            "61": 9,
            "62": 19,
            "63": 11,
            "64": 12
          }
        }
      }
    },
    {
      "session": 2,
      "num_seen_classes": 70,
      "baseline_full_acc": 87.243,
      "baseline_base_acc": 89.367,
      "baseline_novel_acc": 74.5,
      "selected_alpha": 0.5,
      "final_full_acc": 88.0,
      "final_base_acc": 89.15,
      "final_novel_acc": 81.1,
      "final_gain": 0.757,
      "updated_class_count": 10,
      "gated_query_count": 778,
      "gated_base_count": 18,
      "gated_novel_count": 760,
      "alpha_selection": {
        "mode": "pseudo_validation",
        "fallback_used": false,
        "selected_alpha": 0.5,
        "candidates": [
          {
            "alpha": 0.5,
            "pseudo_val_score": -0.037359,
            "pseudo_val_nll": 0.037359,
            "pseudo_val_agreement": 99.746
          },
          {
            "alpha": 0.75,
            "pseudo_val_score": -0.038671,
            "pseudo_val_nll": 0.038671,
            "pseudo_val_agreement": 99.461
          },
          {
            "alpha": 1.0,
            "pseudo_val_score": -0.041608,
            "pseudo_val_nll": 0.041608,
            "pseudo_val_agreement": 99.208
          }
        ],
        "split": {
          "novel_gated_query_count": 778,
          "validation_count": 3155,
          "novel_validation_count": 155,
          "base_validation_count": 3000,
          "updated_class_count": 10,
          "per_class_counts": {
            "60": 83,
            "61": 47,
            "62": 96,
            "63": 54,
            "64": 55,
            "65": 87,
            "66": 97,
            "67": 81,
            "68": 88,
            "69": 90
          },
          "per_class_update_counts": {
            "60": 66,
            "61": 38,
            "62": 77,
            "63": 43,
            "64": 44,
            "65": 70,
            "66": 78,
            "67": 65,
            "68": 70,
            "69": 72
          },
          "per_class_validation_counts": {
            "60": 17,
            "61": 9,
            "62": 19,
            "63": 11,
            "64": 11,
            "65": 17,
            "66": 19,
            "67": 16,
            "68": 18,
            "69": 18
          }
        }
      }
    },
    {
      "session": 3,
      "num_seen_classes": 75,
      "baseline_full_acc": 85.12,
      "baseline_base_acc": 89.267,
      "baseline_novel_acc": 68.533,
      "selected_alpha": 0.5,
      "final_full_acc": 86.853,
      "final_base_acc": 88.967,
      "final_novel_acc": 78.4,
      "final_gain": 1.733,
      "updated_class_count": 15,
      "gated_query_count": 1089,
      "gated_base_count": 26,
      "gated_novel_count": 1063,
      "alpha_selection": {
        "mode": "pseudo_validation",
        "fallback_used": false,
        "selected_alpha": 0.5,
        "candidates": [
          {
            "alpha": 0.5,
            "pseudo_val_score": -0.053363,
            "pseudo_val_nll": 0.053363,
            "pseudo_val_agreement": 99.441
          },
          {
            "alpha": 0.75,
            "pseudo_val_score": -0.056793,
            "pseudo_val_nll": 0.056793,
            "pseudo_val_agreement": 99.037
          },
          {
            "alpha": 1.0,
            "pseudo_val_score": -0.062632,
            "pseudo_val_nll": 0.062632,
            "pseudo_val_agreement": 98.633
          }
        ],
        "split": {
          "novel_gated_query_count": 1089,
          "validation_count": 3219,
          "novel_validation_count": 219,
          "base_validation_count": 3000,
          "updated_class_count": 15,
          "per_class_counts": {
            "60": 83,
            "61": 46,
            "62": 93,
            "63": 53,
            "64": 54,
            "65": 87,
            "66": 95,
            "67": 78,
            "68": 89,
            "69": 89,
            "70": 95,
            "71": 81,
            "72": 36,
            "73": 71,
            "74": 39
          },
          "per_class_update_counts": {
            "60": 66,
            "61": 37,
            "62": 74,
            "63": 42,
            "64": 43,
            "65": 70,
            "66": 76,
            "67": 62,
            "68": 71,
            "69": 71,
            "70": 76,
            "71": 65,
            "72": 29,
            "73": 57,
            "74": 31
          },
          "per_class_validation_counts": {
            "60": 17,
            "61": 9,
            "62": 19,
            "63": 11,
            "64": 11,
            "65": 17,
            "66": 19,
            "67": 16,
            "68": 18,
            "69": 18,
            "70": 19,
            "71": 16,
            "72": 7,
            "73": 14,
            "74": 8
          }
        }
      }
    },
    {
      "session": 4,
      "num_seen_classes": 80,
      "baseline_full_acc": 85.138,
      "baseline_base_acc": 89.267,
      "baseline_novel_acc": 72.75,
      "selected_alpha": 0.5,
      "final_full_acc": 87.0,
      "final_base_acc": 88.917,
      "final_novel_acc": 81.25,
      "final_gain": 1.863,
      "updated_class_count": 20,
      "gated_query_count": 1522,
      "gated_base_count": 28,
      "gated_novel_count": 1494,
      "alpha_selection": {
        "mode": "pseudo_validation",
        "fallback_used": false,
        "selected_alpha": 0.5,
        "candidates": [
          {
            "alpha": 0.5,
            "pseudo_val_score": -0.06715,
            "pseudo_val_nll": 0.06715,
            "pseudo_val_agreement": 99.395
          },
          {
            "alpha": 0.75,
            "pseudo_val_score": -0.070821,
            "pseudo_val_nll": 0.070821,
            "pseudo_val_agreement": 98.911
          },
          {
            "alpha": 1.0,
            "pseudo_val_score": -0.077266,
            "pseudo_val_nll": 0.077266,
            "pseudo_val_agreement": 98.578
          }
        ],
        "split": {
          "novel_gated_query_count": 1522,
          "validation_count": 3305,
          "novel_validation_count": 305,
          "base_validation_count": 3000,
          "updated_class_count": 20,
          "per_class_counts": {
            "60": 84,
            "61": 46,
            "62": 93,
            "63": 52,
            "64": 53,
            "65": 87,
            "66": 96,
            "67": 80,
            "68": 89,
            "69": 89,
            "70": 95,
            "71": 82,
            "72": 34,
            "73": 73,
            "74": 39,
            "75": 93,
            "76": 87,
            "77": 87,
            "78": 90,
            "79": 73
          },
          "per_class_update_counts": {
            "60": 67,
            "61": 37,
            "62": 74,
            "63": 42,
            "64": 42,
            "65": 70,
            "66": 77,
            "67": 64,
            "68": 71,
            "69": 71,
            "70": 76,
            "71": 66,
            "72": 27,
            "73": 58,
            "74": 31,
            "75": 74,
            "76": 70,
            "77": 70,
            "78": 72,
            "79": 58
          },
          "per_class_validation_counts": {
            "60": 17,
            "61": 9,
            "62": 19,
            "63": 10,
            "64": 11,
            "65": 17,
            "66": 19,
            "67": 16,
            "68": 18,
            "69": 18,
            "70": 19,
            "71": 16,
            "72": 7,
            "73": 15,
            "74": 8,
            "75": 19,
            "76": 17,
            "77": 17,
            "78": 18,
            "79": 15
          }
        }
      }
    },
    {
      "session": 5,
      "num_seen_classes": 85,
      "baseline_full_acc": 84.965,
      "baseline_base_acc": 89.15,
      "baseline_novel_acc": 74.92,
      "selected_alpha": 0.5,
      "final_full_acc": 86.8,
      "final_base_acc": 88.767,
      "final_novel_acc": 82.08,
      "final_gain": 1.835,
      "updated_class_count": 25,
      "gated_query_count": 1954,
      "gated_base_count": 37,
      "gated_novel_count": 1917,
      "alpha_selection": {
        "mode": "pseudo_validation",
        "fallback_used": false,
        "selected_alpha": 0.5,
        "candidates": [
          {
            "alpha": 0.5,
            "pseudo_val_score": -0.081072,
            "pseudo_val_nll": 0.081072,
            "pseudo_val_agreement": 99.381
          },
          {
            "alpha": 0.75,
            "pseudo_val_score": -0.084436,
            "pseudo_val_nll": 0.084436,
            "pseudo_val_agreement": 98.879
          },
          {
            "alpha": 1.0,
            "pseudo_val_score": -0.091048,
            "pseudo_val_nll": 0.091048,
            "pseudo_val_agreement": 98.289
          }
        ],
        "split": {
          "novel_gated_query_count": 1954,
          "validation_count": 3390,
          "novel_validation_count": 390,
          "base_validation_count": 3000,
          "updated_class_count": 25,
          "per_class_counts": {
            "60": 84,
            "61": 47,
            "62": 93,
            "63": 52,
            "64": 53,
            "65": 87,
            "66": 96,
            "67": 80,
            "68": 89,
            "69": 89,
            "70": 95,
            "71": 81,
            "72": 36,
            "73": 72,
            "74": 42,
            "75": 95,
            "76": 88,
            "77": 87,
            "78": 90,
            "79": 74,
            "80": 70,
            "81": 82,
            "82": 100,
            "83": 94,
            "84": 78
          },
          "per_class_update_counts": {
            "60": 67,
            "61": 38,
            "62": 74,
            "63": 42,
            "64": 42,
            "65": 70,
            "66": 77,
            "67": 64,
            "68": 71,
            "69": 71,
            "70": 76,
            "71": 65,
            "72": 29,
            "73": 58,
            "74": 34,
            "75": 76,
            "76": 70,
            "77": 70,
            "78": 72,
            "79": 59,
            "80": 56,
            "81": 66,
            "82": 80,
            "83": 75,
            "84": 62
          },
          "per_class_validation_counts": {
            "60": 17,
            "61": 9,
            "62": 19,
            "63": 10,
            "64": 11,
            "65": 17,
            "66": 19,
            "67": 16,
            "68": 18,
            "69": 18,
            "70": 19,
            "71": 16,
            "72": 7,
            "73": 14,
            "74": 8,
            "75": 19,
            "76": 18,
            "77": 17,
            "78": 18,
            "79": 15,
            "80": 14,
            "81": 16,
            "82": 20,
            "83": 19,
            "84": 16
          }
        }
      }
    },
    {
      "session": 6,
      "num_seen_classes": 90,
      "baseline_full_acc": 85.122,
      "baseline_base_acc": 88.983,
      "baseline_novel_acc": 77.4,
      "selected_alpha": 0.5,
      "final_full_acc": 86.956,
      "final_base_acc": 88.583,
      "final_novel_acc": 83.7,
      "final_gain": 1.833,
      "updated_class_count": 30,
      "gated_query_count": 2423,
      "gated_base_count": 52,
      "gated_novel_count": 2371,
      "alpha_selection": {
        "mode": "pseudo_validation",
        "fallback_used": false,
        "selected_alpha": 0.5,
        "candidates": [
          {
            "alpha": 0.5,
            "pseudo_val_score": -0.096102,
            "pseudo_val_nll": 0.096102,
            "pseudo_val_agreement": 99.282
          },
          {
            "alpha": 0.75,
            "pseudo_val_score": -0.100171,
            "pseudo_val_nll": 0.100171,
            "pseudo_val_agreement": 98.507
          },
          {
            "alpha": 1.0,
            "pseudo_val_score": -0.108136,
            "pseudo_val_nll": 0.108136,
            "pseudo_val_agreement": 97.876
          }
        ],
        "split": {
          "novel_gated_query_count": 2423,
          "validation_count": 3484,
          "novel_validation_count": 484,
          "base_validation_count": 3000,
          "updated_class_count": 30,
          "per_class_counts": {
            "60": 84,
            "61": 47,
            "62": 93,
            "63": 52,
            "64": 53,
            "65": 87,
            "66": 97,
            "67": 79,
            "68": 89,
            "69": 88,
            "70": 95,
            "71": 82,
            "72": 35,
            "73": 72,
            "74": 41,
            "75": 95,
            "76": 88,
            "77": 87,
            "78": 89,
            "79": 74,
            "80": 70,
            "81": 82,
            "82": 100,
            "83": 94,
            "84": 79,
            "85": 94,
            "86": 98,
            "87": 82,
            "88": 92,
            "89": 105
          },
          "per_class_update_counts": {
            "60": 67,
            "61": 38,
            "62": 74,
            "63": 42,
            "64": 42,
            "65": 70,
            "66": 78,
            "67": 63,
            "68": 71,
            "69": 70,
            "70": 76,
            "71": 66,
            "72": 28,
            "73": 58,
            "74": 33,
            "75": 76,
            "76": 70,
            "77": 70,
            "78": 71,
            "79": 59,
            "80": 56,
            "81": 66,
            "82": 80,
            "83": 75,
            "84": 63,
            "85": 75,
            "86": 78,
            "87": 66,
            "88": 74,
            "89": 84
          },
          "per_class_validation_counts": {
            "60": 17,
            "61": 9,
            "62": 19,
            "63": 10,
            "64": 11,
            "65": 17,
            "66": 19,
            "67": 16,
            "68": 18,
            "69": 18,
            "70": 19,
            "71": 16,
            "72": 7,
            "73": 14,
            "74": 8,
            "75": 19,
            "76": 18,
            "77": 17,
            "78": 18,
            "79": 15,
            "80": 14,
            "81": 16,
            "82": 20,
            "83": 19,
            "84": 16,
            "85": 19,
            "86": 20,
            "87": 16,
            "88": 18,
            "89": 21
          }
        }
      }
    },
    {
      "session": 7,
      "num_seen_classes": 95,
      "baseline_full_acc": 85.053,
      "baseline_base_acc": 88.967,
      "baseline_novel_acc": 78.343,
      "selected_alpha": 0.5,
      "final_full_acc": 86.937,
      "final_base_acc": 88.6,
      "final_novel_acc": 84.086,
      "final_gain": 1.884,
      "updated_class_count": 35,
      "gated_query_count": 2878,
      "gated_base_count": 58,
      "gated_novel_count": 2820,
      "alpha_selection": {
        "mode": "pseudo_validation",
        "fallback_used": false,
        "selected_alpha": 0.5,
        "candidates": [
          {
            "alpha": 0.5,
            "pseudo_val_score": -0.117181,
            "pseudo_val_nll": 0.117181,
            "pseudo_val_agreement": 99.022
          },
          {
            "alpha": 0.75,
            "pseudo_val_score": -0.122772,
            "pseudo_val_nll": 0.122772,
            "pseudo_val_agreement": 98.155
          },
          {
            "alpha": 1.0,
            "pseudo_val_score": -0.131811,
            "pseudo_val_nll": 0.131811,
            "pseudo_val_agreement": 97.373
          }
        ],
        "split": {
          "novel_gated_query_count": 2878,
          "validation_count": 3578,
          "novel_validation_count": 578,
          "base_validation_count": 3000,
          "updated_class_count": 35,
          "per_class_counts": {
            "60": 84,
            "61": 48,
            "62": 84,
            "63": 52,
            "64": 53,
            "65": 87,
            "66": 97,
            "67": 79,
            "68": 89,
            "69": 88,
            "70": 97,
            "71": 82,
            "72": 37,
            "73": 75,
            "74": 43,
            "75": 94,
            "76": 88,
            "77": 88,
            "78": 90,
            "79": 74,
            "80": 71,
            "81": 87,
            "82": 99,
            "83": 94,
            "84": 79,
            "85": 94,
            "86": 98,
            "87": 83,
            "88": 92,
            "89": 105,
            "90": 83,
            "91": 89,
            "92": 97,
            "93": 84,
            "94": 94
          },
          "per_class_update_counts": {
            "60": 67,
            "61": 38,
            "62": 67,
            "63": 42,
            "64": 42,
            "65": 70,
            "66": 78,
            "67": 63,
            "68": 71,
            "69": 70,
            "70": 78,
            "71": 66,
            "72": 30,
            "73": 60,
            "74": 34,
            "75": 75,
            "76": 70,
            "77": 70,
            "78": 72,
            "79": 59,
            "80": 57,
            "81": 70,
            "82": 79,
            "83": 75,
            "84": 63,
            "85": 75,
            "86": 78,
            "87": 66,
            "88": 74,
            "89": 84,
            "90": 66,
            "91": 71,
            "92": 78,
            "93": 67,
            "94": 75
          },
          "per_class_validation_counts": {
            "60": 17,
            "61": 10,
            "62": 17,
            "63": 10,
            "64": 11,
            "65": 17,
            "66": 19,
            "67": 16,
            "68": 18,
            "69": 18,
            "70": 19,
            "71": 16,
            "72": 7,
            "73": 15,
            "74": 9,
            "75": 19,
            "76": 18,
            "77": 18,
            "78": 18,
            "79": 15,
            "80": 14,
            "81": 17,
            "82": 20,
            "83": 19,
            "84": 16,
            "85": 19,
            "86": 20,
            "87": 17,
            "88": 18,
            "89": 21,
            "90": 17,
            "91": 18,
            "92": 19,
            "93": 17,
            "94": 19
          }
        }
      }
    },
    {
      "session": 8,
      "num_seen_classes": 100,
      "baseline_full_acc": 83.16,
      "baseline_base_acc": 88.567,
      "baseline_novel_acc": 75.05,
      "selected_alpha": 0.5,
      "final_full_acc": 85.78,
      "final_base_acc": 88.1,
      "final_novel_acc": 82.3,
      "final_gain": 2.62,
      "updated_class_count": 40,
      "gated_query_count": 3175,
      "gated_base_count": 67,
      "gated_novel_count": 3108,
      "alpha_selection": {
        "mode": "pseudo_validation",
        "fallback_used": false,
        "selected_alpha": 0.5,
        "candidates": [
          {
            "alpha": 0.5,
            "pseudo_val_score": -0.129882,
            "pseudo_val_nll": 0.129882,
            "pseudo_val_agreement": 98.735
          },
          {
            "alpha": 0.75,
            "pseudo_val_score": -0.137057,
            "pseudo_val_nll": 0.137057,
            "pseudo_val_agreement": 97.663
          },
          {
            "alpha": 1.0,
            "pseudo_val_score": -0.147953,
            "pseudo_val_nll": 0.147953,
            "pseudo_val_agreement": 96.756
          }
        ],
        "split": {
          "novel_gated_query_count": 3175,
          "validation_count": 3637,
          "novel_validation_count": 637,
          "base_validation_count": 3000,
          "updated_class_count": 40,
          "per_class_counts": {
            "60": 84,
            "61": 48,
            "62": 84,
            "63": 52,
            "64": 53,
            "65": 87,
            "66": 99,
            "67": 80,
            "68": 88,
            "69": 88,
            "70": 97,
            "71": 83,
            "72": 37,
            "73": 77,
            "74": 45,
            "75": 94,
            "76": 87,
            "77": 87,
            "78": 83,
            "79": 73,
            "80": 71,
            "81": 88,
            "82": 100,
            "83": 94,
            "84": 79,
            "85": 94,
            "86": 97,
            "87": 83,
            "88": 91,
            "89": 105,
            "90": 83,
            "91": 89,
            "92": 97,
            "93": 84,
            "94": 93,
            "95": 32,
            "96": 39,
            "97": 95,
            "98": 36,
            "99": 99
          },
          "per_class_update_counts": {
            "60": 67,
            "61": 38,
            "62": 67,
            "63": 42,
            "64": 42,
            "65": 70,
            "66": 79,
            "67": 64,
            "68": 70,
            "69": 70,
            "70": 78,
            "71": 66,
            "72": 30,
            "73": 62,
            "74": 36,
            "75": 75,
            "76": 70,
            "77": 70,
            "78": 66,
            "79": 58,
            "80": 57,
            "81": 70,
            "82": 80,
            "83": 75,
            "84": 63,
            "85": 75,
            "86": 78,
            "87": 66,
            "88": 73,
            "89": 84,
            "90": 66,
            "91": 71,
            "92": 78,
            "93": 67,
            "94": 74,
            "95": 26,
            "96": 31,
            "97": 76,
            "98": 29,
            "99": 79
          },
          "per_class_validation_counts": {
            "60": 17,
            "61": 10,
            "62": 17,
            "63": 10,
            "64": 11,
            "65": 17,
            "66": 20,
            "67": 16,
            "68": 18,
            "69": 18,
            "70": 19,
            "71": 17,
            "72": 7,
            "73": 15,
            "74": 9,
            "75": 19,
            "76": 17,
            "77": 17,
            "78": 17,
            "79": 15,
            "80": 14,
            "81": 18,
            "82": 20,
            "83": 19,
            "84": 16,
            "85": 19,
            "86": 19,
            "87": 17,
            "88": 18,
            "89": 21,
            "90": 17,
            "91": 18,
            "92": 19,
            "93": 17,
            "94": 19,
            "95": 6,
            "96": 8,
            "97": 19,
            "98": 7,
            "99": 20
          }
        }
      }
    }
  ]
}
