/media/bio/data/BiMC-test/models/clip/clip.py:23: UserWarning: PyTorch version 1.7.1 or higher is recommended
  warnings.warn("PyTorch version 1.7.1 or higher is recommended")
manual seed: 7
use gpu: ['0']
Loading CLIP (backbone: ViT-B/16)
Prompt template:['a photo of a {}.']
Loading DinoV2 ViT-B/14 from local hub: /home/bio/.cache/torch/hub/facebookresearch_dinov2_main
/home/bio/.cache/torch/hub/facebookresearch_dinov2_main/dinov2/layers/swiglu_ffn.py:51: UserWarning: xFormers is not available (SwiGLU)
  warnings.warn("xFormers is not available (SwiGLU)")
/home/bio/.cache/torch/hub/facebookresearch_dinov2_main/dinov2/layers/attention.py:34: UserWarning: xFormers is not available (Attention)
  warnings.warn("xFormers is not available (Attention)")
/home/bio/.cache/torch/hub/facebookresearch_dinov2_main/dinov2/layers/block.py:41: UserWarning: xFormers is not available (Block)
  warnings.warn("xFormers is not available (Block)")
Loading DinoV2 weights: /home/bio/.cache/torch/hub/checkpoints/dinov2_vitb14_pretrain.pth
class names: ['Black footed Albatross' 'Laysan Albatross' 'Sooty Albatross'
 'Groove billed Ani' 'Crested Auklet' 'Least Auklet' 'Parakeet Auklet'
 'Rhinoceros Auklet' 'Brewer Blackbird' 'Red winged Blackbird'
 'Rusty Blackbird' 'Yellow headed Blackbird' 'Bobolink' 'Indigo Bunting'
 'Lazuli Bunting' 'Painted Bunting' 'Cardinal' 'Spotted Catbird'
 'Gray Catbird' 'Yellow breasted Chat' 'Eastern Towhee' 'Chuck will Widow'
 'Brandt Cormorant' 'Red faced Cormorant' 'Pelagic Cormorant'
 'Bronzed Cowbird' 'Shiny Cowbird' 'Brown Creeper' 'American Crow'
 'Fish Crow' 'Black billed Cuckoo' 'Mangrove Cuckoo'
 'Yellow billed Cuckoo' 'Gray crowned Rosy Finch' 'Purple Finch'
 'Northern Flicker' 'Acadian Flycatcher' 'Great Crested Flycatcher'
 'Least Flycatcher' 'Olive sided Flycatcher' 'Scissor tailed Flycatcher'
 'Vermilion Flycatcher' 'Yellow bellied Flycatcher' 'Frigatebird'
 'Northern Fulmar' 'Gadwall' 'American Goldfinch' 'European Goldfinch'
 'Boat tailed Grackle' 'Eared Grebe' 'Horned Grebe' 'Pied billed Grebe'
 'Western Grebe' 'Blue Grosbeak' 'Evening Grosbeak' 'Pine Grosbeak'
 'Rose breasted Grosbeak' 'Pigeon Guillemot' 'California Gull'
 'Glaucous winged Gull' 'Heermann Gull' 'Herring Gull' 'Ivory Gull'
 'Ring billed Gull' 'Slaty backed Gull' 'Western Gull' 'Anna Hummingbird'
 'Ruby throated Hummingbird' 'Rufous Hummingbird' 'Green Violetear'
 'Long tailed Jaeger' 'Pomarine Jaeger' 'Blue Jay' 'Florida Jay'
 'Green Jay' 'Dark eyed Junco' 'Tropical Kingbird' 'Gray Kingbird'
 'Belted Kingfisher' 'Green Kingfisher' 'Pied Kingfisher'
 'Ringed Kingfisher' 'White breasted Kingfisher' 'Red legged Kittiwake'
 'Horned Lark' 'Pacific Loon' 'Mallard' 'Western Meadowlark'
 'Hooded Merganser' 'Red breasted Merganser' 'Mockingbird' 'Nighthawk'
 'Clark Nutcracker' 'White breasted Nuthatch' 'Baltimore Oriole'
 'Hooded Oriole' 'Orchard Oriole' 'Scott Oriole' 'Ovenbird'
 'Brown Pelican']
all targets:tensor([ 0,  1,  2,  3,  4,  5,  6,  7,  8,  9, 10, 11, 12, 13, 14, 15, 16, 17,
        18, 19, 20, 21, 22, 23, 24, 25, 26, 27, 28, 29, 30, 31, 32, 33, 34, 35,
        36, 37, 38, 39, 40, 41, 42, 43, 44, 45, 46, 47, 48, 49, 50, 51, 52, 53,
        54, 55, 56, 57, 58, 59, 60, 61, 62, 63, 64, 65, 66, 67, 68, 69, 70, 71,
        72, 73, 74, 75, 76, 77, 78, 79, 80, 81, 82, 83, 84, 85, 86, 87, 88, 89,
        90, 91, 92, 93, 94, 95, 96, 97, 98, 99], device='cuda:0')
dino all targets:tensor([ 0,  1,  2,  3,  4,  5,  6,  7,  8,  9, 10, 11, 12, 13, 14, 15, 16, 17,
        18, 19, 20, 21, 22, 23, 24, 25, 26, 27, 28, 29, 30, 31, 32, 33, 34, 35,
        36, 37, 38, 39, 40, 41, 42, 43, 44, 45, 46, 47, 48, 49, 50, 51, 52, 53,
        54, 55, 56, 57, 58, 59, 60, 61, 62, 63, 64, 65, 66, 67, 68, 69, 70, 71,
        72, 73, 74, 75, 76, 77, 78, 79, 80, 81, 82, 83, 84, 85, 86, 87, 88, 89,
        90, 91, 92, 93, 94, 95, 96, 97, 98, 99], device='cuda:0')
finish loading CLIP/DinoV2 covariance
class names: ['White Pelican' 'Western Wood Pewee' 'Sayornis' 'American Pipit'
 'Whip poor Will' 'Horned Puffin' 'Common Raven' 'White necked Raven'
 'American Redstart' 'Geococcyx']
all targets:tensor([100, 101, 102, 103, 104, 105, 106, 107, 108, 109], device='cuda:0')
dino all targets:tensor([100, 101, 102, 103, 104, 105, 106, 107, 108, 109], device='cuda:0')
finish loading CLIP/DinoV2 covariance
class names: ['Loggerhead Shrike' 'Great Grey Shrike' 'Baird Sparrow'
 'Black throated Sparrow' 'Brewer Sparrow' 'Chipping Sparrow'
 'Clay colored Sparrow' 'House Sparrow' 'Field Sparrow' 'Fox Sparrow']
all targets:tensor([110, 111, 112, 113, 114, 115, 116, 117, 118, 119], device='cuda:0')
dino all targets:tensor([110, 111, 112, 113, 114, 115, 116, 117, 118, 119], device='cuda:0')
finish loading CLIP/DinoV2 covariance
class names: ['Grasshopper Sparrow' 'Harris Sparrow' 'Henslow Sparrow'
 'Le Conte Sparrow' 'Lincoln Sparrow' 'Nelson Sharp tailed Sparrow'
 'Savannah Sparrow' 'Seaside Sparrow' 'Song Sparrow' 'Tree Sparrow']
all targets:tensor([120, 121, 122, 123, 124, 125, 126, 127, 128, 129], device='cuda:0')
dino all targets:tensor([120, 121, 122, 123, 124, 125, 126, 127, 128, 129], device='cuda:0')
finish loading CLIP/DinoV2 covariance
class names: ['Vesper Sparrow' 'White crowned Sparrow' 'White throated Sparrow'
 'Cape Glossy Starling' 'Bank Swallow' 'Barn Swallow' 'Cliff Swallow'
 'Tree Swallow' 'Scarlet Tanager' 'Summer Tanager']
all targets:tensor([130, 131, 132, 133, 134, 135, 136, 137, 138, 139], device='cuda:0')
dino all targets:tensor([130, 131, 132, 133, 134, 135, 136, 137, 138, 139], device='cuda:0')
finish loading CLIP/DinoV2 covariance
class names: ['Artic Tern' 'Black Tern' 'Caspian Tern' 'Common Tern' 'Elegant Tern'
 'Forsters Tern' 'Least Tern' 'Green tailed Towhee' 'Brown Thrasher'
 'Sage Thrasher']
all targets:tensor([140, 141, 142, 143, 144, 145, 146, 147, 148, 149], device='cuda:0')
dino all targets:tensor([140, 141, 142, 143, 144, 145, 146, 147, 148, 149], device='cuda:0')
finish loading CLIP/DinoV2 covariance
class names: ['Black capped Vireo' 'Blue headed Vireo' 'Philadelphia Vireo'
 'Red eyed Vireo' 'Warbling Vireo' 'White eyed Vireo'
 'Yellow throated Vireo' 'Bay breasted Warbler' 'Black and white Warbler'
 'Black throated Blue Warbler']
all targets:tensor([150, 151, 152, 153, 154, 155, 156, 157, 158, 159], device='cuda:0')
dino all targets:tensor([150, 151, 152, 153, 154, 155, 156, 157, 158, 159], device='cuda:0')
finish loading CLIP/DinoV2 covariance
class names: ['Blue winged Warbler' 'Canada Warbler' 'Cape May Warbler'
 'Cerulean Warbler' 'Chestnut sided Warbler' 'Golden winged Warbler'
 'Hooded Warbler' 'Kentucky Warbler' 'Magnolia Warbler' 'Mourning Warbler']
all targets:tensor([160, 161, 162, 163, 164, 165, 166, 167, 168, 169], device='cuda:0')
dino all targets:tensor([160, 161, 162, 163, 164, 165, 166, 167, 168, 169], device='cuda:0')
finish loading CLIP/DinoV2 covariance
class names: ['Myrtle Warbler' 'Nashville Warbler' 'Orange crowned Warbler'
 'Palm Warbler' 'Pine Warbler' 'Prairie Warbler' 'Prothonotary Warbler'
 'Swainson Warbler' 'Tennessee Warbler' 'Wilson Warbler']
all targets:tensor([170, 171, 172, 173, 174, 175, 176, 177, 178, 179], device='cuda:0')
dino all targets:tensor([170, 171, 172, 173, 174, 175, 176, 177, 178, 179], device='cuda:0')
finish loading CLIP/DinoV2 covariance
class names: ['Worm eating Warbler' 'Yellow Warbler' 'Northern Waterthrush'
 'Louisiana Waterthrush' 'Bohemian Waxwing' 'Cedar Waxwing'
 'American Three toed Woodpecker' 'Pileated Woodpecker'
 'Red bellied Woodpecker' 'Red cockaded Woodpecker']
all targets:tensor([180, 181, 182, 183, 184, 185, 186, 187, 188, 189], device='cuda:0')
dino all targets:tensor([180, 181, 182, 183, 184, 185, 186, 187, 188, 189], device='cuda:0')
finish loading CLIP/DinoV2 covariance
class names: ['Red headed Woodpecker' 'Downy Woodpecker' 'Bewick Wren' 'Cactus Wren'
 'Carolina Wren' 'House Wren' 'Marsh Wren' 'Rock Wren' 'Winter Wren'
 'Common Yellowthroat']
all targets:tensor([190, 191, 192, 193, 194, 195, 196, 197, 198, 199], device='cuda:0')
dino all targets:tensor([190, 191, 192, 193, 194, 195, 196, 197, 198, 199], device='cuda:0')
finish loading CLIP/DinoV2 covariance
session 0: baseline=88.163 final=88.163 gain=0.000
session 1: baseline=86.955 final=87.464 gain=0.509
session 2: baseline=86.676 final=87.347 gain=0.671
session 3: baseline=85.515 final=86.293 gain=0.778
session 4: baseline=85.427 final=86.321 gain=0.894
session 5: baseline=84.235 final=85.021 gain=0.786
session 6: baseline=84.569 final=85.414 gain=0.845
session 7: baseline=85.074 final=85.950 gain=0.876
session 8: baseline=84.844 final=85.805 gain=0.960
session 9: baseline=85.311 final=86.294 gain=0.983
session 10: baseline=85.640 final=86.572 gain=0.932
{
  "dataset": "cub200",
  "seed": 7,
  "train_cfg": "experiments/bmvc_1256_20260508-124032/generated_configs/bimc_dino_fusion.yaml",
  "method": "sessionwise conservative query prototype refinement on bimc_dino_fusion with pseudo-validation alpha selection",
  "runtime_sec": 235.577,
  "alpha_grid": [
    0.5,
    0.75,
    1.0
  ],
  "alpha_selection": "pseudo_validation_no_test_labels",
  "mass_thr": 0.3,
  "min_count": 5,
  "val_fraction": 0.2,
  "base_val_conf_thr": 0.5,
  "base_val_max_per_class": 50,
  "fallback_alpha": 0.75,
  "topk_per_class": null,
  "baseline_acc_list": [
    88.163,
    86.955,
    86.676,
    85.515,
    85.427,
    84.235,
    84.569,
    85.074,
    84.844,
    85.311,
    85.64
  ],
  "final_acc_list": [
    88.163,
    87.464,
    87.347,
    86.293,
    86.321,
    85.021,
    85.414,
    85.95,
    85.805,
    86.294,
    86.572
  ],
  "gain_list": [
    0.0,
    0.509,
    0.671,
    0.778,
    0.894,
    0.786,
    0.845,
    0.876,
    0.96,
    0.983,
    0.932
  ],
  "baseline_avg": 85.674,
  "baseline_pd": 2.523,
  "final_avg": 86.422,
  "final_pd": 1.591,
  "gain_avg": 0.749,
  "session_results": [
    {
      "session": 0,
      "num_seen_classes": 100,
      "baseline_full_acc": 88.163,
      "baseline_base_acc": 88.163,
      "baseline_novel_acc": 0.0,
      "best_alpha": null,
      "final_full_acc": 88.163,
      "final_base_acc": 88.163,
      "final_novel_acc": 0.0,
      "final_gain": 0.0,
      "updated_class_count": 0,
      "gated_query_count": 0,
      "alpha_selection": {
        "mode": "not_applicable_base_session",
        "selected_alpha": null
      }
    },
    {
      "session": 1,
      "num_seen_classes": 110,
      "baseline_full_acc": 86.955,
      "baseline_base_acc": 88.128,
      "baseline_novel_acc": 74.91,
      "selected_alpha": 0.5,
      "final_full_acc": 87.464,
      "final_base_acc": 88.128,
      "final_novel_acc": 80.645,
      "final_gain": 0.509,
      "updated_class_count": 9,
      "gated_query_count": 218,
      "gated_base_count": 5,
      "gated_novel_count": 213,
      "alpha_selection": {
        "mode": "pseudo_validation",
        "fallback_used": false,
        "selected_alpha": 0.5,
        "candidates": [
          {
            "alpha": 0.5,
            "pseudo_val_score": -0.088237,
            "pseudo_val_nll": 0.088237,
            "pseudo_val_agreement": 99.581
          },
          {
            "alpha": 0.75,
            "pseudo_val_score": -0.089075,
            "pseudo_val_nll": 0.089075,
            "pseudo_val_agreement": 99.512
          },
          {
            "alpha": 1.0,
            "pseudo_val_score": -0.089276,
            "pseudo_val_nll": 0.089276,
            "pseudo_val_agreement": 99.546
          }
        ],
        "split": {
          "novel_gated_query_count": 218,
          "validation_count": 2866,
          "novel_validation_count": 43,
          "base_validation_count": 2823,
          "updated_class_count": 9,
          "per_class_counts": {
            "100": 17,
            "101": 19,
            "102": 22,
            "103": 30,
            "104": 1,
            "105": 30,
            "106": 15,
            "107": 25,
            "108": 28,
            "109": 31
          },
          "per_class_update_counts": {
            "100": 14,
            "101": 15,
            "102": 18,
            "103": 24,
            "104": 0,
            "105": 24,
            "106": 12,
            "107": 20,
            "108": 22,
            "109": 25
          },
          "per_class_validation_counts": {
            "100": 3,
            "101": 4,
            "102": 4,
            "103": 6,
            "104": 0,
            "105": 6,
            "106": 3,
            "107": 5,
            "108": 6,
            "109": 6
          }
        }
      }
    },
    {
      "session": 2,
      "num_seen_classes": 120,
      "baseline_full_acc": 86.676,
      "baseline_base_acc": 88.128,
      "baseline_novel_acc": 79.329,
      "selected_alpha": 0.5,
      "final_full_acc": 87.347,
      "final_base_acc": 88.094,
      "final_novel_acc": 83.569,
      "final_gain": 0.671,
      "updated_class_count": 19,
      "gated_query_count": 501,
      "gated_base_count": 5,
      "gated_novel_count": 496,
      "alpha_selection": {
        "mode": "pseudo_validation",
        "fallback_used": false,
        "selected_alpha": 0.5,
        "candidates": [
          {
            "alpha": 0.5,
            "pseudo_val_score": -0.099358,
            "pseudo_val_nll": 0.099358,
            "pseudo_val_agreement": 99.145
          },
          {
            "alpha": 0.75,
            "pseudo_val_score": -0.102136,
            "pseudo_val_nll": 0.102136,
            "pseudo_val_agreement": 99.111
          },
          {
            "alpha": 1.0,
            "pseudo_val_score": -0.10416,
            "pseudo_val_nll": 0.10416,
            "pseudo_val_agreement": 98.974
          }
        ],
        "split": {
          "novel_gated_query_count": 501,
          "validation_count": 2925,
          "novel_validation_count": 101,
          "base_validation_count": 2824,
          "updated_class_count": 19,
          "per_class_counts": {
            "100": 17,
            "101": 18,
            "102": 22,
            "103": 29,
            "104": 1,
            "105": 30,
            "106": 14,
            "107": 25,
            "108": 28,
            "109": 31,
            "110": 37,
            "111": 22,
            "112": 23,
            "113": 29,
            "114": 28,
            "115": 31,
            "116": 35,
            "117": 33,
            "118": 18,
            "119": 30
          },
          "per_class_update_counts": {
            "100": 14,
            "101": 14,
            "102": 18,
            "103": 23,
            "104": 0,
            "105": 24,
            "106": 11,
            "107": 20,
            "108": 22,
            "109": 25,
            "110": 30,
            "111": 18,
            "112": 18,
            "113": 23,
            "114": 22,
            "115": 25,
            "116": 28,
            "117": 26,
            "118": 14,
            "119": 24
          },
          "per_class_validation_counts": {
            "100": 3,
            "101": 4,
            "102": 4,
            "103": 6,
            "104": 0,
            "105": 6,
            "106": 3,
            "107": 5,
            "108": 6,
            "109": 6,
            "110": 7,
            "111": 4,
            "112": 5,
            "113": 6,
            "114": 6,
            "115": 6,
            "116": 7,
            "117": 7,
            "118": 4,
            "119": 6
          }
        }
      }
    },
    {
      "session": 3,
      "num_seen_classes": 130,
      "baseline_full_acc": 85.515,
      "baseline_base_acc": 88.128,
      "baseline_novel_acc": 76.852,
      "selected_alpha": 0.5,
      "final_full_acc": 86.293,
      "final_base_acc": 88.094,
      "final_novel_acc": 80.324,
      "final_gain": 0.778,
      "updated_class_count": 29,
      "gated_query_count": 798,
      "gated_base_count": 5,
      "gated_novel_count": 793,
      "alpha_selection": {
        "mode": "pseudo_validation",
        "fallback_used": false,
        "selected_alpha": 0.5,
        "candidates": [
          {
            "alpha": 0.5,
            "pseudo_val_score": -0.116855,
            "pseudo_val_nll": 0.116855,
            "pseudo_val_agreement": 98.526
          },
          {
            "alpha": 0.75,
            "pseudo_val_score": -0.122584,
            "pseudo_val_nll": 0.122584,
            "pseudo_val_agreement": 98.158
          },
          {
            "alpha": 1.0,
            "pseudo_val_score": -0.128388,
            "pseudo_val_nll": 0.128388,
            "pseudo_val_agreement": 98.058
          }
        ],
        "split": {
          "novel_gated_query_count": 798,
          "validation_count": 2986,
          "novel_validation_count": 160,
          "base_validation_count": 2826,
          "updated_class_count": 29,
          "per_class_counts": {
            "100": 17,
            "101": 18,
            "102": 22,
            "103": 29,
            "104": 1,
            "105": 30,
            "106": 14,
            "107": 25,
            "108": 28,
            "109": 30,
            "110": 37,
            "111": 22,
            "112": 21,
            "113": 29,
            "114": 30,
            "115": 45,
            "116": 35,
            "117": 39,
            "118": 18,
            "119": 28,
            "120": 28,
            "121": 30,
            "122": 31,
            "123": 29,
            "124": 31,
            "125": 29,
            "126": 27,
            "127": 26,
            "128": 39,
            "129": 10
          },
          "per_class_update_counts": {
            "100": 14,
            "101": 14,
            "102": 18,
            "103": 23,
            "104": 0,
            "105": 24,
            "106": 11,
            "107": 20,
            "108": 22,
            "109": 24,
            "110": 30,
            "111": 18,
            "112": 17,
            "113": 23,
            "114": 24,
            "115": 36,
            "116": 28,
            "117": 31,
            "118": 14,
            "119": 22,
            "120": 22,
            "121": 24,
            "122": 25,
            "123": 23,
            "124": 25,
            "125": 23,
            "126": 22,
            "127": 21,
            "128": 31,
            "129": 8
          },
          "per_class_validation_counts": {
            "100": 3,
            "101": 4,
            "102": 4,
            "103": 6,
            "104": 0,
            "105": 6,
            "106": 3,
            "107": 5,
            "108": 6,
            "109": 6,
            "110": 7,
            "111": 4,
            "112": 4,
            "113": 6,
            "114": 6,
            "115": 9,
            "116": 7,
            "117": 8,
            "118": 4,
            "119": 6,
            "120": 6,
            "121": 6,
            "122": 6,
            "123": 6,
            "124": 6,
            "125": 6,
            "126": 5,
            "127": 5,
            "128": 8,
            "129": 2
          }
        }
      }
    },
    {
      "session": 4,
      "num_seen_classes": 140,
      "baseline_full_acc": 85.427,
      "baseline_base_acc": 88.024,
      "baseline_novel_acc": 79.038,
      "selected_alpha": 0.5,
      "final_full_acc": 86.321,
      "final_base_acc": 87.989,
      "final_novel_acc": 82.216,
      "final_gain": 0.894,
      "updated_class_count": 39,
      "gated_query_count": 1093,
      "gated_base_count": 7,
      "gated_novel_count": 1086,
      "alpha_selection": {
        "mode": "pseudo_validation",
        "fallback_used": false,
        "selected_alpha": 0.5,
        "candidates": [
          {
            "alpha": 0.5,
            "pseudo_val_score": -0.128219,
            "pseudo_val_nll": 0.128219,
            "pseudo_val_agreement": 98.199
          },
          {
            "alpha": 0.75,
            "pseudo_val_score": -0.13591,
            "pseudo_val_nll": 0.13591,
            "pseudo_val_agreement": 97.773
          },
          {
            "alpha": 1.0,
            "pseudo_val_score": -0.143805,
            "pseudo_val_nll": 0.143805,
            "pseudo_val_agreement": 97.577
          }
        ],
        "split": {
          "novel_gated_query_count": 1093,
          "validation_count": 3054,
          "novel_validation_count": 220,
          "base_validation_count": 2834,
          "updated_class_count": 39,
          "per_class_counts": {
            "100": 17,
            "101": 18,
            "102": 22,
            "103": 29,
            "104": 1,
            "105": 30,
            "106": 14,
            "107": 25,
            "108": 29,
            "109": 30,
            "110": 37,
            "111": 22,
            "112": 31,
            "113": 29,
            "114": 33,
            "115": 44,
            "116": 35,
            "117": 40,
            "118": 18,
            "119": 28,
            "120": 28,
            "121": 29,
            "122": 31,
            "123": 29,
            "124": 31,
            "125": 29,
            "126": 28,
            "127": 26,
            "128": 40,
            "129": 10,
            "130": 16,
            "131": 31,
            "132": 29,
            "133": 29,
            "134": 30,
            "135": 33,
            "136": 26,
            "137": 27,
            "138": 29,
            "139": 30
          },
          "per_class_update_counts": {
            "100": 14,
            "101": 14,
            "102": 18,
            "103": 23,
            "104": 0,
            "105": 24,
            "106": 11,
            "107": 20,
            "108": 23,
            "109": 24,
            "110": 30,
            "111": 18,
            "112": 25,
            "113": 23,
            "114": 26,
            "115": 35,
            "116": 28,
            "117": 32,
            "118": 14,
            "119": 22,
            "120": 22,
            "121": 23,
            "122": 25,
            "123": 23,
            "124": 25,
            "125": 23,
            "126": 22,
            "127": 21,
            "128": 32,
            "129": 8,
            "130": 13,
            "131": 25,
            "132": 23,
            "133": 23,
            "134": 24,
            "135": 26,
            "136": 21,
            "137": 22,
            "138": 23,
            "139": 24
          },
          "per_class_validation_counts": {
            "100": 3,
            "101": 4,
            "102": 4,
            "103": 6,
            "104": 0,
            "105": 6,
            "106": 3,
            "107": 5,
            "108": 6,
            "109": 6,
            "110": 7,
            "111": 4,
            "112": 6,
            "113": 6,
            "114": 7,
            "115": 9,
            "116": 7,
            "117": 8,
            "118": 4,
            "119": 6,
            "120": 6,
            "121": 6,
            "122": 6,
            "123": 6,
            "124": 6,
            "125": 6,
            "126": 6,
            "127": 5,
            "128": 8,
            "129": 2,
            "130": 3,
            "131": 6,
            "132": 6,
            "133": 6,
            "134": 6,
            "135": 7,
            "136": 5,
            "137": 5,
            "138": 6,
            "139": 6
          }
        }
      }
    },
    {
      "session": 5,
      "num_seen_classes": 150,
      "baseline_full_acc": 84.235,
      "baseline_base_acc": 88.024,
      "baseline_novel_acc": 76.813,
      "selected_alpha": 0.5,
      "final_full_acc": 85.021,
      "final_base_acc": 87.989,
      "final_novel_acc": 79.207,
      "final_gain": 0.786,
      "updated_class_count": 49,
      "gated_query_count": 1391,
      "gated_base_count": 8,
      "gated_novel_count": 1383,
      "alpha_selection": {
        "mode": "pseudo_validation",
        "fallback_used": false,
        "selected_alpha": 0.5,
        "candidates": [
          {
            "alpha": 0.5,
            "pseudo_val_score": -0.143493,
            "pseudo_val_nll": 0.143493,
            "pseudo_val_agreement": 97.621
          },
          {
            "alpha": 0.75,
            "pseudo_val_score": -0.153829,
            "pseudo_val_nll": 0.153829,
            "pseudo_val_agreement": 97.171
          },
          {
            "alpha": 1.0,
            "pseudo_val_score": -0.163313,
            "pseudo_val_nll": 0.163313,
            "pseudo_val_agreement": 96.978
          }
        ],
        "split": {
          "novel_gated_query_count": 1391,
          "validation_count": 3111,
          "novel_validation_count": 280,
          "base_validation_count": 2831,
          "updated_class_count": 49,
          "per_class_counts": {
            "100": 17,
            "101": 18,
            "102": 22,
            "103": 29,
            "104": 1,
            "105": 30,
            "106": 14,
            "107": 25,
            "108": 29,
            "109": 30,
            "110": 37,
            "111": 22,
            "112": 31,
            "113": 29,
            "114": 33,
            "115": 44,
            "116": 35,
            "117": 40,
            "118": 18,
            "119": 28,
            "120": 28,
            "121": 29,
            "122": 31,
            "123": 29,
            "124": 31,
            "125": 29,
            "126": 28,
            "127": 25,
            "128": 40,
            "129": 10,
            "130": 16,
            "131": 31,
            "132": 29,
            "133": 29,
            "134": 30,
            "135": 33,
            "136": 26,
            "137": 27,
            "138": 29,
            "139": 30,
            "140": 18,
            "141": 22,
            "142": 29,
            "143": 43,
            "144": 22,
            "145": 18,
            "146": 57,
            "147": 31,
            "148": 30,
            "149": 29
          },
          "per_class_update_counts": {
            "100": 14,
            "101": 14,
            "102": 18,
            "103": 23,
            "104": 0,
            "105": 24,
            "106": 11,
            "107": 20,
            "108": 23,
            "109": 24,
            "110": 30,
            "111": 18,
            "112": 25,
            "113": 23,
            "114": 26,
            "115": 35,
            "116": 28,
            "117": 32,
            "118": 14,
            "119": 22,
            "120": 22,
            "121": 23,
            "122": 25,
            "123": 23,
            "124": 25,
            "125": 23,
            "126": 22,
            "127": 20,
            "128": 32,
            "129": 8,
            "130": 13,
            "131": 25,
            "132": 23,
            "133": 23,
            "134": 24,
            "135": 26,
            "136": 21,
            "137": 22,
            "138": 23,
            "139": 24,
            "140": 14,
            "141": 18,
            "142": 23,
            "143": 34,
            "144": 18,
            "145": 14,
            "146": 46,
            "147": 25,
            "148": 24,
            "149": 23
          },
          "per_class_validation_counts": {
            "100": 3,
            "101": 4,
            "102": 4,
            "103": 6,
            "104": 0,
            "105": 6,
            "106": 3,
            "107": 5,
            "108": 6,
            "109": 6,
            "110": 7,
            "111": 4,
            "112": 6,
            "113": 6,
            "114": 7,
            "115": 9,
            "116": 7,
            "117": 8,
            "118": 4,
            "119": 6,
            "120": 6,
            "121": 6,
            "122": 6,
            "123": 6,
            "124": 6,
            "125": 6,
            "126": 6,
            "127": 5,
            "128": 8,
            "129": 2,
            "130": 3,
            "131": 6,
            "132": 6,
            "133": 6,
            "134": 6,
            "135": 7,
            "136": 5,
            "137": 5,
            "138": 6,
            "139": 6,
            "140": 4,
            "141": 4,
            "142": 6,
            "143": 9,
            "144": 4,
            "145": 4,
            "146": 11,
            "147": 6,
            "148": 6,
            "149": 6
          }
        }
      }
    },
    {
      "session": 6,
      "num_seen_classes": 160,
      "baseline_full_acc": 84.569,
      "baseline_base_acc": 88.094,
      "baseline_novel_acc": 78.8,
      "selected_alpha": 0.5,
      "final_full_acc": 85.414,
      "final_base_acc": 88.059,
      "final_novel_acc": 81.086,
      "final_gain": 0.845,
      "updated_class_count": 59,
      "gated_query_count": 1682,
      "gated_base_count": 12,
      "gated_novel_count": 1670,
      "alpha_selection": {
        "mode": "pseudo_validation",
        "fallback_used": false,
        "selected_alpha": 0.5,
        "candidates": [
          {
            "alpha": 0.5,
            "pseudo_val_score": -0.153208,
            "pseudo_val_nll": 0.153208,
            "pseudo_val_agreement": 97.279
          },
          {
            "alpha": 0.75,
            "pseudo_val_score": -0.166264,
            "pseudo_val_nll": 0.166264,
            "pseudo_val_agreement": 96.742
          },
          {
            "alpha": 1.0,
            "pseudo_val_score": -0.178457,
            "pseudo_val_nll": 0.178457,
            "pseudo_val_agreement": 96.394
          }
        ],
        "split": {
          "novel_gated_query_count": 1682,
          "validation_count": 3161,
          "novel_validation_count": 337,
          "base_validation_count": 2824,
          "updated_class_count": 59,
          "per_class_counts": {
            "100": 17,
            "101": 18,
            "102": 22,
            "103": 29,
            "104": 1,
            "105": 30,
            "106": 14,
            "107": 25,
            "108": 27,
            "109": 30,
            "110": 37,
            "111": 22,
            "112": 31,
            "113": 29,
            "114": 33,
            "115": 44,
            "116": 35,
            "117": 40,
            "118": 18,
            "119": 28,
            "120": 28,
            "121": 29,
            "122": 31,
            "123": 29,
            "124": 31,
            "125": 29,
            "126": 28,
            "127": 25,
            "128": 40,
            "129": 10,
            "130": 16,
            "131": 31,
            "132": 29,
            "133": 29,
            "134": 30,
            "135": 33,
            "136": 26,
            "137": 27,
            "138": 29,
            "139": 30,
            "140": 18,
            "141": 22,
            "142": 29,
            "143": 43,
            "144": 22,
            "145": 18,
            "146": 57,
            "147": 30,
            "148": 30,
            "149": 29,
            "150": 22,
            "151": 31,
            "152": 22,
            "153": 30,
            "154": 38,
            "155": 30,
            "156": 32,
            "157": 29,
            "158": 30,
            "159": 30
          },
          "per_class_update_counts": {
            "100": 14,
            "101": 14,
            "102": 18,
            "103": 23,
            "104": 0,
            "105": 24,
            "106": 11,
            "107": 20,
            "108": 22,
            "109": 24,
            "110": 30,
            "111": 18,
            "112": 25,
            "113": 23,
            "114": 26,
            "115": 35,
            "116": 28,
            "117": 32,
            "118": 14,
            "119": 22,
            "120": 22,
            "121": 23,
            "122": 25,
            "123": 23,
            "124": 25,
            "125": 23,
            "126": 22,
            "127": 20,
            "128": 32,
            "129": 8,
            "130": 13,
            "131": 25,
            "132": 23,
            "133": 23,
            "134": 24,
            "135": 26,
            "136": 21,
            "137": 22,
            "138": 23,
            "139": 24,
            "140": 14,
            "141": 18,
            "142": 23,
            "143": 34,
            "144": 18,
            "145": 14,
            "146": 46,
            "147": 24,
            "148": 24,
            "149": 23,
            "150": 18,
            "151": 25,
            "152": 18,
            "153": 24,
            "154": 30,
            "155": 24,
            "156": 26,
            "157": 23,
            "158": 24,
            "159": 24
          },
          "per_class_validation_counts": {
            "100": 3,
            "101": 4,
            "102": 4,
            "103": 6,
            "104": 0,
            "105": 6,
            "106": 3,
            "107": 5,
            "108": 5,
            "109": 6,
            "110": 7,
            "111": 4,
            "112": 6,
            "113": 6,
            "114": 7,
            "115": 9,
            "116": 7,
            "117": 8,
            "118": 4,
            "119": 6,
            "120": 6,
            "121": 6,
            "122": 6,
            "123": 6,
            "124": 6,
            "125": 6,
            "126": 6,
            "127": 5,
            "128": 8,
            "129": 2,
            "130": 3,
            "131": 6,
            "132": 6,
            "133": 6,
            "134": 6,
            "135": 7,
            "136": 5,
            "137": 5,
            "138": 6,
            "139": 6,
            "140": 4,
            "141": 4,
            "142": 6,
            "143": 9,
            "144": 4,
            "145": 4,
            "146": 11,
            "147": 6,
            "148": 6,
            "149": 6,
            "150": 4,
            "151": 6,
            "152": 4,
            "153": 6,
            "154": 8,
            "155": 6,
            "156": 6,
            "157": 6,
            "158": 6,
            "159": 6
          }
        }
      }
    },
    {
      "session": 7,
      "num_seen_classes": 170,
      "baseline_full_acc": 85.074,
      "baseline_base_acc": 87.989,
      "baseline_novel_acc": 80.997,
      "selected_alpha": 0.5,
      "final_full_acc": 85.95,
      "final_base_acc": 87.954,
      "final_novel_acc": 83.146,
      "final_gain": 0.876,
      "updated_class_count": 69,
      "gated_query_count": 1981,
      "gated_base_count": 14,
      "gated_novel_count": 1967,
      "alpha_selection": {
        "mode": "pseudo_validation",
        "fallback_used": false,
        "selected_alpha": 0.5,
        "candidates": [
          {
            "alpha": 0.5,
            "pseudo_val_score": -0.157993,
            "pseudo_val_nll": 0.157993,
            "pseudo_val_agreement": 97.175
          },
          {
            "alpha": 0.75,
            "pseudo_val_score": -0.172297,
            "pseudo_val_nll": 0.172297,
            "pseudo_val_agreement": 96.523
          },
          {
            "alpha": 1.0,
            "pseudo_val_score": -0.186956,
            "pseudo_val_nll": 0.186956,
            "pseudo_val_agreement": 96.274
          }
        ],
        "split": {
          "novel_gated_query_count": 1981,
          "validation_count": 3221,
          "novel_validation_count": 397,
          "base_validation_count": 2824,
          "updated_class_count": 69,
          "per_class_counts": {
            "100": 17,
            "101": 18,
            "102": 22,
            "103": 29,
            "104": 1,
            "105": 30,
            "106": 14,
            "107": 25,
            "108": 27,
            "109": 30,
            "110": 37,
            "111": 22,
            "112": 31,
            "113": 29,
            "114": 33,
            "115": 44,
            "116": 35,
            "117": 40,
            "118": 18,
            "119": 28,
            "120": 28,
            "121": 29,
            "122": 31,
            "123": 29,
            "124": 31,
            "125": 29,
            "126": 28,
            "127": 25,
            "128": 40,
            "129": 10,
            "130": 16,
            "131": 31,
            "132": 29,
            "133": 29,
            "134": 30,
            "135": 33,
            "136": 26,
            "137": 27,
            "138": 29,
            "139": 30,
            "140": 18,
            "141": 22,
            "142": 29,
            "143": 43,
            "144": 22,
            "145": 18,
            "146": 57,
            "147": 30,
            "148": 30,
            "149": 29,
            "150": 22,
            "151": 29,
            "152": 25,
            "153": 31,
            "154": 37,
            "155": 35,
            "156": 29,
            "157": 30,
            "158": 30,
            "159": 30,
            "160": 34,
            "161": 31,
            "162": 30,
            "163": 30,
            "164": 25,
            "165": 27,
            "166": 29,
            "167": 29,
            "168": 32,
            "169": 28
          },
          "per_class_update_counts": {
            "100": 14,
            "101": 14,
            "102": 18,
            "103": 23,
            "104": 0,
            "105": 24,
            "106": 11,
            "107": 20,
            "108": 22,
            "109": 24,
            "110": 30,
            "111": 18,
            "112": 25,
            "113": 23,
            "114": 26,
            "115": 35,
            "116": 28,
            "117": 32,
            "118": 14,
            "119": 22,
            "120": 22,
            "121": 23,
            "122": 25,
            "123": 23,
            "124": 25,
            "125": 23,
            "126": 22,
            "127": 20,
            "128": 32,
            "129": 8,
            "130": 13,
            "131": 25,
            "132": 23,
            "133": 23,
            "134": 24,
            "135": 26,
            "136": 21,
            "137": 22,
            "138": 23,
            "139": 24,
            "140": 14,
            "141": 18,
            "142": 23,
            "143": 34,
            "144": 18,
            "145": 14,
            "146": 46,
            "147": 24,
            "148": 24,
            "149": 23,
            "150": 18,
            "151": 23,
            "152": 20,
            "153": 25,
            "154": 30,
            "155": 28,
            "156": 23,
            "157": 24,
            "158": 24,
            "159": 24,
            "160": 27,
            "161": 25,
            "162": 24,
            "163": 24,
            "164": 20,
            "165": 22,
            "166": 23,
            "167": 23,
            "168": 26,
            "169": 22
          },
          "per_class_validation_counts": {
            "100": 3,
            "101": 4,
            "102": 4,
            "103": 6,
            "104": 0,
            "105": 6,
            "106": 3,
            "107": 5,
            "108": 5,
            "109": 6,
            "110": 7,
            "111": 4,
            "112": 6,
            "113": 6,
            "114": 7,
            "115": 9,
            "116": 7,
            "117": 8,
            "118": 4,
            "119": 6,
            "120": 6,
            "121": 6,
            "122": 6,
            "123": 6,
            "124": 6,
            "125": 6,
            "126": 6,
            "127": 5,
            "128": 8,
            "129": 2,
            "130": 3,
            "131": 6,
            "132": 6,
            "133": 6,
            "134": 6,
            "135": 7,
            "136": 5,
            "137": 5,
            "138": 6,
            "139": 6,
            "140": 4,
            "141": 4,
            "142": 6,
            "143": 9,
            "144": 4,
            "145": 4,
            "146": 11,
            "147": 6,
            "148": 6,
            "149": 6,
            "150": 4,
            "151": 6,
            "152": 5,
            "153": 6,
            "154": 7,
            "155": 7,
            "156": 6,
            "157": 6,
            "158": 6,
            "159": 6,
            "160": 7,
            "161": 6,
            "162": 6,
            "163": 6,
            "164": 5,
            "165": 5,
            "166": 6,
            "167": 6,
            "168": 6,
            "169": 6
          }
        }
      }
    },
    {
      "session": 8,
      "num_seen_classes": 180,
      "baseline_full_acc": 84.844,
      "baseline_base_acc": 87.989,
      "baseline_novel_acc": 80.999,
      "selected_alpha": 0.5,
      "final_full_acc": 85.805,
      "final_base_acc": 87.954,
      "final_novel_acc": 83.177,
      "final_gain": 0.96,
      "updated_class_count": 79,
      "gated_query_count": 2274,
      "gated_base_count": 16,
      "gated_novel_count": 2258,
      "alpha_selection": {
        "mode": "pseudo_validation",
        "fallback_used": false,
        "selected_alpha": 0.5,
        "candidates": [
          {
            "alpha": 0.5,
            "pseudo_val_score": -0.174256,
            "pseudo_val_nll": 0.174256,
            "pseudo_val_agreement": 96.621
          },
          {
            "alpha": 0.75,
            "pseudo_val_score": -0.192916,
            "pseudo_val_nll": 0.192916,
            "pseudo_val_agreement": 95.951
          },
          {
            "alpha": 1.0,
            "pseudo_val_score": -0.212014,
            "pseudo_val_nll": 0.212014,
            "pseudo_val_agreement": 95.556
          }
        ],
        "split": {
          "novel_gated_query_count": 2274,
          "validation_count": 3285,
          "novel_validation_count": 458,
          "base_validation_count": 2827,
          "updated_class_count": 79,
          "per_class_counts": {
            "100": 17,
            "101": 18,
            "102": 22,
            "103": 29,
            "104": 1,
            "105": 30,
            "106": 14,
            "107": 25,
            "108": 28,
            "109": 30,
            "110": 37,
            "111": 22,
            "112": 31,
            "113": 29,
            "114": 33,
            "115": 44,
            "116": 35,
            "117": 40,
            "118": 18,
            "119": 28,
            "120": 28,
            "121": 29,
            "122": 31,
            "123": 29,
            "124": 31,
            "125": 29,
            "126": 28,
            "127": 25,
            "128": 40,
            "129": 10,
            "130": 16,
            "131": 31,
            "132": 29,
            "133": 29,
            "134": 30,
            "135": 33,
            "136": 26,
            "137": 27,
            "138": 29,
            "139": 30,
            "140": 18,
            "141": 22,
            "142": 29,
            "143": 43,
            "144": 22,
            "145": 18,
            "146": 57,
            "147": 31,
            "148": 29,
            "149": 29,
            "150": 22,
            "151": 29,
            "152": 24,
            "153": 29,
            "154": 38,
            "155": 35,
            "156": 26,
            "157": 28,
            "158": 30,
            "159": 30,
            "160": 31,
            "161": 28,
            "162": 25,
            "163": 29,
            "164": 26,
            "165": 28,
            "166": 25,
            "167": 30,
            "168": 32,
            "169": 25,
            "170": 28,
            "171": 34,
            "172": 37,
            "173": 27,
            "174": 35,
            "175": 41,
            "176": 32,
            "177": 29,
            "178": 19,
            "179": 33
          },
          "per_class_update_counts": {
            "100": 14,
            "101": 14,
            "102": 18,
            "103": 23,
            "104": 0,
            "105": 24,
            "106": 11,
            "107": 20,
            "108": 22,
            "109": 24,
            "110": 30,
            "111": 18,
            "112": 25,
            "113": 23,
            "114": 26,
            "115": 35,
            "116": 28,
            "117": 32,
            "118": 14,
            "119": 22,
            "120": 22,
            "121": 23,
            "122": 25,
            "123": 23,
            "124": 25,
            "125": 23,
            "126": 22,
            "127": 20,
            "128": 32,
            "129": 8,
            "130": 13,
            "131": 25,
            "132": 23,
            "133": 23,
            "134": 24,
            "135": 26,
            "136": 21,
            "137": 22,
            "138": 23,
            "139": 24,
            "140": 14,
            "141": 18,
            "142": 23,
            "143": 34,
            "144": 18,
            "145": 14,
            "146": 46,
            "147": 25,
            "148": 23,
            "149": 23,
            "150": 18,
            "151": 23,
            "152": 19,
            "153": 23,
            "154": 30,
            "155": 28,
            "156": 21,
            "157": 22,
            "158": 24,
            "159": 24,
            "160": 25,
            "161": 22,
            "162": 20,
            "163": 23,
            "164": 21,
            "165": 22,
            "166": 20,
            "167": 24,
            "168": 26,
            "169": 20,
            "170": 22,
            "171": 27,
            "172": 30,
            "173": 22,
            "174": 28,
            "175": 33,
            "176": 26,
            "177": 23,
            "178": 15,
            "179": 26
          },
          "per_class_validation_counts": {
            "100": 3,
            "101": 4,
            "102": 4,
            "103": 6,
            "104": 0,
            "105": 6,
            "106": 3,
            "107": 5,
            "108": 6,
            "109": 6,
            "110": 7,
            "111": 4,
            "112": 6,
            "113": 6,
            "114": 7,
            "115": 9,
            "116": 7,
            "117": 8,
            "118": 4,
            "119": 6,
            "120": 6,
            "121": 6,
            "122": 6,
            "123": 6,
            "124": 6,
            "125": 6,
            "126": 6,
            "127": 5,
            "128": 8,
            "129": 2,
            "130": 3,
            "131": 6,
            "132": 6,
            "133": 6,
            "134": 6,
            "135": 7,
            "136": 5,
            "137": 5,
            "138": 6,
            "139": 6,
            "140": 4,
            "141": 4,
            "142": 6,
            "143": 9,
            "144": 4,
            "145": 4,
            "146": 11,
            "147": 6,
            "148": 6,
            "149": 6,
            "150": 4,
            "151": 6,
            "152": 5,
            "153": 6,
            "154": 8,
            "155": 7,
            "156": 5,
            "157": 6,
            "158": 6,
            "159": 6,
            "160": 6,
            "161": 6,
            "162": 5,
            "163": 6,
            "164": 5,
            "165": 6,
            "166": 5,
            "167": 6,
            "168": 6,
            "169": 5,
            "170": 6,
            "171": 7,
            "172": 7,
            "173": 5,
            "174": 7,
            "175": 8,
            "176": 6,
            "177": 6,
            "178": 4,
            "179": 7
          }
        }
      }
    },
    {
      "session": 9,
      "num_seen_classes": 190,
      "baseline_full_acc": 85.311,
      "baseline_base_acc": 87.919,
      "baseline_novel_acc": 82.471,
      "selected_alpha": 0.5,
      "final_full_acc": 86.294,
      "final_base_acc": 87.884,
      "final_novel_acc": 84.563,
      "final_gain": 0.983,
      "updated_class_count": 89,
      "gated_query_count": 2562,
      "gated_base_count": 17,
      "gated_novel_count": 2545,
      "alpha_selection": {
        "mode": "pseudo_validation",
        "fallback_used": false,
        "selected_alpha": 0.5,
        "candidates": [
          {
            "alpha": 0.5,
            "pseudo_val_score": -0.180371,
            "pseudo_val_nll": 0.180371,
            "pseudo_val_agreement": 96.44
          },
          {
            "alpha": 0.75,
            "pseudo_val_score": -0.199522,
            "pseudo_val_nll": 0.199522,
            "pseudo_val_agreement": 95.782
          },
          {
            "alpha": 1.0,
            "pseudo_val_score": -0.219183,
            "pseudo_val_nll": 0.219183,
            "pseudo_val_agreement": 95.304
          }
        ],
        "split": {
          "novel_gated_query_count": 2562,
          "validation_count": 3343,
          "novel_validation_count": 514,
          "base_validation_count": 2829,
          "updated_class_count": 89,
          "per_class_counts": {
            "100": 17,
            "101": 18,
            "102": 22,
            "103": 29,
            "104": 1,
            "105": 30,
            "106": 14,
            "107": 25,
            "108": 28,
            "109": 30,
            "110": 37,
            "111": 22,
            "112": 31,
            "113": 29,
            "114": 33,
            "115": 44,
            "116": 35,
            "117": 40,
            "118": 18,
            "119": 28,
            "120": 28,
            "121": 29,
            "122": 31,
            "123": 29,
            "124": 31,
            "125": 29,
            "126": 28,
            "127": 25,
            "128": 40,
            "129": 10,
            "130": 16,
            "131": 31,
            "132": 29,
            "133": 29,
            "134": 30,
            "135": 33,
            "136": 26,
            "137": 27,
            "138": 29,
            "139": 30,
            "140": 18,
            "141": 22,
            "142": 29,
            "143": 43,
            "144": 22,
            "145": 18,
            "146": 57,
            "147": 31,
            "148": 29,
            "149": 29,
            "150": 22,
            "151": 29,
            "152": 24,
            "153": 29,
            "154": 38,
            "155": 35,
            "156": 26,
            "157": 28,
            "158": 30,
            "159": 30,
            "160": 31,
            "161": 28,
            "162": 25,
            "163": 29,
            "164": 26,
            "165": 28,
            "166": 25,
            "167": 30,
            "168": 32,
            "169": 25,
            "170": 28,
            "171": 34,
            "172": 37,
            "173": 27,
            "174": 36,
            "175": 41,
            "176": 32,
            "177": 30,
            "178": 19,
            "179": 31,
            "180": 27,
            "181": 31,
            "182": 37,
            "183": 23,
            "184": 31,
            "185": 29,
            "186": 21,
            "187": 30,
            "188": 31,
            "189": 28
          },
          "per_class_update_counts": {
            "100": 14,
            "101": 14,
            "102": 18,
            "103": 23,
            "104": 0,
            "105": 24,
            "106": 11,
            "107": 20,
            "108": 22,
            "109": 24,
            "110": 30,
            "111": 18,
            "112": 25,
            "113": 23,
            "114": 26,
            "115": 35,
            "116": 28,
            "117": 32,
            "118": 14,
            "119": 22,
            "120": 22,
            "121": 23,
            "122": 25,
            "123": 23,
            "124": 25,
            "125": 23,
            "126": 22,
            "127": 20,
            "128": 32,
            "129": 8,
            "130": 13,
            "131": 25,
            "132": 23,
            "133": 23,
            "134": 24,
            "135": 26,
            "136": 21,
            "137": 22,
            "138": 23,
            "139": 24,
            "140": 14,
            "141": 18,
            "142": 23,
            "143": 34,
            "144": 18,
            "145": 14,
            "146": 46,
            "147": 25,
            "148": 23,
            "149": 23,
            "150": 18,
            "151": 23,
            "152": 19,
            "153": 23,
            "154": 30,
            "155": 28,
            "156": 21,
            "157": 22,
            "158": 24,
            "159": 24,
            "160": 25,
            "161": 22,
            "162": 20,
            "163": 23,
            "164": 21,
            "165": 22,
            "166": 20,
            "167": 24,
            "168": 26,
            "169": 20,
            "170": 22,
            "171": 27,
            "172": 30,
            "173": 22,
            "174": 29,
            "175": 33,
            "176": 26,
            "177": 24,
            "178": 15,
            "179": 25,
            "180": 22,
            "181": 25,
            "182": 30,
            "183": 18,
            "184": 25,
            "185": 23,
            "186": 17,
            "187": 24,
            "188": 25,
            "189": 22
          },
          "per_class_validation_counts": {
            "100": 3,
            "101": 4,
            "102": 4,
            "103": 6,
            "104": 0,
            "105": 6,
            "106": 3,
            "107": 5,
            "108": 6,
            "109": 6,
            "110": 7,
            "111": 4,
            "112": 6,
            "113": 6,
            "114": 7,
            "115": 9,
            "116": 7,
            "117": 8,
            "118": 4,
            "119": 6,
            "120": 6,
            "121": 6,
            "122": 6,
            "123": 6,
            "124": 6,
            "125": 6,
            "126": 6,
            "127": 5,
            "128": 8,
            "129": 2,
            "130": 3,
            "131": 6,
            "132": 6,
            "133": 6,
            "134": 6,
            "135": 7,
            "136": 5,
            "137": 5,
            "138": 6,
            "139": 6,
            "140": 4,
            "141": 4,
            "142": 6,
            "143": 9,
            "144": 4,
            "145": 4,
            "146": 11,
            "147": 6,
            "148": 6,
            "149": 6,
            "150": 4,
            "151": 6,
            "152": 5,
            "153": 6,
            "154": 8,
            "155": 7,
            "156": 5,
            "157": 6,
            "158": 6,
            "159": 6,
            "160": 6,
            "161": 6,
            "162": 5,
            "163": 6,
            "164": 5,
            "165": 6,
            "166": 5,
            "167": 6,
            "168": 6,
            "169": 5,
            "170": 6,
            "171": 7,
            "172": 7,
            "173": 5,
            "174": 7,
            "175": 8,
            "176": 6,
            "177": 6,
            "178": 4,
            "179": 6,
            "180": 5,
            "181": 6,
            "182": 7,
            "183": 5,
            "184": 6,
            "185": 6,
            "186": 4,
            "187": 6,
            "188": 6,
            "189": 6
          }
        }
      }
    },
    {
      "session": 10,
      "num_seen_classes": 200,
      "baseline_full_acc": 85.64,
      "baseline_base_acc": 87.814,
      "baseline_novel_acc": 83.515,
      "selected_alpha": 0.5,
      "final_full_acc": 86.572,
      "final_base_acc": 87.779,
      "final_novel_acc": 85.392,
      "final_gain": 0.932,
      "updated_class_count": 99,
      "gated_query_count": 2861,
      "gated_base_count": 17,
      "gated_novel_count": 2844,
      "alpha_selection": {
        "mode": "pseudo_validation",
        "fallback_used": false,
        "selected_alpha": 0.5,
        "candidates": [
          {
            "alpha": 0.5,
            "pseudo_val_score": -0.183487,
            "pseudo_val_nll": 0.183487,
            "pseudo_val_agreement": 96.507
          },
          {
            "alpha": 0.75,
            "pseudo_val_score": -0.201756,
            "pseudo_val_nll": 0.201756,
            "pseudo_val_agreement": 95.803
          },
          {
            "alpha": 1.0,
            "pseudo_val_score": -0.220707,
            "pseudo_val_nll": 0.220707,
            "pseudo_val_agreement": 95.333
          }
        ],
        "split": {
          "novel_gated_query_count": 2861,
          "validation_count": 3407,
          "novel_validation_count": 574,
          "base_validation_count": 2833,
          "updated_class_count": 99,
          "per_class_counts": {
            "100": 17,
            "101": 18,
            "102": 22,
            "103": 29,
            "104": 1,
            "105": 30,
            "106": 14,
            "107": 25,
            "108": 28,
            "109": 30,
            "110": 37,
            "111": 22,
            "112": 31,
            "113": 29,
            "114": 33,
            "115": 44,
            "116": 35,
            "117": 41,
            "118": 18,
            "119": 28,
            "120": 28,
            "121": 29,
            "122": 31,
            "123": 29,
            "124": 31,
            "125": 29,
            "126": 28,
            "127": 25,
            "128": 41,
            "129": 10,
            "130": 16,
            "131": 31,
            "132": 29,
            "133": 29,
            "134": 30,
            "135": 33,
            "136": 26,
            "137": 27,
            "138": 29,
            "139": 30,
            "140": 18,
            "141": 22,
            "142": 29,
            "143": 43,
            "144": 22,
            "145": 18,
            "146": 57,
            "147": 31,
            "148": 29,
            "149": 28,
            "150": 22,
            "151": 29,
            "152": 24,
            "153": 29,
            "154": 39,
            "155": 35,
            "156": 26,
            "157": 28,
            "158": 30,
            "159": 30,
            "160": 31,
            "161": 28,
            "162": 25,
            "163": 29,
            "164": 26,
            "165": 28,
            "166": 25,
            "167": 30,
            "168": 32,
            "169": 25,
            "170": 28,
            "171": 34,
            "172": 37,
            "173": 27,
            "174": 36,
            "175": 41,
            "176": 32,
            "177": 27,
            "178": 19,
            "179": 31,
            "180": 28,
            "181": 31,
            "182": 37,
            "183": 23,
            "184": 31,
            "185": 29,
            "186": 20,
            "187": 30,
            "188": 34,
            "189": 28,
            "190": 27,
            "191": 31,
            "192": 27,
            "193": 30,
            "194": 38,
            "195": 29,
            "196": 26,
            "197": 29,
            "198": 30,
            "199": 30
          },
          "per_class_update_counts": {
            "100": 14,
            "101": 14,
            "102": 18,
            "103": 23,
            "104": 0,
            "105": 24,
            "106": 11,
            "107": 20,
            "108": 22,
            "109": 24,
            "110": 30,
            "111": 18,
            "112": 25,
            "113": 23,
            "114": 26,
            "115": 35,
            "116": 28,
            "117": 33,
            "118": 14,
            "119": 22,
            "120": 22,
            "121": 23,
            "122": 25,
            "123": 23,
            "124": 25,
            "125": 23,
            "126": 22,
            "127": 20,
            "128": 33,
            "129": 8,
            "130": 13,
            "131": 25,
            "132": 23,
            "133": 23,
            "134": 24,
            "135": 26,
            "136": 21,
            "137": 22,
            "138": 23,
            "139": 24,
            "140": 14,
            "141": 18,
            "142": 23,
            "143": 34,
            "144": 18,
            "145": 14,
            "146": 46,
            "147": 25,
            "148": 23,
            "149": 22,
            "150": 18,
            "151": 23,
            "152": 19,
            "153": 23,
            "154": 31,
            "155": 28,
            "156": 21,
            "157": 22,
            "158": 24,
            "159": 24,
            "160": 25,
            "161": 22,
            "162": 20,
            "163": 23,
            "164": 21,
            "165": 22,
            "166": 20,
            "167": 24,
            "168": 26,
            "169": 20,
            "170": 22,
            "171": 27,
            "172": 30,
            "173": 22,
            "174": 29,
            "175": 33,
            "176": 26,
            "177": 22,
            "178": 15,
            "179": 25,
            "180": 22,
            "181": 25,
            "182": 30,
            "183": 18,
            "184": 25,
            "185": 23,
            "186": 16,
            "187": 24,
            "188": 27,
            "189": 22,
            "190": 22,
            "191": 25,
            "192": 22,
            "193": 24,
            "194": 30,
            "195": 23,
            "196": 21,
            "197": 23,
            "198": 24,
            "199": 24
          },
          "per_class_validation_counts": {
            "100": 3,
            "101": 4,
            "102": 4,
            "103": 6,
            "104": 0,
            "105": 6,
            "106": 3,
            "107": 5,
            "108": 6,
            "109": 6,
            "110": 7,
            "111": 4,
            "112": 6,
            "113": 6,
            "114": 7,
            "115": 9,
            "116": 7,
            "117": 8,
            "118": 4,
            "119": 6,
            "120": 6,
            "121": 6,
            "122": 6,
            "123": 6,
            "124": 6,
            "125": 6,
            "126": 6,
            "127": 5,
            "128": 8,
            "129": 2,
            "130": 3,
            "131": 6,
            "132": 6,
            "133": 6,
            "134": 6,
            "135": 7,
            "136": 5,
            "137": 5,
            "138": 6,
            "139": 6,
            "140": 4,
            "141": 4,
            "142": 6,
            "143": 9,
            "144": 4,
            "145": 4,
            "146": 11,
            "147": 6,
            "148": 6,
            "149": 6,
            "150": 4,
            "151": 6,
            "152": 5,
            "153": 6,
            "154": 8,
            "155": 7,
            "156": 5,
            "157": 6,
            "158": 6,
            "159": 6,
            "160": 6,
            "161": 6,
            "162": 5,
            "163": 6,
            "164": 5,
            "165": 6,
            "166": 5,
            "167": 6,
            "168": 6,
            "169": 5,
            "170": 6,
            "171": 7,
            "172": 7,
            "173": 5,
            "174": 7,
            "175": 8,
            "176": 6,
            "177": 5,
            "178": 4,
            "179": 6,
            "180": 6,
            "181": 6,
            "182": 7,
            "183": 5,
            "184": 6,
            "185": 6,
            "186": 4,
            "187": 6,
            "188": 7,
            "189": 6,
            "190": 5,
            "191": 6,
            "192": 5,
            "193": 6,
            "194": 8,
            "195": 6,
            "196": 5,
            "197": 6,
            "198": 6,
            "199": 6
          }
        }
      }
    }
  ]
}
