/media/ndag/newVolume/BiMC-test/models/clip/clip.py:23: UserWarning: PyTorch version 1.7.1 or higher is recommended
  warnings.warn("PyTorch version 1.7.1 or higher is recommended")
manual seed: 19
use gpu: ['0']
Files already downloaded and verified
Files already downloaded and verified
Loading CLIP (backbone: ViT-B/16)
Prompt template:['a photo of a {}.']
Loading DinoV2 ViT-B/14 from local hub: /home/ndag/.cache/torch/hub/facebookresearch_dinov2_main
/home/ndag/.cache/torch/hub/facebookresearch_dinov2_main/dinov2/layers/swiglu_ffn.py:51: UserWarning: xFormers is not available (SwiGLU)
  warnings.warn("xFormers is not available (SwiGLU)")
/home/ndag/.cache/torch/hub/facebookresearch_dinov2_main/dinov2/layers/attention.py:36: UserWarning: xFormers is not available (Attention)
  warnings.warn("xFormers is not available (Attention)")
/home/ndag/.cache/torch/hub/facebookresearch_dinov2_main/dinov2/layers/block.py:40: UserWarning: xFormers is not available (Block)
  warnings.warn("xFormers is not available (Block)")
Loading DinoV2 weights: /home/ndag/.cache/torch/hub/checkpoints/dinov2_vitb14_pretrain.pth
class names: ['apple' 'aquarium fish' 'baby' 'bear' 'beaver' 'bed' 'bee' 'beetle'
 'bicycle' 'bottle' 'bowl' 'boy' 'bridge' 'bus' 'butterfly' 'camel' 'can'
 'castle' 'caterpillar' 'cattle' 'chair' 'chimpanzee' 'clock' 'cloud'
 'cockroach' 'couch' 'crab' 'crocodile' 'cup' 'dinosaur' 'dolphin'
 'elephant' 'flatfish' 'forest' 'fox' 'girl' 'hamster' 'house' 'kangaroo'
 'keyboard' 'lamp' 'lawn mower' 'leopard' 'lion' 'lizard' 'lobster' 'man'
 'maple tree' 'motorcycle' 'mountain' 'mouse' 'mushroom' 'oak tree'
 'orange' 'orchid' 'otter' 'palm tree' 'pear' 'pickup truck' 'pine tree']
all targets:tensor([ 0,  1,  2,  3,  4,  5,  6,  7,  8,  9, 10, 11, 12, 13, 14, 15, 16, 17,
        18, 19, 20, 21, 22, 23, 24, 25, 26, 27, 28, 29, 30, 31, 32, 33, 34, 35,
        36, 37, 38, 39, 40, 41, 42, 43, 44, 45, 46, 47, 48, 49, 50, 51, 52, 53,
        54, 55, 56, 57, 58, 59], device='cuda:0')
dino all targets:tensor([ 0,  1,  2,  3,  4,  5,  6,  7,  8,  9, 10, 11, 12, 13, 14, 15, 16, 17,
        18, 19, 20, 21, 22, 23, 24, 25, 26, 27, 28, 29, 30, 31, 32, 33, 34, 35,
        36, 37, 38, 39, 40, 41, 42, 43, 44, 45, 46, 47, 48, 49, 50, 51, 52, 53,
        54, 55, 56, 57, 58, 59], device='cuda:0')
finish loading CLIP/DinoV2 covariance
class names: ['plain' 'plate' 'poppy' 'porcupine' 'possum']
all targets:tensor([60, 61, 62, 63, 64], device='cuda:0')
dino all targets:tensor([60, 61, 62, 63, 64], device='cuda:0')
finish loading CLIP/DinoV2 covariance
class names: ['rabbit' 'raccoon' 'ray' 'road' 'rocket']
all targets:tensor([65, 66, 67, 68, 69], device='cuda:0')
dino all targets:tensor([65, 66, 67, 68, 69], device='cuda:0')
finish loading CLIP/DinoV2 covariance
class names: ['rose' 'sea' 'seal' 'shark' 'shrew']
all targets:tensor([70, 71, 72, 73, 74], device='cuda:0')
dino all targets:tensor([70, 71, 72, 73, 74], device='cuda:0')
finish loading CLIP/DinoV2 covariance
class names: ['skunk' 'skyscraper' 'snail' 'snake' 'spider']
all targets:tensor([75, 76, 77, 78, 79], device='cuda:0')
dino all targets:tensor([75, 76, 77, 78, 79], device='cuda:0')
finish loading CLIP/DinoV2 covariance
class names: ['squirrel' 'streetcar' 'sunflower' 'sweet pepper' 'table']
all targets:tensor([80, 81, 82, 83, 84], device='cuda:0')
dino all targets:tensor([80, 81, 82, 83, 84], device='cuda:0')
finish loading CLIP/DinoV2 covariance
class names: ['tank' 'telephone' 'television' 'tiger' 'tractor']
all targets:tensor([85, 86, 87, 88, 89], device='cuda:0')
dino all targets:tensor([85, 86, 87, 88, 89], device='cuda:0')
finish loading CLIP/DinoV2 covariance
class names: ['train' 'trout' 'tulip' 'turtle' 'wardrobe']
all targets:tensor([90, 91, 92, 93, 94], device='cuda:0')
dino all targets:tensor([90, 91, 92, 93, 94], device='cuda:0')
finish loading CLIP/DinoV2 covariance
class names: ['whale' 'willow tree' 'wolf' 'woman' 'worm']
all targets:tensor([95, 96, 97, 98, 99], device='cuda:0')
dino all targets:tensor([95, 96, 97, 98, 99], device='cuda:0')
finish loading CLIP/DinoV2 covariance
session 0: baseline=89.750 final=89.750 gain=0.000
session 1: baseline=88.138 final=88.569 gain=0.431
session 2: baseline=87.357 final=88.143 gain=0.786
session 3: baseline=85.053 final=86.813 gain=1.760
session 4: baseline=85.038 final=86.850 gain=1.812
session 5: baseline=84.647 final=86.612 gain=1.965
session 6: baseline=84.822 final=86.900 gain=2.078
session 7: baseline=84.453 final=86.758 gain=2.305
session 8: baseline=83.010 final=85.460 gain=2.450
{
  "dataset": "CIFAR100",
  "seed": 19,
  "train_cfg": "experiments/bmvc_1256_20260508-124032/generated_configs/bimc_dino_fusion.yaml",
  "method": "sessionwise conservative query prototype refinement on bimc_dino_fusion with pseudo-validation alpha selection",
  "runtime_sec": 447.796,
  "alpha_grid": [
    0.5,
    0.75,
    1.0
  ],
  "alpha_selection": "pseudo_validation_no_test_labels",
  "mass_thr": 0.3,
  "min_count": 5,
  "val_fraction": 0.2,
  "base_val_conf_thr": 0.5,
  "base_val_max_per_class": 50,
  "fallback_alpha": 0.75,
  "topk_per_class": null,
  "baseline_acc_list": [
    89.75,
    88.138,
    87.357,
    85.053,
    85.038,
    84.647,
    84.822,
    84.453,
    83.01
  ],
  "final_acc_list": [
    89.75,
    88.569,
    88.143,
    86.813,
    86.85,
    86.612,
    86.9,
    86.758,
    85.46
  ],
  "gain_list": [
    0.0,
    0.431,
    0.786,
    1.76,
    1.812,
    1.965,
    2.078,
    2.305,
    2.45
  ],
  "baseline_avg": 85.808,
  "baseline_pd": 6.74,
  "final_avg": 87.317,
  "final_pd": 4.29,
  "gain_avg": 1.51,
  "session_results": [
    {
      "session": 0,
      "num_seen_classes": 60,
      "baseline_full_acc": 89.75,
      "baseline_base_acc": 89.75,
      "baseline_novel_acc": 0.0,
      "best_alpha": null,
      "final_full_acc": 89.75,
      "final_base_acc": 89.75,
      "final_novel_acc": 0.0,
      "final_gain": 0.0,
      "updated_class_count": 0,
      "gated_query_count": 0,
      "alpha_selection": {
        "mode": "not_applicable_base_session",
        "selected_alpha": null
      }
    },
    {
      "session": 1,
      "num_seen_classes": 65,
      "baseline_full_acc": 88.138,
      "baseline_base_acc": 89.45,
      "baseline_novel_acc": 72.4,
      "selected_alpha": 0.5,
      "final_full_acc": 88.569,
      "final_base_acc": 89.35,
      "final_novel_acc": 79.2,
      "final_gain": 0.431,
      "updated_class_count": 5,
      "gated_query_count": 374,
      "gated_base_count": 14,
      "gated_novel_count": 360,
      "alpha_selection": {
        "mode": "pseudo_validation",
        "fallback_used": false,
        "selected_alpha": 0.5,
        "candidates": [
          {
            "alpha": 0.5,
            "pseudo_val_score": -0.020898,
            "pseudo_val_nll": 0.020898,
            "pseudo_val_agreement": 99.805
          },
          {
            "alpha": 0.75,
            "pseudo_val_score": -0.022214,
            "pseudo_val_nll": 0.022214,
            "pseudo_val_agreement": 99.707
          },
          {
            "alpha": 1.0,
            "pseudo_val_score": -0.024923,
            "pseudo_val_nll": 0.024923,
            "pseudo_val_agreement": 99.512
          }
        ],
        "split": {
          "novel_gated_query_count": 374,
          "validation_count": 3076,
          "novel_validation_count": 76,
          "base_validation_count": 3000,
          "updated_class_count": 5,
          "per_class_counts": {
            "60": 74,
            "61": 80,
            "62": 98,
            "63": 54,
            "64": 68
          },
          "per_class_update_counts": {
            "60": 59,
            "61": 64,
            "62": 78,
            "63": 43,
            "64": 54
          },
          "per_class_validation_counts": {
            "60": 15,
            "61": 16,
            "62": 20,
            "63": 11,
            "64": 14
          }
        }
      }
    },
    {
      "session": 2,
      "num_seen_classes": 70,
      "baseline_full_acc": 87.357,
      "baseline_base_acc": 89.2,
      "baseline_novel_acc": 76.3,
      "selected_alpha": 0.5,
      "final_full_acc": 88.143,
      "final_base_acc": 89.0,
      "final_novel_acc": 83.0,
      "final_gain": 0.786,
      "updated_class_count": 10,
      "gated_query_count": 796,
      "gated_base_count": 23,
      "gated_novel_count": 773,
      "alpha_selection": {
        "mode": "pseudo_validation",
        "fallback_used": false,
        "selected_alpha": 0.5,
        "candidates": [
          {
            "alpha": 0.5,
            "pseudo_val_score": -0.038052,
            "pseudo_val_nll": 0.038052,
            "pseudo_val_agreement": 99.62
          },
          {
            "alpha": 0.75,
            "pseudo_val_score": -0.04058,
            "pseudo_val_nll": 0.04058,
            "pseudo_val_agreement": 99.241
          },
          {
            "alpha": 1.0,
            "pseudo_val_score": -0.045509,
            "pseudo_val_nll": 0.045509,
            "pseudo_val_agreement": 98.892
          }
        ],
        "split": {
          "novel_gated_query_count": 796,
          "validation_count": 3160,
          "novel_validation_count": 160,
          "base_validation_count": 3000,
          "updated_class_count": 10,
          "per_class_counts": {
            "60": 72,
            "61": 81,
            "62": 98,
            "63": 53,
            "64": 69,
            "65": 89,
            "66": 88,
            "67": 68,
            "68": 92,
            "69": 86
          },
          "per_class_update_counts": {
            "60": 58,
            "61": 65,
            "62": 78,
            "63": 42,
            "64": 55,
            "65": 71,
            "66": 70,
            "67": 54,
            "68": 74,
            "69": 69
          },
          "per_class_validation_counts": {
            "60": 14,
            "61": 16,
            "62": 20,
            "63": 11,
            "64": 14,
            "65": 18,
            "66": 18,
            "67": 14,
            "68": 18,
            "69": 17
          }
        }
      }
    },
    {
      "session": 3,
      "num_seen_classes": 75,
      "baseline_full_acc": 85.053,
      "baseline_base_acc": 88.983,
      "baseline_novel_acc": 69.333,
      "selected_alpha": 0.5,
      "final_full_acc": 86.813,
      "final_base_acc": 88.783,
      "final_novel_acc": 78.933,
      "final_gain": 1.76,
      "updated_class_count": 15,
      "gated_query_count": 1112,
      "gated_base_count": 37,
      "gated_novel_count": 1075,
      "alpha_selection": {
        "mode": "pseudo_validation",
        "fallback_used": false,
        "selected_alpha": 0.5,
        "candidates": [
          {
            "alpha": 0.5,
            "pseudo_val_score": -0.053365,
            "pseudo_val_nll": 0.053365,
            "pseudo_val_agreement": 99.472
          },
          {
            "alpha": 0.75,
            "pseudo_val_score": -0.056845,
            "pseudo_val_nll": 0.056845,
            "pseudo_val_agreement": 98.883
          },
          {
            "alpha": 1.0,
            "pseudo_val_score": -0.063065,
            "pseudo_val_nll": 0.063065,
            "pseudo_val_agreement": 98.417
          }
        ],
        "split": {
          "novel_gated_query_count": 1112,
          "validation_count": 3222,
          "novel_validation_count": 222,
          "base_validation_count": 3000,
          "updated_class_count": 15,
          "per_class_counts": {
            "60": 72,
            "61": 83,
            "62": 104,
            "63": 53,
            "64": 70,
            "65": 88,
            "66": 90,
            "67": 67,
            "68": 93,
            "69": 83,
            "70": 87,
            "71": 87,
            "72": 42,
            "73": 66,
            "74": 27
          },
          "per_class_update_counts": {
            "60": 58,
            "61": 66,
            "62": 83,
            "63": 42,
            "64": 56,
            "65": 70,
            "66": 72,
            "67": 54,
            "68": 74,
            "69": 66,
            "70": 70,
            "71": 70,
            "72": 34,
            "73": 53,
            "74": 22
          },
          "per_class_validation_counts": {
            "60": 14,
            "61": 17,
            "62": 21,
            "63": 11,
            "64": 14,
            "65": 18,
            "66": 18,
            "67": 13,
            "68": 19,
            "69": 17,
            "70": 17,
            "71": 17,
            "72": 8,
            "73": 13,
            "74": 5
          }
        }
      }
    },
    {
      "session": 4,
      "num_seen_classes": 80,
      "baseline_full_acc": 85.038,
      "baseline_base_acc": 88.933,
      "baseline_novel_acc": 73.35,
      "selected_alpha": 0.5,
      "final_full_acc": 86.85,
      "final_base_acc": 88.65,
      "final_novel_acc": 81.45,
      "final_gain": 1.812,
      "updated_class_count": 20,
      "gated_query_count": 1553,
      "gated_base_count": 39,
      "gated_novel_count": 1514,
      "alpha_selection": {
        "mode": "pseudo_validation",
        "fallback_used": false,
        "selected_alpha": 0.5,
        "candidates": [
          {
            "alpha": 0.5,
            "pseudo_val_score": -0.069137,
            "pseudo_val_nll": 0.069137,
            "pseudo_val_agreement": 99.184
          },
          {
            "alpha": 0.75,
            "pseudo_val_score": -0.073228,
            "pseudo_val_nll": 0.073228,
            "pseudo_val_agreement": 98.701
          },
          {
            "alpha": 1.0,
            "pseudo_val_score": -0.080651,
            "pseudo_val_nll": 0.080651,
            "pseudo_val_agreement": 98.126
          }
        ],
        "split": {
          "novel_gated_query_count": 1553,
          "validation_count": 3309,
          "novel_validation_count": 309,
          "base_validation_count": 3000,
          "updated_class_count": 20,
          "per_class_counts": {
            "60": 72,
            "61": 82,
            "62": 104,
            "63": 52,
            "64": 71,
            "65": 89,
            "66": 89,
            "67": 66,
            "68": 92,
            "69": 88,
            "70": 86,
            "71": 89,
            "72": 41,
            "73": 66,
            "74": 27,
            "75": 95,
            "76": 83,
            "77": 89,
            "78": 91,
            "79": 81
          },
          "per_class_update_counts": {
            "60": 58,
            "61": 66,
            "62": 83,
            "63": 42,
            "64": 57,
            "65": 71,
            "66": 71,
            "67": 53,
            "68": 74,
            "69": 70,
            "70": 69,
            "71": 71,
            "72": 33,
            "73": 53,
            "74": 22,
            "75": 76,
            "76": 66,
            "77": 71,
            "78": 73,
            "79": 65
          },
          "per_class_validation_counts": {
            "60": 14,
            "61": 16,
            "62": 21,
            "63": 10,
            "64": 14,
            "65": 18,
            "66": 18,
            "67": 13,
            "68": 18,
            "69": 18,
            "70": 17,
            "71": 18,
            "72": 8,
            "73": 13,
            "74": 5,
            "75": 19,
            "76": 17,
            "77": 18,
            "78": 18,
            "79": 16
          }
        }
      }
    },
    {
      "session": 5,
      "num_seen_classes": 85,
      "baseline_full_acc": 84.647,
      "baseline_base_acc": 88.783,
      "baseline_novel_acc": 74.72,
      "selected_alpha": 0.5,
      "final_full_acc": 86.612,
      "final_base_acc": 88.45,
      "final_novel_acc": 82.2,
      "final_gain": 1.965,
      "updated_class_count": 25,
      "gated_query_count": 1974,
      "gated_base_count": 47,
      "gated_novel_count": 1927,
      "alpha_selection": {
        "mode": "pseudo_validation",
        "fallback_used": false,
        "selected_alpha": 0.5,
        "candidates": [
          {
            "alpha": 0.5,
            "pseudo_val_score": -0.084533,
            "pseudo_val_nll": 0.084533,
            "pseudo_val_agreement": 99.028
          },
          {
            "alpha": 0.75,
            "pseudo_val_score": -0.089522,
            "pseudo_val_nll": 0.089522,
            "pseudo_val_agreement": 98.468
          },
          {
            "alpha": 1.0,
            "pseudo_val_score": -0.098209,
            "pseudo_val_nll": 0.098209,
            "pseudo_val_agreement": 97.791
          }
        ],
        "split": {
          "novel_gated_query_count": 1974,
          "validation_count": 3395,
          "novel_validation_count": 395,
          "base_validation_count": 3000,
          "updated_class_count": 25,
          "per_class_counts": {
            "60": 70,
            "61": 84,
            "62": 106,
            "63": 52,
            "64": 72,
            "65": 89,
            "66": 89,
            "67": 69,
            "68": 94,
            "69": 87,
            "70": 86,
            "71": 89,
            "72": 41,
            "73": 66,
            "74": 27,
            "75": 98,
            "76": 83,
            "77": 89,
            "78": 91,
            "79": 81,
            "80": 68,
            "81": 84,
            "82": 100,
            "83": 90,
            "84": 69
          },
          "per_class_update_counts": {
            "60": 56,
            "61": 67,
            "62": 85,
            "63": 42,
            "64": 58,
            "65": 71,
            "66": 71,
            "67": 55,
            "68": 75,
            "69": 70,
            "70": 69,
            "71": 71,
            "72": 33,
            "73": 53,
            "74": 22,
            "75": 78,
            "76": 66,
            "77": 71,
            "78": 73,
            "79": 65,
            "80": 54,
            "81": 67,
            "82": 80,
            "83": 72,
            "84": 55
          },
          "per_class_validation_counts": {
            "60": 14,
            "61": 17,
            "62": 21,
            "63": 10,
            "64": 14,
            "65": 18,
            "66": 18,
            "67": 14,
            "68": 19,
            "69": 17,
            "70": 17,
            "71": 18,
            "72": 8,
            "73": 13,
            "74": 5,
            "75": 20,
            "76": 17,
            "77": 18,
            "78": 18,
            "79": 16,
            "80": 14,
            "81": 17,
            "82": 20,
            "83": 18,
            "84": 14
          }
        }
      }
    },
    {
      "session": 6,
      "num_seen_classes": 90,
      "baseline_full_acc": 84.822,
      "baseline_base_acc": 88.7,
      "baseline_novel_acc": 77.067,
      "selected_alpha": 0.5,
      "final_full_acc": 86.9,
      "final_base_acc": 88.367,
      "final_novel_acc": 83.967,
      "final_gain": 2.078,
      "updated_class_count": 30,
      "gated_query_count": 2435,
      "gated_base_count": 59,
      "gated_novel_count": 2376,
      "alpha_selection": {
        "mode": "pseudo_validation",
        "fallback_used": false,
        "selected_alpha": 0.5,
        "candidates": [
          {
            "alpha": 0.5,
            "pseudo_val_score": -0.099273,
            "pseudo_val_nll": 0.099273,
            "pseudo_val_agreement": 99.054
          },
          {
            "alpha": 0.75,
            "pseudo_val_score": -0.105024,
            "pseudo_val_nll": 0.105024,
            "pseudo_val_agreement": 98.309
          },
          {
            "alpha": 1.0,
            "pseudo_val_score": -0.115042,
            "pseudo_val_nll": 0.115042,
            "pseudo_val_agreement": 97.506
          }
        ],
        "split": {
          "novel_gated_query_count": 2435,
          "validation_count": 3489,
          "novel_validation_count": 489,
          "base_validation_count": 3000,
          "updated_class_count": 30,
          "per_class_counts": {
            "60": 71,
            "61": 83,
            "62": 106,
            "63": 52,
            "64": 73,
            "65": 89,
            "66": 88,
            "67": 69,
            "68": 95,
            "69": 88,
            "70": 86,
            "71": 89,
            "72": 42,
            "73": 66,
            "74": 26,
            "75": 98,
            "76": 84,
            "77": 89,
            "78": 91,
            "79": 81,
            "80": 69,
            "81": 83,
            "82": 100,
            "83": 90,
            "84": 70,
            "85": 94,
            "86": 88,
            "87": 85,
            "88": 93,
            "89": 97
          },
          "per_class_update_counts": {
            "60": 57,
            "61": 66,
            "62": 85,
            "63": 42,
            "64": 58,
            "65": 71,
            "66": 70,
            "67": 55,
            "68": 76,
            "69": 70,
            "70": 69,
            "71": 71,
            "72": 34,
            "73": 53,
            "74": 21,
            "75": 78,
            "76": 67,
            "77": 71,
            "78": 73,
            "79": 65,
            "80": 55,
            "81": 66,
            "82": 80,
            "83": 72,
            "84": 56,
            "85": 75,
            "86": 70,
            "87": 68,
            "88": 74,
            "89": 78
          },
          "per_class_validation_counts": {
            "60": 14,
            "61": 17,
            "62": 21,
            "63": 10,
            "64": 15,
            "65": 18,
            "66": 18,
            "67": 14,
            "68": 19,
            "69": 18,
            "70": 17,
            "71": 18,
            "72": 8,
            "73": 13,
            "74": 5,
            "75": 20,
            "76": 17,
            "77": 18,
            "78": 18,
            "79": 16,
            "80": 14,
            "81": 17,
            "82": 20,
            "83": 18,
            "84": 14,
            "85": 19,
            "86": 18,
            "87": 17,
            "88": 19,
            "89": 19
          }
        }
      }
    },
    {
      "session": 7,
      "num_seen_classes": 95,
      "baseline_full_acc": 84.453,
      "baseline_base_acc": 88.6,
      "baseline_novel_acc": 77.343,
      "selected_alpha": 0.5,
      "final_full_acc": 86.758,
      "final_base_acc": 88.35,
      "final_novel_acc": 84.029,
      "final_gain": 2.305,
      "updated_class_count": 35,
      "gated_query_count": 2880,
      "gated_base_count": 67,
      "gated_novel_count": 2813,
      "alpha_selection": {
        "mode": "pseudo_validation",
        "fallback_used": false,
        "selected_alpha": 0.5,
        "candidates": [
          {
            "alpha": 0.5,
            "pseudo_val_score": -0.116682,
            "pseudo_val_nll": 0.116682,
            "pseudo_val_agreement": 98.797
          },
          {
            "alpha": 0.75,
            "pseudo_val_score": -0.124039,
            "pseudo_val_nll": 0.124039,
            "pseudo_val_agreement": 97.762
          },
          {
            "alpha": 1.0,
            "pseudo_val_score": -0.136233,
            "pseudo_val_nll": 0.136233,
            "pseudo_val_agreement": 96.726
          }
        ],
        "split": {
          "novel_gated_query_count": 2880,
          "validation_count": 3574,
          "novel_validation_count": 574,
          "base_validation_count": 3000,
          "updated_class_count": 35,
          "per_class_counts": {
            "60": 71,
            "61": 84,
            "62": 102,
            "63": 52,
            "64": 73,
            "65": 89,
            "66": 89,
            "67": 66,
            "68": 95,
            "69": 87,
            "70": 88,
            "71": 89,
            "72": 46,
            "73": 66,
            "74": 27,
            "75": 97,
            "76": 83,
            "77": 91,
            "78": 91,
            "79": 81,
            "80": 69,
            "81": 81,
            "82": 100,
            "83": 90,
            "84": 70,
            "85": 95,
            "86": 88,
            "87": 86,
            "88": 95,
            "89": 97,
            "90": 92,
            "91": 84,
            "92": 89,
            "93": 86,
            "94": 91
          },
          "per_class_update_counts": {
            "60": 57,
            "61": 67,
            "62": 82,
            "63": 42,
            "64": 58,
            "65": 71,
            "66": 71,
            "67": 53,
            "68": 76,
            "69": 70,
            "70": 70,
            "71": 71,
            "72": 37,
            "73": 53,
            "74": 22,
            "75": 78,
            "76": 66,
            "77": 73,
            "78": 73,
            "79": 65,
            "80": 55,
            "81": 65,
            "82": 80,
            "83": 72,
            "84": 56,
            "85": 76,
            "86": 70,
            "87": 69,
            "88": 76,
            "89": 78,
            "90": 74,
            "91": 67,
            "92": 71,
            "93": 69,
            "94": 73
          },
          "per_class_validation_counts": {
            "60": 14,
            "61": 17,
            "62": 20,
            "63": 10,
            "64": 15,
            "65": 18,
            "66": 18,
            "67": 13,
            "68": 19,
            "69": 17,
            "70": 18,
            "71": 18,
            "72": 9,
            "73": 13,
            "74": 5,
            "75": 19,
            "76": 17,
            "77": 18,
            "78": 18,
            "79": 16,
            "80": 14,
            "81": 16,
            "82": 20,
            "83": 18,
            "84": 14,
            "85": 19,
            "86": 18,
            "87": 17,
            "88": 19,
            "89": 19,
            "90": 18,
            "91": 17,
            "92": 18,
            "93": 17,
            "94": 18
          }
        }
      }
    },
    {
      "session": 8,
      "num_seen_classes": 100,
      "baseline_full_acc": 83.01,
      "baseline_base_acc": 88.3,
      "baseline_novel_acc": 75.075,
      "selected_alpha": 0.5,
      "final_full_acc": 85.46,
      "final_base_acc": 88.017,
      "final_novel_acc": 81.625,
      "final_gain": 2.45,
      "updated_class_count": 40,
      "gated_query_count": 3217,
      "gated_base_count": 72,
      "gated_novel_count": 3145,
      "alpha_selection": {
        "mode": "pseudo_validation",
        "fallback_used": false,
        "selected_alpha": 0.5,
        "candidates": [
          {
            "alpha": 0.5,
            "pseudo_val_score": -0.129332,
            "pseudo_val_nll": 0.129332,
            "pseudo_val_agreement": 98.545
          },
          {
            "alpha": 0.75,
            "pseudo_val_score": -0.13843,
            "pseudo_val_nll": 0.13843,
            "pseudo_val_agreement": 97.392
          },
          {
            "alpha": 1.0,
            "pseudo_val_score": -0.152745,
            "pseudo_val_nll": 0.152745,
            "pseudo_val_agreement": 96.238
          }
        ],
        "split": {
          "novel_gated_query_count": 3217,
          "validation_count": 3642,
          "novel_validation_count": 642,
          "base_validation_count": 3000,
          "updated_class_count": 40,
          "per_class_counts": {
            "60": 71,
            "61": 83,
            "62": 102,
            "63": 52,
            "64": 72,
            "65": 90,
            "66": 90,
            "67": 67,
            "68": 96,
            "69": 87,
            "70": 89,
            "71": 90,
            "72": 47,
            "73": 68,
            "74": 28,
            "75": 97,
            "76": 84,
            "77": 90,
            "78": 66,
            "79": 82,
            "80": 69,
            "81": 81,
            "82": 100,
            "83": 90,
            "84": 69,
            "85": 95,
            "86": 89,
            "87": 86,
            "88": 95,
            "89": 96,
            "90": 92,
            "91": 84,
            "92": 88,
            "93": 85,
            "94": 92,
            "95": 54,
            "96": 34,
            "97": 90,
            "98": 58,
            "99": 119
          },
          "per_class_update_counts": {
            "60": 57,
            "61": 66,
            "62": 82,
            "63": 42,
            "64": 58,
            "65": 72,
            "66": 72,
            "67": 54,
            "68": 77,
            "69": 70,
            "70": 71,
            "71": 72,
            "72": 38,
            "73": 54,
            "74": 22,
            "75": 78,
            "76": 67,
            "77": 72,
            "78": 53,
            "79": 66,
            "80": 55,
            "81": 65,
            "82": 80,
            "83": 72,
            "84": 55,
            "85": 76,
            "86": 71,
            "87": 69,
            "88": 76,
            "89": 77,
            "90": 74,
            "91": 67,
            "92": 70,
            "93": 68,
            "94": 74,
            "95": 43,
            "96": 27,
            "97": 72,
            "98": 46,
            "99": 95
          },
          "per_class_validation_counts": {
            "60": 14,
            "61": 17,
            "62": 20,
            "63": 10,
            "64": 14,
            "65": 18,
            "66": 18,
            "67": 13,
            "68": 19,
            "69": 17,
            "70": 18,
            "71": 18,
            "72": 9,
            "73": 14,
            "74": 6,
            "75": 19,
            "76": 17,
            "77": 18,
            "78": 13,
            "79": 16,
            "80": 14,
            "81": 16,
            "82": 20,
            "83": 18,
            "84": 14,
            "85": 19,
            "86": 18,
            "87": 17,
            "88": 19,
            "89": 19,
            "90": 18,
            "91": 17,
            "92": 18,
            "93": 17,
            "94": 18,
            "95": 11,
            "96": 7,
            "97": 18,
            "98": 12,
            "99": 24
          }
        }
      }
    }
  ]
}
