/media/bio/data/BiMC-test/models/clip/clip.py:23: UserWarning: PyTorch version 1.7.1 or higher is recommended
  warnings.warn("PyTorch version 1.7.1 or higher is recommended")
manual seed: 6
use gpu: ['0']
Loading CLIP (backbone: ViT-B/16)
Prompt template:['a photo of a {}.']
Loading DinoV2 ViT-B/14 from local hub: /home/bio/.cache/torch/hub/facebookresearch_dinov2_main
/home/bio/.cache/torch/hub/facebookresearch_dinov2_main/dinov2/layers/swiglu_ffn.py:51: UserWarning: xFormers is not available (SwiGLU)
  warnings.warn("xFormers is not available (SwiGLU)")
/home/bio/.cache/torch/hub/facebookresearch_dinov2_main/dinov2/layers/attention.py:34: UserWarning: xFormers is not available (Attention)
  warnings.warn("xFormers is not available (Attention)")
/home/bio/.cache/torch/hub/facebookresearch_dinov2_main/dinov2/layers/block.py:41: UserWarning: xFormers is not available (Block)
  warnings.warn("xFormers is not available (Block)")
Loading DinoV2 weights: /home/bio/.cache/torch/hub/checkpoints/dinov2_vitb14_pretrain.pth
class names: ['Black footed Albatross' 'Laysan Albatross' 'Sooty Albatross'
 'Groove billed Ani' 'Crested Auklet' 'Least Auklet' 'Parakeet Auklet'
 'Rhinoceros Auklet' 'Brewer Blackbird' 'Red winged Blackbird'
 'Rusty Blackbird' 'Yellow headed Blackbird' 'Bobolink' 'Indigo Bunting'
 'Lazuli Bunting' 'Painted Bunting' 'Cardinal' 'Spotted Catbird'
 'Gray Catbird' 'Yellow breasted Chat' 'Eastern Towhee' 'Chuck will Widow'
 'Brandt Cormorant' 'Red faced Cormorant' 'Pelagic Cormorant'
 'Bronzed Cowbird' 'Shiny Cowbird' 'Brown Creeper' 'American Crow'
 'Fish Crow' 'Black billed Cuckoo' 'Mangrove Cuckoo'
 'Yellow billed Cuckoo' 'Gray crowned Rosy Finch' 'Purple Finch'
 'Northern Flicker' 'Acadian Flycatcher' 'Great Crested Flycatcher'
 'Least Flycatcher' 'Olive sided Flycatcher' 'Scissor tailed Flycatcher'
 'Vermilion Flycatcher' 'Yellow bellied Flycatcher' 'Frigatebird'
 'Northern Fulmar' 'Gadwall' 'American Goldfinch' 'European Goldfinch'
 'Boat tailed Grackle' 'Eared Grebe' 'Horned Grebe' 'Pied billed Grebe'
 'Western Grebe' 'Blue Grosbeak' 'Evening Grosbeak' 'Pine Grosbeak'
 'Rose breasted Grosbeak' 'Pigeon Guillemot' 'California Gull'
 'Glaucous winged Gull' 'Heermann Gull' 'Herring Gull' 'Ivory Gull'
 'Ring billed Gull' 'Slaty backed Gull' 'Western Gull' 'Anna Hummingbird'
 'Ruby throated Hummingbird' 'Rufous Hummingbird' 'Green Violetear'
 'Long tailed Jaeger' 'Pomarine Jaeger' 'Blue Jay' 'Florida Jay'
 'Green Jay' 'Dark eyed Junco' 'Tropical Kingbird' 'Gray Kingbird'
 'Belted Kingfisher' 'Green Kingfisher' 'Pied Kingfisher'
 'Ringed Kingfisher' 'White breasted Kingfisher' 'Red legged Kittiwake'
 'Horned Lark' 'Pacific Loon' 'Mallard' 'Western Meadowlark'
 'Hooded Merganser' 'Red breasted Merganser' 'Mockingbird' 'Nighthawk'
 'Clark Nutcracker' 'White breasted Nuthatch' 'Baltimore Oriole'
 'Hooded Oriole' 'Orchard Oriole' 'Scott Oriole' 'Ovenbird'
 'Brown Pelican']
all targets:tensor([ 0,  1,  2,  3,  4,  5,  6,  7,  8,  9, 10, 11, 12, 13, 14, 15, 16, 17,
        18, 19, 20, 21, 22, 23, 24, 25, 26, 27, 28, 29, 30, 31, 32, 33, 34, 35,
        36, 37, 38, 39, 40, 41, 42, 43, 44, 45, 46, 47, 48, 49, 50, 51, 52, 53,
        54, 55, 56, 57, 58, 59, 60, 61, 62, 63, 64, 65, 66, 67, 68, 69, 70, 71,
        72, 73, 74, 75, 76, 77, 78, 79, 80, 81, 82, 83, 84, 85, 86, 87, 88, 89,
        90, 91, 92, 93, 94, 95, 96, 97, 98, 99], device='cuda:0')
dino all targets:tensor([ 0,  1,  2,  3,  4,  5,  6,  7,  8,  9, 10, 11, 12, 13, 14, 15, 16, 17,
        18, 19, 20, 21, 22, 23, 24, 25, 26, 27, 28, 29, 30, 31, 32, 33, 34, 35,
        36, 37, 38, 39, 40, 41, 42, 43, 44, 45, 46, 47, 48, 49, 50, 51, 52, 53,
        54, 55, 56, 57, 58, 59, 60, 61, 62, 63, 64, 65, 66, 67, 68, 69, 70, 71,
        72, 73, 74, 75, 76, 77, 78, 79, 80, 81, 82, 83, 84, 85, 86, 87, 88, 89,
        90, 91, 92, 93, 94, 95, 96, 97, 98, 99], device='cuda:0')
finish loading CLIP/DinoV2 covariance
class names: ['White Pelican' 'Western Wood Pewee' 'Sayornis' 'American Pipit'
 'Whip poor Will' 'Horned Puffin' 'Common Raven' 'White necked Raven'
 'American Redstart' 'Geococcyx']
all targets:tensor([100, 101, 102, 103, 104, 105, 106, 107, 108, 109], device='cuda:0')
dino all targets:tensor([100, 101, 102, 103, 104, 105, 106, 107, 108, 109], device='cuda:0')
finish loading CLIP/DinoV2 covariance
class names: ['Loggerhead Shrike' 'Great Grey Shrike' 'Baird Sparrow'
 'Black throated Sparrow' 'Brewer Sparrow' 'Chipping Sparrow'
 'Clay colored Sparrow' 'House Sparrow' 'Field Sparrow' 'Fox Sparrow']
all targets:tensor([110, 111, 112, 113, 114, 115, 116, 117, 118, 119], device='cuda:0')
dino all targets:tensor([110, 111, 112, 113, 114, 115, 116, 117, 118, 119], device='cuda:0')
finish loading CLIP/DinoV2 covariance
class names: ['Grasshopper Sparrow' 'Harris Sparrow' 'Henslow Sparrow'
 'Le Conte Sparrow' 'Lincoln Sparrow' 'Nelson Sharp tailed Sparrow'
 'Savannah Sparrow' 'Seaside Sparrow' 'Song Sparrow' 'Tree Sparrow']
all targets:tensor([120, 121, 122, 123, 124, 125, 126, 127, 128, 129], device='cuda:0')
dino all targets:tensor([120, 121, 122, 123, 124, 125, 126, 127, 128, 129], device='cuda:0')
finish loading CLIP/DinoV2 covariance
class names: ['Vesper Sparrow' 'White crowned Sparrow' 'White throated Sparrow'
 'Cape Glossy Starling' 'Bank Swallow' 'Barn Swallow' 'Cliff Swallow'
 'Tree Swallow' 'Scarlet Tanager' 'Summer Tanager']
all targets:tensor([130, 131, 132, 133, 134, 135, 136, 137, 138, 139], device='cuda:0')
dino all targets:tensor([130, 131, 132, 133, 134, 135, 136, 137, 138, 139], device='cuda:0')
finish loading CLIP/DinoV2 covariance
class names: ['Artic Tern' 'Black Tern' 'Caspian Tern' 'Common Tern' 'Elegant Tern'
 'Forsters Tern' 'Least Tern' 'Green tailed Towhee' 'Brown Thrasher'
 'Sage Thrasher']
all targets:tensor([140, 141, 142, 143, 144, 145, 146, 147, 148, 149], device='cuda:0')
dino all targets:tensor([140, 141, 142, 143, 144, 145, 146, 147, 148, 149], device='cuda:0')
finish loading CLIP/DinoV2 covariance
class names: ['Black capped Vireo' 'Blue headed Vireo' 'Philadelphia Vireo'
 'Red eyed Vireo' 'Warbling Vireo' 'White eyed Vireo'
 'Yellow throated Vireo' 'Bay breasted Warbler' 'Black and white Warbler'
 'Black throated Blue Warbler']
all targets:tensor([150, 151, 152, 153, 154, 155, 156, 157, 158, 159], device='cuda:0')
dino all targets:tensor([150, 151, 152, 153, 154, 155, 156, 157, 158, 159], device='cuda:0')
finish loading CLIP/DinoV2 covariance
class names: ['Blue winged Warbler' 'Canada Warbler' 'Cape May Warbler'
 'Cerulean Warbler' 'Chestnut sided Warbler' 'Golden winged Warbler'
 'Hooded Warbler' 'Kentucky Warbler' 'Magnolia Warbler' 'Mourning Warbler']
all targets:tensor([160, 161, 162, 163, 164, 165, 166, 167, 168, 169], device='cuda:0')
dino all targets:tensor([160, 161, 162, 163, 164, 165, 166, 167, 168, 169], device='cuda:0')
finish loading CLIP/DinoV2 covariance
class names: ['Myrtle Warbler' 'Nashville Warbler' 'Orange crowned Warbler'
 'Palm Warbler' 'Pine Warbler' 'Prairie Warbler' 'Prothonotary Warbler'
 'Swainson Warbler' 'Tennessee Warbler' 'Wilson Warbler']
all targets:tensor([170, 171, 172, 173, 174, 175, 176, 177, 178, 179], device='cuda:0')
dino all targets:tensor([170, 171, 172, 173, 174, 175, 176, 177, 178, 179], device='cuda:0')
finish loading CLIP/DinoV2 covariance
class names: ['Worm eating Warbler' 'Yellow Warbler' 'Northern Waterthrush'
 'Louisiana Waterthrush' 'Bohemian Waxwing' 'Cedar Waxwing'
 'American Three toed Woodpecker' 'Pileated Woodpecker'
 'Red bellied Woodpecker' 'Red cockaded Woodpecker']
all targets:tensor([180, 181, 182, 183, 184, 185, 186, 187, 188, 189], device='cuda:0')
dino all targets:tensor([180, 181, 182, 183, 184, 185, 186, 187, 188, 189], device='cuda:0')
finish loading CLIP/DinoV2 covariance
class names: ['Red headed Woodpecker' 'Downy Woodpecker' 'Bewick Wren' 'Cactus Wren'
 'Carolina Wren' 'House Wren' 'Marsh Wren' 'Rock Wren' 'Winter Wren'
 'Common Yellowthroat']
all targets:tensor([190, 191, 192, 193, 194, 195, 196, 197, 198, 199], device='cuda:0')
dino all targets:tensor([190, 191, 192, 193, 194, 195, 196, 197, 198, 199], device='cuda:0')
finish loading CLIP/DinoV2 covariance
session 0: baseline=88.163 final=88.163 gain=0.000
session 1: baseline=86.351 final=86.892 gain=0.541
session 2: baseline=85.948 final=86.472 gain=0.525
session 3: baseline=85.193 final=85.891 gain=0.697
session 4: baseline=85.303 final=86.197 gain=0.894
session 5: baseline=83.911 final=84.582 gain=0.670
session 6: baseline=84.135 final=84.872 gain=0.737
session 7: baseline=84.484 final=85.278 gain=0.794
session 8: baseline=84.249 final=85.056 gain=0.807
session 9: baseline=84.729 final=85.530 gain=0.801
session 10: baseline=84.795 final=85.658 gain=0.863
{
  "dataset": "cub200",
  "seed": 6,
  "train_cfg": "experiments/bmvc_1256_20260508-124032/generated_configs/bimc_dino_fusion.yaml",
  "method": "sessionwise conservative query prototype refinement on bimc_dino_fusion with pseudo-validation alpha selection",
  "runtime_sec": 235.428,
  "alpha_grid": [
    0.5,
    0.75,
    1.0
  ],
  "alpha_selection": "pseudo_validation_no_test_labels",
  "mass_thr": 0.3,
  "min_count": 5,
  "val_fraction": 0.2,
  "base_val_conf_thr": 0.5,
  "base_val_max_per_class": 50,
  "fallback_alpha": 0.75,
  "topk_per_class": null,
  "baseline_acc_list": [
    88.163,
    86.351,
    85.948,
    85.193,
    85.303,
    83.911,
    84.135,
    84.484,
    84.249,
    84.729,
    84.795
  ],
  "final_acc_list": [
    88.163,
    86.892,
    86.472,
    85.891,
    86.197,
    84.582,
    84.872,
    85.278,
    85.056,
    85.53,
    85.658
  ],
  "gain_list": [
    0.0,
    0.541,
    0.525,
    0.697,
    0.894,
    0.67,
    0.737,
    0.794,
    0.807,
    0.801,
    0.863
  ],
  "baseline_avg": 85.206,
  "baseline_pd": 3.368,
  "final_avg": 85.872,
  "final_pd": 2.505,
  "gain_avg": 0.666,
  "session_results": [
    {
      "session": 0,
      "num_seen_classes": 100,
      "baseline_full_acc": 88.163,
      "baseline_base_acc": 88.163,
      "baseline_novel_acc": 0.0,
      "best_alpha": null,
      "final_full_acc": 88.163,
      "final_base_acc": 88.163,
      "final_novel_acc": 0.0,
      "final_gain": 0.0,
      "updated_class_count": 0,
      "gated_query_count": 0,
      "alpha_selection": {
        "mode": "not_applicable_base_session",
        "selected_alpha": null
      }
    },
    {
      "session": 1,
      "num_seen_classes": 110,
      "baseline_full_acc": 86.351,
      "baseline_base_acc": 88.094,
      "baseline_novel_acc": 68.459,
      "selected_alpha": 0.5,
      "final_full_acc": 86.892,
      "final_base_acc": 88.059,
      "final_novel_acc": 74.91,
      "final_gain": 0.541,
      "updated_class_count": 9,
      "gated_query_count": 202,
      "gated_base_count": 5,
      "gated_novel_count": 197,
      "alpha_selection": {
        "mode": "pseudo_validation",
        "fallback_used": false,
        "selected_alpha": 0.5,
        "candidates": [
          {
            "alpha": 0.5,
            "pseudo_val_score": -0.088715,
            "pseudo_val_nll": 0.088715,
            "pseudo_val_agreement": 99.511
          },
          {
            "alpha": 0.75,
            "pseudo_val_score": -0.090517,
            "pseudo_val_nll": 0.090517,
            "pseudo_val_agreement": 99.441
          },
          {
            "alpha": 1.0,
            "pseudo_val_score": -0.090366,
            "pseudo_val_nll": 0.090366,
            "pseudo_val_agreement": 99.406
          }
        ],
        "split": {
          "novel_gated_query_count": 202,
          "validation_count": 2863,
          "novel_validation_count": 40,
          "base_validation_count": 2823,
          "updated_class_count": 9,
          "per_class_counts": {
            "100": 20,
            "101": 10,
            "102": 11,
            "103": 29,
            "104": 2,
            "105": 30,
            "106": 18,
            "107": 24,
            "108": 27,
            "109": 31
          },
          "per_class_update_counts": {
            "100": 16,
            "101": 8,
            "102": 9,
            "103": 23,
            "104": 0,
            "105": 24,
            "106": 14,
            "107": 19,
            "108": 22,
            "109": 25
          },
          "per_class_validation_counts": {
            "100": 4,
            "101": 2,
            "102": 2,
            "103": 6,
            "104": 0,
            "105": 6,
            "106": 4,
            "107": 5,
            "108": 5,
            "109": 6
          }
        }
      }
    },
    {
      "session": 2,
      "num_seen_classes": 120,
      "baseline_full_acc": 85.948,
      "baseline_base_acc": 88.128,
      "baseline_novel_acc": 74.912,
      "selected_alpha": 0.5,
      "final_full_acc": 86.472,
      "final_base_acc": 88.094,
      "final_novel_acc": 78.269,
      "final_gain": 0.525,
      "updated_class_count": 19,
      "gated_query_count": 488,
      "gated_base_count": 6,
      "gated_novel_count": 482,
      "alpha_selection": {
        "mode": "pseudo_validation",
        "fallback_used": false,
        "selected_alpha": 0.5,
        "candidates": [
          {
            "alpha": 0.5,
            "pseudo_val_score": -0.099048,
            "pseudo_val_nll": 0.099048,
            "pseudo_val_agreement": 99.178
          },
          {
            "alpha": 0.75,
            "pseudo_val_score": -0.10146,
            "pseudo_val_nll": 0.10146,
            "pseudo_val_agreement": 98.973
          },
          {
            "alpha": 1.0,
            "pseudo_val_score": -0.102163,
            "pseudo_val_nll": 0.102163,
            "pseudo_val_agreement": 98.904
          }
        ],
        "split": {
          "novel_gated_query_count": 488,
          "validation_count": 2921,
          "novel_validation_count": 97,
          "base_validation_count": 2824,
          "updated_class_count": 19,
          "per_class_counts": {
            "100": 20,
            "101": 11,
            "102": 11,
            "103": 29,
            "104": 2,
            "105": 30,
            "106": 18,
            "107": 24,
            "108": 27,
            "109": 31,
            "110": 36,
            "111": 23,
            "112": 25,
            "113": 29,
            "114": 27,
            "115": 27,
            "116": 33,
            "117": 29,
            "118": 26,
            "119": 30
          },
          "per_class_update_counts": {
            "100": 16,
            "101": 9,
            "102": 9,
            "103": 23,
            "104": 0,
            "105": 24,
            "106": 14,
            "107": 19,
            "108": 22,
            "109": 25,
            "110": 29,
            "111": 18,
            "112": 20,
            "113": 23,
            "114": 22,
            "115": 22,
            "116": 26,
            "117": 23,
            "118": 21,
            "119": 24
          },
          "per_class_validation_counts": {
            "100": 4,
            "101": 2,
            "102": 2,
            "103": 6,
            "104": 0,
            "105": 6,
            "106": 4,
            "107": 5,
            "108": 5,
            "109": 6,
            "110": 7,
            "111": 5,
            "112": 5,
            "113": 6,
            "114": 5,
            "115": 5,
            "116": 7,
            "117": 6,
            "118": 5,
            "119": 6
          }
        }
      }
    },
    {
      "session": 3,
      "num_seen_classes": 130,
      "baseline_full_acc": 85.193,
      "baseline_base_acc": 88.094,
      "baseline_novel_acc": 75.579,
      "selected_alpha": 0.5,
      "final_full_acc": 85.891,
      "final_base_acc": 88.024,
      "final_novel_acc": 78.819,
      "final_gain": 0.697,
      "updated_class_count": 29,
      "gated_query_count": 787,
      "gated_base_count": 8,
      "gated_novel_count": 779,
      "alpha_selection": {
        "mode": "pseudo_validation",
        "fallback_used": false,
        "selected_alpha": 0.5,
        "candidates": [
          {
            "alpha": 0.5,
            "pseudo_val_score": -0.117752,
            "pseudo_val_nll": 0.117752,
            "pseudo_val_agreement": 98.424
          },
          {
            "alpha": 0.75,
            "pseudo_val_score": -0.124169,
            "pseudo_val_nll": 0.124169,
            "pseudo_val_agreement": 98.056
          },
          {
            "alpha": 1.0,
            "pseudo_val_score": -0.130074,
            "pseudo_val_nll": 0.130074,
            "pseudo_val_agreement": 97.787
          }
        ],
        "split": {
          "novel_gated_query_count": 787,
          "validation_count": 2983,
          "novel_validation_count": 157,
          "base_validation_count": 2826,
          "updated_class_count": 29,
          "per_class_counts": {
            "100": 20,
            "101": 11,
            "102": 11,
            "103": 29,
            "104": 2,
            "105": 30,
            "106": 18,
            "107": 24,
            "108": 27,
            "109": 30,
            "110": 36,
            "111": 23,
            "112": 31,
            "113": 29,
            "114": 27,
            "115": 42,
            "116": 33,
            "117": 29,
            "118": 27,
            "119": 33,
            "120": 29,
            "121": 29,
            "122": 24,
            "123": 32,
            "124": 36,
            "125": 25,
            "126": 30,
            "127": 26,
            "128": 30,
            "129": 14
          },
          "per_class_update_counts": {
            "100": 16,
            "101": 9,
            "102": 9,
            "103": 23,
            "104": 0,
            "105": 24,
            "106": 14,
            "107": 19,
            "108": 22,
            "109": 24,
            "110": 29,
            "111": 18,
            "112": 25,
            "113": 23,
            "114": 22,
            "115": 34,
            "116": 26,
            "117": 23,
            "118": 22,
            "119": 26,
            "120": 23,
            "121": 23,
            "122": 19,
            "123": 26,
            "124": 29,
            "125": 20,
            "126": 24,
            "127": 21,
            "128": 24,
            "129": 11
          },
          "per_class_validation_counts": {
            "100": 4,
            "101": 2,
            "102": 2,
            "103": 6,
            "104": 0,
            "105": 6,
            "106": 4,
            "107": 5,
            "108": 5,
            "109": 6,
            "110": 7,
            "111": 5,
            "112": 6,
            "113": 6,
            "114": 5,
            "115": 8,
            "116": 7,
            "117": 6,
            "118": 5,
            "119": 7,
            "120": 6,
            "121": 6,
            "122": 5,
            "123": 6,
            "124": 7,
            "125": 5,
            "126": 6,
            "127": 5,
            "128": 6,
            "129": 3
          }
        }
      }
    },
    {
      "session": 4,
      "num_seen_classes": 140,
      "baseline_full_acc": 85.303,
      "baseline_base_acc": 88.094,
      "baseline_novel_acc": 78.436,
      "selected_alpha": 0.5,
      "final_full_acc": 86.197,
      "final_base_acc": 87.989,
      "final_novel_acc": 81.787,
      "final_gain": 0.894,
      "updated_class_count": 39,
      "gated_query_count": 1081,
      "gated_base_count": 9,
      "gated_novel_count": 1072,
      "alpha_selection": {
        "mode": "pseudo_validation",
        "fallback_used": false,
        "selected_alpha": 0.5,
        "candidates": [
          {
            "alpha": 0.5,
            "pseudo_val_score": -0.129227,
            "pseudo_val_nll": 0.129227,
            "pseudo_val_agreement": 98.134
          },
          {
            "alpha": 0.75,
            "pseudo_val_score": -0.137066,
            "pseudo_val_nll": 0.137066,
            "pseudo_val_agreement": 97.709
          },
          {
            "alpha": 1.0,
            "pseudo_val_score": -0.143869,
            "pseudo_val_nll": 0.143869,
            "pseudo_val_agreement": 97.512
          }
        ],
        "split": {
          "novel_gated_query_count": 1081,
          "validation_count": 3055,
          "novel_validation_count": 220,
          "base_validation_count": 2835,
          "updated_class_count": 39,
          "per_class_counts": {
            "100": 20,
            "101": 10,
            "102": 11,
            "103": 29,
            "104": 2,
            "105": 30,
            "106": 18,
            "107": 24,
            "108": 28,
            "109": 30,
            "110": 36,
            "111": 23,
            "112": 30,
            "113": 29,
            "114": 26,
            "115": 38,
            "116": 33,
            "117": 30,
            "118": 27,
            "119": 33,
            "120": 29,
            "121": 29,
            "122": 24,
            "123": 32,
            "124": 35,
            "125": 25,
            "126": 33,
            "127": 26,
            "128": 31,
            "129": 14,
            "130": 29,
            "131": 35,
            "132": 28,
            "133": 29,
            "134": 31,
            "135": 38,
            "136": 18,
            "137": 29,
            "138": 29,
            "139": 30
          },
          "per_class_update_counts": {
            "100": 16,
            "101": 8,
            "102": 9,
            "103": 23,
            "104": 0,
            "105": 24,
            "106": 14,
            "107": 19,
            "108": 22,
            "109": 24,
            "110": 29,
            "111": 18,
            "112": 24,
            "113": 23,
            "114": 21,
            "115": 30,
            "116": 26,
            "117": 24,
            "118": 22,
            "119": 26,
            "120": 23,
            "121": 23,
            "122": 19,
            "123": 26,
            "124": 28,
            "125": 20,
            "126": 26,
            "127": 21,
            "128": 25,
            "129": 11,
            "130": 23,
            "131": 28,
            "132": 22,
            "133": 23,
            "134": 25,
            "135": 30,
            "136": 14,
            "137": 23,
            "138": 23,
            "139": 24
          },
          "per_class_validation_counts": {
            "100": 4,
            "101": 2,
            "102": 2,
            "103": 6,
            "104": 0,
            "105": 6,
            "106": 4,
            "107": 5,
            "108": 6,
            "109": 6,
            "110": 7,
            "111": 5,
            "112": 6,
            "113": 6,
            "114": 5,
            "115": 8,
            "116": 7,
            "117": 6,
            "118": 5,
            "119": 7,
            "120": 6,
            "121": 6,
            "122": 5,
            "123": 6,
            "124": 7,
            "125": 5,
            "126": 7,
            "127": 5,
            "128": 6,
            "129": 3,
            "130": 6,
            "131": 7,
            "132": 6,
            "133": 6,
            "134": 6,
            "135": 8,
            "136": 4,
            "137": 6,
            "138": 6,
            "139": 6
          }
        }
      }
    },
    {
      "session": 5,
      "num_seen_classes": 150,
      "baseline_full_acc": 83.911,
      "baseline_base_acc": 88.094,
      "baseline_novel_acc": 75.718,
      "selected_alpha": 0.5,
      "final_full_acc": 84.582,
      "final_base_acc": 87.989,
      "final_novel_acc": 77.907,
      "final_gain": 0.67,
      "updated_class_count": 49,
      "gated_query_count": 1378,
      "gated_base_count": 10,
      "gated_novel_count": 1368,
      "alpha_selection": {
        "mode": "pseudo_validation",
        "fallback_used": false,
        "selected_alpha": 0.5,
        "candidates": [
          {
            "alpha": 0.5,
            "pseudo_val_score": -0.141785,
            "pseudo_val_nll": 0.141785,
            "pseudo_val_agreement": 97.718
          },
          {
            "alpha": 0.75,
            "pseudo_val_score": -0.150864,
            "pseudo_val_nll": 0.150864,
            "pseudo_val_agreement": 97.3
          },
          {
            "alpha": 1.0,
            "pseudo_val_score": -0.15935,
            "pseudo_val_nll": 0.15935,
            "pseudo_val_agreement": 97.075
          }
        ],
        "split": {
          "novel_gated_query_count": 1378,
          "validation_count": 3111,
          "novel_validation_count": 279,
          "base_validation_count": 2832,
          "updated_class_count": 49,
          "per_class_counts": {
            "100": 20,
            "101": 10,
            "102": 11,
            "103": 28,
            "104": 2,
            "105": 30,
            "106": 17,
            "107": 24,
            "108": 28,
            "109": 30,
            "110": 36,
            "111": 23,
            "112": 30,
            "113": 29,
            "114": 26,
            "115": 38,
            "116": 33,
            "117": 30,
            "118": 27,
            "119": 33,
            "120": 29,
            "121": 29,
            "122": 24,
            "123": 32,
            "124": 35,
            "125": 25,
            "126": 33,
            "127": 26,
            "128": 31,
            "129": 14,
            "130": 29,
            "131": 35,
            "132": 28,
            "133": 29,
            "134": 30,
            "135": 38,
            "136": 18,
            "137": 29,
            "138": 29,
            "139": 30,
            "140": 21,
            "141": 22,
            "142": 59,
            "143": 21,
            "144": 23,
            "145": 36,
            "146": 28,
            "147": 30,
            "148": 30,
            "149": 30
          },
          "per_class_update_counts": {
            "100": 16,
            "101": 8,
            "102": 9,
            "103": 22,
            "104": 0,
            "105": 24,
            "106": 14,
            "107": 19,
            "108": 22,
            "109": 24,
            "110": 29,
            "111": 18,
            "112": 24,
            "113": 23,
            "114": 21,
            "115": 30,
            "116": 26,
            "117": 24,
            "118": 22,
            "119": 26,
            "120": 23,
            "121": 23,
            "122": 19,
            "123": 26,
            "124": 28,
            "125": 20,
            "126": 26,
            "127": 21,
            "128": 25,
            "129": 11,
            "130": 23,
            "131": 28,
            "132": 22,
            "133": 23,
            "134": 24,
            "135": 30,
            "136": 14,
            "137": 23,
            "138": 23,
            "139": 24,
            "140": 17,
            "141": 18,
            "142": 47,
            "143": 17,
            "144": 18,
            "145": 29,
            "146": 22,
            "147": 24,
            "148": 24,
            "149": 24
          },
          "per_class_validation_counts": {
            "100": 4,
            "101": 2,
            "102": 2,
            "103": 6,
            "104": 0,
            "105": 6,
            "106": 3,
            "107": 5,
            "108": 6,
            "109": 6,
            "110": 7,
            "111": 5,
            "112": 6,
            "113": 6,
            "114": 5,
            "115": 8,
            "116": 7,
            "117": 6,
            "118": 5,
            "119": 7,
            "120": 6,
            "121": 6,
            "122": 5,
            "123": 6,
            "124": 7,
            "125": 5,
            "126": 7,
            "127": 5,
            "128": 6,
            "129": 3,
            "130": 6,
            "131": 7,
            "132": 6,
            "133": 6,
            "134": 6,
            "135": 8,
            "136": 4,
            "137": 6,
            "138": 6,
            "139": 6,
            "140": 4,
            "141": 4,
            "142": 12,
            "143": 4,
            "144": 5,
            "145": 7,
            "146": 6,
            "147": 6,
            "148": 6,
            "149": 6
          }
        }
      }
    },
    {
      "session": 6,
      "num_seen_classes": 160,
      "baseline_full_acc": 84.135,
      "baseline_base_acc": 88.059,
      "baseline_novel_acc": 77.714,
      "selected_alpha": 0.5,
      "final_full_acc": 84.872,
      "final_base_acc": 87.884,
      "final_novel_acc": 79.943,
      "final_gain": 0.737,
      "updated_class_count": 59,
      "gated_query_count": 1668,
      "gated_base_count": 14,
      "gated_novel_count": 1654,
      "alpha_selection": {
        "mode": "pseudo_validation",
        "fallback_used": false,
        "selected_alpha": 0.5,
        "candidates": [
          {
            "alpha": 0.5,
            "pseudo_val_score": -0.148522,
            "pseudo_val_nll": 0.148522,
            "pseudo_val_agreement": 97.533
          },
          {
            "alpha": 0.75,
            "pseudo_val_score": -0.158585,
            "pseudo_val_nll": 0.158585,
            "pseudo_val_agreement": 97.027
          },
          {
            "alpha": 1.0,
            "pseudo_val_score": -0.169578,
            "pseudo_val_nll": 0.169578,
            "pseudo_val_agreement": 96.743
          }
        ],
        "split": {
          "novel_gated_query_count": 1668,
          "validation_count": 3162,
          "novel_validation_count": 336,
          "base_validation_count": 2826,
          "updated_class_count": 59,
          "per_class_counts": {
            "100": 20,
            "101": 9,
            "102": 11,
            "103": 28,
            "104": 2,
            "105": 30,
            "106": 17,
            "107": 24,
            "108": 27,
            "109": 30,
            "110": 36,
            "111": 23,
            "112": 30,
            "113": 29,
            "114": 26,
            "115": 38,
            "116": 33,
            "117": 30,
            "118": 27,
            "119": 33,
            "120": 29,
            "121": 29,
            "122": 24,
            "123": 32,
            "124": 35,
            "125": 25,
            "126": 33,
            "127": 26,
            "128": 31,
            "129": 14,
            "130": 29,
            "131": 35,
            "132": 28,
            "133": 29,
            "134": 30,
            "135": 38,
            "136": 18,
            "137": 29,
            "138": 29,
            "139": 30,
            "140": 21,
            "141": 22,
            "142": 59,
            "143": 21,
            "144": 23,
            "145": 36,
            "146": 28,
            "147": 29,
            "148": 30,
            "149": 30,
            "150": 22,
            "151": 26,
            "152": 45,
            "153": 30,
            "154": 27,
            "155": 26,
            "156": 29,
            "157": 28,
            "158": 30,
            "159": 30
          },
          "per_class_update_counts": {
            "100": 16,
            "101": 7,
            "102": 9,
            "103": 22,
            "104": 0,
            "105": 24,
            "106": 14,
            "107": 19,
            "108": 22,
            "109": 24,
            "110": 29,
            "111": 18,
            "112": 24,
            "113": 23,
            "114": 21,
            "115": 30,
            "116": 26,
            "117": 24,
            "118": 22,
            "119": 26,
            "120": 23,
            "121": 23,
            "122": 19,
            "123": 26,
            "124": 28,
            "125": 20,
            "126": 26,
            "127": 21,
            "128": 25,
            "129": 11,
            "130": 23,
            "131": 28,
            "132": 22,
            "133": 23,
            "134": 24,
            "135": 30,
            "136": 14,
            "137": 23,
            "138": 23,
            "139": 24,
            "140": 17,
            "141": 18,
            "142": 47,
            "143": 17,
            "144": 18,
            "145": 29,
            "146": 22,
            "147": 23,
            "148": 24,
            "149": 24,
            "150": 18,
            "151": 21,
            "152": 36,
            "153": 24,
            "154": 22,
            "155": 21,
            "156": 23,
            "157": 22,
            "158": 24,
            "159": 24
          },
          "per_class_validation_counts": {
            "100": 4,
            "101": 2,
            "102": 2,
            "103": 6,
            "104": 0,
            "105": 6,
            "106": 3,
            "107": 5,
            "108": 5,
            "109": 6,
            "110": 7,
            "111": 5,
            "112": 6,
            "113": 6,
            "114": 5,
            "115": 8,
            "116": 7,
            "117": 6,
            "118": 5,
            "119": 7,
            "120": 6,
            "121": 6,
            "122": 5,
            "123": 6,
            "124": 7,
            "125": 5,
            "126": 7,
            "127": 5,
            "128": 6,
            "129": 3,
            "130": 6,
            "131": 7,
            "132": 6,
            "133": 6,
            "134": 6,
            "135": 8,
            "136": 4,
            "137": 6,
            "138": 6,
            "139": 6,
            "140": 4,
            "141": 4,
            "142": 12,
            "143": 4,
            "144": 5,
            "145": 7,
            "146": 6,
            "147": 6,
            "148": 6,
            "149": 6,
            "150": 4,
            "151": 5,
            "152": 9,
            "153": 6,
            "154": 5,
            "155": 5,
            "156": 6,
            "157": 6,
            "158": 6,
            "159": 6
          }
        }
      }
    },
    {
      "session": 7,
      "num_seen_classes": 170,
      "baseline_full_acc": 84.484,
      "baseline_base_acc": 87.954,
      "baseline_novel_acc": 79.629,
      "selected_alpha": 0.5,
      "final_full_acc": 85.278,
      "final_base_acc": 87.814,
      "final_novel_acc": 81.729,
      "final_gain": 0.794,
      "updated_class_count": 69,
      "gated_query_count": 1969,
      "gated_base_count": 17,
      "gated_novel_count": 1952,
      "alpha_selection": {
        "mode": "pseudo_validation",
        "fallback_used": false,
        "selected_alpha": 0.5,
        "candidates": [
          {
            "alpha": 0.5,
            "pseudo_val_score": -0.157472,
            "pseudo_val_nll": 0.157472,
            "pseudo_val_agreement": 97.3
          },
          {
            "alpha": 0.75,
            "pseudo_val_score": -0.169852,
            "pseudo_val_nll": 0.169852,
            "pseudo_val_agreement": 96.741
          },
          {
            "alpha": 1.0,
            "pseudo_val_score": -0.18248,
            "pseudo_val_nll": 0.18248,
            "pseudo_val_agreement": 96.524
          }
        ],
        "split": {
          "novel_gated_query_count": 1969,
          "validation_count": 3222,
          "novel_validation_count": 396,
          "base_validation_count": 2826,
          "updated_class_count": 69,
          "per_class_counts": {
            "100": 20,
            "101": 9,
            "102": 11,
            "103": 29,
            "104": 2,
            "105": 30,
            "106": 17,
            "107": 24,
            "108": 27,
            "109": 30,
            "110": 36,
            "111": 23,
            "112": 30,
            "113": 29,
            "114": 26,
            "115": 38,
            "116": 33,
            "117": 30,
            "118": 27,
            "119": 33,
            "120": 29,
            "121": 29,
            "122": 24,
            "123": 32,
            "124": 35,
            "125": 25,
            "126": 33,
            "127": 26,
            "128": 31,
            "129": 14,
            "130": 29,
            "131": 35,
            "132": 28,
            "133": 29,
            "134": 30,
            "135": 38,
            "136": 18,
            "137": 29,
            "138": 29,
            "139": 30,
            "140": 21,
            "141": 22,
            "142": 59,
            "143": 21,
            "144": 23,
            "145": 36,
            "146": 28,
            "147": 29,
            "148": 30,
            "149": 30,
            "150": 22,
            "151": 28,
            "152": 47,
            "153": 30,
            "154": 27,
            "155": 29,
            "156": 30,
            "157": 29,
            "158": 30,
            "159": 30,
            "160": 32,
            "161": 23,
            "162": 30,
            "163": 31,
            "164": 25,
            "165": 28,
            "166": 30,
            "167": 31,
            "168": 30,
            "169": 31
          },
          "per_class_update_counts": {
            "100": 16,
            "101": 7,
            "102": 9,
            "103": 23,
            "104": 0,
            "105": 24,
            "106": 14,
            "107": 19,
            "108": 22,
            "109": 24,
            "110": 29,
            "111": 18,
            "112": 24,
            "113": 23,
            "114": 21,
            "115": 30,
            "116": 26,
            "117": 24,
            "118": 22,
            "119": 26,
            "120": 23,
            "121": 23,
            "122": 19,
            "123": 26,
            "124": 28,
            "125": 20,
            "126": 26,
            "127": 21,
            "128": 25,
            "129": 11,
            "130": 23,
            "131": 28,
            "132": 22,
            "133": 23,
            "134": 24,
            "135": 30,
            "136": 14,
            "137": 23,
            "138": 23,
            "139": 24,
            "140": 17,
            "141": 18,
            "142": 47,
            "143": 17,
            "144": 18,
            "145": 29,
            "146": 22,
            "147": 23,
            "148": 24,
            "149": 24,
            "150": 18,
            "151": 22,
            "152": 38,
            "153": 24,
            "154": 22,
            "155": 23,
            "156": 24,
            "157": 23,
            "158": 24,
            "159": 24,
            "160": 26,
            "161": 18,
            "162": 24,
            "163": 25,
            "164": 20,
            "165": 22,
            "166": 24,
            "167": 25,
            "168": 24,
            "169": 25
          },
          "per_class_validation_counts": {
            "100": 4,
            "101": 2,
            "102": 2,
            "103": 6,
            "104": 0,
            "105": 6,
            "106": 3,
            "107": 5,
            "108": 5,
            "109": 6,
            "110": 7,
            "111": 5,
            "112": 6,
            "113": 6,
            "114": 5,
            "115": 8,
            "116": 7,
            "117": 6,
            "118": 5,
            "119": 7,
            "120": 6,
            "121": 6,
            "122": 5,
            "123": 6,
            "124": 7,
            "125": 5,
            "126": 7,
            "127": 5,
            "128": 6,
            "129": 3,
            "130": 6,
            "131": 7,
            "132": 6,
            "133": 6,
            "134": 6,
            "135": 8,
            "136": 4,
            "137": 6,
            "138": 6,
            "139": 6,
            "140": 4,
            "141": 4,
            "142": 12,
            "143": 4,
            "144": 5,
            "145": 7,
            "146": 6,
            "147": 6,
            "148": 6,
            "149": 6,
            "150": 4,
            "151": 6,
            "152": 9,
            "153": 6,
            "154": 5,
            "155": 6,
            "156": 6,
            "157": 6,
            "158": 6,
            "159": 6,
            "160": 6,
            "161": 5,
            "162": 6,
            "163": 6,
            "164": 5,
            "165": 6,
            "166": 6,
            "167": 6,
            "168": 6,
            "169": 6
          }
        }
      }
    },
    {
      "session": 8,
      "num_seen_classes": 180,
      "baseline_full_acc": 84.249,
      "baseline_base_acc": 88.024,
      "baseline_novel_acc": 79.633,
      "selected_alpha": 0.5,
      "final_full_acc": 85.056,
      "final_base_acc": 87.884,
      "final_novel_acc": 81.597,
      "final_gain": 0.807,
      "updated_class_count": 79,
      "gated_query_count": 2264,
      "gated_base_count": 19,
      "gated_novel_count": 2245,
      "alpha_selection": {
        "mode": "pseudo_validation",
        "fallback_used": false,
        "selected_alpha": 0.5,
        "candidates": [
          {
            "alpha": 0.5,
            "pseudo_val_score": -0.168452,
            "pseudo_val_nll": 0.168452,
            "pseudo_val_agreement": 96.896
          },
          {
            "alpha": 0.75,
            "pseudo_val_score": -0.184093,
            "pseudo_val_nll": 0.184093,
            "pseudo_val_agreement": 96.226
          },
          {
            "alpha": 1.0,
            "pseudo_val_score": -0.20008,
            "pseudo_val_nll": 0.20008,
            "pseudo_val_agreement": 95.831
          }
        ],
        "split": {
          "novel_gated_query_count": 2264,
          "validation_count": 3286,
          "novel_validation_count": 456,
          "base_validation_count": 2830,
          "updated_class_count": 79,
          "per_class_counts": {
            "100": 20,
            "101": 10,
            "102": 11,
            "103": 30,
            "104": 2,
            "105": 30,
            "106": 17,
            "107": 24,
            "108": 28,
            "109": 30,
            "110": 36,
            "111": 23,
            "112": 30,
            "113": 29,
            "114": 26,
            "115": 38,
            "116": 33,
            "117": 30,
            "118": 27,
            "119": 33,
            "120": 29,
            "121": 29,
            "122": 24,
            "123": 32,
            "124": 35,
            "125": 25,
            "126": 33,
            "127": 26,
            "128": 31,
            "129": 14,
            "130": 29,
            "131": 35,
            "132": 28,
            "133": 29,
            "134": 30,
            "135": 38,
            "136": 18,
            "137": 29,
            "138": 29,
            "139": 30,
            "140": 21,
            "141": 22,
            "142": 59,
            "143": 21,
            "144": 23,
            "145": 36,
            "146": 28,
            "147": 29,
            "148": 30,
            "149": 30,
            "150": 22,
            "151": 28,
            "152": 45,
            "153": 30,
            "154": 30,
            "155": 29,
            "156": 24,
            "157": 29,
            "158": 30,
            "159": 30,
            "160": 29,
            "161": 23,
            "162": 30,
            "163": 30,
            "164": 25,
            "165": 28,
            "166": 23,
            "167": 32,
            "168": 32,
            "169": 28,
            "170": 26,
            "171": 33,
            "172": 34,
            "173": 27,
            "174": 37,
            "175": 35,
            "176": 32,
            "177": 27,
            "178": 21,
            "179": 36
          },
          "per_class_update_counts": {
            "100": 16,
            "101": 8,
            "102": 9,
            "103": 24,
            "104": 0,
            "105": 24,
            "106": 14,
            "107": 19,
            "108": 22,
            "109": 24,
            "110": 29,
            "111": 18,
            "112": 24,
            "113": 23,
            "114": 21,
            "115": 30,
            "116": 26,
            "117": 24,
            "118": 22,
            "119": 26,
            "120": 23,
            "121": 23,
            "122": 19,
            "123": 26,
            "124": 28,
            "125": 20,
            "126": 26,
            "127": 21,
            "128": 25,
            "129": 11,
            "130": 23,
            "131": 28,
            "132": 22,
            "133": 23,
            "134": 24,
            "135": 30,
            "136": 14,
            "137": 23,
            "138": 23,
            "139": 24,
            "140": 17,
            "141": 18,
            "142": 47,
            "143": 17,
            "144": 18,
            "145": 29,
            "146": 22,
            "147": 23,
            "148": 24,
            "149": 24,
            "150": 18,
            "151": 22,
            "152": 36,
            "153": 24,
            "154": 24,
            "155": 23,
            "156": 19,
            "157": 23,
            "158": 24,
            "159": 24,
            "160": 23,
            "161": 18,
            "162": 24,
            "163": 24,
            "164": 20,
            "165": 22,
            "166": 18,
            "167": 26,
            "168": 26,
            "169": 22,
            "170": 21,
            "171": 26,
            "172": 27,
            "173": 22,
            "174": 30,
            "175": 28,
            "176": 26,
            "177": 22,
            "178": 17,
            "179": 29
          },
          "per_class_validation_counts": {
            "100": 4,
            "101": 2,
            "102": 2,
            "103": 6,
            "104": 0,
            "105": 6,
            "106": 3,
            "107": 5,
            "108": 6,
            "109": 6,
            "110": 7,
            "111": 5,
            "112": 6,
            "113": 6,
            "114": 5,
            "115": 8,
            "116": 7,
            "117": 6,
            "118": 5,
            "119": 7,
            "120": 6,
            "121": 6,
            "122": 5,
            "123": 6,
            "124": 7,
            "125": 5,
            "126": 7,
            "127": 5,
            "128": 6,
            "129": 3,
            "130": 6,
            "131": 7,
            "132": 6,
            "133": 6,
            "134": 6,
            "135": 8,
            "136": 4,
            "137": 6,
            "138": 6,
            "139": 6,
            "140": 4,
            "141": 4,
            "142": 12,
            "143": 4,
            "144": 5,
            "145": 7,
            "146": 6,
            "147": 6,
            "148": 6,
            "149": 6,
            "150": 4,
            "151": 6,
            "152": 9,
            "153": 6,
            "154": 6,
            "155": 6,
            "156": 5,
            "157": 6,
            "158": 6,
            "159": 6,
            "160": 6,
            "161": 5,
            "162": 6,
            "163": 6,
            "164": 5,
            "165": 6,
            "166": 5,
            "167": 6,
            "168": 6,
            "169": 6,
            "170": 5,
            "171": 7,
            "172": 7,
            "173": 5,
            "174": 7,
            "175": 7,
            "176": 6,
            "177": 5,
            "178": 4,
            "179": 7
          }
        }
      }
    },
    {
      "session": 9,
      "num_seen_classes": 190,
      "baseline_full_acc": 84.729,
      "baseline_base_acc": 87.989,
      "baseline_novel_acc": 81.179,
      "selected_alpha": 0.5,
      "final_full_acc": 85.53,
      "final_base_acc": 87.814,
      "final_novel_acc": 83.042,
      "final_gain": 0.801,
      "updated_class_count": 89,
      "gated_query_count": 2552,
      "gated_base_count": 19,
      "gated_novel_count": 2533,
      "alpha_selection": {
        "mode": "pseudo_validation",
        "fallback_used": false,
        "selected_alpha": 0.5,
        "candidates": [
          {
            "alpha": 0.5,
            "pseudo_val_score": -0.175079,
            "pseudo_val_nll": 0.175079,
            "pseudo_val_agreement": 96.772
          },
          {
            "alpha": 0.75,
            "pseudo_val_score": -0.191404,
            "pseudo_val_nll": 0.191404,
            "pseudo_val_agreement": 95.965
          },
          {
            "alpha": 1.0,
            "pseudo_val_score": -0.208634,
            "pseudo_val_nll": 0.208634,
            "pseudo_val_agreement": 95.487
          }
        ],
        "split": {
          "novel_gated_query_count": 2552,
          "validation_count": 3346,
          "novel_validation_count": 516,
          "base_validation_count": 2830,
          "updated_class_count": 89,
          "per_class_counts": {
            "100": 20,
            "101": 11,
            "102": 11,
            "103": 30,
            "104": 2,
            "105": 30,
            "106": 17,
            "107": 24,
            "108": 28,
            "109": 30,
            "110": 36,
            "111": 23,
            "112": 30,
            "113": 29,
            "114": 26,
            "115": 38,
            "116": 33,
            "117": 30,
            "118": 27,
            "119": 33,
            "120": 29,
            "121": 29,
            "122": 24,
            "123": 32,
            "124": 35,
            "125": 25,
            "126": 33,
            "127": 26,
            "128": 31,
            "129": 14,
            "130": 29,
            "131": 35,
            "132": 28,
            "133": 29,
            "134": 30,
            "135": 38,
            "136": 18,
            "137": 29,
            "138": 29,
            "139": 30,
            "140": 21,
            "141": 22,
            "142": 59,
            "143": 21,
            "144": 23,
            "145": 36,
            "146": 28,
            "147": 29,
            "148": 30,
            "149": 30,
            "150": 22,
            "151": 28,
            "152": 45,
            "153": 30,
            "154": 30,
            "155": 29,
            "156": 24,
            "157": 29,
            "158": 30,
            "159": 30,
            "160": 28,
            "161": 23,
            "162": 29,
            "163": 30,
            "164": 25,
            "165": 28,
            "166": 23,
            "167": 32,
            "168": 32,
            "169": 28,
            "170": 26,
            "171": 33,
            "172": 34,
            "173": 27,
            "174": 38,
            "175": 35,
            "176": 32,
            "177": 27,
            "178": 21,
            "179": 33,
            "180": 28,
            "181": 34,
            "182": 31,
            "183": 29,
            "184": 30,
            "185": 30,
            "186": 21,
            "187": 30,
            "188": 30,
            "189": 28
          },
          "per_class_update_counts": {
            "100": 16,
            "101": 9,
            "102": 9,
            "103": 24,
            "104": 0,
            "105": 24,
            "106": 14,
            "107": 19,
            "108": 22,
            "109": 24,
            "110": 29,
            "111": 18,
            "112": 24,
            "113": 23,
            "114": 21,
            "115": 30,
            "116": 26,
            "117": 24,
            "118": 22,
            "119": 26,
            "120": 23,
            "121": 23,
            "122": 19,
            "123": 26,
            "124": 28,
            "125": 20,
            "126": 26,
            "127": 21,
            "128": 25,
            "129": 11,
            "130": 23,
            "131": 28,
            "132": 22,
            "133": 23,
            "134": 24,
            "135": 30,
            "136": 14,
            "137": 23,
            "138": 23,
            "139": 24,
            "140": 17,
            "141": 18,
            "142": 47,
            "143": 17,
            "144": 18,
            "145": 29,
            "146": 22,
            "147": 23,
            "148": 24,
            "149": 24,
            "150": 18,
            "151": 22,
            "152": 36,
            "153": 24,
            "154": 24,
            "155": 23,
            "156": 19,
            "157": 23,
            "158": 24,
            "159": 24,
            "160": 22,
            "161": 18,
            "162": 23,
            "163": 24,
            "164": 20,
            "165": 22,
            "166": 18,
            "167": 26,
            "168": 26,
            "169": 22,
            "170": 21,
            "171": 26,
            "172": 27,
            "173": 22,
            "174": 30,
            "175": 28,
            "176": 26,
            "177": 22,
            "178": 17,
            "179": 26,
            "180": 22,
            "181": 27,
            "182": 25,
            "183": 23,
            "184": 24,
            "185": 24,
            "186": 17,
            "187": 24,
            "188": 24,
            "189": 22
          },
          "per_class_validation_counts": {
            "100": 4,
            "101": 2,
            "102": 2,
            "103": 6,
            "104": 0,
            "105": 6,
            "106": 3,
            "107": 5,
            "108": 6,
            "109": 6,
            "110": 7,
            "111": 5,
            "112": 6,
            "113": 6,
            "114": 5,
            "115": 8,
            "116": 7,
            "117": 6,
            "118": 5,
            "119": 7,
            "120": 6,
            "121": 6,
            "122": 5,
            "123": 6,
            "124": 7,
            "125": 5,
            "126": 7,
            "127": 5,
            "128": 6,
            "129": 3,
            "130": 6,
            "131": 7,
            "132": 6,
            "133": 6,
            "134": 6,
            "135": 8,
            "136": 4,
            "137": 6,
            "138": 6,
            "139": 6,
            "140": 4,
            "141": 4,
            "142": 12,
            "143": 4,
            "144": 5,
            "145": 7,
            "146": 6,
            "147": 6,
            "148": 6,
            "149": 6,
            "150": 4,
            "151": 6,
            "152": 9,
            "153": 6,
            "154": 6,
            "155": 6,
            "156": 5,
            "157": 6,
            "158": 6,
            "159": 6,
            "160": 6,
            "161": 5,
            "162": 6,
            "163": 6,
            "164": 5,
            "165": 6,
            "166": 5,
            "167": 6,
            "168": 6,
            "169": 6,
            "170": 5,
            "171": 7,
            "172": 7,
            "173": 5,
            "174": 8,
            "175": 7,
            "176": 6,
            "177": 5,
            "178": 4,
            "179": 7,
            "180": 6,
            "181": 7,
            "182": 6,
            "183": 6,
            "184": 6,
            "185": 6,
            "186": 4,
            "187": 6,
            "188": 6,
            "189": 6
          }
        }
      }
    },
    {
      "session": 10,
      "num_seen_classes": 200,
      "baseline_full_acc": 84.795,
      "baseline_base_acc": 87.884,
      "baseline_novel_acc": 81.775,
      "selected_alpha": 0.5,
      "final_full_acc": 85.658,
      "final_base_acc": 87.709,
      "final_novel_acc": 83.652,
      "final_gain": 0.863,
      "updated_class_count": 99,
      "gated_query_count": 2851,
      "gated_base_count": 19,
      "gated_novel_count": 2832,
      "alpha_selection": {
        "mode": "pseudo_validation",
        "fallback_used": false,
        "selected_alpha": 0.5,
        "candidates": [
          {
            "alpha": 0.5,
            "pseudo_val_score": -0.183953,
            "pseudo_val_nll": 0.183953,
            "pseudo_val_agreement": 96.304
          },
          {
            "alpha": 0.75,
            "pseudo_val_score": -0.202194,
            "pseudo_val_nll": 0.202194,
            "pseudo_val_agreement": 95.571
          },
          {
            "alpha": 1.0,
            "pseudo_val_score": -0.221604,
            "pseudo_val_nll": 0.221604,
            "pseudo_val_agreement": 95.013
          }
        ],
        "split": {
          "novel_gated_query_count": 2851,
          "validation_count": 3409,
          "novel_validation_count": 578,
          "base_validation_count": 2831,
          "updated_class_count": 99,
          "per_class_counts": {
            "100": 20,
            "101": 11,
            "102": 11,
            "103": 30,
            "104": 2,
            "105": 30,
            "106": 17,
            "107": 24,
            "108": 28,
            "109": 30,
            "110": 36,
            "111": 23,
            "112": 30,
            "113": 29,
            "114": 26,
            "115": 38,
            "116": 33,
            "117": 30,
            "118": 28,
            "119": 33,
            "120": 29,
            "121": 29,
            "122": 24,
            "123": 32,
            "124": 36,
            "125": 25,
            "126": 33,
            "127": 26,
            "128": 31,
            "129": 14,
            "130": 29,
            "131": 35,
            "132": 28,
            "133": 29,
            "134": 30,
            "135": 38,
            "136": 18,
            "137": 29,
            "138": 29,
            "139": 30,
            "140": 21,
            "141": 22,
            "142": 59,
            "143": 21,
            "144": 23,
            "145": 36,
            "146": 28,
            "147": 29,
            "148": 29,
            "149": 30,
            "150": 22,
            "151": 28,
            "152": 45,
            "153": 30,
            "154": 31,
            "155": 29,
            "156": 24,
            "157": 29,
            "158": 30,
            "159": 30,
            "160": 28,
            "161": 23,
            "162": 29,
            "163": 30,
            "164": 25,
            "165": 28,
            "166": 23,
            "167": 27,
            "168": 32,
            "169": 28,
            "170": 26,
            "171": 33,
            "172": 34,
            "173": 27,
            "174": 38,
            "175": 35,
            "176": 32,
            "177": 26,
            "178": 21,
            "179": 33,
            "180": 28,
            "181": 34,
            "182": 31,
            "183": 29,
            "184": 30,
            "185": 30,
            "186": 23,
            "187": 30,
            "188": 33,
            "189": 28,
            "190": 27,
            "191": 28,
            "192": 25,
            "193": 30,
            "194": 40,
            "195": 35,
            "196": 25,
            "197": 30,
            "198": 23,
            "199": 35
          },
          "per_class_update_counts": {
            "100": 16,
            "101": 9,
            "102": 9,
            "103": 24,
            "104": 0,
            "105": 24,
            "106": 14,
            "107": 19,
            "108": 22,
            "109": 24,
            "110": 29,
            "111": 18,
            "112": 24,
            "113": 23,
            "114": 21,
            "115": 30,
            "116": 26,
            "117": 24,
            "118": 22,
            "119": 26,
            "120": 23,
            "121": 23,
            "122": 19,
            "123": 26,
            "124": 29,
            "125": 20,
            "126": 26,
            "127": 21,
            "128": 25,
            "129": 11,
            "130": 23,
            "131": 28,
            "132": 22,
            "133": 23,
            "134": 24,
            "135": 30,
            "136": 14,
            "137": 23,
            "138": 23,
            "139": 24,
            "140": 17,
            "141": 18,
            "142": 47,
            "143": 17,
            "144": 18,
            "145": 29,
            "146": 22,
            "147": 23,
            "148": 23,
            "149": 24,
            "150": 18,
            "151": 22,
            "152": 36,
            "153": 24,
            "154": 25,
            "155": 23,
            "156": 19,
            "157": 23,
            "158": 24,
            "159": 24,
            "160": 22,
            "161": 18,
            "162": 23,
            "163": 24,
            "164": 20,
            "165": 22,
            "166": 18,
            "167": 22,
            "168": 26,
            "169": 22,
            "170": 21,
            "171": 26,
            "172": 27,
            "173": 22,
            "174": 30,
            "175": 28,
            "176": 26,
            "177": 21,
            "178": 17,
            "179": 26,
            "180": 22,
            "181": 27,
            "182": 25,
            "183": 23,
            "184": 24,
            "185": 24,
            "186": 18,
            "187": 24,
            "188": 26,
            "189": 22,
            "190": 22,
            "191": 22,
            "192": 20,
            "193": 24,
            "194": 32,
            "195": 28,
            "196": 20,
            "197": 24,
            "198": 18,
            "199": 28
          },
          "per_class_validation_counts": {
            "100": 4,
            "101": 2,
            "102": 2,
            "103": 6,
            "104": 0,
            "105": 6,
            "106": 3,
            "107": 5,
            "108": 6,
            "109": 6,
            "110": 7,
            "111": 5,
            "112": 6,
            "113": 6,
            "114": 5,
            "115": 8,
            "116": 7,
            "117": 6,
            "118": 6,
            "119": 7,
            "120": 6,
            "121": 6,
            "122": 5,
            "123": 6,
            "124": 7,
            "125": 5,
            "126": 7,
            "127": 5,
            "128": 6,
            "129": 3,
            "130": 6,
            "131": 7,
            "132": 6,
            "133": 6,
            "134": 6,
            "135": 8,
            "136": 4,
            "137": 6,
            "138": 6,
            "139": 6,
            "140": 4,
            "141": 4,
            "142": 12,
            "143": 4,
            "144": 5,
            "145": 7,
            "146": 6,
            "147": 6,
            "148": 6,
            "149": 6,
            "150": 4,
            "151": 6,
            "152": 9,
            "153": 6,
            "154": 6,
            "155": 6,
            "156": 5,
            "157": 6,
            "158": 6,
            "159": 6,
            "160": 6,
            "161": 5,
            "162": 6,
            "163": 6,
            "164": 5,
            "165": 6,
            "166": 5,
            "167": 5,
            "168": 6,
            "169": 6,
            "170": 5,
            "171": 7,
            "172": 7,
            "173": 5,
            "174": 8,
            "175": 7,
            "176": 6,
            "177": 5,
            "178": 4,
            "179": 7,
            "180": 6,
            "181": 7,
            "182": 6,
            "183": 6,
            "184": 6,
            "185": 6,
            "186": 5,
            "187": 6,
            "188": 7,
            "189": 6,
            "190": 5,
            "191": 6,
            "192": 5,
            "193": 6,
            "194": 8,
            "195": 7,
            "196": 5,
            "197": 6,
            "198": 5,
            "199": 7
          }
        }
      }
    }
  ]
}
