/media/ndag/newVolume/BiMC-test/models/clip/clip.py:23: UserWarning: PyTorch version 1.7.1 or higher is recommended
  warnings.warn("PyTorch version 1.7.1 or higher is recommended")
manual seed: 20
use gpu: ['0']
Loading CLIP (backbone: ViT-B/16)
Prompt template:['a photo of a {}.']
Loading DinoV2 ViT-B/14 from local hub: /home/ndag/.cache/torch/hub/facebookresearch_dinov2_main
/home/ndag/.cache/torch/hub/facebookresearch_dinov2_main/dinov2/layers/swiglu_ffn.py:51: UserWarning: xFormers is not available (SwiGLU)
  warnings.warn("xFormers is not available (SwiGLU)")
/home/ndag/.cache/torch/hub/facebookresearch_dinov2_main/dinov2/layers/attention.py:36: UserWarning: xFormers is not available (Attention)
  warnings.warn("xFormers is not available (Attention)")
/home/ndag/.cache/torch/hub/facebookresearch_dinov2_main/dinov2/layers/block.py:40: UserWarning: xFormers is not available (Block)
  warnings.warn("xFormers is not available (Block)")
Loading DinoV2 weights: /home/ndag/.cache/torch/hub/checkpoints/dinov2_vitb14_pretrain.pth
class names: ['Black footed Albatross' 'Laysan Albatross' 'Sooty Albatross'
 'Groove billed Ani' 'Crested Auklet' 'Least Auklet' 'Parakeet Auklet'
 'Rhinoceros Auklet' 'Brewer Blackbird' 'Red winged Blackbird'
 'Rusty Blackbird' 'Yellow headed Blackbird' 'Bobolink' 'Indigo Bunting'
 'Lazuli Bunting' 'Painted Bunting' 'Cardinal' 'Spotted Catbird'
 'Gray Catbird' 'Yellow breasted Chat' 'Eastern Towhee' 'Chuck will Widow'
 'Brandt Cormorant' 'Red faced Cormorant' 'Pelagic Cormorant'
 'Bronzed Cowbird' 'Shiny Cowbird' 'Brown Creeper' 'American Crow'
 'Fish Crow' 'Black billed Cuckoo' 'Mangrove Cuckoo'
 'Yellow billed Cuckoo' 'Gray crowned Rosy Finch' 'Purple Finch'
 'Northern Flicker' 'Acadian Flycatcher' 'Great Crested Flycatcher'
 'Least Flycatcher' 'Olive sided Flycatcher' 'Scissor tailed Flycatcher'
 'Vermilion Flycatcher' 'Yellow bellied Flycatcher' 'Frigatebird'
 'Northern Fulmar' 'Gadwall' 'American Goldfinch' 'European Goldfinch'
 'Boat tailed Grackle' 'Eared Grebe' 'Horned Grebe' 'Pied billed Grebe'
 'Western Grebe' 'Blue Grosbeak' 'Evening Grosbeak' 'Pine Grosbeak'
 'Rose breasted Grosbeak' 'Pigeon Guillemot' 'California Gull'
 'Glaucous winged Gull' 'Heermann Gull' 'Herring Gull' 'Ivory Gull'
 'Ring billed Gull' 'Slaty backed Gull' 'Western Gull' 'Anna Hummingbird'
 'Ruby throated Hummingbird' 'Rufous Hummingbird' 'Green Violetear'
 'Long tailed Jaeger' 'Pomarine Jaeger' 'Blue Jay' 'Florida Jay'
 'Green Jay' 'Dark eyed Junco' 'Tropical Kingbird' 'Gray Kingbird'
 'Belted Kingfisher' 'Green Kingfisher' 'Pied Kingfisher'
 'Ringed Kingfisher' 'White breasted Kingfisher' 'Red legged Kittiwake'
 'Horned Lark' 'Pacific Loon' 'Mallard' 'Western Meadowlark'
 'Hooded Merganser' 'Red breasted Merganser' 'Mockingbird' 'Nighthawk'
 'Clark Nutcracker' 'White breasted Nuthatch' 'Baltimore Oriole'
 'Hooded Oriole' 'Orchard Oriole' 'Scott Oriole' 'Ovenbird'
 'Brown Pelican']
all targets:tensor([ 0,  1,  2,  3,  4,  5,  6,  7,  8,  9, 10, 11, 12, 13, 14, 15, 16, 17,
        18, 19, 20, 21, 22, 23, 24, 25, 26, 27, 28, 29, 30, 31, 32, 33, 34, 35,
        36, 37, 38, 39, 40, 41, 42, 43, 44, 45, 46, 47, 48, 49, 50, 51, 52, 53,
        54, 55, 56, 57, 58, 59, 60, 61, 62, 63, 64, 65, 66, 67, 68, 69, 70, 71,
        72, 73, 74, 75, 76, 77, 78, 79, 80, 81, 82, 83, 84, 85, 86, 87, 88, 89,
        90, 91, 92, 93, 94, 95, 96, 97, 98, 99], device='cuda:0')
dino all targets:tensor([ 0,  1,  2,  3,  4,  5,  6,  7,  8,  9, 10, 11, 12, 13, 14, 15, 16, 17,
        18, 19, 20, 21, 22, 23, 24, 25, 26, 27, 28, 29, 30, 31, 32, 33, 34, 35,
        36, 37, 38, 39, 40, 41, 42, 43, 44, 45, 46, 47, 48, 49, 50, 51, 52, 53,
        54, 55, 56, 57, 58, 59, 60, 61, 62, 63, 64, 65, 66, 67, 68, 69, 70, 71,
        72, 73, 74, 75, 76, 77, 78, 79, 80, 81, 82, 83, 84, 85, 86, 87, 88, 89,
        90, 91, 92, 93, 94, 95, 96, 97, 98, 99], device='cuda:0')
finish loading CLIP/DinoV2 covariance
class names: ['White Pelican' 'Western Wood Pewee' 'Sayornis' 'American Pipit'
 'Whip poor Will' 'Horned Puffin' 'Common Raven' 'White necked Raven'
 'American Redstart' 'Geococcyx']
all targets:tensor([100, 101, 102, 103, 104, 105, 106, 107, 108, 109], device='cuda:0')
dino all targets:tensor([100, 101, 102, 103, 104, 105, 106, 107, 108, 109], device='cuda:0')
finish loading CLIP/DinoV2 covariance
class names: ['Loggerhead Shrike' 'Great Grey Shrike' 'Baird Sparrow'
 'Black throated Sparrow' 'Brewer Sparrow' 'Chipping Sparrow'
 'Clay colored Sparrow' 'House Sparrow' 'Field Sparrow' 'Fox Sparrow']
all targets:tensor([110, 111, 112, 113, 114, 115, 116, 117, 118, 119], device='cuda:0')
dino all targets:tensor([110, 111, 112, 113, 114, 115, 116, 117, 118, 119], device='cuda:0')
finish loading CLIP/DinoV2 covariance
class names: ['Grasshopper Sparrow' 'Harris Sparrow' 'Henslow Sparrow'
 'Le Conte Sparrow' 'Lincoln Sparrow' 'Nelson Sharp tailed Sparrow'
 'Savannah Sparrow' 'Seaside Sparrow' 'Song Sparrow' 'Tree Sparrow']
all targets:tensor([120, 121, 122, 123, 124, 125, 126, 127, 128, 129], device='cuda:0')
dino all targets:tensor([120, 121, 122, 123, 124, 125, 126, 127, 128, 129], device='cuda:0')
finish loading CLIP/DinoV2 covariance
class names: ['Vesper Sparrow' 'White crowned Sparrow' 'White throated Sparrow'
 'Cape Glossy Starling' 'Bank Swallow' 'Barn Swallow' 'Cliff Swallow'
 'Tree Swallow' 'Scarlet Tanager' 'Summer Tanager']
all targets:tensor([130, 131, 132, 133, 134, 135, 136, 137, 138, 139], device='cuda:0')
dino all targets:tensor([130, 131, 132, 133, 134, 135, 136, 137, 138, 139], device='cuda:0')
finish loading CLIP/DinoV2 covariance
class names: ['Artic Tern' 'Black Tern' 'Caspian Tern' 'Common Tern' 'Elegant Tern'
 'Forsters Tern' 'Least Tern' 'Green tailed Towhee' 'Brown Thrasher'
 'Sage Thrasher']
all targets:tensor([140, 141, 142, 143, 144, 145, 146, 147, 148, 149], device='cuda:0')
dino all targets:tensor([140, 141, 142, 143, 144, 145, 146, 147, 148, 149], device='cuda:0')
finish loading CLIP/DinoV2 covariance
class names: ['Black capped Vireo' 'Blue headed Vireo' 'Philadelphia Vireo'
 'Red eyed Vireo' 'Warbling Vireo' 'White eyed Vireo'
 'Yellow throated Vireo' 'Bay breasted Warbler' 'Black and white Warbler'
 'Black throated Blue Warbler']
all targets:tensor([150, 151, 152, 153, 154, 155, 156, 157, 158, 159], device='cuda:0')
dino all targets:tensor([150, 151, 152, 153, 154, 155, 156, 157, 158, 159], device='cuda:0')
finish loading CLIP/DinoV2 covariance
class names: ['Blue winged Warbler' 'Canada Warbler' 'Cape May Warbler'
 'Cerulean Warbler' 'Chestnut sided Warbler' 'Golden winged Warbler'
 'Hooded Warbler' 'Kentucky Warbler' 'Magnolia Warbler' 'Mourning Warbler']
all targets:tensor([160, 161, 162, 163, 164, 165, 166, 167, 168, 169], device='cuda:0')
dino all targets:tensor([160, 161, 162, 163, 164, 165, 166, 167, 168, 169], device='cuda:0')
finish loading CLIP/DinoV2 covariance
class names: ['Myrtle Warbler' 'Nashville Warbler' 'Orange crowned Warbler'
 'Palm Warbler' 'Pine Warbler' 'Prairie Warbler' 'Prothonotary Warbler'
 'Swainson Warbler' 'Tennessee Warbler' 'Wilson Warbler']
all targets:tensor([170, 171, 172, 173, 174, 175, 176, 177, 178, 179], device='cuda:0')
dino all targets:tensor([170, 171, 172, 173, 174, 175, 176, 177, 178, 179], device='cuda:0')
finish loading CLIP/DinoV2 covariance
class names: ['Worm eating Warbler' 'Yellow Warbler' 'Northern Waterthrush'
 'Louisiana Waterthrush' 'Bohemian Waxwing' 'Cedar Waxwing'
 'American Three toed Woodpecker' 'Pileated Woodpecker'
 'Red bellied Woodpecker' 'Red cockaded Woodpecker']
all targets:tensor([180, 181, 182, 183, 184, 185, 186, 187, 188, 189], device='cuda:0')
dino all targets:tensor([180, 181, 182, 183, 184, 185, 186, 187, 188, 189], device='cuda:0')
finish loading CLIP/DinoV2 covariance
class names: ['Red headed Woodpecker' 'Downy Woodpecker' 'Bewick Wren' 'Cactus Wren'
 'Carolina Wren' 'House Wren' 'Marsh Wren' 'Rock Wren' 'Winter Wren'
 'Common Yellowthroat']
all targets:tensor([190, 191, 192, 193, 194, 195, 196, 197, 198, 199], device='cuda:0')
dino all targets:tensor([190, 191, 192, 193, 194, 195, 196, 197, 198, 199], device='cuda:0')
finish loading CLIP/DinoV2 covariance
session 0: baseline=88.163 final=88.163 gain=0.000
session 1: baseline=86.892 final=87.337 gain=0.445
session 2: baseline=86.443 final=87.026 gain=0.583
session 3: baseline=85.461 final=86.105 gain=0.644
session 4: baseline=85.551 final=86.395 gain=0.844
session 5: baseline=84.258 final=84.905 gain=0.647
session 6: baseline=84.634 final=85.306 gain=0.672
session 7: baseline=85.054 final=85.706 gain=0.652
session 8: baseline=84.652 final=85.632 gain=0.980
session 9: baseline=85.111 final=86.058 gain=0.946
session 10: baseline=85.450 final=86.365 gain=0.915
{
  "dataset": "cub200",
  "seed": 20,
  "train_cfg": "experiments/bmvc_1256_20260508-124032/generated_configs/bimc_dino_fusion.yaml",
  "method": "sessionwise conservative query prototype refinement on bimc_dino_fusion with pseudo-validation alpha selection",
  "runtime_sec": 239.232,
  "alpha_grid": [
    0.5,
    0.75,
    1.0
  ],
  "alpha_selection": "pseudo_validation_no_test_labels",
  "mass_thr": 0.3,
  "min_count": 5,
  "val_fraction": 0.2,
  "base_val_conf_thr": 0.5,
  "base_val_max_per_class": 50,
  "fallback_alpha": 0.75,
  "topk_per_class": null,
  "baseline_acc_list": [
    88.163,
    86.892,
    86.443,
    85.461,
    85.551,
    84.258,
    84.634,
    85.054,
    84.652,
    85.111,
    85.45
  ],
  "final_acc_list": [
    88.163,
    87.337,
    87.026,
    86.105,
    86.395,
    84.905,
    85.306,
    85.706,
    85.632,
    86.058,
    86.365
  ],
  "gain_list": [
    0.0,
    0.445,
    0.583,
    0.644,
    0.844,
    0.647,
    0.672,
    0.652,
    0.98,
    0.946,
    0.915
  ],
  "baseline_avg": 85.606,
  "baseline_pd": 2.713,
  "final_avg": 86.273,
  "final_pd": 1.798,
  "gain_avg": 0.666,
  "session_results": [
    {
      "session": 0,
      "num_seen_classes": 100,
      "baseline_full_acc": 88.163,
      "baseline_base_acc": 88.163,
      "baseline_novel_acc": 0.0,
      "best_alpha": null,
      "final_full_acc": 88.163,
      "final_base_acc": 88.163,
      "final_novel_acc": 0.0,
      "final_gain": 0.0,
      "updated_class_count": 0,
      "gated_query_count": 0,
      "alpha_selection": {
        "mode": "not_applicable_base_session",
        "selected_alpha": null
      }
    },
    {
      "session": 1,
      "num_seen_classes": 110,
      "baseline_full_acc": 86.892,
      "baseline_base_acc": 88.094,
      "baseline_novel_acc": 74.552,
      "selected_alpha": 0.5,
      "final_full_acc": 87.337,
      "final_base_acc": 88.059,
      "final_novel_acc": 79.928,
      "final_gain": 0.445,
      "updated_class_count": 9,
      "gated_query_count": 227,
      "gated_base_count": 9,
      "gated_novel_count": 218,
      "alpha_selection": {
        "mode": "pseudo_validation",
        "fallback_used": false,
        "selected_alpha": 0.5,
        "candidates": [
          {
            "alpha": 0.5,
            "pseudo_val_score": -0.087506,
            "pseudo_val_nll": 0.087506,
            "pseudo_val_agreement": 99.685
          },
          {
            "alpha": 0.75,
            "pseudo_val_score": -0.088082,
            "pseudo_val_nll": 0.088082,
            "pseudo_val_agreement": 99.685
          },
          {
            "alpha": 1.0,
            "pseudo_val_score": -0.087843,
            "pseudo_val_nll": 0.087843,
            "pseudo_val_agreement": 99.685
          }
        ],
        "split": {
          "novel_gated_query_count": 227,
          "validation_count": 2858,
          "novel_validation_count": 45,
          "base_validation_count": 2813,
          "updated_class_count": 9,
          "per_class_counts": {
            "100": 20,
            "101": 17,
            "102": 26,
            "103": 30,
            "104": 0,
            "105": 30,
            "106": 25,
            "107": 20,
            "108": 28,
            "109": 31
          },
          "per_class_update_counts": {
            "100": 16,
            "101": 14,
            "102": 21,
            "103": 24,
            "104": 0,
            "105": 24,
            "106": 20,
            "107": 16,
            "108": 22,
            "109": 25
          },
          "per_class_validation_counts": {
            "100": 4,
            "101": 3,
            "102": 5,
            "103": 6,
            "104": 0,
            "105": 6,
            "106": 5,
            "107": 4,
            "108": 6,
            "109": 6
          }
        }
      }
    },
    {
      "session": 2,
      "num_seen_classes": 120,
      "baseline_full_acc": 86.443,
      "baseline_base_acc": 88.059,
      "baseline_novel_acc": 78.269,
      "selected_alpha": 0.5,
      "final_full_acc": 87.026,
      "final_base_acc": 88.024,
      "final_novel_acc": 81.979,
      "final_gain": 0.583,
      "updated_class_count": 19,
      "gated_query_count": 513,
      "gated_base_count": 10,
      "gated_novel_count": 503,
      "alpha_selection": {
        "mode": "pseudo_validation",
        "fallback_used": false,
        "selected_alpha": 0.5,
        "candidates": [
          {
            "alpha": 0.5,
            "pseudo_val_score": -0.098252,
            "pseudo_val_nll": 0.098252,
            "pseudo_val_agreement": 99.142
          },
          {
            "alpha": 0.75,
            "pseudo_val_score": -0.100982,
            "pseudo_val_nll": 0.100982,
            "pseudo_val_agreement": 99.004
          },
          {
            "alpha": 1.0,
            "pseudo_val_score": -0.103242,
            "pseudo_val_nll": 0.103242,
            "pseudo_val_agreement": 99.039
          }
        ],
        "split": {
          "novel_gated_query_count": 513,
          "validation_count": 2913,
          "novel_validation_count": 102,
          "base_validation_count": 2811,
          "updated_class_count": 19,
          "per_class_counts": {
            "100": 20,
            "101": 17,
            "102": 26,
            "103": 30,
            "104": 0,
            "105": 30,
            "106": 25,
            "107": 20,
            "108": 28,
            "109": 31,
            "110": 35,
            "111": 24,
            "112": 25,
            "113": 29,
            "114": 20,
            "115": 27,
            "116": 46,
            "117": 32,
            "118": 18,
            "119": 30
          },
          "per_class_update_counts": {
            "100": 16,
            "101": 14,
            "102": 21,
            "103": 24,
            "104": 0,
            "105": 24,
            "106": 20,
            "107": 16,
            "108": 22,
            "109": 25,
            "110": 28,
            "111": 19,
            "112": 20,
            "113": 23,
            "114": 16,
            "115": 22,
            "116": 37,
            "117": 26,
            "118": 14,
            "119": 24
          },
          "per_class_validation_counts": {
            "100": 4,
            "101": 3,
            "102": 5,
            "103": 6,
            "104": 0,
            "105": 6,
            "106": 5,
            "107": 4,
            "108": 6,
            "109": 6,
            "110": 7,
            "111": 5,
            "112": 5,
            "113": 6,
            "114": 4,
            "115": 5,
            "116": 9,
            "117": 6,
            "118": 4,
            "119": 6
          }
        }
      }
    },
    {
      "session": 3,
      "num_seen_classes": 130,
      "baseline_full_acc": 85.461,
      "baseline_base_acc": 88.059,
      "baseline_novel_acc": 76.852,
      "selected_alpha": 0.5,
      "final_full_acc": 86.105,
      "final_base_acc": 88.024,
      "final_novel_acc": 79.745,
      "final_gain": 0.644,
      "updated_class_count": 29,
      "gated_query_count": 810,
      "gated_base_count": 10,
      "gated_novel_count": 800,
      "alpha_selection": {
        "mode": "pseudo_validation",
        "fallback_used": false,
        "selected_alpha": 0.5,
        "candidates": [
          {
            "alpha": 0.5,
            "pseudo_val_score": -0.117679,
            "pseudo_val_nll": 0.117679,
            "pseudo_val_agreement": 98.454
          },
          {
            "alpha": 0.75,
            "pseudo_val_score": -0.12466,
            "pseudo_val_nll": 0.12466,
            "pseudo_val_agreement": 98.32
          },
          {
            "alpha": 1.0,
            "pseudo_val_score": -0.131955,
            "pseudo_val_nll": 0.131955,
            "pseudo_val_agreement": 98.118
          }
        ],
        "split": {
          "novel_gated_query_count": 810,
          "validation_count": 2976,
          "novel_validation_count": 162,
          "base_validation_count": 2814,
          "updated_class_count": 29,
          "per_class_counts": {
            "100": 20,
            "101": 17,
            "102": 26,
            "103": 30,
            "104": 0,
            "105": 30,
            "106": 26,
            "107": 20,
            "108": 28,
            "109": 30,
            "110": 35,
            "111": 24,
            "112": 29,
            "113": 29,
            "114": 21,
            "115": 31,
            "116": 46,
            "117": 36,
            "118": 19,
            "119": 29,
            "120": 28,
            "121": 31,
            "122": 30,
            "123": 36,
            "124": 33,
            "125": 21,
            "126": 32,
            "127": 24,
            "128": 29,
            "129": 20
          },
          "per_class_update_counts": {
            "100": 16,
            "101": 14,
            "102": 21,
            "103": 24,
            "104": 0,
            "105": 24,
            "106": 21,
            "107": 16,
            "108": 22,
            "109": 24,
            "110": 28,
            "111": 19,
            "112": 23,
            "113": 23,
            "114": 17,
            "115": 25,
            "116": 37,
            "117": 29,
            "118": 15,
            "119": 23,
            "120": 22,
            "121": 25,
            "122": 24,
            "123": 29,
            "124": 26,
            "125": 17,
            "126": 26,
            "127": 19,
            "128": 23,
            "129": 16
          },
          "per_class_validation_counts": {
            "100": 4,
            "101": 3,
            "102": 5,
            "103": 6,
            "104": 0,
            "105": 6,
            "106": 5,
            "107": 4,
            "108": 6,
            "109": 6,
            "110": 7,
            "111": 5,
            "112": 6,
            "113": 6,
            "114": 4,
            "115": 6,
            "116": 9,
            "117": 7,
            "118": 4,
            "119": 6,
            "120": 6,
            "121": 6,
            "122": 6,
            "123": 7,
            "124": 7,
            "125": 4,
            "126": 6,
            "127": 5,
            "128": 6,
            "129": 4
          }
        }
      }
    },
    {
      "session": 4,
      "num_seen_classes": 140,
      "baseline_full_acc": 85.551,
      "baseline_base_acc": 88.128,
      "baseline_novel_acc": 79.21,
      "selected_alpha": 0.5,
      "final_full_acc": 86.395,
      "final_base_acc": 88.059,
      "final_novel_acc": 82.302,
      "final_gain": 0.844,
      "updated_class_count": 39,
      "gated_query_count": 1101,
      "gated_base_count": 10,
      "gated_novel_count": 1091,
      "alpha_selection": {
        "mode": "pseudo_validation",
        "fallback_used": false,
        "selected_alpha": 0.5,
        "candidates": [
          {
            "alpha": 0.5,
            "pseudo_val_score": -0.126749,
            "pseudo_val_nll": 0.126749,
            "pseudo_val_agreement": 98.358
          },
          {
            "alpha": 0.75,
            "pseudo_val_score": -0.133901,
            "pseudo_val_nll": 0.133901,
            "pseudo_val_agreement": 98.259
          },
          {
            "alpha": 1.0,
            "pseudo_val_score": -0.141298,
            "pseudo_val_nll": 0.141298,
            "pseudo_val_agreement": 98.095
          }
        ],
        "split": {
          "novel_gated_query_count": 1101,
          "validation_count": 3045,
          "novel_validation_count": 222,
          "base_validation_count": 2823,
          "updated_class_count": 39,
          "per_class_counts": {
            "100": 20,
            "101": 17,
            "102": 25,
            "103": 30,
            "104": 0,
            "105": 30,
            "106": 25,
            "107": 20,
            "108": 29,
            "109": 30,
            "110": 35,
            "111": 24,
            "112": 28,
            "113": 29,
            "114": 21,
            "115": 31,
            "116": 45,
            "117": 37,
            "118": 19,
            "119": 29,
            "120": 28,
            "121": 31,
            "122": 30,
            "123": 36,
            "124": 33,
            "125": 21,
            "126": 37,
            "127": 24,
            "128": 28,
            "129": 20,
            "130": 29,
            "131": 30,
            "132": 28,
            "133": 28,
            "134": 31,
            "135": 34,
            "136": 24,
            "137": 26,
            "138": 29,
            "139": 30
          },
          "per_class_update_counts": {
            "100": 16,
            "101": 14,
            "102": 20,
            "103": 24,
            "104": 0,
            "105": 24,
            "106": 20,
            "107": 16,
            "108": 23,
            "109": 24,
            "110": 28,
            "111": 19,
            "112": 22,
            "113": 23,
            "114": 17,
            "115": 25,
            "116": 36,
            "117": 30,
            "118": 15,
            "119": 23,
            "120": 22,
            "121": 25,
            "122": 24,
            "123": 29,
            "124": 26,
            "125": 17,
            "126": 30,
            "127": 19,
            "128": 22,
            "129": 16,
            "130": 23,
            "131": 24,
            "132": 22,
            "133": 22,
            "134": 25,
            "135": 27,
            "136": 19,
            "137": 21,
            "138": 23,
            "139": 24
          },
          "per_class_validation_counts": {
            "100": 4,
            "101": 3,
            "102": 5,
            "103": 6,
            "104": 0,
            "105": 6,
            "106": 5,
            "107": 4,
            "108": 6,
            "109": 6,
            "110": 7,
            "111": 5,
            "112": 6,
            "113": 6,
            "114": 4,
            "115": 6,
            "116": 9,
            "117": 7,
            "118": 4,
            "119": 6,
            "120": 6,
            "121": 6,
            "122": 6,
            "123": 7,
            "124": 7,
            "125": 4,
            "126": 7,
            "127": 5,
            "128": 6,
            "129": 4,
            "130": 6,
            "131": 6,
            "132": 6,
            "133": 6,
            "134": 6,
            "135": 7,
            "136": 5,
            "137": 5,
            "138": 6,
            "139": 6
          }
        }
      }
    },
    {
      "session": 5,
      "num_seen_classes": 150,
      "baseline_full_acc": 84.258,
      "baseline_base_acc": 88.059,
      "baseline_novel_acc": 76.813,
      "selected_alpha": 0.5,
      "final_full_acc": 84.905,
      "final_base_acc": 87.989,
      "final_novel_acc": 78.865,
      "final_gain": 0.647,
      "updated_class_count": 49,
      "gated_query_count": 1400,
      "gated_base_count": 11,
      "gated_novel_count": 1389,
      "alpha_selection": {
        "mode": "pseudo_validation",
        "fallback_used": false,
        "selected_alpha": 0.5,
        "candidates": [
          {
            "alpha": 0.5,
            "pseudo_val_score": -0.144399,
            "pseudo_val_nll": 0.144399,
            "pseudo_val_agreement": 97.646
          },
          {
            "alpha": 0.75,
            "pseudo_val_score": -0.155751,
            "pseudo_val_nll": 0.155751,
            "pseudo_val_agreement": 97.452
          },
          {
            "alpha": 1.0,
            "pseudo_val_score": -0.168022,
            "pseudo_val_nll": 0.168022,
            "pseudo_val_agreement": 97.259
          }
        ],
        "split": {
          "novel_gated_query_count": 1400,
          "validation_count": 3101,
          "novel_validation_count": 281,
          "base_validation_count": 2820,
          "updated_class_count": 49,
          "per_class_counts": {
            "100": 20,
            "101": 17,
            "102": 25,
            "103": 30,
            "104": 0,
            "105": 30,
            "106": 25,
            "107": 20,
            "108": 29,
            "109": 30,
            "110": 35,
            "111": 24,
            "112": 28,
            "113": 29,
            "114": 21,
            "115": 31,
            "116": 45,
            "117": 37,
            "118": 19,
            "119": 29,
            "120": 28,
            "121": 31,
            "122": 30,
            "123": 36,
            "124": 33,
            "125": 21,
            "126": 37,
            "127": 24,
            "128": 28,
            "129": 20,
            "130": 29,
            "131": 30,
            "132": 28,
            "133": 28,
            "134": 31,
            "135": 34,
            "136": 24,
            "137": 26,
            "138": 29,
            "139": 30,
            "140": 35,
            "141": 22,
            "142": 20,
            "143": 45,
            "144": 41,
            "145": 26,
            "146": 20,
            "147": 31,
            "148": 30,
            "149": 29
          },
          "per_class_update_counts": {
            "100": 16,
            "101": 14,
            "102": 20,
            "103": 24,
            "104": 0,
            "105": 24,
            "106": 20,
            "107": 16,
            "108": 23,
            "109": 24,
            "110": 28,
            "111": 19,
            "112": 22,
            "113": 23,
            "114": 17,
            "115": 25,
            "116": 36,
            "117": 30,
            "118": 15,
            "119": 23,
            "120": 22,
            "121": 25,
            "122": 24,
            "123": 29,
            "124": 26,
            "125": 17,
            "126": 30,
            "127": 19,
            "128": 22,
            "129": 16,
            "130": 23,
            "131": 24,
            "132": 22,
            "133": 22,
            "134": 25,
            "135": 27,
            "136": 19,
            "137": 21,
            "138": 23,
            "139": 24,
            "140": 28,
            "141": 18,
            "142": 16,
            "143": 36,
            "144": 33,
            "145": 21,
            "146": 16,
            "147": 25,
            "148": 24,
            "149": 23
          },
          "per_class_validation_counts": {
            "100": 4,
            "101": 3,
            "102": 5,
            "103": 6,
            "104": 0,
            "105": 6,
            "106": 5,
            "107": 4,
            "108": 6,
            "109": 6,
            "110": 7,
            "111": 5,
            "112": 6,
            "113": 6,
            "114": 4,
            "115": 6,
            "116": 9,
            "117": 7,
            "118": 4,
            "119": 6,
            "120": 6,
            "121": 6,
            "122": 6,
            "123": 7,
            "124": 7,
            "125": 4,
            "126": 7,
            "127": 5,
            "128": 6,
            "129": 4,
            "130": 6,
            "131": 6,
            "132": 6,
            "133": 6,
            "134": 6,
            "135": 7,
            "136": 5,
            "137": 5,
            "138": 6,
            "139": 6,
            "140": 7,
            "141": 4,
            "142": 4,
            "143": 9,
            "144": 8,
            "145": 5,
            "146": 4,
            "147": 6,
            "148": 6,
            "149": 6
          }
        }
      }
    },
    {
      "session": 6,
      "num_seen_classes": 160,
      "baseline_full_acc": 84.634,
      "baseline_base_acc": 87.954,
      "baseline_novel_acc": 79.2,
      "selected_alpha": 0.5,
      "final_full_acc": 85.306,
      "final_base_acc": 87.849,
      "final_novel_acc": 81.143,
      "final_gain": 0.672,
      "updated_class_count": 59,
      "gated_query_count": 1692,
      "gated_base_count": 17,
      "gated_novel_count": 1675,
      "alpha_selection": {
        "mode": "pseudo_validation",
        "fallback_used": false,
        "selected_alpha": 0.5,
        "candidates": [
          {
            "alpha": 0.5,
            "pseudo_val_score": -0.151358,
            "pseudo_val_nll": 0.151358,
            "pseudo_val_agreement": 97.526
          },
          {
            "alpha": 0.75,
            "pseudo_val_score": -0.163692,
            "pseudo_val_nll": 0.163692,
            "pseudo_val_agreement": 97.209
          },
          {
            "alpha": 1.0,
            "pseudo_val_score": -0.177497,
            "pseudo_val_nll": 0.177497,
            "pseudo_val_agreement": 96.924
          }
        ],
        "split": {
          "novel_gated_query_count": 1692,
          "validation_count": 3153,
          "novel_validation_count": 338,
          "base_validation_count": 2815,
          "updated_class_count": 59,
          "per_class_counts": {
            "100": 20,
            "101": 16,
            "102": 25,
            "103": 30,
            "104": 0,
            "105": 30,
            "106": 25,
            "107": 20,
            "108": 27,
            "109": 30,
            "110": 35,
            "111": 24,
            "112": 28,
            "113": 29,
            "114": 21,
            "115": 31,
            "116": 45,
            "117": 37,
            "118": 19,
            "119": 29,
            "120": 28,
            "121": 31,
            "122": 30,
            "123": 36,
            "124": 33,
            "125": 21,
            "126": 37,
            "127": 24,
            "128": 28,
            "129": 20,
            "130": 29,
            "131": 30,
            "132": 28,
            "133": 28,
            "134": 31,
            "135": 34,
            "136": 24,
            "137": 26,
            "138": 29,
            "139": 30,
            "140": 35,
            "141": 22,
            "142": 20,
            "143": 45,
            "144": 41,
            "145": 26,
            "146": 20,
            "147": 31,
            "148": 30,
            "149": 29,
            "150": 19,
            "151": 29,
            "152": 35,
            "153": 31,
            "154": 31,
            "155": 32,
            "156": 32,
            "157": 26,
            "158": 30,
            "159": 30
          },
          "per_class_update_counts": {
            "100": 16,
            "101": 13,
            "102": 20,
            "103": 24,
            "104": 0,
            "105": 24,
            "106": 20,
            "107": 16,
            "108": 22,
            "109": 24,
            "110": 28,
            "111": 19,
            "112": 22,
            "113": 23,
            "114": 17,
            "115": 25,
            "116": 36,
            "117": 30,
            "118": 15,
            "119": 23,
            "120": 22,
            "121": 25,
            "122": 24,
            "123": 29,
            "124": 26,
            "125": 17,
            "126": 30,
            "127": 19,
            "128": 22,
            "129": 16,
            "130": 23,
            "131": 24,
            "132": 22,
            "133": 22,
            "134": 25,
            "135": 27,
            "136": 19,
            "137": 21,
            "138": 23,
            "139": 24,
            "140": 28,
            "141": 18,
            "142": 16,
            "143": 36,
            "144": 33,
            "145": 21,
            "146": 16,
            "147": 25,
            "148": 24,
            "149": 23,
            "150": 15,
            "151": 23,
            "152": 28,
            "153": 25,
            "154": 25,
            "155": 26,
            "156": 26,
            "157": 21,
            "158": 24,
            "159": 24
          },
          "per_class_validation_counts": {
            "100": 4,
            "101": 3,
            "102": 5,
            "103": 6,
            "104": 0,
            "105": 6,
            "106": 5,
            "107": 4,
            "108": 5,
            "109": 6,
            "110": 7,
            "111": 5,
            "112": 6,
            "113": 6,
            "114": 4,
            "115": 6,
            "116": 9,
            "117": 7,
            "118": 4,
            "119": 6,
            "120": 6,
            "121": 6,
            "122": 6,
            "123": 7,
            "124": 7,
            "125": 4,
            "126": 7,
            "127": 5,
            "128": 6,
            "129": 4,
            "130": 6,
            "131": 6,
            "132": 6,
            "133": 6,
            "134": 6,
            "135": 7,
            "136": 5,
            "137": 5,
            "138": 6,
            "139": 6,
            "140": 7,
            "141": 4,
            "142": 4,
            "143": 9,
            "144": 8,
            "145": 5,
            "146": 4,
            "147": 6,
            "148": 6,
            "149": 6,
            "150": 4,
            "151": 6,
            "152": 7,
            "153": 6,
            "154": 6,
            "155": 6,
            "156": 6,
            "157": 5,
            "158": 6,
            "159": 6
          }
        }
      }
    },
    {
      "session": 7,
      "num_seen_classes": 170,
      "baseline_full_acc": 85.054,
      "baseline_base_acc": 87.919,
      "baseline_novel_acc": 81.045,
      "selected_alpha": 0.5,
      "final_full_acc": 85.706,
      "final_base_acc": 87.814,
      "final_novel_acc": 82.755,
      "final_gain": 0.652,
      "updated_class_count": 69,
      "gated_query_count": 1990,
      "gated_base_count": 18,
      "gated_novel_count": 1972,
      "alpha_selection": {
        "mode": "pseudo_validation",
        "fallback_used": false,
        "selected_alpha": 0.5,
        "candidates": [
          {
            "alpha": 0.5,
            "pseudo_val_score": -0.155737,
            "pseudo_val_nll": 0.155737,
            "pseudo_val_agreement": 97.54
          },
          {
            "alpha": 0.75,
            "pseudo_val_score": -0.168605,
            "pseudo_val_nll": 0.168605,
            "pseudo_val_agreement": 97.105
          },
          {
            "alpha": 1.0,
            "pseudo_val_score": -0.183211,
            "pseudo_val_nll": 0.183211,
            "pseudo_val_agreement": 96.856
          }
        ],
        "split": {
          "novel_gated_query_count": 1990,
          "validation_count": 3212,
          "novel_validation_count": 399,
          "base_validation_count": 2813,
          "updated_class_count": 69,
          "per_class_counts": {
            "100": 20,
            "101": 16,
            "102": 25,
            "103": 30,
            "104": 0,
            "105": 30,
            "106": 25,
            "107": 20,
            "108": 27,
            "109": 30,
            "110": 35,
            "111": 24,
            "112": 28,
            "113": 29,
            "114": 21,
            "115": 31,
            "116": 45,
            "117": 37,
            "118": 19,
            "119": 29,
            "120": 28,
            "121": 31,
            "122": 30,
            "123": 36,
            "124": 33,
            "125": 21,
            "126": 37,
            "127": 24,
            "128": 28,
            "129": 20,
            "130": 29,
            "131": 30,
            "132": 28,
            "133": 28,
            "134": 31,
            "135": 34,
            "136": 24,
            "137": 26,
            "138": 29,
            "139": 30,
            "140": 35,
            "141": 22,
            "142": 20,
            "143": 45,
            "144": 41,
            "145": 26,
            "146": 20,
            "147": 31,
            "148": 30,
            "149": 29,
            "150": 19,
            "151": 32,
            "152": 39,
            "153": 32,
            "154": 31,
            "155": 34,
            "156": 34,
            "157": 26,
            "158": 30,
            "159": 30,
            "160": 33,
            "161": 28,
            "162": 30,
            "163": 29,
            "164": 25,
            "165": 27,
            "166": 24,
            "167": 34,
            "168": 29,
            "169": 27
          },
          "per_class_update_counts": {
            "100": 16,
            "101": 13,
            "102": 20,
            "103": 24,
            "104": 0,
            "105": 24,
            "106": 20,
            "107": 16,
            "108": 22,
            "109": 24,
            "110": 28,
            "111": 19,
            "112": 22,
            "113": 23,
            "114": 17,
            "115": 25,
            "116": 36,
            "117": 30,
            "118": 15,
            "119": 23,
            "120": 22,
            "121": 25,
            "122": 24,
            "123": 29,
            "124": 26,
            "125": 17,
            "126": 30,
            "127": 19,
            "128": 22,
            "129": 16,
            "130": 23,
            "131": 24,
            "132": 22,
            "133": 22,
            "134": 25,
            "135": 27,
            "136": 19,
            "137": 21,
            "138": 23,
            "139": 24,
            "140": 28,
            "141": 18,
            "142": 16,
            "143": 36,
            "144": 33,
            "145": 21,
            "146": 16,
            "147": 25,
            "148": 24,
            "149": 23,
            "150": 15,
            "151": 26,
            "152": 31,
            "153": 26,
            "154": 25,
            "155": 27,
            "156": 27,
            "157": 21,
            "158": 24,
            "159": 24,
            "160": 26,
            "161": 22,
            "162": 24,
            "163": 23,
            "164": 20,
            "165": 22,
            "166": 19,
            "167": 27,
            "168": 23,
            "169": 22
          },
          "per_class_validation_counts": {
            "100": 4,
            "101": 3,
            "102": 5,
            "103": 6,
            "104": 0,
            "105": 6,
            "106": 5,
            "107": 4,
            "108": 5,
            "109": 6,
            "110": 7,
            "111": 5,
            "112": 6,
            "113": 6,
            "114": 4,
            "115": 6,
            "116": 9,
            "117": 7,
            "118": 4,
            "119": 6,
            "120": 6,
            "121": 6,
            "122": 6,
            "123": 7,
            "124": 7,
            "125": 4,
            "126": 7,
            "127": 5,
            "128": 6,
            "129": 4,
            "130": 6,
            "131": 6,
            "132": 6,
            "133": 6,
            "134": 6,
            "135": 7,
            "136": 5,
            "137": 5,
            "138": 6,
            "139": 6,
            "140": 7,
            "141": 4,
            "142": 4,
            "143": 9,
            "144": 8,
            "145": 5,
            "146": 4,
            "147": 6,
            "148": 6,
            "149": 6,
            "150": 4,
            "151": 6,
            "152": 8,
            "153": 6,
            "154": 6,
            "155": 7,
            "156": 7,
            "157": 5,
            "158": 6,
            "159": 6,
            "160": 7,
            "161": 6,
            "162": 6,
            "163": 6,
            "164": 5,
            "165": 5,
            "166": 5,
            "167": 7,
            "168": 6,
            "169": 5
          }
        }
      }
    },
    {
      "session": 8,
      "num_seen_classes": 180,
      "baseline_full_acc": 84.652,
      "baseline_base_acc": 87.884,
      "baseline_novel_acc": 80.7,
      "selected_alpha": 0.5,
      "final_full_acc": 85.632,
      "final_base_acc": 87.779,
      "final_novel_acc": 83.006,
      "final_gain": 0.98,
      "updated_class_count": 79,
      "gated_query_count": 2284,
      "gated_base_count": 20,
      "gated_novel_count": 2264,
      "alpha_selection": {
        "mode": "pseudo_validation",
        "fallback_used": false,
        "selected_alpha": 0.5,
        "candidates": [
          {
            "alpha": 0.5,
            "pseudo_val_score": -0.170635,
            "pseudo_val_nll": 0.170635,
            "pseudo_val_agreement": 96.883
          },
          {
            "alpha": 0.75,
            "pseudo_val_score": -0.187183,
            "pseudo_val_nll": 0.187183,
            "pseudo_val_agreement": 96.455
          },
          {
            "alpha": 1.0,
            "pseudo_val_score": -0.205606,
            "pseudo_val_nll": 0.205606,
            "pseudo_val_agreement": 96.21
          }
        ],
        "split": {
          "novel_gated_query_count": 2284,
          "validation_count": 3272,
          "novel_validation_count": 457,
          "base_validation_count": 2815,
          "updated_class_count": 79,
          "per_class_counts": {
            "100": 20,
            "101": 16,
            "102": 26,
            "103": 30,
            "104": 0,
            "105": 30,
            "106": 25,
            "107": 20,
            "108": 28,
            "109": 30,
            "110": 35,
            "111": 24,
            "112": 28,
            "113": 29,
            "114": 21,
            "115": 31,
            "116": 45,
            "117": 37,
            "118": 19,
            "119": 29,
            "120": 28,
            "121": 31,
            "122": 30,
            "123": 36,
            "124": 33,
            "125": 21,
            "126": 37,
            "127": 24,
            "128": 28,
            "129": 20,
            "130": 29,
            "131": 30,
            "132": 28,
            "133": 28,
            "134": 31,
            "135": 34,
            "136": 24,
            "137": 26,
            "138": 29,
            "139": 30,
            "140": 35,
            "141": 22,
            "142": 20,
            "143": 45,
            "144": 41,
            "145": 26,
            "146": 20,
            "147": 30,
            "148": 29,
            "149": 29,
            "150": 19,
            "151": 32,
            "152": 39,
            "153": 31,
            "154": 32,
            "155": 34,
            "156": 33,
            "157": 26,
            "158": 30,
            "159": 30,
            "160": 31,
            "161": 26,
            "162": 31,
            "163": 29,
            "164": 26,
            "165": 27,
            "166": 20,
            "167": 29,
            "168": 30,
            "169": 27,
            "170": 21,
            "171": 46,
            "172": 25,
            "173": 33,
            "174": 31,
            "175": 34,
            "176": 33,
            "177": 27,
            "178": 16,
            "179": 39
          },
          "per_class_update_counts": {
            "100": 16,
            "101": 13,
            "102": 21,
            "103": 24,
            "104": 0,
            "105": 24,
            "106": 20,
            "107": 16,
            "108": 22,
            "109": 24,
            "110": 28,
            "111": 19,
            "112": 22,
            "113": 23,
            "114": 17,
            "115": 25,
            "116": 36,
            "117": 30,
            "118": 15,
            "119": 23,
            "120": 22,
            "121": 25,
            "122": 24,
            "123": 29,
            "124": 26,
            "125": 17,
            "126": 30,
            "127": 19,
            "128": 22,
            "129": 16,
            "130": 23,
            "131": 24,
            "132": 22,
            "133": 22,
            "134": 25,
            "135": 27,
            "136": 19,
            "137": 21,
            "138": 23,
            "139": 24,
            "140": 28,
            "141": 18,
            "142": 16,
            "143": 36,
            "144": 33,
            "145": 21,
            "146": 16,
            "147": 24,
            "148": 23,
            "149": 23,
            "150": 15,
            "151": 26,
            "152": 31,
            "153": 25,
            "154": 26,
            "155": 27,
            "156": 26,
            "157": 21,
            "158": 24,
            "159": 24,
            "160": 25,
            "161": 21,
            "162": 25,
            "163": 23,
            "164": 21,
            "165": 22,
            "166": 16,
            "167": 23,
            "168": 24,
            "169": 22,
            "170": 17,
            "171": 37,
            "172": 20,
            "173": 26,
            "174": 25,
            "175": 27,
            "176": 26,
            "177": 22,
            "178": 13,
            "179": 31
          },
          "per_class_validation_counts": {
            "100": 4,
            "101": 3,
            "102": 5,
            "103": 6,
            "104": 0,
            "105": 6,
            "106": 5,
            "107": 4,
            "108": 6,
            "109": 6,
            "110": 7,
            "111": 5,
            "112": 6,
            "113": 6,
            "114": 4,
            "115": 6,
            "116": 9,
            "117": 7,
            "118": 4,
            "119": 6,
            "120": 6,
            "121": 6,
            "122": 6,
            "123": 7,
            "124": 7,
            "125": 4,
            "126": 7,
            "127": 5,
            "128": 6,
            "129": 4,
            "130": 6,
            "131": 6,
            "132": 6,
            "133": 6,
            "134": 6,
            "135": 7,
            "136": 5,
            "137": 5,
            "138": 6,
            "139": 6,
            "140": 7,
            "141": 4,
            "142": 4,
            "143": 9,
            "144": 8,
            "145": 5,
            "146": 4,
            "147": 6,
            "148": 6,
            "149": 6,
            "150": 4,
            "151": 6,
            "152": 8,
            "153": 6,
            "154": 6,
            "155": 7,
            "156": 7,
            "157": 5,
            "158": 6,
            "159": 6,
            "160": 6,
            "161": 5,
            "162": 6,
            "163": 6,
            "164": 5,
            "165": 5,
            "166": 4,
            "167": 6,
            "168": 6,
            "169": 5,
            "170": 4,
            "171": 9,
            "172": 5,
            "173": 7,
            "174": 6,
            "175": 7,
            "176": 7,
            "177": 5,
            "178": 3,
            "179": 8
          }
        }
      }
    },
    {
      "session": 9,
      "num_seen_classes": 190,
      "baseline_full_acc": 85.111,
      "baseline_base_acc": 87.919,
      "baseline_novel_acc": 82.053,
      "selected_alpha": 0.5,
      "final_full_acc": 86.058,
      "final_base_acc": 87.814,
      "final_novel_acc": 84.144,
      "final_gain": 0.946,
      "updated_class_count": 89,
      "gated_query_count": 2573,
      "gated_base_count": 20,
      "gated_novel_count": 2553,
      "alpha_selection": {
        "mode": "pseudo_validation",
        "fallback_used": false,
        "selected_alpha": 0.5,
        "candidates": [
          {
            "alpha": 0.5,
            "pseudo_val_score": -0.177665,
            "pseudo_val_nll": 0.177665,
            "pseudo_val_agreement": 96.578
          },
          {
            "alpha": 0.75,
            "pseudo_val_score": -0.194846,
            "pseudo_val_nll": 0.194846,
            "pseudo_val_agreement": 96.127
          },
          {
            "alpha": 1.0,
            "pseudo_val_score": -0.214342,
            "pseudo_val_nll": 0.214342,
            "pseudo_val_agreement": 95.857
          }
        ],
        "split": {
          "novel_gated_query_count": 2573,
          "validation_count": 3331,
          "novel_validation_count": 515,
          "base_validation_count": 2816,
          "updated_class_count": 89,
          "per_class_counts": {
            "100": 20,
            "101": 16,
            "102": 26,
            "103": 30,
            "104": 0,
            "105": 30,
            "106": 26,
            "107": 20,
            "108": 28,
            "109": 30,
            "110": 35,
            "111": 24,
            "112": 28,
            "113": 29,
            "114": 21,
            "115": 31,
            "116": 45,
            "117": 37,
            "118": 19,
            "119": 29,
            "120": 28,
            "121": 31,
            "122": 30,
            "123": 36,
            "124": 33,
            "125": 21,
            "126": 37,
            "127": 24,
            "128": 28,
            "129": 20,
            "130": 29,
            "131": 30,
            "132": 28,
            "133": 28,
            "134": 31,
            "135": 34,
            "136": 24,
            "137": 26,
            "138": 29,
            "139": 30,
            "140": 35,
            "141": 22,
            "142": 20,
            "143": 45,
            "144": 41,
            "145": 26,
            "146": 20,
            "147": 30,
            "148": 29,
            "149": 29,
            "150": 19,
            "151": 32,
            "152": 39,
            "153": 31,
            "154": 32,
            "155": 34,
            "156": 33,
            "157": 26,
            "158": 30,
            "159": 30,
            "160": 31,
            "161": 26,
            "162": 31,
            "163": 29,
            "164": 26,
            "165": 27,
            "166": 20,
            "167": 29,
            "168": 30,
            "169": 27,
            "170": 21,
            "171": 46,
            "172": 25,
            "173": 33,
            "174": 32,
            "175": 33,
            "176": 33,
            "177": 26,
            "178": 16,
            "179": 40,
            "180": 30,
            "181": 29,
            "182": 31,
            "183": 29,
            "184": 31,
            "185": 29,
            "186": 23,
            "187": 30,
            "188": 30,
            "189": 26
          },
          "per_class_update_counts": {
            "100": 16,
            "101": 13,
            "102": 21,
            "103": 24,
            "104": 0,
            "105": 24,
            "106": 21,
            "107": 16,
            "108": 22,
            "109": 24,
            "110": 28,
            "111": 19,
            "112": 22,
            "113": 23,
            "114": 17,
            "115": 25,
            "116": 36,
            "117": 30,
            "118": 15,
            "119": 23,
            "120": 22,
            "121": 25,
            "122": 24,
            "123": 29,
            "124": 26,
            "125": 17,
            "126": 30,
            "127": 19,
            "128": 22,
            "129": 16,
            "130": 23,
            "131": 24,
            "132": 22,
            "133": 22,
            "134": 25,
            "135": 27,
            "136": 19,
            "137": 21,
            "138": 23,
            "139": 24,
            "140": 28,
            "141": 18,
            "142": 16,
            "143": 36,
            "144": 33,
            "145": 21,
            "146": 16,
            "147": 24,
            "148": 23,
            "149": 23,
            "150": 15,
            "151": 26,
            "152": 31,
            "153": 25,
            "154": 26,
            "155": 27,
            "156": 26,
            "157": 21,
            "158": 24,
            "159": 24,
            "160": 25,
            "161": 21,
            "162": 25,
            "163": 23,
            "164": 21,
            "165": 22,
            "166": 16,
            "167": 23,
            "168": 24,
            "169": 22,
            "170": 17,
            "171": 37,
            "172": 20,
            "173": 26,
            "174": 26,
            "175": 26,
            "176": 26,
            "177": 21,
            "178": 13,
            "179": 32,
            "180": 24,
            "181": 23,
            "182": 25,
            "183": 23,
            "184": 25,
            "185": 23,
            "186": 18,
            "187": 24,
            "188": 24,
            "189": 21
          },
          "per_class_validation_counts": {
            "100": 4,
            "101": 3,
            "102": 5,
            "103": 6,
            "104": 0,
            "105": 6,
            "106": 5,
            "107": 4,
            "108": 6,
            "109": 6,
            "110": 7,
            "111": 5,
            "112": 6,
            "113": 6,
            "114": 4,
            "115": 6,
            "116": 9,
            "117": 7,
            "118": 4,
            "119": 6,
            "120": 6,
            "121": 6,
            "122": 6,
            "123": 7,
            "124": 7,
            "125": 4,
            "126": 7,
            "127": 5,
            "128": 6,
            "129": 4,
            "130": 6,
            "131": 6,
            "132": 6,
            "133": 6,
            "134": 6,
            "135": 7,
            "136": 5,
            "137": 5,
            "138": 6,
            "139": 6,
            "140": 7,
            "141": 4,
            "142": 4,
            "143": 9,
            "144": 8,
            "145": 5,
            "146": 4,
            "147": 6,
            "148": 6,
            "149": 6,
            "150": 4,
            "151": 6,
            "152": 8,
            "153": 6,
            "154": 6,
            "155": 7,
            "156": 7,
            "157": 5,
            "158": 6,
            "159": 6,
            "160": 6,
            "161": 5,
            "162": 6,
            "163": 6,
            "164": 5,
            "165": 5,
            "166": 4,
            "167": 6,
            "168": 6,
            "169": 5,
            "170": 4,
            "171": 9,
            "172": 5,
            "173": 7,
            "174": 6,
            "175": 7,
            "176": 7,
            "177": 5,
            "178": 3,
            "179": 8,
            "180": 6,
            "181": 6,
            "182": 6,
            "183": 6,
            "184": 6,
            "185": 6,
            "186": 5,
            "187": 6,
            "188": 6,
            "189": 5
          }
        }
      }
    },
    {
      "session": 10,
      "num_seen_classes": 200,
      "baseline_full_acc": 85.45,
      "baseline_base_acc": 87.814,
      "baseline_novel_acc": 83.14,
      "selected_alpha": 0.5,
      "final_full_acc": 86.365,
      "final_base_acc": 87.709,
      "final_novel_acc": 85.051,
      "final_gain": 0.915,
      "updated_class_count": 99,
      "gated_query_count": 2872,
      "gated_base_count": 20,
      "gated_novel_count": 2852,
      "alpha_selection": {
        "mode": "pseudo_validation",
        "fallback_used": false,
        "selected_alpha": 0.5,
        "candidates": [
          {
            "alpha": 0.5,
            "pseudo_val_score": -0.181474,
            "pseudo_val_nll": 0.181474,
            "pseudo_val_agreement": 96.581
          },
          {
            "alpha": 0.75,
            "pseudo_val_score": -0.198666,
            "pseudo_val_nll": 0.198666,
            "pseudo_val_agreement": 96.08
          },
          {
            "alpha": 1.0,
            "pseudo_val_score": -0.218354,
            "pseudo_val_nll": 0.218354,
            "pseudo_val_agreement": 95.726
          }
        ],
        "split": {
          "novel_gated_query_count": 2872,
          "validation_count": 3393,
          "novel_validation_count": 575,
          "base_validation_count": 2818,
          "updated_class_count": 99,
          "per_class_counts": {
            "100": 20,
            "101": 16,
            "102": 26,
            "103": 30,
            "104": 0,
            "105": 30,
            "106": 26,
            "107": 20,
            "108": 28,
            "109": 30,
            "110": 35,
            "111": 24,
            "112": 28,
            "113": 29,
            "114": 21,
            "115": 31,
            "116": 45,
            "117": 38,
            "118": 19,
            "119": 29,
            "120": 28,
            "121": 31,
            "122": 30,
            "123": 36,
            "124": 33,
            "125": 21,
            "126": 37,
            "127": 24,
            "128": 29,
            "129": 20,
            "130": 29,
            "131": 30,
            "132": 28,
            "133": 28,
            "134": 31,
            "135": 34,
            "136": 24,
            "137": 26,
            "138": 29,
            "139": 30,
            "140": 35,
            "141": 22,
            "142": 20,
            "143": 45,
            "144": 41,
            "145": 26,
            "146": 20,
            "147": 30,
            "148": 29,
            "149": 29,
            "150": 19,
            "151": 32,
            "152": 40,
            "153": 31,
            "154": 32,
            "155": 34,
            "156": 33,
            "157": 26,
            "158": 30,
            "159": 30,
            "160": 31,
            "161": 26,
            "162": 31,
            "163": 29,
            "164": 26,
            "165": 27,
            "166": 20,
            "167": 28,
            "168": 30,
            "169": 27,
            "170": 21,
            "171": 46,
            "172": 25,
            "173": 33,
            "174": 32,
            "175": 33,
            "176": 33,
            "177": 24,
            "178": 16,
            "179": 40,
            "180": 30,
            "181": 29,
            "182": 31,
            "183": 29,
            "184": 31,
            "185": 29,
            "186": 22,
            "187": 30,
            "188": 33,
            "189": 26,
            "190": 27,
            "191": 31,
            "192": 27,
            "193": 30,
            "194": 38,
            "195": 33,
            "196": 24,
            "197": 29,
            "198": 27,
            "199": 31
          },
          "per_class_update_counts": {
            "100": 16,
            "101": 13,
            "102": 21,
            "103": 24,
            "104": 0,
            "105": 24,
            "106": 21,
            "107": 16,
            "108": 22,
            "109": 24,
            "110": 28,
            "111": 19,
            "112": 22,
            "113": 23,
            "114": 17,
            "115": 25,
            "116": 36,
            "117": 30,
            "118": 15,
            "119": 23,
            "120": 22,
            "121": 25,
            "122": 24,
            "123": 29,
            "124": 26,
            "125": 17,
            "126": 30,
            "127": 19,
            "128": 23,
            "129": 16,
            "130": 23,
            "131": 24,
            "132": 22,
            "133": 22,
            "134": 25,
            "135": 27,
            "136": 19,
            "137": 21,
            "138": 23,
            "139": 24,
            "140": 28,
            "141": 18,
            "142": 16,
            "143": 36,
            "144": 33,
            "145": 21,
            "146": 16,
            "147": 24,
            "148": 23,
            "149": 23,
            "150": 15,
            "151": 26,
            "152": 32,
            "153": 25,
            "154": 26,
            "155": 27,
            "156": 26,
            "157": 21,
            "158": 24,
            "159": 24,
            "160": 25,
            "161": 21,
            "162": 25,
            "163": 23,
            "164": 21,
            "165": 22,
            "166": 16,
            "167": 22,
            "168": 24,
            "169": 22,
            "170": 17,
            "171": 37,
            "172": 20,
            "173": 26,
            "174": 26,
            "175": 26,
            "176": 26,
            "177": 19,
            "178": 13,
            "179": 32,
            "180": 24,
            "181": 23,
            "182": 25,
            "183": 23,
            "184": 25,
            "185": 23,
            "186": 18,
            "187": 24,
            "188": 26,
            "189": 21,
            "190": 22,
            "191": 25,
            "192": 22,
            "193": 24,
            "194": 30,
            "195": 26,
            "196": 19,
            "197": 23,
            "198": 22,
            "199": 25
          },
          "per_class_validation_counts": {
            "100": 4,
            "101": 3,
            "102": 5,
            "103": 6,
            "104": 0,
            "105": 6,
            "106": 5,
            "107": 4,
            "108": 6,
            "109": 6,
            "110": 7,
            "111": 5,
            "112": 6,
            "113": 6,
            "114": 4,
            "115": 6,
            "116": 9,
            "117": 8,
            "118": 4,
            "119": 6,
            "120": 6,
            "121": 6,
            "122": 6,
            "123": 7,
            "124": 7,
            "125": 4,
            "126": 7,
            "127": 5,
            "128": 6,
            "129": 4,
            "130": 6,
            "131": 6,
            "132": 6,
            "133": 6,
            "134": 6,
            "135": 7,
            "136": 5,
            "137": 5,
            "138": 6,
            "139": 6,
            "140": 7,
            "141": 4,
            "142": 4,
            "143": 9,
            "144": 8,
            "145": 5,
            "146": 4,
            "147": 6,
            "148": 6,
            "149": 6,
            "150": 4,
            "151": 6,
            "152": 8,
            "153": 6,
            "154": 6,
            "155": 7,
            "156": 7,
            "157": 5,
            "158": 6,
            "159": 6,
            "160": 6,
            "161": 5,
            "162": 6,
            "163": 6,
            "164": 5,
            "165": 5,
            "166": 4,
            "167": 6,
            "168": 6,
            "169": 5,
            "170": 4,
            "171": 9,
            "172": 5,
            "173": 7,
            "174": 6,
            "175": 7,
            "176": 7,
            "177": 5,
            "178": 3,
            "179": 8,
            "180": 6,
            "181": 6,
            "182": 6,
            "183": 6,
            "184": 6,
            "185": 6,
            "186": 4,
            "187": 6,
            "188": 7,
            "189": 5,
            "190": 5,
            "191": 6,
            "192": 5,
            "193": 6,
            "194": 8,
            "195": 7,
            "196": 5,
            "197": 6,
            "198": 5,
            "199": 6
          }
        }
      }
    }
  ]
}
