/media/ndag/newVolume/BiMC-test/models/clip/clip.py:23: UserWarning: PyTorch version 1.7.1 or higher is recommended
  warnings.warn("PyTorch version 1.7.1 or higher is recommended")
manual seed: 18
use gpu: ['0']
Loading CLIP (backbone: ViT-B/16)
Prompt template:['a photo of a {}.']
Loading DinoV2 ViT-B/14 from local hub: /home/ndag/.cache/torch/hub/facebookresearch_dinov2_main
/home/ndag/.cache/torch/hub/facebookresearch_dinov2_main/dinov2/layers/swiglu_ffn.py:51: UserWarning: xFormers is not available (SwiGLU)
  warnings.warn("xFormers is not available (SwiGLU)")
/home/ndag/.cache/torch/hub/facebookresearch_dinov2_main/dinov2/layers/attention.py:36: UserWarning: xFormers is not available (Attention)
  warnings.warn("xFormers is not available (Attention)")
/home/ndag/.cache/torch/hub/facebookresearch_dinov2_main/dinov2/layers/block.py:40: UserWarning: xFormers is not available (Block)
  warnings.warn("xFormers is not available (Block)")
Loading DinoV2 weights: /home/ndag/.cache/torch/hub/checkpoints/dinov2_vitb14_pretrain.pth
class names: ['Black footed Albatross' 'Laysan Albatross' 'Sooty Albatross'
 'Groove billed Ani' 'Crested Auklet' 'Least Auklet' 'Parakeet Auklet'
 'Rhinoceros Auklet' 'Brewer Blackbird' 'Red winged Blackbird'
 'Rusty Blackbird' 'Yellow headed Blackbird' 'Bobolink' 'Indigo Bunting'
 'Lazuli Bunting' 'Painted Bunting' 'Cardinal' 'Spotted Catbird'
 'Gray Catbird' 'Yellow breasted Chat' 'Eastern Towhee' 'Chuck will Widow'
 'Brandt Cormorant' 'Red faced Cormorant' 'Pelagic Cormorant'
 'Bronzed Cowbird' 'Shiny Cowbird' 'Brown Creeper' 'American Crow'
 'Fish Crow' 'Black billed Cuckoo' 'Mangrove Cuckoo'
 'Yellow billed Cuckoo' 'Gray crowned Rosy Finch' 'Purple Finch'
 'Northern Flicker' 'Acadian Flycatcher' 'Great Crested Flycatcher'
 'Least Flycatcher' 'Olive sided Flycatcher' 'Scissor tailed Flycatcher'
 'Vermilion Flycatcher' 'Yellow bellied Flycatcher' 'Frigatebird'
 'Northern Fulmar' 'Gadwall' 'American Goldfinch' 'European Goldfinch'
 'Boat tailed Grackle' 'Eared Grebe' 'Horned Grebe' 'Pied billed Grebe'
 'Western Grebe' 'Blue Grosbeak' 'Evening Grosbeak' 'Pine Grosbeak'
 'Rose breasted Grosbeak' 'Pigeon Guillemot' 'California Gull'
 'Glaucous winged Gull' 'Heermann Gull' 'Herring Gull' 'Ivory Gull'
 'Ring billed Gull' 'Slaty backed Gull' 'Western Gull' 'Anna Hummingbird'
 'Ruby throated Hummingbird' 'Rufous Hummingbird' 'Green Violetear'
 'Long tailed Jaeger' 'Pomarine Jaeger' 'Blue Jay' 'Florida Jay'
 'Green Jay' 'Dark eyed Junco' 'Tropical Kingbird' 'Gray Kingbird'
 'Belted Kingfisher' 'Green Kingfisher' 'Pied Kingfisher'
 'Ringed Kingfisher' 'White breasted Kingfisher' 'Red legged Kittiwake'
 'Horned Lark' 'Pacific Loon' 'Mallard' 'Western Meadowlark'
 'Hooded Merganser' 'Red breasted Merganser' 'Mockingbird' 'Nighthawk'
 'Clark Nutcracker' 'White breasted Nuthatch' 'Baltimore Oriole'
 'Hooded Oriole' 'Orchard Oriole' 'Scott Oriole' 'Ovenbird'
 'Brown Pelican']
all targets:tensor([ 0,  1,  2,  3,  4,  5,  6,  7,  8,  9, 10, 11, 12, 13, 14, 15, 16, 17,
        18, 19, 20, 21, 22, 23, 24, 25, 26, 27, 28, 29, 30, 31, 32, 33, 34, 35,
        36, 37, 38, 39, 40, 41, 42, 43, 44, 45, 46, 47, 48, 49, 50, 51, 52, 53,
        54, 55, 56, 57, 58, 59, 60, 61, 62, 63, 64, 65, 66, 67, 68, 69, 70, 71,
        72, 73, 74, 75, 76, 77, 78, 79, 80, 81, 82, 83, 84, 85, 86, 87, 88, 89,
        90, 91, 92, 93, 94, 95, 96, 97, 98, 99], device='cuda:0')
dino all targets:tensor([ 0,  1,  2,  3,  4,  5,  6,  7,  8,  9, 10, 11, 12, 13, 14, 15, 16, 17,
        18, 19, 20, 21, 22, 23, 24, 25, 26, 27, 28, 29, 30, 31, 32, 33, 34, 35,
        36, 37, 38, 39, 40, 41, 42, 43, 44, 45, 46, 47, 48, 49, 50, 51, 52, 53,
        54, 55, 56, 57, 58, 59, 60, 61, 62, 63, 64, 65, 66, 67, 68, 69, 70, 71,
        72, 73, 74, 75, 76, 77, 78, 79, 80, 81, 82, 83, 84, 85, 86, 87, 88, 89,
        90, 91, 92, 93, 94, 95, 96, 97, 98, 99], device='cuda:0')
finish loading CLIP/DinoV2 covariance
class names: ['White Pelican' 'Western Wood Pewee' 'Sayornis' 'American Pipit'
 'Whip poor Will' 'Horned Puffin' 'Common Raven' 'White necked Raven'
 'American Redstart' 'Geococcyx']
all targets:tensor([100, 101, 102, 103, 104, 105, 106, 107, 108, 109], device='cuda:0')
dino all targets:tensor([100, 101, 102, 103, 104, 105, 106, 107, 108, 109], device='cuda:0')
finish loading CLIP/DinoV2 covariance
class names: ['Loggerhead Shrike' 'Great Grey Shrike' 'Baird Sparrow'
 'Black throated Sparrow' 'Brewer Sparrow' 'Chipping Sparrow'
 'Clay colored Sparrow' 'House Sparrow' 'Field Sparrow' 'Fox Sparrow']
all targets:tensor([110, 111, 112, 113, 114, 115, 116, 117, 118, 119], device='cuda:0')
dino all targets:tensor([110, 111, 112, 113, 114, 115, 116, 117, 118, 119], device='cuda:0')
finish loading CLIP/DinoV2 covariance
class names: ['Grasshopper Sparrow' 'Harris Sparrow' 'Henslow Sparrow'
 'Le Conte Sparrow' 'Lincoln Sparrow' 'Nelson Sharp tailed Sparrow'
 'Savannah Sparrow' 'Seaside Sparrow' 'Song Sparrow' 'Tree Sparrow']
all targets:tensor([120, 121, 122, 123, 124, 125, 126, 127, 128, 129], device='cuda:0')
dino all targets:tensor([120, 121, 122, 123, 124, 125, 126, 127, 128, 129], device='cuda:0')
finish loading CLIP/DinoV2 covariance
class names: ['Vesper Sparrow' 'White crowned Sparrow' 'White throated Sparrow'
 'Cape Glossy Starling' 'Bank Swallow' 'Barn Swallow' 'Cliff Swallow'
 'Tree Swallow' 'Scarlet Tanager' 'Summer Tanager']
all targets:tensor([130, 131, 132, 133, 134, 135, 136, 137, 138, 139], device='cuda:0')
dino all targets:tensor([130, 131, 132, 133, 134, 135, 136, 137, 138, 139], device='cuda:0')
finish loading CLIP/DinoV2 covariance
class names: ['Artic Tern' 'Black Tern' 'Caspian Tern' 'Common Tern' 'Elegant Tern'
 'Forsters Tern' 'Least Tern' 'Green tailed Towhee' 'Brown Thrasher'
 'Sage Thrasher']
all targets:tensor([140, 141, 142, 143, 144, 145, 146, 147, 148, 149], device='cuda:0')
dino all targets:tensor([140, 141, 142, 143, 144, 145, 146, 147, 148, 149], device='cuda:0')
finish loading CLIP/DinoV2 covariance
class names: ['Black capped Vireo' 'Blue headed Vireo' 'Philadelphia Vireo'
 'Red eyed Vireo' 'Warbling Vireo' 'White eyed Vireo'
 'Yellow throated Vireo' 'Bay breasted Warbler' 'Black and white Warbler'
 'Black throated Blue Warbler']
all targets:tensor([150, 151, 152, 153, 154, 155, 156, 157, 158, 159], device='cuda:0')
dino all targets:tensor([150, 151, 152, 153, 154, 155, 156, 157, 158, 159], device='cuda:0')
finish loading CLIP/DinoV2 covariance
class names: ['Blue winged Warbler' 'Canada Warbler' 'Cape May Warbler'
 'Cerulean Warbler' 'Chestnut sided Warbler' 'Golden winged Warbler'
 'Hooded Warbler' 'Kentucky Warbler' 'Magnolia Warbler' 'Mourning Warbler']
all targets:tensor([160, 161, 162, 163, 164, 165, 166, 167, 168, 169], device='cuda:0')
dino all targets:tensor([160, 161, 162, 163, 164, 165, 166, 167, 168, 169], device='cuda:0')
finish loading CLIP/DinoV2 covariance
class names: ['Myrtle Warbler' 'Nashville Warbler' 'Orange crowned Warbler'
 'Palm Warbler' 'Pine Warbler' 'Prairie Warbler' 'Prothonotary Warbler'
 'Swainson Warbler' 'Tennessee Warbler' 'Wilson Warbler']
all targets:tensor([170, 171, 172, 173, 174, 175, 176, 177, 178, 179], device='cuda:0')
dino all targets:tensor([170, 171, 172, 173, 174, 175, 176, 177, 178, 179], device='cuda:0')
finish loading CLIP/DinoV2 covariance
class names: ['Worm eating Warbler' 'Yellow Warbler' 'Northern Waterthrush'
 'Louisiana Waterthrush' 'Bohemian Waxwing' 'Cedar Waxwing'
 'American Three toed Woodpecker' 'Pileated Woodpecker'
 'Red bellied Woodpecker' 'Red cockaded Woodpecker']
all targets:tensor([180, 181, 182, 183, 184, 185, 186, 187, 188, 189], device='cuda:0')
dino all targets:tensor([180, 181, 182, 183, 184, 185, 186, 187, 188, 189], device='cuda:0')
finish loading CLIP/DinoV2 covariance
class names: ['Red headed Woodpecker' 'Downy Woodpecker' 'Bewick Wren' 'Cactus Wren'
 'Carolina Wren' 'House Wren' 'Marsh Wren' 'Rock Wren' 'Winter Wren'
 'Common Yellowthroat']
all targets:tensor([190, 191, 192, 193, 194, 195, 196, 197, 198, 199], device='cuda:0')
dino all targets:tensor([190, 191, 192, 193, 194, 195, 196, 197, 198, 199], device='cuda:0')
finish loading CLIP/DinoV2 covariance
session 0: baseline=88.163 final=88.163 gain=0.000
session 1: baseline=86.573 final=86.892 gain=0.318
session 2: baseline=86.064 final=86.560 gain=0.496
session 3: baseline=85.166 final=85.569 gain=0.402
session 4: baseline=85.179 final=85.824 gain=0.645
session 5: baseline=83.957 final=84.674 gain=0.717
session 6: baseline=84.244 final=85.002 gain=0.759
session 7: baseline=84.565 final=85.420 gain=0.855
session 8: baseline=84.345 final=85.286 gain=0.941
session 9: baseline=84.729 final=85.639 gain=0.910
session 10: baseline=85.157 final=86.106 gain=0.949
{
  "dataset": "cub200",
  "seed": 18,
  "train_cfg": "experiments/bmvc_1256_20260508-124032/generated_configs/bimc_dino_fusion.yaml",
  "method": "sessionwise conservative query prototype refinement on bimc_dino_fusion with pseudo-validation alpha selection",
  "runtime_sec": 239.397,
  "alpha_grid": [
    0.5,
    0.75,
    1.0
  ],
  "alpha_selection": "pseudo_validation_no_test_labels",
  "mass_thr": 0.3,
  "min_count": 5,
  "val_fraction": 0.2,
  "base_val_conf_thr": 0.5,
  "base_val_max_per_class": 50,
  "fallback_alpha": 0.75,
  "topk_per_class": null,
  "baseline_acc_list": [
    88.163,
    86.573,
    86.064,
    85.166,
    85.179,
    83.957,
    84.244,
    84.565,
    84.345,
    84.729,
    85.157
  ],
  "final_acc_list": [
    88.163,
    86.892,
    86.56,
    85.569,
    85.824,
    84.674,
    85.002,
    85.42,
    85.286,
    85.639,
    86.106
  ],
  "gain_list": [
    0.0,
    0.318,
    0.496,
    0.402,
    0.645,
    0.717,
    0.759,
    0.855,
    0.941,
    0.91,
    0.949
  ],
  "baseline_avg": 85.286,
  "baseline_pd": 3.006,
  "final_avg": 85.921,
  "final_pd": 2.057,
  "gain_avg": 0.636,
  "session_results": [
    {
      "session": 0,
      "num_seen_classes": 100,
      "baseline_full_acc": 88.163,
      "baseline_base_acc": 88.163,
      "baseline_novel_acc": 0.0,
      "best_alpha": null,
      "final_full_acc": 88.163,
      "final_base_acc": 88.163,
      "final_novel_acc": 0.0,
      "final_gain": 0.0,
      "updated_class_count": 0,
      "gated_query_count": 0,
      "alpha_selection": {
        "mode": "not_applicable_base_session",
        "selected_alpha": null
      }
    },
    {
      "session": 1,
      "num_seen_classes": 110,
      "baseline_full_acc": 86.573,
      "baseline_base_acc": 88.094,
      "baseline_novel_acc": 70.968,
      "selected_alpha": 0.5,
      "final_full_acc": 86.892,
      "final_base_acc": 88.059,
      "final_novel_acc": 74.91,
      "final_gain": 0.318,
      "updated_class_count": 9,
      "gated_query_count": 212,
      "gated_base_count": 5,
      "gated_novel_count": 207,
      "alpha_selection": {
        "mode": "pseudo_validation",
        "fallback_used": false,
        "selected_alpha": 0.5,
        "candidates": [
          {
            "alpha": 0.5,
            "pseudo_val_score": -0.086355,
            "pseudo_val_nll": 0.086355,
            "pseudo_val_agreement": 99.616
          },
          {
            "alpha": 0.75,
            "pseudo_val_score": -0.088754,
            "pseudo_val_nll": 0.088754,
            "pseudo_val_agreement": 99.616
          },
          {
            "alpha": 1.0,
            "pseudo_val_score": -0.089987,
            "pseudo_val_nll": 0.089987,
            "pseudo_val_agreement": 99.511
          }
        ],
        "split": {
          "novel_gated_query_count": 212,
          "validation_count": 2863,
          "novel_validation_count": 42,
          "base_validation_count": 2821,
          "updated_class_count": 9,
          "per_class_counts": {
            "100": 20,
            "101": 15,
            "102": 17,
            "103": 29,
            "104": 1,
            "105": 30,
            "106": 16,
            "107": 24,
            "108": 29,
            "109": 31
          },
          "per_class_update_counts": {
            "100": 16,
            "101": 12,
            "102": 14,
            "103": 23,
            "104": 0,
            "105": 24,
            "106": 13,
            "107": 19,
            "108": 23,
            "109": 25
          },
          "per_class_validation_counts": {
            "100": 4,
            "101": 3,
            "102": 3,
            "103": 6,
            "104": 0,
            "105": 6,
            "106": 3,
            "107": 5,
            "108": 6,
            "109": 6
          }
        }
      }
    },
    {
      "session": 2,
      "num_seen_classes": 120,
      "baseline_full_acc": 86.064,
      "baseline_base_acc": 87.989,
      "baseline_novel_acc": 76.325,
      "selected_alpha": 0.5,
      "final_full_acc": 86.56,
      "final_base_acc": 87.954,
      "final_novel_acc": 79.505,
      "final_gain": 0.496,
      "updated_class_count": 19,
      "gated_query_count": 498,
      "gated_base_count": 6,
      "gated_novel_count": 492,
      "alpha_selection": {
        "mode": "pseudo_validation",
        "fallback_used": false,
        "selected_alpha": 0.5,
        "candidates": [
          {
            "alpha": 0.5,
            "pseudo_val_score": -0.100378,
            "pseudo_val_nll": 0.100378,
            "pseudo_val_agreement": 99.11
          },
          {
            "alpha": 0.75,
            "pseudo_val_score": -0.105069,
            "pseudo_val_nll": 0.105069,
            "pseudo_val_agreement": 99.041
          },
          {
            "alpha": 1.0,
            "pseudo_val_score": -0.108379,
            "pseudo_val_nll": 0.108379,
            "pseudo_val_agreement": 98.939
          }
        ],
        "split": {
          "novel_gated_query_count": 498,
          "validation_count": 2921,
          "novel_validation_count": 100,
          "base_validation_count": 2821,
          "updated_class_count": 19,
          "per_class_counts": {
            "100": 20,
            "101": 15,
            "102": 17,
            "103": 29,
            "104": 1,
            "105": 30,
            "106": 16,
            "107": 24,
            "108": 29,
            "109": 31,
            "110": 33,
            "111": 26,
            "112": 23,
            "113": 29,
            "114": 20,
            "115": 30,
            "116": 46,
            "117": 26,
            "118": 24,
            "119": 29
          },
          "per_class_update_counts": {
            "100": 16,
            "101": 12,
            "102": 14,
            "103": 23,
            "104": 0,
            "105": 24,
            "106": 13,
            "107": 19,
            "108": 23,
            "109": 25,
            "110": 26,
            "111": 21,
            "112": 18,
            "113": 23,
            "114": 16,
            "115": 24,
            "116": 37,
            "117": 21,
            "118": 19,
            "119": 23
          },
          "per_class_validation_counts": {
            "100": 4,
            "101": 3,
            "102": 3,
            "103": 6,
            "104": 0,
            "105": 6,
            "106": 3,
            "107": 5,
            "108": 6,
            "109": 6,
            "110": 7,
            "111": 5,
            "112": 5,
            "113": 6,
            "114": 4,
            "115": 6,
            "116": 9,
            "117": 5,
            "118": 5,
            "119": 6
          }
        }
      }
    },
    {
      "session": 3,
      "num_seen_classes": 130,
      "baseline_full_acc": 85.166,
      "baseline_base_acc": 88.024,
      "baseline_novel_acc": 75.694,
      "selected_alpha": 0.5,
      "final_full_acc": 85.569,
      "final_base_acc": 87.989,
      "final_novel_acc": 77.546,
      "final_gain": 0.402,
      "updated_class_count": 29,
      "gated_query_count": 795,
      "gated_base_count": 6,
      "gated_novel_count": 789,
      "alpha_selection": {
        "mode": "pseudo_validation",
        "fallback_used": false,
        "selected_alpha": 0.5,
        "candidates": [
          {
            "alpha": 0.5,
            "pseudo_val_score": -0.115602,
            "pseudo_val_nll": 0.115602,
            "pseudo_val_agreement": 98.76
          },
          {
            "alpha": 0.75,
            "pseudo_val_score": -0.122464,
            "pseudo_val_nll": 0.122464,
            "pseudo_val_agreement": 98.491
          },
          {
            "alpha": 1.0,
            "pseudo_val_score": -0.129154,
            "pseudo_val_nll": 0.129154,
            "pseudo_val_agreement": 98.257
          }
        ],
        "split": {
          "novel_gated_query_count": 795,
          "validation_count": 2983,
          "novel_validation_count": 159,
          "base_validation_count": 2824,
          "updated_class_count": 29,
          "per_class_counts": {
            "100": 20,
            "101": 15,
            "102": 17,
            "103": 29,
            "104": 1,
            "105": 30,
            "106": 17,
            "107": 24,
            "108": 29,
            "109": 30,
            "110": 33,
            "111": 26,
            "112": 23,
            "113": 29,
            "114": 21,
            "115": 38,
            "116": 46,
            "117": 27,
            "118": 18,
            "119": 27,
            "120": 29,
            "121": 29,
            "122": 26,
            "123": 37,
            "124": 33,
            "125": 22,
            "126": 34,
            "127": 24,
            "128": 36,
            "129": 25
          },
          "per_class_update_counts": {
            "100": 16,
            "101": 12,
            "102": 14,
            "103": 23,
            "104": 0,
            "105": 24,
            "106": 14,
            "107": 19,
            "108": 23,
            "109": 24,
            "110": 26,
            "111": 21,
            "112": 18,
            "113": 23,
            "114": 17,
            "115": 30,
            "116": 37,
            "117": 22,
            "118": 14,
            "119": 22,
            "120": 23,
            "121": 23,
            "122": 21,
            "123": 30,
            "124": 26,
            "125": 18,
            "126": 27,
            "127": 19,
            "128": 29,
            "129": 20
          },
          "per_class_validation_counts": {
            "100": 4,
            "101": 3,
            "102": 3,
            "103": 6,
            "104": 0,
            "105": 6,
            "106": 3,
            "107": 5,
            "108": 6,
            "109": 6,
            "110": 7,
            "111": 5,
            "112": 5,
            "113": 6,
            "114": 4,
            "115": 8,
            "116": 9,
            "117": 5,
            "118": 4,
            "119": 5,
            "120": 6,
            "121": 6,
            "122": 5,
            "123": 7,
            "124": 7,
            "125": 4,
            "126": 7,
            "127": 5,
            "128": 7,
            "129": 5
          }
        }
      }
    },
    {
      "session": 4,
      "num_seen_classes": 140,
      "baseline_full_acc": 85.179,
      "baseline_base_acc": 88.094,
      "baseline_novel_acc": 78.007,
      "selected_alpha": 0.5,
      "final_full_acc": 85.824,
      "final_base_acc": 88.059,
      "final_novel_acc": 80.326,
      "final_gain": 0.645,
      "updated_class_count": 39,
      "gated_query_count": 1090,
      "gated_base_count": 8,
      "gated_novel_count": 1082,
      "alpha_selection": {
        "mode": "pseudo_validation",
        "fallback_used": false,
        "selected_alpha": 0.5,
        "candidates": [
          {
            "alpha": 0.5,
            "pseudo_val_score": -0.127629,
            "pseudo_val_nll": 0.127629,
            "pseudo_val_agreement": 98.358
          },
          {
            "alpha": 0.75,
            "pseudo_val_score": -0.135893,
            "pseudo_val_nll": 0.135893,
            "pseudo_val_agreement": 98.062
          },
          {
            "alpha": 1.0,
            "pseudo_val_score": -0.143676,
            "pseudo_val_nll": 0.143676,
            "pseudo_val_agreement": 97.767
          }
        ],
        "split": {
          "novel_gated_query_count": 1090,
          "validation_count": 3045,
          "novel_validation_count": 216,
          "base_validation_count": 2829,
          "updated_class_count": 39,
          "per_class_counts": {
            "100": 20,
            "101": 15,
            "102": 17,
            "103": 29,
            "104": 1,
            "105": 30,
            "106": 16,
            "107": 24,
            "108": 30,
            "109": 30,
            "110": 33,
            "111": 26,
            "112": 17,
            "113": 29,
            "114": 20,
            "115": 32,
            "116": 45,
            "117": 27,
            "118": 17,
            "119": 27,
            "120": 28,
            "121": 29,
            "122": 26,
            "123": 37,
            "124": 31,
            "125": 22,
            "126": 43,
            "127": 24,
            "128": 36,
            "129": 25,
            "130": 30,
            "131": 34,
            "132": 35,
            "133": 30,
            "134": 30,
            "135": 35,
            "136": 24,
            "137": 27,
            "138": 29,
            "139": 30
          },
          "per_class_update_counts": {
            "100": 16,
            "101": 12,
            "102": 14,
            "103": 23,
            "104": 0,
            "105": 24,
            "106": 13,
            "107": 19,
            "108": 24,
            "109": 24,
            "110": 26,
            "111": 21,
            "112": 14,
            "113": 23,
            "114": 16,
            "115": 26,
            "116": 36,
            "117": 22,
            "118": 14,
            "119": 22,
            "120": 22,
            "121": 23,
            "122": 21,
            "123": 30,
            "124": 25,
            "125": 18,
            "126": 34,
            "127": 19,
            "128": 29,
            "129": 20,
            "130": 24,
            "131": 27,
            "132": 28,
            "133": 24,
            "134": 24,
            "135": 28,
            "136": 19,
            "137": 22,
            "138": 23,
            "139": 24
          },
          "per_class_validation_counts": {
            "100": 4,
            "101": 3,
            "102": 3,
            "103": 6,
            "104": 0,
            "105": 6,
            "106": 3,
            "107": 5,
            "108": 6,
            "109": 6,
            "110": 7,
            "111": 5,
            "112": 3,
            "113": 6,
            "114": 4,
            "115": 6,
            "116": 9,
            "117": 5,
            "118": 3,
            "119": 5,
            "120": 6,
            "121": 6,
            "122": 5,
            "123": 7,
            "124": 6,
            "125": 4,
            "126": 9,
            "127": 5,
            "128": 7,
            "129": 5,
            "130": 6,
            "131": 7,
            "132": 7,
            "133": 6,
            "134": 6,
            "135": 7,
            "136": 5,
            "137": 5,
            "138": 6,
            "139": 6
          }
        }
      }
    },
    {
      "session": 5,
      "num_seen_classes": 150,
      "baseline_full_acc": 83.957,
      "baseline_base_acc": 88.094,
      "baseline_novel_acc": 75.855,
      "selected_alpha": 0.5,
      "final_full_acc": 84.674,
      "final_base_acc": 88.059,
      "final_novel_acc": 78.044,
      "final_gain": 0.717,
      "updated_class_count": 49,
      "gated_query_count": 1389,
      "gated_base_count": 9,
      "gated_novel_count": 1380,
      "alpha_selection": {
        "mode": "pseudo_validation",
        "fallback_used": false,
        "selected_alpha": 0.5,
        "candidates": [
          {
            "alpha": 0.5,
            "pseudo_val_score": -0.14196,
            "pseudo_val_nll": 0.14196,
            "pseudo_val_agreement": 97.744
          },
          {
            "alpha": 0.75,
            "pseudo_val_score": -0.152589,
            "pseudo_val_nll": 0.152589,
            "pseudo_val_agreement": 97.39
          },
          {
            "alpha": 1.0,
            "pseudo_val_score": -0.163239,
            "pseudo_val_nll": 0.163239,
            "pseudo_val_agreement": 97.1
          }
        ],
        "split": {
          "novel_gated_query_count": 1389,
          "validation_count": 3103,
          "novel_validation_count": 277,
          "base_validation_count": 2826,
          "updated_class_count": 49,
          "per_class_counts": {
            "100": 20,
            "101": 15,
            "102": 17,
            "103": 28,
            "104": 1,
            "105": 30,
            "106": 16,
            "107": 24,
            "108": 30,
            "109": 30,
            "110": 33,
            "111": 26,
            "112": 17,
            "113": 29,
            "114": 20,
            "115": 32,
            "116": 45,
            "117": 27,
            "118": 17,
            "119": 27,
            "120": 28,
            "121": 29,
            "122": 26,
            "123": 37,
            "124": 31,
            "125": 22,
            "126": 43,
            "127": 24,
            "128": 36,
            "129": 25,
            "130": 30,
            "131": 34,
            "132": 35,
            "133": 30,
            "134": 29,
            "135": 35,
            "136": 24,
            "137": 27,
            "138": 29,
            "139": 30,
            "140": 25,
            "141": 19,
            "142": 29,
            "143": 43,
            "144": 14,
            "145": 40,
            "146": 40,
            "147": 31,
            "148": 30,
            "149": 30
          },
          "per_class_update_counts": {
            "100": 16,
            "101": 12,
            "102": 14,
            "103": 22,
            "104": 0,
            "105": 24,
            "106": 13,
            "107": 19,
            "108": 24,
            "109": 24,
            "110": 26,
            "111": 21,
            "112": 14,
            "113": 23,
            "114": 16,
            "115": 26,
            "116": 36,
            "117": 22,
            "118": 14,
            "119": 22,
            "120": 22,
            "121": 23,
            "122": 21,
            "123": 30,
            "124": 25,
            "125": 18,
            "126": 34,
            "127": 19,
            "128": 29,
            "129": 20,
            "130": 24,
            "131": 27,
            "132": 28,
            "133": 24,
            "134": 23,
            "135": 28,
            "136": 19,
            "137": 22,
            "138": 23,
            "139": 24,
            "140": 20,
            "141": 15,
            "142": 23,
            "143": 34,
            "144": 11,
            "145": 32,
            "146": 32,
            "147": 25,
            "148": 24,
            "149": 24
          },
          "per_class_validation_counts": {
            "100": 4,
            "101": 3,
            "102": 3,
            "103": 6,
            "104": 0,
            "105": 6,
            "106": 3,
            "107": 5,
            "108": 6,
            "109": 6,
            "110": 7,
            "111": 5,
            "112": 3,
            "113": 6,
            "114": 4,
            "115": 6,
            "116": 9,
            "117": 5,
            "118": 3,
            "119": 5,
            "120": 6,
            "121": 6,
            "122": 5,
            "123": 7,
            "124": 6,
            "125": 4,
            "126": 9,
            "127": 5,
            "128": 7,
            "129": 5,
            "130": 6,
            "131": 7,
            "132": 7,
            "133": 6,
            "134": 6,
            "135": 7,
            "136": 5,
            "137": 5,
            "138": 6,
            "139": 6,
            "140": 5,
            "141": 4,
            "142": 6,
            "143": 9,
            "144": 3,
            "145": 8,
            "146": 8,
            "147": 6,
            "148": 6,
            "149": 6
          }
        }
      }
    },
    {
      "session": 6,
      "num_seen_classes": 160,
      "baseline_full_acc": 84.244,
      "baseline_base_acc": 87.954,
      "baseline_novel_acc": 78.171,
      "selected_alpha": 0.5,
      "final_full_acc": 85.002,
      "final_base_acc": 87.884,
      "final_novel_acc": 80.286,
      "final_gain": 0.759,
      "updated_class_count": 59,
      "gated_query_count": 1681,
      "gated_base_count": 14,
      "gated_novel_count": 1667,
      "alpha_selection": {
        "mode": "pseudo_validation",
        "fallback_used": false,
        "selected_alpha": 0.5,
        "candidates": [
          {
            "alpha": 0.5,
            "pseudo_val_score": -0.149702,
            "pseudo_val_nll": 0.149702,
            "pseudo_val_agreement": 97.593
          },
          {
            "alpha": 0.75,
            "pseudo_val_score": -0.161621,
            "pseudo_val_nll": 0.161621,
            "pseudo_val_agreement": 97.118
          },
          {
            "alpha": 1.0,
            "pseudo_val_score": -0.173955,
            "pseudo_val_nll": 0.173955,
            "pseudo_val_agreement": 96.738
          }
        ],
        "split": {
          "novel_gated_query_count": 1681,
          "validation_count": 3158,
          "novel_validation_count": 334,
          "base_validation_count": 2824,
          "updated_class_count": 59,
          "per_class_counts": {
            "100": 20,
            "101": 15,
            "102": 17,
            "103": 28,
            "104": 1,
            "105": 30,
            "106": 17,
            "107": 24,
            "108": 28,
            "109": 30,
            "110": 33,
            "111": 26,
            "112": 17,
            "113": 29,
            "114": 20,
            "115": 32,
            "116": 45,
            "117": 27,
            "118": 17,
            "119": 27,
            "120": 28,
            "121": 29,
            "122": 26,
            "123": 37,
            "124": 31,
            "125": 22,
            "126": 43,
            "127": 24,
            "128": 36,
            "129": 25,
            "130": 30,
            "131": 34,
            "132": 35,
            "133": 30,
            "134": 29,
            "135": 35,
            "136": 24,
            "137": 27,
            "138": 29,
            "139": 30,
            "140": 25,
            "141": 19,
            "142": 29,
            "143": 43,
            "144": 14,
            "145": 40,
            "146": 40,
            "147": 31,
            "148": 30,
            "149": 30,
            "150": 23,
            "151": 26,
            "152": 37,
            "153": 30,
            "154": 27,
            "155": 32,
            "156": 32,
            "157": 27,
            "158": 30,
            "159": 29
          },
          "per_class_update_counts": {
            "100": 16,
            "101": 12,
            "102": 14,
            "103": 22,
            "104": 0,
            "105": 24,
            "106": 14,
            "107": 19,
            "108": 22,
            "109": 24,
            "110": 26,
            "111": 21,
            "112": 14,
            "113": 23,
            "114": 16,
            "115": 26,
            "116": 36,
            "117": 22,
            "118": 14,
            "119": 22,
            "120": 22,
            "121": 23,
            "122": 21,
            "123": 30,
            "124": 25,
            "125": 18,
            "126": 34,
            "127": 19,
            "128": 29,
            "129": 20,
            "130": 24,
            "131": 27,
            "132": 28,
            "133": 24,
            "134": 23,
            "135": 28,
            "136": 19,
            "137": 22,
            "138": 23,
            "139": 24,
            "140": 20,
            "141": 15,
            "142": 23,
            "143": 34,
            "144": 11,
            "145": 32,
            "146": 32,
            "147": 25,
            "148": 24,
            "149": 24,
            "150": 18,
            "151": 21,
            "152": 30,
            "153": 24,
            "154": 22,
            "155": 26,
            "156": 26,
            "157": 22,
            "158": 24,
            "159": 23
          },
          "per_class_validation_counts": {
            "100": 4,
            "101": 3,
            "102": 3,
            "103": 6,
            "104": 0,
            "105": 6,
            "106": 3,
            "107": 5,
            "108": 6,
            "109": 6,
            "110": 7,
            "111": 5,
            "112": 3,
            "113": 6,
            "114": 4,
            "115": 6,
            "116": 9,
            "117": 5,
            "118": 3,
            "119": 5,
            "120": 6,
            "121": 6,
            "122": 5,
            "123": 7,
            "124": 6,
            "125": 4,
            "126": 9,
            "127": 5,
            "128": 7,
            "129": 5,
            "130": 6,
            "131": 7,
            "132": 7,
            "133": 6,
            "134": 6,
            "135": 7,
            "136": 5,
            "137": 5,
            "138": 6,
            "139": 6,
            "140": 5,
            "141": 4,
            "142": 6,
            "143": 9,
            "144": 3,
            "145": 8,
            "146": 8,
            "147": 6,
            "148": 6,
            "149": 6,
            "150": 5,
            "151": 5,
            "152": 7,
            "153": 6,
            "154": 5,
            "155": 6,
            "156": 6,
            "157": 5,
            "158": 6,
            "159": 6
          }
        }
      }
    },
    {
      "session": 7,
      "num_seen_classes": 170,
      "baseline_full_acc": 84.565,
      "baseline_base_acc": 87.884,
      "baseline_novel_acc": 79.922,
      "selected_alpha": 0.5,
      "final_full_acc": 85.42,
      "final_base_acc": 87.814,
      "final_novel_acc": 82.071,
      "final_gain": 0.855,
      "updated_class_count": 69,
      "gated_query_count": 1981,
      "gated_base_count": 17,
      "gated_novel_count": 1964,
      "alpha_selection": {
        "mode": "pseudo_validation",
        "fallback_used": false,
        "selected_alpha": 0.5,
        "candidates": [
          {
            "alpha": 0.5,
            "pseudo_val_score": -0.160392,
            "pseudo_val_nll": 0.160392,
            "pseudo_val_agreement": 97.298
          },
          {
            "alpha": 0.75,
            "pseudo_val_score": -0.174962,
            "pseudo_val_nll": 0.174962,
            "pseudo_val_agreement": 96.646
          },
          {
            "alpha": 1.0,
            "pseudo_val_score": -0.190086,
            "pseudo_val_nll": 0.190086,
            "pseudo_val_agreement": 96.211
          }
        ],
        "split": {
          "novel_gated_query_count": 1981,
          "validation_count": 3220,
          "novel_validation_count": 396,
          "base_validation_count": 2824,
          "updated_class_count": 69,
          "per_class_counts": {
            "100": 20,
            "101": 15,
            "102": 17,
            "103": 28,
            "104": 1,
            "105": 31,
            "106": 17,
            "107": 24,
            "108": 28,
            "109": 30,
            "110": 33,
            "111": 26,
            "112": 17,
            "113": 29,
            "114": 20,
            "115": 32,
            "116": 45,
            "117": 27,
            "118": 17,
            "119": 27,
            "120": 28,
            "121": 29,
            "122": 26,
            "123": 37,
            "124": 31,
            "125": 22,
            "126": 43,
            "127": 24,
            "128": 36,
            "129": 25,
            "130": 30,
            "131": 34,
            "132": 35,
            "133": 30,
            "134": 29,
            "135": 35,
            "136": 24,
            "137": 27,
            "138": 29,
            "139": 30,
            "140": 25,
            "141": 19,
            "142": 29,
            "143": 43,
            "144": 14,
            "145": 40,
            "146": 40,
            "147": 31,
            "148": 30,
            "149": 30,
            "150": 23,
            "151": 27,
            "152": 39,
            "153": 30,
            "154": 27,
            "155": 36,
            "156": 31,
            "157": 27,
            "158": 30,
            "159": 29,
            "160": 35,
            "161": 28,
            "162": 28,
            "163": 30,
            "164": 25,
            "165": 28,
            "166": 24,
            "167": 38,
            "168": 31,
            "169": 26
          },
          "per_class_update_counts": {
            "100": 16,
            "101": 12,
            "102": 14,
            "103": 22,
            "104": 0,
            "105": 25,
            "106": 14,
            "107": 19,
            "108": 22,
            "109": 24,
            "110": 26,
            "111": 21,
            "112": 14,
            "113": 23,
            "114": 16,
            "115": 26,
            "116": 36,
            "117": 22,
            "118": 14,
            "119": 22,
            "120": 22,
            "121": 23,
            "122": 21,
            "123": 30,
            "124": 25,
            "125": 18,
            "126": 34,
            "127": 19,
            "128": 29,
            "129": 20,
            "130": 24,
            "131": 27,
            "132": 28,
            "133": 24,
            "134": 23,
            "135": 28,
            "136": 19,
            "137": 22,
            "138": 23,
            "139": 24,
            "140": 20,
            "141": 15,
            "142": 23,
            "143": 34,
            "144": 11,
            "145": 32,
            "146": 32,
            "147": 25,
            "148": 24,
            "149": 24,
            "150": 18,
            "151": 22,
            "152": 31,
            "153": 24,
            "154": 22,
            "155": 29,
            "156": 25,
            "157": 22,
            "158": 24,
            "159": 23,
            "160": 28,
            "161": 22,
            "162": 22,
            "163": 24,
            "164": 20,
            "165": 22,
            "166": 19,
            "167": 30,
            "168": 25,
            "169": 21
          },
          "per_class_validation_counts": {
            "100": 4,
            "101": 3,
            "102": 3,
            "103": 6,
            "104": 0,
            "105": 6,
            "106": 3,
            "107": 5,
            "108": 6,
            "109": 6,
            "110": 7,
            "111": 5,
            "112": 3,
            "113": 6,
            "114": 4,
            "115": 6,
            "116": 9,
            "117": 5,
            "118": 3,
            "119": 5,
            "120": 6,
            "121": 6,
            "122": 5,
            "123": 7,
            "124": 6,
            "125": 4,
            "126": 9,
            "127": 5,
            "128": 7,
            "129": 5,
            "130": 6,
            "131": 7,
            "132": 7,
            "133": 6,
            "134": 6,
            "135": 7,
            "136": 5,
            "137": 5,
            "138": 6,
            "139": 6,
            "140": 5,
            "141": 4,
            "142": 6,
            "143": 9,
            "144": 3,
            "145": 8,
            "146": 8,
            "147": 6,
            "148": 6,
            "149": 6,
            "150": 5,
            "151": 5,
            "152": 8,
            "153": 6,
            "154": 5,
            "155": 7,
            "156": 6,
            "157": 5,
            "158": 6,
            "159": 6,
            "160": 7,
            "161": 6,
            "162": 6,
            "163": 6,
            "164": 5,
            "165": 6,
            "166": 5,
            "167": 8,
            "168": 6,
            "169": 5
          }
        }
      }
    },
    {
      "session": 8,
      "num_seen_classes": 180,
      "baseline_full_acc": 84.345,
      "baseline_base_acc": 87.814,
      "baseline_novel_acc": 80.102,
      "selected_alpha": 0.5,
      "final_full_acc": 85.286,
      "final_base_acc": 87.744,
      "final_novel_acc": 82.28,
      "final_gain": 0.941,
      "updated_class_count": 79,
      "gated_query_count": 2275,
      "gated_base_count": 19,
      "gated_novel_count": 2256,
      "alpha_selection": {
        "mode": "pseudo_validation",
        "fallback_used": false,
        "selected_alpha": 0.5,
        "candidates": [
          {
            "alpha": 0.5,
            "pseudo_val_score": -0.173813,
            "pseudo_val_nll": 0.173813,
            "pseudo_val_agreement": 96.801
          },
          {
            "alpha": 0.75,
            "pseudo_val_score": -0.192405,
            "pseudo_val_nll": 0.192405,
            "pseudo_val_agreement": 96.161
          },
          {
            "alpha": 1.0,
            "pseudo_val_score": -0.211929,
            "pseudo_val_nll": 0.211929,
            "pseudo_val_agreement": 95.612
          }
        ],
        "split": {
          "novel_gated_query_count": 2275,
          "validation_count": 3282,
          "novel_validation_count": 457,
          "base_validation_count": 2825,
          "updated_class_count": 79,
          "per_class_counts": {
            "100": 20,
            "101": 15,
            "102": 17,
            "103": 28,
            "104": 1,
            "105": 31,
            "106": 17,
            "107": 24,
            "108": 29,
            "109": 30,
            "110": 33,
            "111": 26,
            "112": 17,
            "113": 29,
            "114": 20,
            "115": 32,
            "116": 45,
            "117": 27,
            "118": 16,
            "119": 27,
            "120": 28,
            "121": 29,
            "122": 26,
            "123": 37,
            "124": 31,
            "125": 22,
            "126": 43,
            "127": 24,
            "128": 36,
            "129": 25,
            "130": 30,
            "131": 34,
            "132": 35,
            "133": 30,
            "134": 29,
            "135": 35,
            "136": 24,
            "137": 27,
            "138": 29,
            "139": 30,
            "140": 25,
            "141": 19,
            "142": 29,
            "143": 43,
            "144": 14,
            "145": 40,
            "146": 40,
            "147": 30,
            "148": 29,
            "149": 30,
            "150": 23,
            "151": 28,
            "152": 40,
            "153": 33,
            "154": 28,
            "155": 35,
            "156": 26,
            "157": 27,
            "158": 30,
            "159": 29,
            "160": 27,
            "161": 25,
            "162": 28,
            "163": 30,
            "164": 27,
            "165": 28,
            "166": 20,
            "167": 32,
            "168": 28,
            "169": 25,
            "170": 26,
            "171": 33,
            "172": 39,
            "173": 27,
            "174": 43,
            "175": 34,
            "176": 33,
            "177": 28,
            "178": 19,
            "179": 37
          },
          "per_class_update_counts": {
            "100": 16,
            "101": 12,
            "102": 14,
            "103": 22,
            "104": 0,
            "105": 25,
            "106": 14,
            "107": 19,
            "108": 23,
            "109": 24,
            "110": 26,
            "111": 21,
            "112": 14,
            "113": 23,
            "114": 16,
            "115": 26,
            "116": 36,
            "117": 22,
            "118": 13,
            "119": 22,
            "120": 22,
            "121": 23,
            "122": 21,
            "123": 30,
            "124": 25,
            "125": 18,
            "126": 34,
            "127": 19,
            "128": 29,
            "129": 20,
            "130": 24,
            "131": 27,
            "132": 28,
            "133": 24,
            "134": 23,
            "135": 28,
            "136": 19,
            "137": 22,
            "138": 23,
            "139": 24,
            "140": 20,
            "141": 15,
            "142": 23,
            "143": 34,
            "144": 11,
            "145": 32,
            "146": 32,
            "147": 24,
            "148": 23,
            "149": 24,
            "150": 18,
            "151": 22,
            "152": 32,
            "153": 26,
            "154": 22,
            "155": 28,
            "156": 21,
            "157": 22,
            "158": 24,
            "159": 23,
            "160": 22,
            "161": 20,
            "162": 22,
            "163": 24,
            "164": 22,
            "165": 22,
            "166": 16,
            "167": 26,
            "168": 22,
            "169": 20,
            "170": 21,
            "171": 26,
            "172": 31,
            "173": 22,
            "174": 34,
            "175": 27,
            "176": 26,
            "177": 22,
            "178": 15,
            "179": 30
          },
          "per_class_validation_counts": {
            "100": 4,
            "101": 3,
            "102": 3,
            "103": 6,
            "104": 0,
            "105": 6,
            "106": 3,
            "107": 5,
            "108": 6,
            "109": 6,
            "110": 7,
            "111": 5,
            "112": 3,
            "113": 6,
            "114": 4,
            "115": 6,
            "116": 9,
            "117": 5,
            "118": 3,
            "119": 5,
            "120": 6,
            "121": 6,
            "122": 5,
            "123": 7,
            "124": 6,
            "125": 4,
            "126": 9,
            "127": 5,
            "128": 7,
            "129": 5,
            "130": 6,
            "131": 7,
            "132": 7,
            "133": 6,
            "134": 6,
            "135": 7,
            "136": 5,
            "137": 5,
            "138": 6,
            "139": 6,
            "140": 5,
            "141": 4,
            "142": 6,
            "143": 9,
            "144": 3,
            "145": 8,
            "146": 8,
            "147": 6,
            "148": 6,
            "149": 6,
            "150": 5,
            "151": 6,
            "152": 8,
            "153": 7,
            "154": 6,
            "155": 7,
            "156": 5,
            "157": 5,
            "158": 6,
            "159": 6,
            "160": 5,
            "161": 5,
            "162": 6,
            "163": 6,
            "164": 5,
            "165": 6,
            "166": 4,
            "167": 6,
            "168": 6,
            "169": 5,
            "170": 5,
            "171": 7,
            "172": 8,
            "173": 5,
            "174": 9,
            "175": 7,
            "176": 7,
            "177": 6,
            "178": 4,
            "179": 7
          }
        }
      }
    },
    {
      "session": 9,
      "num_seen_classes": 190,
      "baseline_full_acc": 84.729,
      "baseline_base_acc": 87.814,
      "baseline_novel_acc": 81.369,
      "selected_alpha": 0.5,
      "final_full_acc": 85.639,
      "final_base_acc": 87.709,
      "final_novel_acc": 83.384,
      "final_gain": 0.91,
      "updated_class_count": 89,
      "gated_query_count": 2562,
      "gated_base_count": 19,
      "gated_novel_count": 2543,
      "alpha_selection": {
        "mode": "pseudo_validation",
        "fallback_used": false,
        "selected_alpha": 0.5,
        "candidates": [
          {
            "alpha": 0.5,
            "pseudo_val_score": -0.181421,
            "pseudo_val_nll": 0.181421,
            "pseudo_val_agreement": 96.558
          },
          {
            "alpha": 0.75,
            "pseudo_val_score": -0.200577,
            "pseudo_val_nll": 0.200577,
            "pseudo_val_agreement": 95.87
          },
          {
            "alpha": 1.0,
            "pseudo_val_score": -0.220837,
            "pseudo_val_nll": 0.220837,
            "pseudo_val_agreement": 95.301
          }
        ],
        "split": {
          "novel_gated_query_count": 2562,
          "validation_count": 3341,
          "novel_validation_count": 514,
          "base_validation_count": 2827,
          "updated_class_count": 89,
          "per_class_counts": {
            "100": 20,
            "101": 15,
            "102": 17,
            "103": 28,
            "104": 1,
            "105": 31,
            "106": 17,
            "107": 24,
            "108": 29,
            "109": 30,
            "110": 33,
            "111": 26,
            "112": 17,
            "113": 29,
            "114": 20,
            "115": 32,
            "116": 45,
            "117": 27,
            "118": 16,
            "119": 27,
            "120": 28,
            "121": 29,
            "122": 26,
            "123": 37,
            "124": 31,
            "125": 22,
            "126": 43,
            "127": 24,
            "128": 36,
            "129": 25,
            "130": 30,
            "131": 34,
            "132": 35,
            "133": 30,
            "134": 29,
            "135": 35,
            "136": 24,
            "137": 27,
            "138": 29,
            "139": 30,
            "140": 25,
            "141": 19,
            "142": 29,
            "143": 43,
            "144": 14,
            "145": 40,
            "146": 40,
            "147": 30,
            "148": 29,
            "149": 30,
            "150": 23,
            "151": 28,
            "152": 40,
            "153": 33,
            "154": 28,
            "155": 35,
            "156": 26,
            "157": 27,
            "158": 30,
            "159": 29,
            "160": 27,
            "161": 25,
            "162": 28,
            "163": 30,
            "164": 27,
            "165": 28,
            "166": 20,
            "167": 32,
            "168": 28,
            "169": 25,
            "170": 26,
            "171": 34,
            "172": 39,
            "173": 27,
            "174": 43,
            "175": 34,
            "176": 33,
            "177": 24,
            "178": 19,
            "179": 38,
            "180": 32,
            "181": 28,
            "182": 24,
            "183": 36,
            "184": 31,
            "185": 29,
            "186": 22,
            "187": 30,
            "188": 30,
            "189": 27
          },
          "per_class_update_counts": {
            "100": 16,
            "101": 12,
            "102": 14,
            "103": 22,
            "104": 0,
            "105": 25,
            "106": 14,
            "107": 19,
            "108": 23,
            "109": 24,
            "110": 26,
            "111": 21,
            "112": 14,
            "113": 23,
            "114": 16,
            "115": 26,
            "116": 36,
            "117": 22,
            "118": 13,
            "119": 22,
            "120": 22,
            "121": 23,
            "122": 21,
            "123": 30,
            "124": 25,
            "125": 18,
            "126": 34,
            "127": 19,
            "128": 29,
            "129": 20,
            "130": 24,
            "131": 27,
            "132": 28,
            "133": 24,
            "134": 23,
            "135": 28,
            "136": 19,
            "137": 22,
            "138": 23,
            "139": 24,
            "140": 20,
            "141": 15,
            "142": 23,
            "143": 34,
            "144": 11,
            "145": 32,
            "146": 32,
            "147": 24,
            "148": 23,
            "149": 24,
            "150": 18,
            "151": 22,
            "152": 32,
            "153": 26,
            "154": 22,
            "155": 28,
            "156": 21,
            "157": 22,
            "158": 24,
            "159": 23,
            "160": 22,
            "161": 20,
            "162": 22,
            "163": 24,
            "164": 22,
            "165": 22,
            "166": 16,
            "167": 26,
            "168": 22,
            "169": 20,
            "170": 21,
            "171": 27,
            "172": 31,
            "173": 22,
            "174": 34,
            "175": 27,
            "176": 26,
            "177": 19,
            "178": 15,
            "179": 30,
            "180": 26,
            "181": 22,
            "182": 19,
            "183": 29,
            "184": 25,
            "185": 23,
            "186": 18,
            "187": 24,
            "188": 24,
            "189": 22
          },
          "per_class_validation_counts": {
            "100": 4,
            "101": 3,
            "102": 3,
            "103": 6,
            "104": 0,
            "105": 6,
            "106": 3,
            "107": 5,
            "108": 6,
            "109": 6,
            "110": 7,
            "111": 5,
            "112": 3,
            "113": 6,
            "114": 4,
            "115": 6,
            "116": 9,
            "117": 5,
            "118": 3,
            "119": 5,
            "120": 6,
            "121": 6,
            "122": 5,
            "123": 7,
            "124": 6,
            "125": 4,
            "126": 9,
            "127": 5,
            "128": 7,
            "129": 5,
            "130": 6,
            "131": 7,
            "132": 7,
            "133": 6,
            "134": 6,
            "135": 7,
            "136": 5,
            "137": 5,
            "138": 6,
            "139": 6,
            "140": 5,
            "141": 4,
            "142": 6,
            "143": 9,
            "144": 3,
            "145": 8,
            "146": 8,
            "147": 6,
            "148": 6,
            "149": 6,
            "150": 5,
            "151": 6,
            "152": 8,
            "153": 7,
            "154": 6,
            "155": 7,
            "156": 5,
            "157": 5,
            "158": 6,
            "159": 6,
            "160": 5,
            "161": 5,
            "162": 6,
            "163": 6,
            "164": 5,
            "165": 6,
            "166": 4,
            "167": 6,
            "168": 6,
            "169": 5,
            "170": 5,
            "171": 7,
            "172": 8,
            "173": 5,
            "174": 9,
            "175": 7,
            "176": 7,
            "177": 5,
            "178": 4,
            "179": 8,
            "180": 6,
            "181": 6,
            "182": 5,
            "183": 7,
            "184": 6,
            "185": 6,
            "186": 4,
            "187": 6,
            "188": 6,
            "189": 5
          }
        }
      }
    },
    {
      "session": 10,
      "num_seen_classes": 200,
      "baseline_full_acc": 85.157,
      "baseline_base_acc": 87.814,
      "baseline_novel_acc": 82.56,
      "selected_alpha": 0.5,
      "final_full_acc": 86.106,
      "final_base_acc": 87.744,
      "final_novel_acc": 84.505,
      "final_gain": 0.949,
      "updated_class_count": 99,
      "gated_query_count": 2862,
      "gated_base_count": 19,
      "gated_novel_count": 2843,
      "alpha_selection": {
        "mode": "pseudo_validation",
        "fallback_used": false,
        "selected_alpha": 0.5,
        "candidates": [
          {
            "alpha": 0.5,
            "pseudo_val_score": -0.186568,
            "pseudo_val_nll": 0.186568,
            "pseudo_val_agreement": 96.417
          },
          {
            "alpha": 0.75,
            "pseudo_val_score": -0.205757,
            "pseudo_val_nll": 0.205757,
            "pseudo_val_agreement": 95.742
          },
          {
            "alpha": 1.0,
            "pseudo_val_score": -0.226151,
            "pseudo_val_nll": 0.226151,
            "pseudo_val_agreement": 95.213
          }
        ],
        "split": {
          "novel_gated_query_count": 2862,
          "validation_count": 3405,
          "novel_validation_count": 575,
          "base_validation_count": 2830,
          "updated_class_count": 99,
          "per_class_counts": {
            "100": 20,
            "101": 15,
            "102": 17,
            "103": 28,
            "104": 1,
            "105": 31,
            "106": 18,
            "107": 24,
            "108": 29,
            "109": 30,
            "110": 33,
            "111": 26,
            "112": 17,
            "113": 29,
            "114": 20,
            "115": 32,
            "116": 45,
            "117": 28,
            "118": 16,
            "119": 27,
            "120": 28,
            "121": 29,
            "122": 26,
            "123": 37,
            "124": 31,
            "125": 22,
            "126": 43,
            "127": 24,
            "128": 37,
            "129": 25,
            "130": 30,
            "131": 34,
            "132": 35,
            "133": 30,
            "134": 29,
            "135": 35,
            "136": 24,
            "137": 27,
            "138": 29,
            "139": 30,
            "140": 25,
            "141": 19,
            "142": 29,
            "143": 43,
            "144": 14,
            "145": 40,
            "146": 40,
            "147": 30,
            "148": 29,
            "149": 30,
            "150": 23,
            "151": 28,
            "152": 40,
            "153": 33,
            "154": 28,
            "155": 35,
            "156": 26,
            "157": 27,
            "158": 30,
            "159": 29,
            "160": 27,
            "161": 25,
            "162": 28,
            "163": 30,
            "164": 27,
            "165": 28,
            "166": 20,
            "167": 32,
            "168": 28,
            "169": 25,
            "170": 26,
            "171": 34,
            "172": 40,
            "173": 27,
            "174": 43,
            "175": 34,
            "176": 33,
            "177": 23,
            "178": 19,
            "179": 38,
            "180": 32,
            "181": 28,
            "182": 24,
            "183": 36,
            "184": 31,
            "185": 29,
            "186": 21,
            "187": 30,
            "188": 33,
            "189": 27,
            "190": 27,
            "191": 31,
            "192": 27,
            "193": 30,
            "194": 37,
            "195": 34,
            "196": 25,
            "197": 29,
            "198": 25,
            "199": 30
          },
          "per_class_update_counts": {
            "100": 16,
            "101": 12,
            "102": 14,
            "103": 22,
            "104": 0,
            "105": 25,
            "106": 14,
            "107": 19,
            "108": 23,
            "109": 24,
            "110": 26,
            "111": 21,
            "112": 14,
            "113": 23,
            "114": 16,
            "115": 26,
            "116": 36,
            "117": 22,
            "118": 13,
            "119": 22,
            "120": 22,
            "121": 23,
            "122": 21,
            "123": 30,
            "124": 25,
            "125": 18,
            "126": 34,
            "127": 19,
            "128": 30,
            "129": 20,
            "130": 24,
            "131": 27,
            "132": 28,
            "133": 24,
            "134": 23,
            "135": 28,
            "136": 19,
            "137": 22,
            "138": 23,
            "139": 24,
            "140": 20,
            "141": 15,
            "142": 23,
            "143": 34,
            "144": 11,
            "145": 32,
            "146": 32,
            "147": 24,
            "148": 23,
            "149": 24,
            "150": 18,
            "151": 22,
            "152": 32,
            "153": 26,
            "154": 22,
            "155": 28,
            "156": 21,
            "157": 22,
            "158": 24,
            "159": 23,
            "160": 22,
            "161": 20,
            "162": 22,
            "163": 24,
            "164": 22,
            "165": 22,
            "166": 16,
            "167": 26,
            "168": 22,
            "169": 20,
            "170": 21,
            "171": 27,
            "172": 32,
            "173": 22,
            "174": 34,
            "175": 27,
            "176": 26,
            "177": 18,
            "178": 15,
            "179": 30,
            "180": 26,
            "181": 22,
            "182": 19,
            "183": 29,
            "184": 25,
            "185": 23,
            "186": 17,
            "187": 24,
            "188": 26,
            "189": 22,
            "190": 22,
            "191": 25,
            "192": 22,
            "193": 24,
            "194": 30,
            "195": 27,
            "196": 20,
            "197": 23,
            "198": 20,
            "199": 24
          },
          "per_class_validation_counts": {
            "100": 4,
            "101": 3,
            "102": 3,
            "103": 6,
            "104": 0,
            "105": 6,
            "106": 4,
            "107": 5,
            "108": 6,
            "109": 6,
            "110": 7,
            "111": 5,
            "112": 3,
            "113": 6,
            "114": 4,
            "115": 6,
            "116": 9,
            "117": 6,
            "118": 3,
            "119": 5,
            "120": 6,
            "121": 6,
            "122": 5,
            "123": 7,
            "124": 6,
            "125": 4,
            "126": 9,
            "127": 5,
            "128": 7,
            "129": 5,
            "130": 6,
            "131": 7,
            "132": 7,
            "133": 6,
            "134": 6,
            "135": 7,
            "136": 5,
            "137": 5,
            "138": 6,
            "139": 6,
            "140": 5,
            "141": 4,
            "142": 6,
            "143": 9,
            "144": 3,
            "145": 8,
            "146": 8,
            "147": 6,
            "148": 6,
            "149": 6,
            "150": 5,
            "151": 6,
            "152": 8,
            "153": 7,
            "154": 6,
            "155": 7,
            "156": 5,
            "157": 5,
            "158": 6,
            "159": 6,
            "160": 5,
            "161": 5,
            "162": 6,
            "163": 6,
            "164": 5,
            "165": 6,
            "166": 4,
            "167": 6,
            "168": 6,
            "169": 5,
            "170": 5,
            "171": 7,
            "172": 8,
            "173": 5,
            "174": 9,
            "175": 7,
            "176": 7,
            "177": 5,
            "178": 4,
            "179": 8,
            "180": 6,
            "181": 6,
            "182": 5,
            "183": 7,
            "184": 6,
            "185": 6,
            "186": 4,
            "187": 6,
            "188": 7,
            "189": 5,
            "190": 5,
            "191": 6,
            "192": 5,
            "193": 6,
            "194": 7,
            "195": 7,
            "196": 5,
            "197": 6,
            "198": 5,
            "199": 6
          }
        }
      }
    }
  ]
}
