/media/ndag/newVolume/BiMC-test/models/clip/clip.py:23: UserWarning: PyTorch version 1.7.1 or higher is recommended
  warnings.warn("PyTorch version 1.7.1 or higher is recommended")
manual seed: 15
use gpu: ['0']
Files already downloaded and verified
Files already downloaded and verified
Loading CLIP (backbone: ViT-B/16)
Prompt template:['a photo of a {}.']
Loading DinoV2 ViT-B/14 from local hub: /home/ndag/.cache/torch/hub/facebookresearch_dinov2_main
/home/ndag/.cache/torch/hub/facebookresearch_dinov2_main/dinov2/layers/swiglu_ffn.py:51: UserWarning: xFormers is not available (SwiGLU)
  warnings.warn("xFormers is not available (SwiGLU)")
/home/ndag/.cache/torch/hub/facebookresearch_dinov2_main/dinov2/layers/attention.py:36: UserWarning: xFormers is not available (Attention)
  warnings.warn("xFormers is not available (Attention)")
/home/ndag/.cache/torch/hub/facebookresearch_dinov2_main/dinov2/layers/block.py:40: UserWarning: xFormers is not available (Block)
  warnings.warn("xFormers is not available (Block)")
Loading DinoV2 weights: /home/ndag/.cache/torch/hub/checkpoints/dinov2_vitb14_pretrain.pth
class names: ['apple' 'aquarium fish' 'baby' 'bear' 'beaver' 'bed' 'bee' 'beetle'
 'bicycle' 'bottle' 'bowl' 'boy' 'bridge' 'bus' 'butterfly' 'camel' 'can'
 'castle' 'caterpillar' 'cattle' 'chair' 'chimpanzee' 'clock' 'cloud'
 'cockroach' 'couch' 'crab' 'crocodile' 'cup' 'dinosaur' 'dolphin'
 'elephant' 'flatfish' 'forest' 'fox' 'girl' 'hamster' 'house' 'kangaroo'
 'keyboard' 'lamp' 'lawn mower' 'leopard' 'lion' 'lizard' 'lobster' 'man'
 'maple tree' 'motorcycle' 'mountain' 'mouse' 'mushroom' 'oak tree'
 'orange' 'orchid' 'otter' 'palm tree' 'pear' 'pickup truck' 'pine tree']
all targets:tensor([ 0,  1,  2,  3,  4,  5,  6,  7,  8,  9, 10, 11, 12, 13, 14, 15, 16, 17,
        18, 19, 20, 21, 22, 23, 24, 25, 26, 27, 28, 29, 30, 31, 32, 33, 34, 35,
        36, 37, 38, 39, 40, 41, 42, 43, 44, 45, 46, 47, 48, 49, 50, 51, 52, 53,
        54, 55, 56, 57, 58, 59], device='cuda:0')
dino all targets:tensor([ 0,  1,  2,  3,  4,  5,  6,  7,  8,  9, 10, 11, 12, 13, 14, 15, 16, 17,
        18, 19, 20, 21, 22, 23, 24, 25, 26, 27, 28, 29, 30, 31, 32, 33, 34, 35,
        36, 37, 38, 39, 40, 41, 42, 43, 44, 45, 46, 47, 48, 49, 50, 51, 52, 53,
        54, 55, 56, 57, 58, 59], device='cuda:0')
finish loading CLIP/DinoV2 covariance
class names: ['plain' 'plate' 'poppy' 'porcupine' 'possum']
all targets:tensor([60, 61, 62, 63, 64], device='cuda:0')
dino all targets:tensor([60, 61, 62, 63, 64], device='cuda:0')
finish loading CLIP/DinoV2 covariance
class names: ['rabbit' 'raccoon' 'ray' 'road' 'rocket']
all targets:tensor([65, 66, 67, 68, 69], device='cuda:0')
dino all targets:tensor([65, 66, 67, 68, 69], device='cuda:0')
finish loading CLIP/DinoV2 covariance
class names: ['rose' 'sea' 'seal' 'shark' 'shrew']
all targets:tensor([70, 71, 72, 73, 74], device='cuda:0')
dino all targets:tensor([70, 71, 72, 73, 74], device='cuda:0')
finish loading CLIP/DinoV2 covariance
class names: ['skunk' 'skyscraper' 'snail' 'snake' 'spider']
all targets:tensor([75, 76, 77, 78, 79], device='cuda:0')
dino all targets:tensor([75, 76, 77, 78, 79], device='cuda:0')
finish loading CLIP/DinoV2 covariance
class names: ['squirrel' 'streetcar' 'sunflower' 'sweet pepper' 'table']
all targets:tensor([80, 81, 82, 83, 84], device='cuda:0')
dino all targets:tensor([80, 81, 82, 83, 84], device='cuda:0')
finish loading CLIP/DinoV2 covariance
class names: ['tank' 'telephone' 'television' 'tiger' 'tractor']
all targets:tensor([85, 86, 87, 88, 89], device='cuda:0')
dino all targets:tensor([85, 86, 87, 88, 89], device='cuda:0')
finish loading CLIP/DinoV2 covariance
class names: ['train' 'trout' 'tulip' 'turtle' 'wardrobe']
all targets:tensor([90, 91, 92, 93, 94], device='cuda:0')
dino all targets:tensor([90, 91, 92, 93, 94], device='cuda:0')
finish loading CLIP/DinoV2 covariance
class names: ['whale' 'willow tree' 'wolf' 'woman' 'worm']
all targets:tensor([95, 96, 97, 98, 99], device='cuda:0')
dino all targets:tensor([95, 96, 97, 98, 99], device='cuda:0')
finish loading CLIP/DinoV2 covariance
session 0: baseline=89.750 final=89.750 gain=0.000
session 1: baseline=88.292 final=88.815 gain=0.523
session 2: baseline=87.386 final=88.257 gain=0.871
session 3: baseline=85.467 final=86.907 gain=1.440
session 4: baseline=85.400 final=86.913 gain=1.513
session 5: baseline=85.118 final=86.694 gain=1.576
session 6: baseline=85.233 final=86.900 gain=1.667
session 7: baseline=84.642 final=86.621 gain=1.979
session 8: baseline=83.080 final=85.270 gain=2.190
{
  "dataset": "CIFAR100",
  "seed": 15,
  "train_cfg": "experiments/bmvc_1256_20260508-124032/generated_configs/bimc_dino_fusion.yaml",
  "method": "sessionwise conservative query prototype refinement on bimc_dino_fusion with pseudo-validation alpha selection",
  "runtime_sec": 447.214,
  "alpha_grid": [
    0.5,
    0.75,
    1.0
  ],
  "alpha_selection": "pseudo_validation_no_test_labels",
  "mass_thr": 0.3,
  "min_count": 5,
  "val_fraction": 0.2,
  "base_val_conf_thr": 0.5,
  "base_val_max_per_class": 50,
  "fallback_alpha": 0.75,
  "topk_per_class": null,
  "baseline_acc_list": [
    89.75,
    88.292,
    87.386,
    85.467,
    85.4,
    85.118,
    85.233,
    84.642,
    83.08
  ],
  "final_acc_list": [
    89.75,
    88.815,
    88.257,
    86.907,
    86.913,
    86.694,
    86.9,
    86.621,
    85.27
  ],
  "gain_list": [
    0.0,
    0.523,
    0.871,
    1.44,
    1.513,
    1.576,
    1.667,
    1.979,
    2.19
  ],
  "baseline_avg": 86.041,
  "baseline_pd": 6.67,
  "final_avg": 87.347,
  "final_pd": 4.48,
  "gain_avg": 1.307,
  "session_results": [
    {
      "session": 0,
      "num_seen_classes": 60,
      "baseline_full_acc": 89.75,
      "baseline_base_acc": 89.75,
      "baseline_novel_acc": 0.0,
      "best_alpha": null,
      "final_full_acc": 89.75,
      "final_base_acc": 89.75,
      "final_novel_acc": 0.0,
      "final_gain": 0.0,
      "updated_class_count": 0,
      "gated_query_count": 0,
      "alpha_selection": {
        "mode": "not_applicable_base_session",
        "selected_alpha": null
      }
    },
    {
      "session": 1,
      "num_seen_classes": 65,
      "baseline_full_acc": 88.292,
      "baseline_base_acc": 89.533,
      "baseline_novel_acc": 73.4,
      "selected_alpha": 0.5,
      "final_full_acc": 88.815,
      "final_base_acc": 89.433,
      "final_novel_acc": 81.4,
      "final_gain": 0.523,
      "updated_class_count": 5,
      "gated_query_count": 382,
      "gated_base_count": 14,
      "gated_novel_count": 368,
      "alpha_selection": {
        "mode": "pseudo_validation",
        "fallback_used": false,
        "selected_alpha": 0.5,
        "candidates": [
          {
            "alpha": 0.5,
            "pseudo_val_score": -0.023126,
            "pseudo_val_nll": 0.023126,
            "pseudo_val_agreement": 99.87
          },
          {
            "alpha": 0.75,
            "pseudo_val_score": -0.024055,
            "pseudo_val_nll": 0.024055,
            "pseudo_val_agreement": 99.773
          },
          {
            "alpha": 1.0,
            "pseudo_val_score": -0.02542,
            "pseudo_val_nll": 0.02542,
            "pseudo_val_agreement": 99.675
          }
        ],
        "split": {
          "novel_gated_query_count": 382,
          "validation_count": 3077,
          "novel_validation_count": 77,
          "base_validation_count": 3000,
          "updated_class_count": 5,
          "per_class_counts": {
            "60": 81,
            "61": 80,
            "62": 100,
            "63": 58,
            "64": 63
          },
          "per_class_update_counts": {
            "60": 65,
            "61": 64,
            "62": 80,
            "63": 46,
            "64": 50
          },
          "per_class_validation_counts": {
            "60": 16,
            "61": 16,
            "62": 20,
            "63": 12,
            "64": 13
          }
        }
      }
    },
    {
      "session": 2,
      "num_seen_classes": 70,
      "baseline_full_acc": 87.386,
      "baseline_base_acc": 89.317,
      "baseline_novel_acc": 75.8,
      "selected_alpha": 0.5,
      "final_full_acc": 88.257,
      "final_base_acc": 89.167,
      "final_novel_acc": 82.8,
      "final_gain": 0.871,
      "updated_class_count": 10,
      "gated_query_count": 795,
      "gated_base_count": 22,
      "gated_novel_count": 773,
      "alpha_selection": {
        "mode": "pseudo_validation",
        "fallback_used": false,
        "selected_alpha": 0.5,
        "candidates": [
          {
            "alpha": 0.5,
            "pseudo_val_score": -0.040254,
            "pseudo_val_nll": 0.040254,
            "pseudo_val_agreement": 99.747
          },
          {
            "alpha": 0.75,
            "pseudo_val_score": -0.042588,
            "pseudo_val_nll": 0.042588,
            "pseudo_val_agreement": 99.589
          },
          {
            "alpha": 1.0,
            "pseudo_val_score": -0.045444,
            "pseudo_val_nll": 0.045444,
            "pseudo_val_agreement": 99.335
          }
        ],
        "split": {
          "novel_gated_query_count": 795,
          "validation_count": 3160,
          "novel_validation_count": 160,
          "base_validation_count": 3000,
          "updated_class_count": 10,
          "per_class_counts": {
            "60": 79,
            "61": 80,
            "62": 100,
            "63": 56,
            "64": 59,
            "65": 89,
            "66": 88,
            "67": 76,
            "68": 80,
            "69": 88
          },
          "per_class_update_counts": {
            "60": 63,
            "61": 64,
            "62": 80,
            "63": 45,
            "64": 47,
            "65": 71,
            "66": 70,
            "67": 61,
            "68": 64,
            "69": 70
          },
          "per_class_validation_counts": {
            "60": 16,
            "61": 16,
            "62": 20,
            "63": 11,
            "64": 12,
            "65": 18,
            "66": 18,
            "67": 15,
            "68": 16,
            "69": 18
          }
        }
      }
    },
    {
      "session": 3,
      "num_seen_classes": 75,
      "baseline_full_acc": 85.467,
      "baseline_base_acc": 89.3,
      "baseline_novel_acc": 70.133,
      "selected_alpha": 0.5,
      "final_full_acc": 86.907,
      "final_base_acc": 89.117,
      "final_novel_acc": 78.067,
      "final_gain": 1.44,
      "updated_class_count": 15,
      "gated_query_count": 1123,
      "gated_base_count": 31,
      "gated_novel_count": 1092,
      "alpha_selection": {
        "mode": "pseudo_validation",
        "fallback_used": false,
        "selected_alpha": 0.5,
        "candidates": [
          {
            "alpha": 0.5,
            "pseudo_val_score": -0.058251,
            "pseudo_val_nll": 0.058251,
            "pseudo_val_agreement": 99.411
          },
          {
            "alpha": 0.75,
            "pseudo_val_score": -0.062688,
            "pseudo_val_nll": 0.062688,
            "pseudo_val_agreement": 99.163
          },
          {
            "alpha": 1.0,
            "pseudo_val_score": -0.067472,
            "pseudo_val_nll": 0.067472,
            "pseudo_val_agreement": 98.667
          }
        ],
        "split": {
          "novel_gated_query_count": 1123,
          "validation_count": 3225,
          "novel_validation_count": 225,
          "base_validation_count": 3000,
          "updated_class_count": 15,
          "per_class_counts": {
            "60": 79,
            "61": 80,
            "62": 96,
            "63": 57,
            "64": 60,
            "65": 89,
            "66": 90,
            "67": 78,
            "68": 80,
            "69": 88,
            "70": 96,
            "71": 80,
            "72": 51,
            "73": 60,
            "74": 39
          },
          "per_class_update_counts": {
            "60": 63,
            "61": 64,
            "62": 77,
            "63": 46,
            "64": 48,
            "65": 71,
            "66": 72,
            "67": 62,
            "68": 64,
            "69": 70,
            "70": 77,
            "71": 64,
            "72": 41,
            "73": 48,
            "74": 31
          },
          "per_class_validation_counts": {
            "60": 16,
            "61": 16,
            "62": 19,
            "63": 11,
            "64": 12,
            "65": 18,
            "66": 18,
            "67": 16,
            "68": 16,
            "69": 18,
            "70": 19,
            "71": 16,
            "72": 10,
            "73": 12,
            "74": 8
          }
        }
      }
    },
    {
      "session": 4,
      "num_seen_classes": 80,
      "baseline_full_acc": 85.4,
      "baseline_base_acc": 89.117,
      "baseline_novel_acc": 74.25,
      "selected_alpha": 0.5,
      "final_full_acc": 86.913,
      "final_base_acc": 88.883,
      "final_novel_acc": 81.0,
      "final_gain": 1.513,
      "updated_class_count": 20,
      "gated_query_count": 1568,
      "gated_base_count": 39,
      "gated_novel_count": 1529,
      "alpha_selection": {
        "mode": "pseudo_validation",
        "fallback_used": false,
        "selected_alpha": 0.5,
        "candidates": [
          {
            "alpha": 0.5,
            "pseudo_val_score": -0.072147,
            "pseudo_val_nll": 0.072147,
            "pseudo_val_agreement": 99.396
          },
          {
            "alpha": 0.75,
            "pseudo_val_score": -0.076635,
            "pseudo_val_nll": 0.076635,
            "pseudo_val_agreement": 99.034
          },
          {
            "alpha": 1.0,
            "pseudo_val_score": -0.082389,
            "pseudo_val_nll": 0.082389,
            "pseudo_val_agreement": 98.672
          }
        ],
        "split": {
          "novel_gated_query_count": 1568,
          "validation_count": 3314,
          "novel_validation_count": 314,
          "base_validation_count": 3000,
          "updated_class_count": 20,
          "per_class_counts": {
            "60": 78,
            "61": 79,
            "62": 95,
            "63": 57,
            "64": 59,
            "65": 89,
            "66": 89,
            "67": 78,
            "68": 80,
            "69": 85,
            "70": 96,
            "71": 79,
            "72": 51,
            "73": 59,
            "74": 37,
            "75": 93,
            "76": 91,
            "77": 92,
            "78": 97,
            "79": 84
          },
          "per_class_update_counts": {
            "60": 62,
            "61": 63,
            "62": 76,
            "63": 46,
            "64": 47,
            "65": 71,
            "66": 71,
            "67": 62,
            "68": 64,
            "69": 68,
            "70": 77,
            "71": 63,
            "72": 41,
            "73": 47,
            "74": 30,
            "75": 74,
            "76": 73,
            "77": 74,
            "78": 78,
            "79": 67
          },
          "per_class_validation_counts": {
            "60": 16,
            "61": 16,
            "62": 19,
            "63": 11,
            "64": 12,
            "65": 18,
            "66": 18,
            "67": 16,
            "68": 16,
            "69": 17,
            "70": 19,
            "71": 16,
            "72": 10,
            "73": 12,
            "74": 7,
            "75": 19,
            "76": 18,
            "77": 18,
            "78": 19,
            "79": 17
          }
        }
      }
    },
    {
      "session": 5,
      "num_seen_classes": 85,
      "baseline_full_acc": 85.118,
      "baseline_base_acc": 88.933,
      "baseline_novel_acc": 75.96,
      "selected_alpha": 0.5,
      "final_full_acc": 86.694,
      "final_base_acc": 88.65,
      "final_novel_acc": 82.0,
      "final_gain": 1.576,
      "updated_class_count": 25,
      "gated_query_count": 1994,
      "gated_base_count": 43,
      "gated_novel_count": 1951,
      "alpha_selection": {
        "mode": "pseudo_validation",
        "fallback_used": false,
        "selected_alpha": 0.5,
        "candidates": [
          {
            "alpha": 0.5,
            "pseudo_val_score": -0.087194,
            "pseudo_val_nll": 0.087194,
            "pseudo_val_agreement": 99.294
          },
          {
            "alpha": 0.75,
            "pseudo_val_score": -0.092779,
            "pseudo_val_nll": 0.092779,
            "pseudo_val_agreement": 98.823
          },
          {
            "alpha": 1.0,
            "pseudo_val_score": -0.10041,
            "pseudo_val_nll": 0.10041,
            "pseudo_val_agreement": 98.117
          }
        ],
        "split": {
          "novel_gated_query_count": 1994,
          "validation_count": 3399,
          "novel_validation_count": 399,
          "base_validation_count": 3000,
          "updated_class_count": 25,
          "per_class_counts": {
            "60": 79,
            "61": 81,
            "62": 95,
            "63": 57,
            "64": 59,
            "65": 90,
            "66": 89,
            "67": 78,
            "68": 81,
            "69": 85,
            "70": 96,
            "71": 79,
            "72": 50,
            "73": 60,
            "74": 36,
            "75": 94,
            "76": 91,
            "77": 92,
            "78": 97,
            "79": 84,
            "80": 74,
            "81": 85,
            "82": 99,
            "83": 89,
            "84": 74
          },
          "per_class_update_counts": {
            "60": 63,
            "61": 65,
            "62": 76,
            "63": 46,
            "64": 47,
            "65": 72,
            "66": 71,
            "67": 62,
            "68": 65,
            "69": 68,
            "70": 77,
            "71": 63,
            "72": 40,
            "73": 48,
            "74": 29,
            "75": 75,
            "76": 73,
            "77": 74,
            "78": 78,
            "79": 67,
            "80": 59,
            "81": 68,
            "82": 79,
            "83": 71,
            "84": 59
          },
          "per_class_validation_counts": {
            "60": 16,
            "61": 16,
            "62": 19,
            "63": 11,
            "64": 12,
            "65": 18,
            "66": 18,
            "67": 16,
            "68": 16,
            "69": 17,
            "70": 19,
            "71": 16,
            "72": 10,
            "73": 12,
            "74": 7,
            "75": 19,
            "76": 18,
            "77": 18,
            "78": 19,
            "79": 17,
            "80": 15,
            "81": 17,
            "82": 20,
            "83": 18,
            "84": 15
          }
        }
      }
    },
    {
      "session": 6,
      "num_seen_classes": 90,
      "baseline_full_acc": 85.233,
      "baseline_base_acc": 88.65,
      "baseline_novel_acc": 78.4,
      "selected_alpha": 0.5,
      "final_full_acc": 86.9,
      "final_base_acc": 88.35,
      "final_novel_acc": 84.0,
      "final_gain": 1.667,
      "updated_class_count": 30,
      "gated_query_count": 2477,
      "gated_base_count": 65,
      "gated_novel_count": 2412,
      "alpha_selection": {
        "mode": "pseudo_validation",
        "fallback_used": false,
        "selected_alpha": 0.5,
        "candidates": [
          {
            "alpha": 0.5,
            "pseudo_val_score": -0.106816,
            "pseudo_val_nll": 0.106816,
            "pseudo_val_agreement": 98.77
          },
          {
            "alpha": 0.75,
            "pseudo_val_score": -0.115402,
            "pseudo_val_nll": 0.115402,
            "pseudo_val_agreement": 98.284
          },
          {
            "alpha": 1.0,
            "pseudo_val_score": -0.126728,
            "pseudo_val_nll": 0.126728,
            "pseudo_val_agreement": 97.426
          }
        ],
        "split": {
          "novel_gated_query_count": 2477,
          "validation_count": 3497,
          "novel_validation_count": 497,
          "base_validation_count": 3000,
          "updated_class_count": 30,
          "per_class_counts": {
            "60": 81,
            "61": 80,
            "62": 94,
            "63": 57,
            "64": 59,
            "65": 91,
            "66": 88,
            "67": 78,
            "68": 81,
            "69": 84,
            "70": 96,
            "71": 79,
            "72": 50,
            "73": 61,
            "74": 34,
            "75": 95,
            "76": 91,
            "77": 92,
            "78": 97,
            "79": 84,
            "80": 74,
            "81": 85,
            "82": 99,
            "83": 89,
            "84": 75,
            "85": 103,
            "86": 99,
            "87": 88,
            "88": 90,
            "89": 103
          },
          "per_class_update_counts": {
            "60": 65,
            "61": 64,
            "62": 75,
            "63": 46,
            "64": 47,
            "65": 73,
            "66": 70,
            "67": 62,
            "68": 65,
            "69": 67,
            "70": 77,
            "71": 63,
            "72": 40,
            "73": 49,
            "74": 27,
            "75": 76,
            "76": 73,
            "77": 74,
            "78": 78,
            "79": 67,
            "80": 59,
            "81": 68,
            "82": 79,
            "83": 71,
            "84": 60,
            "85": 82,
            "86": 79,
            "87": 70,
            "88": 72,
            "89": 82
          },
          "per_class_validation_counts": {
            "60": 16,
            "61": 16,
            "62": 19,
            "63": 11,
            "64": 12,
            "65": 18,
            "66": 18,
            "67": 16,
            "68": 16,
            "69": 17,
            "70": 19,
            "71": 16,
            "72": 10,
            "73": 12,
            "74": 7,
            "75": 19,
            "76": 18,
            "77": 18,
            "78": 19,
            "79": 17,
            "80": 15,
            "81": 17,
            "82": 20,
            "83": 18,
            "84": 15,
            "85": 21,
            "86": 20,
            "87": 18,
            "88": 18,
            "89": 21
          }
        }
      }
    },
    {
      "session": 7,
      "num_seen_classes": 95,
      "baseline_full_acc": 84.642,
      "baseline_base_acc": 88.5,
      "baseline_novel_acc": 78.029,
      "selected_alpha": 0.5,
      "final_full_acc": 86.621,
      "final_base_acc": 88.2,
      "final_novel_acc": 83.914,
      "final_gain": 1.979,
      "updated_class_count": 35,
      "gated_query_count": 2902,
      "gated_base_count": 73,
      "gated_novel_count": 2829,
      "alpha_selection": {
        "mode": "pseudo_validation",
        "fallback_used": false,
        "selected_alpha": 0.5,
        "candidates": [
          {
            "alpha": 0.5,
            "pseudo_val_score": -0.123522,
            "pseudo_val_nll": 0.123522,
            "pseudo_val_agreement": 98.717
          },
          {
            "alpha": 0.75,
            "pseudo_val_score": -0.134013,
            "pseudo_val_nll": 0.134013,
            "pseudo_val_agreement": 98.019
          },
          {
            "alpha": 1.0,
            "pseudo_val_score": -0.147643,
            "pseudo_val_nll": 0.147643,
            "pseudo_val_agreement": 97.015
          }
        ],
        "split": {
          "novel_gated_query_count": 2902,
          "validation_count": 3584,
          "novel_validation_count": 584,
          "base_validation_count": 3000,
          "updated_class_count": 35,
          "per_class_counts": {
            "60": 81,
            "61": 80,
            "62": 87,
            "63": 58,
            "64": 58,
            "65": 89,
            "66": 88,
            "67": 78,
            "68": 82,
            "69": 84,
            "70": 98,
            "71": 80,
            "72": 51,
            "73": 64,
            "74": 35,
            "75": 95,
            "76": 90,
            "77": 93,
            "78": 97,
            "79": 84,
            "80": 74,
            "81": 90,
            "82": 99,
            "83": 90,
            "84": 74,
            "85": 103,
            "86": 98,
            "87": 83,
            "88": 90,
            "89": 103,
            "90": 88,
            "91": 81,
            "92": 96,
            "93": 79,
            "94": 82
          },
          "per_class_update_counts": {
            "60": 65,
            "61": 64,
            "62": 70,
            "63": 46,
            "64": 46,
            "65": 71,
            "66": 70,
            "67": 62,
            "68": 66,
            "69": 67,
            "70": 78,
            "71": 64,
            "72": 41,
            "73": 51,
            "74": 28,
            "75": 76,
            "76": 72,
            "77": 74,
            "78": 78,
            "79": 67,
            "80": 59,
            "81": 72,
            "82": 79,
            "83": 72,
            "84": 59,
            "85": 82,
            "86": 78,
            "87": 66,
            "88": 72,
            "89": 82,
            "90": 70,
            "91": 65,
            "92": 77,
            "93": 63,
            "94": 66
          },
          "per_class_validation_counts": {
            "60": 16,
            "61": 16,
            "62": 17,
            "63": 12,
            "64": 12,
            "65": 18,
            "66": 18,
            "67": 16,
            "68": 16,
            "69": 17,
            "70": 20,
            "71": 16,
            "72": 10,
            "73": 13,
            "74": 7,
            "75": 19,
            "76": 18,
            "77": 19,
            "78": 19,
            "79": 17,
            "80": 15,
            "81": 18,
            "82": 20,
            "83": 18,
            "84": 15,
            "85": 21,
            "86": 20,
            "87": 17,
            "88": 18,
            "89": 21,
            "90": 18,
            "91": 16,
            "92": 19,
            "93": 16,
            "94": 16
          }
        }
      }
    },
    {
      "session": 8,
      "num_seen_classes": 100,
      "baseline_full_acc": 83.08,
      "baseline_base_acc": 88.433,
      "baseline_novel_acc": 75.05,
      "selected_alpha": 0.5,
      "final_full_acc": 85.27,
      "final_base_acc": 88.017,
      "final_novel_acc": 81.15,
      "final_gain": 2.19,
      "updated_class_count": 40,
      "gated_query_count": 3210,
      "gated_base_count": 78,
      "gated_novel_count": 3132,
      "alpha_selection": {
        "mode": "pseudo_validation",
        "fallback_used": false,
        "selected_alpha": 0.5,
        "candidates": [
          {
            "alpha": 0.5,
            "pseudo_val_score": -0.137499,
            "pseudo_val_nll": 0.137499,
            "pseudo_val_agreement": 98.299
          },
          {
            "alpha": 0.75,
            "pseudo_val_score": -0.149758,
            "pseudo_val_nll": 0.149758,
            "pseudo_val_agreement": 97.558
          },
          {
            "alpha": 1.0,
            "pseudo_val_score": -0.16576,
            "pseudo_val_nll": 0.16576,
            "pseudo_val_agreement": 96.405
          }
        ],
        "split": {
          "novel_gated_query_count": 3210,
          "validation_count": 3644,
          "novel_validation_count": 644,
          "base_validation_count": 3000,
          "updated_class_count": 40,
          "per_class_counts": {
            "60": 81,
            "61": 82,
            "62": 88,
            "63": 58,
            "64": 58,
            "65": 91,
            "66": 91,
            "67": 77,
            "68": 81,
            "69": 84,
            "70": 98,
            "71": 82,
            "72": 51,
            "73": 61,
            "74": 35,
            "75": 94,
            "76": 90,
            "77": 93,
            "78": 89,
            "79": 83,
            "80": 74,
            "81": 90,
            "82": 99,
            "83": 90,
            "84": 76,
            "85": 104,
            "86": 99,
            "87": 84,
            "88": 90,
            "89": 102,
            "90": 88,
            "91": 80,
            "92": 97,
            "93": 79,
            "94": 83,
            "95": 56,
            "96": 29,
            "97": 98,
            "98": 24,
            "99": 101
          },
          "per_class_update_counts": {
            "60": 65,
            "61": 66,
            "62": 70,
            "63": 46,
            "64": 46,
            "65": 73,
            "66": 73,
            "67": 62,
            "68": 65,
            "69": 67,
            "70": 78,
            "71": 66,
            "72": 41,
            "73": 49,
            "74": 28,
            "75": 75,
            "76": 72,
            "77": 74,
            "78": 71,
            "79": 66,
            "80": 59,
            "81": 72,
            "82": 79,
            "83": 72,
            "84": 61,
            "85": 83,
            "86": 79,
            "87": 67,
            "88": 72,
            "89": 82,
            "90": 70,
            "91": 64,
            "92": 78,
            "93": 63,
            "94": 66,
            "95": 45,
            "96": 23,
            "97": 78,
            "98": 19,
            "99": 81
          },
          "per_class_validation_counts": {
            "60": 16,
            "61": 16,
            "62": 18,
            "63": 12,
            "64": 12,
            "65": 18,
            "66": 18,
            "67": 15,
            "68": 16,
            "69": 17,
            "70": 20,
            "71": 16,
            "72": 10,
            "73": 12,
            "74": 7,
            "75": 19,
            "76": 18,
            "77": 19,
            "78": 18,
            "79": 17,
            "80": 15,
            "81": 18,
            "82": 20,
            "83": 18,
            "84": 15,
            "85": 21,
            "86": 20,
            "87": 17,
            "88": 18,
            "89": 20,
            "90": 18,
            "91": 16,
            "92": 19,
            "93": 16,
            "94": 17,
            "95": 11,
            "96": 6,
            "97": 20,
            "98": 5,
            "99": 20
          }
        }
      }
    }
  ]
}
