/media/ndag/newVolume/BiMC-test/models/clip/clip.py:23: UserWarning: PyTorch version 1.7.1 or higher is recommended
  warnings.warn("PyTorch version 1.7.1 or higher is recommended")
manual seed: 17
use gpu: ['0']
Files already downloaded and verified
Files already downloaded and verified
Loading CLIP (backbone: ViT-B/16)
Prompt template:['a photo of a {}.']
Loading DinoV2 ViT-B/14 from local hub: /home/ndag/.cache/torch/hub/facebookresearch_dinov2_main
/home/ndag/.cache/torch/hub/facebookresearch_dinov2_main/dinov2/layers/swiglu_ffn.py:51: UserWarning: xFormers is not available (SwiGLU)
  warnings.warn("xFormers is not available (SwiGLU)")
/home/ndag/.cache/torch/hub/facebookresearch_dinov2_main/dinov2/layers/attention.py:36: UserWarning: xFormers is not available (Attention)
  warnings.warn("xFormers is not available (Attention)")
/home/ndag/.cache/torch/hub/facebookresearch_dinov2_main/dinov2/layers/block.py:40: UserWarning: xFormers is not available (Block)
  warnings.warn("xFormers is not available (Block)")
Loading DinoV2 weights: /home/ndag/.cache/torch/hub/checkpoints/dinov2_vitb14_pretrain.pth
class names: ['apple' 'aquarium fish' 'baby' 'bear' 'beaver' 'bed' 'bee' 'beetle'
 'bicycle' 'bottle' 'bowl' 'boy' 'bridge' 'bus' 'butterfly' 'camel' 'can'
 'castle' 'caterpillar' 'cattle' 'chair' 'chimpanzee' 'clock' 'cloud'
 'cockroach' 'couch' 'crab' 'crocodile' 'cup' 'dinosaur' 'dolphin'
 'elephant' 'flatfish' 'forest' 'fox' 'girl' 'hamster' 'house' 'kangaroo'
 'keyboard' 'lamp' 'lawn mower' 'leopard' 'lion' 'lizard' 'lobster' 'man'
 'maple tree' 'motorcycle' 'mountain' 'mouse' 'mushroom' 'oak tree'
 'orange' 'orchid' 'otter' 'palm tree' 'pear' 'pickup truck' 'pine tree']
all targets:tensor([ 0,  1,  2,  3,  4,  5,  6,  7,  8,  9, 10, 11, 12, 13, 14, 15, 16, 17,
        18, 19, 20, 21, 22, 23, 24, 25, 26, 27, 28, 29, 30, 31, 32, 33, 34, 35,
        36, 37, 38, 39, 40, 41, 42, 43, 44, 45, 46, 47, 48, 49, 50, 51, 52, 53,
        54, 55, 56, 57, 58, 59], device='cuda:0')
dino all targets:tensor([ 0,  1,  2,  3,  4,  5,  6,  7,  8,  9, 10, 11, 12, 13, 14, 15, 16, 17,
        18, 19, 20, 21, 22, 23, 24, 25, 26, 27, 28, 29, 30, 31, 32, 33, 34, 35,
        36, 37, 38, 39, 40, 41, 42, 43, 44, 45, 46, 47, 48, 49, 50, 51, 52, 53,
        54, 55, 56, 57, 58, 59], device='cuda:0')
finish loading CLIP/DinoV2 covariance
class names: ['plain' 'plate' 'poppy' 'porcupine' 'possum']
all targets:tensor([60, 61, 62, 63, 64], device='cuda:0')
dino all targets:tensor([60, 61, 62, 63, 64], device='cuda:0')
finish loading CLIP/DinoV2 covariance
class names: ['rabbit' 'raccoon' 'ray' 'road' 'rocket']
all targets:tensor([65, 66, 67, 68, 69], device='cuda:0')
dino all targets:tensor([65, 66, 67, 68, 69], device='cuda:0')
finish loading CLIP/DinoV2 covariance
class names: ['rose' 'sea' 'seal' 'shark' 'shrew']
all targets:tensor([70, 71, 72, 73, 74], device='cuda:0')
dino all targets:tensor([70, 71, 72, 73, 74], device='cuda:0')
finish loading CLIP/DinoV2 covariance
class names: ['skunk' 'skyscraper' 'snail' 'snake' 'spider']
all targets:tensor([75, 76, 77, 78, 79], device='cuda:0')
dino all targets:tensor([75, 76, 77, 78, 79], device='cuda:0')
finish loading CLIP/DinoV2 covariance
class names: ['squirrel' 'streetcar' 'sunflower' 'sweet pepper' 'table']
all targets:tensor([80, 81, 82, 83, 84], device='cuda:0')
dino all targets:tensor([80, 81, 82, 83, 84], device='cuda:0')
finish loading CLIP/DinoV2 covariance
class names: ['tank' 'telephone' 'television' 'tiger' 'tractor']
all targets:tensor([85, 86, 87, 88, 89], device='cuda:0')
dino all targets:tensor([85, 86, 87, 88, 89], device='cuda:0')
finish loading CLIP/DinoV2 covariance
class names: ['train' 'trout' 'tulip' 'turtle' 'wardrobe']
all targets:tensor([90, 91, 92, 93, 94], device='cuda:0')
dino all targets:tensor([90, 91, 92, 93, 94], device='cuda:0')
finish loading CLIP/DinoV2 covariance
class names: ['whale' 'willow tree' 'wolf' 'woman' 'worm']
all targets:tensor([95, 96, 97, 98, 99], device='cuda:0')
dino all targets:tensor([95, 96, 97, 98, 99], device='cuda:0')
finish loading CLIP/DinoV2 covariance
session 0: baseline=89.750 final=89.750 gain=0.000
session 1: baseline=87.800 final=88.354 gain=0.554
session 2: baseline=87.043 final=88.000 gain=0.957
session 3: baseline=84.693 final=86.333 gain=1.640
session 4: baseline=84.675 final=86.338 gain=1.663
session 5: baseline=84.459 final=86.188 gain=1.729
session 6: baseline=84.578 final=86.389 gain=1.811
session 7: baseline=84.263 final=86.274 gain=2.011
session 8: baseline=82.600 final=84.870 gain=2.270
{
  "dataset": "CIFAR100",
  "seed": 17,
  "train_cfg": "experiments/bmvc_1256_20260508-124032/generated_configs/bimc_dino_fusion.yaml",
  "method": "sessionwise conservative query prototype refinement on bimc_dino_fusion with pseudo-validation alpha selection",
  "runtime_sec": 447.275,
  "alpha_grid": [
    0.5,
    0.75,
    1.0
  ],
  "alpha_selection": "pseudo_validation_no_test_labels",
  "mass_thr": 0.3,
  "min_count": 5,
  "val_fraction": 0.2,
  "base_val_conf_thr": 0.5,
  "base_val_max_per_class": 50,
  "fallback_alpha": 0.75,
  "topk_per_class": null,
  "baseline_acc_list": [
    89.75,
    87.8,
    87.043,
    84.693,
    84.675,
    84.459,
    84.578,
    84.263,
    82.6
  ],
  "final_acc_list": [
    89.75,
    88.354,
    88.0,
    86.333,
    86.338,
    86.188,
    86.389,
    86.274,
    84.87
  ],
  "gain_list": [
    0.0,
    0.554,
    0.957,
    1.64,
    1.663,
    1.729,
    1.811,
    2.011,
    2.27
  ],
  "baseline_avg": 85.54,
  "baseline_pd": 7.15,
  "final_avg": 86.944,
  "final_pd": 4.88,
  "gain_avg": 1.404,
  "session_results": [
    {
      "session": 0,
      "num_seen_classes": 60,
      "baseline_full_acc": 89.75,
      "baseline_base_acc": 89.75,
      "baseline_novel_acc": 0.0,
      "best_alpha": null,
      "final_full_acc": 89.75,
      "final_base_acc": 89.75,
      "final_novel_acc": 0.0,
      "final_gain": 0.0,
      "updated_class_count": 0,
      "gated_query_count": 0,
      "alpha_selection": {
        "mode": "not_applicable_base_session",
        "selected_alpha": null
      }
    },
    {
      "session": 1,
      "num_seen_classes": 65,
      "baseline_full_acc": 87.8,
      "baseline_base_acc": 89.45,
      "baseline_novel_acc": 68.0,
      "selected_alpha": 0.5,
      "final_full_acc": 88.354,
      "final_base_acc": 89.35,
      "final_novel_acc": 76.4,
      "final_gain": 0.554,
      "updated_class_count": 5,
      "gated_query_count": 351,
      "gated_base_count": 11,
      "gated_novel_count": 340,
      "alpha_selection": {
        "mode": "pseudo_validation",
        "fallback_used": false,
        "selected_alpha": 0.5,
        "candidates": [
          {
            "alpha": 0.5,
            "pseudo_val_score": -0.020149,
            "pseudo_val_nll": 0.020149,
            "pseudo_val_agreement": 99.87
          },
          {
            "alpha": 0.75,
            "pseudo_val_score": -0.020989,
            "pseudo_val_nll": 0.020989,
            "pseudo_val_agreement": 99.674
          },
          {
            "alpha": 1.0,
            "pseudo_val_score": -0.022437,
            "pseudo_val_nll": 0.022437,
            "pseudo_val_agreement": 99.609
          }
        ],
        "split": {
          "novel_gated_query_count": 351,
          "validation_count": 3069,
          "novel_validation_count": 69,
          "base_validation_count": 3000,
          "updated_class_count": 5,
          "per_class_counts": {
            "60": 64,
            "61": 77,
            "62": 97,
            "63": 52,
            "64": 61
          },
          "per_class_update_counts": {
            "60": 51,
            "61": 62,
            "62": 78,
            "63": 42,
            "64": 49
          },
          "per_class_validation_counts": {
            "60": 13,
            "61": 15,
            "62": 19,
            "63": 10,
            "64": 12
          }
        }
      }
    },
    {
      "session": 2,
      "num_seen_classes": 70,
      "baseline_full_acc": 87.043,
      "baseline_base_acc": 89.167,
      "baseline_novel_acc": 74.3,
      "selected_alpha": 0.5,
      "final_full_acc": 88.0,
      "final_base_acc": 89.067,
      "final_novel_acc": 81.6,
      "final_gain": 0.957,
      "updated_class_count": 10,
      "gated_query_count": 777,
      "gated_base_count": 23,
      "gated_novel_count": 754,
      "alpha_selection": {
        "mode": "pseudo_validation",
        "fallback_used": false,
        "selected_alpha": 0.5,
        "candidates": [
          {
            "alpha": 0.5,
            "pseudo_val_score": -0.038523,
            "pseudo_val_nll": 0.038523,
            "pseudo_val_agreement": 99.651
          },
          {
            "alpha": 0.75,
            "pseudo_val_score": -0.040464,
            "pseudo_val_nll": 0.040464,
            "pseudo_val_agreement": 99.303
          },
          {
            "alpha": 1.0,
            "pseudo_val_score": -0.043748,
            "pseudo_val_nll": 0.043748,
            "pseudo_val_agreement": 99.144
          }
        ],
        "split": {
          "novel_gated_query_count": 777,
          "validation_count": 3155,
          "novel_validation_count": 155,
          "base_validation_count": 3000,
          "updated_class_count": 10,
          "per_class_counts": {
            "60": 58,
            "61": 78,
            "62": 97,
            "63": 50,
            "64": 60,
            "65": 72,
            "66": 92,
            "67": 88,
            "68": 91,
            "69": 91
          },
          "per_class_update_counts": {
            "60": 46,
            "61": 62,
            "62": 78,
            "63": 40,
            "64": 48,
            "65": 58,
            "66": 74,
            "67": 70,
            "68": 73,
            "69": 73
          },
          "per_class_validation_counts": {
            "60": 12,
            "61": 16,
            "62": 19,
            "63": 10,
            "64": 12,
            "65": 14,
            "66": 18,
            "67": 18,
            "68": 18,
            "69": 18
          }
        }
      }
    },
    {
      "session": 3,
      "num_seen_classes": 75,
      "baseline_full_acc": 84.693,
      "baseline_base_acc": 89.133,
      "baseline_novel_acc": 66.933,
      "selected_alpha": 0.5,
      "final_full_acc": 86.333,
      "final_base_acc": 88.85,
      "final_novel_acc": 76.267,
      "final_gain": 1.64,
      "updated_class_count": 15,
      "gated_query_count": 1088,
      "gated_base_count": 38,
      "gated_novel_count": 1050,
      "alpha_selection": {
        "mode": "pseudo_validation",
        "fallback_used": false,
        "selected_alpha": 0.5,
        "candidates": [
          {
            "alpha": 0.5,
            "pseudo_val_score": -0.055076,
            "pseudo_val_nll": 0.055076,
            "pseudo_val_agreement": 99.41
          },
          {
            "alpha": 0.75,
            "pseudo_val_score": -0.058672,
            "pseudo_val_nll": 0.058672,
            "pseudo_val_agreement": 99.099
          },
          {
            "alpha": 1.0,
            "pseudo_val_score": -0.063963,
            "pseudo_val_nll": 0.063963,
            "pseudo_val_agreement": 98.509
          }
        ],
        "split": {
          "novel_gated_query_count": 1088,
          "validation_count": 3220,
          "novel_validation_count": 220,
          "base_validation_count": 3000,
          "updated_class_count": 15,
          "per_class_counts": {
            "60": 60,
            "61": 79,
            "62": 103,
            "63": 50,
            "64": 60,
            "65": 73,
            "66": 94,
            "67": 83,
            "68": 93,
            "69": 90,
            "70": 88,
            "71": 68,
            "72": 40,
            "73": 86,
            "74": 21
          },
          "per_class_update_counts": {
            "60": 48,
            "61": 63,
            "62": 82,
            "63": 40,
            "64": 48,
            "65": 58,
            "66": 75,
            "67": 66,
            "68": 74,
            "69": 72,
            "70": 70,
            "71": 54,
            "72": 32,
            "73": 69,
            "74": 17
          },
          "per_class_validation_counts": {
            "60": 12,
            "61": 16,
            "62": 21,
            "63": 10,
            "64": 12,
            "65": 15,
            "66": 19,
            "67": 17,
            "68": 19,
            "69": 18,
            "70": 18,
            "71": 14,
            "72": 8,
            "73": 17,
            "74": 4
          }
        }
      }
    },
    {
      "session": 4,
      "num_seen_classes": 80,
      "baseline_full_acc": 84.675,
      "baseline_base_acc": 89.017,
      "baseline_novel_acc": 71.65,
      "selected_alpha": 0.5,
      "final_full_acc": 86.338,
      "final_base_acc": 88.733,
      "final_novel_acc": 79.15,
      "final_gain": 1.663,
      "updated_class_count": 20,
      "gated_query_count": 1529,
      "gated_base_count": 42,
      "gated_novel_count": 1487,
      "alpha_selection": {
        "mode": "pseudo_validation",
        "fallback_used": false,
        "selected_alpha": 0.5,
        "candidates": [
          {
            "alpha": 0.5,
            "pseudo_val_score": -0.071058,
            "pseudo_val_nll": 0.071058,
            "pseudo_val_agreement": 99.153
          },
          {
            "alpha": 0.75,
            "pseudo_val_score": -0.07593,
            "pseudo_val_nll": 0.07593,
            "pseudo_val_agreement": 98.76
          },
          {
            "alpha": 1.0,
            "pseudo_val_score": -0.082991,
            "pseudo_val_nll": 0.082991,
            "pseudo_val_agreement": 98.125
          }
        ],
        "split": {
          "novel_gated_query_count": 1529,
          "validation_count": 3306,
          "novel_validation_count": 306,
          "base_validation_count": 3000,
          "updated_class_count": 20,
          "per_class_counts": {
            "60": 58,
            "61": 77,
            "62": 104,
            "63": 50,
            "64": 60,
            "65": 73,
            "66": 95,
            "67": 83,
            "68": 93,
            "69": 92,
            "70": 88,
            "71": 65,
            "72": 39,
            "73": 86,
            "74": 21,
            "75": 91,
            "76": 91,
            "77": 86,
            "78": 96,
            "79": 81
          },
          "per_class_update_counts": {
            "60": 46,
            "61": 62,
            "62": 83,
            "63": 40,
            "64": 48,
            "65": 58,
            "66": 76,
            "67": 66,
            "68": 74,
            "69": 74,
            "70": 70,
            "71": 52,
            "72": 31,
            "73": 69,
            "74": 17,
            "75": 73,
            "76": 73,
            "77": 69,
            "78": 77,
            "79": 65
          },
          "per_class_validation_counts": {
            "60": 12,
            "61": 15,
            "62": 21,
            "63": 10,
            "64": 12,
            "65": 15,
            "66": 19,
            "67": 17,
            "68": 19,
            "69": 18,
            "70": 18,
            "71": 13,
            "72": 8,
            "73": 17,
            "74": 4,
            "75": 18,
            "76": 18,
            "77": 17,
            "78": 19,
            "79": 16
          }
        }
      }
    },
    {
      "session": 5,
      "num_seen_classes": 85,
      "baseline_full_acc": 84.459,
      "baseline_base_acc": 88.933,
      "baseline_novel_acc": 73.72,
      "selected_alpha": 0.5,
      "final_full_acc": 86.188,
      "final_base_acc": 88.55,
      "final_novel_acc": 80.52,
      "final_gain": 1.729,
      "updated_class_count": 25,
      "gated_query_count": 1959,
      "gated_base_count": 56,
      "gated_novel_count": 1903,
      "alpha_selection": {
        "mode": "pseudo_validation",
        "fallback_used": false,
        "selected_alpha": 0.5,
        "candidates": [
          {
            "alpha": 0.5,
            "pseudo_val_score": -0.086607,
            "pseudo_val_nll": 0.086607,
            "pseudo_val_agreement": 99.027
          },
          {
            "alpha": 0.75,
            "pseudo_val_score": -0.09303,
            "pseudo_val_nll": 0.09303,
            "pseudo_val_agreement": 98.496
          },
          {
            "alpha": 1.0,
            "pseudo_val_score": -0.102669,
            "pseudo_val_nll": 0.102669,
            "pseudo_val_agreement": 97.583
          }
        ],
        "split": {
          "novel_gated_query_count": 1959,
          "validation_count": 3392,
          "novel_validation_count": 392,
          "base_validation_count": 3000,
          "updated_class_count": 25,
          "per_class_counts": {
            "60": 59,
            "61": 78,
            "62": 106,
            "63": 50,
            "64": 60,
            "65": 73,
            "66": 95,
            "67": 84,
            "68": 93,
            "69": 92,
            "70": 87,
            "71": 66,
            "72": 39,
            "73": 86,
            "74": 22,
            "75": 93,
            "76": 91,
            "77": 85,
            "78": 96,
            "79": 81,
            "80": 69,
            "81": 89,
            "82": 99,
            "83": 95,
            "84": 71
          },
          "per_class_update_counts": {
            "60": 47,
            "61": 62,
            "62": 85,
            "63": 40,
            "64": 48,
            "65": 58,
            "66": 76,
            "67": 67,
            "68": 74,
            "69": 74,
            "70": 70,
            "71": 53,
            "72": 31,
            "73": 69,
            "74": 18,
            "75": 74,
            "76": 73,
            "77": 68,
            "78": 77,
            "79": 65,
            "80": 55,
            "81": 71,
            "82": 79,
            "83": 76,
            "84": 57
          },
          "per_class_validation_counts": {
            "60": 12,
            "61": 16,
            "62": 21,
            "63": 10,
            "64": 12,
            "65": 15,
            "66": 19,
            "67": 17,
            "68": 19,
            "69": 18,
            "70": 17,
            "71": 13,
            "72": 8,
            "73": 17,
            "74": 4,
            "75": 19,
            "76": 18,
            "77": 17,
            "78": 19,
            "79": 16,
            "80": 14,
            "81": 18,
            "82": 20,
            "83": 19,
            "84": 14
          }
        }
      }
    },
    {
      "session": 6,
      "num_seen_classes": 90,
      "baseline_full_acc": 84.578,
      "baseline_base_acc": 88.833,
      "baseline_novel_acc": 76.067,
      "selected_alpha": 0.5,
      "final_full_acc": 86.389,
      "final_base_acc": 88.383,
      "final_novel_acc": 82.4,
      "final_gain": 1.811,
      "updated_class_count": 30,
      "gated_query_count": 2413,
      "gated_base_count": 65,
      "gated_novel_count": 2348,
      "alpha_selection": {
        "mode": "pseudo_validation",
        "fallback_used": false,
        "selected_alpha": 0.5,
        "candidates": [
          {
            "alpha": 0.5,
            "pseudo_val_score": -0.100816,
            "pseudo_val_nll": 0.100816,
            "pseudo_val_agreement": 98.995
          },
          {
            "alpha": 0.75,
            "pseudo_val_score": -0.107374,
            "pseudo_val_nll": 0.107374,
            "pseudo_val_agreement": 98.277
          },
          {
            "alpha": 1.0,
            "pseudo_val_score": -0.117641,
            "pseudo_val_nll": 0.117641,
            "pseudo_val_agreement": 97.3
          }
        ],
        "split": {
          "novel_gated_query_count": 2413,
          "validation_count": 3482,
          "novel_validation_count": 482,
          "base_validation_count": 3000,
          "updated_class_count": 30,
          "per_class_counts": {
            "60": 59,
            "61": 78,
            "62": 107,
            "63": 50,
            "64": 60,
            "65": 73,
            "66": 95,
            "67": 84,
            "68": 93,
            "69": 92,
            "70": 87,
            "71": 66,
            "72": 39,
            "73": 87,
            "74": 22,
            "75": 92,
            "76": 91,
            "77": 85,
            "78": 94,
            "79": 81,
            "80": 69,
            "81": 89,
            "82": 99,
            "83": 95,
            "84": 72,
            "85": 93,
            "86": 89,
            "87": 86,
            "88": 87,
            "89": 99
          },
          "per_class_update_counts": {
            "60": 47,
            "61": 62,
            "62": 86,
            "63": 40,
            "64": 48,
            "65": 58,
            "66": 76,
            "67": 67,
            "68": 74,
            "69": 74,
            "70": 70,
            "71": 53,
            "72": 31,
            "73": 70,
            "74": 18,
            "75": 74,
            "76": 73,
            "77": 68,
            "78": 75,
            "79": 65,
            "80": 55,
            "81": 71,
            "82": 79,
            "83": 76,
            "84": 58,
            "85": 74,
            "86": 71,
            "87": 69,
            "88": 70,
            "89": 79
          },
          "per_class_validation_counts": {
            "60": 12,
            "61": 16,
            "62": 21,
            "63": 10,
            "64": 12,
            "65": 15,
            "66": 19,
            "67": 17,
            "68": 19,
            "69": 18,
            "70": 17,
            "71": 13,
            "72": 8,
            "73": 17,
            "74": 4,
            "75": 18,
            "76": 18,
            "77": 17,
            "78": 19,
            "79": 16,
            "80": 14,
            "81": 18,
            "82": 20,
            "83": 19,
            "84": 14,
            "85": 19,
            "86": 18,
            "87": 17,
            "88": 17,
            "89": 20
          }
        }
      }
    },
    {
      "session": 7,
      "num_seen_classes": 95,
      "baseline_full_acc": 84.263,
      "baseline_base_acc": 88.667,
      "baseline_novel_acc": 76.714,
      "selected_alpha": 0.5,
      "final_full_acc": 86.274,
      "final_base_acc": 88.317,
      "final_novel_acc": 82.771,
      "final_gain": 2.011,
      "updated_class_count": 35,
      "gated_query_count": 2857,
      "gated_base_count": 74,
      "gated_novel_count": 2783,
      "alpha_selection": {
        "mode": "pseudo_validation",
        "fallback_used": false,
        "selected_alpha": 0.5,
        "candidates": [
          {
            "alpha": 0.5,
            "pseudo_val_score": -0.119148,
            "pseudo_val_nll": 0.119148,
            "pseudo_val_agreement": 98.796
          },
          {
            "alpha": 0.75,
            "pseudo_val_score": -0.127384,
            "pseudo_val_nll": 0.127384,
            "pseudo_val_agreement": 97.872
          },
          {
            "alpha": 1.0,
            "pseudo_val_score": -0.139629,
            "pseudo_val_nll": 0.139629,
            "pseudo_val_agreement": 96.809
          }
        ],
        "split": {
          "novel_gated_query_count": 2857,
          "validation_count": 3572,
          "novel_validation_count": 572,
          "base_validation_count": 3000,
          "updated_class_count": 35,
          "per_class_counts": {
            "60": 59,
            "61": 80,
            "62": 106,
            "63": 50,
            "64": 59,
            "65": 74,
            "66": 95,
            "67": 84,
            "68": 93,
            "69": 92,
            "70": 88,
            "71": 66,
            "72": 41,
            "73": 87,
            "74": 22,
            "75": 93,
            "76": 91,
            "77": 87,
            "78": 94,
            "79": 81,
            "80": 69,
            "81": 82,
            "82": 99,
            "83": 96,
            "84": 73,
            "85": 93,
            "86": 89,
            "87": 87,
            "88": 86,
            "89": 100,
            "90": 99,
            "91": 85,
            "92": 88,
            "93": 79,
            "94": 90
          },
          "per_class_update_counts": {
            "60": 47,
            "61": 64,
            "62": 85,
            "63": 40,
            "64": 47,
            "65": 59,
            "66": 76,
            "67": 67,
            "68": 74,
            "69": 74,
            "70": 70,
            "71": 53,
            "72": 33,
            "73": 70,
            "74": 18,
            "75": 74,
            "76": 73,
            "77": 70,
            "78": 75,
            "79": 65,
            "80": 55,
            "81": 66,
            "82": 79,
            "83": 77,
            "84": 58,
            "85": 74,
            "86": 71,
            "87": 70,
            "88": 69,
            "89": 80,
            "90": 79,
            "91": 68,
            "92": 70,
            "93": 63,
            "94": 72
          },
          "per_class_validation_counts": {
            "60": 12,
            "61": 16,
            "62": 21,
            "63": 10,
            "64": 12,
            "65": 15,
            "66": 19,
            "67": 17,
            "68": 19,
            "69": 18,
            "70": 18,
            "71": 13,
            "72": 8,
            "73": 17,
            "74": 4,
            "75": 19,
            "76": 18,
            "77": 17,
            "78": 19,
            "79": 16,
            "80": 14,
            "81": 16,
            "82": 20,
            "83": 19,
            "84": 15,
            "85": 19,
            "86": 18,
            "87": 17,
            "88": 17,
            "89": 20,
            "90": 20,
            "91": 17,
            "92": 18,
            "93": 16,
            "94": 18
          }
        }
      }
    },
    {
      "session": 8,
      "num_seen_classes": 100,
      "baseline_full_acc": 82.6,
      "baseline_base_acc": 88.083,
      "baseline_novel_acc": 74.375,
      "selected_alpha": 0.5,
      "final_full_acc": 84.87,
      "final_base_acc": 87.75,
      "final_novel_acc": 80.55,
      "final_gain": 2.27,
      "updated_class_count": 40,
      "gated_query_count": 3167,
      "gated_base_count": 75,
      "gated_novel_count": 3092,
      "alpha_selection": {
        "mode": "pseudo_validation",
        "fallback_used": false,
        "selected_alpha": 0.5,
        "candidates": [
          {
            "alpha": 0.5,
            "pseudo_val_score": -0.129329,
            "pseudo_val_nll": 0.129329,
            "pseudo_val_agreement": 98.651
          },
          {
            "alpha": 0.75,
            "pseudo_val_score": -0.138448,
            "pseudo_val_nll": 0.138448,
            "pseudo_val_agreement": 97.55
          },
          {
            "alpha": 1.0,
            "pseudo_val_score": -0.15242,
            "pseudo_val_nll": 0.15242,
            "pseudo_val_agreement": 96.532
          }
        ],
        "split": {
          "novel_gated_query_count": 3167,
          "validation_count": 3633,
          "novel_validation_count": 633,
          "base_validation_count": 3000,
          "updated_class_count": 40,
          "per_class_counts": {
            "60": 59,
            "61": 80,
            "62": 104,
            "63": 51,
            "64": 59,
            "65": 76,
            "66": 96,
            "67": 84,
            "68": 92,
            "69": 92,
            "70": 87,
            "71": 66,
            "72": 39,
            "73": 89,
            "74": 24,
            "75": 89,
            "76": 91,
            "77": 87,
            "78": 93,
            "79": 81,
            "80": 69,
            "81": 82,
            "82": 99,
            "83": 95,
            "84": 74,
            "85": 93,
            "86": 89,
            "87": 86,
            "88": 85,
            "89": 100,
            "90": 99,
            "91": 86,
            "92": 85,
            "93": 79,
            "94": 90,
            "95": 62,
            "96": 48,
            "97": 92,
            "98": 21,
            "99": 94
          },
          "per_class_update_counts": {
            "60": 47,
            "61": 64,
            "62": 83,
            "63": 41,
            "64": 47,
            "65": 61,
            "66": 77,
            "67": 67,
            "68": 74,
            "69": 74,
            "70": 70,
            "71": 53,
            "72": 31,
            "73": 71,
            "74": 19,
            "75": 71,
            "76": 73,
            "77": 70,
            "78": 74,
            "79": 65,
            "80": 55,
            "81": 66,
            "82": 79,
            "83": 76,
            "84": 59,
            "85": 74,
            "86": 71,
            "87": 69,
            "88": 68,
            "89": 80,
            "90": 79,
            "91": 69,
            "92": 68,
            "93": 63,
            "94": 72,
            "95": 50,
            "96": 38,
            "97": 74,
            "98": 17,
            "99": 75
          },
          "per_class_validation_counts": {
            "60": 12,
            "61": 16,
            "62": 21,
            "63": 10,
            "64": 12,
            "65": 15,
            "66": 19,
            "67": 17,
            "68": 18,
            "69": 18,
            "70": 17,
            "71": 13,
            "72": 8,
            "73": 18,
            "74": 5,
            "75": 18,
            "76": 18,
            "77": 17,
            "78": 19,
            "79": 16,
            "80": 14,
            "81": 16,
            "82": 20,
            "83": 19,
            "84": 15,
            "85": 19,
            "86": 18,
            "87": 17,
            "88": 17,
            "89": 20,
            "90": 20,
            "91": 17,
            "92": 17,
            "93": 16,
            "94": 18,
            "95": 12,
            "96": 10,
            "97": 18,
            "98": 4,
            "99": 19
          }
        }
      }
    }
  ]
}
