/media/ndag/newVolume/BiMC-test/models/clip/clip.py:23: UserWarning: PyTorch version 1.7.1 or higher is recommended
  warnings.warn("PyTorch version 1.7.1 or higher is recommended")
manual seed: 10
use gpu: ['0']
Loading CLIP (backbone: ViT-B/16)
Prompt template:['a photo of a {}.']
Loading DinoV2 ViT-B/14 from local hub: /home/ndag/.cache/torch/hub/facebookresearch_dinov2_main
/home/ndag/.cache/torch/hub/facebookresearch_dinov2_main/dinov2/layers/swiglu_ffn.py:51: UserWarning: xFormers is not available (SwiGLU)
  warnings.warn("xFormers is not available (SwiGLU)")
/home/ndag/.cache/torch/hub/facebookresearch_dinov2_main/dinov2/layers/attention.py:36: UserWarning: xFormers is not available (Attention)
  warnings.warn("xFormers is not available (Attention)")
/home/ndag/.cache/torch/hub/facebookresearch_dinov2_main/dinov2/layers/block.py:40: UserWarning: xFormers is not available (Block)
  warnings.warn("xFormers is not available (Block)")
Loading DinoV2 weights: /home/ndag/.cache/torch/hub/checkpoints/dinov2_vitb14_pretrain.pth
class names: ['Black footed Albatross' 'Laysan Albatross' 'Sooty Albatross'
 'Groove billed Ani' 'Crested Auklet' 'Least Auklet' 'Parakeet Auklet'
 'Rhinoceros Auklet' 'Brewer Blackbird' 'Red winged Blackbird'
 'Rusty Blackbird' 'Yellow headed Blackbird' 'Bobolink' 'Indigo Bunting'
 'Lazuli Bunting' 'Painted Bunting' 'Cardinal' 'Spotted Catbird'
 'Gray Catbird' 'Yellow breasted Chat' 'Eastern Towhee' 'Chuck will Widow'
 'Brandt Cormorant' 'Red faced Cormorant' 'Pelagic Cormorant'
 'Bronzed Cowbird' 'Shiny Cowbird' 'Brown Creeper' 'American Crow'
 'Fish Crow' 'Black billed Cuckoo' 'Mangrove Cuckoo'
 'Yellow billed Cuckoo' 'Gray crowned Rosy Finch' 'Purple Finch'
 'Northern Flicker' 'Acadian Flycatcher' 'Great Crested Flycatcher'
 'Least Flycatcher' 'Olive sided Flycatcher' 'Scissor tailed Flycatcher'
 'Vermilion Flycatcher' 'Yellow bellied Flycatcher' 'Frigatebird'
 'Northern Fulmar' 'Gadwall' 'American Goldfinch' 'European Goldfinch'
 'Boat tailed Grackle' 'Eared Grebe' 'Horned Grebe' 'Pied billed Grebe'
 'Western Grebe' 'Blue Grosbeak' 'Evening Grosbeak' 'Pine Grosbeak'
 'Rose breasted Grosbeak' 'Pigeon Guillemot' 'California Gull'
 'Glaucous winged Gull' 'Heermann Gull' 'Herring Gull' 'Ivory Gull'
 'Ring billed Gull' 'Slaty backed Gull' 'Western Gull' 'Anna Hummingbird'
 'Ruby throated Hummingbird' 'Rufous Hummingbird' 'Green Violetear'
 'Long tailed Jaeger' 'Pomarine Jaeger' 'Blue Jay' 'Florida Jay'
 'Green Jay' 'Dark eyed Junco' 'Tropical Kingbird' 'Gray Kingbird'
 'Belted Kingfisher' 'Green Kingfisher' 'Pied Kingfisher'
 'Ringed Kingfisher' 'White breasted Kingfisher' 'Red legged Kittiwake'
 'Horned Lark' 'Pacific Loon' 'Mallard' 'Western Meadowlark'
 'Hooded Merganser' 'Red breasted Merganser' 'Mockingbird' 'Nighthawk'
 'Clark Nutcracker' 'White breasted Nuthatch' 'Baltimore Oriole'
 'Hooded Oriole' 'Orchard Oriole' 'Scott Oriole' 'Ovenbird'
 'Brown Pelican']
all targets:tensor([ 0,  1,  2,  3,  4,  5,  6,  7,  8,  9, 10, 11, 12, 13, 14, 15, 16, 17,
        18, 19, 20, 21, 22, 23, 24, 25, 26, 27, 28, 29, 30, 31, 32, 33, 34, 35,
        36, 37, 38, 39, 40, 41, 42, 43, 44, 45, 46, 47, 48, 49, 50, 51, 52, 53,
        54, 55, 56, 57, 58, 59, 60, 61, 62, 63, 64, 65, 66, 67, 68, 69, 70, 71,
        72, 73, 74, 75, 76, 77, 78, 79, 80, 81, 82, 83, 84, 85, 86, 87, 88, 89,
        90, 91, 92, 93, 94, 95, 96, 97, 98, 99], device='cuda:0')
dino all targets:tensor([ 0,  1,  2,  3,  4,  5,  6,  7,  8,  9, 10, 11, 12, 13, 14, 15, 16, 17,
        18, 19, 20, 21, 22, 23, 24, 25, 26, 27, 28, 29, 30, 31, 32, 33, 34, 35,
        36, 37, 38, 39, 40, 41, 42, 43, 44, 45, 46, 47, 48, 49, 50, 51, 52, 53,
        54, 55, 56, 57, 58, 59, 60, 61, 62, 63, 64, 65, 66, 67, 68, 69, 70, 71,
        72, 73, 74, 75, 76, 77, 78, 79, 80, 81, 82, 83, 84, 85, 86, 87, 88, 89,
        90, 91, 92, 93, 94, 95, 96, 97, 98, 99], device='cuda:0')
finish loading CLIP/DinoV2 covariance
class names: ['White Pelican' 'Western Wood Pewee' 'Sayornis' 'American Pipit'
 'Whip poor Will' 'Horned Puffin' 'Common Raven' 'White necked Raven'
 'American Redstart' 'Geococcyx']
all targets:tensor([100, 101, 102, 103, 104, 105, 106, 107, 108, 109], device='cuda:0')
dino all targets:tensor([100, 101, 102, 103, 104, 105, 106, 107, 108, 109], device='cuda:0')
finish loading CLIP/DinoV2 covariance
class names: ['Loggerhead Shrike' 'Great Grey Shrike' 'Baird Sparrow'
 'Black throated Sparrow' 'Brewer Sparrow' 'Chipping Sparrow'
 'Clay colored Sparrow' 'House Sparrow' 'Field Sparrow' 'Fox Sparrow']
all targets:tensor([110, 111, 112, 113, 114, 115, 116, 117, 118, 119], device='cuda:0')
dino all targets:tensor([110, 111, 112, 113, 114, 115, 116, 117, 118, 119], device='cuda:0')
finish loading CLIP/DinoV2 covariance
class names: ['Grasshopper Sparrow' 'Harris Sparrow' 'Henslow Sparrow'
 'Le Conte Sparrow' 'Lincoln Sparrow' 'Nelson Sharp tailed Sparrow'
 'Savannah Sparrow' 'Seaside Sparrow' 'Song Sparrow' 'Tree Sparrow']
all targets:tensor([120, 121, 122, 123, 124, 125, 126, 127, 128, 129], device='cuda:0')
dino all targets:tensor([120, 121, 122, 123, 124, 125, 126, 127, 128, 129], device='cuda:0')
finish loading CLIP/DinoV2 covariance
class names: ['Vesper Sparrow' 'White crowned Sparrow' 'White throated Sparrow'
 'Cape Glossy Starling' 'Bank Swallow' 'Barn Swallow' 'Cliff Swallow'
 'Tree Swallow' 'Scarlet Tanager' 'Summer Tanager']
all targets:tensor([130, 131, 132, 133, 134, 135, 136, 137, 138, 139], device='cuda:0')
dino all targets:tensor([130, 131, 132, 133, 134, 135, 136, 137, 138, 139], device='cuda:0')
finish loading CLIP/DinoV2 covariance
class names: ['Artic Tern' 'Black Tern' 'Caspian Tern' 'Common Tern' 'Elegant Tern'
 'Forsters Tern' 'Least Tern' 'Green tailed Towhee' 'Brown Thrasher'
 'Sage Thrasher']
all targets:tensor([140, 141, 142, 143, 144, 145, 146, 147, 148, 149], device='cuda:0')
dino all targets:tensor([140, 141, 142, 143, 144, 145, 146, 147, 148, 149], device='cuda:0')
finish loading CLIP/DinoV2 covariance
class names: ['Black capped Vireo' 'Blue headed Vireo' 'Philadelphia Vireo'
 'Red eyed Vireo' 'Warbling Vireo' 'White eyed Vireo'
 'Yellow throated Vireo' 'Bay breasted Warbler' 'Black and white Warbler'
 'Black throated Blue Warbler']
all targets:tensor([150, 151, 152, 153, 154, 155, 156, 157, 158, 159], device='cuda:0')
dino all targets:tensor([150, 151, 152, 153, 154, 155, 156, 157, 158, 159], device='cuda:0')
finish loading CLIP/DinoV2 covariance
class names: ['Blue winged Warbler' 'Canada Warbler' 'Cape May Warbler'
 'Cerulean Warbler' 'Chestnut sided Warbler' 'Golden winged Warbler'
 'Hooded Warbler' 'Kentucky Warbler' 'Magnolia Warbler' 'Mourning Warbler']
all targets:tensor([160, 161, 162, 163, 164, 165, 166, 167, 168, 169], device='cuda:0')
dino all targets:tensor([160, 161, 162, 163, 164, 165, 166, 167, 168, 169], device='cuda:0')
finish loading CLIP/DinoV2 covariance
class names: ['Myrtle Warbler' 'Nashville Warbler' 'Orange crowned Warbler'
 'Palm Warbler' 'Pine Warbler' 'Prairie Warbler' 'Prothonotary Warbler'
 'Swainson Warbler' 'Tennessee Warbler' 'Wilson Warbler']
all targets:tensor([170, 171, 172, 173, 174, 175, 176, 177, 178, 179], device='cuda:0')
dino all targets:tensor([170, 171, 172, 173, 174, 175, 176, 177, 178, 179], device='cuda:0')
finish loading CLIP/DinoV2 covariance
class names: ['Worm eating Warbler' 'Yellow Warbler' 'Northern Waterthrush'
 'Louisiana Waterthrush' 'Bohemian Waxwing' 'Cedar Waxwing'
 'American Three toed Woodpecker' 'Pileated Woodpecker'
 'Red bellied Woodpecker' 'Red cockaded Woodpecker']
all targets:tensor([180, 181, 182, 183, 184, 185, 186, 187, 188, 189], device='cuda:0')
dino all targets:tensor([180, 181, 182, 183, 184, 185, 186, 187, 188, 189], device='cuda:0')
finish loading CLIP/DinoV2 covariance
class names: ['Red headed Woodpecker' 'Downy Woodpecker' 'Bewick Wren' 'Cactus Wren'
 'Carolina Wren' 'House Wren' 'Marsh Wren' 'Rock Wren' 'Winter Wren'
 'Common Yellowthroat']
all targets:tensor([190, 191, 192, 193, 194, 195, 196, 197, 198, 199], device='cuda:0')
dino all targets:tensor([190, 191, 192, 193, 194, 195, 196, 197, 198, 199], device='cuda:0')
finish loading CLIP/DinoV2 covariance
session 0: baseline=88.163 final=88.163 gain=0.000
session 1: baseline=86.478 final=86.892 gain=0.414
session 2: baseline=85.831 final=86.327 gain=0.496
session 3: baseline=85.005 final=85.274 gain=0.268
session 4: baseline=85.228 final=85.650 gain=0.422
session 5: baseline=83.773 final=84.327 gain=0.555
session 6: baseline=83.962 final=84.590 gain=0.629
session 7: baseline=84.362 final=85.034 gain=0.672
session 8: baseline=84.172 final=84.883 gain=0.711
session 9: baseline=84.565 final=85.348 gain=0.783
session 10: baseline=84.933 final=85.675 gain=0.742
{
  "dataset": "cub200",
  "seed": 10,
  "train_cfg": "experiments/bmvc_1256_20260508-124032/generated_configs/bimc_dino_fusion.yaml",
  "method": "sessionwise conservative query prototype refinement on bimc_dino_fusion with pseudo-validation alpha selection",
  "runtime_sec": 240.2,
  "alpha_grid": [
    0.5,
    0.75,
    1.0
  ],
  "alpha_selection": "pseudo_validation_no_test_labels",
  "mass_thr": 0.3,
  "min_count": 5,
  "val_fraction": 0.2,
  "base_val_conf_thr": 0.5,
  "base_val_max_per_class": 50,
  "fallback_alpha": 0.75,
  "topk_per_class": null,
  "baseline_acc_list": [
    88.163,
    86.478,
    85.831,
    85.005,
    85.228,
    83.773,
    83.962,
    84.362,
    84.172,
    84.565,
    84.933
  ],
  "final_acc_list": [
    88.163,
    86.892,
    86.327,
    85.274,
    85.65,
    84.327,
    84.59,
    85.034,
    84.883,
    85.348,
    85.675
  ],
  "gain_list": [
    0.0,
    0.414,
    0.496,
    0.268,
    0.422,
    0.555,
    0.629,
    0.672,
    0.711,
    0.783,
    0.742
  ],
  "baseline_avg": 85.134,
  "baseline_pd": 3.23,
  "final_avg": 85.651,
  "final_pd": 2.488,
  "gain_avg": 0.517,
  "session_results": [
    {
      "session": 0,
      "num_seen_classes": 100,
      "baseline_full_acc": 88.163,
      "baseline_base_acc": 88.163,
      "baseline_novel_acc": 0.0,
      "best_alpha": null,
      "final_full_acc": 88.163,
      "final_base_acc": 88.163,
      "final_novel_acc": 0.0,
      "final_gain": 0.0,
      "updated_class_count": 0,
      "gated_query_count": 0,
      "alpha_selection": {
        "mode": "not_applicable_base_session",
        "selected_alpha": null
      }
    },
    {
      "session": 1,
      "num_seen_classes": 110,
      "baseline_full_acc": 86.478,
      "baseline_base_acc": 88.059,
      "baseline_novel_acc": 70.251,
      "selected_alpha": 0.5,
      "final_full_acc": 86.892,
      "final_base_acc": 88.024,
      "final_novel_acc": 75.269,
      "final_gain": 0.414,
      "updated_class_count": 9,
      "gated_query_count": 215,
      "gated_base_count": 6,
      "gated_novel_count": 209,
      "alpha_selection": {
        "mode": "pseudo_validation",
        "fallback_used": false,
        "selected_alpha": 0.5,
        "candidates": [
          {
            "alpha": 0.5,
            "pseudo_val_score": -0.087435,
            "pseudo_val_nll": 0.087435,
            "pseudo_val_agreement": 99.582
          },
          {
            "alpha": 0.75,
            "pseudo_val_score": -0.088313,
            "pseudo_val_nll": 0.088313,
            "pseudo_val_agreement": 99.477
          },
          {
            "alpha": 1.0,
            "pseudo_val_score": -0.087445,
            "pseudo_val_nll": 0.087445,
            "pseudo_val_agreement": 99.582
          }
        ],
        "split": {
          "novel_gated_query_count": 215,
          "validation_count": 2868,
          "novel_validation_count": 43,
          "base_validation_count": 2825,
          "updated_class_count": 9,
          "per_class_counts": {
            "100": 20,
            "101": 11,
            "102": 27,
            "103": 30,
            "104": 0,
            "105": 30,
            "106": 25,
            "107": 13,
            "108": 28,
            "109": 31
          },
          "per_class_update_counts": {
            "100": 16,
            "101": 9,
            "102": 22,
            "103": 24,
            "104": 0,
            "105": 24,
            "106": 20,
            "107": 10,
            "108": 22,
            "109": 25
          },
          "per_class_validation_counts": {
            "100": 4,
            "101": 2,
            "102": 5,
            "103": 6,
            "104": 0,
            "105": 6,
            "106": 5,
            "107": 3,
            "108": 6,
            "109": 6
          }
        }
      }
    },
    {
      "session": 2,
      "num_seen_classes": 120,
      "baseline_full_acc": 85.831,
      "baseline_base_acc": 88.094,
      "baseline_novel_acc": 74.382,
      "selected_alpha": 0.5,
      "final_full_acc": 86.327,
      "final_base_acc": 88.094,
      "final_novel_acc": 77.385,
      "final_gain": 0.496,
      "updated_class_count": 19,
      "gated_query_count": 499,
      "gated_base_count": 6,
      "gated_novel_count": 493,
      "alpha_selection": {
        "mode": "pseudo_validation",
        "fallback_used": false,
        "selected_alpha": 0.5,
        "candidates": [
          {
            "alpha": 0.5,
            "pseudo_val_score": -0.098837,
            "pseudo_val_nll": 0.098837,
            "pseudo_val_agreement": 99.214
          },
          {
            "alpha": 0.75,
            "pseudo_val_score": -0.102421,
            "pseudo_val_nll": 0.102421,
            "pseudo_val_agreement": 98.975
          },
          {
            "alpha": 1.0,
            "pseudo_val_score": -0.104508,
            "pseudo_val_nll": 0.104508,
            "pseudo_val_agreement": 99.009
          }
        ],
        "split": {
          "novel_gated_query_count": 499,
          "validation_count": 2927,
          "novel_validation_count": 100,
          "base_validation_count": 2827,
          "updated_class_count": 19,
          "per_class_counts": {
            "100": 20,
            "101": 11,
            "102": 27,
            "103": 30,
            "104": 0,
            "105": 30,
            "106": 25,
            "107": 13,
            "108": 28,
            "109": 31,
            "110": 41,
            "111": 18,
            "112": 26,
            "113": 30,
            "114": 22,
            "115": 29,
            "116": 41,
            "117": 30,
            "118": 19,
            "119": 28
          },
          "per_class_update_counts": {
            "100": 16,
            "101": 9,
            "102": 22,
            "103": 24,
            "104": 0,
            "105": 24,
            "106": 20,
            "107": 10,
            "108": 22,
            "109": 25,
            "110": 33,
            "111": 14,
            "112": 21,
            "113": 24,
            "114": 18,
            "115": 23,
            "116": 33,
            "117": 24,
            "118": 15,
            "119": 22
          },
          "per_class_validation_counts": {
            "100": 4,
            "101": 2,
            "102": 5,
            "103": 6,
            "104": 0,
            "105": 6,
            "106": 5,
            "107": 3,
            "108": 6,
            "109": 6,
            "110": 8,
            "111": 4,
            "112": 5,
            "113": 6,
            "114": 4,
            "115": 6,
            "116": 8,
            "117": 6,
            "118": 4,
            "119": 6
          }
        }
      }
    },
    {
      "session": 3,
      "num_seen_classes": 130,
      "baseline_full_acc": 85.005,
      "baseline_base_acc": 88.128,
      "baseline_novel_acc": 74.653,
      "selected_alpha": 0.5,
      "final_full_acc": 85.274,
      "final_base_acc": 88.128,
      "final_novel_acc": 75.81,
      "final_gain": 0.268,
      "updated_class_count": 29,
      "gated_query_count": 799,
      "gated_base_count": 7,
      "gated_novel_count": 792,
      "alpha_selection": {
        "mode": "pseudo_validation",
        "fallback_used": false,
        "selected_alpha": 0.5,
        "candidates": [
          {
            "alpha": 0.5,
            "pseudo_val_score": -0.115314,
            "pseudo_val_nll": 0.115314,
            "pseudo_val_agreement": 98.525
          },
          {
            "alpha": 0.75,
            "pseudo_val_score": -0.120081,
            "pseudo_val_nll": 0.120081,
            "pseudo_val_agreement": 98.324
          },
          {
            "alpha": 1.0,
            "pseudo_val_score": -0.124028,
            "pseudo_val_nll": 0.124028,
            "pseudo_val_agreement": 98.291
          }
        ],
        "split": {
          "novel_gated_query_count": 799,
          "validation_count": 2984,
          "novel_validation_count": 159,
          "base_validation_count": 2825,
          "updated_class_count": 29,
          "per_class_counts": {
            "100": 20,
            "101": 11,
            "102": 27,
            "103": 30,
            "104": 0,
            "105": 30,
            "106": 25,
            "107": 13,
            "108": 28,
            "109": 30,
            "110": 41,
            "111": 18,
            "112": 27,
            "113": 30,
            "114": 20,
            "115": 39,
            "116": 40,
            "117": 37,
            "118": 20,
            "119": 25,
            "120": 31,
            "121": 30,
            "122": 30,
            "123": 33,
            "124": 37,
            "125": 26,
            "126": 32,
            "127": 25,
            "128": 33,
            "129": 11
          },
          "per_class_update_counts": {
            "100": 16,
            "101": 9,
            "102": 22,
            "103": 24,
            "104": 0,
            "105": 24,
            "106": 20,
            "107": 10,
            "108": 22,
            "109": 24,
            "110": 33,
            "111": 14,
            "112": 22,
            "113": 24,
            "114": 16,
            "115": 31,
            "116": 32,
            "117": 30,
            "118": 16,
            "119": 20,
            "120": 25,
            "121": 24,
            "122": 24,
            "123": 26,
            "124": 30,
            "125": 21,
            "126": 26,
            "127": 20,
            "128": 26,
            "129": 9
          },
          "per_class_validation_counts": {
            "100": 4,
            "101": 2,
            "102": 5,
            "103": 6,
            "104": 0,
            "105": 6,
            "106": 5,
            "107": 3,
            "108": 6,
            "109": 6,
            "110": 8,
            "111": 4,
            "112": 5,
            "113": 6,
            "114": 4,
            "115": 8,
            "116": 8,
            "117": 7,
            "118": 4,
            "119": 5,
            "120": 6,
            "121": 6,
            "122": 6,
            "123": 7,
            "124": 7,
            "125": 5,
            "126": 6,
            "127": 5,
            "128": 7,
            "129": 2
          }
        }
      }
    },
    {
      "session": 4,
      "num_seen_classes": 140,
      "baseline_full_acc": 85.228,
      "baseline_base_acc": 88.128,
      "baseline_novel_acc": 78.093,
      "selected_alpha": 0.5,
      "final_full_acc": 85.65,
      "final_base_acc": 88.094,
      "final_novel_acc": 79.639,
      "final_gain": 0.422,
      "updated_class_count": 39,
      "gated_query_count": 1092,
      "gated_base_count": 7,
      "gated_novel_count": 1085,
      "alpha_selection": {
        "mode": "pseudo_validation",
        "fallback_used": false,
        "selected_alpha": 0.5,
        "candidates": [
          {
            "alpha": 0.5,
            "pseudo_val_score": -0.130581,
            "pseudo_val_nll": 0.130581,
            "pseudo_val_agreement": 98.068
          },
          {
            "alpha": 0.75,
            "pseudo_val_score": -0.138716,
            "pseudo_val_nll": 0.138716,
            "pseudo_val_agreement": 97.773
          },
          {
            "alpha": 1.0,
            "pseudo_val_score": -0.145729,
            "pseudo_val_nll": 0.145729,
            "pseudo_val_agreement": 97.511
          }
        ],
        "split": {
          "novel_gated_query_count": 1092,
          "validation_count": 3054,
          "novel_validation_count": 220,
          "base_validation_count": 2834,
          "updated_class_count": 39,
          "per_class_counts": {
            "100": 20,
            "101": 11,
            "102": 27,
            "103": 30,
            "104": 0,
            "105": 30,
            "106": 25,
            "107": 13,
            "108": 29,
            "109": 30,
            "110": 41,
            "111": 18,
            "112": 23,
            "113": 30,
            "114": 20,
            "115": 38,
            "116": 39,
            "117": 38,
            "118": 20,
            "119": 25,
            "120": 31,
            "121": 30,
            "122": 30,
            "123": 33,
            "124": 36,
            "125": 26,
            "126": 31,
            "127": 25,
            "128": 34,
            "129": 10,
            "130": 36,
            "131": 30,
            "132": 31,
            "133": 28,
            "134": 29,
            "135": 26,
            "136": 27,
            "137": 33,
            "138": 29,
            "139": 30
          },
          "per_class_update_counts": {
            "100": 16,
            "101": 9,
            "102": 22,
            "103": 24,
            "104": 0,
            "105": 24,
            "106": 20,
            "107": 10,
            "108": 23,
            "109": 24,
            "110": 33,
            "111": 14,
            "112": 18,
            "113": 24,
            "114": 16,
            "115": 30,
            "116": 31,
            "117": 30,
            "118": 16,
            "119": 20,
            "120": 25,
            "121": 24,
            "122": 24,
            "123": 26,
            "124": 29,
            "125": 21,
            "126": 25,
            "127": 20,
            "128": 27,
            "129": 8,
            "130": 29,
            "131": 24,
            "132": 25,
            "133": 22,
            "134": 23,
            "135": 21,
            "136": 22,
            "137": 26,
            "138": 23,
            "139": 24
          },
          "per_class_validation_counts": {
            "100": 4,
            "101": 2,
            "102": 5,
            "103": 6,
            "104": 0,
            "105": 6,
            "106": 5,
            "107": 3,
            "108": 6,
            "109": 6,
            "110": 8,
            "111": 4,
            "112": 5,
            "113": 6,
            "114": 4,
            "115": 8,
            "116": 8,
            "117": 8,
            "118": 4,
            "119": 5,
            "120": 6,
            "121": 6,
            "122": 6,
            "123": 7,
            "124": 7,
            "125": 5,
            "126": 6,
            "127": 5,
            "128": 7,
            "129": 2,
            "130": 7,
            "131": 6,
            "132": 6,
            "133": 6,
            "134": 6,
            "135": 5,
            "136": 5,
            "137": 7,
            "138": 6,
            "139": 6
          }
        }
      }
    },
    {
      "session": 5,
      "num_seen_classes": 150,
      "baseline_full_acc": 83.773,
      "baseline_base_acc": 88.128,
      "baseline_novel_acc": 75.239,
      "selected_alpha": 0.5,
      "final_full_acc": 84.327,
      "final_base_acc": 88.059,
      "final_novel_acc": 77.018,
      "final_gain": 0.555,
      "updated_class_count": 49,
      "gated_query_count": 1390,
      "gated_base_count": 9,
      "gated_novel_count": 1381,
      "alpha_selection": {
        "mode": "pseudo_validation",
        "fallback_used": false,
        "selected_alpha": 0.5,
        "candidates": [
          {
            "alpha": 0.5,
            "pseudo_val_score": -0.145229,
            "pseudo_val_nll": 0.145229,
            "pseudo_val_agreement": 97.528
          },
          {
            "alpha": 0.75,
            "pseudo_val_score": -0.155809,
            "pseudo_val_nll": 0.155809,
            "pseudo_val_agreement": 97.143
          },
          {
            "alpha": 1.0,
            "pseudo_val_score": -0.165418,
            "pseudo_val_nll": 0.165418,
            "pseudo_val_agreement": 96.886
          }
        ],
        "split": {
          "novel_gated_query_count": 1390,
          "validation_count": 3115,
          "novel_validation_count": 280,
          "base_validation_count": 2835,
          "updated_class_count": 49,
          "per_class_counts": {
            "100": 20,
            "101": 11,
            "102": 27,
            "103": 30,
            "104": 0,
            "105": 30,
            "106": 25,
            "107": 13,
            "108": 29,
            "109": 30,
            "110": 41,
            "111": 18,
            "112": 23,
            "113": 30,
            "114": 20,
            "115": 38,
            "116": 39,
            "117": 38,
            "118": 20,
            "119": 25,
            "120": 31,
            "121": 30,
            "122": 30,
            "123": 33,
            "124": 36,
            "125": 26,
            "126": 31,
            "127": 25,
            "128": 34,
            "129": 10,
            "130": 36,
            "131": 30,
            "132": 31,
            "133": 28,
            "134": 29,
            "135": 26,
            "136": 27,
            "137": 33,
            "138": 29,
            "139": 30,
            "140": 20,
            "141": 26,
            "142": 14,
            "143": 50,
            "144": 38,
            "145": 32,
            "146": 30,
            "147": 29,
            "148": 30,
            "149": 29
          },
          "per_class_update_counts": {
            "100": 16,
            "101": 9,
            "102": 22,
            "103": 24,
            "104": 0,
            "105": 24,
            "106": 20,
            "107": 10,
            "108": 23,
            "109": 24,
            "110": 33,
            "111": 14,
            "112": 18,
            "113": 24,
            "114": 16,
            "115": 30,
            "116": 31,
            "117": 30,
            "118": 16,
            "119": 20,
            "120": 25,
            "121": 24,
            "122": 24,
            "123": 26,
            "124": 29,
            "125": 21,
            "126": 25,
            "127": 20,
            "128": 27,
            "129": 8,
            "130": 29,
            "131": 24,
            "132": 25,
            "133": 22,
            "134": 23,
            "135": 21,
            "136": 22,
            "137": 26,
            "138": 23,
            "139": 24,
            "140": 16,
            "141": 21,
            "142": 11,
            "143": 40,
            "144": 30,
            "145": 26,
            "146": 24,
            "147": 23,
            "148": 24,
            "149": 23
          },
          "per_class_validation_counts": {
            "100": 4,
            "101": 2,
            "102": 5,
            "103": 6,
            "104": 0,
            "105": 6,
            "106": 5,
            "107": 3,
            "108": 6,
            "109": 6,
            "110": 8,
            "111": 4,
            "112": 5,
            "113": 6,
            "114": 4,
            "115": 8,
            "116": 8,
            "117": 8,
            "118": 4,
            "119": 5,
            "120": 6,
            "121": 6,
            "122": 6,
            "123": 7,
            "124": 7,
            "125": 5,
            "126": 6,
            "127": 5,
            "128": 7,
            "129": 2,
            "130": 7,
            "131": 6,
            "132": 6,
            "133": 6,
            "134": 6,
            "135": 5,
            "136": 5,
            "137": 7,
            "138": 6,
            "139": 6,
            "140": 4,
            "141": 5,
            "142": 3,
            "143": 10,
            "144": 8,
            "145": 6,
            "146": 6,
            "147": 6,
            "148": 6,
            "149": 6
          }
        }
      }
    },
    {
      "session": 6,
      "num_seen_classes": 160,
      "baseline_full_acc": 83.962,
      "baseline_base_acc": 88.024,
      "baseline_novel_acc": 77.314,
      "selected_alpha": 0.5,
      "final_full_acc": 84.59,
      "final_base_acc": 87.954,
      "final_novel_acc": 79.086,
      "final_gain": 0.629,
      "updated_class_count": 59,
      "gated_query_count": 1683,
      "gated_base_count": 14,
      "gated_novel_count": 1669,
      "alpha_selection": {
        "mode": "pseudo_validation",
        "fallback_used": false,
        "selected_alpha": 0.5,
        "candidates": [
          {
            "alpha": 0.5,
            "pseudo_val_score": -0.154043,
            "pseudo_val_nll": 0.154043,
            "pseudo_val_agreement": 97.185
          },
          {
            "alpha": 0.75,
            "pseudo_val_score": -0.167079,
            "pseudo_val_nll": 0.167079,
            "pseudo_val_agreement": 96.774
          },
          {
            "alpha": 1.0,
            "pseudo_val_score": -0.179422,
            "pseudo_val_nll": 0.179422,
            "pseudo_val_agreement": 96.49
          }
        ],
        "split": {
          "novel_gated_query_count": 1683,
          "validation_count": 3162,
          "novel_validation_count": 337,
          "base_validation_count": 2825,
          "updated_class_count": 59,
          "per_class_counts": {
            "100": 20,
            "101": 11,
            "102": 27,
            "103": 30,
            "104": 0,
            "105": 30,
            "106": 25,
            "107": 13,
            "108": 27,
            "109": 30,
            "110": 41,
            "111": 18,
            "112": 23,
            "113": 30,
            "114": 20,
            "115": 38,
            "116": 39,
            "117": 38,
            "118": 20,
            "119": 25,
            "120": 31,
            "121": 30,
            "122": 30,
            "123": 33,
            "124": 36,
            "125": 26,
            "126": 31,
            "127": 25,
            "128": 34,
            "129": 10,
            "130": 36,
            "131": 30,
            "132": 31,
            "133": 28,
            "134": 29,
            "135": 26,
            "136": 27,
            "137": 33,
            "138": 29,
            "139": 30,
            "140": 20,
            "141": 26,
            "142": 14,
            "143": 50,
            "144": 38,
            "145": 32,
            "146": 30,
            "147": 29,
            "148": 30,
            "149": 29,
            "150": 22,
            "151": 25,
            "152": 23,
            "153": 32,
            "154": 38,
            "155": 31,
            "156": 36,
            "157": 27,
            "158": 30,
            "159": 31
          },
          "per_class_update_counts": {
            "100": 16,
            "101": 9,
            "102": 22,
            "103": 24,
            "104": 0,
            "105": 24,
            "106": 20,
            "107": 10,
            "108": 22,
            "109": 24,
            "110": 33,
            "111": 14,
            "112": 18,
            "113": 24,
            "114": 16,
            "115": 30,
            "116": 31,
            "117": 30,
            "118": 16,
            "119": 20,
            "120": 25,
            "121": 24,
            "122": 24,
            "123": 26,
            "124": 29,
            "125": 21,
            "126": 25,
            "127": 20,
            "128": 27,
            "129": 8,
            "130": 29,
            "131": 24,
            "132": 25,
            "133": 22,
            "134": 23,
            "135": 21,
            "136": 22,
            "137": 26,
            "138": 23,
            "139": 24,
            "140": 16,
            "141": 21,
            "142": 11,
            "143": 40,
            "144": 30,
            "145": 26,
            "146": 24,
            "147": 23,
            "148": 24,
            "149": 23,
            "150": 18,
            "151": 20,
            "152": 18,
            "153": 26,
            "154": 30,
            "155": 25,
            "156": 29,
            "157": 22,
            "158": 24,
            "159": 25
          },
          "per_class_validation_counts": {
            "100": 4,
            "101": 2,
            "102": 5,
            "103": 6,
            "104": 0,
            "105": 6,
            "106": 5,
            "107": 3,
            "108": 5,
            "109": 6,
            "110": 8,
            "111": 4,
            "112": 5,
            "113": 6,
            "114": 4,
            "115": 8,
            "116": 8,
            "117": 8,
            "118": 4,
            "119": 5,
            "120": 6,
            "121": 6,
            "122": 6,
            "123": 7,
            "124": 7,
            "125": 5,
            "126": 6,
            "127": 5,
            "128": 7,
            "129": 2,
            "130": 7,
            "131": 6,
            "132": 6,
            "133": 6,
            "134": 6,
            "135": 5,
            "136": 5,
            "137": 7,
            "138": 6,
            "139": 6,
            "140": 4,
            "141": 5,
            "142": 3,
            "143": 10,
            "144": 8,
            "145": 6,
            "146": 6,
            "147": 6,
            "148": 6,
            "149": 6,
            "150": 4,
            "151": 5,
            "152": 5,
            "153": 6,
            "154": 8,
            "155": 6,
            "156": 7,
            "157": 5,
            "158": 6,
            "159": 6
          }
        }
      }
    },
    {
      "session": 7,
      "num_seen_classes": 170,
      "baseline_full_acc": 84.362,
      "baseline_base_acc": 87.954,
      "baseline_novel_acc": 79.336,
      "selected_alpha": 0.5,
      "final_full_acc": 85.034,
      "final_base_acc": 87.849,
      "final_novel_acc": 81.094,
      "final_gain": 0.672,
      "updated_class_count": 69,
      "gated_query_count": 1981,
      "gated_base_count": 15,
      "gated_novel_count": 1966,
      "alpha_selection": {
        "mode": "pseudo_validation",
        "fallback_used": false,
        "selected_alpha": 0.5,
        "candidates": [
          {
            "alpha": 0.5,
            "pseudo_val_score": -0.162073,
            "pseudo_val_nll": 0.162073,
            "pseudo_val_agreement": 96.961
          },
          {
            "alpha": 0.75,
            "pseudo_val_score": -0.176813,
            "pseudo_val_nll": 0.176813,
            "pseudo_val_agreement": 96.589
          },
          {
            "alpha": 1.0,
            "pseudo_val_score": -0.191152,
            "pseudo_val_nll": 0.191152,
            "pseudo_val_agreement": 96.279
          }
        ],
        "split": {
          "novel_gated_query_count": 1981,
          "validation_count": 3225,
          "novel_validation_count": 396,
          "base_validation_count": 2829,
          "updated_class_count": 69,
          "per_class_counts": {
            "100": 20,
            "101": 11,
            "102": 27,
            "103": 30,
            "104": 0,
            "105": 30,
            "106": 25,
            "107": 13,
            "108": 27,
            "109": 30,
            "110": 41,
            "111": 18,
            "112": 23,
            "113": 30,
            "114": 20,
            "115": 38,
            "116": 39,
            "117": 38,
            "118": 20,
            "119": 25,
            "120": 31,
            "121": 30,
            "122": 30,
            "123": 33,
            "124": 36,
            "125": 26,
            "126": 31,
            "127": 25,
            "128": 34,
            "129": 10,
            "130": 36,
            "131": 30,
            "132": 31,
            "133": 28,
            "134": 29,
            "135": 26,
            "136": 27,
            "137": 33,
            "138": 29,
            "139": 30,
            "140": 20,
            "141": 26,
            "142": 14,
            "143": 50,
            "144": 38,
            "145": 32,
            "146": 30,
            "147": 29,
            "148": 30,
            "149": 29,
            "150": 22,
            "151": 26,
            "152": 26,
            "153": 33,
            "154": 38,
            "155": 32,
            "156": 41,
            "157": 27,
            "158": 30,
            "159": 31,
            "160": 34,
            "161": 29,
            "162": 27,
            "163": 29,
            "164": 25,
            "165": 27,
            "166": 28,
            "167": 30,
            "168": 31,
            "169": 27
          },
          "per_class_update_counts": {
            "100": 16,
            "101": 9,
            "102": 22,
            "103": 24,
            "104": 0,
            "105": 24,
            "106": 20,
            "107": 10,
            "108": 22,
            "109": 24,
            "110": 33,
            "111": 14,
            "112": 18,
            "113": 24,
            "114": 16,
            "115": 30,
            "116": 31,
            "117": 30,
            "118": 16,
            "119": 20,
            "120": 25,
            "121": 24,
            "122": 24,
            "123": 26,
            "124": 29,
            "125": 21,
            "126": 25,
            "127": 20,
            "128": 27,
            "129": 8,
            "130": 29,
            "131": 24,
            "132": 25,
            "133": 22,
            "134": 23,
            "135": 21,
            "136": 22,
            "137": 26,
            "138": 23,
            "139": 24,
            "140": 16,
            "141": 21,
            "142": 11,
            "143": 40,
            "144": 30,
            "145": 26,
            "146": 24,
            "147": 23,
            "148": 24,
            "149": 23,
            "150": 18,
            "151": 21,
            "152": 21,
            "153": 26,
            "154": 30,
            "155": 26,
            "156": 33,
            "157": 22,
            "158": 24,
            "159": 25,
            "160": 27,
            "161": 23,
            "162": 22,
            "163": 23,
            "164": 20,
            "165": 22,
            "166": 22,
            "167": 24,
            "168": 25,
            "169": 22
          },
          "per_class_validation_counts": {
            "100": 4,
            "101": 2,
            "102": 5,
            "103": 6,
            "104": 0,
            "105": 6,
            "106": 5,
            "107": 3,
            "108": 5,
            "109": 6,
            "110": 8,
            "111": 4,
            "112": 5,
            "113": 6,
            "114": 4,
            "115": 8,
            "116": 8,
            "117": 8,
            "118": 4,
            "119": 5,
            "120": 6,
            "121": 6,
            "122": 6,
            "123": 7,
            "124": 7,
            "125": 5,
            "126": 6,
            "127": 5,
            "128": 7,
            "129": 2,
            "130": 7,
            "131": 6,
            "132": 6,
            "133": 6,
            "134": 6,
            "135": 5,
            "136": 5,
            "137": 7,
            "138": 6,
            "139": 6,
            "140": 4,
            "141": 5,
            "142": 3,
            "143": 10,
            "144": 8,
            "145": 6,
            "146": 6,
            "147": 6,
            "148": 6,
            "149": 6,
            "150": 4,
            "151": 5,
            "152": 5,
            "153": 7,
            "154": 8,
            "155": 6,
            "156": 8,
            "157": 5,
            "158": 6,
            "159": 6,
            "160": 7,
            "161": 6,
            "162": 5,
            "163": 6,
            "164": 5,
            "165": 5,
            "166": 6,
            "167": 6,
            "168": 6,
            "169": 5
          }
        }
      }
    },
    {
      "session": 8,
      "num_seen_classes": 180,
      "baseline_full_acc": 84.172,
      "baseline_base_acc": 87.989,
      "baseline_novel_acc": 79.505,
      "selected_alpha": 0.5,
      "final_full_acc": 84.883,
      "final_base_acc": 87.884,
      "final_novel_acc": 81.213,
      "final_gain": 0.711,
      "updated_class_count": 79,
      "gated_query_count": 2275,
      "gated_base_count": 16,
      "gated_novel_count": 2259,
      "alpha_selection": {
        "mode": "pseudo_validation",
        "fallback_used": false,
        "selected_alpha": 0.5,
        "candidates": [
          {
            "alpha": 0.5,
            "pseudo_val_score": -0.171949,
            "pseudo_val_nll": 0.171949,
            "pseudo_val_agreement": 96.745
          },
          {
            "alpha": 0.75,
            "pseudo_val_score": -0.188447,
            "pseudo_val_nll": 0.188447,
            "pseudo_val_agreement": 96.197
          },
          {
            "alpha": 1.0,
            "pseudo_val_score": -0.205078,
            "pseudo_val_nll": 0.205078,
            "pseudo_val_agreement": 95.741
          }
        ],
        "split": {
          "novel_gated_query_count": 2275,
          "validation_count": 3287,
          "novel_validation_count": 457,
          "base_validation_count": 2830,
          "updated_class_count": 79,
          "per_class_counts": {
            "100": 20,
            "101": 12,
            "102": 27,
            "103": 30,
            "104": 0,
            "105": 30,
            "106": 25,
            "107": 13,
            "108": 28,
            "109": 30,
            "110": 41,
            "111": 18,
            "112": 23,
            "113": 30,
            "114": 20,
            "115": 38,
            "116": 39,
            "117": 38,
            "118": 20,
            "119": 25,
            "120": 31,
            "121": 30,
            "122": 30,
            "123": 33,
            "124": 36,
            "125": 26,
            "126": 31,
            "127": 25,
            "128": 34,
            "129": 10,
            "130": 36,
            "131": 30,
            "132": 31,
            "133": 28,
            "134": 29,
            "135": 26,
            "136": 27,
            "137": 33,
            "138": 29,
            "139": 30,
            "140": 20,
            "141": 26,
            "142": 14,
            "143": 50,
            "144": 38,
            "145": 32,
            "146": 30,
            "147": 29,
            "148": 29,
            "149": 29,
            "150": 22,
            "151": 26,
            "152": 23,
            "153": 34,
            "154": 40,
            "155": 32,
            "156": 44,
            "157": 27,
            "158": 30,
            "159": 31,
            "160": 25,
            "161": 27,
            "162": 28,
            "163": 29,
            "164": 25,
            "165": 27,
            "166": 21,
            "167": 28,
            "168": 28,
            "169": 27,
            "170": 29,
            "171": 33,
            "172": 40,
            "173": 30,
            "174": 32,
            "175": 30,
            "176": 35,
            "177": 28,
            "178": 16,
            "179": 39
          },
          "per_class_update_counts": {
            "100": 16,
            "101": 10,
            "102": 22,
            "103": 24,
            "104": 0,
            "105": 24,
            "106": 20,
            "107": 10,
            "108": 22,
            "109": 24,
            "110": 33,
            "111": 14,
            "112": 18,
            "113": 24,
            "114": 16,
            "115": 30,
            "116": 31,
            "117": 30,
            "118": 16,
            "119": 20,
            "120": 25,
            "121": 24,
            "122": 24,
            "123": 26,
            "124": 29,
            "125": 21,
            "126": 25,
            "127": 20,
            "128": 27,
            "129": 8,
            "130": 29,
            "131": 24,
            "132": 25,
            "133": 22,
            "134": 23,
            "135": 21,
            "136": 22,
            "137": 26,
            "138": 23,
            "139": 24,
            "140": 16,
            "141": 21,
            "142": 11,
            "143": 40,
            "144": 30,
            "145": 26,
            "146": 24,
            "147": 23,
            "148": 23,
            "149": 23,
            "150": 18,
            "151": 21,
            "152": 18,
            "153": 27,
            "154": 32,
            "155": 26,
            "156": 35,
            "157": 22,
            "158": 24,
            "159": 25,
            "160": 20,
            "161": 22,
            "162": 22,
            "163": 23,
            "164": 20,
            "165": 22,
            "166": 17,
            "167": 22,
            "168": 22,
            "169": 22,
            "170": 23,
            "171": 26,
            "172": 32,
            "173": 24,
            "174": 26,
            "175": 24,
            "176": 28,
            "177": 22,
            "178": 13,
            "179": 31
          },
          "per_class_validation_counts": {
            "100": 4,
            "101": 2,
            "102": 5,
            "103": 6,
            "104": 0,
            "105": 6,
            "106": 5,
            "107": 3,
            "108": 6,
            "109": 6,
            "110": 8,
            "111": 4,
            "112": 5,
            "113": 6,
            "114": 4,
            "115": 8,
            "116": 8,
            "117": 8,
            "118": 4,
            "119": 5,
            "120": 6,
            "121": 6,
            "122": 6,
            "123": 7,
            "124": 7,
            "125": 5,
            "126": 6,
            "127": 5,
            "128": 7,
            "129": 2,
            "130": 7,
            "131": 6,
            "132": 6,
            "133": 6,
            "134": 6,
            "135": 5,
            "136": 5,
            "137": 7,
            "138": 6,
            "139": 6,
            "140": 4,
            "141": 5,
            "142": 3,
            "143": 10,
            "144": 8,
            "145": 6,
            "146": 6,
            "147": 6,
            "148": 6,
            "149": 6,
            "150": 4,
            "151": 5,
            "152": 5,
            "153": 7,
            "154": 8,
            "155": 6,
            "156": 9,
            "157": 5,
            "158": 6,
            "159": 6,
            "160": 5,
            "161": 5,
            "162": 6,
            "163": 6,
            "164": 5,
            "165": 5,
            "166": 4,
            "167": 6,
            "168": 6,
            "169": 5,
            "170": 6,
            "171": 7,
            "172": 8,
            "173": 6,
            "174": 6,
            "175": 6,
            "176": 7,
            "177": 6,
            "178": 3,
            "179": 8
          }
        }
      }
    },
    {
      "session": 9,
      "num_seen_classes": 190,
      "baseline_full_acc": 84.565,
      "baseline_base_acc": 87.954,
      "baseline_novel_acc": 80.875,
      "selected_alpha": 0.5,
      "final_full_acc": 85.348,
      "final_base_acc": 87.849,
      "final_novel_acc": 82.624,
      "final_gain": 0.783,
      "updated_class_count": 89,
      "gated_query_count": 2561,
      "gated_base_count": 16,
      "gated_novel_count": 2545,
      "alpha_selection": {
        "mode": "pseudo_validation",
        "fallback_used": false,
        "selected_alpha": 0.5,
        "candidates": [
          {
            "alpha": 0.5,
            "pseudo_val_score": -0.177689,
            "pseudo_val_nll": 0.177689,
            "pseudo_val_agreement": 96.622
          },
          {
            "alpha": 0.75,
            "pseudo_val_score": -0.194548,
            "pseudo_val_nll": 0.194548,
            "pseudo_val_agreement": 96.024
          },
          {
            "alpha": 1.0,
            "pseudo_val_score": -0.211657,
            "pseudo_val_nll": 0.211657,
            "pseudo_val_agreement": 95.695
          }
        ],
        "split": {
          "novel_gated_query_count": 2561,
          "validation_count": 3345,
          "novel_validation_count": 514,
          "base_validation_count": 2831,
          "updated_class_count": 89,
          "per_class_counts": {
            "100": 20,
            "101": 11,
            "102": 27,
            "103": 30,
            "104": 0,
            "105": 30,
            "106": 25,
            "107": 13,
            "108": 28,
            "109": 30,
            "110": 41,
            "111": 18,
            "112": 23,
            "113": 30,
            "114": 20,
            "115": 38,
            "116": 39,
            "117": 38,
            "118": 20,
            "119": 25,
            "120": 31,
            "121": 30,
            "122": 30,
            "123": 33,
            "124": 36,
            "125": 26,
            "126": 31,
            "127": 25,
            "128": 34,
            "129": 10,
            "130": 36,
            "131": 30,
            "132": 31,
            "133": 28,
            "134": 29,
            "135": 26,
            "136": 27,
            "137": 33,
            "138": 29,
            "139": 30,
            "140": 20,
            "141": 26,
            "142": 14,
            "143": 50,
            "144": 38,
            "145": 32,
            "146": 30,
            "147": 29,
            "148": 29,
            "149": 29,
            "150": 22,
            "151": 26,
            "152": 23,
            "153": 34,
            "154": 40,
            "155": 32,
            "156": 44,
            "157": 27,
            "158": 30,
            "159": 31,
            "160": 25,
            "161": 27,
            "162": 28,
            "163": 29,
            "164": 25,
            "165": 27,
            "166": 21,
            "167": 28,
            "168": 28,
            "169": 27,
            "170": 29,
            "171": 33,
            "172": 40,
            "173": 30,
            "174": 33,
            "175": 30,
            "176": 35,
            "177": 27,
            "178": 16,
            "179": 36,
            "180": 29,
            "181": 32,
            "182": 41,
            "183": 19,
            "184": 29,
            "185": 31,
            "186": 20,
            "187": 30,
            "188": 30,
            "189": 29
          },
          "per_class_update_counts": {
            "100": 16,
            "101": 9,
            "102": 22,
            "103": 24,
            "104": 0,
            "105": 24,
            "106": 20,
            "107": 10,
            "108": 22,
            "109": 24,
            "110": 33,
            "111": 14,
            "112": 18,
            "113": 24,
            "114": 16,
            "115": 30,
            "116": 31,
            "117": 30,
            "118": 16,
            "119": 20,
            "120": 25,
            "121": 24,
            "122": 24,
            "123": 26,
            "124": 29,
            "125": 21,
            "126": 25,
            "127": 20,
            "128": 27,
            "129": 8,
            "130": 29,
            "131": 24,
            "132": 25,
            "133": 22,
            "134": 23,
            "135": 21,
            "136": 22,
            "137": 26,
            "138": 23,
            "139": 24,
            "140": 16,
            "141": 21,
            "142": 11,
            "143": 40,
            "144": 30,
            "145": 26,
            "146": 24,
            "147": 23,
            "148": 23,
            "149": 23,
            "150": 18,
            "151": 21,
            "152": 18,
            "153": 27,
            "154": 32,
            "155": 26,
            "156": 35,
            "157": 22,
            "158": 24,
            "159": 25,
            "160": 20,
            "161": 22,
            "162": 22,
            "163": 23,
            "164": 20,
            "165": 22,
            "166": 17,
            "167": 22,
            "168": 22,
            "169": 22,
            "170": 23,
            "171": 26,
            "172": 32,
            "173": 24,
            "174": 26,
            "175": 24,
            "176": 28,
            "177": 22,
            "178": 13,
            "179": 29,
            "180": 23,
            "181": 26,
            "182": 33,
            "183": 15,
            "184": 23,
            "185": 25,
            "186": 16,
            "187": 24,
            "188": 24,
            "189": 23
          },
          "per_class_validation_counts": {
            "100": 4,
            "101": 2,
            "102": 5,
            "103": 6,
            "104": 0,
            "105": 6,
            "106": 5,
            "107": 3,
            "108": 6,
            "109": 6,
            "110": 8,
            "111": 4,
            "112": 5,
            "113": 6,
            "114": 4,
            "115": 8,
            "116": 8,
            "117": 8,
            "118": 4,
            "119": 5,
            "120": 6,
            "121": 6,
            "122": 6,
            "123": 7,
            "124": 7,
            "125": 5,
            "126": 6,
            "127": 5,
            "128": 7,
            "129": 2,
            "130": 7,
            "131": 6,
            "132": 6,
            "133": 6,
            "134": 6,
            "135": 5,
            "136": 5,
            "137": 7,
            "138": 6,
            "139": 6,
            "140": 4,
            "141": 5,
            "142": 3,
            "143": 10,
            "144": 8,
            "145": 6,
            "146": 6,
            "147": 6,
            "148": 6,
            "149": 6,
            "150": 4,
            "151": 5,
            "152": 5,
            "153": 7,
            "154": 8,
            "155": 6,
            "156": 9,
            "157": 5,
            "158": 6,
            "159": 6,
            "160": 5,
            "161": 5,
            "162": 6,
            "163": 6,
            "164": 5,
            "165": 5,
            "166": 4,
            "167": 6,
            "168": 6,
            "169": 5,
            "170": 6,
            "171": 7,
            "172": 8,
            "173": 6,
            "174": 7,
            "175": 6,
            "176": 7,
            "177": 5,
            "178": 3,
            "179": 7,
            "180": 6,
            "181": 6,
            "182": 8,
            "183": 4,
            "184": 6,
            "185": 6,
            "186": 4,
            "187": 6,
            "188": 6,
            "189": 6
          }
        }
      }
    },
    {
      "session": 10,
      "num_seen_classes": 200,
      "baseline_full_acc": 84.933,
      "baseline_base_acc": 87.884,
      "baseline_novel_acc": 82.048,
      "selected_alpha": 0.5,
      "final_full_acc": 85.675,
      "final_base_acc": 87.779,
      "final_novel_acc": 83.618,
      "final_gain": 0.742,
      "updated_class_count": 99,
      "gated_query_count": 2860,
      "gated_base_count": 16,
      "gated_novel_count": 2844,
      "alpha_selection": {
        "mode": "pseudo_validation",
        "fallback_used": false,
        "selected_alpha": 0.5,
        "candidates": [
          {
            "alpha": 0.5,
            "pseudo_val_score": -0.182572,
            "pseudo_val_nll": 0.182572,
            "pseudo_val_agreement": 96.567
          },
          {
            "alpha": 0.75,
            "pseudo_val_score": -0.199742,
            "pseudo_val_nll": 0.199742,
            "pseudo_val_agreement": 95.921
          },
          {
            "alpha": 1.0,
            "pseudo_val_score": -0.2172,
            "pseudo_val_nll": 0.2172,
            "pseudo_val_agreement": 95.628
          }
        ],
        "split": {
          "novel_gated_query_count": 2860,
          "validation_count": 3408,
          "novel_validation_count": 573,
          "base_validation_count": 2835,
          "updated_class_count": 99,
          "per_class_counts": {
            "100": 20,
            "101": 11,
            "102": 27,
            "103": 30,
            "104": 0,
            "105": 30,
            "106": 25,
            "107": 13,
            "108": 28,
            "109": 30,
            "110": 41,
            "111": 18,
            "112": 23,
            "113": 30,
            "114": 20,
            "115": 38,
            "116": 39,
            "117": 38,
            "118": 20,
            "119": 25,
            "120": 31,
            "121": 30,
            "122": 30,
            "123": 33,
            "124": 36,
            "125": 26,
            "126": 31,
            "127": 25,
            "128": 35,
            "129": 11,
            "130": 36,
            "131": 30,
            "132": 31,
            "133": 28,
            "134": 29,
            "135": 26,
            "136": 27,
            "137": 33,
            "138": 29,
            "139": 30,
            "140": 20,
            "141": 26,
            "142": 14,
            "143": 50,
            "144": 38,
            "145": 32,
            "146": 30,
            "147": 29,
            "148": 29,
            "149": 29,
            "150": 22,
            "151": 26,
            "152": 23,
            "153": 34,
            "154": 41,
            "155": 32,
            "156": 44,
            "157": 27,
            "158": 30,
            "159": 31,
            "160": 25,
            "161": 27,
            "162": 28,
            "163": 29,
            "164": 25,
            "165": 27,
            "166": 21,
            "167": 27,
            "168": 28,
            "169": 27,
            "170": 29,
            "171": 33,
            "172": 40,
            "173": 30,
            "174": 33,
            "175": 30,
            "176": 35,
            "177": 25,
            "178": 16,
            "179": 36,
            "180": 29,
            "181": 32,
            "182": 41,
            "183": 19,
            "184": 29,
            "185": 31,
            "186": 20,
            "187": 30,
            "188": 33,
            "189": 28,
            "190": 27,
            "191": 31,
            "192": 26,
            "193": 30,
            "194": 39,
            "195": 30,
            "196": 26,
            "197": 29,
            "198": 28,
            "199": 31
          },
          "per_class_update_counts": {
            "100": 16,
            "101": 9,
            "102": 22,
            "103": 24,
            "104": 0,
            "105": 24,
            "106": 20,
            "107": 10,
            "108": 22,
            "109": 24,
            "110": 33,
            "111": 14,
            "112": 18,
            "113": 24,
            "114": 16,
            "115": 30,
            "116": 31,
            "117": 30,
            "118": 16,
            "119": 20,
            "120": 25,
            "121": 24,
            "122": 24,
            "123": 26,
            "124": 29,
            "125": 21,
            "126": 25,
            "127": 20,
            "128": 28,
            "129": 9,
            "130": 29,
            "131": 24,
            "132": 25,
            "133": 22,
            "134": 23,
            "135": 21,
            "136": 22,
            "137": 26,
            "138": 23,
            "139": 24,
            "140": 16,
            "141": 21,
            "142": 11,
            "143": 40,
            "144": 30,
            "145": 26,
            "146": 24,
            "147": 23,
            "148": 23,
            "149": 23,
            "150": 18,
            "151": 21,
            "152": 18,
            "153": 27,
            "154": 33,
            "155": 26,
            "156": 35,
            "157": 22,
            "158": 24,
            "159": 25,
            "160": 20,
            "161": 22,
            "162": 22,
            "163": 23,
            "164": 20,
            "165": 22,
            "166": 17,
            "167": 22,
            "168": 22,
            "169": 22,
            "170": 23,
            "171": 26,
            "172": 32,
            "173": 24,
            "174": 26,
            "175": 24,
            "176": 28,
            "177": 20,
            "178": 13,
            "179": 29,
            "180": 23,
            "181": 26,
            "182": 33,
            "183": 15,
            "184": 23,
            "185": 25,
            "186": 16,
            "187": 24,
            "188": 26,
            "189": 22,
            "190": 22,
            "191": 25,
            "192": 21,
            "193": 24,
            "194": 31,
            "195": 24,
            "196": 21,
            "197": 23,
            "198": 22,
            "199": 25
          },
          "per_class_validation_counts": {
            "100": 4,
            "101": 2,
            "102": 5,
            "103": 6,
            "104": 0,
            "105": 6,
            "106": 5,
            "107": 3,
            "108": 6,
            "109": 6,
            "110": 8,
            "111": 4,
            "112": 5,
            "113": 6,
            "114": 4,
            "115": 8,
            "116": 8,
            "117": 8,
            "118": 4,
            "119": 5,
            "120": 6,
            "121": 6,
            "122": 6,
            "123": 7,
            "124": 7,
            "125": 5,
            "126": 6,
            "127": 5,
            "128": 7,
            "129": 2,
            "130": 7,
            "131": 6,
            "132": 6,
            "133": 6,
            "134": 6,
            "135": 5,
            "136": 5,
            "137": 7,
            "138": 6,
            "139": 6,
            "140": 4,
            "141": 5,
            "142": 3,
            "143": 10,
            "144": 8,
            "145": 6,
            "146": 6,
            "147": 6,
            "148": 6,
            "149": 6,
            "150": 4,
            "151": 5,
            "152": 5,
            "153": 7,
            "154": 8,
            "155": 6,
            "156": 9,
            "157": 5,
            "158": 6,
            "159": 6,
            "160": 5,
            "161": 5,
            "162": 6,
            "163": 6,
            "164": 5,
            "165": 5,
            "166": 4,
            "167": 5,
            "168": 6,
            "169": 5,
            "170": 6,
            "171": 7,
            "172": 8,
            "173": 6,
            "174": 7,
            "175": 6,
            "176": 7,
            "177": 5,
            "178": 3,
            "179": 7,
            "180": 6,
            "181": 6,
            "182": 8,
            "183": 4,
            "184": 6,
            "185": 6,
            "186": 4,
            "187": 6,
            "188": 7,
            "189": 6,
            "190": 5,
            "191": 6,
            "192": 5,
            "193": 6,
            "194": 8,
            "195": 6,
            "196": 5,
            "197": 6,
            "198": 6,
            "199": 6
          }
        }
      }
    }
  ]
}
