/media/ndag/newVolume/BiMC-test/models/clip/clip.py:23: UserWarning: PyTorch version 1.7.1 or higher is recommended
  warnings.warn("PyTorch version 1.7.1 or higher is recommended")
manual seed: 2
use gpu: ['0']
Loading CLIP (backbone: ViT-B/16)
Prompt template:['a photo of a {}.']
Loading DinoV2 ViT-B/14 from local hub: /home/ndag/.cache/torch/hub/facebookresearch_dinov2_main
/home/ndag/.cache/torch/hub/facebookresearch_dinov2_main/dinov2/layers/swiglu_ffn.py:51: UserWarning: xFormers is not available (SwiGLU)
  warnings.warn("xFormers is not available (SwiGLU)")
/home/ndag/.cache/torch/hub/facebookresearch_dinov2_main/dinov2/layers/attention.py:36: UserWarning: xFormers is not available (Attention)
  warnings.warn("xFormers is not available (Attention)")
/home/ndag/.cache/torch/hub/facebookresearch_dinov2_main/dinov2/layers/block.py:40: UserWarning: xFormers is not available (Block)
  warnings.warn("xFormers is not available (Block)")
Loading DinoV2 weights: /home/ndag/.cache/torch/hub/checkpoints/dinov2_vitb14_pretrain.pth
class names: ['Black footed Albatross' 'Laysan Albatross' 'Sooty Albatross'
 'Groove billed Ani' 'Crested Auklet' 'Least Auklet' 'Parakeet Auklet'
 'Rhinoceros Auklet' 'Brewer Blackbird' 'Red winged Blackbird'
 'Rusty Blackbird' 'Yellow headed Blackbird' 'Bobolink' 'Indigo Bunting'
 'Lazuli Bunting' 'Painted Bunting' 'Cardinal' 'Spotted Catbird'
 'Gray Catbird' 'Yellow breasted Chat' 'Eastern Towhee' 'Chuck will Widow'
 'Brandt Cormorant' 'Red faced Cormorant' 'Pelagic Cormorant'
 'Bronzed Cowbird' 'Shiny Cowbird' 'Brown Creeper' 'American Crow'
 'Fish Crow' 'Black billed Cuckoo' 'Mangrove Cuckoo'
 'Yellow billed Cuckoo' 'Gray crowned Rosy Finch' 'Purple Finch'
 'Northern Flicker' 'Acadian Flycatcher' 'Great Crested Flycatcher'
 'Least Flycatcher' 'Olive sided Flycatcher' 'Scissor tailed Flycatcher'
 'Vermilion Flycatcher' 'Yellow bellied Flycatcher' 'Frigatebird'
 'Northern Fulmar' 'Gadwall' 'American Goldfinch' 'European Goldfinch'
 'Boat tailed Grackle' 'Eared Grebe' 'Horned Grebe' 'Pied billed Grebe'
 'Western Grebe' 'Blue Grosbeak' 'Evening Grosbeak' 'Pine Grosbeak'
 'Rose breasted Grosbeak' 'Pigeon Guillemot' 'California Gull'
 'Glaucous winged Gull' 'Heermann Gull' 'Herring Gull' 'Ivory Gull'
 'Ring billed Gull' 'Slaty backed Gull' 'Western Gull' 'Anna Hummingbird'
 'Ruby throated Hummingbird' 'Rufous Hummingbird' 'Green Violetear'
 'Long tailed Jaeger' 'Pomarine Jaeger' 'Blue Jay' 'Florida Jay'
 'Green Jay' 'Dark eyed Junco' 'Tropical Kingbird' 'Gray Kingbird'
 'Belted Kingfisher' 'Green Kingfisher' 'Pied Kingfisher'
 'Ringed Kingfisher' 'White breasted Kingfisher' 'Red legged Kittiwake'
 'Horned Lark' 'Pacific Loon' 'Mallard' 'Western Meadowlark'
 'Hooded Merganser' 'Red breasted Merganser' 'Mockingbird' 'Nighthawk'
 'Clark Nutcracker' 'White breasted Nuthatch' 'Baltimore Oriole'
 'Hooded Oriole' 'Orchard Oriole' 'Scott Oriole' 'Ovenbird'
 'Brown Pelican']
all targets:tensor([ 0,  1,  2,  3,  4,  5,  6,  7,  8,  9, 10, 11, 12, 13, 14, 15, 16, 17,
        18, 19, 20, 21, 22, 23, 24, 25, 26, 27, 28, 29, 30, 31, 32, 33, 34, 35,
        36, 37, 38, 39, 40, 41, 42, 43, 44, 45, 46, 47, 48, 49, 50, 51, 52, 53,
        54, 55, 56, 57, 58, 59, 60, 61, 62, 63, 64, 65, 66, 67, 68, 69, 70, 71,
        72, 73, 74, 75, 76, 77, 78, 79, 80, 81, 82, 83, 84, 85, 86, 87, 88, 89,
        90, 91, 92, 93, 94, 95, 96, 97, 98, 99], device='cuda:0')
dino all targets:tensor([ 0,  1,  2,  3,  4,  5,  6,  7,  8,  9, 10, 11, 12, 13, 14, 15, 16, 17,
        18, 19, 20, 21, 22, 23, 24, 25, 26, 27, 28, 29, 30, 31, 32, 33, 34, 35,
        36, 37, 38, 39, 40, 41, 42, 43, 44, 45, 46, 47, 48, 49, 50, 51, 52, 53,
        54, 55, 56, 57, 58, 59, 60, 61, 62, 63, 64, 65, 66, 67, 68, 69, 70, 71,
        72, 73, 74, 75, 76, 77, 78, 79, 80, 81, 82, 83, 84, 85, 86, 87, 88, 89,
        90, 91, 92, 93, 94, 95, 96, 97, 98, 99], device='cuda:0')
finish loading CLIP/DinoV2 covariance
class names: ['White Pelican' 'Western Wood Pewee' 'Sayornis' 'American Pipit'
 'Whip poor Will' 'Horned Puffin' 'Common Raven' 'White necked Raven'
 'American Redstart' 'Geococcyx']
all targets:tensor([100, 101, 102, 103, 104, 105, 106, 107, 108, 109], device='cuda:0')
dino all targets:tensor([100, 101, 102, 103, 104, 105, 106, 107, 108, 109], device='cuda:0')
finish loading CLIP/DinoV2 covariance
class names: ['Loggerhead Shrike' 'Great Grey Shrike' 'Baird Sparrow'
 'Black throated Sparrow' 'Brewer Sparrow' 'Chipping Sparrow'
 'Clay colored Sparrow' 'House Sparrow' 'Field Sparrow' 'Fox Sparrow']
all targets:tensor([110, 111, 112, 113, 114, 115, 116, 117, 118, 119], device='cuda:0')
dino all targets:tensor([110, 111, 112, 113, 114, 115, 116, 117, 118, 119], device='cuda:0')
finish loading CLIP/DinoV2 covariance
class names: ['Grasshopper Sparrow' 'Harris Sparrow' 'Henslow Sparrow'
 'Le Conte Sparrow' 'Lincoln Sparrow' 'Nelson Sharp tailed Sparrow'
 'Savannah Sparrow' 'Seaside Sparrow' 'Song Sparrow' 'Tree Sparrow']
all targets:tensor([120, 121, 122, 123, 124, 125, 126, 127, 128, 129], device='cuda:0')
dino all targets:tensor([120, 121, 122, 123, 124, 125, 126, 127, 128, 129], device='cuda:0')
finish loading CLIP/DinoV2 covariance
class names: ['Vesper Sparrow' 'White crowned Sparrow' 'White throated Sparrow'
 'Cape Glossy Starling' 'Bank Swallow' 'Barn Swallow' 'Cliff Swallow'
 'Tree Swallow' 'Scarlet Tanager' 'Summer Tanager']
all targets:tensor([130, 131, 132, 133, 134, 135, 136, 137, 138, 139], device='cuda:0')
dino all targets:tensor([130, 131, 132, 133, 134, 135, 136, 137, 138, 139], device='cuda:0')
finish loading CLIP/DinoV2 covariance
class names: ['Artic Tern' 'Black Tern' 'Caspian Tern' 'Common Tern' 'Elegant Tern'
 'Forsters Tern' 'Least Tern' 'Green tailed Towhee' 'Brown Thrasher'
 'Sage Thrasher']
all targets:tensor([140, 141, 142, 143, 144, 145, 146, 147, 148, 149], device='cuda:0')
dino all targets:tensor([140, 141, 142, 143, 144, 145, 146, 147, 148, 149], device='cuda:0')
finish loading CLIP/DinoV2 covariance
class names: ['Black capped Vireo' 'Blue headed Vireo' 'Philadelphia Vireo'
 'Red eyed Vireo' 'Warbling Vireo' 'White eyed Vireo'
 'Yellow throated Vireo' 'Bay breasted Warbler' 'Black and white Warbler'
 'Black throated Blue Warbler']
all targets:tensor([150, 151, 152, 153, 154, 155, 156, 157, 158, 159], device='cuda:0')
dino all targets:tensor([150, 151, 152, 153, 154, 155, 156, 157, 158, 159], device='cuda:0')
finish loading CLIP/DinoV2 covariance
class names: ['Blue winged Warbler' 'Canada Warbler' 'Cape May Warbler'
 'Cerulean Warbler' 'Chestnut sided Warbler' 'Golden winged Warbler'
 'Hooded Warbler' 'Kentucky Warbler' 'Magnolia Warbler' 'Mourning Warbler']
all targets:tensor([160, 161, 162, 163, 164, 165, 166, 167, 168, 169], device='cuda:0')
dino all targets:tensor([160, 161, 162, 163, 164, 165, 166, 167, 168, 169], device='cuda:0')
finish loading CLIP/DinoV2 covariance
class names: ['Myrtle Warbler' 'Nashville Warbler' 'Orange crowned Warbler'
 'Palm Warbler' 'Pine Warbler' 'Prairie Warbler' 'Prothonotary Warbler'
 'Swainson Warbler' 'Tennessee Warbler' 'Wilson Warbler']
all targets:tensor([170, 171, 172, 173, 174, 175, 176, 177, 178, 179], device='cuda:0')
dino all targets:tensor([170, 171, 172, 173, 174, 175, 176, 177, 178, 179], device='cuda:0')
finish loading CLIP/DinoV2 covariance
class names: ['Worm eating Warbler' 'Yellow Warbler' 'Northern Waterthrush'
 'Louisiana Waterthrush' 'Bohemian Waxwing' 'Cedar Waxwing'
 'American Three toed Woodpecker' 'Pileated Woodpecker'
 'Red bellied Woodpecker' 'Red cockaded Woodpecker']
all targets:tensor([180, 181, 182, 183, 184, 185, 186, 187, 188, 189], device='cuda:0')
dino all targets:tensor([180, 181, 182, 183, 184, 185, 186, 187, 188, 189], device='cuda:0')
finish loading CLIP/DinoV2 covariance
class names: ['Red headed Woodpecker' 'Downy Woodpecker' 'Bewick Wren' 'Cactus Wren'
 'Carolina Wren' 'House Wren' 'Marsh Wren' 'Rock Wren' 'Winter Wren'
 'Common Yellowthroat']
all targets:tensor([190, 191, 192, 193, 194, 195, 196, 197, 198, 199], device='cuda:0')
dino all targets:tensor([190, 191, 192, 193, 194, 195, 196, 197, 198, 199], device='cuda:0')
finish loading CLIP/DinoV2 covariance
session 0: baseline=88.163 final=88.163 gain=0.000
session 1: baseline=86.382 final=86.732 gain=0.350
session 2: baseline=86.210 final=86.560 gain=0.350
session 3: baseline=84.871 final=85.461 gain=0.590
session 4: baseline=84.881 final=85.650 gain=0.770
session 5: baseline=83.611 final=84.397 gain=0.786
session 6: baseline=83.810 final=84.590 gain=0.780
session 7: baseline=84.525 final=85.196 gain=0.672
session 8: baseline=84.287 final=85.094 gain=0.807
session 9: baseline=84.729 final=85.530 gain=0.801
session 10: baseline=85.002 final=85.830 gain=0.828
{
  "dataset": "cub200",
  "seed": 2,
  "train_cfg": "experiments/bmvc_1256_20260508-124032/generated_configs/bimc_dino_fusion.yaml",
  "method": "sessionwise conservative query prototype refinement on bimc_dino_fusion with pseudo-validation alpha selection",
  "runtime_sec": 239.351,
  "alpha_grid": [
    0.5,
    0.75,
    1.0
  ],
  "alpha_selection": "pseudo_validation_no_test_labels",
  "mass_thr": 0.3,
  "min_count": 5,
  "val_fraction": 0.3,
  "base_val_conf_thr": 0.5,
  "base_val_max_per_class": 50,
  "fallback_alpha": 0.75,
  "topk_per_class": null,
  "baseline_acc_list": [
    88.163,
    86.382,
    86.21,
    84.871,
    84.881,
    83.611,
    83.81,
    84.525,
    84.287,
    84.729,
    85.002
  ],
  "final_acc_list": [
    88.163,
    86.732,
    86.56,
    85.461,
    85.65,
    84.397,
    84.59,
    85.196,
    85.094,
    85.53,
    85.83
  ],
  "gain_list": [
    0.0,
    0.35,
    0.35,
    0.59,
    0.77,
    0.786,
    0.78,
    0.672,
    0.807,
    0.801,
    0.828
  ],
  "baseline_avg": 85.134,
  "baseline_pd": 3.161,
  "final_avg": 85.746,
  "final_pd": 2.333,
  "gain_avg": 0.612,
  "session_results": [
    {
      "session": 0,
      "num_seen_classes": 100,
      "baseline_full_acc": 88.163,
      "baseline_base_acc": 88.163,
      "baseline_novel_acc": 0.0,
      "best_alpha": null,
      "final_full_acc": 88.163,
      "final_base_acc": 88.163,
      "final_novel_acc": 0.0,
      "final_gain": 0.0,
      "updated_class_count": 0,
      "gated_query_count": 0,
      "alpha_selection": {
        "mode": "not_applicable_base_session",
        "selected_alpha": null
      }
    },
    {
      "session": 1,
      "num_seen_classes": 110,
      "baseline_full_acc": 86.382,
      "baseline_base_acc": 88.198,
      "baseline_novel_acc": 67.742,
      "selected_alpha": 0.5,
      "final_full_acc": 86.732,
      "final_base_acc": 88.094,
      "final_novel_acc": 72.76,
      "final_gain": 0.35,
      "updated_class_count": 9,
      "gated_query_count": 205,
      "gated_base_count": 2,
      "gated_novel_count": 203,
      "alpha_selection": {
        "mode": "pseudo_validation",
        "fallback_used": false,
        "selected_alpha": 0.5,
        "candidates": [
          {
            "alpha": 0.5,
            "pseudo_val_score": -0.089442,
            "pseudo_val_nll": 0.089442,
            "pseudo_val_agreement": 99.549
          },
          {
            "alpha": 0.75,
            "pseudo_val_score": -0.090451,
            "pseudo_val_nll": 0.090451,
            "pseudo_val_agreement": 99.515
          },
          {
            "alpha": 1.0,
            "pseudo_val_score": -0.090574,
            "pseudo_val_nll": 0.090574,
            "pseudo_val_agreement": 99.515
          }
        ],
        "split": {
          "novel_gated_query_count": 205,
          "validation_count": 2884,
          "novel_validation_count": 60,
          "base_validation_count": 2824,
          "updated_class_count": 9,
          "per_class_counts": {
            "100": 20,
            "101": 18,
            "102": 12,
            "103": 29,
            "104": 4,
            "105": 30,
            "106": 13,
            "107": 21,
            "108": 27,
            "109": 31
          },
          "per_class_update_counts": {
            "100": 14,
            "101": 13,
            "102": 8,
            "103": 20,
            "104": 0,
            "105": 21,
            "106": 9,
            "107": 15,
            "108": 19,
            "109": 22
          },
          "per_class_validation_counts": {
            "100": 6,
            "101": 5,
            "102": 4,
            "103": 9,
            "104": 0,
            "105": 9,
            "106": 4,
            "107": 6,
            "108": 8,
            "109": 9
          }
        }
      }
    },
    {
      "session": 2,
      "num_seen_classes": 120,
      "baseline_full_acc": 86.21,
      "baseline_base_acc": 88.233,
      "baseline_novel_acc": 75.972,
      "selected_alpha": 0.5,
      "final_full_acc": 86.56,
      "final_base_acc": 88.163,
      "final_novel_acc": 78.445,
      "final_gain": 0.35,
      "updated_class_count": 19,
      "gated_query_count": 491,
      "gated_base_count": 3,
      "gated_novel_count": 488,
      "alpha_selection": {
        "mode": "pseudo_validation",
        "fallback_used": false,
        "selected_alpha": 0.5,
        "candidates": [
          {
            "alpha": 0.5,
            "pseudo_val_score": -0.10342,
            "pseudo_val_nll": 0.10342,
            "pseudo_val_agreement": 99.092
          },
          {
            "alpha": 0.75,
            "pseudo_val_score": -0.106004,
            "pseudo_val_nll": 0.106004,
            "pseudo_val_agreement": 98.957
          },
          {
            "alpha": 1.0,
            "pseudo_val_score": -0.108461,
            "pseudo_val_nll": 0.108461,
            "pseudo_val_agreement": 98.923
          }
        ],
        "split": {
          "novel_gated_query_count": 491,
          "validation_count": 2972,
          "novel_validation_count": 147,
          "base_validation_count": 2825,
          "updated_class_count": 19,
          "per_class_counts": {
            "100": 20,
            "101": 18,
            "102": 12,
            "103": 29,
            "104": 4,
            "105": 30,
            "106": 13,
            "107": 21,
            "108": 27,
            "109": 31,
            "110": 34,
            "111": 25,
            "112": 22,
            "113": 29,
            "114": 30,
            "115": 28,
            "116": 33,
            "117": 32,
            "118": 22,
            "119": 31
          },
          "per_class_update_counts": {
            "100": 14,
            "101": 13,
            "102": 8,
            "103": 20,
            "104": 0,
            "105": 21,
            "106": 9,
            "107": 15,
            "108": 19,
            "109": 22,
            "110": 24,
            "111": 17,
            "112": 15,
            "113": 20,
            "114": 21,
            "115": 20,
            "116": 23,
            "117": 22,
            "118": 15,
            "119": 22
          },
          "per_class_validation_counts": {
            "100": 6,
            "101": 5,
            "102": 4,
            "103": 9,
            "104": 0,
            "105": 9,
            "106": 4,
            "107": 6,
            "108": 8,
            "109": 9,
            "110": 10,
            "111": 8,
            "112": 7,
            "113": 9,
            "114": 9,
            "115": 8,
            "116": 10,
            "117": 10,
            "118": 7,
            "119": 9
          }
        }
      }
    },
    {
      "session": 3,
      "num_seen_classes": 130,
      "baseline_full_acc": 84.871,
      "baseline_base_acc": 88.233,
      "baseline_novel_acc": 73.727,
      "selected_alpha": 0.5,
      "final_full_acc": 85.461,
      "final_base_acc": 88.128,
      "final_novel_acc": 76.62,
      "final_gain": 0.59,
      "updated_class_count": 29,
      "gated_query_count": 785,
      "gated_base_count": 3,
      "gated_novel_count": 782,
      "alpha_selection": {
        "mode": "pseudo_validation",
        "fallback_used": false,
        "selected_alpha": 0.5,
        "candidates": [
          {
            "alpha": 0.5,
            "pseudo_val_score": -0.135366,
            "pseudo_val_nll": 0.135366,
            "pseudo_val_agreement": 97.975
          },
          {
            "alpha": 0.75,
            "pseudo_val_score": -0.147036,
            "pseudo_val_nll": 0.147036,
            "pseudo_val_agreement": 97.485
          },
          {
            "alpha": 1.0,
            "pseudo_val_score": -0.157838,
            "pseudo_val_nll": 0.157838,
            "pseudo_val_agreement": 97.191
          }
        ],
        "split": {
          "novel_gated_query_count": 785,
          "validation_count": 3062,
          "novel_validation_count": 236,
          "base_validation_count": 2826,
          "updated_class_count": 29,
          "per_class_counts": {
            "100": 20,
            "101": 16,
            "102": 12,
            "103": 29,
            "104": 4,
            "105": 30,
            "106": 13,
            "107": 21,
            "108": 27,
            "109": 30,
            "110": 34,
            "111": 25,
            "112": 25,
            "113": 29,
            "114": 29,
            "115": 31,
            "116": 34,
            "117": 27,
            "118": 27,
            "119": 29,
            "120": 30,
            "121": 31,
            "122": 23,
            "123": 46,
            "124": 25,
            "125": 20,
            "126": 32,
            "127": 21,
            "128": 41,
            "129": 24
          },
          "per_class_update_counts": {
            "100": 14,
            "101": 11,
            "102": 8,
            "103": 20,
            "104": 0,
            "105": 21,
            "106": 9,
            "107": 15,
            "108": 19,
            "109": 21,
            "110": 24,
            "111": 17,
            "112": 17,
            "113": 20,
            "114": 20,
            "115": 22,
            "116": 24,
            "117": 19,
            "118": 19,
            "119": 20,
            "120": 21,
            "121": 22,
            "122": 16,
            "123": 32,
            "124": 17,
            "125": 14,
            "126": 22,
            "127": 15,
            "128": 29,
            "129": 17
          },
          "per_class_validation_counts": {
            "100": 6,
            "101": 5,
            "102": 4,
            "103": 9,
            "104": 0,
            "105": 9,
            "106": 4,
            "107": 6,
            "108": 8,
            "109": 9,
            "110": 10,
            "111": 8,
            "112": 8,
            "113": 9,
            "114": 9,
            "115": 9,
            "116": 10,
            "117": 8,
            "118": 8,
            "119": 9,
            "120": 9,
            "121": 9,
            "122": 7,
            "123": 14,
            "124": 8,
            "125": 6,
            "126": 10,
            "127": 6,
            "128": 12,
            "129": 7
          }
        }
      }
    },
    {
      "session": 4,
      "num_seen_classes": 140,
      "baseline_full_acc": 84.881,
      "baseline_base_acc": 88.233,
      "baseline_novel_acc": 76.632,
      "selected_alpha": 0.5,
      "final_full_acc": 85.65,
      "final_base_acc": 88.094,
      "final_novel_acc": 79.639,
      "final_gain": 0.77,
      "updated_class_count": 39,
      "gated_query_count": 1081,
      "gated_base_count": 3,
      "gated_novel_count": 1078,
      "alpha_selection": {
        "mode": "pseudo_validation",
        "fallback_used": false,
        "selected_alpha": 0.5,
        "candidates": [
          {
            "alpha": 0.5,
            "pseudo_val_score": -0.147996,
            "pseudo_val_nll": 0.147996,
            "pseudo_val_agreement": 97.626
          },
          {
            "alpha": 0.75,
            "pseudo_val_score": -0.161999,
            "pseudo_val_nll": 0.161999,
            "pseudo_val_agreement": 97.056
          },
          {
            "alpha": 1.0,
            "pseudo_val_score": -0.17569,
            "pseudo_val_nll": 0.17569,
            "pseudo_val_agreement": 96.771
          }
        ],
        "split": {
          "novel_gated_query_count": 1081,
          "validation_count": 3159,
          "novel_validation_count": 325,
          "base_validation_count": 2834,
          "updated_class_count": 39,
          "per_class_counts": {
            "100": 20,
            "101": 17,
            "102": 13,
            "103": 29,
            "104": 4,
            "105": 30,
            "106": 13,
            "107": 21,
            "108": 27,
            "109": 30,
            "110": 34,
            "111": 25,
            "112": 26,
            "113": 29,
            "114": 28,
            "115": 25,
            "116": 34,
            "117": 28,
            "118": 28,
            "119": 29,
            "120": 30,
            "121": 31,
            "122": 23,
            "123": 46,
            "124": 24,
            "125": 20,
            "126": 37,
            "127": 21,
            "128": 42,
            "129": 23,
            "130": 25,
            "131": 32,
            "132": 33,
            "133": 30,
            "134": 29,
            "135": 36,
            "136": 23,
            "137": 27,
            "138": 29,
            "139": 30
          },
          "per_class_update_counts": {
            "100": 14,
            "101": 12,
            "102": 9,
            "103": 20,
            "104": 0,
            "105": 21,
            "106": 9,
            "107": 15,
            "108": 19,
            "109": 21,
            "110": 24,
            "111": 17,
            "112": 18,
            "113": 20,
            "114": 20,
            "115": 17,
            "116": 24,
            "117": 20,
            "118": 20,
            "119": 20,
            "120": 21,
            "121": 22,
            "122": 16,
            "123": 32,
            "124": 17,
            "125": 14,
            "126": 26,
            "127": 15,
            "128": 29,
            "129": 16,
            "130": 17,
            "131": 22,
            "132": 23,
            "133": 21,
            "134": 20,
            "135": 25,
            "136": 16,
            "137": 19,
            "138": 20,
            "139": 21
          },
          "per_class_validation_counts": {
            "100": 6,
            "101": 5,
            "102": 4,
            "103": 9,
            "104": 0,
            "105": 9,
            "106": 4,
            "107": 6,
            "108": 8,
            "109": 9,
            "110": 10,
            "111": 8,
            "112": 8,
            "113": 9,
            "114": 8,
            "115": 8,
            "116": 10,
            "117": 8,
            "118": 8,
            "119": 9,
            "120": 9,
            "121": 9,
            "122": 7,
            "123": 14,
            "124": 7,
            "125": 6,
            "126": 11,
            "127": 6,
            "128": 13,
            "129": 7,
            "130": 8,
            "131": 10,
            "132": 10,
            "133": 9,
            "134": 9,
            "135": 11,
            "136": 7,
            "137": 8,
            "138": 9,
            "139": 9
          }
        }
      }
    },
    {
      "session": 5,
      "num_seen_classes": 150,
      "baseline_full_acc": 83.611,
      "baseline_base_acc": 88.268,
      "baseline_novel_acc": 74.487,
      "selected_alpha": 0.5,
      "final_full_acc": 84.397,
      "final_base_acc": 88.128,
      "final_novel_acc": 77.086,
      "final_gain": 0.786,
      "updated_class_count": 49,
      "gated_query_count": 1378,
      "gated_base_count": 4,
      "gated_novel_count": 1374,
      "alpha_selection": {
        "mode": "pseudo_validation",
        "fallback_used": false,
        "selected_alpha": 0.5,
        "candidates": [
          {
            "alpha": 0.5,
            "pseudo_val_score": -0.163578,
            "pseudo_val_nll": 0.163578,
            "pseudo_val_agreement": 97.014
          },
          {
            "alpha": 0.75,
            "pseudo_val_score": -0.178423,
            "pseudo_val_nll": 0.178423,
            "pseudo_val_agreement": 96.337
          },
          {
            "alpha": 1.0,
            "pseudo_val_score": -0.193495,
            "pseudo_val_nll": 0.193495,
            "pseudo_val_agreement": 96.03
          }
        ],
        "split": {
          "novel_gated_query_count": 1378,
          "validation_count": 3249,
          "novel_validation_count": 417,
          "base_validation_count": 2832,
          "updated_class_count": 49,
          "per_class_counts": {
            "100": 20,
            "101": 17,
            "102": 12,
            "103": 29,
            "104": 4,
            "105": 30,
            "106": 13,
            "107": 21,
            "108": 27,
            "109": 30,
            "110": 34,
            "111": 25,
            "112": 26,
            "113": 29,
            "114": 28,
            "115": 25,
            "116": 34,
            "117": 28,
            "118": 28,
            "119": 29,
            "120": 30,
            "121": 31,
            "122": 23,
            "123": 46,
            "124": 24,
            "125": 20,
            "126": 37,
            "127": 21,
            "128": 42,
            "129": 23,
            "130": 25,
            "131": 32,
            "132": 33,
            "133": 30,
            "134": 29,
            "135": 36,
            "136": 23,
            "137": 27,
            "138": 29,
            "139": 30,
            "140": 22,
            "141": 24,
            "142": 16,
            "143": 19,
            "144": 45,
            "145": 42,
            "146": 42,
            "147": 30,
            "148": 29,
            "149": 29
          },
          "per_class_update_counts": {
            "100": 14,
            "101": 12,
            "102": 8,
            "103": 20,
            "104": 0,
            "105": 21,
            "106": 9,
            "107": 15,
            "108": 19,
            "109": 21,
            "110": 24,
            "111": 17,
            "112": 18,
            "113": 20,
            "114": 20,
            "115": 17,
            "116": 24,
            "117": 20,
            "118": 20,
            "119": 20,
            "120": 21,
            "121": 22,
            "122": 16,
            "123": 32,
            "124": 17,
            "125": 14,
            "126": 26,
            "127": 15,
            "128": 29,
            "129": 16,
            "130": 17,
            "131": 22,
            "132": 23,
            "133": 21,
            "134": 20,
            "135": 25,
            "136": 16,
            "137": 19,
            "138": 20,
            "139": 21,
            "140": 15,
            "141": 17,
            "142": 11,
            "143": 13,
            "144": 31,
            "145": 29,
            "146": 29,
            "147": 21,
            "148": 20,
            "149": 20
          },
          "per_class_validation_counts": {
            "100": 6,
            "101": 5,
            "102": 4,
            "103": 9,
            "104": 0,
            "105": 9,
            "106": 4,
            "107": 6,
            "108": 8,
            "109": 9,
            "110": 10,
            "111": 8,
            "112": 8,
            "113": 9,
            "114": 8,
            "115": 8,
            "116": 10,
            "117": 8,
            "118": 8,
            "119": 9,
            "120": 9,
            "121": 9,
            "122": 7,
            "123": 14,
            "124": 7,
            "125": 6,
            "126": 11,
            "127": 6,
            "128": 13,
            "129": 7,
            "130": 8,
            "131": 10,
            "132": 10,
            "133": 9,
            "134": 9,
            "135": 11,
            "136": 7,
            "137": 8,
            "138": 9,
            "139": 9,
            "140": 7,
            "141": 7,
            "142": 5,
            "143": 6,
            "144": 14,
            "145": 13,
            "146": 13,
            "147": 9,
            "148": 9,
            "149": 9
          }
        }
      }
    },
    {
      "session": 6,
      "num_seen_classes": 160,
      "baseline_full_acc": 83.81,
      "baseline_base_acc": 88.094,
      "baseline_novel_acc": 76.8,
      "selected_alpha": 0.5,
      "final_full_acc": 84.59,
      "final_base_acc": 87.919,
      "final_novel_acc": 79.143,
      "final_gain": 0.78,
      "updated_class_count": 59,
      "gated_query_count": 1669,
      "gated_base_count": 9,
      "gated_novel_count": 1660,
      "alpha_selection": {
        "mode": "pseudo_validation",
        "fallback_used": false,
        "selected_alpha": 0.5,
        "candidates": [
          {
            "alpha": 0.5,
            "pseudo_val_score": -0.170736,
            "pseudo_val_nll": 0.170736,
            "pseudo_val_agreement": 96.938
          },
          {
            "alpha": 0.75,
            "pseudo_val_score": -0.186016,
            "pseudo_val_nll": 0.186016,
            "pseudo_val_agreement": 96.127
          },
          {
            "alpha": 1.0,
            "pseudo_val_score": -0.202256,
            "pseudo_val_nll": 0.202256,
            "pseudo_val_agreement": 95.797
          }
        ],
        "split": {
          "novel_gated_query_count": 1669,
          "validation_count": 3331,
          "novel_validation_count": 503,
          "base_validation_count": 2828,
          "updated_class_count": 59,
          "per_class_counts": {
            "100": 20,
            "101": 16,
            "102": 10,
            "103": 29,
            "104": 4,
            "105": 30,
            "106": 13,
            "107": 21,
            "108": 27,
            "109": 30,
            "110": 34,
            "111": 25,
            "112": 26,
            "113": 29,
            "114": 28,
            "115": 25,
            "116": 34,
            "117": 28,
            "118": 28,
            "119": 29,
            "120": 30,
            "121": 31,
            "122": 23,
            "123": 46,
            "124": 24,
            "125": 20,
            "126": 37,
            "127": 21,
            "128": 42,
            "129": 23,
            "130": 25,
            "131": 32,
            "132": 33,
            "133": 30,
            "134": 29,
            "135": 36,
            "136": 23,
            "137": 27,
            "138": 29,
            "139": 30,
            "140": 22,
            "141": 24,
            "142": 16,
            "143": 19,
            "144": 45,
            "145": 42,
            "146": 42,
            "147": 30,
            "148": 29,
            "149": 29,
            "150": 20,
            "151": 31,
            "152": 32,
            "153": 35,
            "154": 24,
            "155": 31,
            "156": 34,
            "157": 27,
            "158": 30,
            "159": 30
          },
          "per_class_update_counts": {
            "100": 14,
            "101": 11,
            "102": 7,
            "103": 20,
            "104": 0,
            "105": 21,
            "106": 9,
            "107": 15,
            "108": 19,
            "109": 21,
            "110": 24,
            "111": 17,
            "112": 18,
            "113": 20,
            "114": 20,
            "115": 17,
            "116": 24,
            "117": 20,
            "118": 20,
            "119": 20,
            "120": 21,
            "121": 22,
            "122": 16,
            "123": 32,
            "124": 17,
            "125": 14,
            "126": 26,
            "127": 15,
            "128": 29,
            "129": 16,
            "130": 17,
            "131": 22,
            "132": 23,
            "133": 21,
            "134": 20,
            "135": 25,
            "136": 16,
            "137": 19,
            "138": 20,
            "139": 21,
            "140": 15,
            "141": 17,
            "142": 11,
            "143": 13,
            "144": 31,
            "145": 29,
            "146": 29,
            "147": 21,
            "148": 20,
            "149": 20,
            "150": 14,
            "151": 22,
            "152": 22,
            "153": 25,
            "154": 17,
            "155": 22,
            "156": 24,
            "157": 19,
            "158": 21,
            "159": 21
          },
          "per_class_validation_counts": {
            "100": 6,
            "101": 5,
            "102": 3,
            "103": 9,
            "104": 0,
            "105": 9,
            "106": 4,
            "107": 6,
            "108": 8,
            "109": 9,
            "110": 10,
            "111": 8,
            "112": 8,
            "113": 9,
            "114": 8,
            "115": 8,
            "116": 10,
            "117": 8,
            "118": 8,
            "119": 9,
            "120": 9,
            "121": 9,
            "122": 7,
            "123": 14,
            "124": 7,
            "125": 6,
            "126": 11,
            "127": 6,
            "128": 13,
            "129": 7,
            "130": 8,
            "131": 10,
            "132": 10,
            "133": 9,
            "134": 9,
            "135": 11,
            "136": 7,
            "137": 8,
            "138": 9,
            "139": 9,
            "140": 7,
            "141": 7,
            "142": 5,
            "143": 6,
            "144": 14,
            "145": 13,
            "146": 13,
            "147": 9,
            "148": 9,
            "149": 9,
            "150": 6,
            "151": 9,
            "152": 10,
            "153": 10,
            "154": 7,
            "155": 9,
            "156": 10,
            "157": 8,
            "158": 9,
            "159": 9
          }
        }
      }
    },
    {
      "session": 7,
      "num_seen_classes": 170,
      "baseline_full_acc": 84.525,
      "baseline_base_acc": 88.094,
      "baseline_novel_acc": 79.531,
      "selected_alpha": 0.5,
      "final_full_acc": 85.196,
      "final_base_acc": 87.919,
      "final_novel_acc": 81.387,
      "final_gain": 0.672,
      "updated_class_count": 69,
      "gated_query_count": 1970,
      "gated_base_count": 11,
      "gated_novel_count": 1959,
      "alpha_selection": {
        "mode": "pseudo_validation",
        "fallback_used": false,
        "selected_alpha": 0.5,
        "candidates": [
          {
            "alpha": 0.5,
            "pseudo_val_score": -0.175606,
            "pseudo_val_nll": 0.175606,
            "pseudo_val_agreement": 96.962
          },
          {
            "alpha": 0.75,
            "pseudo_val_score": -0.19129,
            "pseudo_val_nll": 0.19129,
            "pseudo_val_agreement": 96.202
          },
          {
            "alpha": 1.0,
            "pseudo_val_score": -0.208566,
            "pseudo_val_nll": 0.208566,
            "pseudo_val_agreement": 95.706
          }
        ],
        "split": {
          "novel_gated_query_count": 1970,
          "validation_count": 3423,
          "novel_validation_count": 595,
          "base_validation_count": 2828,
          "updated_class_count": 69,
          "per_class_counts": {
            "100": 20,
            "101": 17,
            "102": 10,
            "103": 29,
            "104": 4,
            "105": 30,
            "106": 13,
            "107": 21,
            "108": 27,
            "109": 30,
            "110": 34,
            "111": 25,
            "112": 26,
            "113": 29,
            "114": 28,
            "115": 25,
            "116": 34,
            "117": 28,
            "118": 28,
            "119": 29,
            "120": 30,
            "121": 31,
            "122": 23,
            "123": 46,
            "124": 24,
            "125": 20,
            "126": 37,
            "127": 21,
            "128": 42,
            "129": 23,
            "130": 25,
            "131": 32,
            "132": 33,
            "133": 30,
            "134": 29,
            "135": 36,
            "136": 23,
            "137": 27,
            "138": 29,
            "139": 30,
            "140": 22,
            "141": 24,
            "142": 16,
            "143": 19,
            "144": 45,
            "145": 42,
            "146": 42,
            "147": 30,
            "148": 29,
            "149": 29,
            "150": 20,
            "151": 32,
            "152": 33,
            "153": 36,
            "154": 24,
            "155": 36,
            "156": 33,
            "157": 27,
            "158": 30,
            "159": 30,
            "160": 34,
            "161": 31,
            "162": 30,
            "163": 30,
            "164": 25,
            "165": 27,
            "166": 29,
            "167": 30,
            "168": 29,
            "169": 28
          },
          "per_class_update_counts": {
            "100": 14,
            "101": 12,
            "102": 7,
            "103": 20,
            "104": 0,
            "105": 21,
            "106": 9,
            "107": 15,
            "108": 19,
            "109": 21,
            "110": 24,
            "111": 17,
            "112": 18,
            "113": 20,
            "114": 20,
            "115": 17,
            "116": 24,
            "117": 20,
            "118": 20,
            "119": 20,
            "120": 21,
            "121": 22,
            "122": 16,
            "123": 32,
            "124": 17,
            "125": 14,
            "126": 26,
            "127": 15,
            "128": 29,
            "129": 16,
            "130": 17,
            "131": 22,
            "132": 23,
            "133": 21,
            "134": 20,
            "135": 25,
            "136": 16,
            "137": 19,
            "138": 20,
            "139": 21,
            "140": 15,
            "141": 17,
            "142": 11,
            "143": 13,
            "144": 31,
            "145": 29,
            "146": 29,
            "147": 21,
            "148": 20,
            "149": 20,
            "150": 14,
            "151": 22,
            "152": 23,
            "153": 25,
            "154": 17,
            "155": 25,
            "156": 23,
            "157": 19,
            "158": 21,
            "159": 21,
            "160": 24,
            "161": 22,
            "162": 21,
            "163": 21,
            "164": 17,
            "165": 19,
            "166": 20,
            "167": 21,
            "168": 20,
            "169": 20
          },
          "per_class_validation_counts": {
            "100": 6,
            "101": 5,
            "102": 3,
            "103": 9,
            "104": 0,
            "105": 9,
            "106": 4,
            "107": 6,
            "108": 8,
            "109": 9,
            "110": 10,
            "111": 8,
            "112": 8,
            "113": 9,
            "114": 8,
            "115": 8,
            "116": 10,
            "117": 8,
            "118": 8,
            "119": 9,
            "120": 9,
            "121": 9,
            "122": 7,
            "123": 14,
            "124": 7,
            "125": 6,
            "126": 11,
            "127": 6,
            "128": 13,
            "129": 7,
            "130": 8,
            "131": 10,
            "132": 10,
            "133": 9,
            "134": 9,
            "135": 11,
            "136": 7,
            "137": 8,
            "138": 9,
            "139": 9,
            "140": 7,
            "141": 7,
            "142": 5,
            "143": 6,
            "144": 14,
            "145": 13,
            "146": 13,
            "147": 9,
            "148": 9,
            "149": 9,
            "150": 6,
            "151": 10,
            "152": 10,
            "153": 11,
            "154": 7,
            "155": 11,
            "156": 10,
            "157": 8,
            "158": 9,
            "159": 9,
            "160": 10,
            "161": 9,
            "162": 9,
            "163": 9,
            "164": 8,
            "165": 8,
            "166": 9,
            "167": 9,
            "168": 9,
            "169": 8
          }
        }
      }
    },
    {
      "session": 8,
      "num_seen_classes": 180,
      "baseline_full_acc": 84.287,
      "baseline_base_acc": 88.059,
      "baseline_novel_acc": 79.675,
      "selected_alpha": 0.5,
      "final_full_acc": 85.094,
      "final_base_acc": 87.884,
      "final_novel_acc": 81.682,
      "final_gain": 0.807,
      "updated_class_count": 79,
      "gated_query_count": 2265,
      "gated_base_count": 14,
      "gated_novel_count": 2251,
      "alpha_selection": {
        "mode": "pseudo_validation",
        "fallback_used": false,
        "selected_alpha": 0.5,
        "candidates": [
          {
            "alpha": 0.5,
            "pseudo_val_score": -0.186072,
            "pseudo_val_nll": 0.186072,
            "pseudo_val_agreement": 96.667
          },
          {
            "alpha": 0.75,
            "pseudo_val_score": -0.203958,
            "pseudo_val_nll": 0.203958,
            "pseudo_val_agreement": 95.698
          },
          {
            "alpha": 1.0,
            "pseudo_val_score": -0.224427,
            "pseudo_val_nll": 0.224427,
            "pseudo_val_agreement": 95.157
          }
        ],
        "split": {
          "novel_gated_query_count": 2265,
          "validation_count": 3510,
          "novel_validation_count": 682,
          "base_validation_count": 2828,
          "updated_class_count": 79,
          "per_class_counts": {
            "100": 20,
            "101": 17,
            "102": 10,
            "103": 29,
            "104": 4,
            "105": 30,
            "106": 13,
            "107": 21,
            "108": 28,
            "109": 30,
            "110": 34,
            "111": 25,
            "112": 26,
            "113": 29,
            "114": 28,
            "115": 25,
            "116": 34,
            "117": 28,
            "118": 28,
            "119": 29,
            "120": 30,
            "121": 31,
            "122": 23,
            "123": 46,
            "124": 24,
            "125": 20,
            "126": 37,
            "127": 21,
            "128": 42,
            "129": 23,
            "130": 25,
            "131": 32,
            "132": 33,
            "133": 30,
            "134": 29,
            "135": 36,
            "136": 23,
            "137": 27,
            "138": 29,
            "139": 30,
            "140": 22,
            "141": 24,
            "142": 16,
            "143": 19,
            "144": 45,
            "145": 42,
            "146": 42,
            "147": 29,
            "148": 29,
            "149": 29,
            "150": 20,
            "151": 30,
            "152": 31,
            "153": 35,
            "154": 26,
            "155": 36,
            "156": 26,
            "157": 27,
            "158": 30,
            "159": 30,
            "160": 30,
            "161": 28,
            "162": 33,
            "163": 29,
            "164": 26,
            "165": 27,
            "166": 21,
            "167": 29,
            "168": 28,
            "169": 27,
            "170": 24,
            "171": 42,
            "172": 36,
            "173": 29,
            "174": 40,
            "175": 34,
            "176": 31,
            "177": 29,
            "178": 17,
            "179": 38
          },
          "per_class_update_counts": {
            "100": 14,
            "101": 12,
            "102": 7,
            "103": 20,
            "104": 0,
            "105": 21,
            "106": 9,
            "107": 15,
            "108": 20,
            "109": 21,
            "110": 24,
            "111": 17,
            "112": 18,
            "113": 20,
            "114": 20,
            "115": 17,
            "116": 24,
            "117": 20,
            "118": 20,
            "119": 20,
            "120": 21,
            "121": 22,
            "122": 16,
            "123": 32,
            "124": 17,
            "125": 14,
            "126": 26,
            "127": 15,
            "128": 29,
            "129": 16,
            "130": 17,
            "131": 22,
            "132": 23,
            "133": 21,
            "134": 20,
            "135": 25,
            "136": 16,
            "137": 19,
            "138": 20,
            "139": 21,
            "140": 15,
            "141": 17,
            "142": 11,
            "143": 13,
            "144": 31,
            "145": 29,
            "146": 29,
            "147": 20,
            "148": 20,
            "149": 20,
            "150": 14,
            "151": 21,
            "152": 22,
            "153": 25,
            "154": 18,
            "155": 25,
            "156": 18,
            "157": 19,
            "158": 21,
            "159": 21,
            "160": 21,
            "161": 20,
            "162": 23,
            "163": 20,
            "164": 18,
            "165": 19,
            "166": 15,
            "167": 20,
            "168": 20,
            "169": 19,
            "170": 17,
            "171": 29,
            "172": 25,
            "173": 20,
            "174": 28,
            "175": 24,
            "176": 22,
            "177": 20,
            "178": 12,
            "179": 27
          },
          "per_class_validation_counts": {
            "100": 6,
            "101": 5,
            "102": 3,
            "103": 9,
            "104": 0,
            "105": 9,
            "106": 4,
            "107": 6,
            "108": 8,
            "109": 9,
            "110": 10,
            "111": 8,
            "112": 8,
            "113": 9,
            "114": 8,
            "115": 8,
            "116": 10,
            "117": 8,
            "118": 8,
            "119": 9,
            "120": 9,
            "121": 9,
            "122": 7,
            "123": 14,
            "124": 7,
            "125": 6,
            "126": 11,
            "127": 6,
            "128": 13,
            "129": 7,
            "130": 8,
            "131": 10,
            "132": 10,
            "133": 9,
            "134": 9,
            "135": 11,
            "136": 7,
            "137": 8,
            "138": 9,
            "139": 9,
            "140": 7,
            "141": 7,
            "142": 5,
            "143": 6,
            "144": 14,
            "145": 13,
            "146": 13,
            "147": 9,
            "148": 9,
            "149": 9,
            "150": 6,
            "151": 9,
            "152": 9,
            "153": 10,
            "154": 8,
            "155": 11,
            "156": 8,
            "157": 8,
            "158": 9,
            "159": 9,
            "160": 9,
            "161": 8,
            "162": 10,
            "163": 9,
            "164": 8,
            "165": 8,
            "166": 6,
            "167": 9,
            "168": 8,
            "169": 8,
            "170": 7,
            "171": 13,
            "172": 11,
            "173": 9,
            "174": 12,
            "175": 10,
            "176": 9,
            "177": 9,
            "178": 5,
            "179": 11
          }
        }
      }
    },
    {
      "session": 9,
      "num_seen_classes": 190,
      "baseline_full_acc": 84.729,
      "baseline_base_acc": 87.989,
      "baseline_novel_acc": 81.179,
      "selected_alpha": 0.5,
      "final_full_acc": 85.53,
      "final_base_acc": 87.814,
      "final_novel_acc": 83.042,
      "final_gain": 0.801,
      "updated_class_count": 89,
      "gated_query_count": 2553,
      "gated_base_count": 15,
      "gated_novel_count": 2538,
      "alpha_selection": {
        "mode": "pseudo_validation",
        "fallback_used": false,
        "selected_alpha": 0.5,
        "candidates": [
          {
            "alpha": 0.5,
            "pseudo_val_score": -0.193035,
            "pseudo_val_nll": 0.193035,
            "pseudo_val_agreement": 96.524
          },
          {
            "alpha": 0.75,
            "pseudo_val_score": -0.211328,
            "pseudo_val_nll": 0.211328,
            "pseudo_val_agreement": 95.467
          },
          {
            "alpha": 1.0,
            "pseudo_val_score": -0.232343,
            "pseudo_val_nll": 0.232343,
            "pseudo_val_agreement": 94.911
          }
        ],
        "split": {
          "novel_gated_query_count": 2553,
          "validation_count": 3596,
          "novel_validation_count": 767,
          "base_validation_count": 2829,
          "updated_class_count": 89,
          "per_class_counts": {
            "100": 20,
            "101": 17,
            "102": 10,
            "103": 29,
            "104": 4,
            "105": 30,
            "106": 13,
            "107": 21,
            "108": 28,
            "109": 30,
            "110": 34,
            "111": 25,
            "112": 26,
            "113": 29,
            "114": 28,
            "115": 25,
            "116": 34,
            "117": 28,
            "118": 28,
            "119": 29,
            "120": 30,
            "121": 31,
            "122": 23,
            "123": 46,
            "124": 24,
            "125": 20,
            "126": 37,
            "127": 21,
            "128": 42,
            "129": 23,
            "130": 25,
            "131": 32,
            "132": 33,
            "133": 30,
            "134": 29,
            "135": 36,
            "136": 23,
            "137": 27,
            "138": 29,
            "139": 30,
            "140": 22,
            "141": 24,
            "142": 16,
            "143": 19,
            "144": 45,
            "145": 42,
            "146": 42,
            "147": 29,
            "148": 29,
            "149": 29,
            "150": 20,
            "151": 30,
            "152": 31,
            "153": 35,
            "154": 26,
            "155": 36,
            "156": 26,
            "157": 27,
            "158": 30,
            "159": 30,
            "160": 30,
            "161": 28,
            "162": 33,
            "163": 29,
            "164": 26,
            "165": 27,
            "166": 21,
            "167": 29,
            "168": 28,
            "169": 27,
            "170": 24,
            "171": 42,
            "172": 36,
            "173": 29,
            "174": 41,
            "175": 34,
            "176": 31,
            "177": 29,
            "178": 17,
            "179": 39,
            "180": 28,
            "181": 28,
            "182": 26,
            "183": 34,
            "184": 29,
            "185": 31,
            "186": 21,
            "187": 30,
            "188": 31,
            "189": 28
          },
          "per_class_update_counts": {
            "100": 14,
            "101": 12,
            "102": 7,
            "103": 20,
            "104": 0,
            "105": 21,
            "106": 9,
            "107": 15,
            "108": 20,
            "109": 21,
            "110": 24,
            "111": 17,
            "112": 18,
            "113": 20,
            "114": 20,
            "115": 17,
            "116": 24,
            "117": 20,
            "118": 20,
            "119": 20,
            "120": 21,
            "121": 22,
            "122": 16,
            "123": 32,
            "124": 17,
            "125": 14,
            "126": 26,
            "127": 15,
            "128": 29,
            "129": 16,
            "130": 17,
            "131": 22,
            "132": 23,
            "133": 21,
            "134": 20,
            "135": 25,
            "136": 16,
            "137": 19,
            "138": 20,
            "139": 21,
            "140": 15,
            "141": 17,
            "142": 11,
            "143": 13,
            "144": 31,
            "145": 29,
            "146": 29,
            "147": 20,
            "148": 20,
            "149": 20,
            "150": 14,
            "151": 21,
            "152": 22,
            "153": 25,
            "154": 18,
            "155": 25,
            "156": 18,
            "157": 19,
            "158": 21,
            "159": 21,
            "160": 21,
            "161": 20,
            "162": 23,
            "163": 20,
            "164": 18,
            "165": 19,
            "166": 15,
            "167": 20,
            "168": 20,
            "169": 19,
            "170": 17,
            "171": 29,
            "172": 25,
            "173": 20,
            "174": 29,
            "175": 24,
            "176": 22,
            "177": 20,
            "178": 12,
            "179": 27,
            "180": 20,
            "181": 20,
            "182": 18,
            "183": 24,
            "184": 20,
            "185": 22,
            "186": 15,
            "187": 21,
            "188": 22,
            "189": 20
          },
          "per_class_validation_counts": {
            "100": 6,
            "101": 5,
            "102": 3,
            "103": 9,
            "104": 0,
            "105": 9,
            "106": 4,
            "107": 6,
            "108": 8,
            "109": 9,
            "110": 10,
            "111": 8,
            "112": 8,
            "113": 9,
            "114": 8,
            "115": 8,
            "116": 10,
            "117": 8,
            "118": 8,
            "119": 9,
            "120": 9,
            "121": 9,
            "122": 7,
            "123": 14,
            "124": 7,
            "125": 6,
            "126": 11,
            "127": 6,
            "128": 13,
            "129": 7,
            "130": 8,
            "131": 10,
            "132": 10,
            "133": 9,
            "134": 9,
            "135": 11,
            "136": 7,
            "137": 8,
            "138": 9,
            "139": 9,
            "140": 7,
            "141": 7,
            "142": 5,
            "143": 6,
            "144": 14,
            "145": 13,
            "146": 13,
            "147": 9,
            "148": 9,
            "149": 9,
            "150": 6,
            "151": 9,
            "152": 9,
            "153": 10,
            "154": 8,
            "155": 11,
            "156": 8,
            "157": 8,
            "158": 9,
            "159": 9,
            "160": 9,
            "161": 8,
            "162": 10,
            "163": 9,
            "164": 8,
            "165": 8,
            "166": 6,
            "167": 9,
            "168": 8,
            "169": 8,
            "170": 7,
            "171": 13,
            "172": 11,
            "173": 9,
            "174": 12,
            "175": 10,
            "176": 9,
            "177": 9,
            "178": 5,
            "179": 12,
            "180": 8,
            "181": 8,
            "182": 8,
            "183": 10,
            "184": 9,
            "185": 9,
            "186": 6,
            "187": 9,
            "188": 9,
            "189": 8
          }
        }
      }
    },
    {
      "session": 10,
      "num_seen_classes": 200,
      "baseline_full_acc": 85.002,
      "baseline_base_acc": 87.919,
      "baseline_novel_acc": 82.15,
      "selected_alpha": 0.5,
      "final_full_acc": 85.83,
      "final_base_acc": 87.744,
      "final_novel_acc": 83.959,
      "final_gain": 0.828,
      "updated_class_count": 99,
      "gated_query_count": 2852,
      "gated_base_count": 15,
      "gated_novel_count": 2837,
      "alpha_selection": {
        "mode": "pseudo_validation",
        "fallback_used": false,
        "selected_alpha": 0.5,
        "candidates": [
          {
            "alpha": 0.5,
            "pseudo_val_score": -0.198594,
            "pseudo_val_nll": 0.198594,
            "pseudo_val_agreement": 96.5
          },
          {
            "alpha": 0.75,
            "pseudo_val_score": -0.217317,
            "pseudo_val_nll": 0.217317,
            "pseudo_val_agreement": 95.415
          },
          {
            "alpha": 1.0,
            "pseudo_val_score": -0.238766,
            "pseudo_val_nll": 0.238766,
            "pseudo_val_agreement": 94.872
          }
        ],
        "split": {
          "novel_gated_query_count": 2852,
          "validation_count": 3686,
          "novel_validation_count": 855,
          "base_validation_count": 2831,
          "updated_class_count": 99,
          "per_class_counts": {
            "100": 20,
            "101": 17,
            "102": 10,
            "103": 29,
            "104": 4,
            "105": 30,
            "106": 13,
            "107": 21,
            "108": 28,
            "109": 30,
            "110": 34,
            "111": 25,
            "112": 26,
            "113": 29,
            "114": 28,
            "115": 25,
            "116": 34,
            "117": 29,
            "118": 28,
            "119": 29,
            "120": 30,
            "121": 31,
            "122": 23,
            "123": 46,
            "124": 24,
            "125": 20,
            "126": 37,
            "127": 21,
            "128": 43,
            "129": 23,
            "130": 25,
            "131": 32,
            "132": 33,
            "133": 30,
            "134": 29,
            "135": 36,
            "136": 23,
            "137": 27,
            "138": 29,
            "139": 30,
            "140": 22,
            "141": 24,
            "142": 16,
            "143": 19,
            "144": 45,
            "145": 42,
            "146": 42,
            "147": 29,
            "148": 29,
            "149": 28,
            "150": 20,
            "151": 30,
            "152": 31,
            "153": 35,
            "154": 26,
            "155": 36,
            "156": 26,
            "157": 27,
            "158": 30,
            "159": 30,
            "160": 30,
            "161": 28,
            "162": 33,
            "163": 29,
            "164": 26,
            "165": 27,
            "166": 21,
            "167": 28,
            "168": 28,
            "169": 27,
            "170": 24,
            "171": 42,
            "172": 36,
            "173": 29,
            "174": 41,
            "175": 34,
            "176": 31,
            "177": 27,
            "178": 17,
            "179": 39,
            "180": 28,
            "181": 28,
            "182": 26,
            "183": 34,
            "184": 29,
            "185": 31,
            "186": 21,
            "187": 30,
            "188": 34,
            "189": 27,
            "190": 27,
            "191": 31,
            "192": 28,
            "193": 30,
            "194": 38,
            "195": 36,
            "196": 25,
            "197": 30,
            "198": 23,
            "199": 31
          },
          "per_class_update_counts": {
            "100": 14,
            "101": 12,
            "102": 7,
            "103": 20,
            "104": 0,
            "105": 21,
            "106": 9,
            "107": 15,
            "108": 20,
            "109": 21,
            "110": 24,
            "111": 17,
            "112": 18,
            "113": 20,
            "114": 20,
            "115": 17,
            "116": 24,
            "117": 20,
            "118": 20,
            "119": 20,
            "120": 21,
            "121": 22,
            "122": 16,
            "123": 32,
            "124": 17,
            "125": 14,
            "126": 26,
            "127": 15,
            "128": 30,
            "129": 16,
            "130": 17,
            "131": 22,
            "132": 23,
            "133": 21,
            "134": 20,
            "135": 25,
            "136": 16,
            "137": 19,
            "138": 20,
            "139": 21,
            "140": 15,
            "141": 17,
            "142": 11,
            "143": 13,
            "144": 31,
            "145": 29,
            "146": 29,
            "147": 20,
            "148": 20,
            "149": 20,
            "150": 14,
            "151": 21,
            "152": 22,
            "153": 25,
            "154": 18,
            "155": 25,
            "156": 18,
            "157": 19,
            "158": 21,
            "159": 21,
            "160": 21,
            "161": 20,
            "162": 23,
            "163": 20,
            "164": 18,
            "165": 19,
            "166": 15,
            "167": 20,
            "168": 20,
            "169": 19,
            "170": 17,
            "171": 29,
            "172": 25,
            "173": 20,
            "174": 29,
            "175": 24,
            "176": 22,
            "177": 19,
            "178": 12,
            "179": 27,
            "180": 20,
            "181": 20,
            "182": 18,
            "183": 24,
            "184": 20,
            "185": 22,
            "186": 15,
            "187": 21,
            "188": 24,
            "189": 19,
            "190": 19,
            "191": 22,
            "192": 20,
            "193": 21,
            "194": 27,
            "195": 25,
            "196": 17,
            "197": 21,
            "198": 16,
            "199": 22
          },
          "per_class_validation_counts": {
            "100": 6,
            "101": 5,
            "102": 3,
            "103": 9,
            "104": 0,
            "105": 9,
            "106": 4,
            "107": 6,
            "108": 8,
            "109": 9,
            "110": 10,
            "111": 8,
            "112": 8,
            "113": 9,
            "114": 8,
            "115": 8,
            "116": 10,
            "117": 9,
            "118": 8,
            "119": 9,
            "120": 9,
            "121": 9,
            "122": 7,
            "123": 14,
            "124": 7,
            "125": 6,
            "126": 11,
            "127": 6,
            "128": 13,
            "129": 7,
            "130": 8,
            "131": 10,
            "132": 10,
            "133": 9,
            "134": 9,
            "135": 11,
            "136": 7,
            "137": 8,
            "138": 9,
            "139": 9,
            "140": 7,
            "141": 7,
            "142": 5,
            "143": 6,
            "144": 14,
            "145": 13,
            "146": 13,
            "147": 9,
            "148": 9,
            "149": 8,
            "150": 6,
            "151": 9,
            "152": 9,
            "153": 10,
            "154": 8,
            "155": 11,
            "156": 8,
            "157": 8,
            "158": 9,
            "159": 9,
            "160": 9,
            "161": 8,
            "162": 10,
            "163": 9,
            "164": 8,
            "165": 8,
            "166": 6,
            "167": 8,
            "168": 8,
            "169": 8,
            "170": 7,
            "171": 13,
            "172": 11,
            "173": 9,
            "174": 12,
            "175": 10,
            "176": 9,
            "177": 8,
            "178": 5,
            "179": 12,
            "180": 8,
            "181": 8,
            "182": 8,
            "183": 10,
            "184": 9,
            "185": 9,
            "186": 6,
            "187": 9,
            "188": 10,
            "189": 8,
            "190": 8,
            "191": 9,
            "192": 8,
            "193": 9,
            "194": 11,
            "195": 11,
            "196": 8,
            "197": 9,
            "198": 7,
            "199": 9
          }
        }
      }
    }
  ]
}
