/media/ndag/newVolume/BiMC-test/models/clip/clip.py:23: UserWarning: PyTorch version 1.7.1 or higher is recommended
  warnings.warn("PyTorch version 1.7.1 or higher is recommended")
manual seed: 3
use gpu: ['0']
Files already downloaded and verified
Files already downloaded and verified
Loading CLIP (backbone: ViT-B/16)
Prompt template:['a photo of a {}.']
Loading DinoV2 ViT-B/14 from local hub: /home/ndag/.cache/torch/hub/facebookresearch_dinov2_main
/home/ndag/.cache/torch/hub/facebookresearch_dinov2_main/dinov2/layers/swiglu_ffn.py:51: UserWarning: xFormers is not available (SwiGLU)
  warnings.warn("xFormers is not available (SwiGLU)")
/home/ndag/.cache/torch/hub/facebookresearch_dinov2_main/dinov2/layers/attention.py:36: UserWarning: xFormers is not available (Attention)
  warnings.warn("xFormers is not available (Attention)")
/home/ndag/.cache/torch/hub/facebookresearch_dinov2_main/dinov2/layers/block.py:40: UserWarning: xFormers is not available (Block)
  warnings.warn("xFormers is not available (Block)")
Loading DinoV2 weights: /home/ndag/.cache/torch/hub/checkpoints/dinov2_vitb14_pretrain.pth
class names: ['apple' 'aquarium fish' 'baby' 'bear' 'beaver' 'bed' 'bee' 'beetle'
 'bicycle' 'bottle' 'bowl' 'boy' 'bridge' 'bus' 'butterfly' 'camel' 'can'
 'castle' 'caterpillar' 'cattle' 'chair' 'chimpanzee' 'clock' 'cloud'
 'cockroach' 'couch' 'crab' 'crocodile' 'cup' 'dinosaur' 'dolphin'
 'elephant' 'flatfish' 'forest' 'fox' 'girl' 'hamster' 'house' 'kangaroo'
 'keyboard' 'lamp' 'lawn mower' 'leopard' 'lion' 'lizard' 'lobster' 'man'
 'maple tree' 'motorcycle' 'mountain' 'mouse' 'mushroom' 'oak tree'
 'orange' 'orchid' 'otter' 'palm tree' 'pear' 'pickup truck' 'pine tree']
all targets:tensor([ 0,  1,  2,  3,  4,  5,  6,  7,  8,  9, 10, 11, 12, 13, 14, 15, 16, 17,
        18, 19, 20, 21, 22, 23, 24, 25, 26, 27, 28, 29, 30, 31, 32, 33, 34, 35,
        36, 37, 38, 39, 40, 41, 42, 43, 44, 45, 46, 47, 48, 49, 50, 51, 52, 53,
        54, 55, 56, 57, 58, 59], device='cuda:0')
dino all targets:tensor([ 0,  1,  2,  3,  4,  5,  6,  7,  8,  9, 10, 11, 12, 13, 14, 15, 16, 17,
        18, 19, 20, 21, 22, 23, 24, 25, 26, 27, 28, 29, 30, 31, 32, 33, 34, 35,
        36, 37, 38, 39, 40, 41, 42, 43, 44, 45, 46, 47, 48, 49, 50, 51, 52, 53,
        54, 55, 56, 57, 58, 59], device='cuda:0')
finish loading CLIP/DinoV2 covariance
class names: ['plain' 'plate' 'poppy' 'porcupine' 'possum']
all targets:tensor([60, 61, 62, 63, 64], device='cuda:0')
dino all targets:tensor([60, 61, 62, 63, 64], device='cuda:0')
finish loading CLIP/DinoV2 covariance
class names: ['rabbit' 'raccoon' 'ray' 'road' 'rocket']
all targets:tensor([65, 66, 67, 68, 69], device='cuda:0')
dino all targets:tensor([65, 66, 67, 68, 69], device='cuda:0')
finish loading CLIP/DinoV2 covariance
class names: ['rose' 'sea' 'seal' 'shark' 'shrew']
all targets:tensor([70, 71, 72, 73, 74], device='cuda:0')
dino all targets:tensor([70, 71, 72, 73, 74], device='cuda:0')
finish loading CLIP/DinoV2 covariance
class names: ['skunk' 'skyscraper' 'snail' 'snake' 'spider']
all targets:tensor([75, 76, 77, 78, 79], device='cuda:0')
dino all targets:tensor([75, 76, 77, 78, 79], device='cuda:0')
finish loading CLIP/DinoV2 covariance
class names: ['squirrel' 'streetcar' 'sunflower' 'sweet pepper' 'table']
all targets:tensor([80, 81, 82, 83, 84], device='cuda:0')
dino all targets:tensor([80, 81, 82, 83, 84], device='cuda:0')
finish loading CLIP/DinoV2 covariance
class names: ['tank' 'telephone' 'television' 'tiger' 'tractor']
all targets:tensor([85, 86, 87, 88, 89], device='cuda:0')
dino all targets:tensor([85, 86, 87, 88, 89], device='cuda:0')
finish loading CLIP/DinoV2 covariance
class names: ['train' 'trout' 'tulip' 'turtle' 'wardrobe']
all targets:tensor([90, 91, 92, 93, 94], device='cuda:0')
dino all targets:tensor([90, 91, 92, 93, 94], device='cuda:0')
finish loading CLIP/DinoV2 covariance
class names: ['whale' 'willow tree' 'wolf' 'woman' 'worm']
all targets:tensor([95, 96, 97, 98, 99], device='cuda:0')
dino all targets:tensor([95, 96, 97, 98, 99], device='cuda:0')
finish loading CLIP/DinoV2 covariance
session 0: baseline=89.750 final=89.750 gain=0.000
session 1: baseline=87.492 final=88.508 gain=1.015
session 2: baseline=86.800 final=88.114 gain=1.314
session 3: baseline=84.320 final=86.267 gain=1.947
session 4: baseline=84.425 final=86.463 gain=2.038
session 5: baseline=84.235 final=86.271 gain=2.035
session 6: baseline=84.289 final=86.411 gain=2.122
session 7: baseline=83.989 final=86.316 gain=2.326
session 8: baseline=82.790 final=85.120 gain=2.330
{
  "dataset": "CIFAR100",
  "seed": 3,
  "train_cfg": "experiments/bmvc_1256_20260508-124032/generated_configs/bimc_dino_fusion.yaml",
  "method": "sessionwise conservative query prototype refinement on bimc_dino_fusion with pseudo-validation alpha selection",
  "runtime_sec": 447.796,
  "alpha_grid": [
    0.5,
    0.75,
    1.0
  ],
  "alpha_selection": "pseudo_validation_no_test_labels",
  "mass_thr": 0.3,
  "min_count": 5,
  "val_fraction": 0.1,
  "base_val_conf_thr": 0.5,
  "base_val_max_per_class": 50,
  "fallback_alpha": 0.75,
  "topk_per_class": null,
  "baseline_acc_list": [
    89.75,
    87.492,
    86.8,
    84.32,
    84.425,
    84.235,
    84.289,
    83.989,
    82.79
  ],
  "final_acc_list": [
    89.75,
    88.508,
    88.114,
    86.267,
    86.463,
    86.271,
    86.411,
    86.316,
    85.12
  ],
  "gain_list": [
    0.0,
    1.015,
    1.314,
    1.947,
    2.038,
    2.035,
    2.122,
    2.326,
    2.33
  ],
  "baseline_avg": 85.343,
  "baseline_pd": 6.96,
  "final_avg": 87.024,
  "final_pd": 4.63,
  "gain_avg": 1.681,
  "session_results": [
    {
      "session": 0,
      "num_seen_classes": 60,
      "baseline_full_acc": 89.75,
      "baseline_base_acc": 89.75,
      "baseline_novel_acc": 0.0,
      "best_alpha": null,
      "final_full_acc": 89.75,
      "final_base_acc": 89.75,
      "final_novel_acc": 0.0,
      "final_gain": 0.0,
      "updated_class_count": 0,
      "gated_query_count": 0,
      "alpha_selection": {
        "mode": "not_applicable_base_session",
        "selected_alpha": null
      }
    },
    {
      "session": 1,
      "num_seen_classes": 65,
      "baseline_full_acc": 87.492,
      "baseline_base_acc": 89.45,
      "baseline_novel_acc": 64.0,
      "selected_alpha": 0.5,
      "final_full_acc": 88.508,
      "final_base_acc": 89.317,
      "final_novel_acc": 78.8,
      "final_gain": 1.015,
      "updated_class_count": 5,
      "gated_query_count": 334,
      "gated_base_count": 12,
      "gated_novel_count": 322,
      "alpha_selection": {
        "mode": "pseudo_validation",
        "fallback_used": false,
        "selected_alpha": 0.5,
        "candidates": [
          {
            "alpha": 0.5,
            "pseudo_val_score": -0.013751,
            "pseudo_val_nll": 0.013751,
            "pseudo_val_agreement": 99.868
          },
          {
            "alpha": 0.75,
            "pseudo_val_score": -0.014904,
            "pseudo_val_nll": 0.014904,
            "pseudo_val_agreement": 99.769
          },
          {
            "alpha": 1.0,
            "pseudo_val_score": -0.016407,
            "pseudo_val_nll": 0.016407,
            "pseudo_val_agreement": 99.736
          }
        ],
        "split": {
          "novel_gated_query_count": 334,
          "validation_count": 3033,
          "novel_validation_count": 33,
          "base_validation_count": 3000,
          "updated_class_count": 5,
          "per_class_counts": {
            "60": 59,
            "61": 60,
            "62": 99,
            "63": 52,
            "64": 64
          },
          "per_class_update_counts": {
            "60": 53,
            "61": 54,
            "62": 89,
            "63": 47,
            "64": 58
          },
          "per_class_validation_counts": {
            "60": 6,
            "61": 6,
            "62": 10,
            "63": 5,
            "64": 6
          }
        }
      }
    },
    {
      "session": 2,
      "num_seen_classes": 70,
      "baseline_full_acc": 86.8,
      "baseline_base_acc": 89.333,
      "baseline_novel_acc": 71.6,
      "selected_alpha": 0.5,
      "final_full_acc": 88.114,
      "final_base_acc": 89.15,
      "final_novel_acc": 81.9,
      "final_gain": 1.314,
      "updated_class_count": 10,
      "gated_query_count": 745,
      "gated_base_count": 16,
      "gated_novel_count": 729,
      "alpha_selection": {
        "mode": "pseudo_validation",
        "fallback_used": false,
        "selected_alpha": 0.5,
        "candidates": [
          {
            "alpha": 0.5,
            "pseudo_val_score": -0.023805,
            "pseudo_val_nll": 0.023805,
            "pseudo_val_agreement": 99.74
          },
          {
            "alpha": 0.75,
            "pseudo_val_score": -0.02511,
            "pseudo_val_nll": 0.02511,
            "pseudo_val_agreement": 99.61
          },
          {
            "alpha": 1.0,
            "pseudo_val_score": -0.026893,
            "pseudo_val_nll": 0.026893,
            "pseudo_val_agreement": 99.61
          }
        ],
        "split": {
          "novel_gated_query_count": 745,
          "validation_count": 3076,
          "novel_validation_count": 76,
          "base_validation_count": 3000,
          "updated_class_count": 10,
          "per_class_counts": {
            "60": 59,
            "61": 61,
            "62": 99,
            "63": 52,
            "64": 62,
            "65": 75,
            "66": 88,
            "67": 67,
            "68": 87,
            "69": 95
          },
          "per_class_update_counts": {
            "60": 53,
            "61": 55,
            "62": 89,
            "63": 47,
            "64": 56,
            "65": 67,
            "66": 79,
            "67": 60,
            "68": 78,
            "69": 85
          },
          "per_class_validation_counts": {
            "60": 6,
            "61": 6,
            "62": 10,
            "63": 5,
            "64": 6,
            "65": 8,
            "66": 9,
            "67": 7,
            "68": 9,
            "69": 10
          }
        }
      }
    },
    {
      "session": 3,
      "num_seen_classes": 75,
      "baseline_full_acc": 84.32,
      "baseline_base_acc": 89.083,
      "baseline_novel_acc": 65.267,
      "selected_alpha": 0.5,
      "final_full_acc": 86.267,
      "final_base_acc": 88.8,
      "final_novel_acc": 76.133,
      "final_gain": 1.947,
      "updated_class_count": 15,
      "gated_query_count": 1064,
      "gated_base_count": 34,
      "gated_novel_count": 1030,
      "alpha_selection": {
        "mode": "pseudo_validation",
        "fallback_used": false,
        "selected_alpha": 0.5,
        "candidates": [
          {
            "alpha": 0.5,
            "pseudo_val_score": -0.033237,
            "pseudo_val_nll": 0.033237,
            "pseudo_val_agreement": 99.549
          },
          {
            "alpha": 0.75,
            "pseudo_val_score": -0.035149,
            "pseudo_val_nll": 0.035149,
            "pseudo_val_agreement": 99.356
          },
          {
            "alpha": 1.0,
            "pseudo_val_score": -0.037721,
            "pseudo_val_nll": 0.037721,
            "pseudo_val_agreement": 99.292
          }
        ],
        "split": {
          "novel_gated_query_count": 1064,
          "validation_count": 3107,
          "novel_validation_count": 107,
          "base_validation_count": 3000,
          "updated_class_count": 15,
          "per_class_counts": {
            "60": 58,
            "61": 59,
            "62": 102,
            "63": 52,
            "64": 62,
            "65": 75,
            "66": 89,
            "67": 53,
            "68": 89,
            "69": 95,
            "70": 86,
            "71": 92,
            "72": 41,
            "73": 98,
            "74": 13
          },
          "per_class_update_counts": {
            "60": 52,
            "61": 53,
            "62": 92,
            "63": 47,
            "64": 56,
            "65": 67,
            "66": 80,
            "67": 48,
            "68": 80,
            "69": 85,
            "70": 77,
            "71": 83,
            "72": 37,
            "73": 88,
            "74": 12
          },
          "per_class_validation_counts": {
            "60": 6,
            "61": 6,
            "62": 10,
            "63": 5,
            "64": 6,
            "65": 8,
            "66": 9,
            "67": 5,
            "68": 9,
            "69": 10,
            "70": 9,
            "71": 9,
            "72": 4,
            "73": 10,
            "74": 1
          }
        }
      }
    },
    {
      "session": 4,
      "num_seen_classes": 80,
      "baseline_full_acc": 84.425,
      "baseline_base_acc": 89.1,
      "baseline_novel_acc": 70.4,
      "selected_alpha": 0.5,
      "final_full_acc": 86.463,
      "final_base_acc": 88.8,
      "final_novel_acc": 79.45,
      "final_gain": 2.038,
      "updated_class_count": 20,
      "gated_query_count": 1512,
      "gated_base_count": 39,
      "gated_novel_count": 1473,
      "alpha_selection": {
        "mode": "pseudo_validation",
        "fallback_used": false,
        "selected_alpha": 0.5,
        "candidates": [
          {
            "alpha": 0.5,
            "pseudo_val_score": -0.044178,
            "pseudo_val_nll": 0.044178,
            "pseudo_val_agreement": 99.365
          },
          {
            "alpha": 0.75,
            "pseudo_val_score": -0.04731,
            "pseudo_val_nll": 0.04731,
            "pseudo_val_agreement": 99.175
          },
          {
            "alpha": 1.0,
            "pseudo_val_score": -0.051733,
            "pseudo_val_nll": 0.051733,
            "pseudo_val_agreement": 99.016
          }
        ],
        "split": {
          "novel_gated_query_count": 1512,
          "validation_count": 3152,
          "novel_validation_count": 152,
          "base_validation_count": 3000,
          "updated_class_count": 20,
          "per_class_counts": {
            "60": 58,
            "61": 59,
            "62": 102,
            "63": 50,
            "64": 61,
            "65": 74,
            "66": 87,
            "67": 53,
            "68": 89,
            "69": 100,
            "70": 86,
            "71": 92,
            "72": 42,
            "73": 98,
            "74": 15,
            "75": 97,
            "76": 82,
            "77": 88,
            "78": 96,
            "79": 83
          },
          "per_class_update_counts": {
            "60": 52,
            "61": 53,
            "62": 92,
            "63": 45,
            "64": 55,
            "65": 67,
            "66": 78,
            "67": 48,
            "68": 80,
            "69": 90,
            "70": 77,
            "71": 83,
            "72": 38,
            "73": 88,
            "74": 13,
            "75": 87,
            "76": 74,
            "77": 79,
            "78": 86,
            "79": 75
          },
          "per_class_validation_counts": {
            "60": 6,
            "61": 6,
            "62": 10,
            "63": 5,
            "64": 6,
            "65": 7,
            "66": 9,
            "67": 5,
            "68": 9,
            "69": 10,
            "70": 9,
            "71": 9,
            "72": 4,
            "73": 10,
            "74": 2,
            "75": 10,
            "76": 8,
            "77": 9,
            "78": 10,
            "79": 8
          }
        }
      }
    },
    {
      "session": 5,
      "num_seen_classes": 85,
      "baseline_full_acc": 84.235,
      "baseline_base_acc": 88.983,
      "baseline_novel_acc": 72.84,
      "selected_alpha": 0.5,
      "final_full_acc": 86.271,
      "final_base_acc": 88.6,
      "final_novel_acc": 80.68,
      "final_gain": 2.035,
      "updated_class_count": 25,
      "gated_query_count": 1936,
      "gated_base_count": 45,
      "gated_novel_count": 1891,
      "alpha_selection": {
        "mode": "pseudo_validation",
        "fallback_used": false,
        "selected_alpha": 0.5,
        "candidates": [
          {
            "alpha": 0.5,
            "pseudo_val_score": -0.053669,
            "pseudo_val_nll": 0.053669,
            "pseudo_val_agreement": 99.28
          },
          {
            "alpha": 0.75,
            "pseudo_val_score": -0.058176,
            "pseudo_val_nll": 0.058176,
            "pseudo_val_agreement": 98.936
          },
          {
            "alpha": 1.0,
            "pseudo_val_score": -0.064448,
            "pseudo_val_nll": 0.064448,
            "pseudo_val_agreement": 98.716
          }
        ],
        "split": {
          "novel_gated_query_count": 1936,
          "validation_count": 3194,
          "novel_validation_count": 194,
          "base_validation_count": 3000,
          "updated_class_count": 25,
          "per_class_counts": {
            "60": 58,
            "61": 59,
            "62": 103,
            "63": 50,
            "64": 61,
            "65": 76,
            "66": 86,
            "67": 53,
            "68": 89,
            "69": 99,
            "70": 85,
            "71": 91,
            "72": 44,
            "73": 98,
            "74": 13,
            "75": 98,
            "76": 82,
            "77": 88,
            "78": 96,
            "79": 82,
            "80": 75,
            "81": 83,
            "82": 98,
            "83": 92,
            "84": 77
          },
          "per_class_update_counts": {
            "60": 52,
            "61": 53,
            "62": 93,
            "63": 45,
            "64": 55,
            "65": 68,
            "66": 77,
            "67": 48,
            "68": 80,
            "69": 89,
            "70": 77,
            "71": 82,
            "72": 40,
            "73": 88,
            "74": 12,
            "75": 88,
            "76": 74,
            "77": 79,
            "78": 86,
            "79": 74,
            "80": 67,
            "81": 75,
            "82": 88,
            "83": 83,
            "84": 69
          },
          "per_class_validation_counts": {
            "60": 6,
            "61": 6,
            "62": 10,
            "63": 5,
            "64": 6,
            "65": 8,
            "66": 9,
            "67": 5,
            "68": 9,
            "69": 10,
            "70": 8,
            "71": 9,
            "72": 4,
            "73": 10,
            "74": 1,
            "75": 10,
            "76": 8,
            "77": 9,
            "78": 10,
            "79": 8,
            "80": 8,
            "81": 8,
            "82": 10,
            "83": 9,
            "84": 8
          }
        }
      }
    },
    {
      "session": 6,
      "num_seen_classes": 90,
      "baseline_full_acc": 84.289,
      "baseline_base_acc": 88.783,
      "baseline_novel_acc": 75.3,
      "selected_alpha": 0.5,
      "final_full_acc": 86.411,
      "final_base_acc": 88.367,
      "final_novel_acc": 82.5,
      "final_gain": 2.122,
      "updated_class_count": 30,
      "gated_query_count": 2392,
      "gated_base_count": 60,
      "gated_novel_count": 2332,
      "alpha_selection": {
        "mode": "pseudo_validation",
        "fallback_used": false,
        "selected_alpha": 0.5,
        "candidates": [
          {
            "alpha": 0.5,
            "pseudo_val_score": -0.063384,
            "pseudo_val_nll": 0.063384,
            "pseudo_val_agreement": 99.136
          },
          {
            "alpha": 0.75,
            "pseudo_val_score": -0.068123,
            "pseudo_val_nll": 0.068123,
            "pseudo_val_agreement": 98.735
          },
          {
            "alpha": 1.0,
            "pseudo_val_score": -0.075156,
            "pseudo_val_nll": 0.075156,
            "pseudo_val_agreement": 98.395
          }
        ],
        "split": {
          "novel_gated_query_count": 2392,
          "validation_count": 3240,
          "novel_validation_count": 240,
          "base_validation_count": 3000,
          "updated_class_count": 30,
          "per_class_counts": {
            "60": 57,
            "61": 59,
            "62": 103,
            "63": 49,
            "64": 61,
            "65": 76,
            "66": 87,
            "67": 53,
            "68": 89,
            "69": 98,
            "70": 84,
            "71": 92,
            "72": 42,
            "73": 98,
            "74": 12,
            "75": 98,
            "76": 82,
            "77": 88,
            "78": 95,
            "79": 82,
            "80": 75,
            "81": 83,
            "82": 98,
            "83": 92,
            "84": 78,
            "85": 94,
            "86": 98,
            "87": 81,
            "88": 87,
            "89": 101
          },
          "per_class_update_counts": {
            "60": 51,
            "61": 53,
            "62": 93,
            "63": 44,
            "64": 55,
            "65": 68,
            "66": 78,
            "67": 48,
            "68": 80,
            "69": 88,
            "70": 76,
            "71": 83,
            "72": 38,
            "73": 88,
            "74": 11,
            "75": 88,
            "76": 74,
            "77": 79,
            "78": 85,
            "79": 74,
            "80": 67,
            "81": 75,
            "82": 88,
            "83": 83,
            "84": 70,
            "85": 85,
            "86": 88,
            "87": 73,
            "88": 78,
            "89": 91
          },
          "per_class_validation_counts": {
            "60": 6,
            "61": 6,
            "62": 10,
            "63": 5,
            "64": 6,
            "65": 8,
            "66": 9,
            "67": 5,
            "68": 9,
            "69": 10,
            "70": 8,
            "71": 9,
            "72": 4,
            "73": 10,
            "74": 1,
            "75": 10,
            "76": 8,
            "77": 9,
            "78": 10,
            "79": 8,
            "80": 8,
            "81": 8,
            "82": 10,
            "83": 9,
            "84": 8,
            "85": 9,
            "86": 10,
            "87": 8,
            "88": 9,
            "89": 10
          }
        }
      }
    },
    {
      "session": 7,
      "num_seen_classes": 95,
      "baseline_full_acc": 83.989,
      "baseline_base_acc": 88.617,
      "baseline_novel_acc": 76.057,
      "selected_alpha": 0.5,
      "final_full_acc": 86.316,
      "final_base_acc": 88.217,
      "final_novel_acc": 83.057,
      "final_gain": 2.326,
      "updated_class_count": 35,
      "gated_query_count": 2852,
      "gated_base_count": 71,
      "gated_novel_count": 2781,
      "alpha_selection": {
        "mode": "pseudo_validation",
        "fallback_used": false,
        "selected_alpha": 0.5,
        "candidates": [
          {
            "alpha": 0.5,
            "pseudo_val_score": -0.076033,
            "pseudo_val_nll": 0.076033,
            "pseudo_val_agreement": 98.965
          },
          {
            "alpha": 0.75,
            "pseudo_val_score": -0.081639,
            "pseudo_val_nll": 0.081639,
            "pseudo_val_agreement": 98.417
          },
          {
            "alpha": 1.0,
            "pseudo_val_score": -0.09004,
            "pseudo_val_nll": 0.09004,
            "pseudo_val_agreement": 98.143
          }
        ],
        "split": {
          "novel_gated_query_count": 2852,
          "validation_count": 3284,
          "novel_validation_count": 284,
          "base_validation_count": 3000,
          "updated_class_count": 35,
          "per_class_counts": {
            "60": 58,
            "61": 61,
            "62": 105,
            "63": 51,
            "64": 61,
            "65": 76,
            "66": 87,
            "67": 53,
            "68": 89,
            "69": 98,
            "70": 86,
            "71": 94,
            "72": 43,
            "73": 104,
            "74": 18,
            "75": 98,
            "76": 82,
            "77": 88,
            "78": 95,
            "79": 82,
            "80": 74,
            "81": 82,
            "82": 98,
            "83": 91,
            "84": 78,
            "85": 94,
            "86": 98,
            "87": 81,
            "88": 87,
            "89": 101,
            "90": 94,
            "91": 90,
            "92": 83,
            "93": 79,
            "94": 93
          },
          "per_class_update_counts": {
            "60": 52,
            "61": 55,
            "62": 95,
            "63": 46,
            "64": 55,
            "65": 68,
            "66": 78,
            "67": 48,
            "68": 80,
            "69": 88,
            "70": 77,
            "71": 85,
            "72": 39,
            "73": 94,
            "74": 16,
            "75": 88,
            "76": 74,
            "77": 79,
            "78": 85,
            "79": 74,
            "80": 67,
            "81": 74,
            "82": 88,
            "83": 82,
            "84": 70,
            "85": 85,
            "86": 88,
            "87": 73,
            "88": 78,
            "89": 91,
            "90": 85,
            "91": 81,
            "92": 75,
            "93": 71,
            "94": 84
          },
          "per_class_validation_counts": {
            "60": 6,
            "61": 6,
            "62": 10,
            "63": 5,
            "64": 6,
            "65": 8,
            "66": 9,
            "67": 5,
            "68": 9,
            "69": 10,
            "70": 9,
            "71": 9,
            "72": 4,
            "73": 10,
            "74": 2,
            "75": 10,
            "76": 8,
            "77": 9,
            "78": 10,
            "79": 8,
            "80": 7,
            "81": 8,
            "82": 10,
            "83": 9,
            "84": 8,
            "85": 9,
            "86": 10,
            "87": 8,
            "88": 9,
            "89": 10,
            "90": 9,
            "91": 9,
            "92": 8,
            "93": 8,
            "94": 9
          }
        }
      }
    },
    {
      "session": 8,
      "num_seen_classes": 100,
      "baseline_full_acc": 82.79,
      "baseline_base_acc": 88.35,
      "baseline_novel_acc": 74.45,
      "selected_alpha": 0.5,
      "final_full_acc": 85.12,
      "final_base_acc": 87.8,
      "final_novel_acc": 81.1,
      "final_gain": 2.33,
      "updated_class_count": 40,
      "gated_query_count": 3190,
      "gated_base_count": 74,
      "gated_novel_count": 3116,
      "alpha_selection": {
        "mode": "pseudo_validation",
        "fallback_used": false,
        "selected_alpha": 0.5,
        "candidates": [
          {
            "alpha": 0.5,
            "pseudo_val_score": -0.08462,
            "pseudo_val_nll": 0.08462,
            "pseudo_val_agreement": 98.825
          },
          {
            "alpha": 0.75,
            "pseudo_val_score": -0.090894,
            "pseudo_val_nll": 0.090894,
            "pseudo_val_agreement": 98.072
          },
          {
            "alpha": 1.0,
            "pseudo_val_score": -0.100249,
            "pseudo_val_nll": 0.100249,
            "pseudo_val_agreement": 97.529
          }
        ],
        "split": {
          "novel_gated_query_count": 3190,
          "validation_count": 3319,
          "novel_validation_count": 319,
          "base_validation_count": 3000,
          "updated_class_count": 40,
          "per_class_counts": {
            "60": 58,
            "61": 60,
            "62": 105,
            "63": 51,
            "64": 62,
            "65": 76,
            "66": 88,
            "67": 53,
            "68": 89,
            "69": 97,
            "70": 86,
            "71": 92,
            "72": 44,
            "73": 106,
            "74": 16,
            "75": 97,
            "76": 82,
            "77": 87,
            "78": 89,
            "79": 83,
            "80": 74,
            "81": 81,
            "82": 98,
            "83": 90,
            "84": 78,
            "85": 93,
            "86": 97,
            "87": 81,
            "88": 86,
            "89": 101,
            "90": 94,
            "91": 89,
            "92": 82,
            "93": 78,
            "94": 93,
            "95": 56,
            "96": 39,
            "97": 91,
            "98": 65,
            "99": 103
          },
          "per_class_update_counts": {
            "60": 52,
            "61": 54,
            "62": 95,
            "63": 46,
            "64": 56,
            "65": 68,
            "66": 79,
            "67": 48,
            "68": 80,
            "69": 87,
            "70": 77,
            "71": 83,
            "72": 40,
            "73": 95,
            "74": 14,
            "75": 87,
            "76": 74,
            "77": 78,
            "78": 80,
            "79": 75,
            "80": 67,
            "81": 73,
            "82": 88,
            "83": 81,
            "84": 70,
            "85": 84,
            "86": 87,
            "87": 73,
            "88": 77,
            "89": 91,
            "90": 85,
            "91": 80,
            "92": 74,
            "93": 70,
            "94": 84,
            "95": 50,
            "96": 35,
            "97": 82,
            "98": 59,
            "99": 93
          },
          "per_class_validation_counts": {
            "60": 6,
            "61": 6,
            "62": 10,
            "63": 5,
            "64": 6,
            "65": 8,
            "66": 9,
            "67": 5,
            "68": 9,
            "69": 10,
            "70": 9,
            "71": 9,
            "72": 4,
            "73": 11,
            "74": 2,
            "75": 10,
            "76": 8,
            "77": 9,
            "78": 9,
            "79": 8,
            "80": 7,
            "81": 8,
            "82": 10,
            "83": 9,
            "84": 8,
            "85": 9,
            "86": 10,
            "87": 8,
            "88": 9,
            "89": 10,
            "90": 9,
            "91": 9,
            "92": 8,
            "93": 8,
            "94": 9,
            "95": 6,
            "96": 4,
            "97": 9,
            "98": 6,
            "99": 10
          }
        }
      }
    }
  ]
}
