/media/ndag/newVolume/BiMC-test/models/clip/clip.py:23: UserWarning: PyTorch version 1.7.1 or higher is recommended
  warnings.warn("PyTorch version 1.7.1 or higher is recommended")
manual seed: 2
use gpu: ['0']
Loading CLIP (backbone: ViT-B/16)
Prompt template:['a photo of a {}.']
Loading DinoV2 ViT-B/14 from local hub: /home/ndag/.cache/torch/hub/facebookresearch_dinov2_main
/home/ndag/.cache/torch/hub/facebookresearch_dinov2_main/dinov2/layers/swiglu_ffn.py:51: UserWarning: xFormers is not available (SwiGLU)
  warnings.warn("xFormers is not available (SwiGLU)")
/home/ndag/.cache/torch/hub/facebookresearch_dinov2_main/dinov2/layers/attention.py:36: UserWarning: xFormers is not available (Attention)
  warnings.warn("xFormers is not available (Attention)")
/home/ndag/.cache/torch/hub/facebookresearch_dinov2_main/dinov2/layers/block.py:40: UserWarning: xFormers is not available (Block)
  warnings.warn("xFormers is not available (Block)")
Loading DinoV2 weights: /home/ndag/.cache/torch/hub/checkpoints/dinov2_vitb14_pretrain.pth
class names: ['Black footed Albatross' 'Laysan Albatross' 'Sooty Albatross'
 'Groove billed Ani' 'Crested Auklet' 'Least Auklet' 'Parakeet Auklet'
 'Rhinoceros Auklet' 'Brewer Blackbird' 'Red winged Blackbird'
 'Rusty Blackbird' 'Yellow headed Blackbird' 'Bobolink' 'Indigo Bunting'
 'Lazuli Bunting' 'Painted Bunting' 'Cardinal' 'Spotted Catbird'
 'Gray Catbird' 'Yellow breasted Chat' 'Eastern Towhee' 'Chuck will Widow'
 'Brandt Cormorant' 'Red faced Cormorant' 'Pelagic Cormorant'
 'Bronzed Cowbird' 'Shiny Cowbird' 'Brown Creeper' 'American Crow'
 'Fish Crow' 'Black billed Cuckoo' 'Mangrove Cuckoo'
 'Yellow billed Cuckoo' 'Gray crowned Rosy Finch' 'Purple Finch'
 'Northern Flicker' 'Acadian Flycatcher' 'Great Crested Flycatcher'
 'Least Flycatcher' 'Olive sided Flycatcher' 'Scissor tailed Flycatcher'
 'Vermilion Flycatcher' 'Yellow bellied Flycatcher' 'Frigatebird'
 'Northern Fulmar' 'Gadwall' 'American Goldfinch' 'European Goldfinch'
 'Boat tailed Grackle' 'Eared Grebe' 'Horned Grebe' 'Pied billed Grebe'
 'Western Grebe' 'Blue Grosbeak' 'Evening Grosbeak' 'Pine Grosbeak'
 'Rose breasted Grosbeak' 'Pigeon Guillemot' 'California Gull'
 'Glaucous winged Gull' 'Heermann Gull' 'Herring Gull' 'Ivory Gull'
 'Ring billed Gull' 'Slaty backed Gull' 'Western Gull' 'Anna Hummingbird'
 'Ruby throated Hummingbird' 'Rufous Hummingbird' 'Green Violetear'
 'Long tailed Jaeger' 'Pomarine Jaeger' 'Blue Jay' 'Florida Jay'
 'Green Jay' 'Dark eyed Junco' 'Tropical Kingbird' 'Gray Kingbird'
 'Belted Kingfisher' 'Green Kingfisher' 'Pied Kingfisher'
 'Ringed Kingfisher' 'White breasted Kingfisher' 'Red legged Kittiwake'
 'Horned Lark' 'Pacific Loon' 'Mallard' 'Western Meadowlark'
 'Hooded Merganser' 'Red breasted Merganser' 'Mockingbird' 'Nighthawk'
 'Clark Nutcracker' 'White breasted Nuthatch' 'Baltimore Oriole'
 'Hooded Oriole' 'Orchard Oriole' 'Scott Oriole' 'Ovenbird'
 'Brown Pelican']
all targets:tensor([ 0,  1,  2,  3,  4,  5,  6,  7,  8,  9, 10, 11, 12, 13, 14, 15, 16, 17,
        18, 19, 20, 21, 22, 23, 24, 25, 26, 27, 28, 29, 30, 31, 32, 33, 34, 35,
        36, 37, 38, 39, 40, 41, 42, 43, 44, 45, 46, 47, 48, 49, 50, 51, 52, 53,
        54, 55, 56, 57, 58, 59, 60, 61, 62, 63, 64, 65, 66, 67, 68, 69, 70, 71,
        72, 73, 74, 75, 76, 77, 78, 79, 80, 81, 82, 83, 84, 85, 86, 87, 88, 89,
        90, 91, 92, 93, 94, 95, 96, 97, 98, 99], device='cuda:0')
dino all targets:tensor([ 0,  1,  2,  3,  4,  5,  6,  7,  8,  9, 10, 11, 12, 13, 14, 15, 16, 17,
        18, 19, 20, 21, 22, 23, 24, 25, 26, 27, 28, 29, 30, 31, 32, 33, 34, 35,
        36, 37, 38, 39, 40, 41, 42, 43, 44, 45, 46, 47, 48, 49, 50, 51, 52, 53,
        54, 55, 56, 57, 58, 59, 60, 61, 62, 63, 64, 65, 66, 67, 68, 69, 70, 71,
        72, 73, 74, 75, 76, 77, 78, 79, 80, 81, 82, 83, 84, 85, 86, 87, 88, 89,
        90, 91, 92, 93, 94, 95, 96, 97, 98, 99], device='cuda:0')
finish loading CLIP/DinoV2 covariance
class names: ['White Pelican' 'Western Wood Pewee' 'Sayornis' 'American Pipit'
 'Whip poor Will' 'Horned Puffin' 'Common Raven' 'White necked Raven'
 'American Redstart' 'Geococcyx']
all targets:tensor([100, 101, 102, 103, 104, 105, 106, 107, 108, 109], device='cuda:0')
dino all targets:tensor([100, 101, 102, 103, 104, 105, 106, 107, 108, 109], device='cuda:0')
finish loading CLIP/DinoV2 covariance
class names: ['Loggerhead Shrike' 'Great Grey Shrike' 'Baird Sparrow'
 'Black throated Sparrow' 'Brewer Sparrow' 'Chipping Sparrow'
 'Clay colored Sparrow' 'House Sparrow' 'Field Sparrow' 'Fox Sparrow']
all targets:tensor([110, 111, 112, 113, 114, 115, 116, 117, 118, 119], device='cuda:0')
dino all targets:tensor([110, 111, 112, 113, 114, 115, 116, 117, 118, 119], device='cuda:0')
finish loading CLIP/DinoV2 covariance
class names: ['Grasshopper Sparrow' 'Harris Sparrow' 'Henslow Sparrow'
 'Le Conte Sparrow' 'Lincoln Sparrow' 'Nelson Sharp tailed Sparrow'
 'Savannah Sparrow' 'Seaside Sparrow' 'Song Sparrow' 'Tree Sparrow']
all targets:tensor([120, 121, 122, 123, 124, 125, 126, 127, 128, 129], device='cuda:0')
dino all targets:tensor([120, 121, 122, 123, 124, 125, 126, 127, 128, 129], device='cuda:0')
finish loading CLIP/DinoV2 covariance
class names: ['Vesper Sparrow' 'White crowned Sparrow' 'White throated Sparrow'
 'Cape Glossy Starling' 'Bank Swallow' 'Barn Swallow' 'Cliff Swallow'
 'Tree Swallow' 'Scarlet Tanager' 'Summer Tanager']
all targets:tensor([130, 131, 132, 133, 134, 135, 136, 137, 138, 139], device='cuda:0')
dino all targets:tensor([130, 131, 132, 133, 134, 135, 136, 137, 138, 139], device='cuda:0')
finish loading CLIP/DinoV2 covariance
class names: ['Artic Tern' 'Black Tern' 'Caspian Tern' 'Common Tern' 'Elegant Tern'
 'Forsters Tern' 'Least Tern' 'Green tailed Towhee' 'Brown Thrasher'
 'Sage Thrasher']
all targets:tensor([140, 141, 142, 143, 144, 145, 146, 147, 148, 149], device='cuda:0')
dino all targets:tensor([140, 141, 142, 143, 144, 145, 146, 147, 148, 149], device='cuda:0')
finish loading CLIP/DinoV2 covariance
class names: ['Black capped Vireo' 'Blue headed Vireo' 'Philadelphia Vireo'
 'Red eyed Vireo' 'Warbling Vireo' 'White eyed Vireo'
 'Yellow throated Vireo' 'Bay breasted Warbler' 'Black and white Warbler'
 'Black throated Blue Warbler']
all targets:tensor([150, 151, 152, 153, 154, 155, 156, 157, 158, 159], device='cuda:0')
dino all targets:tensor([150, 151, 152, 153, 154, 155, 156, 157, 158, 159], device='cuda:0')
finish loading CLIP/DinoV2 covariance
class names: ['Blue winged Warbler' 'Canada Warbler' 'Cape May Warbler'
 'Cerulean Warbler' 'Chestnut sided Warbler' 'Golden winged Warbler'
 'Hooded Warbler' 'Kentucky Warbler' 'Magnolia Warbler' 'Mourning Warbler']
all targets:tensor([160, 161, 162, 163, 164, 165, 166, 167, 168, 169], device='cuda:0')
dino all targets:tensor([160, 161, 162, 163, 164, 165, 166, 167, 168, 169], device='cuda:0')
finish loading CLIP/DinoV2 covariance
class names: ['Myrtle Warbler' 'Nashville Warbler' 'Orange crowned Warbler'
 'Palm Warbler' 'Pine Warbler' 'Prairie Warbler' 'Prothonotary Warbler'
 'Swainson Warbler' 'Tennessee Warbler' 'Wilson Warbler']
all targets:tensor([170, 171, 172, 173, 174, 175, 176, 177, 178, 179], device='cuda:0')
dino all targets:tensor([170, 171, 172, 173, 174, 175, 176, 177, 178, 179], device='cuda:0')
finish loading CLIP/DinoV2 covariance
class names: ['Worm eating Warbler' 'Yellow Warbler' 'Northern Waterthrush'
 'Louisiana Waterthrush' 'Bohemian Waxwing' 'Cedar Waxwing'
 'American Three toed Woodpecker' 'Pileated Woodpecker'
 'Red bellied Woodpecker' 'Red cockaded Woodpecker']
all targets:tensor([180, 181, 182, 183, 184, 185, 186, 187, 188, 189], device='cuda:0')
dino all targets:tensor([180, 181, 182, 183, 184, 185, 186, 187, 188, 189], device='cuda:0')
finish loading CLIP/DinoV2 covariance
class names: ['Red headed Woodpecker' 'Downy Woodpecker' 'Bewick Wren' 'Cactus Wren'
 'Carolina Wren' 'House Wren' 'Marsh Wren' 'Rock Wren' 'Winter Wren'
 'Common Yellowthroat']
all targets:tensor([190, 191, 192, 193, 194, 195, 196, 197, 198, 199], device='cuda:0')
dino all targets:tensor([190, 191, 192, 193, 194, 195, 196, 197, 198, 199], device='cuda:0')
finish loading CLIP/DinoV2 covariance
session 0: baseline=88.163 final=88.163 gain=0.000
session 1: baseline=86.382 final=86.510 gain=0.127
session 2: baseline=86.210 final=86.560 gain=0.350
session 3: baseline=84.871 final=85.461 gain=0.590
session 4: baseline=84.881 final=85.650 gain=0.770
session 5: baseline=83.611 final=84.397 gain=0.786
session 6: baseline=83.810 final=84.590 gain=0.780
session 7: baseline=84.525 final=85.196 gain=0.672
session 8: baseline=84.287 final=85.094 gain=0.807
session 9: baseline=84.729 final=85.530 gain=0.801
session 10: baseline=85.002 final=85.830 gain=0.828
{
  "dataset": "cub200",
  "seed": 2,
  "train_cfg": "experiments/bmvc_1256_20260508-124032/generated_configs/bimc_dino_fusion.yaml",
  "method": "sessionwise conservative query prototype refinement on bimc_dino_fusion with pseudo-validation alpha selection",
  "runtime_sec": 239.128,
  "alpha_grid": [
    0.5,
    0.75,
    1.0
  ],
  "alpha_selection": "pseudo_validation_no_test_labels",
  "mass_thr": 0.3,
  "min_count": 5,
  "val_fraction": 0.1,
  "base_val_conf_thr": 0.5,
  "base_val_max_per_class": 50,
  "fallback_alpha": 0.75,
  "topk_per_class": null,
  "baseline_acc_list": [
    88.163,
    86.382,
    86.21,
    84.871,
    84.881,
    83.611,
    83.81,
    84.525,
    84.287,
    84.729,
    85.002
  ],
  "final_acc_list": [
    88.163,
    86.51,
    86.56,
    85.461,
    85.65,
    84.397,
    84.59,
    85.196,
    85.094,
    85.53,
    85.83
  ],
  "gain_list": [
    0.0,
    0.127,
    0.35,
    0.59,
    0.77,
    0.786,
    0.78,
    0.672,
    0.807,
    0.801,
    0.828
  ],
  "baseline_avg": 85.134,
  "baseline_pd": 3.161,
  "final_avg": 85.726,
  "final_pd": 2.333,
  "gain_avg": 0.592,
  "session_results": [
    {
      "session": 0,
      "num_seen_classes": 100,
      "baseline_full_acc": 88.163,
      "baseline_base_acc": 88.163,
      "baseline_novel_acc": 0.0,
      "best_alpha": null,
      "final_full_acc": 88.163,
      "final_base_acc": 88.163,
      "final_novel_acc": 0.0,
      "final_gain": 0.0,
      "updated_class_count": 0,
      "gated_query_count": 0,
      "alpha_selection": {
        "mode": "not_applicable_base_session",
        "selected_alpha": null
      }
    },
    {
      "session": 1,
      "num_seen_classes": 110,
      "baseline_full_acc": 86.382,
      "baseline_base_acc": 88.198,
      "baseline_novel_acc": 67.742,
      "selected_alpha": 1.0,
      "final_full_acc": 86.51,
      "final_base_acc": 88.094,
      "final_novel_acc": 70.251,
      "final_gain": 0.127,
      "updated_class_count": 9,
      "gated_query_count": 205,
      "gated_base_count": 2,
      "gated_novel_count": 203,
      "alpha_selection": {
        "mode": "pseudo_validation",
        "fallback_used": false,
        "selected_alpha": 1.0,
        "candidates": [
          {
            "alpha": 0.5,
            "pseudo_val_score": -0.087156,
            "pseudo_val_nll": 0.087156,
            "pseudo_val_agreement": 99.578
          },
          {
            "alpha": 0.75,
            "pseudo_val_score": -0.08824,
            "pseudo_val_nll": 0.08824,
            "pseudo_val_agreement": 99.437
          },
          {
            "alpha": 1.0,
            "pseudo_val_score": -0.086946,
            "pseudo_val_nll": 0.086946,
            "pseudo_val_agreement": 99.613
          }
        ],
        "split": {
          "novel_gated_query_count": 205,
          "validation_count": 2844,
          "novel_validation_count": 20,
          "base_validation_count": 2824,
          "updated_class_count": 9,
          "per_class_counts": {
            "100": 20,
            "101": 18,
            "102": 12,
            "103": 29,
            "104": 4,
            "105": 30,
            "106": 13,
            "107": 21,
            "108": 27,
            "109": 31
          },
          "per_class_update_counts": {
            "100": 18,
            "101": 16,
            "102": 11,
            "103": 26,
            "104": 0,
            "105": 27,
            "106": 12,
            "107": 19,
            "108": 24,
            "109": 28
          },
          "per_class_validation_counts": {
            "100": 2,
            "101": 2,
            "102": 1,
            "103": 3,
            "104": 0,
            "105": 3,
            "106": 1,
            "107": 2,
            "108": 3,
            "109": 3
          }
        }
      }
    },
    {
      "session": 2,
      "num_seen_classes": 120,
      "baseline_full_acc": 86.21,
      "baseline_base_acc": 88.233,
      "baseline_novel_acc": 75.972,
      "selected_alpha": 0.5,
      "final_full_acc": 86.56,
      "final_base_acc": 88.163,
      "final_novel_acc": 78.445,
      "final_gain": 0.35,
      "updated_class_count": 19,
      "gated_query_count": 491,
      "gated_base_count": 3,
      "gated_novel_count": 488,
      "alpha_selection": {
        "mode": "pseudo_validation",
        "fallback_used": false,
        "selected_alpha": 0.5,
        "candidates": [
          {
            "alpha": 0.5,
            "pseudo_val_score": -0.09345,
            "pseudo_val_nll": 0.09345,
            "pseudo_val_agreement": 99.338
          },
          {
            "alpha": 0.75,
            "pseudo_val_score": -0.095304,
            "pseudo_val_nll": 0.095304,
            "pseudo_val_agreement": 99.234
          },
          {
            "alpha": 1.0,
            "pseudo_val_score": -0.095208,
            "pseudo_val_nll": 0.095208,
            "pseudo_val_agreement": 99.304
          }
        ],
        "split": {
          "novel_gated_query_count": 491,
          "validation_count": 2872,
          "novel_validation_count": 47,
          "base_validation_count": 2825,
          "updated_class_count": 19,
          "per_class_counts": {
            "100": 20,
            "101": 18,
            "102": 12,
            "103": 29,
            "104": 4,
            "105": 30,
            "106": 13,
            "107": 21,
            "108": 27,
            "109": 31,
            "110": 34,
            "111": 25,
            "112": 22,
            "113": 29,
            "114": 30,
            "115": 28,
            "116": 33,
            "117": 32,
            "118": 22,
            "119": 31
          },
          "per_class_update_counts": {
            "100": 18,
            "101": 16,
            "102": 11,
            "103": 26,
            "104": 0,
            "105": 27,
            "106": 12,
            "107": 19,
            "108": 24,
            "109": 28,
            "110": 31,
            "111": 23,
            "112": 20,
            "113": 26,
            "114": 27,
            "115": 25,
            "116": 30,
            "117": 29,
            "118": 20,
            "119": 28
          },
          "per_class_validation_counts": {
            "100": 2,
            "101": 2,
            "102": 1,
            "103": 3,
            "104": 0,
            "105": 3,
            "106": 1,
            "107": 2,
            "108": 3,
            "109": 3,
            "110": 3,
            "111": 2,
            "112": 2,
            "113": 3,
            "114": 3,
            "115": 3,
            "116": 3,
            "117": 3,
            "118": 2,
            "119": 3
          }
        }
      }
    },
    {
      "session": 3,
      "num_seen_classes": 130,
      "baseline_full_acc": 84.871,
      "baseline_base_acc": 88.233,
      "baseline_novel_acc": 73.727,
      "selected_alpha": 0.5,
      "final_full_acc": 85.461,
      "final_base_acc": 88.128,
      "final_novel_acc": 76.62,
      "final_gain": 0.59,
      "updated_class_count": 29,
      "gated_query_count": 785,
      "gated_base_count": 3,
      "gated_novel_count": 782,
      "alpha_selection": {
        "mode": "pseudo_validation",
        "fallback_used": false,
        "selected_alpha": 0.5,
        "candidates": [
          {
            "alpha": 0.5,
            "pseudo_val_score": -0.109021,
            "pseudo_val_nll": 0.109021,
            "pseudo_val_agreement": 98.691
          },
          {
            "alpha": 0.75,
            "pseudo_val_score": -0.115609,
            "pseudo_val_nll": 0.115609,
            "pseudo_val_agreement": 98.449
          },
          {
            "alpha": 1.0,
            "pseudo_val_score": -0.120343,
            "pseudo_val_nll": 0.120343,
            "pseudo_val_agreement": 98.449
          }
        ],
        "split": {
          "novel_gated_query_count": 785,
          "validation_count": 2902,
          "novel_validation_count": 76,
          "base_validation_count": 2826,
          "updated_class_count": 29,
          "per_class_counts": {
            "100": 20,
            "101": 16,
            "102": 12,
            "103": 29,
            "104": 4,
            "105": 30,
            "106": 13,
            "107": 21,
            "108": 27,
            "109": 30,
            "110": 34,
            "111": 25,
            "112": 25,
            "113": 29,
            "114": 29,
            "115": 31,
            "116": 34,
            "117": 27,
            "118": 27,
            "119": 29,
            "120": 30,
            "121": 31,
            "122": 23,
            "123": 46,
            "124": 25,
            "125": 20,
            "126": 32,
            "127": 21,
            "128": 41,
            "129": 24
          },
          "per_class_update_counts": {
            "100": 18,
            "101": 14,
            "102": 11,
            "103": 26,
            "104": 0,
            "105": 27,
            "106": 12,
            "107": 19,
            "108": 24,
            "109": 27,
            "110": 31,
            "111": 23,
            "112": 23,
            "113": 26,
            "114": 26,
            "115": 28,
            "116": 31,
            "117": 24,
            "118": 24,
            "119": 26,
            "120": 27,
            "121": 28,
            "122": 21,
            "123": 41,
            "124": 23,
            "125": 18,
            "126": 29,
            "127": 19,
            "128": 37,
            "129": 22
          },
          "per_class_validation_counts": {
            "100": 2,
            "101": 2,
            "102": 1,
            "103": 3,
            "104": 0,
            "105": 3,
            "106": 1,
            "107": 2,
            "108": 3,
            "109": 3,
            "110": 3,
            "111": 2,
            "112": 2,
            "113": 3,
            "114": 3,
            "115": 3,
            "116": 3,
            "117": 3,
            "118": 3,
            "119": 3,
            "120": 3,
            "121": 3,
            "122": 2,
            "123": 5,
            "124": 2,
            "125": 2,
            "126": 3,
            "127": 2,
            "128": 4,
            "129": 2
          }
        }
      }
    },
    {
      "session": 4,
      "num_seen_classes": 140,
      "baseline_full_acc": 84.881,
      "baseline_base_acc": 88.233,
      "baseline_novel_acc": 76.632,
      "selected_alpha": 0.5,
      "final_full_acc": 85.65,
      "final_base_acc": 88.094,
      "final_novel_acc": 79.639,
      "final_gain": 0.77,
      "updated_class_count": 39,
      "gated_query_count": 1081,
      "gated_base_count": 3,
      "gated_novel_count": 1078,
      "alpha_selection": {
        "mode": "pseudo_validation",
        "fallback_used": false,
        "selected_alpha": 0.5,
        "candidates": [
          {
            "alpha": 0.5,
            "pseudo_val_score": -0.118895,
            "pseudo_val_nll": 0.118895,
            "pseudo_val_agreement": 98.299
          },
          {
            "alpha": 0.75,
            "pseudo_val_score": -0.127379,
            "pseudo_val_nll": 0.127379,
            "pseudo_val_agreement": 98.163
          },
          {
            "alpha": 1.0,
            "pseudo_val_score": -0.133506,
            "pseudo_val_nll": 0.133506,
            "pseudo_val_agreement": 98.129
          }
        ],
        "split": {
          "novel_gated_query_count": 1081,
          "validation_count": 2940,
          "novel_validation_count": 106,
          "base_validation_count": 2834,
          "updated_class_count": 39,
          "per_class_counts": {
            "100": 20,
            "101": 17,
            "102": 13,
            "103": 29,
            "104": 4,
            "105": 30,
            "106": 13,
            "107": 21,
            "108": 27,
            "109": 30,
            "110": 34,
            "111": 25,
            "112": 26,
            "113": 29,
            "114": 28,
            "115": 25,
            "116": 34,
            "117": 28,
            "118": 28,
            "119": 29,
            "120": 30,
            "121": 31,
            "122": 23,
            "123": 46,
            "124": 24,
            "125": 20,
            "126": 37,
            "127": 21,
            "128": 42,
            "129": 23,
            "130": 25,
            "131": 32,
            "132": 33,
            "133": 30,
            "134": 29,
            "135": 36,
            "136": 23,
            "137": 27,
            "138": 29,
            "139": 30
          },
          "per_class_update_counts": {
            "100": 18,
            "101": 15,
            "102": 12,
            "103": 26,
            "104": 0,
            "105": 27,
            "106": 12,
            "107": 19,
            "108": 24,
            "109": 27,
            "110": 31,
            "111": 23,
            "112": 23,
            "113": 26,
            "114": 25,
            "115": 23,
            "116": 31,
            "117": 25,
            "118": 25,
            "119": 26,
            "120": 27,
            "121": 28,
            "122": 21,
            "123": 41,
            "124": 22,
            "125": 18,
            "126": 33,
            "127": 19,
            "128": 38,
            "129": 21,
            "130": 23,
            "131": 29,
            "132": 30,
            "133": 27,
            "134": 26,
            "135": 32,
            "136": 21,
            "137": 24,
            "138": 26,
            "139": 27
          },
          "per_class_validation_counts": {
            "100": 2,
            "101": 2,
            "102": 1,
            "103": 3,
            "104": 0,
            "105": 3,
            "106": 1,
            "107": 2,
            "108": 3,
            "109": 3,
            "110": 3,
            "111": 2,
            "112": 3,
            "113": 3,
            "114": 3,
            "115": 2,
            "116": 3,
            "117": 3,
            "118": 3,
            "119": 3,
            "120": 3,
            "121": 3,
            "122": 2,
            "123": 5,
            "124": 2,
            "125": 2,
            "126": 4,
            "127": 2,
            "128": 4,
            "129": 2,
            "130": 2,
            "131": 3,
            "132": 3,
            "133": 3,
            "134": 3,
            "135": 4,
            "136": 2,
            "137": 3,
            "138": 3,
            "139": 3
          }
        }
      }
    },
    {
      "session": 5,
      "num_seen_classes": 150,
      "baseline_full_acc": 83.611,
      "baseline_base_acc": 88.268,
      "baseline_novel_acc": 74.487,
      "selected_alpha": 0.5,
      "final_full_acc": 84.397,
      "final_base_acc": 88.128,
      "final_novel_acc": 77.086,
      "final_gain": 0.786,
      "updated_class_count": 49,
      "gated_query_count": 1378,
      "gated_base_count": 4,
      "gated_novel_count": 1374,
      "alpha_selection": {
        "mode": "pseudo_validation",
        "fallback_used": false,
        "selected_alpha": 0.5,
        "candidates": [
          {
            "alpha": 0.5,
            "pseudo_val_score": -0.123646,
            "pseudo_val_nll": 0.123646,
            "pseudo_val_agreement": 98.18
          },
          {
            "alpha": 0.75,
            "pseudo_val_score": -0.13179,
            "pseudo_val_nll": 0.13179,
            "pseudo_val_agreement": 98.011
          },
          {
            "alpha": 1.0,
            "pseudo_val_score": -0.137961,
            "pseudo_val_nll": 0.137961,
            "pseudo_val_agreement": 97.944
          }
        ],
        "split": {
          "novel_gated_query_count": 1378,
          "validation_count": 2967,
          "novel_validation_count": 135,
          "base_validation_count": 2832,
          "updated_class_count": 49,
          "per_class_counts": {
            "100": 20,
            "101": 17,
            "102": 12,
            "103": 29,
            "104": 4,
            "105": 30,
            "106": 13,
            "107": 21,
            "108": 27,
            "109": 30,
            "110": 34,
            "111": 25,
            "112": 26,
            "113": 29,
            "114": 28,
            "115": 25,
            "116": 34,
            "117": 28,
            "118": 28,
            "119": 29,
            "120": 30,
            "121": 31,
            "122": 23,
            "123": 46,
            "124": 24,
            "125": 20,
            "126": 37,
            "127": 21,
            "128": 42,
            "129": 23,
            "130": 25,
            "131": 32,
            "132": 33,
            "133": 30,
            "134": 29,
            "135": 36,
            "136": 23,
            "137": 27,
            "138": 29,
            "139": 30,
            "140": 22,
            "141": 24,
            "142": 16,
            "143": 19,
            "144": 45,
            "145": 42,
            "146": 42,
            "147": 30,
            "148": 29,
            "149": 29
          },
          "per_class_update_counts": {
            "100": 18,
            "101": 15,
            "102": 11,
            "103": 26,
            "104": 0,
            "105": 27,
            "106": 12,
            "107": 19,
            "108": 24,
            "109": 27,
            "110": 31,
            "111": 23,
            "112": 23,
            "113": 26,
            "114": 25,
            "115": 23,
            "116": 31,
            "117": 25,
            "118": 25,
            "119": 26,
            "120": 27,
            "121": 28,
            "122": 21,
            "123": 41,
            "124": 22,
            "125": 18,
            "126": 33,
            "127": 19,
            "128": 38,
            "129": 21,
            "130": 23,
            "131": 29,
            "132": 30,
            "133": 27,
            "134": 26,
            "135": 32,
            "136": 21,
            "137": 24,
            "138": 26,
            "139": 27,
            "140": 20,
            "141": 22,
            "142": 14,
            "143": 17,
            "144": 41,
            "145": 38,
            "146": 38,
            "147": 27,
            "148": 26,
            "149": 26
          },
          "per_class_validation_counts": {
            "100": 2,
            "101": 2,
            "102": 1,
            "103": 3,
            "104": 0,
            "105": 3,
            "106": 1,
            "107": 2,
            "108": 3,
            "109": 3,
            "110": 3,
            "111": 2,
            "112": 3,
            "113": 3,
            "114": 3,
            "115": 2,
            "116": 3,
            "117": 3,
            "118": 3,
            "119": 3,
            "120": 3,
            "121": 3,
            "122": 2,
            "123": 5,
            "124": 2,
            "125": 2,
            "126": 4,
            "127": 2,
            "128": 4,
            "129": 2,
            "130": 2,
            "131": 3,
            "132": 3,
            "133": 3,
            "134": 3,
            "135": 4,
            "136": 2,
            "137": 3,
            "138": 3,
            "139": 3,
            "140": 2,
            "141": 2,
            "142": 2,
            "143": 2,
            "144": 4,
            "145": 4,
            "146": 4,
            "147": 3,
            "148": 3,
            "149": 3
          }
        }
      }
    },
    {
      "session": 6,
      "num_seen_classes": 160,
      "baseline_full_acc": 83.81,
      "baseline_base_acc": 88.094,
      "baseline_novel_acc": 76.8,
      "selected_alpha": 0.5,
      "final_full_acc": 84.59,
      "final_base_acc": 87.919,
      "final_novel_acc": 79.143,
      "final_gain": 0.78,
      "updated_class_count": 59,
      "gated_query_count": 1669,
      "gated_base_count": 9,
      "gated_novel_count": 1660,
      "alpha_selection": {
        "mode": "pseudo_validation",
        "fallback_used": false,
        "selected_alpha": 0.5,
        "candidates": [
          {
            "alpha": 0.5,
            "pseudo_val_score": -0.128797,
            "pseudo_val_nll": 0.128797,
            "pseudo_val_agreement": 97.995
          },
          {
            "alpha": 0.75,
            "pseudo_val_score": -0.137691,
            "pseudo_val_nll": 0.137691,
            "pseudo_val_agreement": 97.761
          },
          {
            "alpha": 1.0,
            "pseudo_val_score": -0.14517,
            "pseudo_val_nll": 0.14517,
            "pseudo_val_agreement": 97.594
          }
        ],
        "split": {
          "novel_gated_query_count": 1669,
          "validation_count": 2992,
          "novel_validation_count": 164,
          "base_validation_count": 2828,
          "updated_class_count": 59,
          "per_class_counts": {
            "100": 20,
            "101": 16,
            "102": 10,
            "103": 29,
            "104": 4,
            "105": 30,
            "106": 13,
            "107": 21,
            "108": 27,
            "109": 30,
            "110": 34,
            "111": 25,
            "112": 26,
            "113": 29,
            "114": 28,
            "115": 25,
            "116": 34,
            "117": 28,
            "118": 28,
            "119": 29,
            "120": 30,
            "121": 31,
            "122": 23,
            "123": 46,
            "124": 24,
            "125": 20,
            "126": 37,
            "127": 21,
            "128": 42,
            "129": 23,
            "130": 25,
            "131": 32,
            "132": 33,
            "133": 30,
            "134": 29,
            "135": 36,
            "136": 23,
            "137": 27,
            "138": 29,
            "139": 30,
            "140": 22,
            "141": 24,
            "142": 16,
            "143": 19,
            "144": 45,
            "145": 42,
            "146": 42,
            "147": 30,
            "148": 29,
            "149": 29,
            "150": 20,
            "151": 31,
            "152": 32,
            "153": 35,
            "154": 24,
            "155": 31,
            "156": 34,
            "157": 27,
            "158": 30,
            "159": 30
          },
          "per_class_update_counts": {
            "100": 18,
            "101": 14,
            "102": 9,
            "103": 26,
            "104": 0,
            "105": 27,
            "106": 12,
            "107": 19,
            "108": 24,
            "109": 27,
            "110": 31,
            "111": 23,
            "112": 23,
            "113": 26,
            "114": 25,
            "115": 23,
            "116": 31,
            "117": 25,
            "118": 25,
            "119": 26,
            "120": 27,
            "121": 28,
            "122": 21,
            "123": 41,
            "124": 22,
            "125": 18,
            "126": 33,
            "127": 19,
            "128": 38,
            "129": 21,
            "130": 23,
            "131": 29,
            "132": 30,
            "133": 27,
            "134": 26,
            "135": 32,
            "136": 21,
            "137": 24,
            "138": 26,
            "139": 27,
            "140": 20,
            "141": 22,
            "142": 14,
            "143": 17,
            "144": 41,
            "145": 38,
            "146": 38,
            "147": 27,
            "148": 26,
            "149": 26,
            "150": 18,
            "151": 28,
            "152": 29,
            "153": 31,
            "154": 22,
            "155": 28,
            "156": 31,
            "157": 24,
            "158": 27,
            "159": 27
          },
          "per_class_validation_counts": {
            "100": 2,
            "101": 2,
            "102": 1,
            "103": 3,
            "104": 0,
            "105": 3,
            "106": 1,
            "107": 2,
            "108": 3,
            "109": 3,
            "110": 3,
            "111": 2,
            "112": 3,
            "113": 3,
            "114": 3,
            "115": 2,
            "116": 3,
            "117": 3,
            "118": 3,
            "119": 3,
            "120": 3,
            "121": 3,
            "122": 2,
            "123": 5,
            "124": 2,
            "125": 2,
            "126": 4,
            "127": 2,
            "128": 4,
            "129": 2,
            "130": 2,
            "131": 3,
            "132": 3,
            "133": 3,
            "134": 3,
            "135": 4,
            "136": 2,
            "137": 3,
            "138": 3,
            "139": 3,
            "140": 2,
            "141": 2,
            "142": 2,
            "143": 2,
            "144": 4,
            "145": 4,
            "146": 4,
            "147": 3,
            "148": 3,
            "149": 3,
            "150": 2,
            "151": 3,
            "152": 3,
            "153": 4,
            "154": 2,
            "155": 3,
            "156": 3,
            "157": 3,
            "158": 3,
            "159": 3
          }
        }
      }
    },
    {
      "session": 7,
      "num_seen_classes": 170,
      "baseline_full_acc": 84.525,
      "baseline_base_acc": 88.094,
      "baseline_novel_acc": 79.531,
      "selected_alpha": 0.5,
      "final_full_acc": 85.196,
      "final_base_acc": 87.919,
      "final_novel_acc": 81.387,
      "final_gain": 0.672,
      "updated_class_count": 69,
      "gated_query_count": 1970,
      "gated_base_count": 11,
      "gated_novel_count": 1959,
      "alpha_selection": {
        "mode": "pseudo_validation",
        "fallback_used": false,
        "selected_alpha": 0.5,
        "candidates": [
          {
            "alpha": 0.5,
            "pseudo_val_score": -0.132813,
            "pseudo_val_nll": 0.132813,
            "pseudo_val_agreement": 97.882
          },
          {
            "alpha": 0.75,
            "pseudo_val_score": -0.14241,
            "pseudo_val_nll": 0.14241,
            "pseudo_val_agreement": 97.684
          },
          {
            "alpha": 1.0,
            "pseudo_val_score": -0.151193,
            "pseudo_val_nll": 0.151193,
            "pseudo_val_agreement": 97.518
          }
        ],
        "split": {
          "novel_gated_query_count": 1970,
          "validation_count": 3022,
          "novel_validation_count": 194,
          "base_validation_count": 2828,
          "updated_class_count": 69,
          "per_class_counts": {
            "100": 20,
            "101": 17,
            "102": 10,
            "103": 29,
            "104": 4,
            "105": 30,
            "106": 13,
            "107": 21,
            "108": 27,
            "109": 30,
            "110": 34,
            "111": 25,
            "112": 26,
            "113": 29,
            "114": 28,
            "115": 25,
            "116": 34,
            "117": 28,
            "118": 28,
            "119": 29,
            "120": 30,
            "121": 31,
            "122": 23,
            "123": 46,
            "124": 24,
            "125": 20,
            "126": 37,
            "127": 21,
            "128": 42,
            "129": 23,
            "130": 25,
            "131": 32,
            "132": 33,
            "133": 30,
            "134": 29,
            "135": 36,
            "136": 23,
            "137": 27,
            "138": 29,
            "139": 30,
            "140": 22,
            "141": 24,
            "142": 16,
            "143": 19,
            "144": 45,
            "145": 42,
            "146": 42,
            "147": 30,
            "148": 29,
            "149": 29,
            "150": 20,
            "151": 32,
            "152": 33,
            "153": 36,
            "154": 24,
            "155": 36,
            "156": 33,
            "157": 27,
            "158": 30,
            "159": 30,
            "160": 34,
            "161": 31,
            "162": 30,
            "163": 30,
            "164": 25,
            "165": 27,
            "166": 29,
            "167": 30,
            "168": 29,
            "169": 28
          },
          "per_class_update_counts": {
            "100": 18,
            "101": 15,
            "102": 9,
            "103": 26,
            "104": 0,
            "105": 27,
            "106": 12,
            "107": 19,
            "108": 24,
            "109": 27,
            "110": 31,
            "111": 23,
            "112": 23,
            "113": 26,
            "114": 25,
            "115": 23,
            "116": 31,
            "117": 25,
            "118": 25,
            "119": 26,
            "120": 27,
            "121": 28,
            "122": 21,
            "123": 41,
            "124": 22,
            "125": 18,
            "126": 33,
            "127": 19,
            "128": 38,
            "129": 21,
            "130": 23,
            "131": 29,
            "132": 30,
            "133": 27,
            "134": 26,
            "135": 32,
            "136": 21,
            "137": 24,
            "138": 26,
            "139": 27,
            "140": 20,
            "141": 22,
            "142": 14,
            "143": 17,
            "144": 41,
            "145": 38,
            "146": 38,
            "147": 27,
            "148": 26,
            "149": 26,
            "150": 18,
            "151": 29,
            "152": 30,
            "153": 32,
            "154": 22,
            "155": 32,
            "156": 30,
            "157": 24,
            "158": 27,
            "159": 27,
            "160": 31,
            "161": 28,
            "162": 27,
            "163": 27,
            "164": 23,
            "165": 24,
            "166": 26,
            "167": 27,
            "168": 26,
            "169": 25
          },
          "per_class_validation_counts": {
            "100": 2,
            "101": 2,
            "102": 1,
            "103": 3,
            "104": 0,
            "105": 3,
            "106": 1,
            "107": 2,
            "108": 3,
            "109": 3,
            "110": 3,
            "111": 2,
            "112": 3,
            "113": 3,
            "114": 3,
            "115": 2,
            "116": 3,
            "117": 3,
            "118": 3,
            "119": 3,
            "120": 3,
            "121": 3,
            "122": 2,
            "123": 5,
            "124": 2,
            "125": 2,
            "126": 4,
            "127": 2,
            "128": 4,
            "129": 2,
            "130": 2,
            "131": 3,
            "132": 3,
            "133": 3,
            "134": 3,
            "135": 4,
            "136": 2,
            "137": 3,
            "138": 3,
            "139": 3,
            "140": 2,
            "141": 2,
            "142": 2,
            "143": 2,
            "144": 4,
            "145": 4,
            "146": 4,
            "147": 3,
            "148": 3,
            "149": 3,
            "150": 2,
            "151": 3,
            "152": 3,
            "153": 4,
            "154": 2,
            "155": 4,
            "156": 3,
            "157": 3,
            "158": 3,
            "159": 3,
            "160": 3,
            "161": 3,
            "162": 3,
            "163": 3,
            "164": 2,
            "165": 3,
            "166": 3,
            "167": 3,
            "168": 3,
            "169": 3
          }
        }
      }
    },
    {
      "session": 8,
      "num_seen_classes": 180,
      "baseline_full_acc": 84.287,
      "baseline_base_acc": 88.059,
      "baseline_novel_acc": 79.675,
      "selected_alpha": 0.5,
      "final_full_acc": 85.094,
      "final_base_acc": 87.884,
      "final_novel_acc": 81.682,
      "final_gain": 0.807,
      "updated_class_count": 79,
      "gated_query_count": 2265,
      "gated_base_count": 14,
      "gated_novel_count": 2251,
      "alpha_selection": {
        "mode": "pseudo_validation",
        "fallback_used": false,
        "selected_alpha": 0.5,
        "candidates": [
          {
            "alpha": 0.5,
            "pseudo_val_score": -0.140246,
            "pseudo_val_nll": 0.140246,
            "pseudo_val_agreement": 97.741
          },
          {
            "alpha": 0.75,
            "pseudo_val_score": -0.150809,
            "pseudo_val_nll": 0.150809,
            "pseudo_val_agreement": 97.381
          },
          {
            "alpha": 1.0,
            "pseudo_val_score": -0.160507,
            "pseudo_val_nll": 0.160507,
            "pseudo_val_agreement": 97.185
          }
        ],
        "split": {
          "novel_gated_query_count": 2265,
          "validation_count": 3055,
          "novel_validation_count": 227,
          "base_validation_count": 2828,
          "updated_class_count": 79,
          "per_class_counts": {
            "100": 20,
            "101": 17,
            "102": 10,
            "103": 29,
            "104": 4,
            "105": 30,
            "106": 13,
            "107": 21,
            "108": 28,
            "109": 30,
            "110": 34,
            "111": 25,
            "112": 26,
            "113": 29,
            "114": 28,
            "115": 25,
            "116": 34,
            "117": 28,
            "118": 28,
            "119": 29,
            "120": 30,
            "121": 31,
            "122": 23,
            "123": 46,
            "124": 24,
            "125": 20,
            "126": 37,
            "127": 21,
            "128": 42,
            "129": 23,
            "130": 25,
            "131": 32,
            "132": 33,
            "133": 30,
            "134": 29,
            "135": 36,
            "136": 23,
            "137": 27,
            "138": 29,
            "139": 30,
            "140": 22,
            "141": 24,
            "142": 16,
            "143": 19,
            "144": 45,
            "145": 42,
            "146": 42,
            "147": 29,
            "148": 29,
            "149": 29,
            "150": 20,
            "151": 30,
            "152": 31,
            "153": 35,
            "154": 26,
            "155": 36,
            "156": 26,
            "157": 27,
            "158": 30,
            "159": 30,
            "160": 30,
            "161": 28,
            "162": 33,
            "163": 29,
            "164": 26,
            "165": 27,
            "166": 21,
            "167": 29,
            "168": 28,
            "169": 27,
            "170": 24,
            "171": 42,
            "172": 36,
            "173": 29,
            "174": 40,
            "175": 34,
            "176": 31,
            "177": 29,
            "178": 17,
            "179": 38
          },
          "per_class_update_counts": {
            "100": 18,
            "101": 15,
            "102": 9,
            "103": 26,
            "104": 0,
            "105": 27,
            "106": 12,
            "107": 19,
            "108": 25,
            "109": 27,
            "110": 31,
            "111": 23,
            "112": 23,
            "113": 26,
            "114": 25,
            "115": 23,
            "116": 31,
            "117": 25,
            "118": 25,
            "119": 26,
            "120": 27,
            "121": 28,
            "122": 21,
            "123": 41,
            "124": 22,
            "125": 18,
            "126": 33,
            "127": 19,
            "128": 38,
            "129": 21,
            "130": 23,
            "131": 29,
            "132": 30,
            "133": 27,
            "134": 26,
            "135": 32,
            "136": 21,
            "137": 24,
            "138": 26,
            "139": 27,
            "140": 20,
            "141": 22,
            "142": 14,
            "143": 17,
            "144": 41,
            "145": 38,
            "146": 38,
            "147": 26,
            "148": 26,
            "149": 26,
            "150": 18,
            "151": 27,
            "152": 28,
            "153": 31,
            "154": 23,
            "155": 32,
            "156": 23,
            "157": 24,
            "158": 27,
            "159": 27,
            "160": 27,
            "161": 25,
            "162": 30,
            "163": 26,
            "164": 23,
            "165": 24,
            "166": 19,
            "167": 26,
            "168": 25,
            "169": 24,
            "170": 22,
            "171": 38,
            "172": 32,
            "173": 26,
            "174": 36,
            "175": 31,
            "176": 28,
            "177": 26,
            "178": 15,
            "179": 34
          },
          "per_class_validation_counts": {
            "100": 2,
            "101": 2,
            "102": 1,
            "103": 3,
            "104": 0,
            "105": 3,
            "106": 1,
            "107": 2,
            "108": 3,
            "109": 3,
            "110": 3,
            "111": 2,
            "112": 3,
            "113": 3,
            "114": 3,
            "115": 2,
            "116": 3,
            "117": 3,
            "118": 3,
            "119": 3,
            "120": 3,
            "121": 3,
            "122": 2,
            "123": 5,
            "124": 2,
            "125": 2,
            "126": 4,
            "127": 2,
            "128": 4,
            "129": 2,
            "130": 2,
            "131": 3,
            "132": 3,
            "133": 3,
            "134": 3,
            "135": 4,
            "136": 2,
            "137": 3,
            "138": 3,
            "139": 3,
            "140": 2,
            "141": 2,
            "142": 2,
            "143": 2,
            "144": 4,
            "145": 4,
            "146": 4,
            "147": 3,
            "148": 3,
            "149": 3,
            "150": 2,
            "151": 3,
            "152": 3,
            "153": 4,
            "154": 3,
            "155": 4,
            "156": 3,
            "157": 3,
            "158": 3,
            "159": 3,
            "160": 3,
            "161": 3,
            "162": 3,
            "163": 3,
            "164": 3,
            "165": 3,
            "166": 2,
            "167": 3,
            "168": 3,
            "169": 3,
            "170": 2,
            "171": 4,
            "172": 4,
            "173": 3,
            "174": 4,
            "175": 3,
            "176": 3,
            "177": 3,
            "178": 2,
            "179": 4
          }
        }
      }
    },
    {
      "session": 9,
      "num_seen_classes": 190,
      "baseline_full_acc": 84.729,
      "baseline_base_acc": 87.989,
      "baseline_novel_acc": 81.179,
      "selected_alpha": 0.5,
      "final_full_acc": 85.53,
      "final_base_acc": 87.814,
      "final_novel_acc": 83.042,
      "final_gain": 0.801,
      "updated_class_count": 89,
      "gated_query_count": 2553,
      "gated_base_count": 15,
      "gated_novel_count": 2538,
      "alpha_selection": {
        "mode": "pseudo_validation",
        "fallback_used": false,
        "selected_alpha": 0.5,
        "candidates": [
          {
            "alpha": 0.5,
            "pseudo_val_score": -0.145575,
            "pseudo_val_nll": 0.145575,
            "pseudo_val_agreement": 97.569
          },
          {
            "alpha": 0.75,
            "pseudo_val_score": -0.15695,
            "pseudo_val_nll": 0.15695,
            "pseudo_val_agreement": 97.147
          },
          {
            "alpha": 1.0,
            "pseudo_val_score": -0.167596,
            "pseudo_val_nll": 0.167596,
            "pseudo_val_agreement": 96.856
          }
        ],
        "split": {
          "novel_gated_query_count": 2553,
          "validation_count": 3085,
          "novel_validation_count": 256,
          "base_validation_count": 2829,
          "updated_class_count": 89,
          "per_class_counts": {
            "100": 20,
            "101": 17,
            "102": 10,
            "103": 29,
            "104": 4,
            "105": 30,
            "106": 13,
            "107": 21,
            "108": 28,
            "109": 30,
            "110": 34,
            "111": 25,
            "112": 26,
            "113": 29,
            "114": 28,
            "115": 25,
            "116": 34,
            "117": 28,
            "118": 28,
            "119": 29,
            "120": 30,
            "121": 31,
            "122": 23,
            "123": 46,
            "124": 24,
            "125": 20,
            "126": 37,
            "127": 21,
            "128": 42,
            "129": 23,
            "130": 25,
            "131": 32,
            "132": 33,
            "133": 30,
            "134": 29,
            "135": 36,
            "136": 23,
            "137": 27,
            "138": 29,
            "139": 30,
            "140": 22,
            "141": 24,
            "142": 16,
            "143": 19,
            "144": 45,
            "145": 42,
            "146": 42,
            "147": 29,
            "148": 29,
            "149": 29,
            "150": 20,
            "151": 30,
            "152": 31,
            "153": 35,
            "154": 26,
            "155": 36,
            "156": 26,
            "157": 27,
            "158": 30,
            "159": 30,
            "160": 30,
            "161": 28,
            "162": 33,
            "163": 29,
            "164": 26,
            "165": 27,
            "166": 21,
            "167": 29,
            "168": 28,
            "169": 27,
            "170": 24,
            "171": 42,
            "172": 36,
            "173": 29,
            "174": 41,
            "175": 34,
            "176": 31,
            "177": 29,
            "178": 17,
            "179": 39,
            "180": 28,
            "181": 28,
            "182": 26,
            "183": 34,
            "184": 29,
            "185": 31,
            "186": 21,
            "187": 30,
            "188": 31,
            "189": 28
          },
          "per_class_update_counts": {
            "100": 18,
            "101": 15,
            "102": 9,
            "103": 26,
            "104": 0,
            "105": 27,
            "106": 12,
            "107": 19,
            "108": 25,
            "109": 27,
            "110": 31,
            "111": 23,
            "112": 23,
            "113": 26,
            "114": 25,
            "115": 23,
            "116": 31,
            "117": 25,
            "118": 25,
            "119": 26,
            "120": 27,
            "121": 28,
            "122": 21,
            "123": 41,
            "124": 22,
            "125": 18,
            "126": 33,
            "127": 19,
            "128": 38,
            "129": 21,
            "130": 23,
            "131": 29,
            "132": 30,
            "133": 27,
            "134": 26,
            "135": 32,
            "136": 21,
            "137": 24,
            "138": 26,
            "139": 27,
            "140": 20,
            "141": 22,
            "142": 14,
            "143": 17,
            "144": 41,
            "145": 38,
            "146": 38,
            "147": 26,
            "148": 26,
            "149": 26,
            "150": 18,
            "151": 27,
            "152": 28,
            "153": 31,
            "154": 23,
            "155": 32,
            "156": 23,
            "157": 24,
            "158": 27,
            "159": 27,
            "160": 27,
            "161": 25,
            "162": 30,
            "163": 26,
            "164": 23,
            "165": 24,
            "166": 19,
            "167": 26,
            "168": 25,
            "169": 24,
            "170": 22,
            "171": 38,
            "172": 32,
            "173": 26,
            "174": 37,
            "175": 31,
            "176": 28,
            "177": 26,
            "178": 15,
            "179": 35,
            "180": 25,
            "181": 25,
            "182": 23,
            "183": 31,
            "184": 26,
            "185": 28,
            "186": 19,
            "187": 27,
            "188": 28,
            "189": 25
          },
          "per_class_validation_counts": {
            "100": 2,
            "101": 2,
            "102": 1,
            "103": 3,
            "104": 0,
            "105": 3,
            "106": 1,
            "107": 2,
            "108": 3,
            "109": 3,
            "110": 3,
            "111": 2,
            "112": 3,
            "113": 3,
            "114": 3,
            "115": 2,
            "116": 3,
            "117": 3,
            "118": 3,
            "119": 3,
            "120": 3,
            "121": 3,
            "122": 2,
            "123": 5,
            "124": 2,
            "125": 2,
            "126": 4,
            "127": 2,
            "128": 4,
            "129": 2,
            "130": 2,
            "131": 3,
            "132": 3,
            "133": 3,
            "134": 3,
            "135": 4,
            "136": 2,
            "137": 3,
            "138": 3,
            "139": 3,
            "140": 2,
            "141": 2,
            "142": 2,
            "143": 2,
            "144": 4,
            "145": 4,
            "146": 4,
            "147": 3,
            "148": 3,
            "149": 3,
            "150": 2,
            "151": 3,
            "152": 3,
            "153": 4,
            "154": 3,
            "155": 4,
            "156": 3,
            "157": 3,
            "158": 3,
            "159": 3,
            "160": 3,
            "161": 3,
            "162": 3,
            "163": 3,
            "164": 3,
            "165": 3,
            "166": 2,
            "167": 3,
            "168": 3,
            "169": 3,
            "170": 2,
            "171": 4,
            "172": 4,
            "173": 3,
            "174": 4,
            "175": 3,
            "176": 3,
            "177": 3,
            "178": 2,
            "179": 4,
            "180": 3,
            "181": 3,
            "182": 3,
            "183": 3,
            "184": 3,
            "185": 3,
            "186": 2,
            "187": 3,
            "188": 3,
            "189": 3
          }
        }
      }
    },
    {
      "session": 10,
      "num_seen_classes": 200,
      "baseline_full_acc": 85.002,
      "baseline_base_acc": 87.919,
      "baseline_novel_acc": 82.15,
      "selected_alpha": 0.5,
      "final_full_acc": 85.83,
      "final_base_acc": 87.744,
      "final_novel_acc": 83.959,
      "final_gain": 0.828,
      "updated_class_count": 99,
      "gated_query_count": 2852,
      "gated_base_count": 15,
      "gated_novel_count": 2837,
      "alpha_selection": {
        "mode": "pseudo_validation",
        "fallback_used": false,
        "selected_alpha": 0.5,
        "candidates": [
          {
            "alpha": 0.5,
            "pseudo_val_score": -0.150378,
            "pseudo_val_nll": 0.150378,
            "pseudo_val_agreement": 97.433
          },
          {
            "alpha": 0.75,
            "pseudo_val_score": -0.162477,
            "pseudo_val_nll": 0.162477,
            "pseudo_val_agreement": 96.952
          },
          {
            "alpha": 1.0,
            "pseudo_val_score": -0.173868,
            "pseudo_val_nll": 0.173868,
            "pseudo_val_agreement": 96.631
          }
        ],
        "split": {
          "novel_gated_query_count": 2852,
          "validation_count": 3117,
          "novel_validation_count": 286,
          "base_validation_count": 2831,
          "updated_class_count": 99,
          "per_class_counts": {
            "100": 20,
            "101": 17,
            "102": 10,
            "103": 29,
            "104": 4,
            "105": 30,
            "106": 13,
            "107": 21,
            "108": 28,
            "109": 30,
            "110": 34,
            "111": 25,
            "112": 26,
            "113": 29,
            "114": 28,
            "115": 25,
            "116": 34,
            "117": 29,
            "118": 28,
            "119": 29,
            "120": 30,
            "121": 31,
            "122": 23,
            "123": 46,
            "124": 24,
            "125": 20,
            "126": 37,
            "127": 21,
            "128": 43,
            "129": 23,
            "130": 25,
            "131": 32,
            "132": 33,
            "133": 30,
            "134": 29,
            "135": 36,
            "136": 23,
            "137": 27,
            "138": 29,
            "139": 30,
            "140": 22,
            "141": 24,
            "142": 16,
            "143": 19,
            "144": 45,
            "145": 42,
            "146": 42,
            "147": 29,
            "148": 29,
            "149": 28,
            "150": 20,
            "151": 30,
            "152": 31,
            "153": 35,
            "154": 26,
            "155": 36,
            "156": 26,
            "157": 27,
            "158": 30,
            "159": 30,
            "160": 30,
            "161": 28,
            "162": 33,
            "163": 29,
            "164": 26,
            "165": 27,
            "166": 21,
            "167": 28,
            "168": 28,
            "169": 27,
            "170": 24,
            "171": 42,
            "172": 36,
            "173": 29,
            "174": 41,
            "175": 34,
            "176": 31,
            "177": 27,
            "178": 17,
            "179": 39,
            "180": 28,
            "181": 28,
            "182": 26,
            "183": 34,
            "184": 29,
            "185": 31,
            "186": 21,
            "187": 30,
            "188": 34,
            "189": 27,
            "190": 27,
            "191": 31,
            "192": 28,
            "193": 30,
            "194": 38,
            "195": 36,
            "196": 25,
            "197": 30,
            "198": 23,
            "199": 31
          },
          "per_class_update_counts": {
            "100": 18,
            "101": 15,
            "102": 9,
            "103": 26,
            "104": 0,
            "105": 27,
            "106": 12,
            "107": 19,
            "108": 25,
            "109": 27,
            "110": 31,
            "111": 23,
            "112": 23,
            "113": 26,
            "114": 25,
            "115": 23,
            "116": 31,
            "117": 26,
            "118": 25,
            "119": 26,
            "120": 27,
            "121": 28,
            "122": 21,
            "123": 41,
            "124": 22,
            "125": 18,
            "126": 33,
            "127": 19,
            "128": 39,
            "129": 21,
            "130": 23,
            "131": 29,
            "132": 30,
            "133": 27,
            "134": 26,
            "135": 32,
            "136": 21,
            "137": 24,
            "138": 26,
            "139": 27,
            "140": 20,
            "141": 22,
            "142": 14,
            "143": 17,
            "144": 41,
            "145": 38,
            "146": 38,
            "147": 26,
            "148": 26,
            "149": 25,
            "150": 18,
            "151": 27,
            "152": 28,
            "153": 31,
            "154": 23,
            "155": 32,
            "156": 23,
            "157": 24,
            "158": 27,
            "159": 27,
            "160": 27,
            "161": 25,
            "162": 30,
            "163": 26,
            "164": 23,
            "165": 24,
            "166": 19,
            "167": 25,
            "168": 25,
            "169": 24,
            "170": 22,
            "171": 38,
            "172": 32,
            "173": 26,
            "174": 37,
            "175": 31,
            "176": 28,
            "177": 24,
            "178": 15,
            "179": 35,
            "180": 25,
            "181": 25,
            "182": 23,
            "183": 31,
            "184": 26,
            "185": 28,
            "186": 19,
            "187": 27,
            "188": 31,
            "189": 24,
            "190": 24,
            "191": 28,
            "192": 25,
            "193": 27,
            "194": 34,
            "195": 32,
            "196": 23,
            "197": 27,
            "198": 21,
            "199": 28
          },
          "per_class_validation_counts": {
            "100": 2,
            "101": 2,
            "102": 1,
            "103": 3,
            "104": 0,
            "105": 3,
            "106": 1,
            "107": 2,
            "108": 3,
            "109": 3,
            "110": 3,
            "111": 2,
            "112": 3,
            "113": 3,
            "114": 3,
            "115": 2,
            "116": 3,
            "117": 3,
            "118": 3,
            "119": 3,
            "120": 3,
            "121": 3,
            "122": 2,
            "123": 5,
            "124": 2,
            "125": 2,
            "126": 4,
            "127": 2,
            "128": 4,
            "129": 2,
            "130": 2,
            "131": 3,
            "132": 3,
            "133": 3,
            "134": 3,
            "135": 4,
            "136": 2,
            "137": 3,
            "138": 3,
            "139": 3,
            "140": 2,
            "141": 2,
            "142": 2,
            "143": 2,
            "144": 4,
            "145": 4,
            "146": 4,
            "147": 3,
            "148": 3,
            "149": 3,
            "150": 2,
            "151": 3,
            "152": 3,
            "153": 4,
            "154": 3,
            "155": 4,
            "156": 3,
            "157": 3,
            "158": 3,
            "159": 3,
            "160": 3,
            "161": 3,
            "162": 3,
            "163": 3,
            "164": 3,
            "165": 3,
            "166": 2,
            "167": 3,
            "168": 3,
            "169": 3,
            "170": 2,
            "171": 4,
            "172": 4,
            "173": 3,
            "174": 4,
            "175": 3,
            "176": 3,
            "177": 3,
            "178": 2,
            "179": 4,
            "180": 3,
            "181": 3,
            "182": 3,
            "183": 3,
            "184": 3,
            "185": 3,
            "186": 2,
            "187": 3,
            "188": 3,
            "189": 3,
            "190": 3,
            "191": 3,
            "192": 3,
            "193": 3,
            "194": 4,
            "195": 4,
            "196": 2,
            "197": 3,
            "198": 2,
            "199": 3
          }
        }
      }
    }
  ]
}
