/media/ndag/newVolume/BiMC-test/models/clip/clip.py:23: UserWarning: PyTorch version 1.7.1 or higher is recommended
  warnings.warn("PyTorch version 1.7.1 or higher is recommended")
manual seed: 2
use gpu: ['0']
Files already downloaded and verified
Files already downloaded and verified
Loading CLIP (backbone: ViT-B/16)
Prompt template:['a photo of a {}.']
Loading DinoV2 ViT-B/14 from local hub: /home/ndag/.cache/torch/hub/facebookresearch_dinov2_main
/home/ndag/.cache/torch/hub/facebookresearch_dinov2_main/dinov2/layers/swiglu_ffn.py:51: UserWarning: xFormers is not available (SwiGLU)
  warnings.warn("xFormers is not available (SwiGLU)")
/home/ndag/.cache/torch/hub/facebookresearch_dinov2_main/dinov2/layers/attention.py:36: UserWarning: xFormers is not available (Attention)
  warnings.warn("xFormers is not available (Attention)")
/home/ndag/.cache/torch/hub/facebookresearch_dinov2_main/dinov2/layers/block.py:40: UserWarning: xFormers is not available (Block)
  warnings.warn("xFormers is not available (Block)")
Loading DinoV2 weights: /home/ndag/.cache/torch/hub/checkpoints/dinov2_vitb14_pretrain.pth
class names: ['apple' 'aquarium fish' 'baby' 'bear' 'beaver' 'bed' 'bee' 'beetle'
 'bicycle' 'bottle' 'bowl' 'boy' 'bridge' 'bus' 'butterfly' 'camel' 'can'
 'castle' 'caterpillar' 'cattle' 'chair' 'chimpanzee' 'clock' 'cloud'
 'cockroach' 'couch' 'crab' 'crocodile' 'cup' 'dinosaur' 'dolphin'
 'elephant' 'flatfish' 'forest' 'fox' 'girl' 'hamster' 'house' 'kangaroo'
 'keyboard' 'lamp' 'lawn mower' 'leopard' 'lion' 'lizard' 'lobster' 'man'
 'maple tree' 'motorcycle' 'mountain' 'mouse' 'mushroom' 'oak tree'
 'orange' 'orchid' 'otter' 'palm tree' 'pear' 'pickup truck' 'pine tree']
all targets:tensor([ 0,  1,  2,  3,  4,  5,  6,  7,  8,  9, 10, 11, 12, 13, 14, 15, 16, 17,
        18, 19, 20, 21, 22, 23, 24, 25, 26, 27, 28, 29, 30, 31, 32, 33, 34, 35,
        36, 37, 38, 39, 40, 41, 42, 43, 44, 45, 46, 47, 48, 49, 50, 51, 52, 53,
        54, 55, 56, 57, 58, 59], device='cuda:0')
dino all targets:tensor([ 0,  1,  2,  3,  4,  5,  6,  7,  8,  9, 10, 11, 12, 13, 14, 15, 16, 17,
        18, 19, 20, 21, 22, 23, 24, 25, 26, 27, 28, 29, 30, 31, 32, 33, 34, 35,
        36, 37, 38, 39, 40, 41, 42, 43, 44, 45, 46, 47, 48, 49, 50, 51, 52, 53,
        54, 55, 56, 57, 58, 59], device='cuda:0')
finish loading CLIP/DinoV2 covariance
class names: ['plain' 'plate' 'poppy' 'porcupine' 'possum']
all targets:tensor([60, 61, 62, 63, 64], device='cuda:0')
dino all targets:tensor([60, 61, 62, 63, 64], device='cuda:0')
finish loading CLIP/DinoV2 covariance
class names: ['rabbit' 'raccoon' 'ray' 'road' 'rocket']
all targets:tensor([65, 66, 67, 68, 69], device='cuda:0')
dino all targets:tensor([65, 66, 67, 68, 69], device='cuda:0')
finish loading CLIP/DinoV2 covariance
class names: ['rose' 'sea' 'seal' 'shark' 'shrew']
all targets:tensor([70, 71, 72, 73, 74], device='cuda:0')
dino all targets:tensor([70, 71, 72, 73, 74], device='cuda:0')
finish loading CLIP/DinoV2 covariance
class names: ['skunk' 'skyscraper' 'snail' 'snake' 'spider']
all targets:tensor([75, 76, 77, 78, 79], device='cuda:0')
dino all targets:tensor([75, 76, 77, 78, 79], device='cuda:0')
finish loading CLIP/DinoV2 covariance
class names: ['squirrel' 'streetcar' 'sunflower' 'sweet pepper' 'table']
all targets:tensor([80, 81, 82, 83, 84], device='cuda:0')
dino all targets:tensor([80, 81, 82, 83, 84], device='cuda:0')
finish loading CLIP/DinoV2 covariance
class names: ['tank' 'telephone' 'television' 'tiger' 'tractor']
all targets:tensor([85, 86, 87, 88, 89], device='cuda:0')
dino all targets:tensor([85, 86, 87, 88, 89], device='cuda:0')
finish loading CLIP/DinoV2 covariance
class names: ['train' 'trout' 'tulip' 'turtle' 'wardrobe']
all targets:tensor([90, 91, 92, 93, 94], device='cuda:0')
dino all targets:tensor([90, 91, 92, 93, 94], device='cuda:0')
finish loading CLIP/DinoV2 covariance
class names: ['whale' 'willow tree' 'wolf' 'woman' 'worm']
all targets:tensor([95, 96, 97, 98, 99], device='cuda:0')
dino all targets:tensor([95, 96, 97, 98, 99], device='cuda:0')
finish loading CLIP/DinoV2 covariance
session 0: baseline=89.750 final=89.750 gain=0.000
session 1: baseline=87.800 final=88.462 gain=0.662
session 2: baseline=87.000 final=88.114 gain=1.114
session 3: baseline=84.653 final=85.933 gain=1.280
session 4: baseline=84.675 final=86.050 gain=1.375
session 5: baseline=84.235 final=85.694 gain=1.459
session 6: baseline=84.378 final=85.822 gain=1.444
session 7: baseline=84.147 final=85.589 gain=1.442
session 8: baseline=82.960 final=84.560 gain=1.600
{
  "dataset": "CIFAR100",
  "seed": 2,
  "train_cfg": "experiments/bmvc_1256_20260508-124032/generated_configs/bimc_dino_fusion.yaml",
  "method": "sessionwise conservative query prototype refinement on bimc_dino_fusion with pseudo-validation alpha selection",
  "runtime_sec": 449.234,
  "alpha_grid": [
    0.25,
    0.5,
    0.75,
    1.0
  ],
  "alpha_selection": "pseudo_validation_no_test_labels",
  "mass_thr": 0.3,
  "min_count": 5,
  "val_fraction": 0.2,
  "base_val_conf_thr": 0.5,
  "base_val_max_per_class": 50,
  "fallback_alpha": 0.75,
  "topk_per_class": null,
  "baseline_acc_list": [
    89.75,
    87.8,
    87.0,
    84.653,
    84.675,
    84.235,
    84.378,
    84.147,
    82.96
  ],
  "final_acc_list": [
    89.75,
    88.462,
    88.114,
    85.933,
    86.05,
    85.694,
    85.822,
    85.589,
    84.56
  ],
  "gain_list": [
    0.0,
    0.662,
    1.114,
    1.28,
    1.375,
    1.459,
    1.444,
    1.442,
    1.6
  ],
  "baseline_avg": 85.511,
  "baseline_pd": 6.79,
  "final_avg": 86.664,
  "final_pd": 5.19,
  "gain_avg": 1.153,
  "session_results": [
    {
      "session": 0,
      "num_seen_classes": 60,
      "baseline_full_acc": 89.75,
      "baseline_base_acc": 89.75,
      "baseline_novel_acc": 0.0,
      "best_alpha": null,
      "final_full_acc": 89.75,
      "final_base_acc": 89.75,
      "final_novel_acc": 0.0,
      "final_gain": 0.0,
      "updated_class_count": 0,
      "gated_query_count": 0,
      "alpha_selection": {
        "mode": "not_applicable_base_session",
        "selected_alpha": null
      }
    },
    {
      "session": 1,
      "num_seen_classes": 65,
      "baseline_full_acc": 87.8,
      "baseline_base_acc": 89.5,
      "baseline_novel_acc": 67.4,
      "selected_alpha": 0.5,
      "final_full_acc": 88.462,
      "final_base_acc": 89.367,
      "final_novel_acc": 77.6,
      "final_gain": 0.662,
      "updated_class_count": 5,
      "gated_query_count": 346,
      "gated_base_count": 9,
      "gated_novel_count": 337,
      "alpha_selection": {
        "mode": "pseudo_validation",
        "fallback_used": false,
        "selected_alpha": 0.5,
        "candidates": [
          {
            "alpha": 0.25,
            "pseudo_val_score": -0.019428,
            "pseudo_val_nll": 0.019428,
            "pseudo_val_agreement": 99.935
          },
          {
            "alpha": 0.5,
            "pseudo_val_score": -0.01942,
            "pseudo_val_nll": 0.01942,
            "pseudo_val_agreement": 99.837
          },
          {
            "alpha": 0.75,
            "pseudo_val_score": -0.020708,
            "pseudo_val_nll": 0.020708,
            "pseudo_val_agreement": 99.674
          },
          {
            "alpha": 1.0,
            "pseudo_val_score": -0.02309,
            "pseudo_val_nll": 0.02309,
            "pseudo_val_agreement": 99.609
          }
        ],
        "split": {
          "novel_gated_query_count": 346,
          "validation_count": 3068,
          "novel_validation_count": 68,
          "base_validation_count": 3000,
          "updated_class_count": 5,
          "per_class_counts": {
            "60": 61,
            "61": 66,
            "62": 101,
            "63": 52,
            "64": 66
          },
          "per_class_update_counts": {
            "60": 49,
            "61": 53,
            "62": 81,
            "63": 42,
            "64": 53
          },
          "per_class_validation_counts": {
            "60": 12,
            "61": 13,
            "62": 20,
            "63": 10,
            "64": 13
          }
        }
      }
    },
    {
      "session": 2,
      "num_seen_classes": 70,
      "baseline_full_acc": 87.0,
      "baseline_base_acc": 89.383,
      "baseline_novel_acc": 72.7,
      "selected_alpha": 0.5,
      "final_full_acc": 88.114,
      "final_base_acc": 89.217,
      "final_novel_acc": 81.5,
      "final_gain": 1.114,
      "updated_class_count": 10,
      "gated_query_count": 751,
      "gated_base_count": 17,
      "gated_novel_count": 734,
      "alpha_selection": {
        "mode": "pseudo_validation",
        "fallback_used": false,
        "selected_alpha": 0.5,
        "candidates": [
          {
            "alpha": 0.25,
            "pseudo_val_score": -0.036379,
            "pseudo_val_nll": 0.036379,
            "pseudo_val_agreement": 99.841
          },
          {
            "alpha": 0.5,
            "pseudo_val_score": -0.036376,
            "pseudo_val_nll": 0.036376,
            "pseudo_val_agreement": 99.556
          },
          {
            "alpha": 0.75,
            "pseudo_val_score": -0.038502,
            "pseudo_val_nll": 0.038502,
            "pseudo_val_agreement": 99.397
          },
          {
            "alpha": 1.0,
            "pseudo_val_score": -0.042379,
            "pseudo_val_nll": 0.042379,
            "pseudo_val_agreement": 99.238
          }
        ],
        "split": {
          "novel_gated_query_count": 751,
          "validation_count": 3151,
          "novel_validation_count": 151,
          "base_validation_count": 3000,
          "updated_class_count": 10,
          "per_class_counts": {
            "60": 58,
            "61": 67,
            "62": 101,
            "63": 54,
            "64": 67,
            "65": 82,
            "66": 83,
            "67": 68,
            "68": 78,
            "69": 93
          },
          "per_class_update_counts": {
            "60": 46,
            "61": 54,
            "62": 81,
            "63": 43,
            "64": 54,
            "65": 66,
            "66": 66,
            "67": 54,
            "68": 62,
            "69": 74
          },
          "per_class_validation_counts": {
            "60": 12,
            "61": 13,
            "62": 20,
            "63": 11,
            "64": 13,
            "65": 16,
            "66": 17,
            "67": 14,
            "68": 16,
            "69": 19
          }
        }
      }
    },
    {
      "session": 3,
      "num_seen_classes": 75,
      "baseline_full_acc": 84.653,
      "baseline_base_acc": 89.267,
      "baseline_novel_acc": 66.2,
      "selected_alpha": 0.25,
      "final_full_acc": 85.933,
      "final_base_acc": 89.05,
      "final_novel_acc": 73.467,
      "final_gain": 1.28,
      "updated_class_count": 15,
      "gated_query_count": 1066,
      "gated_base_count": 37,
      "gated_novel_count": 1029,
      "alpha_selection": {
        "mode": "pseudo_validation",
        "fallback_used": false,
        "selected_alpha": 0.25,
        "candidates": [
          {
            "alpha": 0.25,
            "pseudo_val_score": -0.051553,
            "pseudo_val_nll": 0.051553,
            "pseudo_val_agreement": 99.782
          },
          {
            "alpha": 0.5,
            "pseudo_val_score": -0.05252,
            "pseudo_val_nll": 0.05252,
            "pseudo_val_agreement": 99.378
          },
          {
            "alpha": 0.75,
            "pseudo_val_score": -0.056911,
            "pseudo_val_nll": 0.056911,
            "pseudo_val_agreement": 99.129
          },
          {
            "alpha": 1.0,
            "pseudo_val_score": -0.063254,
            "pseudo_val_nll": 0.063254,
            "pseudo_val_agreement": 98.755
          }
        ],
        "split": {
          "novel_gated_query_count": 1066,
          "validation_count": 3213,
          "novel_validation_count": 213,
          "base_validation_count": 3000,
          "updated_class_count": 15,
          "per_class_counts": {
            "60": 65,
            "61": 66,
            "62": 105,
            "63": 56,
            "64": 66,
            "65": 83,
            "66": 83,
            "67": 68,
            "68": 80,
            "69": 92,
            "70": 86,
            "71": 63,
            "72": 42,
            "73": 72,
            "74": 39
          },
          "per_class_update_counts": {
            "60": 52,
            "61": 53,
            "62": 84,
            "63": 45,
            "64": 53,
            "65": 66,
            "66": 66,
            "67": 54,
            "68": 64,
            "69": 74,
            "70": 69,
            "71": 50,
            "72": 34,
            "73": 58,
            "74": 31
          },
          "per_class_validation_counts": {
            "60": 13,
            "61": 13,
            "62": 21,
            "63": 11,
            "64": 13,
            "65": 17,
            "66": 17,
            "67": 14,
            "68": 16,
            "69": 18,
            "70": 17,
            "71": 13,
            "72": 8,
            "73": 14,
            "74": 8
          }
        }
      }
    },
    {
      "session": 4,
      "num_seen_classes": 80,
      "baseline_full_acc": 84.675,
      "baseline_base_acc": 89.183,
      "baseline_novel_acc": 71.15,
      "selected_alpha": 0.25,
      "final_full_acc": 86.05,
      "final_base_acc": 88.983,
      "final_novel_acc": 77.25,
      "final_gain": 1.375,
      "updated_class_count": 20,
      "gated_query_count": 1514,
      "gated_base_count": 42,
      "gated_novel_count": 1472,
      "alpha_selection": {
        "mode": "pseudo_validation",
        "fallback_used": false,
        "selected_alpha": 0.25,
        "candidates": [
          {
            "alpha": 0.25,
            "pseudo_val_score": -0.068292,
            "pseudo_val_nll": 0.068292,
            "pseudo_val_agreement": 99.697
          },
          {
            "alpha": 0.5,
            "pseudo_val_score": -0.068939,
            "pseudo_val_nll": 0.068939,
            "pseudo_val_agreement": 99.243
          },
          {
            "alpha": 0.75,
            "pseudo_val_score": -0.074008,
            "pseudo_val_nll": 0.074008,
            "pseudo_val_agreement": 98.849
          },
          {
            "alpha": 1.0,
            "pseudo_val_score": -0.081762,
            "pseudo_val_nll": 0.081762,
            "pseudo_val_agreement": 98.455
          }
        ],
        "split": {
          "novel_gated_query_count": 1514,
          "validation_count": 3301,
          "novel_validation_count": 301,
          "base_validation_count": 3000,
          "updated_class_count": 20,
          "per_class_counts": {
            "60": 65,
            "61": 67,
            "62": 105,
            "63": 55,
            "64": 66,
            "65": 82,
            "66": 82,
            "67": 71,
            "68": 80,
            "69": 95,
            "70": 86,
            "71": 64,
            "72": 43,
            "73": 71,
            "74": 42,
            "75": 91,
            "76": 79,
            "77": 93,
            "78": 95,
            "79": 82
          },
          "per_class_update_counts": {
            "60": 52,
            "61": 54,
            "62": 84,
            "63": 44,
            "64": 53,
            "65": 66,
            "66": 66,
            "67": 57,
            "68": 64,
            "69": 76,
            "70": 69,
            "71": 51,
            "72": 34,
            "73": 57,
            "74": 34,
            "75": 73,
            "76": 63,
            "77": 74,
            "78": 76,
            "79": 66
          },
          "per_class_validation_counts": {
            "60": 13,
            "61": 13,
            "62": 21,
            "63": 11,
            "64": 13,
            "65": 16,
            "66": 16,
            "67": 14,
            "68": 16,
            "69": 19,
            "70": 17,
            "71": 13,
            "72": 9,
            "73": 14,
            "74": 8,
            "75": 18,
            "76": 16,
            "77": 19,
            "78": 19,
            "79": 16
          }
        }
      }
    },
    {
      "session": 5,
      "num_seen_classes": 85,
      "baseline_full_acc": 84.235,
      "baseline_base_acc": 89.1,
      "baseline_novel_acc": 72.56,
      "selected_alpha": 0.25,
      "final_full_acc": 85.694,
      "final_base_acc": 88.8,
      "final_novel_acc": 78.24,
      "final_gain": 1.459,
      "updated_class_count": 25,
      "gated_query_count": 1921,
      "gated_base_count": 47,
      "gated_novel_count": 1874,
      "alpha_selection": {
        "mode": "pseudo_validation",
        "fallback_used": false,
        "selected_alpha": 0.25,
        "candidates": [
          {
            "alpha": 0.25,
            "pseudo_val_score": -0.080783,
            "pseudo_val_nll": 0.080783,
            "pseudo_val_agreement": 99.645
          },
          {
            "alpha": 0.5,
            "pseudo_val_score": -0.081527,
            "pseudo_val_nll": 0.081527,
            "pseudo_val_agreement": 99.231
          },
          {
            "alpha": 0.75,
            "pseudo_val_score": -0.08716,
            "pseudo_val_nll": 0.08716,
            "pseudo_val_agreement": 98.906
          },
          {
            "alpha": 1.0,
            "pseudo_val_score": -0.095659,
            "pseudo_val_nll": 0.095659,
            "pseudo_val_agreement": 98.285
          }
        ],
        "split": {
          "novel_gated_query_count": 1921,
          "validation_count": 3381,
          "novel_validation_count": 381,
          "base_validation_count": 3000,
          "updated_class_count": 25,
          "per_class_counts": {
            "60": 65,
            "61": 67,
            "62": 106,
            "63": 55,
            "64": 66,
            "65": 83,
            "66": 82,
            "67": 72,
            "68": 81,
            "69": 95,
            "70": 87,
            "71": 62,
            "72": 42,
            "73": 72,
            "74": 48,
            "75": 92,
            "76": 79,
            "77": 93,
            "78": 95,
            "79": 82,
            "80": 66,
            "81": 72,
            "82": 99,
            "83": 90,
            "84": 70
          },
          "per_class_update_counts": {
            "60": 52,
            "61": 54,
            "62": 85,
            "63": 44,
            "64": 53,
            "65": 66,
            "66": 66,
            "67": 58,
            "68": 65,
            "69": 76,
            "70": 70,
            "71": 50,
            "72": 34,
            "73": 58,
            "74": 38,
            "75": 74,
            "76": 63,
            "77": 74,
            "78": 76,
            "79": 66,
            "80": 53,
            "81": 58,
            "82": 79,
            "83": 72,
            "84": 56
          },
          "per_class_validation_counts": {
            "60": 13,
            "61": 13,
            "62": 21,
            "63": 11,
            "64": 13,
            "65": 17,
            "66": 16,
            "67": 14,
            "68": 16,
            "69": 19,
            "70": 17,
            "71": 12,
            "72": 8,
            "73": 14,
            "74": 10,
            "75": 18,
            "76": 16,
            "77": 19,
            "78": 19,
            "79": 16,
            "80": 13,
            "81": 14,
            "82": 20,
            "83": 18,
            "84": 14
          }
        }
      }
    },
    {
      "session": 6,
      "num_seen_classes": 90,
      "baseline_full_acc": 84.378,
      "baseline_base_acc": 88.883,
      "baseline_novel_acc": 75.367,
      "selected_alpha": 0.25,
      "final_full_acc": 85.822,
      "final_base_acc": 88.583,
      "final_novel_acc": 80.3,
      "final_gain": 1.444,
      "updated_class_count": 30,
      "gated_query_count": 2394,
      "gated_base_count": 66,
      "gated_novel_count": 2328,
      "alpha_selection": {
        "mode": "pseudo_validation",
        "fallback_used": false,
        "selected_alpha": 0.25,
        "candidates": [
          {
            "alpha": 0.25,
            "pseudo_val_score": -0.098412,
            "pseudo_val_nll": 0.098412,
            "pseudo_val_agreement": 99.655
          },
          {
            "alpha": 0.5,
            "pseudo_val_score": -0.099115,
            "pseudo_val_nll": 0.099115,
            "pseudo_val_agreement": 99.138
          },
          {
            "alpha": 0.75,
            "pseudo_val_score": -0.105546,
            "pseudo_val_nll": 0.105546,
            "pseudo_val_agreement": 98.707
          },
          {
            "alpha": 1.0,
            "pseudo_val_score": -0.115658,
            "pseudo_val_nll": 0.115658,
            "pseudo_val_agreement": 97.729
          }
        ],
        "split": {
          "novel_gated_query_count": 2394,
          "validation_count": 3479,
          "novel_validation_count": 479,
          "base_validation_count": 3000,
          "updated_class_count": 30,
          "per_class_counts": {
            "60": 65,
            "61": 67,
            "62": 106,
            "63": 55,
            "64": 66,
            "65": 83,
            "66": 81,
            "67": 73,
            "68": 81,
            "69": 95,
            "70": 87,
            "71": 63,
            "72": 44,
            "73": 71,
            "74": 51,
            "75": 92,
            "76": 79,
            "77": 93,
            "78": 95,
            "79": 82,
            "80": 66,
            "81": 73,
            "82": 99,
            "83": 90,
            "84": 71,
            "85": 95,
            "86": 88,
            "87": 90,
            "88": 93,
            "89": 100
          },
          "per_class_update_counts": {
            "60": 52,
            "61": 54,
            "62": 85,
            "63": 44,
            "64": 53,
            "65": 66,
            "66": 65,
            "67": 58,
            "68": 65,
            "69": 76,
            "70": 70,
            "71": 50,
            "72": 35,
            "73": 57,
            "74": 41,
            "75": 74,
            "76": 63,
            "77": 74,
            "78": 76,
            "79": 66,
            "80": 53,
            "81": 58,
            "82": 79,
            "83": 72,
            "84": 57,
            "85": 76,
            "86": 70,
            "87": 72,
            "88": 74,
            "89": 80
          },
          "per_class_validation_counts": {
            "60": 13,
            "61": 13,
            "62": 21,
            "63": 11,
            "64": 13,
            "65": 17,
            "66": 16,
            "67": 15,
            "68": 16,
            "69": 19,
            "70": 17,
            "71": 13,
            "72": 9,
            "73": 14,
            "74": 10,
            "75": 18,
            "76": 16,
            "77": 19,
            "78": 19,
            "79": 16,
            "80": 13,
            "81": 15,
            "82": 20,
            "83": 18,
            "84": 14,
            "85": 19,
            "86": 18,
            "87": 18,
            "88": 19,
            "89": 20
          }
        }
      }
    },
    {
      "session": 7,
      "num_seen_classes": 95,
      "baseline_full_acc": 84.147,
      "baseline_base_acc": 88.767,
      "baseline_novel_acc": 76.229,
      "selected_alpha": 0.25,
      "final_full_acc": 85.589,
      "final_base_acc": 88.467,
      "final_novel_acc": 80.657,
      "final_gain": 1.442,
      "updated_class_count": 35,
      "gated_query_count": 2854,
      "gated_base_count": 75,
      "gated_novel_count": 2779,
      "alpha_selection": {
        "mode": "pseudo_validation",
        "fallback_used": false,
        "selected_alpha": 0.25,
        "candidates": [
          {
            "alpha": 0.25,
            "pseudo_val_score": -0.116468,
            "pseudo_val_nll": 0.116468,
            "pseudo_val_agreement": 99.58
          },
          {
            "alpha": 0.5,
            "pseudo_val_score": -0.11787,
            "pseudo_val_nll": 0.11787,
            "pseudo_val_agreement": 98.88
          },
          {
            "alpha": 0.75,
            "pseudo_val_score": -0.12601,
            "pseudo_val_nll": 0.12601,
            "pseudo_val_agreement": 98.376
          },
          {
            "alpha": 1.0,
            "pseudo_val_score": -0.138189,
            "pseudo_val_nll": 0.138189,
            "pseudo_val_agreement": 97.2
          }
        ],
        "split": {
          "novel_gated_query_count": 2854,
          "validation_count": 3571,
          "novel_validation_count": 571,
          "base_validation_count": 3000,
          "updated_class_count": 35,
          "per_class_counts": {
            "60": 66,
            "61": 66,
            "62": 108,
            "63": 56,
            "64": 66,
            "65": 83,
            "66": 82,
            "67": 71,
            "68": 81,
            "69": 94,
            "70": 87,
            "71": 63,
            "72": 47,
            "73": 73,
            "74": 57,
            "75": 92,
            "76": 79,
            "77": 94,
            "78": 96,
            "79": 82,
            "80": 66,
            "81": 82,
            "82": 99,
            "83": 90,
            "84": 69,
            "85": 95,
            "86": 88,
            "87": 88,
            "88": 93,
            "89": 100,
            "90": 81,
            "91": 88,
            "92": 84,
            "93": 89,
            "94": 99
          },
          "per_class_update_counts": {
            "60": 53,
            "61": 53,
            "62": 86,
            "63": 45,
            "64": 53,
            "65": 66,
            "66": 66,
            "67": 57,
            "68": 65,
            "69": 75,
            "70": 70,
            "71": 50,
            "72": 38,
            "73": 58,
            "74": 46,
            "75": 74,
            "76": 63,
            "77": 75,
            "78": 77,
            "79": 66,
            "80": 53,
            "81": 66,
            "82": 79,
            "83": 72,
            "84": 55,
            "85": 76,
            "86": 70,
            "87": 70,
            "88": 74,
            "89": 80,
            "90": 65,
            "91": 70,
            "92": 67,
            "93": 71,
            "94": 79
          },
          "per_class_validation_counts": {
            "60": 13,
            "61": 13,
            "62": 22,
            "63": 11,
            "64": 13,
            "65": 17,
            "66": 16,
            "67": 14,
            "68": 16,
            "69": 19,
            "70": 17,
            "71": 13,
            "72": 9,
            "73": 15,
            "74": 11,
            "75": 18,
            "76": 16,
            "77": 19,
            "78": 19,
            "79": 16,
            "80": 13,
            "81": 16,
            "82": 20,
            "83": 18,
            "84": 14,
            "85": 19,
            "86": 18,
            "87": 18,
            "88": 19,
            "89": 20,
            "90": 16,
            "91": 18,
            "92": 17,
            "93": 18,
            "94": 20
          }
        }
      }
    },
    {
      "session": 8,
      "num_seen_classes": 100,
      "baseline_full_acc": 82.96,
      "baseline_base_acc": 88.467,
      "baseline_novel_acc": 74.7,
      "selected_alpha": 0.25,
      "final_full_acc": 84.56,
      "final_base_acc": 88.183,
      "final_novel_acc": 79.125,
      "final_gain": 1.6,
      "updated_class_count": 40,
      "gated_query_count": 3199,
      "gated_base_count": 83,
      "gated_novel_count": 3116,
      "alpha_selection": {
        "mode": "pseudo_validation",
        "fallback_used": false,
        "selected_alpha": 0.25,
        "candidates": [
          {
            "alpha": 0.25,
            "pseudo_val_score": -0.129133,
            "pseudo_val_nll": 0.129133,
            "pseudo_val_agreement": 99.478
          },
          {
            "alpha": 0.5,
            "pseudo_val_score": -0.130868,
            "pseudo_val_nll": 0.130868,
            "pseudo_val_agreement": 98.681
          },
          {
            "alpha": 0.75,
            "pseudo_val_score": -0.139644,
            "pseudo_val_nll": 0.139644,
            "pseudo_val_agreement": 97.801
          },
          {
            "alpha": 1.0,
            "pseudo_val_score": -0.15278,
            "pseudo_val_nll": 0.15278,
            "pseudo_val_agreement": 96.784
          }
        ],
        "split": {
          "novel_gated_query_count": 3199,
          "validation_count": 3638,
          "novel_validation_count": 638,
          "base_validation_count": 3000,
          "updated_class_count": 40,
          "per_class_counts": {
            "60": 67,
            "61": 65,
            "62": 107,
            "63": 56,
            "64": 66,
            "65": 83,
            "66": 83,
            "67": 70,
            "68": 82,
            "69": 93,
            "70": 86,
            "71": 57,
            "72": 45,
            "73": 72,
            "74": 54,
            "75": 91,
            "76": 80,
            "77": 94,
            "78": 93,
            "79": 81,
            "80": 66,
            "81": 82,
            "82": 99,
            "83": 90,
            "84": 69,
            "85": 96,
            "86": 90,
            "87": 89,
            "88": 92,
            "89": 100,
            "90": 81,
            "91": 87,
            "92": 84,
            "93": 89,
            "94": 98,
            "95": 60,
            "96": 61,
            "97": 95,
            "98": 52,
            "99": 94
          },
          "per_class_update_counts": {
            "60": 54,
            "61": 52,
            "62": 86,
            "63": 45,
            "64": 53,
            "65": 66,
            "66": 66,
            "67": 56,
            "68": 66,
            "69": 74,
            "70": 69,
            "71": 46,
            "72": 36,
            "73": 58,
            "74": 43,
            "75": 73,
            "76": 64,
            "77": 75,
            "78": 74,
            "79": 65,
            "80": 53,
            "81": 66,
            "82": 79,
            "83": 72,
            "84": 55,
            "85": 77,
            "86": 72,
            "87": 71,
            "88": 74,
            "89": 80,
            "90": 65,
            "91": 70,
            "92": 67,
            "93": 71,
            "94": 78,
            "95": 48,
            "96": 49,
            "97": 76,
            "98": 42,
            "99": 75
          },
          "per_class_validation_counts": {
            "60": 13,
            "61": 13,
            "62": 21,
            "63": 11,
            "64": 13,
            "65": 17,
            "66": 17,
            "67": 14,
            "68": 16,
            "69": 19,
            "70": 17,
            "71": 11,
            "72": 9,
            "73": 14,
            "74": 11,
            "75": 18,
            "76": 16,
            "77": 19,
            "78": 19,
            "79": 16,
            "80": 13,
            "81": 16,
            "82": 20,
            "83": 18,
            "84": 14,
            "85": 19,
            "86": 18,
            "87": 18,
            "88": 18,
            "89": 20,
            "90": 16,
            "91": 17,
            "92": 17,
            "93": 18,
            "94": 20,
            "95": 12,
            "96": 12,
            "97": 19,
            "98": 10,
            "99": 19
          }
        }
      }
    }
  ]
}
