/media/ndag/newVolume/BiMC-test/models/clip/clip.py:23: UserWarning: PyTorch version 1.7.1 or higher is recommended
  warnings.warn("PyTorch version 1.7.1 or higher is recommended")
manual seed: 4
use gpu: ['0']
Loading CLIP (backbone: ViT-B/16)
Prompt template:['a photo of a {}.']
Loading DinoV2 ViT-B/14 from local hub: /home/ndag/.cache/torch/hub/facebookresearch_dinov2_main
/home/ndag/.cache/torch/hub/facebookresearch_dinov2_main/dinov2/layers/swiglu_ffn.py:51: UserWarning: xFormers is not available (SwiGLU)
  warnings.warn("xFormers is not available (SwiGLU)")
/home/ndag/.cache/torch/hub/facebookresearch_dinov2_main/dinov2/layers/attention.py:36: UserWarning: xFormers is not available (Attention)
  warnings.warn("xFormers is not available (Attention)")
/home/ndag/.cache/torch/hub/facebookresearch_dinov2_main/dinov2/layers/block.py:40: UserWarning: xFormers is not available (Block)
  warnings.warn("xFormers is not available (Block)")
Loading DinoV2 weights: /home/ndag/.cache/torch/hub/checkpoints/dinov2_vitb14_pretrain.pth
class names: ['Black footed Albatross' 'Laysan Albatross' 'Sooty Albatross'
 'Groove billed Ani' 'Crested Auklet' 'Least Auklet' 'Parakeet Auklet'
 'Rhinoceros Auklet' 'Brewer Blackbird' 'Red winged Blackbird'
 'Rusty Blackbird' 'Yellow headed Blackbird' 'Bobolink' 'Indigo Bunting'
 'Lazuli Bunting' 'Painted Bunting' 'Cardinal' 'Spotted Catbird'
 'Gray Catbird' 'Yellow breasted Chat' 'Eastern Towhee' 'Chuck will Widow'
 'Brandt Cormorant' 'Red faced Cormorant' 'Pelagic Cormorant'
 'Bronzed Cowbird' 'Shiny Cowbird' 'Brown Creeper' 'American Crow'
 'Fish Crow' 'Black billed Cuckoo' 'Mangrove Cuckoo'
 'Yellow billed Cuckoo' 'Gray crowned Rosy Finch' 'Purple Finch'
 'Northern Flicker' 'Acadian Flycatcher' 'Great Crested Flycatcher'
 'Least Flycatcher' 'Olive sided Flycatcher' 'Scissor tailed Flycatcher'
 'Vermilion Flycatcher' 'Yellow bellied Flycatcher' 'Frigatebird'
 'Northern Fulmar' 'Gadwall' 'American Goldfinch' 'European Goldfinch'
 'Boat tailed Grackle' 'Eared Grebe' 'Horned Grebe' 'Pied billed Grebe'
 'Western Grebe' 'Blue Grosbeak' 'Evening Grosbeak' 'Pine Grosbeak'
 'Rose breasted Grosbeak' 'Pigeon Guillemot' 'California Gull'
 'Glaucous winged Gull' 'Heermann Gull' 'Herring Gull' 'Ivory Gull'
 'Ring billed Gull' 'Slaty backed Gull' 'Western Gull' 'Anna Hummingbird'
 'Ruby throated Hummingbird' 'Rufous Hummingbird' 'Green Violetear'
 'Long tailed Jaeger' 'Pomarine Jaeger' 'Blue Jay' 'Florida Jay'
 'Green Jay' 'Dark eyed Junco' 'Tropical Kingbird' 'Gray Kingbird'
 'Belted Kingfisher' 'Green Kingfisher' 'Pied Kingfisher'
 'Ringed Kingfisher' 'White breasted Kingfisher' 'Red legged Kittiwake'
 'Horned Lark' 'Pacific Loon' 'Mallard' 'Western Meadowlark'
 'Hooded Merganser' 'Red breasted Merganser' 'Mockingbird' 'Nighthawk'
 'Clark Nutcracker' 'White breasted Nuthatch' 'Baltimore Oriole'
 'Hooded Oriole' 'Orchard Oriole' 'Scott Oriole' 'Ovenbird'
 'Brown Pelican']
all targets:tensor([ 0,  1,  2,  3,  4,  5,  6,  7,  8,  9, 10, 11, 12, 13, 14, 15, 16, 17,
        18, 19, 20, 21, 22, 23, 24, 25, 26, 27, 28, 29, 30, 31, 32, 33, 34, 35,
        36, 37, 38, 39, 40, 41, 42, 43, 44, 45, 46, 47, 48, 49, 50, 51, 52, 53,
        54, 55, 56, 57, 58, 59, 60, 61, 62, 63, 64, 65, 66, 67, 68, 69, 70, 71,
        72, 73, 74, 75, 76, 77, 78, 79, 80, 81, 82, 83, 84, 85, 86, 87, 88, 89,
        90, 91, 92, 93, 94, 95, 96, 97, 98, 99], device='cuda:0')
dino all targets:tensor([ 0,  1,  2,  3,  4,  5,  6,  7,  8,  9, 10, 11, 12, 13, 14, 15, 16, 17,
        18, 19, 20, 21, 22, 23, 24, 25, 26, 27, 28, 29, 30, 31, 32, 33, 34, 35,
        36, 37, 38, 39, 40, 41, 42, 43, 44, 45, 46, 47, 48, 49, 50, 51, 52, 53,
        54, 55, 56, 57, 58, 59, 60, 61, 62, 63, 64, 65, 66, 67, 68, 69, 70, 71,
        72, 73, 74, 75, 76, 77, 78, 79, 80, 81, 82, 83, 84, 85, 86, 87, 88, 89,
        90, 91, 92, 93, 94, 95, 96, 97, 98, 99], device='cuda:0')
finish loading CLIP/DinoV2 covariance
class names: ['White Pelican' 'Western Wood Pewee' 'Sayornis' 'American Pipit'
 'Whip poor Will' 'Horned Puffin' 'Common Raven' 'White necked Raven'
 'American Redstart' 'Geococcyx']
all targets:tensor([100, 101, 102, 103, 104, 105, 106, 107, 108, 109], device='cuda:0')
dino all targets:tensor([100, 101, 102, 103, 104, 105, 106, 107, 108, 109], device='cuda:0')
finish loading CLIP/DinoV2 covariance
class names: ['Loggerhead Shrike' 'Great Grey Shrike' 'Baird Sparrow'
 'Black throated Sparrow' 'Brewer Sparrow' 'Chipping Sparrow'
 'Clay colored Sparrow' 'House Sparrow' 'Field Sparrow' 'Fox Sparrow']
all targets:tensor([110, 111, 112, 113, 114, 115, 116, 117, 118, 119], device='cuda:0')
dino all targets:tensor([110, 111, 112, 113, 114, 115, 116, 117, 118, 119], device='cuda:0')
finish loading CLIP/DinoV2 covariance
class names: ['Grasshopper Sparrow' 'Harris Sparrow' 'Henslow Sparrow'
 'Le Conte Sparrow' 'Lincoln Sparrow' 'Nelson Sharp tailed Sparrow'
 'Savannah Sparrow' 'Seaside Sparrow' 'Song Sparrow' 'Tree Sparrow']
all targets:tensor([120, 121, 122, 123, 124, 125, 126, 127, 128, 129], device='cuda:0')
dino all targets:tensor([120, 121, 122, 123, 124, 125, 126, 127, 128, 129], device='cuda:0')
finish loading CLIP/DinoV2 covariance
class names: ['Vesper Sparrow' 'White crowned Sparrow' 'White throated Sparrow'
 'Cape Glossy Starling' 'Bank Swallow' 'Barn Swallow' 'Cliff Swallow'
 'Tree Swallow' 'Scarlet Tanager' 'Summer Tanager']
all targets:tensor([130, 131, 132, 133, 134, 135, 136, 137, 138, 139], device='cuda:0')
dino all targets:tensor([130, 131, 132, 133, 134, 135, 136, 137, 138, 139], device='cuda:0')
finish loading CLIP/DinoV2 covariance
class names: ['Artic Tern' 'Black Tern' 'Caspian Tern' 'Common Tern' 'Elegant Tern'
 'Forsters Tern' 'Least Tern' 'Green tailed Towhee' 'Brown Thrasher'
 'Sage Thrasher']
all targets:tensor([140, 141, 142, 143, 144, 145, 146, 147, 148, 149], device='cuda:0')
dino all targets:tensor([140, 141, 142, 143, 144, 145, 146, 147, 148, 149], device='cuda:0')
finish loading CLIP/DinoV2 covariance
class names: ['Black capped Vireo' 'Blue headed Vireo' 'Philadelphia Vireo'
 'Red eyed Vireo' 'Warbling Vireo' 'White eyed Vireo'
 'Yellow throated Vireo' 'Bay breasted Warbler' 'Black and white Warbler'
 'Black throated Blue Warbler']
all targets:tensor([150, 151, 152, 153, 154, 155, 156, 157, 158, 159], device='cuda:0')
dino all targets:tensor([150, 151, 152, 153, 154, 155, 156, 157, 158, 159], device='cuda:0')
finish loading CLIP/DinoV2 covariance
class names: ['Blue winged Warbler' 'Canada Warbler' 'Cape May Warbler'
 'Cerulean Warbler' 'Chestnut sided Warbler' 'Golden winged Warbler'
 'Hooded Warbler' 'Kentucky Warbler' 'Magnolia Warbler' 'Mourning Warbler']
all targets:tensor([160, 161, 162, 163, 164, 165, 166, 167, 168, 169], device='cuda:0')
dino all targets:tensor([160, 161, 162, 163, 164, 165, 166, 167, 168, 169], device='cuda:0')
finish loading CLIP/DinoV2 covariance
class names: ['Myrtle Warbler' 'Nashville Warbler' 'Orange crowned Warbler'
 'Palm Warbler' 'Pine Warbler' 'Prairie Warbler' 'Prothonotary Warbler'
 'Swainson Warbler' 'Tennessee Warbler' 'Wilson Warbler']
all targets:tensor([170, 171, 172, 173, 174, 175, 176, 177, 178, 179], device='cuda:0')
dino all targets:tensor([170, 171, 172, 173, 174, 175, 176, 177, 178, 179], device='cuda:0')
finish loading CLIP/DinoV2 covariance
class names: ['Worm eating Warbler' 'Yellow Warbler' 'Northern Waterthrush'
 'Louisiana Waterthrush' 'Bohemian Waxwing' 'Cedar Waxwing'
 'American Three toed Woodpecker' 'Pileated Woodpecker'
 'Red bellied Woodpecker' 'Red cockaded Woodpecker']
all targets:tensor([180, 181, 182, 183, 184, 185, 186, 187, 188, 189], device='cuda:0')
dino all targets:tensor([180, 181, 182, 183, 184, 185, 186, 187, 188, 189], device='cuda:0')
finish loading CLIP/DinoV2 covariance
class names: ['Red headed Woodpecker' 'Downy Woodpecker' 'Bewick Wren' 'Cactus Wren'
 'Carolina Wren' 'House Wren' 'Marsh Wren' 'Rock Wren' 'Winter Wren'
 'Common Yellowthroat']
all targets:tensor([190, 191, 192, 193, 194, 195, 196, 197, 198, 199], device='cuda:0')
dino all targets:tensor([190, 191, 192, 193, 194, 195, 196, 197, 198, 199], device='cuda:0')
finish loading CLIP/DinoV2 covariance
session 0: baseline=88.163 final=88.163 gain=0.000
session 1: baseline=86.605 final=86.923 gain=0.318
session 2: baseline=86.152 final=86.676 gain=0.525
session 3: baseline=85.327 final=85.971 gain=0.644
session 4: baseline=85.204 final=86.122 gain=0.919
session 5: baseline=84.166 final=84.836 gain=0.670
session 6: baseline=84.655 final=85.241 gain=0.585
session 7: baseline=85.237 final=85.746 gain=0.509
session 8: baseline=84.902 final=85.536 gain=0.634
session 9: baseline=85.402 final=86.021 gain=0.619
session 10: baseline=85.520 final=86.193 gain=0.673
{
  "dataset": "cub200",
  "seed": 4,
  "train_cfg": "experiments/bmvc_1256_20260508-124032/generated_configs/bimc_dino_fusion.yaml",
  "method": "sessionwise conservative query prototype refinement on bimc_dino_fusion with pseudo-validation alpha selection",
  "runtime_sec": 239.176,
  "alpha_grid": [
    0.5,
    0.75,
    1.0
  ],
  "alpha_selection": "pseudo_validation_no_test_labels",
  "mass_thr": 0.3,
  "min_count": 5,
  "val_fraction": 0.3,
  "base_val_conf_thr": 0.5,
  "base_val_max_per_class": 50,
  "fallback_alpha": 0.75,
  "topk_per_class": null,
  "baseline_acc_list": [
    88.163,
    86.605,
    86.152,
    85.327,
    85.204,
    84.166,
    84.655,
    85.237,
    84.902,
    85.402,
    85.52
  ],
  "final_acc_list": [
    88.163,
    86.923,
    86.676,
    85.971,
    86.122,
    84.836,
    85.241,
    85.746,
    85.536,
    86.021,
    86.193
  ],
  "gain_list": [
    0.0,
    0.318,
    0.525,
    0.644,
    0.919,
    0.67,
    0.585,
    0.509,
    0.634,
    0.619,
    0.673
  ],
  "baseline_avg": 85.576,
  "baseline_pd": 2.643,
  "final_avg": 86.13,
  "final_pd": 1.97,
  "gain_avg": 0.554,
  "session_results": [
    {
      "session": 0,
      "num_seen_classes": 100,
      "baseline_full_acc": 88.163,
      "baseline_base_acc": 88.163,
      "baseline_novel_acc": 0.0,
      "best_alpha": null,
      "final_full_acc": 88.163,
      "final_base_acc": 88.163,
      "final_novel_acc": 0.0,
      "final_gain": 0.0,
      "updated_class_count": 0,
      "gated_query_count": 0,
      "alpha_selection": {
        "mode": "not_applicable_base_session",
        "selected_alpha": null
      }
    },
    {
      "session": 1,
      "num_seen_classes": 110,
      "baseline_full_acc": 86.605,
      "baseline_base_acc": 88.198,
      "baseline_novel_acc": 70.251,
      "selected_alpha": 0.5,
      "final_full_acc": 86.923,
      "final_base_acc": 88.128,
      "final_novel_acc": 74.552,
      "final_gain": 0.318,
      "updated_class_count": 9,
      "gated_query_count": 208,
      "gated_base_count": 4,
      "gated_novel_count": 204,
      "alpha_selection": {
        "mode": "pseudo_validation",
        "fallback_used": false,
        "selected_alpha": 0.5,
        "candidates": [
          {
            "alpha": 0.5,
            "pseudo_val_score": -0.088561,
            "pseudo_val_nll": 0.088561,
            "pseudo_val_agreement": 99.584
          },
          {
            "alpha": 0.75,
            "pseudo_val_score": -0.090867,
            "pseudo_val_nll": 0.090867,
            "pseudo_val_agreement": 99.446
          },
          {
            "alpha": 1.0,
            "pseudo_val_score": -0.092365,
            "pseudo_val_nll": 0.092365,
            "pseudo_val_agreement": 99.48
          }
        ],
        "split": {
          "novel_gated_query_count": 208,
          "validation_count": 2887,
          "novel_validation_count": 62,
          "base_validation_count": 2825,
          "updated_class_count": 9,
          "per_class_counts": {
            "100": 18,
            "101": 17,
            "102": 20,
            "103": 30,
            "104": 0,
            "105": 30,
            "106": 13,
            "107": 22,
            "108": 27,
            "109": 31
          },
          "per_class_update_counts": {
            "100": 13,
            "101": 12,
            "102": 14,
            "103": 21,
            "104": 0,
            "105": 21,
            "106": 9,
            "107": 15,
            "108": 19,
            "109": 22
          },
          "per_class_validation_counts": {
            "100": 5,
            "101": 5,
            "102": 6,
            "103": 9,
            "104": 0,
            "105": 9,
            "106": 4,
            "107": 7,
            "108": 8,
            "109": 9
          }
        }
      }
    },
    {
      "session": 2,
      "num_seen_classes": 120,
      "baseline_full_acc": 86.152,
      "baseline_base_acc": 88.163,
      "baseline_novel_acc": 75.972,
      "selected_alpha": 0.5,
      "final_full_acc": 86.676,
      "final_base_acc": 88.094,
      "final_novel_acc": 79.505,
      "final_gain": 0.525,
      "updated_class_count": 19,
      "gated_query_count": 494,
      "gated_base_count": 5,
      "gated_novel_count": 489,
      "alpha_selection": {
        "mode": "pseudo_validation",
        "fallback_used": false,
        "selected_alpha": 0.5,
        "candidates": [
          {
            "alpha": 0.5,
            "pseudo_val_score": -0.107906,
            "pseudo_val_nll": 0.107906,
            "pseudo_val_agreement": 98.855
          },
          {
            "alpha": 0.75,
            "pseudo_val_score": -0.114341,
            "pseudo_val_nll": 0.114341,
            "pseudo_val_agreement": 98.519
          },
          {
            "alpha": 1.0,
            "pseudo_val_score": -0.118978,
            "pseudo_val_nll": 0.118978,
            "pseudo_val_agreement": 98.451
          }
        ],
        "split": {
          "novel_gated_query_count": 494,
          "validation_count": 2970,
          "novel_validation_count": 148,
          "base_validation_count": 2822,
          "updated_class_count": 19,
          "per_class_counts": {
            "100": 18,
            "101": 16,
            "102": 21,
            "103": 30,
            "104": 0,
            "105": 30,
            "106": 13,
            "107": 22,
            "108": 27,
            "109": 31,
            "110": 27,
            "111": 32,
            "112": 25,
            "113": 31,
            "114": 32,
            "115": 31,
            "116": 35,
            "117": 29,
            "118": 14,
            "119": 30
          },
          "per_class_update_counts": {
            "100": 13,
            "101": 11,
            "102": 15,
            "103": 21,
            "104": 0,
            "105": 21,
            "106": 9,
            "107": 15,
            "108": 19,
            "109": 22,
            "110": 19,
            "111": 22,
            "112": 17,
            "113": 22,
            "114": 22,
            "115": 22,
            "116": 25,
            "117": 20,
            "118": 10,
            "119": 21
          },
          "per_class_validation_counts": {
            "100": 5,
            "101": 5,
            "102": 6,
            "103": 9,
            "104": 0,
            "105": 9,
            "106": 4,
            "107": 7,
            "108": 8,
            "109": 9,
            "110": 8,
            "111": 10,
            "112": 8,
            "113": 9,
            "114": 10,
            "115": 9,
            "116": 10,
            "117": 9,
            "118": 4,
            "119": 9
          }
        }
      }
    },
    {
      "session": 3,
      "num_seen_classes": 130,
      "baseline_full_acc": 85.327,
      "baseline_base_acc": 88.163,
      "baseline_novel_acc": 75.926,
      "selected_alpha": 0.5,
      "final_full_acc": 85.971,
      "final_base_acc": 88.094,
      "final_novel_acc": 78.935,
      "final_gain": 0.644,
      "updated_class_count": 29,
      "gated_query_count": 791,
      "gated_base_count": 5,
      "gated_novel_count": 786,
      "alpha_selection": {
        "mode": "pseudo_validation",
        "fallback_used": false,
        "selected_alpha": 0.5,
        "candidates": [
          {
            "alpha": 0.5,
            "pseudo_val_score": -0.126629,
            "pseudo_val_nll": 0.126629,
            "pseudo_val_agreement": 98.367
          },
          {
            "alpha": 0.75,
            "pseudo_val_score": -0.135811,
            "pseudo_val_nll": 0.135811,
            "pseudo_val_agreement": 97.943
          },
          {
            "alpha": 1.0,
            "pseudo_val_score": -0.144334,
            "pseudo_val_nll": 0.144334,
            "pseudo_val_agreement": 97.747
          }
        ],
        "split": {
          "novel_gated_query_count": 791,
          "validation_count": 3062,
          "novel_validation_count": 236,
          "base_validation_count": 2826,
          "updated_class_count": 29,
          "per_class_counts": {
            "100": 18,
            "101": 16,
            "102": 21,
            "103": 30,
            "104": 0,
            "105": 30,
            "106": 13,
            "107": 22,
            "108": 27,
            "109": 30,
            "110": 27,
            "111": 32,
            "112": 26,
            "113": 31,
            "114": 31,
            "115": 27,
            "116": 33,
            "117": 44,
            "118": 13,
            "119": 28,
            "120": 33,
            "121": 29,
            "122": 32,
            "123": 36,
            "124": 30,
            "125": 21,
            "126": 28,
            "127": 24,
            "128": 38,
            "129": 21
          },
          "per_class_update_counts": {
            "100": 13,
            "101": 11,
            "102": 15,
            "103": 21,
            "104": 0,
            "105": 21,
            "106": 9,
            "107": 15,
            "108": 19,
            "109": 21,
            "110": 19,
            "111": 22,
            "112": 18,
            "113": 22,
            "114": 22,
            "115": 19,
            "116": 23,
            "117": 31,
            "118": 9,
            "119": 20,
            "120": 23,
            "121": 20,
            "122": 22,
            "123": 25,
            "124": 21,
            "125": 15,
            "126": 20,
            "127": 17,
            "128": 27,
            "129": 15
          },
          "per_class_validation_counts": {
            "100": 5,
            "101": 5,
            "102": 6,
            "103": 9,
            "104": 0,
            "105": 9,
            "106": 4,
            "107": 7,
            "108": 8,
            "109": 9,
            "110": 8,
            "111": 10,
            "112": 8,
            "113": 9,
            "114": 9,
            "115": 8,
            "116": 10,
            "117": 13,
            "118": 4,
            "119": 8,
            "120": 10,
            "121": 9,
            "122": 10,
            "123": 11,
            "124": 9,
            "125": 6,
            "126": 8,
            "127": 7,
            "128": 11,
            "129": 6
          }
        }
      }
    },
    {
      "session": 4,
      "num_seen_classes": 140,
      "baseline_full_acc": 85.204,
      "baseline_base_acc": 88.024,
      "baseline_novel_acc": 78.265,
      "selected_alpha": 0.5,
      "final_full_acc": 86.122,
      "final_base_acc": 87.954,
      "final_novel_acc": 81.615,
      "final_gain": 0.919,
      "updated_class_count": 39,
      "gated_query_count": 1085,
      "gated_base_count": 6,
      "gated_novel_count": 1079,
      "alpha_selection": {
        "mode": "pseudo_validation",
        "fallback_used": false,
        "selected_alpha": 0.5,
        "candidates": [
          {
            "alpha": 0.5,
            "pseudo_val_score": -0.145501,
            "pseudo_val_nll": 0.145501,
            "pseudo_val_agreement": 97.819
          },
          {
            "alpha": 0.75,
            "pseudo_val_score": -0.159423,
            "pseudo_val_nll": 0.159423,
            "pseudo_val_agreement": 97.408
          },
          {
            "alpha": 1.0,
            "pseudo_val_score": -0.172314,
            "pseudo_val_nll": 0.172314,
            "pseudo_val_agreement": 96.997
          }
        ],
        "split": {
          "novel_gated_query_count": 1085,
          "validation_count": 3164,
          "novel_validation_count": 328,
          "base_validation_count": 2836,
          "updated_class_count": 39,
          "per_class_counts": {
            "100": 18,
            "101": 16,
            "102": 21,
            "103": 30,
            "104": 0,
            "105": 30,
            "106": 13,
            "107": 22,
            "108": 27,
            "109": 30,
            "110": 27,
            "111": 32,
            "112": 27,
            "113": 32,
            "114": 31,
            "115": 24,
            "116": 32,
            "117": 45,
            "118": 13,
            "119": 28,
            "120": 34,
            "121": 29,
            "122": 32,
            "123": 36,
            "124": 29,
            "125": 21,
            "126": 37,
            "127": 24,
            "128": 40,
            "129": 19,
            "130": 18,
            "131": 39,
            "132": 26,
            "133": 29,
            "134": 27,
            "135": 29,
            "136": 30,
            "137": 29,
            "138": 29,
            "139": 30
          },
          "per_class_update_counts": {
            "100": 13,
            "101": 11,
            "102": 15,
            "103": 21,
            "104": 0,
            "105": 21,
            "106": 9,
            "107": 15,
            "108": 19,
            "109": 21,
            "110": 19,
            "111": 22,
            "112": 19,
            "113": 22,
            "114": 22,
            "115": 17,
            "116": 22,
            "117": 31,
            "118": 9,
            "119": 20,
            "120": 24,
            "121": 20,
            "122": 22,
            "123": 25,
            "124": 20,
            "125": 15,
            "126": 26,
            "127": 17,
            "128": 28,
            "129": 13,
            "130": 13,
            "131": 27,
            "132": 18,
            "133": 20,
            "134": 19,
            "135": 20,
            "136": 21,
            "137": 20,
            "138": 20,
            "139": 21
          },
          "per_class_validation_counts": {
            "100": 5,
            "101": 5,
            "102": 6,
            "103": 9,
            "104": 0,
            "105": 9,
            "106": 4,
            "107": 7,
            "108": 8,
            "109": 9,
            "110": 8,
            "111": 10,
            "112": 8,
            "113": 10,
            "114": 9,
            "115": 7,
            "116": 10,
            "117": 14,
            "118": 4,
            "119": 8,
            "120": 10,
            "121": 9,
            "122": 10,
            "123": 11,
            "124": 9,
            "125": 6,
            "126": 11,
            "127": 7,
            "128": 12,
            "129": 6,
            "130": 5,
            "131": 12,
            "132": 8,
            "133": 9,
            "134": 8,
            "135": 9,
            "136": 9,
            "137": 9,
            "138": 9,
            "139": 9
          }
        }
      }
    },
    {
      "session": 5,
      "num_seen_classes": 150,
      "baseline_full_acc": 84.166,
      "baseline_base_acc": 88.094,
      "baseline_novel_acc": 76.471,
      "selected_alpha": 0.5,
      "final_full_acc": 84.836,
      "final_base_acc": 88.024,
      "final_novel_acc": 78.591,
      "final_gain": 0.67,
      "updated_class_count": 49,
      "gated_query_count": 1384,
      "gated_base_count": 8,
      "gated_novel_count": 1376,
      "alpha_selection": {
        "mode": "pseudo_validation",
        "fallback_used": false,
        "selected_alpha": 0.5,
        "candidates": [
          {
            "alpha": 0.5,
            "pseudo_val_score": -0.165472,
            "pseudo_val_nll": 0.165472,
            "pseudo_val_agreement": 97.14
          },
          {
            "alpha": 0.75,
            "pseudo_val_score": -0.184805,
            "pseudo_val_nll": 0.184805,
            "pseudo_val_agreement": 96.679
          },
          {
            "alpha": 1.0,
            "pseudo_val_score": -0.203876,
            "pseudo_val_nll": 0.203876,
            "pseudo_val_agreement": 96.156
          }
        ],
        "split": {
          "novel_gated_query_count": 1384,
          "validation_count": 3252,
          "novel_validation_count": 418,
          "base_validation_count": 2834,
          "updated_class_count": 49,
          "per_class_counts": {
            "100": 18,
            "101": 16,
            "102": 21,
            "103": 30,
            "104": 0,
            "105": 30,
            "106": 13,
            "107": 22,
            "108": 27,
            "109": 30,
            "110": 27,
            "111": 32,
            "112": 27,
            "113": 32,
            "114": 31,
            "115": 24,
            "116": 32,
            "117": 45,
            "118": 13,
            "119": 28,
            "120": 34,
            "121": 29,
            "122": 32,
            "123": 36,
            "124": 29,
            "125": 21,
            "126": 37,
            "127": 24,
            "128": 40,
            "129": 19,
            "130": 18,
            "131": 39,
            "132": 26,
            "133": 29,
            "134": 27,
            "135": 29,
            "136": 30,
            "137": 29,
            "138": 29,
            "139": 30,
            "140": 30,
            "141": 18,
            "142": 25,
            "143": 43,
            "144": 33,
            "145": 23,
            "146": 38,
            "147": 30,
            "148": 30,
            "149": 29
          },
          "per_class_update_counts": {
            "100": 13,
            "101": 11,
            "102": 15,
            "103": 21,
            "104": 0,
            "105": 21,
            "106": 9,
            "107": 15,
            "108": 19,
            "109": 21,
            "110": 19,
            "111": 22,
            "112": 19,
            "113": 22,
            "114": 22,
            "115": 17,
            "116": 22,
            "117": 31,
            "118": 9,
            "119": 20,
            "120": 24,
            "121": 20,
            "122": 22,
            "123": 25,
            "124": 20,
            "125": 15,
            "126": 26,
            "127": 17,
            "128": 28,
            "129": 13,
            "130": 13,
            "131": 27,
            "132": 18,
            "133": 20,
            "134": 19,
            "135": 20,
            "136": 21,
            "137": 20,
            "138": 20,
            "139": 21,
            "140": 21,
            "141": 13,
            "142": 17,
            "143": 30,
            "144": 23,
            "145": 16,
            "146": 27,
            "147": 21,
            "148": 21,
            "149": 20
          },
          "per_class_validation_counts": {
            "100": 5,
            "101": 5,
            "102": 6,
            "103": 9,
            "104": 0,
            "105": 9,
            "106": 4,
            "107": 7,
            "108": 8,
            "109": 9,
            "110": 8,
            "111": 10,
            "112": 8,
            "113": 10,
            "114": 9,
            "115": 7,
            "116": 10,
            "117": 14,
            "118": 4,
            "119": 8,
            "120": 10,
            "121": 9,
            "122": 10,
            "123": 11,
            "124": 9,
            "125": 6,
            "126": 11,
            "127": 7,
            "128": 12,
            "129": 6,
            "130": 5,
            "131": 12,
            "132": 8,
            "133": 9,
            "134": 8,
            "135": 9,
            "136": 9,
            "137": 9,
            "138": 9,
            "139": 9,
            "140": 9,
            "141": 5,
            "142": 8,
            "143": 13,
            "144": 10,
            "145": 7,
            "146": 11,
            "147": 9,
            "148": 9,
            "149": 9
          }
        }
      }
    },
    {
      "session": 6,
      "num_seen_classes": 160,
      "baseline_full_acc": 84.655,
      "baseline_base_acc": 87.954,
      "baseline_novel_acc": 79.257,
      "selected_alpha": 0.5,
      "final_full_acc": 85.241,
      "final_base_acc": 87.884,
      "final_novel_acc": 80.914,
      "final_gain": 0.585,
      "updated_class_count": 59,
      "gated_query_count": 1677,
      "gated_base_count": 13,
      "gated_novel_count": 1664,
      "alpha_selection": {
        "mode": "pseudo_validation",
        "fallback_used": false,
        "selected_alpha": 0.5,
        "candidates": [
          {
            "alpha": 0.5,
            "pseudo_val_score": -0.177802,
            "pseudo_val_nll": 0.177802,
            "pseudo_val_agreement": 96.912
          },
          {
            "alpha": 0.75,
            "pseudo_val_score": -0.200054,
            "pseudo_val_nll": 0.200054,
            "pseudo_val_agreement": 96.403
          },
          {
            "alpha": 1.0,
            "pseudo_val_score": -0.221793,
            "pseudo_val_nll": 0.221793,
            "pseudo_val_agreement": 95.743
          }
        ],
        "split": {
          "novel_gated_query_count": 1677,
          "validation_count": 3336,
          "novel_validation_count": 504,
          "base_validation_count": 2832,
          "updated_class_count": 59,
          "per_class_counts": {
            "100": 18,
            "101": 16,
            "102": 21,
            "103": 30,
            "104": 0,
            "105": 30,
            "106": 13,
            "107": 22,
            "108": 27,
            "109": 30,
            "110": 27,
            "111": 32,
            "112": 27,
            "113": 31,
            "114": 31,
            "115": 24,
            "116": 32,
            "117": 45,
            "118": 13,
            "119": 28,
            "120": 34,
            "121": 29,
            "122": 32,
            "123": 36,
            "124": 29,
            "125": 21,
            "126": 37,
            "127": 24,
            "128": 40,
            "129": 19,
            "130": 18,
            "131": 39,
            "132": 26,
            "133": 29,
            "134": 27,
            "135": 29,
            "136": 30,
            "137": 29,
            "138": 29,
            "139": 30,
            "140": 30,
            "141": 18,
            "142": 25,
            "143": 43,
            "144": 33,
            "145": 23,
            "146": 38,
            "147": 30,
            "148": 30,
            "149": 29,
            "150": 20,
            "151": 30,
            "152": 31,
            "153": 28,
            "154": 31,
            "155": 33,
            "156": 31,
            "157": 30,
            "158": 30,
            "159": 30
          },
          "per_class_update_counts": {
            "100": 13,
            "101": 11,
            "102": 15,
            "103": 21,
            "104": 0,
            "105": 21,
            "106": 9,
            "107": 15,
            "108": 19,
            "109": 21,
            "110": 19,
            "111": 22,
            "112": 19,
            "113": 22,
            "114": 22,
            "115": 17,
            "116": 22,
            "117": 31,
            "118": 9,
            "119": 20,
            "120": 24,
            "121": 20,
            "122": 22,
            "123": 25,
            "124": 20,
            "125": 15,
            "126": 26,
            "127": 17,
            "128": 28,
            "129": 13,
            "130": 13,
            "131": 27,
            "132": 18,
            "133": 20,
            "134": 19,
            "135": 20,
            "136": 21,
            "137": 20,
            "138": 20,
            "139": 21,
            "140": 21,
            "141": 13,
            "142": 17,
            "143": 30,
            "144": 23,
            "145": 16,
            "146": 27,
            "147": 21,
            "148": 21,
            "149": 20,
            "150": 14,
            "151": 21,
            "152": 22,
            "153": 20,
            "154": 22,
            "155": 23,
            "156": 22,
            "157": 21,
            "158": 21,
            "159": 21
          },
          "per_class_validation_counts": {
            "100": 5,
            "101": 5,
            "102": 6,
            "103": 9,
            "104": 0,
            "105": 9,
            "106": 4,
            "107": 7,
            "108": 8,
            "109": 9,
            "110": 8,
            "111": 10,
            "112": 8,
            "113": 9,
            "114": 9,
            "115": 7,
            "116": 10,
            "117": 14,
            "118": 4,
            "119": 8,
            "120": 10,
            "121": 9,
            "122": 10,
            "123": 11,
            "124": 9,
            "125": 6,
            "126": 11,
            "127": 7,
            "128": 12,
            "129": 6,
            "130": 5,
            "131": 12,
            "132": 8,
            "133": 9,
            "134": 8,
            "135": 9,
            "136": 9,
            "137": 9,
            "138": 9,
            "139": 9,
            "140": 9,
            "141": 5,
            "142": 8,
            "143": 13,
            "144": 10,
            "145": 7,
            "146": 11,
            "147": 9,
            "148": 9,
            "149": 9,
            "150": 6,
            "151": 9,
            "152": 9,
            "153": 8,
            "154": 9,
            "155": 10,
            "156": 9,
            "157": 9,
            "158": 9,
            "159": 9
          }
        }
      }
    },
    {
      "session": 7,
      "num_seen_classes": 170,
      "baseline_full_acc": 85.237,
      "baseline_base_acc": 87.884,
      "baseline_novel_acc": 81.534,
      "selected_alpha": 0.5,
      "final_full_acc": 85.746,
      "final_base_acc": 87.814,
      "final_novel_acc": 82.853,
      "final_gain": 0.509,
      "updated_class_count": 69,
      "gated_query_count": 1977,
      "gated_base_count": 15,
      "gated_novel_count": 1962,
      "alpha_selection": {
        "mode": "pseudo_validation",
        "fallback_used": false,
        "selected_alpha": 0.5,
        "candidates": [
          {
            "alpha": 0.5,
            "pseudo_val_score": -0.184216,
            "pseudo_val_nll": 0.184216,
            "pseudo_val_agreement": 96.755
          },
          {
            "alpha": 0.75,
            "pseudo_val_score": -0.208595,
            "pseudo_val_nll": 0.208595,
            "pseudo_val_agreement": 96.171
          },
          {
            "alpha": 1.0,
            "pseudo_val_score": -0.232723,
            "pseudo_val_nll": 0.232723,
            "pseudo_val_agreement": 95.528
          }
        ],
        "split": {
          "novel_gated_query_count": 1977,
          "validation_count": 3421,
          "novel_validation_count": 593,
          "base_validation_count": 2828,
          "updated_class_count": 69,
          "per_class_counts": {
            "100": 18,
            "101": 16,
            "102": 21,
            "103": 30,
            "104": 0,
            "105": 30,
            "106": 13,
            "107": 22,
            "108": 27,
            "109": 30,
            "110": 27,
            "111": 32,
            "112": 27,
            "113": 31,
            "114": 31,
            "115": 24,
            "116": 32,
            "117": 45,
            "118": 13,
            "119": 28,
            "120": 34,
            "121": 29,
            "122": 32,
            "123": 36,
            "124": 29,
            "125": 21,
            "126": 37,
            "127": 24,
            "128": 40,
            "129": 19,
            "130": 18,
            "131": 39,
            "132": 26,
            "133": 29,
            "134": 27,
            "135": 29,
            "136": 30,
            "137": 29,
            "138": 29,
            "139": 30,
            "140": 30,
            "141": 18,
            "142": 25,
            "143": 43,
            "144": 33,
            "145": 23,
            "146": 38,
            "147": 30,
            "148": 30,
            "149": 29,
            "150": 20,
            "151": 30,
            "152": 34,
            "153": 29,
            "154": 31,
            "155": 37,
            "156": 30,
            "157": 31,
            "158": 30,
            "159": 30,
            "160": 31,
            "161": 31,
            "162": 32,
            "163": 30,
            "164": 27,
            "165": 28,
            "166": 28,
            "167": 30,
            "168": 28,
            "169": 27
          },
          "per_class_update_counts": {
            "100": 13,
            "101": 11,
            "102": 15,
            "103": 21,
            "104": 0,
            "105": 21,
            "106": 9,
            "107": 15,
            "108": 19,
            "109": 21,
            "110": 19,
            "111": 22,
            "112": 19,
            "113": 22,
            "114": 22,
            "115": 17,
            "116": 22,
            "117": 31,
            "118": 9,
            "119": 20,
            "120": 24,
            "121": 20,
            "122": 22,
            "123": 25,
            "124": 20,
            "125": 15,
            "126": 26,
            "127": 17,
            "128": 28,
            "129": 13,
            "130": 13,
            "131": 27,
            "132": 18,
            "133": 20,
            "134": 19,
            "135": 20,
            "136": 21,
            "137": 20,
            "138": 20,
            "139": 21,
            "140": 21,
            "141": 13,
            "142": 17,
            "143": 30,
            "144": 23,
            "145": 16,
            "146": 27,
            "147": 21,
            "148": 21,
            "149": 20,
            "150": 14,
            "151": 21,
            "152": 24,
            "153": 20,
            "154": 22,
            "155": 26,
            "156": 21,
            "157": 22,
            "158": 21,
            "159": 21,
            "160": 22,
            "161": 22,
            "162": 22,
            "163": 21,
            "164": 19,
            "165": 20,
            "166": 20,
            "167": 21,
            "168": 20,
            "169": 19
          },
          "per_class_validation_counts": {
            "100": 5,
            "101": 5,
            "102": 6,
            "103": 9,
            "104": 0,
            "105": 9,
            "106": 4,
            "107": 7,
            "108": 8,
            "109": 9,
            "110": 8,
            "111": 10,
            "112": 8,
            "113": 9,
            "114": 9,
            "115": 7,
            "116": 10,
            "117": 14,
            "118": 4,
            "119": 8,
            "120": 10,
            "121": 9,
            "122": 10,
            "123": 11,
            "124": 9,
            "125": 6,
            "126": 11,
            "127": 7,
            "128": 12,
            "129": 6,
            "130": 5,
            "131": 12,
            "132": 8,
            "133": 9,
            "134": 8,
            "135": 9,
            "136": 9,
            "137": 9,
            "138": 9,
            "139": 9,
            "140": 9,
            "141": 5,
            "142": 8,
            "143": 13,
            "144": 10,
            "145": 7,
            "146": 11,
            "147": 9,
            "148": 9,
            "149": 9,
            "150": 6,
            "151": 9,
            "152": 10,
            "153": 9,
            "154": 9,
            "155": 11,
            "156": 9,
            "157": 9,
            "158": 9,
            "159": 9,
            "160": 9,
            "161": 9,
            "162": 10,
            "163": 9,
            "164": 8,
            "165": 8,
            "166": 8,
            "167": 9,
            "168": 8,
            "169": 8
          }
        }
      }
    },
    {
      "session": 8,
      "num_seen_classes": 180,
      "baseline_full_acc": 84.902,
      "baseline_base_acc": 87.954,
      "baseline_novel_acc": 81.17,
      "selected_alpha": 0.5,
      "final_full_acc": 85.536,
      "final_base_acc": 87.884,
      "final_novel_acc": 82.664,
      "final_gain": 0.634,
      "updated_class_count": 79,
      "gated_query_count": 2270,
      "gated_base_count": 17,
      "gated_novel_count": 2253,
      "alpha_selection": {
        "mode": "pseudo_validation",
        "fallback_used": false,
        "selected_alpha": 0.5,
        "candidates": [
          {
            "alpha": 0.5,
            "pseudo_val_score": -0.191156,
            "pseudo_val_nll": 0.191156,
            "pseudo_val_agreement": 96.579
          },
          {
            "alpha": 0.75,
            "pseudo_val_score": -0.215871,
            "pseudo_val_nll": 0.215871,
            "pseudo_val_agreement": 95.781
          },
          {
            "alpha": 1.0,
            "pseudo_val_score": -0.242228,
            "pseudo_val_nll": 0.242228,
            "pseudo_val_agreement": 95.154
          }
        ],
        "split": {
          "novel_gated_query_count": 2270,
          "validation_count": 3508,
          "novel_validation_count": 683,
          "base_validation_count": 2825,
          "updated_class_count": 79,
          "per_class_counts": {
            "100": 18,
            "101": 16,
            "102": 21,
            "103": 30,
            "104": 0,
            "105": 30,
            "106": 13,
            "107": 22,
            "108": 28,
            "109": 30,
            "110": 27,
            "111": 32,
            "112": 27,
            "113": 31,
            "114": 31,
            "115": 24,
            "116": 32,
            "117": 45,
            "118": 14,
            "119": 28,
            "120": 34,
            "121": 29,
            "122": 32,
            "123": 36,
            "124": 29,
            "125": 21,
            "126": 37,
            "127": 24,
            "128": 40,
            "129": 19,
            "130": 18,
            "131": 39,
            "132": 26,
            "133": 29,
            "134": 27,
            "135": 29,
            "136": 30,
            "137": 29,
            "138": 29,
            "139": 30,
            "140": 30,
            "141": 18,
            "142": 25,
            "143": 43,
            "144": 33,
            "145": 23,
            "146": 38,
            "147": 29,
            "148": 29,
            "149": 29,
            "150": 20,
            "151": 31,
            "152": 33,
            "153": 30,
            "154": 33,
            "155": 37,
            "156": 26,
            "157": 28,
            "158": 30,
            "159": 29,
            "160": 27,
            "161": 28,
            "162": 30,
            "163": 29,
            "164": 27,
            "165": 28,
            "166": 21,
            "167": 30,
            "168": 24,
            "169": 27,
            "170": 29,
            "171": 37,
            "172": 37,
            "173": 30,
            "174": 42,
            "175": 36,
            "176": 33,
            "177": 26,
            "178": 13,
            "179": 36
          },
          "per_class_update_counts": {
            "100": 13,
            "101": 11,
            "102": 15,
            "103": 21,
            "104": 0,
            "105": 21,
            "106": 9,
            "107": 15,
            "108": 20,
            "109": 21,
            "110": 19,
            "111": 22,
            "112": 19,
            "113": 22,
            "114": 22,
            "115": 17,
            "116": 22,
            "117": 31,
            "118": 10,
            "119": 20,
            "120": 24,
            "121": 20,
            "122": 22,
            "123": 25,
            "124": 20,
            "125": 15,
            "126": 26,
            "127": 17,
            "128": 28,
            "129": 13,
            "130": 13,
            "131": 27,
            "132": 18,
            "133": 20,
            "134": 19,
            "135": 20,
            "136": 21,
            "137": 20,
            "138": 20,
            "139": 21,
            "140": 21,
            "141": 13,
            "142": 17,
            "143": 30,
            "144": 23,
            "145": 16,
            "146": 27,
            "147": 20,
            "148": 20,
            "149": 20,
            "150": 14,
            "151": 22,
            "152": 23,
            "153": 21,
            "154": 23,
            "155": 26,
            "156": 18,
            "157": 20,
            "158": 21,
            "159": 20,
            "160": 19,
            "161": 20,
            "162": 21,
            "163": 20,
            "164": 19,
            "165": 20,
            "166": 15,
            "167": 21,
            "168": 17,
            "169": 19,
            "170": 20,
            "171": 26,
            "172": 26,
            "173": 21,
            "174": 29,
            "175": 25,
            "176": 23,
            "177": 18,
            "178": 9,
            "179": 25
          },
          "per_class_validation_counts": {
            "100": 5,
            "101": 5,
            "102": 6,
            "103": 9,
            "104": 0,
            "105": 9,
            "106": 4,
            "107": 7,
            "108": 8,
            "109": 9,
            "110": 8,
            "111": 10,
            "112": 8,
            "113": 9,
            "114": 9,
            "115": 7,
            "116": 10,
            "117": 14,
            "118": 4,
            "119": 8,
            "120": 10,
            "121": 9,
            "122": 10,
            "123": 11,
            "124": 9,
            "125": 6,
            "126": 11,
            "127": 7,
            "128": 12,
            "129": 6,
            "130": 5,
            "131": 12,
            "132": 8,
            "133": 9,
            "134": 8,
            "135": 9,
            "136": 9,
            "137": 9,
            "138": 9,
            "139": 9,
            "140": 9,
            "141": 5,
            "142": 8,
            "143": 13,
            "144": 10,
            "145": 7,
            "146": 11,
            "147": 9,
            "148": 9,
            "149": 9,
            "150": 6,
            "151": 9,
            "152": 10,
            "153": 9,
            "154": 10,
            "155": 11,
            "156": 8,
            "157": 8,
            "158": 9,
            "159": 9,
            "160": 8,
            "161": 8,
            "162": 9,
            "163": 9,
            "164": 8,
            "165": 8,
            "166": 6,
            "167": 9,
            "168": 7,
            "169": 8,
            "170": 9,
            "171": 11,
            "172": 11,
            "173": 9,
            "174": 13,
            "175": 11,
            "176": 10,
            "177": 8,
            "178": 4,
            "179": 11
          }
        }
      }
    },
    {
      "session": 9,
      "num_seen_classes": 190,
      "baseline_full_acc": 85.402,
      "baseline_base_acc": 87.954,
      "baseline_novel_acc": 82.624,
      "selected_alpha": 0.5,
      "final_full_acc": 86.021,
      "final_base_acc": 87.884,
      "final_novel_acc": 83.992,
      "final_gain": 0.619,
      "updated_class_count": 89,
      "gated_query_count": 2558,
      "gated_base_count": 17,
      "gated_novel_count": 2541,
      "alpha_selection": {
        "mode": "pseudo_validation",
        "fallback_used": false,
        "selected_alpha": 0.5,
        "candidates": [
          {
            "alpha": 0.5,
            "pseudo_val_score": -0.198209,
            "pseudo_val_nll": 0.198209,
            "pseudo_val_agreement": 96.414
          },
          {
            "alpha": 0.75,
            "pseudo_val_score": -0.223142,
            "pseudo_val_nll": 0.223142,
            "pseudo_val_agreement": 95.691
          },
          {
            "alpha": 1.0,
            "pseudo_val_score": -0.249121,
            "pseudo_val_nll": 0.249121,
            "pseudo_val_agreement": 95.051
          }
        ],
        "split": {
          "novel_gated_query_count": 2558,
          "validation_count": 3597,
          "novel_validation_count": 769,
          "base_validation_count": 2828,
          "updated_class_count": 89,
          "per_class_counts": {
            "100": 18,
            "101": 16,
            "102": 21,
            "103": 30,
            "104": 0,
            "105": 30,
            "106": 13,
            "107": 22,
            "108": 28,
            "109": 30,
            "110": 27,
            "111": 32,
            "112": 27,
            "113": 31,
            "114": 31,
            "115": 24,
            "116": 32,
            "117": 45,
            "118": 13,
            "119": 28,
            "120": 34,
            "121": 29,
            "122": 32,
            "123": 36,
            "124": 29,
            "125": 21,
            "126": 37,
            "127": 24,
            "128": 40,
            "129": 19,
            "130": 18,
            "131": 39,
            "132": 26,
            "133": 29,
            "134": 27,
            "135": 29,
            "136": 30,
            "137": 29,
            "138": 29,
            "139": 30,
            "140": 30,
            "141": 18,
            "142": 25,
            "143": 43,
            "144": 33,
            "145": 23,
            "146": 38,
            "147": 29,
            "148": 29,
            "149": 29,
            "150": 20,
            "151": 31,
            "152": 33,
            "153": 30,
            "154": 33,
            "155": 37,
            "156": 26,
            "157": 28,
            "158": 30,
            "159": 29,
            "160": 27,
            "161": 28,
            "162": 30,
            "163": 29,
            "164": 27,
            "165": 28,
            "166": 21,
            "167": 30,
            "168": 24,
            "169": 27,
            "170": 29,
            "171": 37,
            "172": 37,
            "173": 30,
            "174": 43,
            "175": 36,
            "176": 33,
            "177": 27,
            "178": 13,
            "179": 40,
            "180": 29,
            "181": 25,
            "182": 37,
            "183": 23,
            "184": 29,
            "185": 31,
            "186": 21,
            "187": 30,
            "188": 30,
            "189": 28
          },
          "per_class_update_counts": {
            "100": 13,
            "101": 11,
            "102": 15,
            "103": 21,
            "104": 0,
            "105": 21,
            "106": 9,
            "107": 15,
            "108": 20,
            "109": 21,
            "110": 19,
            "111": 22,
            "112": 19,
            "113": 22,
            "114": 22,
            "115": 17,
            "116": 22,
            "117": 31,
            "118": 9,
            "119": 20,
            "120": 24,
            "121": 20,
            "122": 22,
            "123": 25,
            "124": 20,
            "125": 15,
            "126": 26,
            "127": 17,
            "128": 28,
            "129": 13,
            "130": 13,
            "131": 27,
            "132": 18,
            "133": 20,
            "134": 19,
            "135": 20,
            "136": 21,
            "137": 20,
            "138": 20,
            "139": 21,
            "140": 21,
            "141": 13,
            "142": 17,
            "143": 30,
            "144": 23,
            "145": 16,
            "146": 27,
            "147": 20,
            "148": 20,
            "149": 20,
            "150": 14,
            "151": 22,
            "152": 23,
            "153": 21,
            "154": 23,
            "155": 26,
            "156": 18,
            "157": 20,
            "158": 21,
            "159": 20,
            "160": 19,
            "161": 20,
            "162": 21,
            "163": 20,
            "164": 19,
            "165": 20,
            "166": 15,
            "167": 21,
            "168": 17,
            "169": 19,
            "170": 20,
            "171": 26,
            "172": 26,
            "173": 21,
            "174": 30,
            "175": 25,
            "176": 23,
            "177": 19,
            "178": 9,
            "179": 28,
            "180": 20,
            "181": 17,
            "182": 26,
            "183": 16,
            "184": 20,
            "185": 22,
            "186": 15,
            "187": 21,
            "188": 21,
            "189": 20
          },
          "per_class_validation_counts": {
            "100": 5,
            "101": 5,
            "102": 6,
            "103": 9,
            "104": 0,
            "105": 9,
            "106": 4,
            "107": 7,
            "108": 8,
            "109": 9,
            "110": 8,
            "111": 10,
            "112": 8,
            "113": 9,
            "114": 9,
            "115": 7,
            "116": 10,
            "117": 14,
            "118": 4,
            "119": 8,
            "120": 10,
            "121": 9,
            "122": 10,
            "123": 11,
            "124": 9,
            "125": 6,
            "126": 11,
            "127": 7,
            "128": 12,
            "129": 6,
            "130": 5,
            "131": 12,
            "132": 8,
            "133": 9,
            "134": 8,
            "135": 9,
            "136": 9,
            "137": 9,
            "138": 9,
            "139": 9,
            "140": 9,
            "141": 5,
            "142": 8,
            "143": 13,
            "144": 10,
            "145": 7,
            "146": 11,
            "147": 9,
            "148": 9,
            "149": 9,
            "150": 6,
            "151": 9,
            "152": 10,
            "153": 9,
            "154": 10,
            "155": 11,
            "156": 8,
            "157": 8,
            "158": 9,
            "159": 9,
            "160": 8,
            "161": 8,
            "162": 9,
            "163": 9,
            "164": 8,
            "165": 8,
            "166": 6,
            "167": 9,
            "168": 7,
            "169": 8,
            "170": 9,
            "171": 11,
            "172": 11,
            "173": 9,
            "174": 13,
            "175": 11,
            "176": 10,
            "177": 8,
            "178": 4,
            "179": 12,
            "180": 9,
            "181": 8,
            "182": 11,
            "183": 7,
            "184": 9,
            "185": 9,
            "186": 6,
            "187": 9,
            "188": 9,
            "189": 8
          }
        }
      }
    },
    {
      "session": 10,
      "num_seen_classes": 200,
      "baseline_full_acc": 85.52,
      "baseline_base_acc": 87.849,
      "baseline_novel_acc": 83.242,
      "selected_alpha": 0.5,
      "final_full_acc": 86.193,
      "final_base_acc": 87.779,
      "final_novel_acc": 84.642,
      "final_gain": 0.673,
      "updated_class_count": 99,
      "gated_query_count": 2857,
      "gated_base_count": 17,
      "gated_novel_count": 2840,
      "alpha_selection": {
        "mode": "pseudo_validation",
        "fallback_used": false,
        "selected_alpha": 0.5,
        "candidates": [
          {
            "alpha": 0.5,
            "pseudo_val_score": -0.205413,
            "pseudo_val_nll": 0.205413,
            "pseudo_val_agreement": 96.23
          },
          {
            "alpha": 0.75,
            "pseudo_val_score": -0.231414,
            "pseudo_val_nll": 0.231414,
            "pseudo_val_agreement": 95.443
          },
          {
            "alpha": 1.0,
            "pseudo_val_score": -0.258738,
            "pseudo_val_nll": 0.258738,
            "pseudo_val_agreement": 94.657
          }
        ],
        "split": {
          "novel_gated_query_count": 2857,
          "validation_count": 3687,
          "novel_validation_count": 857,
          "base_validation_count": 2830,
          "updated_class_count": 99,
          "per_class_counts": {
            "100": 18,
            "101": 16,
            "102": 21,
            "103": 30,
            "104": 0,
            "105": 30,
            "106": 13,
            "107": 22,
            "108": 28,
            "109": 30,
            "110": 27,
            "111": 32,
            "112": 27,
            "113": 31,
            "114": 31,
            "115": 24,
            "116": 32,
            "117": 45,
            "118": 14,
            "119": 28,
            "120": 34,
            "121": 29,
            "122": 32,
            "123": 36,
            "124": 29,
            "125": 21,
            "126": 37,
            "127": 24,
            "128": 41,
            "129": 19,
            "130": 18,
            "131": 39,
            "132": 26,
            "133": 29,
            "134": 27,
            "135": 29,
            "136": 30,
            "137": 29,
            "138": 29,
            "139": 30,
            "140": 30,
            "141": 18,
            "142": 25,
            "143": 43,
            "144": 33,
            "145": 23,
            "146": 38,
            "147": 29,
            "148": 29,
            "149": 28,
            "150": 20,
            "151": 31,
            "152": 33,
            "153": 30,
            "154": 33,
            "155": 37,
            "156": 26,
            "157": 28,
            "158": 30,
            "159": 29,
            "160": 27,
            "161": 28,
            "162": 30,
            "163": 29,
            "164": 27,
            "165": 28,
            "166": 21,
            "167": 28,
            "168": 24,
            "169": 27,
            "170": 29,
            "171": 37,
            "172": 38,
            "173": 30,
            "174": 43,
            "175": 36,
            "176": 33,
            "177": 26,
            "178": 13,
            "179": 40,
            "180": 28,
            "181": 25,
            "182": 37,
            "183": 23,
            "184": 29,
            "185": 31,
            "186": 20,
            "187": 30,
            "188": 33,
            "189": 25,
            "190": 27,
            "191": 34,
            "192": 27,
            "193": 30,
            "194": 40,
            "195": 35,
            "196": 27,
            "197": 29,
            "198": 21,
            "199": 32
          },
          "per_class_update_counts": {
            "100": 13,
            "101": 11,
            "102": 15,
            "103": 21,
            "104": 0,
            "105": 21,
            "106": 9,
            "107": 15,
            "108": 20,
            "109": 21,
            "110": 19,
            "111": 22,
            "112": 19,
            "113": 22,
            "114": 22,
            "115": 17,
            "116": 22,
            "117": 31,
            "118": 10,
            "119": 20,
            "120": 24,
            "121": 20,
            "122": 22,
            "123": 25,
            "124": 20,
            "125": 15,
            "126": 26,
            "127": 17,
            "128": 29,
            "129": 13,
            "130": 13,
            "131": 27,
            "132": 18,
            "133": 20,
            "134": 19,
            "135": 20,
            "136": 21,
            "137": 20,
            "138": 20,
            "139": 21,
            "140": 21,
            "141": 13,
            "142": 17,
            "143": 30,
            "144": 23,
            "145": 16,
            "146": 27,
            "147": 20,
            "148": 20,
            "149": 20,
            "150": 14,
            "151": 22,
            "152": 23,
            "153": 21,
            "154": 23,
            "155": 26,
            "156": 18,
            "157": 20,
            "158": 21,
            "159": 20,
            "160": 19,
            "161": 20,
            "162": 21,
            "163": 20,
            "164": 19,
            "165": 20,
            "166": 15,
            "167": 20,
            "168": 17,
            "169": 19,
            "170": 20,
            "171": 26,
            "172": 27,
            "173": 21,
            "174": 30,
            "175": 25,
            "176": 23,
            "177": 18,
            "178": 9,
            "179": 28,
            "180": 20,
            "181": 17,
            "182": 26,
            "183": 16,
            "184": 20,
            "185": 22,
            "186": 14,
            "187": 21,
            "188": 23,
            "189": 17,
            "190": 19,
            "191": 24,
            "192": 19,
            "193": 21,
            "194": 28,
            "195": 25,
            "196": 19,
            "197": 20,
            "198": 15,
            "199": 22
          },
          "per_class_validation_counts": {
            "100": 5,
            "101": 5,
            "102": 6,
            "103": 9,
            "104": 0,
            "105": 9,
            "106": 4,
            "107": 7,
            "108": 8,
            "109": 9,
            "110": 8,
            "111": 10,
            "112": 8,
            "113": 9,
            "114": 9,
            "115": 7,
            "116": 10,
            "117": 14,
            "118": 4,
            "119": 8,
            "120": 10,
            "121": 9,
            "122": 10,
            "123": 11,
            "124": 9,
            "125": 6,
            "126": 11,
            "127": 7,
            "128": 12,
            "129": 6,
            "130": 5,
            "131": 12,
            "132": 8,
            "133": 9,
            "134": 8,
            "135": 9,
            "136": 9,
            "137": 9,
            "138": 9,
            "139": 9,
            "140": 9,
            "141": 5,
            "142": 8,
            "143": 13,
            "144": 10,
            "145": 7,
            "146": 11,
            "147": 9,
            "148": 9,
            "149": 8,
            "150": 6,
            "151": 9,
            "152": 10,
            "153": 9,
            "154": 10,
            "155": 11,
            "156": 8,
            "157": 8,
            "158": 9,
            "159": 9,
            "160": 8,
            "161": 8,
            "162": 9,
            "163": 9,
            "164": 8,
            "165": 8,
            "166": 6,
            "167": 8,
            "168": 7,
            "169": 8,
            "170": 9,
            "171": 11,
            "172": 11,
            "173": 9,
            "174": 13,
            "175": 11,
            "176": 10,
            "177": 8,
            "178": 4,
            "179": 12,
            "180": 8,
            "181": 8,
            "182": 11,
            "183": 7,
            "184": 9,
            "185": 9,
            "186": 6,
            "187": 9,
            "188": 10,
            "189": 8,
            "190": 8,
            "191": 10,
            "192": 8,
            "193": 9,
            "194": 12,
            "195": 10,
            "196": 8,
            "197": 9,
            "198": 6,
            "199": 10
          }
        }
      }
    }
  ]
}
