/media/ndag/newVolume/BiMC-test/models/clip/clip.py:23: UserWarning: PyTorch version 1.7.1 or higher is recommended
  warnings.warn("PyTorch version 1.7.1 or higher is recommended")
manual seed: 1
use gpu: ['0']
Loading CLIP (backbone: ViT-B/16)
Prompt template:['a photo of a {}.']
Loading DinoV2 ViT-B/14 from local hub: /home/ndag/.cache/torch/hub/facebookresearch_dinov2_main
/home/ndag/.cache/torch/hub/facebookresearch_dinov2_main/dinov2/layers/swiglu_ffn.py:51: UserWarning: xFormers is not available (SwiGLU)
  warnings.warn("xFormers is not available (SwiGLU)")
/home/ndag/.cache/torch/hub/facebookresearch_dinov2_main/dinov2/layers/attention.py:36: UserWarning: xFormers is not available (Attention)
  warnings.warn("xFormers is not available (Attention)")
/home/ndag/.cache/torch/hub/facebookresearch_dinov2_main/dinov2/layers/block.py:40: UserWarning: xFormers is not available (Block)
  warnings.warn("xFormers is not available (Block)")
Loading DinoV2 weights: /home/ndag/.cache/torch/hub/checkpoints/dinov2_vitb14_pretrain.pth
class names: ['house finch' 'robin' 'triceratops' 'green mamba' 'harvestman' 'toucan'
 'goose' 'jellyfish' 'nematode' 'king crab' 'dugong' 'Walker hound'
 'Ibizan hound' 'Saluki' 'golden retriever' 'Gordon setter' 'komondor'
 'boxer' 'Tibetan mastiff' 'French bulldog' 'malamute' 'dalmatian'
 'Newfoundland' 'miniature poodle' 'white wolf' 'African hunting dog'
 'Arctic fox' 'lion' 'meerkat' 'ladybug' 'rhinoceros beetle' 'ant'
 'black-footed ferret' 'three-toed sloth' 'rock beauty' 'aircraft carrier'
 'ashcan' 'barrel' 'beer bottle' 'bookshop' 'cannon' 'carousel' 'carton'
 'catamaran' 'chime' 'clog' 'cocktail shaker' 'combination lock' 'crate'
 'cuirass' 'dishrag' 'dome' 'electric guitar' 'file' 'fire screen'
 'frying pan' 'garbage truck' 'hair slide' 'holster' 'horizontal bar']
all targets:tensor([ 0,  1,  2,  3,  4,  5,  6,  7,  8,  9, 10, 11, 12, 13, 14, 15, 16, 17,
        18, 19, 20, 21, 22, 23, 24, 25, 26, 27, 28, 29, 30, 31, 32, 33, 34, 35,
        36, 37, 38, 39, 40, 41, 42, 43, 44, 45, 46, 47, 48, 49, 50, 51, 52, 53,
        54, 55, 56, 57, 58, 59], device='cuda:0')
dino all targets:tensor([ 0,  1,  2,  3,  4,  5,  6,  7,  8,  9, 10, 11, 12, 13, 14, 15, 16, 17,
        18, 19, 20, 21, 22, 23, 24, 25, 26, 27, 28, 29, 30, 31, 32, 33, 34, 35,
        36, 37, 38, 39, 40, 41, 42, 43, 44, 45, 46, 47, 48, 49, 50, 51, 52, 53,
        54, 55, 56, 57, 58, 59], device='cuda:0')
finish loading CLIP/DinoV2 covariance
class names: ['hourglass' 'iPod' 'lipstick' 'miniskirt' 'missile']
all targets:tensor([60, 61, 62, 63, 64], device='cuda:0')
dino all targets:tensor([60, 61, 62, 63, 64], device='cuda:0')
finish loading CLIP/DinoV2 covariance
class names: ['mixing bowl' 'oboe' 'organ' 'parallel bars' 'pencil box']
all targets:tensor([65, 66, 67, 68, 69], device='cuda:0')
dino all targets:tensor([65, 66, 67, 68, 69], device='cuda:0')
finish loading CLIP/DinoV2 covariance
class names: ['photocopier' 'poncho' 'prayer rug' 'reel' 'school bus']
all targets:tensor([70, 71, 72, 73, 74], device='cuda:0')
dino all targets:tensor([70, 71, 72, 73, 74], device='cuda:0')
finish loading CLIP/DinoV2 covariance
class names: ['scoreboard' 'slot' 'snorkel' 'solar dish' 'spider web']
all targets:tensor([75, 76, 77, 78, 79], device='cuda:0')
dino all targets:tensor([75, 76, 77, 78, 79], device='cuda:0')
finish loading CLIP/DinoV2 covariance
class names: ['stage' 'tank' 'theater curtain' 'tile roof' 'tobacco shop']
all targets:tensor([80, 81, 82, 83, 84], device='cuda:0')
dino all targets:tensor([80, 81, 82, 83, 84], device='cuda:0')
finish loading CLIP/DinoV2 covariance
class names: ['unicycle' 'upright' 'vase' 'wok' 'worm fence']
all targets:tensor([85, 86, 87, 88, 89], device='cuda:0')
dino all targets:tensor([85, 86, 87, 88, 89], device='cuda:0')
finish loading CLIP/DinoV2 covariance
class names: ['yawl' 'street sign' 'consomme' 'trifle' 'hotdog']
all targets:tensor([90, 91, 92, 93, 94], device='cuda:0')
dino all targets:tensor([90, 91, 92, 93, 94], device='cuda:0')
finish loading CLIP/DinoV2 covariance
class names: ['orange' 'cliff' 'coral reef' 'bolete' 'ear']
all targets:tensor([95, 96, 97, 98, 99], device='cuda:0')
dino all targets:tensor([95, 96, 97, 98, 99], device='cuda:0')
finish loading CLIP/DinoV2 covariance
session 0: baseline=97.100 final=97.100 gain=0.000
session 1: baseline=97.062 final=97.077 gain=0.015
session 2: baseline=95.557 final=95.757 gain=0.200
session 3: baseline=95.373 final=95.667 gain=0.293
session 4: baseline=95.413 final=95.713 gain=0.300
session 5: baseline=94.988 final=95.306 gain=0.318
session 6: baseline=93.978 final=94.467 gain=0.489
session 7: baseline=93.568 final=94.116 gain=0.547
session 8: baseline=93.470 final=94.000 gain=0.530
{
  "dataset": "miniimagenet",
  "seed": 1,
  "train_cfg": "experiments/bmvc_1256_20260508-124032/generated_configs/bimc_dino_fusion.yaml",
  "method": "sessionwise conservative query prototype refinement on bimc_dino_fusion with pseudo-validation alpha selection",
  "runtime_sec": 448.222,
  "alpha_grid": [
    0.5,
    0.75,
    1.0
  ],
  "alpha_selection": "pseudo_validation_no_test_labels",
  "mass_thr": 0.3,
  "min_count": 5,
  "val_fraction": 0.3,
  "base_val_conf_thr": 0.5,
  "base_val_max_per_class": 50,
  "fallback_alpha": 0.75,
  "topk_per_class": null,
  "baseline_acc_list": [
    97.1,
    97.062,
    95.557,
    95.373,
    95.413,
    94.988,
    93.978,
    93.568,
    93.47
  ],
  "final_acc_list": [
    97.1,
    97.077,
    95.757,
    95.667,
    95.713,
    95.306,
    94.467,
    94.116,
    94.0
  ],
  "gain_list": [
    0.0,
    0.015,
    0.2,
    0.293,
    0.3,
    0.318,
    0.489,
    0.547,
    0.53
  ],
  "baseline_avg": 95.168,
  "baseline_pd": 3.63,
  "final_avg": 95.467,
  "final_pd": 3.1,
  "gain_avg": 0.299,
  "session_results": [
    {
      "session": 0,
      "num_seen_classes": 60,
      "baseline_full_acc": 97.1,
      "baseline_base_acc": 97.1,
      "baseline_novel_acc": 0.0,
      "best_alpha": null,
      "final_full_acc": 97.1,
      "final_base_acc": 97.1,
      "final_novel_acc": 0.0,
      "final_gain": 0.0,
      "updated_class_count": 0,
      "gated_query_count": 0,
      "alpha_selection": {
        "mode": "not_applicable_base_session",
        "selected_alpha": null
      }
    },
    {
      "session": 1,
      "num_seen_classes": 65,
      "baseline_full_acc": 97.062,
      "baseline_base_acc": 97.133,
      "baseline_novel_acc": 96.2,
      "selected_alpha": 0.5,
      "final_full_acc": 97.077,
      "final_base_acc": 97.117,
      "final_novel_acc": 96.6,
      "final_gain": 0.015,
      "updated_class_count": 5,
      "gated_query_count": 485,
      "gated_base_count": 2,
      "gated_novel_count": 483,
      "alpha_selection": {
        "mode": "pseudo_validation",
        "fallback_used": false,
        "selected_alpha": 0.5,
        "candidates": [
          {
            "alpha": 0.5,
            "pseudo_val_score": -0.024416,
            "pseudo_val_nll": 0.024416,
            "pseudo_val_agreement": 99.936
          },
          {
            "alpha": 0.75,
            "pseudo_val_score": -0.025202,
            "pseudo_val_nll": 0.025202,
            "pseudo_val_agreement": 99.905
          },
          {
            "alpha": 1.0,
            "pseudo_val_score": -0.026101,
            "pseudo_val_nll": 0.026101,
            "pseudo_val_agreement": 99.841
          }
        ],
        "split": {
          "novel_gated_query_count": 485,
          "validation_count": 3145,
          "novel_validation_count": 145,
          "base_validation_count": 3000,
          "updated_class_count": 5,
          "per_class_counts": {
            "60": 99,
            "61": 99,
            "62": 98,
            "63": 94,
            "64": 95
          },
          "per_class_update_counts": {
            "60": 69,
            "61": 69,
            "62": 69,
            "63": 66,
            "64": 67
          },
          "per_class_validation_counts": {
            "60": 30,
            "61": 30,
            "62": 29,
            "63": 28,
            "64": 28
          }
        }
      }
    },
    {
      "session": 2,
      "num_seen_classes": 70,
      "baseline_full_acc": 95.557,
      "baseline_base_acc": 96.983,
      "baseline_novel_acc": 87.0,
      "selected_alpha": 0.5,
      "final_full_acc": 95.757,
      "final_base_acc": 96.983,
      "final_novel_acc": 88.4,
      "final_gain": 0.2,
      "updated_class_count": 10,
      "gated_query_count": 882,
      "gated_base_count": 8,
      "gated_novel_count": 874,
      "alpha_selection": {
        "mode": "pseudo_validation",
        "fallback_used": false,
        "selected_alpha": 0.5,
        "candidates": [
          {
            "alpha": 0.5,
            "pseudo_val_score": -0.046381,
            "pseudo_val_nll": 0.046381,
            "pseudo_val_agreement": 99.694
          },
          {
            "alpha": 0.75,
            "pseudo_val_score": -0.050362,
            "pseudo_val_nll": 0.050362,
            "pseudo_val_agreement": 99.632
          },
          {
            "alpha": 1.0,
            "pseudo_val_score": -0.054769,
            "pseudo_val_nll": 0.054769,
            "pseudo_val_agreement": 99.479
          }
        ],
        "split": {
          "novel_gated_query_count": 882,
          "validation_count": 3264,
          "novel_validation_count": 264,
          "base_validation_count": 3000,
          "updated_class_count": 10,
          "per_class_counts": {
            "60": 99,
            "61": 99,
            "62": 100,
            "63": 94,
            "64": 95,
            "65": 81,
            "66": 101,
            "67": 101,
            "68": 23,
            "69": 89
          },
          "per_class_update_counts": {
            "60": 69,
            "61": 69,
            "62": 70,
            "63": 66,
            "64": 67,
            "65": 57,
            "66": 71,
            "67": 71,
            "68": 16,
            "69": 62
          },
          "per_class_validation_counts": {
            "60": 30,
            "61": 30,
            "62": 30,
            "63": 28,
            "64": 28,
            "65": 24,
            "66": 30,
            "67": 30,
            "68": 7,
            "69": 27
          }
        }
      }
    },
    {
      "session": 3,
      "num_seen_classes": 75,
      "baseline_full_acc": 95.373,
      "baseline_base_acc": 96.867,
      "baseline_novel_acc": 89.4,
      "selected_alpha": 0.5,
      "final_full_acc": 95.667,
      "final_base_acc": 96.867,
      "final_novel_acc": 90.867,
      "final_gain": 0.293,
      "updated_class_count": 15,
      "gated_query_count": 1359,
      "gated_base_count": 11,
      "gated_novel_count": 1348,
      "alpha_selection": {
        "mode": "pseudo_validation",
        "fallback_used": false,
        "selected_alpha": 0.5,
        "candidates": [
          {
            "alpha": 0.5,
            "pseudo_val_score": -0.066564,
            "pseudo_val_nll": 0.066564,
            "pseudo_val_agreement": 99.707
          },
          {
            "alpha": 0.75,
            "pseudo_val_score": -0.07046,
            "pseudo_val_nll": 0.07046,
            "pseudo_val_agreement": 99.589
          },
          {
            "alpha": 1.0,
            "pseudo_val_score": -0.074948,
            "pseudo_val_nll": 0.074948,
            "pseudo_val_agreement": 99.501
          }
        ],
        "split": {
          "novel_gated_query_count": 1359,
          "validation_count": 3408,
          "novel_validation_count": 408,
          "base_validation_count": 3000,
          "updated_class_count": 15,
          "per_class_counts": {
            "60": 99,
            "61": 100,
            "62": 100,
            "63": 92,
            "64": 95,
            "65": 81,
            "66": 101,
            "67": 101,
            "68": 23,
            "69": 89,
            "70": 99,
            "71": 83,
            "72": 97,
            "73": 100,
            "74": 99
          },
          "per_class_update_counts": {
            "60": 69,
            "61": 70,
            "62": 70,
            "63": 64,
            "64": 67,
            "65": 57,
            "66": 71,
            "67": 71,
            "68": 16,
            "69": 62,
            "70": 69,
            "71": 58,
            "72": 68,
            "73": 70,
            "74": 69
          },
          "per_class_validation_counts": {
            "60": 30,
            "61": 30,
            "62": 30,
            "63": 28,
            "64": 28,
            "65": 24,
            "66": 30,
            "67": 30,
            "68": 7,
            "69": 27,
            "70": 30,
            "71": 25,
            "72": 29,
            "73": 30,
            "74": 30
          }
        }
      }
    },
    {
      "session": 4,
      "num_seen_classes": 80,
      "baseline_full_acc": 95.413,
      "baseline_base_acc": 96.767,
      "baseline_novel_acc": 91.35,
      "selected_alpha": 0.5,
      "final_full_acc": 95.713,
      "final_base_acc": 96.75,
      "final_novel_acc": 92.6,
      "final_gain": 0.3,
      "updated_class_count": 20,
      "gated_query_count": 1855,
      "gated_base_count": 17,
      "gated_novel_count": 1838,
      "alpha_selection": {
        "mode": "pseudo_validation",
        "fallback_used": false,
        "selected_alpha": 0.5,
        "candidates": [
          {
            "alpha": 0.5,
            "pseudo_val_score": -0.085737,
            "pseudo_val_nll": 0.085737,
            "pseudo_val_agreement": 99.634
          },
          {
            "alpha": 0.75,
            "pseudo_val_score": -0.089764,
            "pseudo_val_nll": 0.089764,
            "pseudo_val_agreement": 99.494
          },
          {
            "alpha": 1.0,
            "pseudo_val_score": -0.094501,
            "pseudo_val_nll": 0.094501,
            "pseudo_val_agreement": 99.381
          }
        ],
        "split": {
          "novel_gated_query_count": 1855,
          "validation_count": 3556,
          "novel_validation_count": 556,
          "base_validation_count": 3000,
          "updated_class_count": 20,
          "per_class_counts": {
            "60": 99,
            "61": 100,
            "62": 101,
            "63": 92,
            "64": 95,
            "65": 82,
            "66": 101,
            "67": 101,
            "68": 23,
            "69": 89,
            "70": 98,
            "71": 83,
            "72": 97,
            "73": 100,
            "74": 99,
            "75": 101,
            "76": 98,
            "77": 102,
            "78": 94,
            "79": 100
          },
          "per_class_update_counts": {
            "60": 69,
            "61": 70,
            "62": 71,
            "63": 64,
            "64": 67,
            "65": 57,
            "66": 71,
            "67": 71,
            "68": 16,
            "69": 62,
            "70": 69,
            "71": 58,
            "72": 68,
            "73": 70,
            "74": 69,
            "75": 71,
            "76": 69,
            "77": 71,
            "78": 66,
            "79": 70
          },
          "per_class_validation_counts": {
            "60": 30,
            "61": 30,
            "62": 30,
            "63": 28,
            "64": 28,
            "65": 25,
            "66": 30,
            "67": 30,
            "68": 7,
            "69": 27,
            "70": 29,
            "71": 25,
            "72": 29,
            "73": 30,
            "74": 30,
            "75": 30,
            "76": 29,
            "77": 31,
            "78": 28,
            "79": 30
          }
        }
      }
    },
    {
      "session": 5,
      "num_seen_classes": 85,
      "baseline_full_acc": 94.988,
      "baseline_base_acc": 96.667,
      "baseline_novel_acc": 90.96,
      "selected_alpha": 0.5,
      "final_full_acc": 95.306,
      "final_base_acc": 96.533,
      "final_novel_acc": 92.36,
      "final_gain": 0.318,
      "updated_class_count": 25,
      "gated_query_count": 2331,
      "gated_base_count": 23,
      "gated_novel_count": 2308,
      "alpha_selection": {
        "mode": "pseudo_validation",
        "fallback_used": false,
        "selected_alpha": 0.5,
        "candidates": [
          {
            "alpha": 0.5,
            "pseudo_val_score": -0.104218,
            "pseudo_val_nll": 0.104218,
            "pseudo_val_agreement": 99.595
          },
          {
            "alpha": 0.75,
            "pseudo_val_score": -0.108992,
            "pseudo_val_nll": 0.108992,
            "pseudo_val_agreement": 99.378
          },
          {
            "alpha": 1.0,
            "pseudo_val_score": -0.114467,
            "pseudo_val_nll": 0.114467,
            "pseudo_val_agreement": 99.351
          }
        ],
        "split": {
          "novel_gated_query_count": 2331,
          "validation_count": 3700,
          "novel_validation_count": 700,
          "base_validation_count": 3000,
          "updated_class_count": 25,
          "per_class_counts": {
            "60": 99,
            "61": 99,
            "62": 101,
            "63": 92,
            "64": 95,
            "65": 82,
            "66": 102,
            "67": 101,
            "68": 23,
            "69": 89,
            "70": 98,
            "71": 82,
            "72": 97,
            "73": 100,
            "74": 99,
            "75": 101,
            "76": 98,
            "77": 101,
            "78": 92,
            "79": 100,
            "80": 96,
            "81": 102,
            "82": 94,
            "83": 98,
            "84": 90
          },
          "per_class_update_counts": {
            "60": 69,
            "61": 69,
            "62": 71,
            "63": 64,
            "64": 67,
            "65": 57,
            "66": 71,
            "67": 71,
            "68": 16,
            "69": 62,
            "70": 69,
            "71": 57,
            "72": 68,
            "73": 70,
            "74": 69,
            "75": 71,
            "76": 69,
            "77": 71,
            "78": 64,
            "79": 70,
            "80": 67,
            "81": 71,
            "82": 66,
            "83": 69,
            "84": 63
          },
          "per_class_validation_counts": {
            "60": 30,
            "61": 30,
            "62": 30,
            "63": 28,
            "64": 28,
            "65": 25,
            "66": 31,
            "67": 30,
            "68": 7,
            "69": 27,
            "70": 29,
            "71": 25,
            "72": 29,
            "73": 30,
            "74": 30,
            "75": 30,
            "76": 29,
            "77": 30,
            "78": 28,
            "79": 30,
            "80": 29,
            "81": 31,
            "82": 28,
            "83": 29,
            "84": 27
          }
        }
      }
    },
    {
      "session": 6,
      "num_seen_classes": 90,
      "baseline_full_acc": 93.978,
      "baseline_base_acc": 96.567,
      "baseline_novel_acc": 88.8,
      "selected_alpha": 0.5,
      "final_full_acc": 94.467,
      "final_base_acc": 96.35,
      "final_novel_acc": 90.7,
      "final_gain": 0.489,
      "updated_class_count": 30,
      "gated_query_count": 2742,
      "gated_base_count": 27,
      "gated_novel_count": 2715,
      "alpha_selection": {
        "mode": "pseudo_validation",
        "fallback_used": false,
        "selected_alpha": 0.5,
        "candidates": [
          {
            "alpha": 0.5,
            "pseudo_val_score": -0.120092,
            "pseudo_val_nll": 0.120092,
            "pseudo_val_agreement": 99.451
          },
          {
            "alpha": 0.75,
            "pseudo_val_score": -0.125569,
            "pseudo_val_nll": 0.125569,
            "pseudo_val_agreement": 99.189
          },
          {
            "alpha": 1.0,
            "pseudo_val_score": -0.132018,
            "pseudo_val_nll": 0.132018,
            "pseudo_val_agreement": 99.058
          }
        ],
        "split": {
          "novel_gated_query_count": 2742,
          "validation_count": 3822,
          "novel_validation_count": 822,
          "base_validation_count": 3000,
          "updated_class_count": 30,
          "per_class_counts": {
            "60": 99,
            "61": 99,
            "62": 101,
            "63": 91,
            "64": 95,
            "65": 84,
            "66": 102,
            "67": 91,
            "68": 23,
            "69": 89,
            "70": 98,
            "71": 82,
            "72": 97,
            "73": 100,
            "74": 99,
            "75": 101,
            "76": 98,
            "77": 101,
            "78": 92,
            "79": 100,
            "80": 98,
            "81": 102,
            "82": 94,
            "83": 97,
            "84": 91,
            "85": 96,
            "86": 105,
            "87": 86,
            "88": 33,
            "89": 98
          },
          "per_class_update_counts": {
            "60": 69,
            "61": 69,
            "62": 71,
            "63": 64,
            "64": 67,
            "65": 59,
            "66": 71,
            "67": 64,
            "68": 16,
            "69": 62,
            "70": 69,
            "71": 57,
            "72": 68,
            "73": 70,
            "74": 69,
            "75": 71,
            "76": 69,
            "77": 71,
            "78": 64,
            "79": 70,
            "80": 69,
            "81": 71,
            "82": 66,
            "83": 68,
            "84": 64,
            "85": 67,
            "86": 73,
            "87": 60,
            "88": 23,
            "89": 69
          },
          "per_class_validation_counts": {
            "60": 30,
            "61": 30,
            "62": 30,
            "63": 27,
            "64": 28,
            "65": 25,
            "66": 31,
            "67": 27,
            "68": 7,
            "69": 27,
            "70": 29,
            "71": 25,
            "72": 29,
            "73": 30,
            "74": 30,
            "75": 30,
            "76": 29,
            "77": 30,
            "78": 28,
            "79": 30,
            "80": 29,
            "81": 31,
            "82": 28,
            "83": 29,
            "84": 27,
            "85": 29,
            "86": 32,
            "87": 26,
            "88": 10,
            "89": 29
          }
        }
      }
    },
    {
      "session": 7,
      "num_seen_classes": 95,
      "baseline_full_acc": 93.568,
      "baseline_base_acc": 96.45,
      "baseline_novel_acc": 88.629,
      "selected_alpha": 0.5,
      "final_full_acc": 94.116,
      "final_base_acc": 96.3,
      "final_novel_acc": 90.371,
      "final_gain": 0.547,
      "updated_class_count": 35,
      "gated_query_count": 3212,
      "gated_base_count": 33,
      "gated_novel_count": 3179,
      "alpha_selection": {
        "mode": "pseudo_validation",
        "fallback_used": false,
        "selected_alpha": 0.5,
        "candidates": [
          {
            "alpha": 0.5,
            "pseudo_val_score": -0.136942,
            "pseudo_val_nll": 0.136942,
            "pseudo_val_agreement": 99.344
          },
          {
            "alpha": 0.75,
            "pseudo_val_score": -0.143772,
            "pseudo_val_nll": 0.143772,
            "pseudo_val_agreement": 98.991
          },
          {
            "alpha": 1.0,
            "pseudo_val_score": -0.151881,
            "pseudo_val_nll": 0.151881,
            "pseudo_val_agreement": 98.764
          }
        ],
        "split": {
          "novel_gated_query_count": 3212,
          "validation_count": 3964,
          "novel_validation_count": 964,
          "base_validation_count": 3000,
          "updated_class_count": 35,
          "per_class_counts": {
            "60": 99,
            "61": 99,
            "62": 102,
            "63": 91,
            "64": 95,
            "65": 79,
            "66": 102,
            "67": 91,
            "68": 23,
            "69": 89,
            "70": 98,
            "71": 82,
            "72": 97,
            "73": 100,
            "74": 99,
            "75": 101,
            "76": 98,
            "77": 101,
            "78": 92,
            "79": 100,
            "80": 97,
            "81": 102,
            "82": 94,
            "83": 97,
            "84": 91,
            "85": 96,
            "86": 105,
            "87": 86,
            "88": 26,
            "89": 98,
            "90": 60,
            "91": 99,
            "92": 115,
            "93": 108,
            "94": 100
          },
          "per_class_update_counts": {
            "60": 69,
            "61": 69,
            "62": 71,
            "63": 64,
            "64": 67,
            "65": 55,
            "66": 71,
            "67": 64,
            "68": 16,
            "69": 62,
            "70": 69,
            "71": 57,
            "72": 68,
            "73": 70,
            "74": 69,
            "75": 71,
            "76": 69,
            "77": 71,
            "78": 64,
            "79": 70,
            "80": 68,
            "81": 71,
            "82": 66,
            "83": 68,
            "84": 64,
            "85": 67,
            "86": 73,
            "87": 60,
            "88": 18,
            "89": 69,
            "90": 42,
            "91": 69,
            "92": 81,
            "93": 76,
            "94": 70
          },
          "per_class_validation_counts": {
            "60": 30,
            "61": 30,
            "62": 31,
            "63": 27,
            "64": 28,
            "65": 24,
            "66": 31,
            "67": 27,
            "68": 7,
            "69": 27,
            "70": 29,
            "71": 25,
            "72": 29,
            "73": 30,
            "74": 30,
            "75": 30,
            "76": 29,
            "77": 30,
            "78": 28,
            "79": 30,
            "80": 29,
            "81": 31,
            "82": 28,
            "83": 29,
            "84": 27,
            "85": 29,
            "86": 32,
            "87": 26,
            "88": 8,
            "89": 29,
            "90": 18,
            "91": 30,
            "92": 34,
            "93": 32,
            "94": 30
          }
        }
      }
    },
    {
      "session": 8,
      "num_seen_classes": 100,
      "baseline_full_acc": 93.47,
      "baseline_base_acc": 96.3,
      "baseline_novel_acc": 89.225,
      "selected_alpha": 0.5,
      "final_full_acc": 94.0,
      "final_base_acc": 96.117,
      "final_novel_acc": 90.825,
      "final_gain": 0.53,
      "updated_class_count": 40,
      "gated_query_count": 3700,
      "gated_base_count": 43,
      "gated_novel_count": 3657,
      "alpha_selection": {
        "mode": "pseudo_validation",
        "fallback_used": false,
        "selected_alpha": 0.5,
        "candidates": [
          {
            "alpha": 0.5,
            "pseudo_val_score": -0.152627,
            "pseudo_val_nll": 0.152627,
            "pseudo_val_agreement": 99.319
          },
          {
            "alpha": 0.75,
            "pseudo_val_score": -0.15956,
            "pseudo_val_nll": 0.15956,
            "pseudo_val_agreement": 98.857
          },
          {
            "alpha": 1.0,
            "pseudo_val_score": -0.168338,
            "pseudo_val_nll": 0.168338,
            "pseudo_val_agreement": 98.638
          }
        ],
        "split": {
          "novel_gated_query_count": 3700,
          "validation_count": 4111,
          "novel_validation_count": 1111,
          "base_validation_count": 3000,
          "updated_class_count": 40,
          "per_class_counts": {
            "60": 99,
            "61": 99,
            "62": 101,
            "63": 91,
            "64": 95,
            "65": 80,
            "66": 102,
            "67": 91,
            "68": 24,
            "69": 89,
            "70": 98,
            "71": 82,
            "72": 97,
            "73": 100,
            "74": 99,
            "75": 101,
            "76": 98,
            "77": 104,
            "78": 92,
            "79": 100,
            "80": 97,
            "81": 102,
            "82": 94,
            "83": 97,
            "84": 91,
            "85": 96,
            "86": 105,
            "87": 86,
            "88": 27,
            "89": 97,
            "90": 60,
            "91": 99,
            "92": 115,
            "93": 109,
            "94": 102,
            "95": 99,
            "96": 97,
            "97": 89,
            "98": 99,
            "99": 97
          },
          "per_class_update_counts": {
            "60": 69,
            "61": 69,
            "62": 71,
            "63": 64,
            "64": 67,
            "65": 56,
            "66": 71,
            "67": 64,
            "68": 17,
            "69": 62,
            "70": 69,
            "71": 57,
            "72": 68,
            "73": 70,
            "74": 69,
            "75": 71,
            "76": 69,
            "77": 73,
            "78": 64,
            "79": 70,
            "80": 68,
            "81": 71,
            "82": 66,
            "83": 68,
            "84": 64,
            "85": 67,
            "86": 73,
            "87": 60,
            "88": 19,
            "89": 68,
            "90": 42,
            "91": 69,
            "92": 81,
            "93": 76,
            "94": 71,
            "95": 69,
            "96": 68,
            "97": 62,
            "98": 69,
            "99": 68
          },
          "per_class_validation_counts": {
            "60": 30,
            "61": 30,
            "62": 30,
            "63": 27,
            "64": 28,
            "65": 24,
            "66": 31,
            "67": 27,
            "68": 7,
            "69": 27,
            "70": 29,
            "71": 25,
            "72": 29,
            "73": 30,
            "74": 30,
            "75": 30,
            "76": 29,
            "77": 31,
            "78": 28,
            "79": 30,
            "80": 29,
            "81": 31,
            "82": 28,
            "83": 29,
            "84": 27,
            "85": 29,
            "86": 32,
            "87": 26,
            "88": 8,
            "89": 29,
            "90": 18,
            "91": 30,
            "92": 34,
            "93": 33,
            "94": 31,
            "95": 30,
            "96": 29,
            "97": 27,
            "98": 30,
            "99": 29
          }
        }
      }
    }
  ]
}
