/media/ndag/newVolume/BiMC-test/models/clip/clip.py:23: UserWarning: PyTorch version 1.7.1 or higher is recommended
  warnings.warn("PyTorch version 1.7.1 or higher is recommended")
manual seed: 2
use gpu: ['0']
Loading CLIP (backbone: ViT-B/16)
Prompt template:['a photo of a {}.']
Loading DinoV2 ViT-B/14 from local hub: /home/ndag/.cache/torch/hub/facebookresearch_dinov2_main
/home/ndag/.cache/torch/hub/facebookresearch_dinov2_main/dinov2/layers/swiglu_ffn.py:51: UserWarning: xFormers is not available (SwiGLU)
  warnings.warn("xFormers is not available (SwiGLU)")
/home/ndag/.cache/torch/hub/facebookresearch_dinov2_main/dinov2/layers/attention.py:36: UserWarning: xFormers is not available (Attention)
  warnings.warn("xFormers is not available (Attention)")
/home/ndag/.cache/torch/hub/facebookresearch_dinov2_main/dinov2/layers/block.py:40: UserWarning: xFormers is not available (Block)
  warnings.warn("xFormers is not available (Block)")
Loading DinoV2 weights: /home/ndag/.cache/torch/hub/checkpoints/dinov2_vitb14_pretrain.pth
class names: ['house finch' 'robin' 'triceratops' 'green mamba' 'harvestman' 'toucan'
 'goose' 'jellyfish' 'nematode' 'king crab' 'dugong' 'Walker hound'
 'Ibizan hound' 'Saluki' 'golden retriever' 'Gordon setter' 'komondor'
 'boxer' 'Tibetan mastiff' 'French bulldog' 'malamute' 'dalmatian'
 'Newfoundland' 'miniature poodle' 'white wolf' 'African hunting dog'
 'Arctic fox' 'lion' 'meerkat' 'ladybug' 'rhinoceros beetle' 'ant'
 'black-footed ferret' 'three-toed sloth' 'rock beauty' 'aircraft carrier'
 'ashcan' 'barrel' 'beer bottle' 'bookshop' 'cannon' 'carousel' 'carton'
 'catamaran' 'chime' 'clog' 'cocktail shaker' 'combination lock' 'crate'
 'cuirass' 'dishrag' 'dome' 'electric guitar' 'file' 'fire screen'
 'frying pan' 'garbage truck' 'hair slide' 'holster' 'horizontal bar']
all targets:tensor([ 0,  1,  2,  3,  4,  5,  6,  7,  8,  9, 10, 11, 12, 13, 14, 15, 16, 17,
        18, 19, 20, 21, 22, 23, 24, 25, 26, 27, 28, 29, 30, 31, 32, 33, 34, 35,
        36, 37, 38, 39, 40, 41, 42, 43, 44, 45, 46, 47, 48, 49, 50, 51, 52, 53,
        54, 55, 56, 57, 58, 59], device='cuda:0')
dino all targets:tensor([ 0,  1,  2,  3,  4,  5,  6,  7,  8,  9, 10, 11, 12, 13, 14, 15, 16, 17,
        18, 19, 20, 21, 22, 23, 24, 25, 26, 27, 28, 29, 30, 31, 32, 33, 34, 35,
        36, 37, 38, 39, 40, 41, 42, 43, 44, 45, 46, 47, 48, 49, 50, 51, 52, 53,
        54, 55, 56, 57, 58, 59], device='cuda:0')
finish loading CLIP/DinoV2 covariance
class names: ['hourglass' 'iPod' 'lipstick' 'miniskirt' 'missile']
all targets:tensor([60, 61, 62, 63, 64], device='cuda:0')
dino all targets:tensor([60, 61, 62, 63, 64], device='cuda:0')
finish loading CLIP/DinoV2 covariance
class names: ['mixing bowl' 'oboe' 'organ' 'parallel bars' 'pencil box']
all targets:tensor([65, 66, 67, 68, 69], device='cuda:0')
dino all targets:tensor([65, 66, 67, 68, 69], device='cuda:0')
finish loading CLIP/DinoV2 covariance
class names: ['photocopier' 'poncho' 'prayer rug' 'reel' 'school bus']
all targets:tensor([70, 71, 72, 73, 74], device='cuda:0')
dino all targets:tensor([70, 71, 72, 73, 74], device='cuda:0')
finish loading CLIP/DinoV2 covariance
class names: ['scoreboard' 'slot' 'snorkel' 'solar dish' 'spider web']
all targets:tensor([75, 76, 77, 78, 79], device='cuda:0')
dino all targets:tensor([75, 76, 77, 78, 79], device='cuda:0')
finish loading CLIP/DinoV2 covariance
class names: ['stage' 'tank' 'theater curtain' 'tile roof' 'tobacco shop']
all targets:tensor([80, 81, 82, 83, 84], device='cuda:0')
dino all targets:tensor([80, 81, 82, 83, 84], device='cuda:0')
finish loading CLIP/DinoV2 covariance
class names: ['unicycle' 'upright' 'vase' 'wok' 'worm fence']
all targets:tensor([85, 86, 87, 88, 89], device='cuda:0')
dino all targets:tensor([85, 86, 87, 88, 89], device='cuda:0')
finish loading CLIP/DinoV2 covariance
class names: ['yawl' 'street sign' 'consomme' 'trifle' 'hotdog']
all targets:tensor([90, 91, 92, 93, 94], device='cuda:0')
dino all targets:tensor([90, 91, 92, 93, 94], device='cuda:0')
finish loading CLIP/DinoV2 covariance
class names: ['orange' 'cliff' 'coral reef' 'bolete' 'ear']
all targets:tensor([95, 96, 97, 98, 99], device='cuda:0')
dino all targets:tensor([95, 96, 97, 98, 99], device='cuda:0')
finish loading CLIP/DinoV2 covariance
session 0: baseline=97.100 final=97.100 gain=0.000
session 1: baseline=96.954 final=97.000 gain=0.046
session 2: baseline=95.629 final=95.800 gain=0.171
session 3: baseline=95.493 final=95.813 gain=0.320
session 4: baseline=95.563 final=95.788 gain=0.225
session 5: baseline=95.071 final=95.400 gain=0.329
session 6: baseline=94.100 final=94.511 gain=0.411
session 7: baseline=93.768 final=94.211 gain=0.442
session 8: baseline=93.640 final=94.070 gain=0.430
{
  "dataset": "miniimagenet",
  "seed": 2,
  "train_cfg": "experiments/bmvc_1256_20260508-124032/generated_configs/bimc_dino_fusion.yaml",
  "method": "sessionwise conservative query prototype refinement on bimc_dino_fusion with pseudo-validation alpha selection",
  "runtime_sec": 447.783,
  "alpha_grid": [
    0.5,
    0.75,
    1.0
  ],
  "alpha_selection": "pseudo_validation_no_test_labels",
  "mass_thr": 0.3,
  "min_count": 5,
  "val_fraction": 0.3,
  "base_val_conf_thr": 0.5,
  "base_val_max_per_class": 50,
  "fallback_alpha": 0.75,
  "topk_per_class": null,
  "baseline_acc_list": [
    97.1,
    96.954,
    95.629,
    95.493,
    95.563,
    95.071,
    94.1,
    93.768,
    93.64
  ],
  "final_acc_list": [
    97.1,
    97.0,
    95.8,
    95.813,
    95.788,
    95.4,
    94.511,
    94.211,
    94.07
  ],
  "gain_list": [
    0.0,
    0.046,
    0.171,
    0.32,
    0.225,
    0.329,
    0.411,
    0.442,
    0.43
  ],
  "baseline_avg": 95.258,
  "baseline_pd": 3.46,
  "final_avg": 95.521,
  "final_pd": 3.03,
  "gain_avg": 0.264,
  "session_results": [
    {
      "session": 0,
      "num_seen_classes": 60,
      "baseline_full_acc": 97.1,
      "baseline_base_acc": 97.1,
      "baseline_novel_acc": 0.0,
      "best_alpha": null,
      "final_full_acc": 97.1,
      "final_base_acc": 97.1,
      "final_novel_acc": 0.0,
      "final_gain": 0.0,
      "updated_class_count": 0,
      "gated_query_count": 0,
      "alpha_selection": {
        "mode": "not_applicable_base_session",
        "selected_alpha": null
      }
    },
    {
      "session": 1,
      "num_seen_classes": 65,
      "baseline_full_acc": 96.954,
      "baseline_base_acc": 97.05,
      "baseline_novel_acc": 95.8,
      "selected_alpha": 0.5,
      "final_full_acc": 97.0,
      "final_base_acc": 97.05,
      "final_novel_acc": 96.4,
      "final_gain": 0.046,
      "updated_class_count": 5,
      "gated_query_count": 489,
      "gated_base_count": 3,
      "gated_novel_count": 486,
      "alpha_selection": {
        "mode": "pseudo_validation",
        "fallback_used": false,
        "selected_alpha": 0.5,
        "candidates": [
          {
            "alpha": 0.5,
            "pseudo_val_score": -0.024967,
            "pseudo_val_nll": 0.024967,
            "pseudo_val_agreement": 99.936
          },
          {
            "alpha": 0.75,
            "pseudo_val_score": -0.025009,
            "pseudo_val_nll": 0.025009,
            "pseudo_val_agreement": 99.905
          },
          {
            "alpha": 1.0,
            "pseudo_val_score": -0.025113,
            "pseudo_val_nll": 0.025113,
            "pseudo_val_agreement": 99.905
          }
        ],
        "split": {
          "novel_gated_query_count": 489,
          "validation_count": 3147,
          "novel_validation_count": 147,
          "base_validation_count": 3000,
          "updated_class_count": 5,
          "per_class_counts": {
            "60": 99,
            "61": 99,
            "62": 93,
            "63": 101,
            "64": 97
          },
          "per_class_update_counts": {
            "60": 69,
            "61": 69,
            "62": 65,
            "63": 71,
            "64": 68
          },
          "per_class_validation_counts": {
            "60": 30,
            "61": 30,
            "62": 28,
            "63": 30,
            "64": 29
          }
        }
      }
    },
    {
      "session": 2,
      "num_seen_classes": 70,
      "baseline_full_acc": 95.629,
      "baseline_base_acc": 96.717,
      "baseline_novel_acc": 89.1,
      "selected_alpha": 0.5,
      "final_full_acc": 95.8,
      "final_base_acc": 96.65,
      "final_novel_acc": 90.7,
      "final_gain": 0.171,
      "updated_class_count": 10,
      "gated_query_count": 917,
      "gated_base_count": 19,
      "gated_novel_count": 898,
      "alpha_selection": {
        "mode": "pseudo_validation",
        "fallback_used": false,
        "selected_alpha": 0.5,
        "candidates": [
          {
            "alpha": 0.5,
            "pseudo_val_score": -0.048309,
            "pseudo_val_nll": 0.048309,
            "pseudo_val_agreement": 99.756
          },
          {
            "alpha": 0.75,
            "pseudo_val_score": -0.049591,
            "pseudo_val_nll": 0.049591,
            "pseudo_val_agreement": 99.573
          },
          {
            "alpha": 1.0,
            "pseudo_val_score": -0.051634,
            "pseudo_val_nll": 0.051634,
            "pseudo_val_agreement": 99.481
          }
        ],
        "split": {
          "novel_gated_query_count": 917,
          "validation_count": 3275,
          "novel_validation_count": 275,
          "base_validation_count": 3000,
          "updated_class_count": 10,
          "per_class_counts": {
            "60": 99,
            "61": 100,
            "62": 93,
            "63": 101,
            "64": 97,
            "65": 81,
            "66": 100,
            "67": 100,
            "68": 53,
            "69": 93
          },
          "per_class_update_counts": {
            "60": 69,
            "61": 70,
            "62": 65,
            "63": 71,
            "64": 68,
            "65": 57,
            "66": 70,
            "67": 70,
            "68": 37,
            "69": 65
          },
          "per_class_validation_counts": {
            "60": 30,
            "61": 30,
            "62": 28,
            "63": 30,
            "64": 29,
            "65": 24,
            "66": 30,
            "67": 30,
            "68": 16,
            "69": 28
          }
        }
      }
    },
    {
      "session": 3,
      "num_seen_classes": 75,
      "baseline_full_acc": 95.493,
      "baseline_base_acc": 96.683,
      "baseline_novel_acc": 90.733,
      "selected_alpha": 0.5,
      "final_full_acc": 95.813,
      "final_base_acc": 96.617,
      "final_novel_acc": 92.6,
      "final_gain": 0.32,
      "updated_class_count": 15,
      "gated_query_count": 1397,
      "gated_base_count": 22,
      "gated_novel_count": 1375,
      "alpha_selection": {
        "mode": "pseudo_validation",
        "fallback_used": false,
        "selected_alpha": 0.5,
        "candidates": [
          {
            "alpha": 0.5,
            "pseudo_val_score": -0.068912,
            "pseudo_val_nll": 0.068912,
            "pseudo_val_agreement": 99.737
          },
          {
            "alpha": 0.75,
            "pseudo_val_score": -0.070138,
            "pseudo_val_nll": 0.070138,
            "pseudo_val_agreement": 99.561
          },
          {
            "alpha": 1.0,
            "pseudo_val_score": -0.072314,
            "pseudo_val_nll": 0.072314,
            "pseudo_val_agreement": 99.386
          }
        ],
        "split": {
          "novel_gated_query_count": 1397,
          "validation_count": 3419,
          "novel_validation_count": 419,
          "base_validation_count": 3000,
          "updated_class_count": 15,
          "per_class_counts": {
            "60": 98,
            "61": 102,
            "62": 93,
            "63": 103,
            "64": 97,
            "65": 81,
            "66": 100,
            "67": 100,
            "68": 52,
            "69": 92,
            "70": 97,
            "71": 84,
            "72": 97,
            "73": 101,
            "74": 100
          },
          "per_class_update_counts": {
            "60": 69,
            "61": 71,
            "62": 65,
            "63": 72,
            "64": 68,
            "65": 57,
            "66": 70,
            "67": 70,
            "68": 36,
            "69": 64,
            "70": 68,
            "71": 59,
            "72": 68,
            "73": 71,
            "74": 70
          },
          "per_class_validation_counts": {
            "60": 29,
            "61": 31,
            "62": 28,
            "63": 31,
            "64": 29,
            "65": 24,
            "66": 30,
            "67": 30,
            "68": 16,
            "69": 28,
            "70": 29,
            "71": 25,
            "72": 29,
            "73": 30,
            "74": 30
          }
        }
      }
    },
    {
      "session": 4,
      "num_seen_classes": 80,
      "baseline_full_acc": 95.563,
      "baseline_base_acc": 96.617,
      "baseline_novel_acc": 92.4,
      "selected_alpha": 0.5,
      "final_full_acc": 95.788,
      "final_base_acc": 96.483,
      "final_novel_acc": 93.7,
      "final_gain": 0.225,
      "updated_class_count": 20,
      "gated_query_count": 1892,
      "gated_base_count": 26,
      "gated_novel_count": 1866,
      "alpha_selection": {
        "mode": "pseudo_validation",
        "fallback_used": false,
        "selected_alpha": 0.5,
        "candidates": [
          {
            "alpha": 0.5,
            "pseudo_val_score": -0.08754,
            "pseudo_val_nll": 0.08754,
            "pseudo_val_agreement": 99.692
          },
          {
            "alpha": 0.75,
            "pseudo_val_score": -0.088767,
            "pseudo_val_nll": 0.088767,
            "pseudo_val_agreement": 99.495
          },
          {
            "alpha": 1.0,
            "pseudo_val_score": -0.090978,
            "pseudo_val_nll": 0.090978,
            "pseudo_val_agreement": 99.355
          }
        ],
        "split": {
          "novel_gated_query_count": 1892,
          "validation_count": 3567,
          "novel_validation_count": 567,
          "base_validation_count": 3000,
          "updated_class_count": 20,
          "per_class_counts": {
            "60": 98,
            "61": 102,
            "62": 93,
            "63": 103,
            "64": 97,
            "65": 83,
            "66": 100,
            "67": 100,
            "68": 53,
            "69": 93,
            "70": 96,
            "71": 84,
            "72": 97,
            "73": 100,
            "74": 100,
            "75": 101,
            "76": 98,
            "77": 100,
            "78": 94,
            "79": 100
          },
          "per_class_update_counts": {
            "60": 69,
            "61": 71,
            "62": 65,
            "63": 72,
            "64": 68,
            "65": 58,
            "66": 70,
            "67": 70,
            "68": 37,
            "69": 65,
            "70": 67,
            "71": 59,
            "72": 68,
            "73": 70,
            "74": 70,
            "75": 71,
            "76": 69,
            "77": 70,
            "78": 66,
            "79": 70
          },
          "per_class_validation_counts": {
            "60": 29,
            "61": 31,
            "62": 28,
            "63": 31,
            "64": 29,
            "65": 25,
            "66": 30,
            "67": 30,
            "68": 16,
            "69": 28,
            "70": 29,
            "71": 25,
            "72": 29,
            "73": 30,
            "74": 30,
            "75": 30,
            "76": 29,
            "77": 30,
            "78": 28,
            "79": 30
          }
        }
      }
    },
    {
      "session": 5,
      "num_seen_classes": 85,
      "baseline_full_acc": 95.071,
      "baseline_base_acc": 96.467,
      "baseline_novel_acc": 91.72,
      "selected_alpha": 0.5,
      "final_full_acc": 95.4,
      "final_base_acc": 96.333,
      "final_novel_acc": 93.16,
      "final_gain": 0.329,
      "updated_class_count": 25,
      "gated_query_count": 2368,
      "gated_base_count": 34,
      "gated_novel_count": 2334,
      "alpha_selection": {
        "mode": "pseudo_validation",
        "fallback_used": false,
        "selected_alpha": 0.5,
        "candidates": [
          {
            "alpha": 0.5,
            "pseudo_val_score": -0.106372,
            "pseudo_val_nll": 0.106372,
            "pseudo_val_agreement": 99.623
          },
          {
            "alpha": 0.75,
            "pseudo_val_score": -0.10874,
            "pseudo_val_nll": 0.10874,
            "pseudo_val_agreement": 99.38
          },
          {
            "alpha": 1.0,
            "pseudo_val_score": -0.112114,
            "pseudo_val_nll": 0.112114,
            "pseudo_val_agreement": 99.192
          }
        ],
        "split": {
          "novel_gated_query_count": 2368,
          "validation_count": 3711,
          "novel_validation_count": 711,
          "base_validation_count": 3000,
          "updated_class_count": 25,
          "per_class_counts": {
            "60": 98,
            "61": 101,
            "62": 93,
            "63": 103,
            "64": 96,
            "65": 83,
            "66": 102,
            "67": 100,
            "68": 53,
            "69": 93,
            "70": 96,
            "71": 82,
            "72": 97,
            "73": 100,
            "74": 100,
            "75": 101,
            "76": 98,
            "77": 100,
            "78": 92,
            "79": 100,
            "80": 98,
            "81": 103,
            "82": 92,
            "83": 98,
            "84": 89
          },
          "per_class_update_counts": {
            "60": 69,
            "61": 71,
            "62": 65,
            "63": 72,
            "64": 67,
            "65": 58,
            "66": 71,
            "67": 70,
            "68": 37,
            "69": 65,
            "70": 67,
            "71": 57,
            "72": 68,
            "73": 70,
            "74": 70,
            "75": 71,
            "76": 69,
            "77": 70,
            "78": 64,
            "79": 70,
            "80": 69,
            "81": 72,
            "82": 64,
            "83": 69,
            "84": 62
          },
          "per_class_validation_counts": {
            "60": 29,
            "61": 30,
            "62": 28,
            "63": 31,
            "64": 29,
            "65": 25,
            "66": 31,
            "67": 30,
            "68": 16,
            "69": 28,
            "70": 29,
            "71": 25,
            "72": 29,
            "73": 30,
            "74": 30,
            "75": 30,
            "76": 29,
            "77": 30,
            "78": 28,
            "79": 30,
            "80": 29,
            "81": 31,
            "82": 28,
            "83": 29,
            "84": 27
          }
        }
      }
    },
    {
      "session": 6,
      "num_seen_classes": 90,
      "baseline_full_acc": 94.1,
      "baseline_base_acc": 96.367,
      "baseline_novel_acc": 89.567,
      "selected_alpha": 0.5,
      "final_full_acc": 94.511,
      "final_base_acc": 96.15,
      "final_novel_acc": 91.233,
      "final_gain": 0.411,
      "updated_class_count": 30,
      "gated_query_count": 2786,
      "gated_base_count": 38,
      "gated_novel_count": 2748,
      "alpha_selection": {
        "mode": "pseudo_validation",
        "fallback_used": false,
        "selected_alpha": 0.5,
        "candidates": [
          {
            "alpha": 0.5,
            "pseudo_val_score": -0.122724,
            "pseudo_val_nll": 0.122724,
            "pseudo_val_agreement": 99.557
          },
          {
            "alpha": 0.75,
            "pseudo_val_score": -0.125727,
            "pseudo_val_nll": 0.125727,
            "pseudo_val_agreement": 99.27
          },
          {
            "alpha": 1.0,
            "pseudo_val_score": -0.129848,
            "pseudo_val_nll": 0.129848,
            "pseudo_val_agreement": 99.035
          }
        ],
        "split": {
          "novel_gated_query_count": 2786,
          "validation_count": 3836,
          "novel_validation_count": 836,
          "base_validation_count": 3000,
          "updated_class_count": 30,
          "per_class_counts": {
            "60": 98,
            "61": 100,
            "62": 93,
            "63": 103,
            "64": 96,
            "65": 82,
            "66": 102,
            "67": 91,
            "68": 54,
            "69": 93,
            "70": 96,
            "71": 82,
            "72": 97,
            "73": 100,
            "74": 100,
            "75": 101,
            "76": 98,
            "77": 100,
            "78": 92,
            "79": 100,
            "80": 100,
            "81": 103,
            "82": 92,
            "83": 98,
            "84": 90,
            "85": 95,
            "86": 104,
            "87": 96,
            "88": 36,
            "89": 94
          },
          "per_class_update_counts": {
            "60": 69,
            "61": 70,
            "62": 65,
            "63": 72,
            "64": 67,
            "65": 57,
            "66": 71,
            "67": 64,
            "68": 38,
            "69": 65,
            "70": 67,
            "71": 57,
            "72": 68,
            "73": 70,
            "74": 70,
            "75": 71,
            "76": 69,
            "77": 70,
            "78": 64,
            "79": 70,
            "80": 70,
            "81": 72,
            "82": 64,
            "83": 69,
            "84": 63,
            "85": 67,
            "86": 73,
            "87": 67,
            "88": 25,
            "89": 66
          },
          "per_class_validation_counts": {
            "60": 29,
            "61": 30,
            "62": 28,
            "63": 31,
            "64": 29,
            "65": 25,
            "66": 31,
            "67": 27,
            "68": 16,
            "69": 28,
            "70": 29,
            "71": 25,
            "72": 29,
            "73": 30,
            "74": 30,
            "75": 30,
            "76": 29,
            "77": 30,
            "78": 28,
            "79": 30,
            "80": 30,
            "81": 31,
            "82": 28,
            "83": 29,
            "84": 27,
            "85": 28,
            "86": 31,
            "87": 29,
            "88": 11,
            "89": 28
          }
        }
      }
    },
    {
      "session": 7,
      "num_seen_classes": 95,
      "baseline_full_acc": 93.768,
      "baseline_base_acc": 96.3,
      "baseline_novel_acc": 89.429,
      "selected_alpha": 0.5,
      "final_full_acc": 94.211,
      "final_base_acc": 96.05,
      "final_novel_acc": 91.057,
      "final_gain": 0.442,
      "updated_class_count": 35,
      "gated_query_count": 3245,
      "gated_base_count": 43,
      "gated_novel_count": 3202,
      "alpha_selection": {
        "mode": "pseudo_validation",
        "fallback_used": false,
        "selected_alpha": 0.5,
        "candidates": [
          {
            "alpha": 0.5,
            "pseudo_val_score": -0.13907,
            "pseudo_val_nll": 0.13907,
            "pseudo_val_agreement": 99.371
          },
          {
            "alpha": 0.75,
            "pseudo_val_score": -0.143747,
            "pseudo_val_nll": 0.143747,
            "pseudo_val_agreement": 98.993
          },
          {
            "alpha": 1.0,
            "pseudo_val_score": -0.149985,
            "pseudo_val_nll": 0.149985,
            "pseudo_val_agreement": 98.666
          }
        ],
        "split": {
          "novel_gated_query_count": 3245,
          "validation_count": 3972,
          "novel_validation_count": 972,
          "base_validation_count": 3000,
          "updated_class_count": 35,
          "per_class_counts": {
            "60": 98,
            "61": 100,
            "62": 93,
            "63": 102,
            "64": 96,
            "65": 78,
            "66": 102,
            "67": 91,
            "68": 54,
            "69": 93,
            "70": 96,
            "71": 82,
            "72": 97,
            "73": 100,
            "74": 100,
            "75": 101,
            "76": 98,
            "77": 100,
            "78": 92,
            "79": 100,
            "80": 99,
            "81": 103,
            "82": 92,
            "83": 98,
            "84": 88,
            "85": 95,
            "86": 104,
            "87": 96,
            "88": 35,
            "89": 95,
            "90": 63,
            "91": 101,
            "92": 96,
            "93": 107,
            "94": 100
          },
          "per_class_update_counts": {
            "60": 69,
            "61": 70,
            "62": 65,
            "63": 71,
            "64": 67,
            "65": 55,
            "66": 71,
            "67": 64,
            "68": 38,
            "69": 65,
            "70": 67,
            "71": 57,
            "72": 68,
            "73": 70,
            "74": 70,
            "75": 71,
            "76": 69,
            "77": 70,
            "78": 64,
            "79": 70,
            "80": 69,
            "81": 72,
            "82": 64,
            "83": 69,
            "84": 62,
            "85": 67,
            "86": 73,
            "87": 67,
            "88": 25,
            "89": 67,
            "90": 44,
            "91": 71,
            "92": 67,
            "93": 75,
            "94": 70
          },
          "per_class_validation_counts": {
            "60": 29,
            "61": 30,
            "62": 28,
            "63": 31,
            "64": 29,
            "65": 23,
            "66": 31,
            "67": 27,
            "68": 16,
            "69": 28,
            "70": 29,
            "71": 25,
            "72": 29,
            "73": 30,
            "74": 30,
            "75": 30,
            "76": 29,
            "77": 30,
            "78": 28,
            "79": 30,
            "80": 30,
            "81": 31,
            "82": 28,
            "83": 29,
            "84": 26,
            "85": 28,
            "86": 31,
            "87": 29,
            "88": 10,
            "89": 28,
            "90": 19,
            "91": 30,
            "92": 29,
            "93": 32,
            "94": 30
          }
        }
      }
    },
    {
      "session": 8,
      "num_seen_classes": 100,
      "baseline_full_acc": 93.64,
      "baseline_base_acc": 96.2,
      "baseline_novel_acc": 89.8,
      "selected_alpha": 0.5,
      "final_full_acc": 94.07,
      "final_base_acc": 95.867,
      "final_novel_acc": 91.375,
      "final_gain": 0.43,
      "updated_class_count": 40,
      "gated_query_count": 3727,
      "gated_base_count": 47,
      "gated_novel_count": 3680,
      "alpha_selection": {
        "mode": "pseudo_validation",
        "fallback_used": false,
        "selected_alpha": 0.5,
        "candidates": [
          {
            "alpha": 0.5,
            "pseudo_val_score": -0.154106,
            "pseudo_val_nll": 0.154106,
            "pseudo_val_agreement": 99.295
          },
          {
            "alpha": 0.75,
            "pseudo_val_score": -0.158886,
            "pseudo_val_nll": 0.158886,
            "pseudo_val_agreement": 98.93
          },
          {
            "alpha": 1.0,
            "pseudo_val_score": -0.165059,
            "pseudo_val_nll": 0.165059,
            "pseudo_val_agreement": 98.566
          }
        ],
        "split": {
          "novel_gated_query_count": 3727,
          "validation_count": 4114,
          "novel_validation_count": 1114,
          "base_validation_count": 3000,
          "updated_class_count": 40,
          "per_class_counts": {
            "60": 98,
            "61": 100,
            "62": 93,
            "63": 103,
            "64": 96,
            "65": 78,
            "66": 102,
            "67": 91,
            "68": 54,
            "69": 93,
            "70": 96,
            "71": 82,
            "72": 97,
            "73": 98,
            "74": 100,
            "75": 101,
            "76": 98,
            "77": 104,
            "78": 92,
            "79": 100,
            "80": 99,
            "81": 103,
            "82": 93,
            "83": 98,
            "84": 90,
            "85": 95,
            "86": 104,
            "87": 95,
            "88": 36,
            "89": 91,
            "90": 64,
            "91": 101,
            "92": 95,
            "93": 108,
            "94": 101,
            "95": 95,
            "96": 96,
            "97": 87,
            "98": 99,
            "99": 101
          },
          "per_class_update_counts": {
            "60": 69,
            "61": 70,
            "62": 65,
            "63": 72,
            "64": 67,
            "65": 55,
            "66": 71,
            "67": 64,
            "68": 38,
            "69": 65,
            "70": 67,
            "71": 57,
            "72": 68,
            "73": 69,
            "74": 70,
            "75": 71,
            "76": 69,
            "77": 73,
            "78": 64,
            "79": 70,
            "80": 69,
            "81": 72,
            "82": 65,
            "83": 69,
            "84": 63,
            "85": 67,
            "86": 73,
            "87": 67,
            "88": 25,
            "89": 64,
            "90": 45,
            "91": 71,
            "92": 67,
            "93": 76,
            "94": 71,
            "95": 67,
            "96": 67,
            "97": 61,
            "98": 69,
            "99": 71
          },
          "per_class_validation_counts": {
            "60": 29,
            "61": 30,
            "62": 28,
            "63": 31,
            "64": 29,
            "65": 23,
            "66": 31,
            "67": 27,
            "68": 16,
            "69": 28,
            "70": 29,
            "71": 25,
            "72": 29,
            "73": 29,
            "74": 30,
            "75": 30,
            "76": 29,
            "77": 31,
            "78": 28,
            "79": 30,
            "80": 30,
            "81": 31,
            "82": 28,
            "83": 29,
            "84": 27,
            "85": 28,
            "86": 31,
            "87": 28,
            "88": 11,
            "89": 27,
            "90": 19,
            "91": 30,
            "92": 28,
            "93": 32,
            "94": 30,
            "95": 28,
            "96": 29,
            "97": 26,
            "98": 30,
            "99": 30
          }
        }
      }
    }
  ]
}
