/media/ndag/newVolume/BiMC-test/models/clip/clip.py:23: UserWarning: PyTorch version 1.7.1 or higher is recommended
  warnings.warn("PyTorch version 1.7.1 or higher is recommended")
manual seed: 3
use gpu: ['0']
Loading CLIP (backbone: ViT-B/16)
Prompt template:['a photo of a {}.']
Loading DinoV2 ViT-B/14 from local hub: /home/ndag/.cache/torch/hub/facebookresearch_dinov2_main
/home/ndag/.cache/torch/hub/facebookresearch_dinov2_main/dinov2/layers/swiglu_ffn.py:51: UserWarning: xFormers is not available (SwiGLU)
  warnings.warn("xFormers is not available (SwiGLU)")
/home/ndag/.cache/torch/hub/facebookresearch_dinov2_main/dinov2/layers/attention.py:36: UserWarning: xFormers is not available (Attention)
  warnings.warn("xFormers is not available (Attention)")
/home/ndag/.cache/torch/hub/facebookresearch_dinov2_main/dinov2/layers/block.py:40: UserWarning: xFormers is not available (Block)
  warnings.warn("xFormers is not available (Block)")
Loading DinoV2 weights: /home/ndag/.cache/torch/hub/checkpoints/dinov2_vitb14_pretrain.pth
class names: ['Black footed Albatross' 'Laysan Albatross' 'Sooty Albatross'
 'Groove billed Ani' 'Crested Auklet' 'Least Auklet' 'Parakeet Auklet'
 'Rhinoceros Auklet' 'Brewer Blackbird' 'Red winged Blackbird'
 'Rusty Blackbird' 'Yellow headed Blackbird' 'Bobolink' 'Indigo Bunting'
 'Lazuli Bunting' 'Painted Bunting' 'Cardinal' 'Spotted Catbird'
 'Gray Catbird' 'Yellow breasted Chat' 'Eastern Towhee' 'Chuck will Widow'
 'Brandt Cormorant' 'Red faced Cormorant' 'Pelagic Cormorant'
 'Bronzed Cowbird' 'Shiny Cowbird' 'Brown Creeper' 'American Crow'
 'Fish Crow' 'Black billed Cuckoo' 'Mangrove Cuckoo'
 'Yellow billed Cuckoo' 'Gray crowned Rosy Finch' 'Purple Finch'
 'Northern Flicker' 'Acadian Flycatcher' 'Great Crested Flycatcher'
 'Least Flycatcher' 'Olive sided Flycatcher' 'Scissor tailed Flycatcher'
 'Vermilion Flycatcher' 'Yellow bellied Flycatcher' 'Frigatebird'
 'Northern Fulmar' 'Gadwall' 'American Goldfinch' 'European Goldfinch'
 'Boat tailed Grackle' 'Eared Grebe' 'Horned Grebe' 'Pied billed Grebe'
 'Western Grebe' 'Blue Grosbeak' 'Evening Grosbeak' 'Pine Grosbeak'
 'Rose breasted Grosbeak' 'Pigeon Guillemot' 'California Gull'
 'Glaucous winged Gull' 'Heermann Gull' 'Herring Gull' 'Ivory Gull'
 'Ring billed Gull' 'Slaty backed Gull' 'Western Gull' 'Anna Hummingbird'
 'Ruby throated Hummingbird' 'Rufous Hummingbird' 'Green Violetear'
 'Long tailed Jaeger' 'Pomarine Jaeger' 'Blue Jay' 'Florida Jay'
 'Green Jay' 'Dark eyed Junco' 'Tropical Kingbird' 'Gray Kingbird'
 'Belted Kingfisher' 'Green Kingfisher' 'Pied Kingfisher'
 'Ringed Kingfisher' 'White breasted Kingfisher' 'Red legged Kittiwake'
 'Horned Lark' 'Pacific Loon' 'Mallard' 'Western Meadowlark'
 'Hooded Merganser' 'Red breasted Merganser' 'Mockingbird' 'Nighthawk'
 'Clark Nutcracker' 'White breasted Nuthatch' 'Baltimore Oriole'
 'Hooded Oriole' 'Orchard Oriole' 'Scott Oriole' 'Ovenbird'
 'Brown Pelican']
all targets:tensor([ 0,  1,  2,  3,  4,  5,  6,  7,  8,  9, 10, 11, 12, 13, 14, 15, 16, 17,
        18, 19, 20, 21, 22, 23, 24, 25, 26, 27, 28, 29, 30, 31, 32, 33, 34, 35,
        36, 37, 38, 39, 40, 41, 42, 43, 44, 45, 46, 47, 48, 49, 50, 51, 52, 53,
        54, 55, 56, 57, 58, 59, 60, 61, 62, 63, 64, 65, 66, 67, 68, 69, 70, 71,
        72, 73, 74, 75, 76, 77, 78, 79, 80, 81, 82, 83, 84, 85, 86, 87, 88, 89,
        90, 91, 92, 93, 94, 95, 96, 97, 98, 99], device='cuda:0')
dino all targets:tensor([ 0,  1,  2,  3,  4,  5,  6,  7,  8,  9, 10, 11, 12, 13, 14, 15, 16, 17,
        18, 19, 20, 21, 22, 23, 24, 25, 26, 27, 28, 29, 30, 31, 32, 33, 34, 35,
        36, 37, 38, 39, 40, 41, 42, 43, 44, 45, 46, 47, 48, 49, 50, 51, 52, 53,
        54, 55, 56, 57, 58, 59, 60, 61, 62, 63, 64, 65, 66, 67, 68, 69, 70, 71,
        72, 73, 74, 75, 76, 77, 78, 79, 80, 81, 82, 83, 84, 85, 86, 87, 88, 89,
        90, 91, 92, 93, 94, 95, 96, 97, 98, 99], device='cuda:0')
finish loading CLIP/DinoV2 covariance
class names: ['White Pelican' 'Western Wood Pewee' 'Sayornis' 'American Pipit'
 'Whip poor Will' 'Horned Puffin' 'Common Raven' 'White necked Raven'
 'American Redstart' 'Geococcyx']
all targets:tensor([100, 101, 102, 103, 104, 105, 106, 107, 108, 109], device='cuda:0')
dino all targets:tensor([100, 101, 102, 103, 104, 105, 106, 107, 108, 109], device='cuda:0')
finish loading CLIP/DinoV2 covariance
class names: ['Loggerhead Shrike' 'Great Grey Shrike' 'Baird Sparrow'
 'Black throated Sparrow' 'Brewer Sparrow' 'Chipping Sparrow'
 'Clay colored Sparrow' 'House Sparrow' 'Field Sparrow' 'Fox Sparrow']
all targets:tensor([110, 111, 112, 113, 114, 115, 116, 117, 118, 119], device='cuda:0')
dino all targets:tensor([110, 111, 112, 113, 114, 115, 116, 117, 118, 119], device='cuda:0')
finish loading CLIP/DinoV2 covariance
class names: ['Grasshopper Sparrow' 'Harris Sparrow' 'Henslow Sparrow'
 'Le Conte Sparrow' 'Lincoln Sparrow' 'Nelson Sharp tailed Sparrow'
 'Savannah Sparrow' 'Seaside Sparrow' 'Song Sparrow' 'Tree Sparrow']
all targets:tensor([120, 121, 122, 123, 124, 125, 126, 127, 128, 129], device='cuda:0')
dino all targets:tensor([120, 121, 122, 123, 124, 125, 126, 127, 128, 129], device='cuda:0')
finish loading CLIP/DinoV2 covariance
class names: ['Vesper Sparrow' 'White crowned Sparrow' 'White throated Sparrow'
 'Cape Glossy Starling' 'Bank Swallow' 'Barn Swallow' 'Cliff Swallow'
 'Tree Swallow' 'Scarlet Tanager' 'Summer Tanager']
all targets:tensor([130, 131, 132, 133, 134, 135, 136, 137, 138, 139], device='cuda:0')
dino all targets:tensor([130, 131, 132, 133, 134, 135, 136, 137, 138, 139], device='cuda:0')
finish loading CLIP/DinoV2 covariance
class names: ['Artic Tern' 'Black Tern' 'Caspian Tern' 'Common Tern' 'Elegant Tern'
 'Forsters Tern' 'Least Tern' 'Green tailed Towhee' 'Brown Thrasher'
 'Sage Thrasher']
all targets:tensor([140, 141, 142, 143, 144, 145, 146, 147, 148, 149], device='cuda:0')
dino all targets:tensor([140, 141, 142, 143, 144, 145, 146, 147, 148, 149], device='cuda:0')
finish loading CLIP/DinoV2 covariance
class names: ['Black capped Vireo' 'Blue headed Vireo' 'Philadelphia Vireo'
 'Red eyed Vireo' 'Warbling Vireo' 'White eyed Vireo'
 'Yellow throated Vireo' 'Bay breasted Warbler' 'Black and white Warbler'
 'Black throated Blue Warbler']
all targets:tensor([150, 151, 152, 153, 154, 155, 156, 157, 158, 159], device='cuda:0')
dino all targets:tensor([150, 151, 152, 153, 154, 155, 156, 157, 158, 159], device='cuda:0')
finish loading CLIP/DinoV2 covariance
class names: ['Blue winged Warbler' 'Canada Warbler' 'Cape May Warbler'
 'Cerulean Warbler' 'Chestnut sided Warbler' 'Golden winged Warbler'
 'Hooded Warbler' 'Kentucky Warbler' 'Magnolia Warbler' 'Mourning Warbler']
all targets:tensor([160, 161, 162, 163, 164, 165, 166, 167, 168, 169], device='cuda:0')
dino all targets:tensor([160, 161, 162, 163, 164, 165, 166, 167, 168, 169], device='cuda:0')
finish loading CLIP/DinoV2 covariance
class names: ['Myrtle Warbler' 'Nashville Warbler' 'Orange crowned Warbler'
 'Palm Warbler' 'Pine Warbler' 'Prairie Warbler' 'Prothonotary Warbler'
 'Swainson Warbler' 'Tennessee Warbler' 'Wilson Warbler']
all targets:tensor([170, 171, 172, 173, 174, 175, 176, 177, 178, 179], device='cuda:0')
dino all targets:tensor([170, 171, 172, 173, 174, 175, 176, 177, 178, 179], device='cuda:0')
finish loading CLIP/DinoV2 covariance
class names: ['Worm eating Warbler' 'Yellow Warbler' 'Northern Waterthrush'
 'Louisiana Waterthrush' 'Bohemian Waxwing' 'Cedar Waxwing'
 'American Three toed Woodpecker' 'Pileated Woodpecker'
 'Red bellied Woodpecker' 'Red cockaded Woodpecker']
all targets:tensor([180, 181, 182, 183, 184, 185, 186, 187, 188, 189], device='cuda:0')
dino all targets:tensor([180, 181, 182, 183, 184, 185, 186, 187, 188, 189], device='cuda:0')
finish loading CLIP/DinoV2 covariance
class names: ['Red headed Woodpecker' 'Downy Woodpecker' 'Bewick Wren' 'Cactus Wren'
 'Carolina Wren' 'House Wren' 'Marsh Wren' 'Rock Wren' 'Winter Wren'
 'Common Yellowthroat']
all targets:tensor([190, 191, 192, 193, 194, 195, 196, 197, 198, 199], device='cuda:0')
dino all targets:tensor([190, 191, 192, 193, 194, 195, 196, 197, 198, 199], device='cuda:0')
finish loading CLIP/DinoV2 covariance
session 0: baseline=88.163 final=88.163 gain=0.000
session 1: baseline=86.223 final=86.701 gain=0.477
session 2: baseline=85.569 final=86.472 gain=0.904
session 3: baseline=84.254 final=85.247 gain=0.992
session 4: baseline=83.987 final=85.154 gain=1.167
session 5: baseline=83.172 final=84.166 gain=0.994
session 6: baseline=83.637 final=84.655 gain=1.019
session 7: baseline=83.954 final=85.013 gain=1.059
session 8: baseline=83.807 final=84.844 gain=1.037
session 9: baseline=84.310 final=85.329 gain=1.019
session 10: baseline=84.639 final=85.658 gain=1.018
{
  "dataset": "cub200",
  "seed": 3,
  "train_cfg": "experiments/bmvc_1256_20260508-124032/generated_configs/bimc_dino_fusion.yaml",
  "method": "sessionwise conservative query prototype refinement on bimc_dino_fusion with pseudo-validation alpha selection",
  "runtime_sec": 239.409,
  "alpha_grid": [
    0.5,
    0.75,
    1.0
  ],
  "alpha_selection": "pseudo_validation_no_test_labels",
  "mass_thr": 0.3,
  "min_count": 5,
  "val_fraction": 0.1,
  "base_val_conf_thr": 0.5,
  "base_val_max_per_class": 50,
  "fallback_alpha": 0.75,
  "topk_per_class": null,
  "baseline_acc_list": [
    88.163,
    86.223,
    85.569,
    84.254,
    83.987,
    83.172,
    83.637,
    83.954,
    83.807,
    84.31,
    84.639
  ],
  "final_acc_list": [
    88.163,
    86.701,
    86.472,
    85.247,
    85.154,
    84.166,
    84.655,
    85.013,
    84.844,
    85.329,
    85.658
  ],
  "gain_list": [
    0.0,
    0.477,
    0.904,
    0.992,
    1.167,
    0.994,
    1.019,
    1.059,
    1.037,
    1.019,
    1.018
  ],
  "baseline_avg": 84.701,
  "baseline_pd": 3.524,
  "final_avg": 85.582,
  "final_pd": 2.505,
  "gain_avg": 0.881,
  "session_results": [
    {
      "session": 0,
      "num_seen_classes": 100,
      "baseline_full_acc": 88.163,
      "baseline_base_acc": 88.163,
      "baseline_novel_acc": 0.0,
      "best_alpha": null,
      "final_full_acc": 88.163,
      "final_base_acc": 88.163,
      "final_novel_acc": 0.0,
      "final_gain": 0.0,
      "updated_class_count": 0,
      "gated_query_count": 0,
      "alpha_selection": {
        "mode": "not_applicable_base_session",
        "selected_alpha": null
      }
    },
    {
      "session": 1,
      "num_seen_classes": 110,
      "baseline_full_acc": 86.223,
      "baseline_base_acc": 88.024,
      "baseline_novel_acc": 67.742,
      "selected_alpha": 1.0,
      "final_full_acc": 86.701,
      "final_base_acc": 88.059,
      "final_novel_acc": 72.76,
      "final_gain": 0.477,
      "updated_class_count": 9,
      "gated_query_count": 202,
      "gated_base_count": 8,
      "gated_novel_count": 194,
      "alpha_selection": {
        "mode": "pseudo_validation",
        "fallback_used": false,
        "selected_alpha": 1.0,
        "candidates": [
          {
            "alpha": 0.5,
            "pseudo_val_score": -0.084837,
            "pseudo_val_nll": 0.084837,
            "pseudo_val_agreement": 99.614
          },
          {
            "alpha": 0.75,
            "pseudo_val_score": -0.084942,
            "pseudo_val_nll": 0.084942,
            "pseudo_val_agreement": 99.614
          },
          {
            "alpha": 1.0,
            "pseudo_val_score": -0.082727,
            "pseudo_val_nll": 0.082727,
            "pseudo_val_agreement": 99.755
          }
        ],
        "split": {
          "novel_gated_query_count": 202,
          "validation_count": 2852,
          "novel_validation_count": 20,
          "base_validation_count": 2832,
          "updated_class_count": 9,
          "per_class_counts": {
            "100": 19,
            "101": 8,
            "102": 11,
            "103": 30,
            "104": 1,
            "105": 30,
            "106": 21,
            "107": 23,
            "108": 28,
            "109": 31
          },
          "per_class_update_counts": {
            "100": 17,
            "101": 7,
            "102": 10,
            "103": 27,
            "104": 0,
            "105": 27,
            "106": 19,
            "107": 21,
            "108": 25,
            "109": 28
          },
          "per_class_validation_counts": {
            "100": 2,
            "101": 1,
            "102": 1,
            "103": 3,
            "104": 0,
            "105": 3,
            "106": 2,
            "107": 2,
            "108": 3,
            "109": 3
          }
        }
      }
    },
    {
      "session": 2,
      "num_seen_classes": 120,
      "baseline_full_acc": 85.569,
      "baseline_base_acc": 88.094,
      "baseline_novel_acc": 72.792,
      "selected_alpha": 0.5,
      "final_full_acc": 86.472,
      "final_base_acc": 88.094,
      "final_novel_acc": 78.269,
      "final_gain": 0.904,
      "updated_class_count": 19,
      "gated_query_count": 488,
      "gated_base_count": 8,
      "gated_novel_count": 480,
      "alpha_selection": {
        "mode": "pseudo_validation",
        "fallback_used": false,
        "selected_alpha": 0.5,
        "candidates": [
          {
            "alpha": 0.5,
            "pseudo_val_score": -0.094671,
            "pseudo_val_nll": 0.094671,
            "pseudo_val_agreement": 99.237
          },
          {
            "alpha": 0.75,
            "pseudo_val_score": -0.096812,
            "pseudo_val_nll": 0.096812,
            "pseudo_val_agreement": 99.202
          },
          {
            "alpha": 1.0,
            "pseudo_val_score": -0.096337,
            "pseudo_val_nll": 0.096337,
            "pseudo_val_agreement": 99.375
          }
        ],
        "split": {
          "novel_gated_query_count": 488,
          "validation_count": 2882,
          "novel_validation_count": 49,
          "base_validation_count": 2833,
          "updated_class_count": 19,
          "per_class_counts": {
            "100": 19,
            "101": 9,
            "102": 11,
            "103": 30,
            "104": 1,
            "105": 30,
            "106": 20,
            "107": 23,
            "108": 28,
            "109": 31,
            "110": 27,
            "111": 32,
            "112": 24,
            "113": 30,
            "114": 26,
            "115": 10,
            "116": 45,
            "117": 27,
            "118": 35,
            "119": 30
          },
          "per_class_update_counts": {
            "100": 17,
            "101": 8,
            "102": 10,
            "103": 27,
            "104": 0,
            "105": 27,
            "106": 18,
            "107": 21,
            "108": 25,
            "109": 28,
            "110": 24,
            "111": 29,
            "112": 22,
            "113": 27,
            "114": 23,
            "115": 9,
            "116": 41,
            "117": 24,
            "118": 31,
            "119": 27
          },
          "per_class_validation_counts": {
            "100": 2,
            "101": 1,
            "102": 1,
            "103": 3,
            "104": 0,
            "105": 3,
            "106": 2,
            "107": 2,
            "108": 3,
            "109": 3,
            "110": 3,
            "111": 3,
            "112": 2,
            "113": 3,
            "114": 3,
            "115": 1,
            "116": 4,
            "117": 3,
            "118": 4,
            "119": 3
          }
        }
      }
    },
    {
      "session": 3,
      "num_seen_classes": 130,
      "baseline_full_acc": 84.254,
      "baseline_base_acc": 88.059,
      "baseline_novel_acc": 71.644,
      "selected_alpha": 0.5,
      "final_full_acc": 85.247,
      "final_base_acc": 88.059,
      "final_novel_acc": 75.926,
      "final_gain": 0.992,
      "updated_class_count": 29,
      "gated_query_count": 785,
      "gated_base_count": 8,
      "gated_novel_count": 777,
      "alpha_selection": {
        "mode": "pseudo_validation",
        "fallback_used": false,
        "selected_alpha": 0.5,
        "candidates": [
          {
            "alpha": 0.5,
            "pseudo_val_score": -0.102702,
            "pseudo_val_nll": 0.102702,
            "pseudo_val_agreement": 98.9
          },
          {
            "alpha": 0.75,
            "pseudo_val_score": -0.106002,
            "pseudo_val_nll": 0.106002,
            "pseudo_val_agreement": 98.832
          },
          {
            "alpha": 1.0,
            "pseudo_val_score": -0.108036,
            "pseudo_val_nll": 0.108036,
            "pseudo_val_agreement": 98.935
          }
        ],
        "split": {
          "novel_gated_query_count": 785,
          "validation_count": 2910,
          "novel_validation_count": 77,
          "base_validation_count": 2833,
          "updated_class_count": 29,
          "per_class_counts": {
            "100": 19,
            "101": 9,
            "102": 11,
            "103": 30,
            "104": 1,
            "105": 30,
            "106": 20,
            "107": 23,
            "108": 28,
            "109": 30,
            "110": 27,
            "111": 32,
            "112": 22,
            "113": 30,
            "114": 27,
            "115": 9,
            "116": 42,
            "117": 41,
            "118": 34,
            "119": 26,
            "120": 28,
            "121": 28,
            "122": 42,
            "123": 24,
            "124": 32,
            "125": 25,
            "126": 32,
            "127": 24,
            "128": 38,
            "129": 21
          },
          "per_class_update_counts": {
            "100": 17,
            "101": 8,
            "102": 10,
            "103": 27,
            "104": 0,
            "105": 27,
            "106": 18,
            "107": 21,
            "108": 25,
            "109": 27,
            "110": 24,
            "111": 29,
            "112": 20,
            "113": 27,
            "114": 24,
            "115": 8,
            "116": 38,
            "117": 37,
            "118": 31,
            "119": 23,
            "120": 25,
            "121": 25,
            "122": 38,
            "123": 22,
            "124": 29,
            "125": 23,
            "126": 29,
            "127": 22,
            "128": 34,
            "129": 19
          },
          "per_class_validation_counts": {
            "100": 2,
            "101": 1,
            "102": 1,
            "103": 3,
            "104": 0,
            "105": 3,
            "106": 2,
            "107": 2,
            "108": 3,
            "109": 3,
            "110": 3,
            "111": 3,
            "112": 2,
            "113": 3,
            "114": 3,
            "115": 1,
            "116": 4,
            "117": 4,
            "118": 3,
            "119": 3,
            "120": 3,
            "121": 3,
            "122": 4,
            "123": 2,
            "124": 3,
            "125": 2,
            "126": 3,
            "127": 2,
            "128": 4,
            "129": 2
          }
        }
      }
    },
    {
      "session": 4,
      "num_seen_classes": 140,
      "baseline_full_acc": 83.987,
      "baseline_base_acc": 88.059,
      "baseline_novel_acc": 73.969,
      "selected_alpha": 0.5,
      "final_full_acc": 85.154,
      "final_base_acc": 88.024,
      "final_novel_acc": 78.093,
      "final_gain": 1.167,
      "updated_class_count": 39,
      "gated_query_count": 1079,
      "gated_base_count": 10,
      "gated_novel_count": 1069,
      "alpha_selection": {
        "mode": "pseudo_validation",
        "fallback_used": false,
        "selected_alpha": 0.5,
        "candidates": [
          {
            "alpha": 0.5,
            "pseudo_val_score": -0.108878,
            "pseudo_val_nll": 0.108878,
            "pseudo_val_agreement": 98.778
          },
          {
            "alpha": 0.75,
            "pseudo_val_score": -0.112125,
            "pseudo_val_nll": 0.112125,
            "pseudo_val_agreement": 98.575
          },
          {
            "alpha": 1.0,
            "pseudo_val_score": -0.114465,
            "pseudo_val_nll": 0.114465,
            "pseudo_val_agreement": 98.609
          }
        ],
        "split": {
          "novel_gated_query_count": 1079,
          "validation_count": 2947,
          "novel_validation_count": 109,
          "base_validation_count": 2838,
          "updated_class_count": 39,
          "per_class_counts": {
            "100": 19,
            "101": 10,
            "102": 11,
            "103": 30,
            "104": 1,
            "105": 30,
            "106": 20,
            "107": 23,
            "108": 29,
            "109": 30,
            "110": 27,
            "111": 32,
            "112": 22,
            "113": 30,
            "114": 27,
            "115": 6,
            "116": 36,
            "117": 41,
            "118": 32,
            "119": 26,
            "120": 28,
            "121": 28,
            "122": 42,
            "123": 24,
            "124": 32,
            "125": 25,
            "126": 33,
            "127": 24,
            "128": 37,
            "129": 16,
            "130": 30,
            "131": 39,
            "132": 37,
            "133": 28,
            "134": 28,
            "135": 51,
            "136": 8,
            "137": 28,
            "138": 29,
            "139": 30
          },
          "per_class_update_counts": {
            "100": 17,
            "101": 9,
            "102": 10,
            "103": 27,
            "104": 0,
            "105": 27,
            "106": 18,
            "107": 21,
            "108": 26,
            "109": 27,
            "110": 24,
            "111": 29,
            "112": 20,
            "113": 27,
            "114": 24,
            "115": 5,
            "116": 32,
            "117": 37,
            "118": 29,
            "119": 23,
            "120": 25,
            "121": 25,
            "122": 38,
            "123": 22,
            "124": 29,
            "125": 23,
            "126": 30,
            "127": 22,
            "128": 33,
            "129": 14,
            "130": 27,
            "131": 35,
            "132": 33,
            "133": 25,
            "134": 25,
            "135": 46,
            "136": 7,
            "137": 25,
            "138": 26,
            "139": 27
          },
          "per_class_validation_counts": {
            "100": 2,
            "101": 1,
            "102": 1,
            "103": 3,
            "104": 0,
            "105": 3,
            "106": 2,
            "107": 2,
            "108": 3,
            "109": 3,
            "110": 3,
            "111": 3,
            "112": 2,
            "113": 3,
            "114": 3,
            "115": 1,
            "116": 4,
            "117": 4,
            "118": 3,
            "119": 3,
            "120": 3,
            "121": 3,
            "122": 4,
            "123": 2,
            "124": 3,
            "125": 2,
            "126": 3,
            "127": 2,
            "128": 4,
            "129": 2,
            "130": 3,
            "131": 4,
            "132": 4,
            "133": 3,
            "134": 3,
            "135": 5,
            "136": 1,
            "137": 3,
            "138": 3,
            "139": 3
          }
        }
      }
    },
    {
      "session": 5,
      "num_seen_classes": 150,
      "baseline_full_acc": 83.172,
      "baseline_base_acc": 88.024,
      "baseline_novel_acc": 73.666,
      "selected_alpha": 0.5,
      "final_full_acc": 84.166,
      "final_base_acc": 87.989,
      "final_novel_acc": 76.676,
      "final_gain": 0.994,
      "updated_class_count": 49,
      "gated_query_count": 1378,
      "gated_base_count": 12,
      "gated_novel_count": 1366,
      "alpha_selection": {
        "mode": "pseudo_validation",
        "fallback_used": false,
        "selected_alpha": 0.5,
        "candidates": [
          {
            "alpha": 0.5,
            "pseudo_val_score": -0.116399,
            "pseudo_val_nll": 0.116399,
            "pseudo_val_agreement": 98.486
          },
          {
            "alpha": 0.75,
            "pseudo_val_score": -0.120533,
            "pseudo_val_nll": 0.120533,
            "pseudo_val_agreement": 98.351
          },
          {
            "alpha": 1.0,
            "pseudo_val_score": -0.123555,
            "pseudo_val_nll": 0.123555,
            "pseudo_val_agreement": 98.385
          }
        ],
        "split": {
          "novel_gated_query_count": 1378,
          "validation_count": 2972,
          "novel_validation_count": 138,
          "base_validation_count": 2834,
          "updated_class_count": 49,
          "per_class_counts": {
            "100": 19,
            "101": 10,
            "102": 11,
            "103": 30,
            "104": 1,
            "105": 30,
            "106": 20,
            "107": 23,
            "108": 29,
            "109": 30,
            "110": 27,
            "111": 32,
            "112": 22,
            "113": 30,
            "114": 27,
            "115": 6,
            "116": 36,
            "117": 41,
            "118": 32,
            "119": 26,
            "120": 28,
            "121": 28,
            "122": 42,
            "123": 24,
            "124": 32,
            "125": 25,
            "126": 33,
            "127": 24,
            "128": 37,
            "129": 16,
            "130": 30,
            "131": 39,
            "132": 37,
            "133": 28,
            "134": 28,
            "135": 51,
            "136": 8,
            "137": 28,
            "138": 29,
            "139": 30,
            "140": 34,
            "141": 22,
            "142": 41,
            "143": 23,
            "144": 20,
            "145": 42,
            "146": 28,
            "147": 30,
            "148": 30,
            "149": 29
          },
          "per_class_update_counts": {
            "100": 17,
            "101": 9,
            "102": 10,
            "103": 27,
            "104": 0,
            "105": 27,
            "106": 18,
            "107": 21,
            "108": 26,
            "109": 27,
            "110": 24,
            "111": 29,
            "112": 20,
            "113": 27,
            "114": 24,
            "115": 5,
            "116": 32,
            "117": 37,
            "118": 29,
            "119": 23,
            "120": 25,
            "121": 25,
            "122": 38,
            "123": 22,
            "124": 29,
            "125": 23,
            "126": 30,
            "127": 22,
            "128": 33,
            "129": 14,
            "130": 27,
            "131": 35,
            "132": 33,
            "133": 25,
            "134": 25,
            "135": 46,
            "136": 7,
            "137": 25,
            "138": 26,
            "139": 27,
            "140": 31,
            "141": 20,
            "142": 37,
            "143": 21,
            "144": 18,
            "145": 38,
            "146": 25,
            "147": 27,
            "148": 27,
            "149": 26
          },
          "per_class_validation_counts": {
            "100": 2,
            "101": 1,
            "102": 1,
            "103": 3,
            "104": 0,
            "105": 3,
            "106": 2,
            "107": 2,
            "108": 3,
            "109": 3,
            "110": 3,
            "111": 3,
            "112": 2,
            "113": 3,
            "114": 3,
            "115": 1,
            "116": 4,
            "117": 4,
            "118": 3,
            "119": 3,
            "120": 3,
            "121": 3,
            "122": 4,
            "123": 2,
            "124": 3,
            "125": 2,
            "126": 3,
            "127": 2,
            "128": 4,
            "129": 2,
            "130": 3,
            "131": 4,
            "132": 4,
            "133": 3,
            "134": 3,
            "135": 5,
            "136": 1,
            "137": 3,
            "138": 3,
            "139": 3,
            "140": 3,
            "141": 2,
            "142": 4,
            "143": 2,
            "144": 2,
            "145": 4,
            "146": 3,
            "147": 3,
            "148": 3,
            "149": 3
          }
        }
      }
    },
    {
      "session": 6,
      "num_seen_classes": 160,
      "baseline_full_acc": 83.637,
      "baseline_base_acc": 87.989,
      "baseline_novel_acc": 76.514,
      "selected_alpha": 0.5,
      "final_full_acc": 84.655,
      "final_base_acc": 87.954,
      "final_novel_acc": 79.257,
      "final_gain": 1.019,
      "updated_class_count": 59,
      "gated_query_count": 1670,
      "gated_base_count": 18,
      "gated_novel_count": 1652,
      "alpha_selection": {
        "mode": "pseudo_validation",
        "fallback_used": false,
        "selected_alpha": 0.5,
        "candidates": [
          {
            "alpha": 0.5,
            "pseudo_val_score": -0.12422,
            "pseudo_val_nll": 0.12422,
            "pseudo_val_agreement": 98.166
          },
          {
            "alpha": 0.75,
            "pseudo_val_score": -0.131593,
            "pseudo_val_nll": 0.131593,
            "pseudo_val_agreement": 97.933
          },
          {
            "alpha": 1.0,
            "pseudo_val_score": -0.137593,
            "pseudo_val_nll": 0.137593,
            "pseudo_val_agreement": 97.933
          }
        ],
        "split": {
          "novel_gated_query_count": 1670,
          "validation_count": 2999,
          "novel_validation_count": 168,
          "base_validation_count": 2831,
          "updated_class_count": 59,
          "per_class_counts": {
            "100": 19,
            "101": 10,
            "102": 11,
            "103": 30,
            "104": 1,
            "105": 30,
            "106": 20,
            "107": 23,
            "108": 27,
            "109": 30,
            "110": 27,
            "111": 32,
            "112": 22,
            "113": 30,
            "114": 27,
            "115": 6,
            "116": 36,
            "117": 41,
            "118": 32,
            "119": 26,
            "120": 28,
            "121": 28,
            "122": 42,
            "123": 24,
            "124": 32,
            "125": 25,
            "126": 33,
            "127": 24,
            "128": 37,
            "129": 16,
            "130": 30,
            "131": 39,
            "132": 37,
            "133": 28,
            "134": 28,
            "135": 51,
            "136": 8,
            "137": 28,
            "138": 29,
            "139": 30,
            "140": 34,
            "141": 22,
            "142": 41,
            "143": 23,
            "144": 20,
            "145": 42,
            "146": 28,
            "147": 29,
            "148": 30,
            "149": 29,
            "150": 22,
            "151": 28,
            "152": 37,
            "153": 29,
            "154": 28,
            "155": 32,
            "156": 30,
            "157": 29,
            "158": 30,
            "159": 30
          },
          "per_class_update_counts": {
            "100": 17,
            "101": 9,
            "102": 10,
            "103": 27,
            "104": 0,
            "105": 27,
            "106": 18,
            "107": 21,
            "108": 24,
            "109": 27,
            "110": 24,
            "111": 29,
            "112": 20,
            "113": 27,
            "114": 24,
            "115": 5,
            "116": 32,
            "117": 37,
            "118": 29,
            "119": 23,
            "120": 25,
            "121": 25,
            "122": 38,
            "123": 22,
            "124": 29,
            "125": 23,
            "126": 30,
            "127": 22,
            "128": 33,
            "129": 14,
            "130": 27,
            "131": 35,
            "132": 33,
            "133": 25,
            "134": 25,
            "135": 46,
            "136": 7,
            "137": 25,
            "138": 26,
            "139": 27,
            "140": 31,
            "141": 20,
            "142": 37,
            "143": 21,
            "144": 18,
            "145": 38,
            "146": 25,
            "147": 26,
            "148": 27,
            "149": 26,
            "150": 20,
            "151": 25,
            "152": 33,
            "153": 26,
            "154": 25,
            "155": 29,
            "156": 27,
            "157": 26,
            "158": 27,
            "159": 27
          },
          "per_class_validation_counts": {
            "100": 2,
            "101": 1,
            "102": 1,
            "103": 3,
            "104": 0,
            "105": 3,
            "106": 2,
            "107": 2,
            "108": 3,
            "109": 3,
            "110": 3,
            "111": 3,
            "112": 2,
            "113": 3,
            "114": 3,
            "115": 1,
            "116": 4,
            "117": 4,
            "118": 3,
            "119": 3,
            "120": 3,
            "121": 3,
            "122": 4,
            "123": 2,
            "124": 3,
            "125": 2,
            "126": 3,
            "127": 2,
            "128": 4,
            "129": 2,
            "130": 3,
            "131": 4,
            "132": 4,
            "133": 3,
            "134": 3,
            "135": 5,
            "136": 1,
            "137": 3,
            "138": 3,
            "139": 3,
            "140": 3,
            "141": 2,
            "142": 4,
            "143": 2,
            "144": 2,
            "145": 4,
            "146": 3,
            "147": 3,
            "148": 3,
            "149": 3,
            "150": 2,
            "151": 3,
            "152": 4,
            "153": 3,
            "154": 3,
            "155": 3,
            "156": 3,
            "157": 3,
            "158": 3,
            "159": 3
          }
        }
      }
    },
    {
      "session": 7,
      "num_seen_classes": 170,
      "baseline_full_acc": 83.954,
      "baseline_base_acc": 87.849,
      "baseline_novel_acc": 78.505,
      "selected_alpha": 0.5,
      "final_full_acc": 85.013,
      "final_base_acc": 87.814,
      "final_novel_acc": 81.094,
      "final_gain": 1.059,
      "updated_class_count": 69,
      "gated_query_count": 1968,
      "gated_base_count": 19,
      "gated_novel_count": 1949,
      "alpha_selection": {
        "mode": "pseudo_validation",
        "fallback_used": false,
        "selected_alpha": 0.5,
        "candidates": [
          {
            "alpha": 0.5,
            "pseudo_val_score": -0.130615,
            "pseudo_val_nll": 0.130615,
            "pseudo_val_agreement": 97.919
          },
          {
            "alpha": 0.75,
            "pseudo_val_score": -0.138432,
            "pseudo_val_nll": 0.138432,
            "pseudo_val_agreement": 97.655
          },
          {
            "alpha": 1.0,
            "pseudo_val_score": -0.145158,
            "pseudo_val_nll": 0.145158,
            "pseudo_val_agreement": 97.622
          }
        ],
        "split": {
          "novel_gated_query_count": 1968,
          "validation_count": 3028,
          "novel_validation_count": 197,
          "base_validation_count": 2831,
          "updated_class_count": 69,
          "per_class_counts": {
            "100": 19,
            "101": 10,
            "102": 11,
            "103": 30,
            "104": 1,
            "105": 30,
            "106": 20,
            "107": 23,
            "108": 27,
            "109": 30,
            "110": 27,
            "111": 32,
            "112": 22,
            "113": 30,
            "114": 27,
            "115": 6,
            "116": 36,
            "117": 41,
            "118": 32,
            "119": 26,
            "120": 28,
            "121": 28,
            "122": 42,
            "123": 24,
            "124": 32,
            "125": 25,
            "126": 33,
            "127": 24,
            "128": 37,
            "129": 16,
            "130": 30,
            "131": 39,
            "132": 37,
            "133": 28,
            "134": 28,
            "135": 51,
            "136": 8,
            "137": 28,
            "138": 29,
            "139": 30,
            "140": 34,
            "141": 22,
            "142": 41,
            "143": 23,
            "144": 20,
            "145": 42,
            "146": 28,
            "147": 29,
            "148": 30,
            "149": 29,
            "150": 22,
            "151": 31,
            "152": 38,
            "153": 30,
            "154": 28,
            "155": 33,
            "156": 28,
            "157": 30,
            "158": 31,
            "159": 30,
            "160": 34,
            "161": 27,
            "162": 31,
            "163": 30,
            "164": 25,
            "165": 27,
            "166": 21,
            "167": 42,
            "168": 27,
            "169": 28
          },
          "per_class_update_counts": {
            "100": 17,
            "101": 9,
            "102": 10,
            "103": 27,
            "104": 0,
            "105": 27,
            "106": 18,
            "107": 21,
            "108": 24,
            "109": 27,
            "110": 24,
            "111": 29,
            "112": 20,
            "113": 27,
            "114": 24,
            "115": 5,
            "116": 32,
            "117": 37,
            "118": 29,
            "119": 23,
            "120": 25,
            "121": 25,
            "122": 38,
            "123": 22,
            "124": 29,
            "125": 23,
            "126": 30,
            "127": 22,
            "128": 33,
            "129": 14,
            "130": 27,
            "131": 35,
            "132": 33,
            "133": 25,
            "134": 25,
            "135": 46,
            "136": 7,
            "137": 25,
            "138": 26,
            "139": 27,
            "140": 31,
            "141": 20,
            "142": 37,
            "143": 21,
            "144": 18,
            "145": 38,
            "146": 25,
            "147": 26,
            "148": 27,
            "149": 26,
            "150": 20,
            "151": 28,
            "152": 34,
            "153": 27,
            "154": 25,
            "155": 30,
            "156": 25,
            "157": 27,
            "158": 28,
            "159": 27,
            "160": 31,
            "161": 24,
            "162": 28,
            "163": 27,
            "164": 23,
            "165": 24,
            "166": 19,
            "167": 38,
            "168": 24,
            "169": 25
          },
          "per_class_validation_counts": {
            "100": 2,
            "101": 1,
            "102": 1,
            "103": 3,
            "104": 0,
            "105": 3,
            "106": 2,
            "107": 2,
            "108": 3,
            "109": 3,
            "110": 3,
            "111": 3,
            "112": 2,
            "113": 3,
            "114": 3,
            "115": 1,
            "116": 4,
            "117": 4,
            "118": 3,
            "119": 3,
            "120": 3,
            "121": 3,
            "122": 4,
            "123": 2,
            "124": 3,
            "125": 2,
            "126": 3,
            "127": 2,
            "128": 4,
            "129": 2,
            "130": 3,
            "131": 4,
            "132": 4,
            "133": 3,
            "134": 3,
            "135": 5,
            "136": 1,
            "137": 3,
            "138": 3,
            "139": 3,
            "140": 3,
            "141": 2,
            "142": 4,
            "143": 2,
            "144": 2,
            "145": 4,
            "146": 3,
            "147": 3,
            "148": 3,
            "149": 3,
            "150": 2,
            "151": 3,
            "152": 4,
            "153": 3,
            "154": 3,
            "155": 3,
            "156": 3,
            "157": 3,
            "158": 3,
            "159": 3,
            "160": 3,
            "161": 3,
            "162": 3,
            "163": 3,
            "164": 2,
            "165": 3,
            "166": 2,
            "167": 4,
            "168": 3,
            "169": 3
          }
        }
      }
    },
    {
      "session": 8,
      "num_seen_classes": 180,
      "baseline_full_acc": 83.807,
      "baseline_base_acc": 87.849,
      "baseline_novel_acc": 78.864,
      "selected_alpha": 0.5,
      "final_full_acc": 84.844,
      "final_base_acc": 87.814,
      "final_novel_acc": 81.213,
      "final_gain": 1.037,
      "updated_class_count": 79,
      "gated_query_count": 2261,
      "gated_base_count": 20,
      "gated_novel_count": 2241,
      "alpha_selection": {
        "mode": "pseudo_validation",
        "fallback_used": false,
        "selected_alpha": 0.5,
        "candidates": [
          {
            "alpha": 0.5,
            "pseudo_val_score": -0.139441,
            "pseudo_val_nll": 0.139441,
            "pseudo_val_agreement": 97.68
          },
          {
            "alpha": 0.75,
            "pseudo_val_score": -0.149386,
            "pseudo_val_nll": 0.149386,
            "pseudo_val_agreement": 97.452
          },
          {
            "alpha": 1.0,
            "pseudo_val_score": -0.158741,
            "pseudo_val_nll": 0.158741,
            "pseudo_val_agreement": 97.419
          }
        ],
        "split": {
          "novel_gated_query_count": 2261,
          "validation_count": 3061,
          "novel_validation_count": 228,
          "base_validation_count": 2833,
          "updated_class_count": 79,
          "per_class_counts": {
            "100": 19,
            "101": 10,
            "102": 11,
            "103": 30,
            "104": 1,
            "105": 30,
            "106": 20,
            "107": 23,
            "108": 28,
            "109": 30,
            "110": 27,
            "111": 32,
            "112": 22,
            "113": 30,
            "114": 27,
            "115": 6,
            "116": 36,
            "117": 40,
            "118": 32,
            "119": 26,
            "120": 28,
            "121": 28,
            "122": 42,
            "123": 24,
            "124": 32,
            "125": 25,
            "126": 33,
            "127": 24,
            "128": 37,
            "129": 16,
            "130": 30,
            "131": 40,
            "132": 37,
            "133": 28,
            "134": 28,
            "135": 51,
            "136": 8,
            "137": 28,
            "138": 29,
            "139": 30,
            "140": 34,
            "141": 22,
            "142": 41,
            "143": 23,
            "144": 20,
            "145": 42,
            "146": 28,
            "147": 29,
            "148": 30,
            "149": 29,
            "150": 22,
            "151": 30,
            "152": 37,
            "153": 30,
            "154": 29,
            "155": 33,
            "156": 32,
            "157": 30,
            "158": 31,
            "159": 30,
            "160": 28,
            "161": 25,
            "162": 31,
            "163": 30,
            "164": 26,
            "165": 27,
            "166": 20,
            "167": 33,
            "168": 26,
            "169": 28,
            "170": 28,
            "171": 30,
            "172": 51,
            "173": 29,
            "174": 29,
            "175": 34,
            "176": 36,
            "177": 26,
            "178": 6,
            "179": 38
          },
          "per_class_update_counts": {
            "100": 17,
            "101": 9,
            "102": 10,
            "103": 27,
            "104": 0,
            "105": 27,
            "106": 18,
            "107": 21,
            "108": 25,
            "109": 27,
            "110": 24,
            "111": 29,
            "112": 20,
            "113": 27,
            "114": 24,
            "115": 5,
            "116": 32,
            "117": 36,
            "118": 29,
            "119": 23,
            "120": 25,
            "121": 25,
            "122": 38,
            "123": 22,
            "124": 29,
            "125": 23,
            "126": 30,
            "127": 22,
            "128": 33,
            "129": 14,
            "130": 27,
            "131": 36,
            "132": 33,
            "133": 25,
            "134": 25,
            "135": 46,
            "136": 7,
            "137": 25,
            "138": 26,
            "139": 27,
            "140": 31,
            "141": 20,
            "142": 37,
            "143": 21,
            "144": 18,
            "145": 38,
            "146": 25,
            "147": 26,
            "148": 27,
            "149": 26,
            "150": 20,
            "151": 27,
            "152": 33,
            "153": 27,
            "154": 26,
            "155": 30,
            "156": 29,
            "157": 27,
            "158": 28,
            "159": 27,
            "160": 25,
            "161": 23,
            "162": 28,
            "163": 27,
            "164": 23,
            "165": 24,
            "166": 18,
            "167": 30,
            "168": 23,
            "169": 25,
            "170": 25,
            "171": 27,
            "172": 46,
            "173": 26,
            "174": 26,
            "175": 31,
            "176": 32,
            "177": 23,
            "178": 5,
            "179": 34
          },
          "per_class_validation_counts": {
            "100": 2,
            "101": 1,
            "102": 1,
            "103": 3,
            "104": 0,
            "105": 3,
            "106": 2,
            "107": 2,
            "108": 3,
            "109": 3,
            "110": 3,
            "111": 3,
            "112": 2,
            "113": 3,
            "114": 3,
            "115": 1,
            "116": 4,
            "117": 4,
            "118": 3,
            "119": 3,
            "120": 3,
            "121": 3,
            "122": 4,
            "123": 2,
            "124": 3,
            "125": 2,
            "126": 3,
            "127": 2,
            "128": 4,
            "129": 2,
            "130": 3,
            "131": 4,
            "132": 4,
            "133": 3,
            "134": 3,
            "135": 5,
            "136": 1,
            "137": 3,
            "138": 3,
            "139": 3,
            "140": 3,
            "141": 2,
            "142": 4,
            "143": 2,
            "144": 2,
            "145": 4,
            "146": 3,
            "147": 3,
            "148": 3,
            "149": 3,
            "150": 2,
            "151": 3,
            "152": 4,
            "153": 3,
            "154": 3,
            "155": 3,
            "156": 3,
            "157": 3,
            "158": 3,
            "159": 3,
            "160": 3,
            "161": 2,
            "162": 3,
            "163": 3,
            "164": 3,
            "165": 3,
            "166": 2,
            "167": 3,
            "168": 3,
            "169": 3,
            "170": 3,
            "171": 3,
            "172": 5,
            "173": 3,
            "174": 3,
            "175": 3,
            "176": 4,
            "177": 3,
            "178": 1,
            "179": 4
          }
        }
      }
    },
    {
      "session": 9,
      "num_seen_classes": 190,
      "baseline_full_acc": 84.31,
      "baseline_base_acc": 87.814,
      "baseline_novel_acc": 80.494,
      "selected_alpha": 0.5,
      "final_full_acc": 85.329,
      "final_base_acc": 87.779,
      "final_novel_acc": 82.662,
      "final_gain": 1.019,
      "updated_class_count": 89,
      "gated_query_count": 2549,
      "gated_base_count": 20,
      "gated_novel_count": 2529,
      "alpha_selection": {
        "mode": "pseudo_validation",
        "fallback_used": false,
        "selected_alpha": 0.5,
        "candidates": [
          {
            "alpha": 0.5,
            "pseudo_val_score": -0.144741,
            "pseudo_val_nll": 0.144741,
            "pseudo_val_agreement": 97.48
          },
          {
            "alpha": 0.75,
            "pseudo_val_score": -0.155163,
            "pseudo_val_nll": 0.155163,
            "pseudo_val_agreement": 97.254
          },
          {
            "alpha": 1.0,
            "pseudo_val_score": -0.165118,
            "pseudo_val_nll": 0.165118,
            "pseudo_val_agreement": 97.157
          }
        ],
        "split": {
          "novel_gated_query_count": 2549,
          "validation_count": 3095,
          "novel_validation_count": 257,
          "base_validation_count": 2838,
          "updated_class_count": 89,
          "per_class_counts": {
            "100": 19,
            "101": 10,
            "102": 11,
            "103": 30,
            "104": 1,
            "105": 30,
            "106": 20,
            "107": 23,
            "108": 28,
            "109": 30,
            "110": 27,
            "111": 32,
            "112": 22,
            "113": 30,
            "114": 27,
            "115": 6,
            "116": 36,
            "117": 40,
            "118": 32,
            "119": 26,
            "120": 28,
            "121": 28,
            "122": 42,
            "123": 24,
            "124": 32,
            "125": 25,
            "126": 33,
            "127": 24,
            "128": 37,
            "129": 16,
            "130": 30,
            "131": 39,
            "132": 37,
            "133": 28,
            "134": 28,
            "135": 51,
            "136": 8,
            "137": 28,
            "138": 29,
            "139": 30,
            "140": 34,
            "141": 22,
            "142": 41,
            "143": 23,
            "144": 20,
            "145": 42,
            "146": 28,
            "147": 29,
            "148": 30,
            "149": 29,
            "150": 22,
            "151": 30,
            "152": 37,
            "153": 30,
            "154": 29,
            "155": 33,
            "156": 32,
            "157": 30,
            "158": 31,
            "159": 30,
            "160": 27,
            "161": 25,
            "162": 31,
            "163": 30,
            "164": 26,
            "165": 27,
            "166": 20,
            "167": 33,
            "168": 26,
            "169": 28,
            "170": 28,
            "171": 30,
            "172": 51,
            "173": 29,
            "174": 30,
            "175": 34,
            "176": 36,
            "177": 26,
            "178": 6,
            "179": 36,
            "180": 30,
            "181": 32,
            "182": 37,
            "183": 23,
            "184": 29,
            "185": 31,
            "186": 21,
            "187": 30,
            "188": 30,
            "189": 28
          },
          "per_class_update_counts": {
            "100": 17,
            "101": 9,
            "102": 10,
            "103": 27,
            "104": 0,
            "105": 27,
            "106": 18,
            "107": 21,
            "108": 25,
            "109": 27,
            "110": 24,
            "111": 29,
            "112": 20,
            "113": 27,
            "114": 24,
            "115": 5,
            "116": 32,
            "117": 36,
            "118": 29,
            "119": 23,
            "120": 25,
            "121": 25,
            "122": 38,
            "123": 22,
            "124": 29,
            "125": 23,
            "126": 30,
            "127": 22,
            "128": 33,
            "129": 14,
            "130": 27,
            "131": 35,
            "132": 33,
            "133": 25,
            "134": 25,
            "135": 46,
            "136": 7,
            "137": 25,
            "138": 26,
            "139": 27,
            "140": 31,
            "141": 20,
            "142": 37,
            "143": 21,
            "144": 18,
            "145": 38,
            "146": 25,
            "147": 26,
            "148": 27,
            "149": 26,
            "150": 20,
            "151": 27,
            "152": 33,
            "153": 27,
            "154": 26,
            "155": 30,
            "156": 29,
            "157": 27,
            "158": 28,
            "159": 27,
            "160": 24,
            "161": 23,
            "162": 28,
            "163": 27,
            "164": 23,
            "165": 24,
            "166": 18,
            "167": 30,
            "168": 23,
            "169": 25,
            "170": 25,
            "171": 27,
            "172": 46,
            "173": 26,
            "174": 27,
            "175": 31,
            "176": 32,
            "177": 23,
            "178": 5,
            "179": 32,
            "180": 27,
            "181": 29,
            "182": 33,
            "183": 21,
            "184": 26,
            "185": 28,
            "186": 19,
            "187": 27,
            "188": 27,
            "189": 25
          },
          "per_class_validation_counts": {
            "100": 2,
            "101": 1,
            "102": 1,
            "103": 3,
            "104": 0,
            "105": 3,
            "106": 2,
            "107": 2,
            "108": 3,
            "109": 3,
            "110": 3,
            "111": 3,
            "112": 2,
            "113": 3,
            "114": 3,
            "115": 1,
            "116": 4,
            "117": 4,
            "118": 3,
            "119": 3,
            "120": 3,
            "121": 3,
            "122": 4,
            "123": 2,
            "124": 3,
            "125": 2,
            "126": 3,
            "127": 2,
            "128": 4,
            "129": 2,
            "130": 3,
            "131": 4,
            "132": 4,
            "133": 3,
            "134": 3,
            "135": 5,
            "136": 1,
            "137": 3,
            "138": 3,
            "139": 3,
            "140": 3,
            "141": 2,
            "142": 4,
            "143": 2,
            "144": 2,
            "145": 4,
            "146": 3,
            "147": 3,
            "148": 3,
            "149": 3,
            "150": 2,
            "151": 3,
            "152": 4,
            "153": 3,
            "154": 3,
            "155": 3,
            "156": 3,
            "157": 3,
            "158": 3,
            "159": 3,
            "160": 3,
            "161": 2,
            "162": 3,
            "163": 3,
            "164": 3,
            "165": 3,
            "166": 2,
            "167": 3,
            "168": 3,
            "169": 3,
            "170": 3,
            "171": 3,
            "172": 5,
            "173": 3,
            "174": 3,
            "175": 3,
            "176": 4,
            "177": 3,
            "178": 1,
            "179": 4,
            "180": 3,
            "181": 3,
            "182": 4,
            "183": 2,
            "184": 3,
            "185": 3,
            "186": 2,
            "187": 3,
            "188": 3,
            "189": 3
          }
        }
      }
    },
    {
      "session": 10,
      "num_seen_classes": 200,
      "baseline_full_acc": 84.639,
      "baseline_base_acc": 87.814,
      "baseline_novel_acc": 81.536,
      "selected_alpha": 0.5,
      "final_full_acc": 85.658,
      "final_base_acc": 87.779,
      "final_novel_acc": 83.584,
      "final_gain": 1.018,
      "updated_class_count": 99,
      "gated_query_count": 2848,
      "gated_base_count": 20,
      "gated_novel_count": 2828,
      "alpha_selection": {
        "mode": "pseudo_validation",
        "fallback_used": false,
        "selected_alpha": 0.5,
        "candidates": [
          {
            "alpha": 0.5,
            "pseudo_val_score": -0.149528,
            "pseudo_val_nll": 0.149528,
            "pseudo_val_agreement": 97.374
          },
          {
            "alpha": 0.75,
            "pseudo_val_score": -0.160546,
            "pseudo_val_nll": 0.160546,
            "pseudo_val_agreement": 97.15
          },
          {
            "alpha": 1.0,
            "pseudo_val_score": -0.170868,
            "pseudo_val_nll": 0.170868,
            "pseudo_val_agreement": 96.99
          }
        ],
        "split": {
          "novel_gated_query_count": 2848,
          "validation_count": 3123,
          "novel_validation_count": 285,
          "base_validation_count": 2838,
          "updated_class_count": 99,
          "per_class_counts": {
            "100": 19,
            "101": 10,
            "102": 11,
            "103": 30,
            "104": 1,
            "105": 30,
            "106": 20,
            "107": 23,
            "108": 28,
            "109": 30,
            "110": 27,
            "111": 32,
            "112": 22,
            "113": 30,
            "114": 27,
            "115": 7,
            "116": 36,
            "117": 40,
            "118": 32,
            "119": 26,
            "120": 28,
            "121": 28,
            "122": 42,
            "123": 24,
            "124": 32,
            "125": 25,
            "126": 33,
            "127": 24,
            "128": 38,
            "129": 16,
            "130": 30,
            "131": 39,
            "132": 37,
            "133": 28,
            "134": 28,
            "135": 51,
            "136": 8,
            "137": 28,
            "138": 29,
            "139": 30,
            "140": 34,
            "141": 22,
            "142": 41,
            "143": 23,
            "144": 20,
            "145": 42,
            "146": 28,
            "147": 29,
            "148": 29,
            "149": 29,
            "150": 22,
            "151": 30,
            "152": 37,
            "153": 30,
            "154": 29,
            "155": 33,
            "156": 32,
            "157": 30,
            "158": 31,
            "159": 30,
            "160": 27,
            "161": 25,
            "162": 31,
            "163": 30,
            "164": 26,
            "165": 27,
            "166": 20,
            "167": 32,
            "168": 26,
            "169": 28,
            "170": 28,
            "171": 30,
            "172": 51,
            "173": 29,
            "174": 30,
            "175": 34,
            "176": 36,
            "177": 25,
            "178": 6,
            "179": 36,
            "180": 30,
            "181": 32,
            "182": 37,
            "183": 23,
            "184": 29,
            "185": 31,
            "186": 20,
            "187": 30,
            "188": 33,
            "189": 28,
            "190": 27,
            "191": 31,
            "192": 29,
            "193": 30,
            "194": 40,
            "195": 32,
            "196": 25,
            "197": 29,
            "198": 24,
            "199": 31
          },
          "per_class_update_counts": {
            "100": 17,
            "101": 9,
            "102": 10,
            "103": 27,
            "104": 0,
            "105": 27,
            "106": 18,
            "107": 21,
            "108": 25,
            "109": 27,
            "110": 24,
            "111": 29,
            "112": 20,
            "113": 27,
            "114": 24,
            "115": 6,
            "116": 32,
            "117": 36,
            "118": 29,
            "119": 23,
            "120": 25,
            "121": 25,
            "122": 38,
            "123": 22,
            "124": 29,
            "125": 23,
            "126": 30,
            "127": 22,
            "128": 34,
            "129": 14,
            "130": 27,
            "131": 35,
            "132": 33,
            "133": 25,
            "134": 25,
            "135": 46,
            "136": 7,
            "137": 25,
            "138": 26,
            "139": 27,
            "140": 31,
            "141": 20,
            "142": 37,
            "143": 21,
            "144": 18,
            "145": 38,
            "146": 25,
            "147": 26,
            "148": 26,
            "149": 26,
            "150": 20,
            "151": 27,
            "152": 33,
            "153": 27,
            "154": 26,
            "155": 30,
            "156": 29,
            "157": 27,
            "158": 28,
            "159": 27,
            "160": 24,
            "161": 23,
            "162": 28,
            "163": 27,
            "164": 23,
            "165": 24,
            "166": 18,
            "167": 29,
            "168": 23,
            "169": 25,
            "170": 25,
            "171": 27,
            "172": 46,
            "173": 26,
            "174": 27,
            "175": 31,
            "176": 32,
            "177": 23,
            "178": 5,
            "179": 32,
            "180": 27,
            "181": 29,
            "182": 33,
            "183": 21,
            "184": 26,
            "185": 28,
            "186": 18,
            "187": 27,
            "188": 30,
            "189": 25,
            "190": 24,
            "191": 28,
            "192": 26,
            "193": 27,
            "194": 36,
            "195": 29,
            "196": 23,
            "197": 26,
            "198": 22,
            "199": 28
          },
          "per_class_validation_counts": {
            "100": 2,
            "101": 1,
            "102": 1,
            "103": 3,
            "104": 0,
            "105": 3,
            "106": 2,
            "107": 2,
            "108": 3,
            "109": 3,
            "110": 3,
            "111": 3,
            "112": 2,
            "113": 3,
            "114": 3,
            "115": 1,
            "116": 4,
            "117": 4,
            "118": 3,
            "119": 3,
            "120": 3,
            "121": 3,
            "122": 4,
            "123": 2,
            "124": 3,
            "125": 2,
            "126": 3,
            "127": 2,
            "128": 4,
            "129": 2,
            "130": 3,
            "131": 4,
            "132": 4,
            "133": 3,
            "134": 3,
            "135": 5,
            "136": 1,
            "137": 3,
            "138": 3,
            "139": 3,
            "140": 3,
            "141": 2,
            "142": 4,
            "143": 2,
            "144": 2,
            "145": 4,
            "146": 3,
            "147": 3,
            "148": 3,
            "149": 3,
            "150": 2,
            "151": 3,
            "152": 4,
            "153": 3,
            "154": 3,
            "155": 3,
            "156": 3,
            "157": 3,
            "158": 3,
            "159": 3,
            "160": 3,
            "161": 2,
            "162": 3,
            "163": 3,
            "164": 3,
            "165": 3,
            "166": 2,
            "167": 3,
            "168": 3,
            "169": 3,
            "170": 3,
            "171": 3,
            "172": 5,
            "173": 3,
            "174": 3,
            "175": 3,
            "176": 4,
            "177": 2,
            "178": 1,
            "179": 4,
            "180": 3,
            "181": 3,
            "182": 4,
            "183": 2,
            "184": 3,
            "185": 3,
            "186": 2,
            "187": 3,
            "188": 3,
            "189": 3,
            "190": 3,
            "191": 3,
            "192": 3,
            "193": 3,
            "194": 4,
            "195": 3,
            "196": 2,
            "197": 3,
            "198": 2,
            "199": 3
          }
        }
      }
    }
  ]
}
