/media/ndag/newVolume/BiMC-test/models/clip/clip.py:23: UserWarning: PyTorch version 1.7.1 or higher is recommended
  warnings.warn("PyTorch version 1.7.1 or higher is recommended")
manual seed: 3
use gpu: ['0']
Files already downloaded and verified
Files already downloaded and verified
Loading CLIP (backbone: ViT-B/16)
Prompt template:['a photo of a {}.']
Loading DinoV2 ViT-B/14 from local hub: /home/ndag/.cache/torch/hub/facebookresearch_dinov2_main
/home/ndag/.cache/torch/hub/facebookresearch_dinov2_main/dinov2/layers/swiglu_ffn.py:51: UserWarning: xFormers is not available (SwiGLU)
  warnings.warn("xFormers is not available (SwiGLU)")
/home/ndag/.cache/torch/hub/facebookresearch_dinov2_main/dinov2/layers/attention.py:36: UserWarning: xFormers is not available (Attention)
  warnings.warn("xFormers is not available (Attention)")
/home/ndag/.cache/torch/hub/facebookresearch_dinov2_main/dinov2/layers/block.py:40: UserWarning: xFormers is not available (Block)
  warnings.warn("xFormers is not available (Block)")
Loading DinoV2 weights: /home/ndag/.cache/torch/hub/checkpoints/dinov2_vitb14_pretrain.pth
class names: ['apple' 'aquarium fish' 'baby' 'bear' 'beaver' 'bed' 'bee' 'beetle'
 'bicycle' 'bottle' 'bowl' 'boy' 'bridge' 'bus' 'butterfly' 'camel' 'can'
 'castle' 'caterpillar' 'cattle' 'chair' 'chimpanzee' 'clock' 'cloud'
 'cockroach' 'couch' 'crab' 'crocodile' 'cup' 'dinosaur' 'dolphin'
 'elephant' 'flatfish' 'forest' 'fox' 'girl' 'hamster' 'house' 'kangaroo'
 'keyboard' 'lamp' 'lawn mower' 'leopard' 'lion' 'lizard' 'lobster' 'man'
 'maple tree' 'motorcycle' 'mountain' 'mouse' 'mushroom' 'oak tree'
 'orange' 'orchid' 'otter' 'palm tree' 'pear' 'pickup truck' 'pine tree']
all targets:tensor([ 0,  1,  2,  3,  4,  5,  6,  7,  8,  9, 10, 11, 12, 13, 14, 15, 16, 17,
        18, 19, 20, 21, 22, 23, 24, 25, 26, 27, 28, 29, 30, 31, 32, 33, 34, 35,
        36, 37, 38, 39, 40, 41, 42, 43, 44, 45, 46, 47, 48, 49, 50, 51, 52, 53,
        54, 55, 56, 57, 58, 59], device='cuda:0')
dino all targets:tensor([ 0,  1,  2,  3,  4,  5,  6,  7,  8,  9, 10, 11, 12, 13, 14, 15, 16, 17,
        18, 19, 20, 21, 22, 23, 24, 25, 26, 27, 28, 29, 30, 31, 32, 33, 34, 35,
        36, 37, 38, 39, 40, 41, 42, 43, 44, 45, 46, 47, 48, 49, 50, 51, 52, 53,
        54, 55, 56, 57, 58, 59], device='cuda:0')
finish loading CLIP/DinoV2 covariance
class names: ['plain' 'plate' 'poppy' 'porcupine' 'possum']
all targets:tensor([60, 61, 62, 63, 64], device='cuda:0')
dino all targets:tensor([60, 61, 62, 63, 64], device='cuda:0')
finish loading CLIP/DinoV2 covariance
class names: ['rabbit' 'raccoon' 'ray' 'road' 'rocket']
all targets:tensor([65, 66, 67, 68, 69], device='cuda:0')
dino all targets:tensor([65, 66, 67, 68, 69], device='cuda:0')
finish loading CLIP/DinoV2 covariance
class names: ['rose' 'sea' 'seal' 'shark' 'shrew']
all targets:tensor([70, 71, 72, 73, 74], device='cuda:0')
dino all targets:tensor([70, 71, 72, 73, 74], device='cuda:0')
finish loading CLIP/DinoV2 covariance
class names: ['skunk' 'skyscraper' 'snail' 'snake' 'spider']
all targets:tensor([75, 76, 77, 78, 79], device='cuda:0')
dino all targets:tensor([75, 76, 77, 78, 79], device='cuda:0')
finish loading CLIP/DinoV2 covariance
class names: ['squirrel' 'streetcar' 'sunflower' 'sweet pepper' 'table']
all targets:tensor([80, 81, 82, 83, 84], device='cuda:0')
dino all targets:tensor([80, 81, 82, 83, 84], device='cuda:0')
finish loading CLIP/DinoV2 covariance
class names: ['tank' 'telephone' 'television' 'tiger' 'tractor']
all targets:tensor([85, 86, 87, 88, 89], device='cuda:0')
dino all targets:tensor([85, 86, 87, 88, 89], device='cuda:0')
finish loading CLIP/DinoV2 covariance
class names: ['train' 'trout' 'tulip' 'turtle' 'wardrobe']
all targets:tensor([90, 91, 92, 93, 94], device='cuda:0')
dino all targets:tensor([90, 91, 92, 93, 94], device='cuda:0')
finish loading CLIP/DinoV2 covariance
class names: ['whale' 'willow tree' 'wolf' 'woman' 'worm']
all targets:tensor([95, 96, 97, 98, 99], device='cuda:0')
dino all targets:tensor([95, 96, 97, 98, 99], device='cuda:0')
finish loading CLIP/DinoV2 covariance
session 0: baseline=89.750 final=89.750 gain=0.000
session 1: baseline=87.492 final=88.508 gain=1.015
session 2: baseline=86.800 final=88.114 gain=1.314
session 3: baseline=84.320 final=86.267 gain=1.947
session 4: baseline=84.425 final=86.463 gain=2.038
session 5: baseline=84.235 final=86.271 gain=2.035
session 6: baseline=84.289 final=86.411 gain=2.122
session 7: baseline=83.989 final=86.316 gain=2.326
session 8: baseline=82.790 final=85.120 gain=2.330
{
  "dataset": "CIFAR100",
  "seed": 3,
  "train_cfg": "experiments/bmvc_1256_20260508-124032/generated_configs/bimc_dino_fusion.yaml",
  "method": "sessionwise conservative query prototype refinement on bimc_dino_fusion with pseudo-validation alpha selection",
  "runtime_sec": 447.647,
  "alpha_grid": [
    0.5,
    0.75,
    1.0
  ],
  "alpha_selection": "pseudo_validation_no_test_labels",
  "mass_thr": 0.3,
  "min_count": 5,
  "val_fraction": 0.3,
  "base_val_conf_thr": 0.5,
  "base_val_max_per_class": 50,
  "fallback_alpha": 0.75,
  "topk_per_class": null,
  "baseline_acc_list": [
    89.75,
    87.492,
    86.8,
    84.32,
    84.425,
    84.235,
    84.289,
    83.989,
    82.79
  ],
  "final_acc_list": [
    89.75,
    88.508,
    88.114,
    86.267,
    86.463,
    86.271,
    86.411,
    86.316,
    85.12
  ],
  "gain_list": [
    0.0,
    1.015,
    1.314,
    1.947,
    2.038,
    2.035,
    2.122,
    2.326,
    2.33
  ],
  "baseline_avg": 85.343,
  "baseline_pd": 6.96,
  "final_avg": 87.024,
  "final_pd": 4.63,
  "gain_avg": 1.681,
  "session_results": [
    {
      "session": 0,
      "num_seen_classes": 60,
      "baseline_full_acc": 89.75,
      "baseline_base_acc": 89.75,
      "baseline_novel_acc": 0.0,
      "best_alpha": null,
      "final_full_acc": 89.75,
      "final_base_acc": 89.75,
      "final_novel_acc": 0.0,
      "final_gain": 0.0,
      "updated_class_count": 0,
      "gated_query_count": 0,
      "alpha_selection": {
        "mode": "not_applicable_base_session",
        "selected_alpha": null
      }
    },
    {
      "session": 1,
      "num_seen_classes": 65,
      "baseline_full_acc": 87.492,
      "baseline_base_acc": 89.45,
      "baseline_novel_acc": 64.0,
      "selected_alpha": 0.5,
      "final_full_acc": 88.508,
      "final_base_acc": 89.317,
      "final_novel_acc": 78.8,
      "final_gain": 1.015,
      "updated_class_count": 5,
      "gated_query_count": 334,
      "gated_base_count": 12,
      "gated_novel_count": 322,
      "alpha_selection": {
        "mode": "pseudo_validation",
        "fallback_used": false,
        "selected_alpha": 0.5,
        "candidates": [
          {
            "alpha": 0.5,
            "pseudo_val_score": -0.026221,
            "pseudo_val_nll": 0.026221,
            "pseudo_val_agreement": 99.678
          },
          {
            "alpha": 0.75,
            "pseudo_val_score": -0.028394,
            "pseudo_val_nll": 0.028394,
            "pseudo_val_agreement": 99.549
          },
          {
            "alpha": 1.0,
            "pseudo_val_score": -0.031947,
            "pseudo_val_nll": 0.031947,
            "pseudo_val_agreement": 99.516
          }
        ],
        "split": {
          "novel_gated_query_count": 334,
          "validation_count": 3101,
          "novel_validation_count": 101,
          "base_validation_count": 3000,
          "updated_class_count": 5,
          "per_class_counts": {
            "60": 59,
            "61": 60,
            "62": 99,
            "63": 52,
            "64": 64
          },
          "per_class_update_counts": {
            "60": 41,
            "61": 42,
            "62": 69,
            "63": 36,
            "64": 45
          },
          "per_class_validation_counts": {
            "60": 18,
            "61": 18,
            "62": 30,
            "63": 16,
            "64": 19
          }
        }
      }
    },
    {
      "session": 2,
      "num_seen_classes": 70,
      "baseline_full_acc": 86.8,
      "baseline_base_acc": 89.333,
      "baseline_novel_acc": 71.6,
      "selected_alpha": 0.5,
      "final_full_acc": 88.114,
      "final_base_acc": 89.15,
      "final_novel_acc": 81.9,
      "final_gain": 1.314,
      "updated_class_count": 10,
      "gated_query_count": 745,
      "gated_base_count": 16,
      "gated_novel_count": 729,
      "alpha_selection": {
        "mode": "pseudo_validation",
        "fallback_used": false,
        "selected_alpha": 0.5,
        "candidates": [
          {
            "alpha": 0.5,
            "pseudo_val_score": -0.048925,
            "pseudo_val_nll": 0.048925,
            "pseudo_val_agreement": 99.628
          },
          {
            "alpha": 0.75,
            "pseudo_val_score": -0.051791,
            "pseudo_val_nll": 0.051791,
            "pseudo_val_agreement": 99.348
          },
          {
            "alpha": 1.0,
            "pseudo_val_score": -0.056383,
            "pseudo_val_nll": 0.056383,
            "pseudo_val_agreement": 99.193
          }
        ],
        "split": {
          "novel_gated_query_count": 745,
          "validation_count": 3223,
          "novel_validation_count": 223,
          "base_validation_count": 3000,
          "updated_class_count": 10,
          "per_class_counts": {
            "60": 59,
            "61": 61,
            "62": 99,
            "63": 52,
            "64": 62,
            "65": 75,
            "66": 88,
            "67": 67,
            "68": 87,
            "69": 95
          },
          "per_class_update_counts": {
            "60": 41,
            "61": 43,
            "62": 69,
            "63": 36,
            "64": 43,
            "65": 53,
            "66": 62,
            "67": 47,
            "68": 61,
            "69": 67
          },
          "per_class_validation_counts": {
            "60": 18,
            "61": 18,
            "62": 30,
            "63": 16,
            "64": 19,
            "65": 22,
            "66": 26,
            "67": 20,
            "68": 26,
            "69": 28
          }
        }
      }
    },
    {
      "session": 3,
      "num_seen_classes": 75,
      "baseline_full_acc": 84.32,
      "baseline_base_acc": 89.083,
      "baseline_novel_acc": 65.267,
      "selected_alpha": 0.5,
      "final_full_acc": 86.267,
      "final_base_acc": 88.8,
      "final_novel_acc": 76.133,
      "final_gain": 1.947,
      "updated_class_count": 15,
      "gated_query_count": 1064,
      "gated_base_count": 34,
      "gated_novel_count": 1030,
      "alpha_selection": {
        "mode": "pseudo_validation",
        "fallback_used": false,
        "selected_alpha": 0.5,
        "candidates": [
          {
            "alpha": 0.5,
            "pseudo_val_score": -0.069069,
            "pseudo_val_nll": 0.069069,
            "pseudo_val_agreement": 99.337
          },
          {
            "alpha": 0.75,
            "pseudo_val_score": -0.072913,
            "pseudo_val_nll": 0.072913,
            "pseudo_val_agreement": 98.976
          },
          {
            "alpha": 1.0,
            "pseudo_val_score": -0.079191,
            "pseudo_val_nll": 0.079191,
            "pseudo_val_agreement": 98.524
          }
        ],
        "split": {
          "novel_gated_query_count": 1064,
          "validation_count": 3320,
          "novel_validation_count": 320,
          "base_validation_count": 3000,
          "updated_class_count": 15,
          "per_class_counts": {
            "60": 58,
            "61": 59,
            "62": 102,
            "63": 52,
            "64": 62,
            "65": 75,
            "66": 89,
            "67": 53,
            "68": 89,
            "69": 95,
            "70": 86,
            "71": 92,
            "72": 41,
            "73": 98,
            "74": 13
          },
          "per_class_update_counts": {
            "60": 41,
            "61": 41,
            "62": 71,
            "63": 36,
            "64": 43,
            "65": 53,
            "66": 62,
            "67": 37,
            "68": 62,
            "69": 67,
            "70": 60,
            "71": 64,
            "72": 29,
            "73": 69,
            "74": 9
          },
          "per_class_validation_counts": {
            "60": 17,
            "61": 18,
            "62": 31,
            "63": 16,
            "64": 19,
            "65": 22,
            "66": 27,
            "67": 16,
            "68": 27,
            "69": 28,
            "70": 26,
            "71": 28,
            "72": 12,
            "73": 29,
            "74": 4
          }
        }
      }
    },
    {
      "session": 4,
      "num_seen_classes": 80,
      "baseline_full_acc": 84.425,
      "baseline_base_acc": 89.1,
      "baseline_novel_acc": 70.4,
      "selected_alpha": 0.5,
      "final_full_acc": 86.463,
      "final_base_acc": 88.8,
      "final_novel_acc": 79.45,
      "final_gain": 2.038,
      "updated_class_count": 20,
      "gated_query_count": 1512,
      "gated_base_count": 39,
      "gated_novel_count": 1473,
      "alpha_selection": {
        "mode": "pseudo_validation",
        "fallback_used": false,
        "selected_alpha": 0.5,
        "candidates": [
          {
            "alpha": 0.5,
            "pseudo_val_score": -0.090832,
            "pseudo_val_nll": 0.090832,
            "pseudo_val_agreement": 99.16
          },
          {
            "alpha": 0.75,
            "pseudo_val_score": -0.09617,
            "pseudo_val_nll": 0.09617,
            "pseudo_val_agreement": 98.697
          },
          {
            "alpha": 1.0,
            "pseudo_val_score": -0.104779,
            "pseudo_val_nll": 0.104779,
            "pseudo_val_agreement": 98.205
          }
        ],
        "split": {
          "novel_gated_query_count": 1512,
          "validation_count": 3454,
          "novel_validation_count": 454,
          "base_validation_count": 3000,
          "updated_class_count": 20,
          "per_class_counts": {
            "60": 58,
            "61": 59,
            "62": 102,
            "63": 50,
            "64": 61,
            "65": 74,
            "66": 87,
            "67": 53,
            "68": 89,
            "69": 100,
            "70": 86,
            "71": 92,
            "72": 42,
            "73": 98,
            "74": 15,
            "75": 97,
            "76": 82,
            "77": 88,
            "78": 96,
            "79": 83
          },
          "per_class_update_counts": {
            "60": 41,
            "61": 41,
            "62": 71,
            "63": 35,
            "64": 43,
            "65": 52,
            "66": 61,
            "67": 37,
            "68": 62,
            "69": 70,
            "70": 60,
            "71": 64,
            "72": 29,
            "73": 69,
            "74": 11,
            "75": 68,
            "76": 57,
            "77": 62,
            "78": 67,
            "79": 58
          },
          "per_class_validation_counts": {
            "60": 17,
            "61": 18,
            "62": 31,
            "63": 15,
            "64": 18,
            "65": 22,
            "66": 26,
            "67": 16,
            "68": 27,
            "69": 30,
            "70": 26,
            "71": 28,
            "72": 13,
            "73": 29,
            "74": 4,
            "75": 29,
            "76": 25,
            "77": 26,
            "78": 29,
            "79": 25
          }
        }
      }
    },
    {
      "session": 5,
      "num_seen_classes": 85,
      "baseline_full_acc": 84.235,
      "baseline_base_acc": 88.983,
      "baseline_novel_acc": 72.84,
      "selected_alpha": 0.5,
      "final_full_acc": 86.271,
      "final_base_acc": 88.6,
      "final_novel_acc": 80.68,
      "final_gain": 2.035,
      "updated_class_count": 25,
      "gated_query_count": 1936,
      "gated_base_count": 45,
      "gated_novel_count": 1891,
      "alpha_selection": {
        "mode": "pseudo_validation",
        "fallback_used": false,
        "selected_alpha": 0.5,
        "candidates": [
          {
            "alpha": 0.5,
            "pseudo_val_score": -0.109213,
            "pseudo_val_nll": 0.109213,
            "pseudo_val_agreement": 99.051
          },
          {
            "alpha": 0.75,
            "pseudo_val_score": -0.115738,
            "pseudo_val_nll": 0.115738,
            "pseudo_val_agreement": 98.464
          },
          {
            "alpha": 1.0,
            "pseudo_val_score": -0.126121,
            "pseudo_val_nll": 0.126121,
            "pseudo_val_agreement": 97.961
          }
        ],
        "split": {
          "novel_gated_query_count": 1936,
          "validation_count": 3581,
          "novel_validation_count": 581,
          "base_validation_count": 3000,
          "updated_class_count": 25,
          "per_class_counts": {
            "60": 58,
            "61": 59,
            "62": 103,
            "63": 50,
            "64": 61,
            "65": 76,
            "66": 86,
            "67": 53,
            "68": 89,
            "69": 99,
            "70": 85,
            "71": 91,
            "72": 44,
            "73": 98,
            "74": 13,
            "75": 98,
            "76": 82,
            "77": 88,
            "78": 96,
            "79": 82,
            "80": 75,
            "81": 83,
            "82": 98,
            "83": 92,
            "84": 77
          },
          "per_class_update_counts": {
            "60": 41,
            "61": 41,
            "62": 72,
            "63": 35,
            "64": 43,
            "65": 53,
            "66": 60,
            "67": 37,
            "68": 62,
            "69": 69,
            "70": 59,
            "71": 64,
            "72": 31,
            "73": 69,
            "74": 9,
            "75": 69,
            "76": 57,
            "77": 62,
            "78": 67,
            "79": 57,
            "80": 53,
            "81": 58,
            "82": 69,
            "83": 64,
            "84": 54
          },
          "per_class_validation_counts": {
            "60": 17,
            "61": 18,
            "62": 31,
            "63": 15,
            "64": 18,
            "65": 23,
            "66": 26,
            "67": 16,
            "68": 27,
            "69": 30,
            "70": 26,
            "71": 27,
            "72": 13,
            "73": 29,
            "74": 4,
            "75": 29,
            "76": 25,
            "77": 26,
            "78": 29,
            "79": 25,
            "80": 22,
            "81": 25,
            "82": 29,
            "83": 28,
            "84": 23
          }
        }
      }
    },
    {
      "session": 6,
      "num_seen_classes": 90,
      "baseline_full_acc": 84.289,
      "baseline_base_acc": 88.783,
      "baseline_novel_acc": 75.3,
      "selected_alpha": 0.5,
      "final_full_acc": 86.411,
      "final_base_acc": 88.367,
      "final_novel_acc": 82.5,
      "final_gain": 2.122,
      "updated_class_count": 30,
      "gated_query_count": 2392,
      "gated_base_count": 60,
      "gated_novel_count": 2332,
      "alpha_selection": {
        "mode": "pseudo_validation",
        "fallback_used": false,
        "selected_alpha": 0.5,
        "candidates": [
          {
            "alpha": 0.5,
            "pseudo_val_score": -0.127722,
            "pseudo_val_nll": 0.127722,
            "pseudo_val_agreement": 98.95
          },
          {
            "alpha": 0.75,
            "pseudo_val_score": -0.134956,
            "pseudo_val_nll": 0.134956,
            "pseudo_val_agreement": 98.224
          },
          {
            "alpha": 1.0,
            "pseudo_val_score": -0.146808,
            "pseudo_val_nll": 0.146808,
            "pseudo_val_agreement": 97.47
          }
        ],
        "split": {
          "novel_gated_query_count": 2392,
          "validation_count": 3716,
          "novel_validation_count": 716,
          "base_validation_count": 3000,
          "updated_class_count": 30,
          "per_class_counts": {
            "60": 57,
            "61": 59,
            "62": 103,
            "63": 49,
            "64": 61,
            "65": 76,
            "66": 87,
            "67": 53,
            "68": 89,
            "69": 98,
            "70": 84,
            "71": 92,
            "72": 42,
            "73": 98,
            "74": 12,
            "75": 98,
            "76": 82,
            "77": 88,
            "78": 95,
            "79": 82,
            "80": 75,
            "81": 83,
            "82": 98,
            "83": 92,
            "84": 78,
            "85": 94,
            "86": 98,
            "87": 81,
            "88": 87,
            "89": 101
          },
          "per_class_update_counts": {
            "60": 40,
            "61": 41,
            "62": 72,
            "63": 34,
            "64": 43,
            "65": 53,
            "66": 61,
            "67": 37,
            "68": 62,
            "69": 69,
            "70": 59,
            "71": 64,
            "72": 29,
            "73": 69,
            "74": 8,
            "75": 69,
            "76": 57,
            "77": 62,
            "78": 67,
            "79": 57,
            "80": 53,
            "81": 58,
            "82": 69,
            "83": 64,
            "84": 55,
            "85": 66,
            "86": 69,
            "87": 57,
            "88": 61,
            "89": 71
          },
          "per_class_validation_counts": {
            "60": 17,
            "61": 18,
            "62": 31,
            "63": 15,
            "64": 18,
            "65": 23,
            "66": 26,
            "67": 16,
            "68": 27,
            "69": 29,
            "70": 25,
            "71": 28,
            "72": 13,
            "73": 29,
            "74": 4,
            "75": 29,
            "76": 25,
            "77": 26,
            "78": 28,
            "79": 25,
            "80": 22,
            "81": 25,
            "82": 29,
            "83": 28,
            "84": 23,
            "85": 28,
            "86": 29,
            "87": 24,
            "88": 26,
            "89": 30
          }
        }
      }
    },
    {
      "session": 7,
      "num_seen_classes": 95,
      "baseline_full_acc": 83.989,
      "baseline_base_acc": 88.617,
      "baseline_novel_acc": 76.057,
      "selected_alpha": 0.5,
      "final_full_acc": 86.316,
      "final_base_acc": 88.217,
      "final_novel_acc": 83.057,
      "final_gain": 2.326,
      "updated_class_count": 35,
      "gated_query_count": 2852,
      "gated_base_count": 71,
      "gated_novel_count": 2781,
      "alpha_selection": {
        "mode": "pseudo_validation",
        "fallback_used": false,
        "selected_alpha": 0.5,
        "candidates": [
          {
            "alpha": 0.5,
            "pseudo_val_score": -0.150305,
            "pseudo_val_nll": 0.150305,
            "pseudo_val_agreement": 98.78
          },
          {
            "alpha": 0.75,
            "pseudo_val_score": -0.158753,
            "pseudo_val_nll": 0.158753,
            "pseudo_val_agreement": 97.897
          },
          {
            "alpha": 1.0,
            "pseudo_val_score": -0.172591,
            "pseudo_val_nll": 0.172591,
            "pseudo_val_agreement": 96.859
          }
        ],
        "split": {
          "novel_gated_query_count": 2852,
          "validation_count": 3852,
          "novel_validation_count": 852,
          "base_validation_count": 3000,
          "updated_class_count": 35,
          "per_class_counts": {
            "60": 58,
            "61": 61,
            "62": 105,
            "63": 51,
            "64": 61,
            "65": 76,
            "66": 87,
            "67": 53,
            "68": 89,
            "69": 98,
            "70": 86,
            "71": 94,
            "72": 43,
            "73": 104,
            "74": 18,
            "75": 98,
            "76": 82,
            "77": 88,
            "78": 95,
            "79": 82,
            "80": 74,
            "81": 82,
            "82": 98,
            "83": 91,
            "84": 78,
            "85": 94,
            "86": 98,
            "87": 81,
            "88": 87,
            "89": 101,
            "90": 94,
            "91": 90,
            "92": 83,
            "93": 79,
            "94": 93
          },
          "per_class_update_counts": {
            "60": 41,
            "61": 43,
            "62": 73,
            "63": 36,
            "64": 43,
            "65": 53,
            "66": 61,
            "67": 37,
            "68": 62,
            "69": 69,
            "70": 60,
            "71": 66,
            "72": 30,
            "73": 73,
            "74": 13,
            "75": 69,
            "76": 57,
            "77": 62,
            "78": 67,
            "79": 57,
            "80": 52,
            "81": 57,
            "82": 69,
            "83": 64,
            "84": 55,
            "85": 66,
            "86": 69,
            "87": 57,
            "88": 61,
            "89": 71,
            "90": 66,
            "91": 63,
            "92": 58,
            "93": 55,
            "94": 65
          },
          "per_class_validation_counts": {
            "60": 17,
            "61": 18,
            "62": 32,
            "63": 15,
            "64": 18,
            "65": 23,
            "66": 26,
            "67": 16,
            "68": 27,
            "69": 29,
            "70": 26,
            "71": 28,
            "72": 13,
            "73": 31,
            "74": 5,
            "75": 29,
            "76": 25,
            "77": 26,
            "78": 28,
            "79": 25,
            "80": 22,
            "81": 25,
            "82": 29,
            "83": 27,
            "84": 23,
            "85": 28,
            "86": 29,
            "87": 24,
            "88": 26,
            "89": 30,
            "90": 28,
            "91": 27,
            "92": 25,
            "93": 24,
            "94": 28
          }
        }
      }
    },
    {
      "session": 8,
      "num_seen_classes": 100,
      "baseline_full_acc": 82.79,
      "baseline_base_acc": 88.35,
      "baseline_novel_acc": 74.45,
      "selected_alpha": 0.5,
      "final_full_acc": 85.12,
      "final_base_acc": 87.8,
      "final_novel_acc": 81.1,
      "final_gain": 2.33,
      "updated_class_count": 40,
      "gated_query_count": 3190,
      "gated_base_count": 74,
      "gated_novel_count": 3116,
      "alpha_selection": {
        "mode": "pseudo_validation",
        "fallback_used": false,
        "selected_alpha": 0.5,
        "candidates": [
          {
            "alpha": 0.5,
            "pseudo_val_score": -0.164468,
            "pseudo_val_nll": 0.164468,
            "pseudo_val_agreement": 98.484
          },
          {
            "alpha": 0.75,
            "pseudo_val_score": -0.173681,
            "pseudo_val_nll": 0.173681,
            "pseudo_val_agreement": 97.65
          },
          {
            "alpha": 1.0,
            "pseudo_val_score": -0.188899,
            "pseudo_val_nll": 0.188899,
            "pseudo_val_agreement": 96.564
          }
        ],
        "split": {
          "novel_gated_query_count": 3190,
          "validation_count": 3958,
          "novel_validation_count": 958,
          "base_validation_count": 3000,
          "updated_class_count": 40,
          "per_class_counts": {
            "60": 58,
            "61": 60,
            "62": 105,
            "63": 51,
            "64": 62,
            "65": 76,
            "66": 88,
            "67": 53,
            "68": 89,
            "69": 97,
            "70": 86,
            "71": 92,
            "72": 44,
            "73": 106,
            "74": 16,
            "75": 97,
            "76": 82,
            "77": 87,
            "78": 89,
            "79": 83,
            "80": 74,
            "81": 81,
            "82": 98,
            "83": 90,
            "84": 78,
            "85": 93,
            "86": 97,
            "87": 81,
            "88": 86,
            "89": 101,
            "90": 94,
            "91": 89,
            "92": 82,
            "93": 78,
            "94": 93,
            "95": 56,
            "96": 39,
            "97": 91,
            "98": 65,
            "99": 103
          },
          "per_class_update_counts": {
            "60": 41,
            "61": 42,
            "62": 73,
            "63": 36,
            "64": 43,
            "65": 53,
            "66": 62,
            "67": 37,
            "68": 62,
            "69": 68,
            "70": 60,
            "71": 64,
            "72": 31,
            "73": 74,
            "74": 11,
            "75": 68,
            "76": 57,
            "77": 61,
            "78": 62,
            "79": 58,
            "80": 52,
            "81": 57,
            "82": 69,
            "83": 63,
            "84": 55,
            "85": 65,
            "86": 68,
            "87": 57,
            "88": 60,
            "89": 71,
            "90": 66,
            "91": 62,
            "92": 57,
            "93": 55,
            "94": 65,
            "95": 39,
            "96": 27,
            "97": 64,
            "98": 45,
            "99": 72
          },
          "per_class_validation_counts": {
            "60": 17,
            "61": 18,
            "62": 32,
            "63": 15,
            "64": 19,
            "65": 23,
            "66": 26,
            "67": 16,
            "68": 27,
            "69": 29,
            "70": 26,
            "71": 28,
            "72": 13,
            "73": 32,
            "74": 5,
            "75": 29,
            "76": 25,
            "77": 26,
            "78": 27,
            "79": 25,
            "80": 22,
            "81": 24,
            "82": 29,
            "83": 27,
            "84": 23,
            "85": 28,
            "86": 29,
            "87": 24,
            "88": 26,
            "89": 30,
            "90": 28,
            "91": 27,
            "92": 25,
            "93": 23,
            "94": 28,
            "95": 17,
            "96": 12,
            "97": 27,
            "98": 20,
            "99": 31
          }
        }
      }
    }
  ]
}
