/media/ndag/newVolume/BiMC-test/models/clip/clip.py:23: UserWarning: PyTorch version 1.7.1 or higher is recommended
  warnings.warn("PyTorch version 1.7.1 or higher is recommended")
manual seed: 1
use gpu: ['0']
Loading CLIP (backbone: ViT-B/16)
Prompt template:['a photo of a {}.']
Loading DinoV2 ViT-B/14 from local hub: /home/ndag/.cache/torch/hub/facebookresearch_dinov2_main
/home/ndag/.cache/torch/hub/facebookresearch_dinov2_main/dinov2/layers/swiglu_ffn.py:51: UserWarning: xFormers is not available (SwiGLU)
  warnings.warn("xFormers is not available (SwiGLU)")
/home/ndag/.cache/torch/hub/facebookresearch_dinov2_main/dinov2/layers/attention.py:36: UserWarning: xFormers is not available (Attention)
  warnings.warn("xFormers is not available (Attention)")
/home/ndag/.cache/torch/hub/facebookresearch_dinov2_main/dinov2/layers/block.py:40: UserWarning: xFormers is not available (Block)
  warnings.warn("xFormers is not available (Block)")
Loading DinoV2 weights: /home/ndag/.cache/torch/hub/checkpoints/dinov2_vitb14_pretrain.pth
class names: ['Black footed Albatross' 'Laysan Albatross' 'Sooty Albatross'
 'Groove billed Ani' 'Crested Auklet' 'Least Auklet' 'Parakeet Auklet'
 'Rhinoceros Auklet' 'Brewer Blackbird' 'Red winged Blackbird'
 'Rusty Blackbird' 'Yellow headed Blackbird' 'Bobolink' 'Indigo Bunting'
 'Lazuli Bunting' 'Painted Bunting' 'Cardinal' 'Spotted Catbird'
 'Gray Catbird' 'Yellow breasted Chat' 'Eastern Towhee' 'Chuck will Widow'
 'Brandt Cormorant' 'Red faced Cormorant' 'Pelagic Cormorant'
 'Bronzed Cowbird' 'Shiny Cowbird' 'Brown Creeper' 'American Crow'
 'Fish Crow' 'Black billed Cuckoo' 'Mangrove Cuckoo'
 'Yellow billed Cuckoo' 'Gray crowned Rosy Finch' 'Purple Finch'
 'Northern Flicker' 'Acadian Flycatcher' 'Great Crested Flycatcher'
 'Least Flycatcher' 'Olive sided Flycatcher' 'Scissor tailed Flycatcher'
 'Vermilion Flycatcher' 'Yellow bellied Flycatcher' 'Frigatebird'
 'Northern Fulmar' 'Gadwall' 'American Goldfinch' 'European Goldfinch'
 'Boat tailed Grackle' 'Eared Grebe' 'Horned Grebe' 'Pied billed Grebe'
 'Western Grebe' 'Blue Grosbeak' 'Evening Grosbeak' 'Pine Grosbeak'
 'Rose breasted Grosbeak' 'Pigeon Guillemot' 'California Gull'
 'Glaucous winged Gull' 'Heermann Gull' 'Herring Gull' 'Ivory Gull'
 'Ring billed Gull' 'Slaty backed Gull' 'Western Gull' 'Anna Hummingbird'
 'Ruby throated Hummingbird' 'Rufous Hummingbird' 'Green Violetear'
 'Long tailed Jaeger' 'Pomarine Jaeger' 'Blue Jay' 'Florida Jay'
 'Green Jay' 'Dark eyed Junco' 'Tropical Kingbird' 'Gray Kingbird'
 'Belted Kingfisher' 'Green Kingfisher' 'Pied Kingfisher'
 'Ringed Kingfisher' 'White breasted Kingfisher' 'Red legged Kittiwake'
 'Horned Lark' 'Pacific Loon' 'Mallard' 'Western Meadowlark'
 'Hooded Merganser' 'Red breasted Merganser' 'Mockingbird' 'Nighthawk'
 'Clark Nutcracker' 'White breasted Nuthatch' 'Baltimore Oriole'
 'Hooded Oriole' 'Orchard Oriole' 'Scott Oriole' 'Ovenbird'
 'Brown Pelican']
all targets:tensor([ 0,  1,  2,  3,  4,  5,  6,  7,  8,  9, 10, 11, 12, 13, 14, 15, 16, 17,
        18, 19, 20, 21, 22, 23, 24, 25, 26, 27, 28, 29, 30, 31, 32, 33, 34, 35,
        36, 37, 38, 39, 40, 41, 42, 43, 44, 45, 46, 47, 48, 49, 50, 51, 52, 53,
        54, 55, 56, 57, 58, 59, 60, 61, 62, 63, 64, 65, 66, 67, 68, 69, 70, 71,
        72, 73, 74, 75, 76, 77, 78, 79, 80, 81, 82, 83, 84, 85, 86, 87, 88, 89,
        90, 91, 92, 93, 94, 95, 96, 97, 98, 99], device='cuda:0')
dino all targets:tensor([ 0,  1,  2,  3,  4,  5,  6,  7,  8,  9, 10, 11, 12, 13, 14, 15, 16, 17,
        18, 19, 20, 21, 22, 23, 24, 25, 26, 27, 28, 29, 30, 31, 32, 33, 34, 35,
        36, 37, 38, 39, 40, 41, 42, 43, 44, 45, 46, 47, 48, 49, 50, 51, 52, 53,
        54, 55, 56, 57, 58, 59, 60, 61, 62, 63, 64, 65, 66, 67, 68, 69, 70, 71,
        72, 73, 74, 75, 76, 77, 78, 79, 80, 81, 82, 83, 84, 85, 86, 87, 88, 89,
        90, 91, 92, 93, 94, 95, 96, 97, 98, 99], device='cuda:0')
finish loading CLIP/DinoV2 covariance
class names: ['White Pelican' 'Western Wood Pewee' 'Sayornis' 'American Pipit'
 'Whip poor Will' 'Horned Puffin' 'Common Raven' 'White necked Raven'
 'American Redstart' 'Geococcyx']
all targets:tensor([100, 101, 102, 103, 104, 105, 106, 107, 108, 109], device='cuda:0')
dino all targets:tensor([100, 101, 102, 103, 104, 105, 106, 107, 108, 109], device='cuda:0')
finish loading CLIP/DinoV2 covariance
class names: ['Loggerhead Shrike' 'Great Grey Shrike' 'Baird Sparrow'
 'Black throated Sparrow' 'Brewer Sparrow' 'Chipping Sparrow'
 'Clay colored Sparrow' 'House Sparrow' 'Field Sparrow' 'Fox Sparrow']
all targets:tensor([110, 111, 112, 113, 114, 115, 116, 117, 118, 119], device='cuda:0')
dino all targets:tensor([110, 111, 112, 113, 114, 115, 116, 117, 118, 119], device='cuda:0')
finish loading CLIP/DinoV2 covariance
class names: ['Grasshopper Sparrow' 'Harris Sparrow' 'Henslow Sparrow'
 'Le Conte Sparrow' 'Lincoln Sparrow' 'Nelson Sharp tailed Sparrow'
 'Savannah Sparrow' 'Seaside Sparrow' 'Song Sparrow' 'Tree Sparrow']
all targets:tensor([120, 121, 122, 123, 124, 125, 126, 127, 128, 129], device='cuda:0')
dino all targets:tensor([120, 121, 122, 123, 124, 125, 126, 127, 128, 129], device='cuda:0')
finish loading CLIP/DinoV2 covariance
class names: ['Vesper Sparrow' 'White crowned Sparrow' 'White throated Sparrow'
 'Cape Glossy Starling' 'Bank Swallow' 'Barn Swallow' 'Cliff Swallow'
 'Tree Swallow' 'Scarlet Tanager' 'Summer Tanager']
all targets:tensor([130, 131, 132, 133, 134, 135, 136, 137, 138, 139], device='cuda:0')
dino all targets:tensor([130, 131, 132, 133, 134, 135, 136, 137, 138, 139], device='cuda:0')
finish loading CLIP/DinoV2 covariance
class names: ['Artic Tern' 'Black Tern' 'Caspian Tern' 'Common Tern' 'Elegant Tern'
 'Forsters Tern' 'Least Tern' 'Green tailed Towhee' 'Brown Thrasher'
 'Sage Thrasher']
all targets:tensor([140, 141, 142, 143, 144, 145, 146, 147, 148, 149], device='cuda:0')
dino all targets:tensor([140, 141, 142, 143, 144, 145, 146, 147, 148, 149], device='cuda:0')
finish loading CLIP/DinoV2 covariance
class names: ['Black capped Vireo' 'Blue headed Vireo' 'Philadelphia Vireo'
 'Red eyed Vireo' 'Warbling Vireo' 'White eyed Vireo'
 'Yellow throated Vireo' 'Bay breasted Warbler' 'Black and white Warbler'
 'Black throated Blue Warbler']
all targets:tensor([150, 151, 152, 153, 154, 155, 156, 157, 158, 159], device='cuda:0')
dino all targets:tensor([150, 151, 152, 153, 154, 155, 156, 157, 158, 159], device='cuda:0')
finish loading CLIP/DinoV2 covariance
class names: ['Blue winged Warbler' 'Canada Warbler' 'Cape May Warbler'
 'Cerulean Warbler' 'Chestnut sided Warbler' 'Golden winged Warbler'
 'Hooded Warbler' 'Kentucky Warbler' 'Magnolia Warbler' 'Mourning Warbler']
all targets:tensor([160, 161, 162, 163, 164, 165, 166, 167, 168, 169], device='cuda:0')
dino all targets:tensor([160, 161, 162, 163, 164, 165, 166, 167, 168, 169], device='cuda:0')
finish loading CLIP/DinoV2 covariance
class names: ['Myrtle Warbler' 'Nashville Warbler' 'Orange crowned Warbler'
 'Palm Warbler' 'Pine Warbler' 'Prairie Warbler' 'Prothonotary Warbler'
 'Swainson Warbler' 'Tennessee Warbler' 'Wilson Warbler']
all targets:tensor([170, 171, 172, 173, 174, 175, 176, 177, 178, 179], device='cuda:0')
dino all targets:tensor([170, 171, 172, 173, 174, 175, 176, 177, 178, 179], device='cuda:0')
finish loading CLIP/DinoV2 covariance
class names: ['Worm eating Warbler' 'Yellow Warbler' 'Northern Waterthrush'
 'Louisiana Waterthrush' 'Bohemian Waxwing' 'Cedar Waxwing'
 'American Three toed Woodpecker' 'Pileated Woodpecker'
 'Red bellied Woodpecker' 'Red cockaded Woodpecker']
all targets:tensor([180, 181, 182, 183, 184, 185, 186, 187, 188, 189], device='cuda:0')
dino all targets:tensor([180, 181, 182, 183, 184, 185, 186, 187, 188, 189], device='cuda:0')
finish loading CLIP/DinoV2 covariance
class names: ['Red headed Woodpecker' 'Downy Woodpecker' 'Bewick Wren' 'Cactus Wren'
 'Carolina Wren' 'House Wren' 'Marsh Wren' 'Rock Wren' 'Winter Wren'
 'Common Yellowthroat']
all targets:tensor([190, 191, 192, 193, 194, 195, 196, 197, 198, 199], device='cuda:0')
dino all targets:tensor([190, 191, 192, 193, 194, 195, 196, 197, 198, 199], device='cuda:0')
finish loading CLIP/DinoV2 covariance
session 0: baseline=88.163 final=88.163 gain=0.000
session 1: baseline=86.796 final=86.955 gain=0.159
session 2: baseline=86.268 final=86.472 gain=0.204
session 3: baseline=85.166 final=85.381 gain=0.215
session 4: baseline=85.204 final=85.601 gain=0.397
session 5: baseline=83.749 final=84.166 gain=0.416
session 6: baseline=84.179 final=84.569 gain=0.390
session 7: baseline=84.687 final=85.115 gain=0.428
session 8: baseline=84.383 final=84.883 gain=0.499
session 9: baseline=84.929 final=85.420 gain=0.491
session 10: baseline=85.295 final=85.796 gain=0.501
{
  "dataset": "cub200",
  "seed": 1,
  "train_cfg": "experiments/bmvc_1256_20260508-124032/generated_configs/bimc_dino_fusion.yaml",
  "method": "sessionwise conservative query prototype refinement on bimc_dino_fusion with pseudo-validation alpha selection",
  "runtime_sec": 241.534,
  "alpha_grid": [
    0.25,
    0.5,
    0.75,
    1.0
  ],
  "alpha_selection": "pseudo_validation_no_test_labels",
  "mass_thr": 0.3,
  "min_count": 5,
  "val_fraction": 0.2,
  "base_val_conf_thr": 0.5,
  "base_val_max_per_class": 50,
  "fallback_alpha": 0.75,
  "topk_per_class": null,
  "baseline_acc_list": [
    88.163,
    86.796,
    86.268,
    85.166,
    85.204,
    83.749,
    84.179,
    84.687,
    84.383,
    84.929,
    85.295
  ],
  "final_acc_list": [
    88.163,
    86.955,
    86.472,
    85.381,
    85.601,
    84.166,
    84.569,
    85.115,
    84.883,
    85.42,
    85.796
  ],
  "gain_list": [
    0.0,
    0.159,
    0.204,
    0.215,
    0.397,
    0.416,
    0.39,
    0.428,
    0.499,
    0.491,
    0.501
  ],
  "baseline_avg": 85.347,
  "baseline_pd": 2.868,
  "final_avg": 85.684,
  "final_pd": 2.367,
  "gain_avg": 0.336,
  "session_results": [
    {
      "session": 0,
      "num_seen_classes": 100,
      "baseline_full_acc": 88.163,
      "baseline_base_acc": 88.163,
      "baseline_novel_acc": 0.0,
      "best_alpha": null,
      "final_full_acc": 88.163,
      "final_base_acc": 88.163,
      "final_novel_acc": 0.0,
      "final_gain": 0.0,
      "updated_class_count": 0,
      "gated_query_count": 0,
      "alpha_selection": {
        "mode": "not_applicable_base_session",
        "selected_alpha": null
      }
    },
    {
      "session": 1,
      "num_seen_classes": 110,
      "baseline_full_acc": 86.796,
      "baseline_base_acc": 88.059,
      "baseline_novel_acc": 73.835,
      "selected_alpha": 0.25,
      "final_full_acc": 86.955,
      "final_base_acc": 87.989,
      "final_novel_acc": 76.344,
      "final_gain": 0.159,
      "updated_class_count": 9,
      "gated_query_count": 221,
      "gated_base_count": 8,
      "gated_novel_count": 213,
      "alpha_selection": {
        "mode": "pseudo_validation",
        "fallback_used": false,
        "selected_alpha": 0.25,
        "candidates": [
          {
            "alpha": 0.25,
            "pseudo_val_score": -0.086427,
            "pseudo_val_nll": 0.086427,
            "pseudo_val_agreement": 99.825
          },
          {
            "alpha": 0.5,
            "pseudo_val_score": -0.089082,
            "pseudo_val_nll": 0.089082,
            "pseudo_val_agreement": 99.581
          },
          {
            "alpha": 0.75,
            "pseudo_val_score": -0.090108,
            "pseudo_val_nll": 0.090108,
            "pseudo_val_agreement": 99.546
          },
          {
            "alpha": 1.0,
            "pseudo_val_score": -0.089885,
            "pseudo_val_nll": 0.089885,
            "pseudo_val_agreement": 99.476
          }
        ],
        "split": {
          "novel_gated_query_count": 221,
          "validation_count": 2865,
          "novel_validation_count": 45,
          "base_validation_count": 2820,
          "updated_class_count": 9,
          "per_class_counts": {
            "100": 20,
            "101": 13,
            "102": 23,
            "103": 30,
            "104": 3,
            "105": 30,
            "106": 19,
            "107": 24,
            "108": 28,
            "109": 31
          },
          "per_class_update_counts": {
            "100": 16,
            "101": 10,
            "102": 18,
            "103": 24,
            "104": 0,
            "105": 24,
            "106": 15,
            "107": 19,
            "108": 22,
            "109": 25
          },
          "per_class_validation_counts": {
            "100": 4,
            "101": 3,
            "102": 5,
            "103": 6,
            "104": 0,
            "105": 6,
            "106": 4,
            "107": 5,
            "108": 6,
            "109": 6
          }
        }
      }
    },
    {
      "session": 2,
      "num_seen_classes": 120,
      "baseline_full_acc": 86.268,
      "baseline_base_acc": 88.094,
      "baseline_novel_acc": 77.032,
      "selected_alpha": 0.25,
      "final_full_acc": 86.472,
      "final_base_acc": 87.989,
      "final_novel_acc": 78.799,
      "final_gain": 0.204,
      "updated_class_count": 19,
      "gated_query_count": 507,
      "gated_base_count": 8,
      "gated_novel_count": 499,
      "alpha_selection": {
        "mode": "pseudo_validation",
        "fallback_used": false,
        "selected_alpha": 0.25,
        "candidates": [
          {
            "alpha": 0.25,
            "pseudo_val_score": -0.095079,
            "pseudo_val_nll": 0.095079,
            "pseudo_val_agreement": 99.623
          },
          {
            "alpha": 0.5,
            "pseudo_val_score": -0.098405,
            "pseudo_val_nll": 0.098405,
            "pseudo_val_agreement": 99.212
          },
          {
            "alpha": 0.75,
            "pseudo_val_score": -0.100523,
            "pseudo_val_nll": 0.100523,
            "pseudo_val_agreement": 99.11
          },
          {
            "alpha": 1.0,
            "pseudo_val_score": -0.101631,
            "pseudo_val_nll": 0.101631,
            "pseudo_val_agreement": 99.075
          }
        ],
        "split": {
          "novel_gated_query_count": 507,
          "validation_count": 2920,
          "novel_validation_count": 103,
          "base_validation_count": 2817,
          "updated_class_count": 19,
          "per_class_counts": {
            "100": 20,
            "101": 12,
            "102": 23,
            "103": 30,
            "104": 3,
            "105": 30,
            "106": 19,
            "107": 24,
            "108": 28,
            "109": 30,
            "110": 24,
            "111": 35,
            "112": 23,
            "113": 30,
            "114": 14,
            "115": 28,
            "116": 50,
            "117": 30,
            "118": 24,
            "119": 30
          },
          "per_class_update_counts": {
            "100": 16,
            "101": 10,
            "102": 18,
            "103": 24,
            "104": 0,
            "105": 24,
            "106": 15,
            "107": 19,
            "108": 22,
            "109": 24,
            "110": 19,
            "111": 28,
            "112": 18,
            "113": 24,
            "114": 11,
            "115": 22,
            "116": 40,
            "117": 24,
            "118": 19,
            "119": 24
          },
          "per_class_validation_counts": {
            "100": 4,
            "101": 2,
            "102": 5,
            "103": 6,
            "104": 0,
            "105": 6,
            "106": 4,
            "107": 5,
            "108": 6,
            "109": 6,
            "110": 5,
            "111": 7,
            "112": 5,
            "113": 6,
            "114": 3,
            "115": 6,
            "116": 10,
            "117": 6,
            "118": 5,
            "119": 6
          }
        }
      }
    },
    {
      "session": 3,
      "num_seen_classes": 130,
      "baseline_full_acc": 85.166,
      "baseline_base_acc": 88.198,
      "baseline_novel_acc": 75.116,
      "selected_alpha": 0.25,
      "final_full_acc": 85.381,
      "final_base_acc": 88.059,
      "final_novel_acc": 76.505,
      "final_gain": 0.215,
      "updated_class_count": 29,
      "gated_query_count": 803,
      "gated_base_count": 7,
      "gated_novel_count": 796,
      "alpha_selection": {
        "mode": "pseudo_validation",
        "fallback_used": false,
        "selected_alpha": 0.25,
        "candidates": [
          {
            "alpha": 0.25,
            "pseudo_val_score": -0.1121,
            "pseudo_val_nll": 0.1121,
            "pseudo_val_agreement": 99.262
          },
          {
            "alpha": 0.5,
            "pseudo_val_score": -0.118025,
            "pseudo_val_nll": 0.118025,
            "pseudo_val_agreement": 98.456
          },
          {
            "alpha": 0.75,
            "pseudo_val_score": -0.123912,
            "pseudo_val_nll": 0.123912,
            "pseudo_val_agreement": 98.255
          },
          {
            "alpha": 1.0,
            "pseudo_val_score": -0.129619,
            "pseudo_val_nll": 0.129619,
            "pseudo_val_agreement": 97.987
          }
        ],
        "split": {
          "novel_gated_query_count": 803,
          "validation_count": 2980,
          "novel_validation_count": 161,
          "base_validation_count": 2819,
          "updated_class_count": 29,
          "per_class_counts": {
            "100": 20,
            "101": 12,
            "102": 23,
            "103": 29,
            "104": 3,
            "105": 30,
            "106": 19,
            "107": 24,
            "108": 28,
            "109": 30,
            "110": 24,
            "111": 35,
            "112": 23,
            "113": 30,
            "114": 14,
            "115": 32,
            "116": 51,
            "117": 45,
            "118": 23,
            "119": 28,
            "120": 26,
            "121": 29,
            "122": 43,
            "123": 17,
            "124": 40,
            "125": 25,
            "126": 31,
            "127": 25,
            "128": 32,
            "129": 12
          },
          "per_class_update_counts": {
            "100": 16,
            "101": 10,
            "102": 18,
            "103": 23,
            "104": 0,
            "105": 24,
            "106": 15,
            "107": 19,
            "108": 22,
            "109": 24,
            "110": 19,
            "111": 28,
            "112": 18,
            "113": 24,
            "114": 11,
            "115": 26,
            "116": 41,
            "117": 36,
            "118": 18,
            "119": 22,
            "120": 21,
            "121": 23,
            "122": 34,
            "123": 14,
            "124": 32,
            "125": 20,
            "126": 25,
            "127": 20,
            "128": 26,
            "129": 10
          },
          "per_class_validation_counts": {
            "100": 4,
            "101": 2,
            "102": 5,
            "103": 6,
            "104": 0,
            "105": 6,
            "106": 4,
            "107": 5,
            "108": 6,
            "109": 6,
            "110": 5,
            "111": 7,
            "112": 5,
            "113": 6,
            "114": 3,
            "115": 6,
            "116": 10,
            "117": 9,
            "118": 5,
            "119": 6,
            "120": 5,
            "121": 6,
            "122": 9,
            "123": 3,
            "124": 8,
            "125": 5,
            "126": 6,
            "127": 5,
            "128": 6,
            "129": 2
          }
        }
      }
    },
    {
      "session": 4,
      "num_seen_classes": 140,
      "baseline_full_acc": 85.204,
      "baseline_base_acc": 88.128,
      "baseline_novel_acc": 78.007,
      "selected_alpha": 0.25,
      "final_full_acc": 85.601,
      "final_base_acc": 87.954,
      "final_novel_acc": 79.811,
      "final_gain": 0.397,
      "updated_class_count": 39,
      "gated_query_count": 1101,
      "gated_base_count": 8,
      "gated_novel_count": 1093,
      "alpha_selection": {
        "mode": "pseudo_validation",
        "fallback_used": false,
        "selected_alpha": 0.25,
        "candidates": [
          {
            "alpha": 0.25,
            "pseudo_val_score": -0.124968,
            "pseudo_val_nll": 0.124968,
            "pseudo_val_agreement": 98.852
          },
          {
            "alpha": 0.5,
            "pseudo_val_score": -0.1328,
            "pseudo_val_nll": 0.1328,
            "pseudo_val_agreement": 97.999
          },
          {
            "alpha": 0.75,
            "pseudo_val_score": -0.141133,
            "pseudo_val_nll": 0.141133,
            "pseudo_val_agreement": 97.835
          },
          {
            "alpha": 1.0,
            "pseudo_val_score": -0.148949,
            "pseudo_val_nll": 0.148949,
            "pseudo_val_agreement": 97.507
          }
        ],
        "split": {
          "novel_gated_query_count": 1101,
          "validation_count": 3049,
          "novel_validation_count": 223,
          "base_validation_count": 2826,
          "updated_class_count": 39,
          "per_class_counts": {
            "100": 20,
            "101": 14,
            "102": 23,
            "103": 29,
            "104": 3,
            "105": 30,
            "106": 19,
            "107": 24,
            "108": 29,
            "109": 30,
            "110": 24,
            "111": 35,
            "112": 21,
            "113": 30,
            "114": 14,
            "115": 32,
            "116": 51,
            "117": 46,
            "118": 24,
            "119": 28,
            "120": 26,
            "121": 29,
            "122": 43,
            "123": 18,
            "124": 40,
            "125": 25,
            "126": 27,
            "127": 25,
            "128": 33,
            "129": 12,
            "130": 34,
            "131": 28,
            "132": 30,
            "133": 29,
            "134": 33,
            "135": 44,
            "136": 11,
            "137": 28,
            "138": 30,
            "139": 30
          },
          "per_class_update_counts": {
            "100": 16,
            "101": 11,
            "102": 18,
            "103": 23,
            "104": 0,
            "105": 24,
            "106": 15,
            "107": 19,
            "108": 23,
            "109": 24,
            "110": 19,
            "111": 28,
            "112": 17,
            "113": 24,
            "114": 11,
            "115": 26,
            "116": 41,
            "117": 37,
            "118": 19,
            "119": 22,
            "120": 21,
            "121": 23,
            "122": 34,
            "123": 14,
            "124": 32,
            "125": 20,
            "126": 22,
            "127": 20,
            "128": 26,
            "129": 10,
            "130": 27,
            "131": 22,
            "132": 24,
            "133": 23,
            "134": 26,
            "135": 35,
            "136": 9,
            "137": 22,
            "138": 24,
            "139": 24
          },
          "per_class_validation_counts": {
            "100": 4,
            "101": 3,
            "102": 5,
            "103": 6,
            "104": 0,
            "105": 6,
            "106": 4,
            "107": 5,
            "108": 6,
            "109": 6,
            "110": 5,
            "111": 7,
            "112": 4,
            "113": 6,
            "114": 3,
            "115": 6,
            "116": 10,
            "117": 9,
            "118": 5,
            "119": 6,
            "120": 5,
            "121": 6,
            "122": 9,
            "123": 4,
            "124": 8,
            "125": 5,
            "126": 5,
            "127": 5,
            "128": 7,
            "129": 2,
            "130": 7,
            "131": 6,
            "132": 6,
            "133": 6,
            "134": 7,
            "135": 9,
            "136": 2,
            "137": 6,
            "138": 6,
            "139": 6
          }
        }
      }
    },
    {
      "session": 5,
      "num_seen_classes": 150,
      "baseline_full_acc": 83.749,
      "baseline_base_acc": 88.128,
      "baseline_novel_acc": 75.171,
      "selected_alpha": 0.25,
      "final_full_acc": 84.166,
      "final_base_acc": 87.989,
      "final_novel_acc": 76.676,
      "final_gain": 0.416,
      "updated_class_count": 49,
      "gated_query_count": 1399,
      "gated_base_count": 10,
      "gated_novel_count": 1389,
      "alpha_selection": {
        "mode": "pseudo_validation",
        "fallback_used": false,
        "selected_alpha": 0.25,
        "candidates": [
          {
            "alpha": 0.25,
            "pseudo_val_score": -0.137324,
            "pseudo_val_nll": 0.137324,
            "pseudo_val_agreement": 98.391
          },
          {
            "alpha": 0.5,
            "pseudo_val_score": -0.146398,
            "pseudo_val_nll": 0.146398,
            "pseudo_val_agreement": 97.49
          },
          {
            "alpha": 0.75,
            "pseudo_val_score": -0.156434,
            "pseudo_val_nll": 0.156434,
            "pseudo_val_agreement": 97.265
          },
          {
            "alpha": 1.0,
            "pseudo_val_score": -0.165932,
            "pseudo_val_nll": 0.165932,
            "pseudo_val_agreement": 96.976
          }
        ],
        "split": {
          "novel_gated_query_count": 1399,
          "validation_count": 3108,
          "novel_validation_count": 282,
          "base_validation_count": 2826,
          "updated_class_count": 49,
          "per_class_counts": {
            "100": 20,
            "101": 13,
            "102": 23,
            "103": 30,
            "104": 3,
            "105": 30,
            "106": 19,
            "107": 24,
            "108": 29,
            "109": 30,
            "110": 24,
            "111": 35,
            "112": 21,
            "113": 30,
            "114": 14,
            "115": 32,
            "116": 51,
            "117": 46,
            "118": 24,
            "119": 28,
            "120": 26,
            "121": 29,
            "122": 43,
            "123": 18,
            "124": 40,
            "125": 25,
            "126": 27,
            "127": 25,
            "128": 33,
            "129": 12,
            "130": 34,
            "131": 28,
            "132": 30,
            "133": 29,
            "134": 33,
            "135": 44,
            "136": 11,
            "137": 28,
            "138": 30,
            "139": 30,
            "140": 9,
            "141": 22,
            "142": 27,
            "143": 42,
            "144": 31,
            "145": 33,
            "146": 45,
            "147": 30,
            "148": 30,
            "149": 29
          },
          "per_class_update_counts": {
            "100": 16,
            "101": 10,
            "102": 18,
            "103": 24,
            "104": 0,
            "105": 24,
            "106": 15,
            "107": 19,
            "108": 23,
            "109": 24,
            "110": 19,
            "111": 28,
            "112": 17,
            "113": 24,
            "114": 11,
            "115": 26,
            "116": 41,
            "117": 37,
            "118": 19,
            "119": 22,
            "120": 21,
            "121": 23,
            "122": 34,
            "123": 14,
            "124": 32,
            "125": 20,
            "126": 22,
            "127": 20,
            "128": 26,
            "129": 10,
            "130": 27,
            "131": 22,
            "132": 24,
            "133": 23,
            "134": 26,
            "135": 35,
            "136": 9,
            "137": 22,
            "138": 24,
            "139": 24,
            "140": 7,
            "141": 18,
            "142": 22,
            "143": 34,
            "144": 25,
            "145": 26,
            "146": 36,
            "147": 24,
            "148": 24,
            "149": 23
          },
          "per_class_validation_counts": {
            "100": 4,
            "101": 3,
            "102": 5,
            "103": 6,
            "104": 0,
            "105": 6,
            "106": 4,
            "107": 5,
            "108": 6,
            "109": 6,
            "110": 5,
            "111": 7,
            "112": 4,
            "113": 6,
            "114": 3,
            "115": 6,
            "116": 10,
            "117": 9,
            "118": 5,
            "119": 6,
            "120": 5,
            "121": 6,
            "122": 9,
            "123": 4,
            "124": 8,
            "125": 5,
            "126": 5,
            "127": 5,
            "128": 7,
            "129": 2,
            "130": 7,
            "131": 6,
            "132": 6,
            "133": 6,
            "134": 7,
            "135": 9,
            "136": 2,
            "137": 6,
            "138": 6,
            "139": 6,
            "140": 2,
            "141": 4,
            "142": 5,
            "143": 8,
            "144": 6,
            "145": 7,
            "146": 9,
            "147": 6,
            "148": 6,
            "149": 6
          }
        }
      }
    },
    {
      "session": 6,
      "num_seen_classes": 160,
      "baseline_full_acc": 84.179,
      "baseline_base_acc": 88.059,
      "baseline_novel_acc": 77.829,
      "selected_alpha": 0.25,
      "final_full_acc": 84.569,
      "final_base_acc": 87.849,
      "final_novel_acc": 79.2,
      "final_gain": 0.39,
      "updated_class_count": 59,
      "gated_query_count": 1691,
      "gated_base_count": 15,
      "gated_novel_count": 1676,
      "alpha_selection": {
        "mode": "pseudo_validation",
        "fallback_used": false,
        "selected_alpha": 0.25,
        "candidates": [
          {
            "alpha": 0.25,
            "pseudo_val_score": -0.144276,
            "pseudo_val_nll": 0.144276,
            "pseudo_val_agreement": 98.195
          },
          {
            "alpha": 0.5,
            "pseudo_val_score": -0.155594,
            "pseudo_val_nll": 0.155594,
            "pseudo_val_agreement": 97.15
          },
          {
            "alpha": 0.75,
            "pseudo_val_score": -0.169957,
            "pseudo_val_nll": 0.169957,
            "pseudo_val_agreement": 96.865
          },
          {
            "alpha": 1.0,
            "pseudo_val_score": -0.18352,
            "pseudo_val_nll": 0.18352,
            "pseudo_val_agreement": 96.517
          }
        ],
        "split": {
          "novel_gated_query_count": 1691,
          "validation_count": 3158,
          "novel_validation_count": 340,
          "base_validation_count": 2818,
          "updated_class_count": 59,
          "per_class_counts": {
            "100": 20,
            "101": 13,
            "102": 23,
            "103": 30,
            "104": 3,
            "105": 30,
            "106": 19,
            "107": 24,
            "108": 28,
            "109": 30,
            "110": 24,
            "111": 35,
            "112": 21,
            "113": 30,
            "114": 14,
            "115": 32,
            "116": 51,
            "117": 46,
            "118": 24,
            "119": 28,
            "120": 26,
            "121": 29,
            "122": 43,
            "123": 18,
            "124": 40,
            "125": 25,
            "126": 27,
            "127": 25,
            "128": 33,
            "129": 12,
            "130": 34,
            "131": 28,
            "132": 30,
            "133": 29,
            "134": 33,
            "135": 44,
            "136": 11,
            "137": 28,
            "138": 30,
            "139": 30,
            "140": 9,
            "141": 22,
            "142": 27,
            "143": 42,
            "144": 31,
            "145": 33,
            "146": 45,
            "147": 30,
            "148": 30,
            "149": 29,
            "150": 22,
            "151": 26,
            "152": 38,
            "153": 30,
            "154": 26,
            "155": 31,
            "156": 30,
            "157": 31,
            "158": 30,
            "159": 29
          },
          "per_class_update_counts": {
            "100": 16,
            "101": 10,
            "102": 18,
            "103": 24,
            "104": 0,
            "105": 24,
            "106": 15,
            "107": 19,
            "108": 22,
            "109": 24,
            "110": 19,
            "111": 28,
            "112": 17,
            "113": 24,
            "114": 11,
            "115": 26,
            "116": 41,
            "117": 37,
            "118": 19,
            "119": 22,
            "120": 21,
            "121": 23,
            "122": 34,
            "123": 14,
            "124": 32,
            "125": 20,
            "126": 22,
            "127": 20,
            "128": 26,
            "129": 10,
            "130": 27,
            "131": 22,
            "132": 24,
            "133": 23,
            "134": 26,
            "135": 35,
            "136": 9,
            "137": 22,
            "138": 24,
            "139": 24,
            "140": 7,
            "141": 18,
            "142": 22,
            "143": 34,
            "144": 25,
            "145": 26,
            "146": 36,
            "147": 24,
            "148": 24,
            "149": 23,
            "150": 18,
            "151": 21,
            "152": 30,
            "153": 24,
            "154": 21,
            "155": 25,
            "156": 24,
            "157": 25,
            "158": 24,
            "159": 23
          },
          "per_class_validation_counts": {
            "100": 4,
            "101": 3,
            "102": 5,
            "103": 6,
            "104": 0,
            "105": 6,
            "106": 4,
            "107": 5,
            "108": 6,
            "109": 6,
            "110": 5,
            "111": 7,
            "112": 4,
            "113": 6,
            "114": 3,
            "115": 6,
            "116": 10,
            "117": 9,
            "118": 5,
            "119": 6,
            "120": 5,
            "121": 6,
            "122": 9,
            "123": 4,
            "124": 8,
            "125": 5,
            "126": 5,
            "127": 5,
            "128": 7,
            "129": 2,
            "130": 7,
            "131": 6,
            "132": 6,
            "133": 6,
            "134": 7,
            "135": 9,
            "136": 2,
            "137": 6,
            "138": 6,
            "139": 6,
            "140": 2,
            "141": 4,
            "142": 5,
            "143": 8,
            "144": 6,
            "145": 7,
            "146": 9,
            "147": 6,
            "148": 6,
            "149": 6,
            "150": 4,
            "151": 5,
            "152": 8,
            "153": 6,
            "154": 5,
            "155": 6,
            "156": 6,
            "157": 6,
            "158": 6,
            "159": 6
          }
        }
      }
    },
    {
      "session": 7,
      "num_seen_classes": 170,
      "baseline_full_acc": 84.687,
      "baseline_base_acc": 87.989,
      "baseline_novel_acc": 80.068,
      "selected_alpha": 0.25,
      "final_full_acc": 85.115,
      "final_base_acc": 87.849,
      "final_novel_acc": 81.29,
      "final_gain": 0.428,
      "updated_class_count": 69,
      "gated_query_count": 1989,
      "gated_base_count": 17,
      "gated_novel_count": 1972,
      "alpha_selection": {
        "mode": "pseudo_validation",
        "fallback_used": false,
        "selected_alpha": 0.25,
        "candidates": [
          {
            "alpha": 0.25,
            "pseudo_val_score": -0.14869,
            "pseudo_val_nll": 0.14869,
            "pseudo_val_agreement": 98.165
          },
          {
            "alpha": 0.5,
            "pseudo_val_score": -0.160281,
            "pseudo_val_nll": 0.160281,
            "pseudo_val_agreement": 97.045
          },
          {
            "alpha": 0.75,
            "pseudo_val_score": -0.174854,
            "pseudo_val_nll": 0.174854,
            "pseudo_val_agreement": 96.765
          },
          {
            "alpha": 1.0,
            "pseudo_val_score": -0.189309,
            "pseudo_val_nll": 0.189309,
            "pseudo_val_agreement": 96.516
          }
        ],
        "split": {
          "novel_gated_query_count": 1989,
          "validation_count": 3215,
          "novel_validation_count": 397,
          "base_validation_count": 2818,
          "updated_class_count": 69,
          "per_class_counts": {
            "100": 20,
            "101": 12,
            "102": 23,
            "103": 30,
            "104": 3,
            "105": 30,
            "106": 19,
            "107": 24,
            "108": 28,
            "109": 30,
            "110": 24,
            "111": 35,
            "112": 21,
            "113": 30,
            "114": 14,
            "115": 32,
            "116": 51,
            "117": 46,
            "118": 24,
            "119": 28,
            "120": 26,
            "121": 29,
            "122": 43,
            "123": 18,
            "124": 40,
            "125": 25,
            "126": 27,
            "127": 25,
            "128": 33,
            "129": 12,
            "130": 34,
            "131": 28,
            "132": 30,
            "133": 29,
            "134": 33,
            "135": 44,
            "136": 11,
            "137": 28,
            "138": 30,
            "139": 30,
            "140": 9,
            "141": 22,
            "142": 27,
            "143": 42,
            "144": 31,
            "145": 33,
            "146": 45,
            "147": 30,
            "148": 30,
            "149": 29,
            "150": 22,
            "151": 32,
            "152": 42,
            "153": 29,
            "154": 26,
            "155": 32,
            "156": 26,
            "157": 32,
            "158": 30,
            "159": 29,
            "160": 35,
            "161": 30,
            "162": 30,
            "163": 30,
            "164": 25,
            "165": 27,
            "166": 28,
            "167": 27,
            "168": 31,
            "169": 29
          },
          "per_class_update_counts": {
            "100": 16,
            "101": 10,
            "102": 18,
            "103": 24,
            "104": 0,
            "105": 24,
            "106": 15,
            "107": 19,
            "108": 22,
            "109": 24,
            "110": 19,
            "111": 28,
            "112": 17,
            "113": 24,
            "114": 11,
            "115": 26,
            "116": 41,
            "117": 37,
            "118": 19,
            "119": 22,
            "120": 21,
            "121": 23,
            "122": 34,
            "123": 14,
            "124": 32,
            "125": 20,
            "126": 22,
            "127": 20,
            "128": 26,
            "129": 10,
            "130": 27,
            "131": 22,
            "132": 24,
            "133": 23,
            "134": 26,
            "135": 35,
            "136": 9,
            "137": 22,
            "138": 24,
            "139": 24,
            "140": 7,
            "141": 18,
            "142": 22,
            "143": 34,
            "144": 25,
            "145": 26,
            "146": 36,
            "147": 24,
            "148": 24,
            "149": 23,
            "150": 18,
            "151": 26,
            "152": 34,
            "153": 23,
            "154": 21,
            "155": 26,
            "156": 21,
            "157": 26,
            "158": 24,
            "159": 23,
            "160": 28,
            "161": 24,
            "162": 24,
            "163": 24,
            "164": 20,
            "165": 22,
            "166": 22,
            "167": 22,
            "168": 25,
            "169": 23
          },
          "per_class_validation_counts": {
            "100": 4,
            "101": 2,
            "102": 5,
            "103": 6,
            "104": 0,
            "105": 6,
            "106": 4,
            "107": 5,
            "108": 6,
            "109": 6,
            "110": 5,
            "111": 7,
            "112": 4,
            "113": 6,
            "114": 3,
            "115": 6,
            "116": 10,
            "117": 9,
            "118": 5,
            "119": 6,
            "120": 5,
            "121": 6,
            "122": 9,
            "123": 4,
            "124": 8,
            "125": 5,
            "126": 5,
            "127": 5,
            "128": 7,
            "129": 2,
            "130": 7,
            "131": 6,
            "132": 6,
            "133": 6,
            "134": 7,
            "135": 9,
            "136": 2,
            "137": 6,
            "138": 6,
            "139": 6,
            "140": 2,
            "141": 4,
            "142": 5,
            "143": 8,
            "144": 6,
            "145": 7,
            "146": 9,
            "147": 6,
            "148": 6,
            "149": 6,
            "150": 4,
            "151": 6,
            "152": 8,
            "153": 6,
            "154": 5,
            "155": 6,
            "156": 5,
            "157": 6,
            "158": 6,
            "159": 6,
            "160": 7,
            "161": 6,
            "162": 6,
            "163": 6,
            "164": 5,
            "165": 5,
            "166": 6,
            "167": 5,
            "168": 6,
            "169": 6
          }
        }
      }
    },
    {
      "session": 8,
      "num_seen_classes": 180,
      "baseline_full_acc": 84.383,
      "baseline_base_acc": 87.954,
      "baseline_novel_acc": 80.017,
      "selected_alpha": 0.25,
      "final_full_acc": 84.883,
      "final_base_acc": 87.779,
      "final_novel_acc": 81.341,
      "final_gain": 0.499,
      "updated_class_count": 79,
      "gated_query_count": 2282,
      "gated_base_count": 18,
      "gated_novel_count": 2264,
      "alpha_selection": {
        "mode": "pseudo_validation",
        "fallback_used": false,
        "selected_alpha": 0.25,
        "candidates": [
          {
            "alpha": 0.25,
            "pseudo_val_score": -0.159617,
            "pseudo_val_nll": 0.159617,
            "pseudo_val_agreement": 97.775
          },
          {
            "alpha": 0.5,
            "pseudo_val_score": -0.172856,
            "pseudo_val_nll": 0.172856,
            "pseudo_val_agreement": 96.617
          },
          {
            "alpha": 0.75,
            "pseudo_val_score": -0.190057,
            "pseudo_val_nll": 0.190057,
            "pseudo_val_agreement": 96.343
          },
          {
            "alpha": 1.0,
            "pseudo_val_score": -0.206846,
            "pseudo_val_nll": 0.206846,
            "pseudo_val_agreement": 95.977
          }
        ],
        "split": {
          "novel_gated_query_count": 2282,
          "validation_count": 3281,
          "novel_validation_count": 457,
          "base_validation_count": 2824,
          "updated_class_count": 79,
          "per_class_counts": {
            "100": 20,
            "101": 12,
            "102": 24,
            "103": 30,
            "104": 3,
            "105": 30,
            "106": 19,
            "107": 24,
            "108": 29,
            "109": 30,
            "110": 24,
            "111": 35,
            "112": 21,
            "113": 30,
            "114": 14,
            "115": 32,
            "116": 51,
            "117": 45,
            "118": 24,
            "119": 28,
            "120": 26,
            "121": 29,
            "122": 43,
            "123": 18,
            "124": 40,
            "125": 25,
            "126": 27,
            "127": 25,
            "128": 33,
            "129": 12,
            "130": 34,
            "131": 28,
            "132": 30,
            "133": 29,
            "134": 33,
            "135": 44,
            "136": 11,
            "137": 28,
            "138": 30,
            "139": 30,
            "140": 9,
            "141": 22,
            "142": 27,
            "143": 42,
            "144": 31,
            "145": 33,
            "146": 45,
            "147": 29,
            "148": 31,
            "149": 29,
            "150": 22,
            "151": 29,
            "152": 41,
            "153": 30,
            "154": 28,
            "155": 32,
            "156": 28,
            "157": 31,
            "158": 30,
            "159": 29,
            "160": 28,
            "161": 29,
            "162": 30,
            "163": 30,
            "164": 26,
            "165": 27,
            "166": 21,
            "167": 28,
            "168": 29,
            "169": 27,
            "170": 27,
            "171": 31,
            "172": 46,
            "173": 30,
            "174": 37,
            "175": 31,
            "176": 33,
            "177": 24,
            "178": 13,
            "179": 37
          },
          "per_class_update_counts": {
            "100": 16,
            "101": 10,
            "102": 19,
            "103": 24,
            "104": 0,
            "105": 24,
            "106": 15,
            "107": 19,
            "108": 23,
            "109": 24,
            "110": 19,
            "111": 28,
            "112": 17,
            "113": 24,
            "114": 11,
            "115": 26,
            "116": 41,
            "117": 36,
            "118": 19,
            "119": 22,
            "120": 21,
            "121": 23,
            "122": 34,
            "123": 14,
            "124": 32,
            "125": 20,
            "126": 22,
            "127": 20,
            "128": 26,
            "129": 10,
            "130": 27,
            "131": 22,
            "132": 24,
            "133": 23,
            "134": 26,
            "135": 35,
            "136": 9,
            "137": 22,
            "138": 24,
            "139": 24,
            "140": 7,
            "141": 18,
            "142": 22,
            "143": 34,
            "144": 25,
            "145": 26,
            "146": 36,
            "147": 23,
            "148": 25,
            "149": 23,
            "150": 18,
            "151": 23,
            "152": 33,
            "153": 24,
            "154": 22,
            "155": 26,
            "156": 22,
            "157": 25,
            "158": 24,
            "159": 23,
            "160": 22,
            "161": 23,
            "162": 24,
            "163": 24,
            "164": 21,
            "165": 22,
            "166": 17,
            "167": 22,
            "168": 23,
            "169": 22,
            "170": 22,
            "171": 25,
            "172": 37,
            "173": 24,
            "174": 30,
            "175": 25,
            "176": 26,
            "177": 19,
            "178": 10,
            "179": 30
          },
          "per_class_validation_counts": {
            "100": 4,
            "101": 2,
            "102": 5,
            "103": 6,
            "104": 0,
            "105": 6,
            "106": 4,
            "107": 5,
            "108": 6,
            "109": 6,
            "110": 5,
            "111": 7,
            "112": 4,
            "113": 6,
            "114": 3,
            "115": 6,
            "116": 10,
            "117": 9,
            "118": 5,
            "119": 6,
            "120": 5,
            "121": 6,
            "122": 9,
            "123": 4,
            "124": 8,
            "125": 5,
            "126": 5,
            "127": 5,
            "128": 7,
            "129": 2,
            "130": 7,
            "131": 6,
            "132": 6,
            "133": 6,
            "134": 7,
            "135": 9,
            "136": 2,
            "137": 6,
            "138": 6,
            "139": 6,
            "140": 2,
            "141": 4,
            "142": 5,
            "143": 8,
            "144": 6,
            "145": 7,
            "146": 9,
            "147": 6,
            "148": 6,
            "149": 6,
            "150": 4,
            "151": 6,
            "152": 8,
            "153": 6,
            "154": 6,
            "155": 6,
            "156": 6,
            "157": 6,
            "158": 6,
            "159": 6,
            "160": 6,
            "161": 6,
            "162": 6,
            "163": 6,
            "164": 5,
            "165": 5,
            "166": 4,
            "167": 6,
            "168": 6,
            "169": 5,
            "170": 5,
            "171": 6,
            "172": 9,
            "173": 6,
            "174": 7,
            "175": 6,
            "176": 7,
            "177": 5,
            "178": 3,
            "179": 7
          }
        }
      }
    },
    {
      "session": 9,
      "num_seen_classes": 190,
      "baseline_full_acc": 84.929,
      "baseline_base_acc": 87.884,
      "baseline_novel_acc": 81.711,
      "selected_alpha": 0.25,
      "final_full_acc": 85.42,
      "final_base_acc": 87.709,
      "final_novel_acc": 82.928,
      "final_gain": 0.491,
      "updated_class_count": 89,
      "gated_query_count": 2570,
      "gated_base_count": 18,
      "gated_novel_count": 2552,
      "alpha_selection": {
        "mode": "pseudo_validation",
        "fallback_used": false,
        "selected_alpha": 0.25,
        "candidates": [
          {
            "alpha": 0.25,
            "pseudo_val_score": -0.164652,
            "pseudo_val_nll": 0.164652,
            "pseudo_val_agreement": 97.815
          },
          {
            "alpha": 0.5,
            "pseudo_val_score": -0.177957,
            "pseudo_val_nll": 0.177957,
            "pseudo_val_agreement": 96.528
          },
          {
            "alpha": 0.75,
            "pseudo_val_score": -0.195508,
            "pseudo_val_nll": 0.195508,
            "pseudo_val_agreement": 96.229
          },
          {
            "alpha": 1.0,
            "pseudo_val_score": -0.213132,
            "pseudo_val_nll": 0.213132,
            "pseudo_val_agreement": 95.81
          }
        ],
        "split": {
          "novel_gated_query_count": 2570,
          "validation_count": 3341,
          "novel_validation_count": 515,
          "base_validation_count": 2826,
          "updated_class_count": 89,
          "per_class_counts": {
            "100": 20,
            "101": 12,
            "102": 24,
            "103": 30,
            "104": 3,
            "105": 30,
            "106": 19,
            "107": 24,
            "108": 29,
            "109": 30,
            "110": 24,
            "111": 35,
            "112": 21,
            "113": 30,
            "114": 14,
            "115": 32,
            "116": 51,
            "117": 45,
            "118": 24,
            "119": 28,
            "120": 26,
            "121": 29,
            "122": 43,
            "123": 18,
            "124": 40,
            "125": 25,
            "126": 27,
            "127": 25,
            "128": 33,
            "129": 12,
            "130": 34,
            "131": 28,
            "132": 30,
            "133": 29,
            "134": 33,
            "135": 44,
            "136": 11,
            "137": 28,
            "138": 30,
            "139": 30,
            "140": 9,
            "141": 22,
            "142": 27,
            "143": 42,
            "144": 31,
            "145": 33,
            "146": 45,
            "147": 29,
            "148": 30,
            "149": 29,
            "150": 22,
            "151": 29,
            "152": 41,
            "153": 30,
            "154": 28,
            "155": 32,
            "156": 28,
            "157": 31,
            "158": 30,
            "159": 29,
            "160": 28,
            "161": 29,
            "162": 30,
            "163": 30,
            "164": 26,
            "165": 27,
            "166": 21,
            "167": 28,
            "168": 29,
            "169": 27,
            "170": 27,
            "171": 31,
            "172": 46,
            "173": 30,
            "174": 38,
            "175": 31,
            "176": 32,
            "177": 24,
            "178": 13,
            "179": 35,
            "180": 30,
            "181": 32,
            "182": 36,
            "183": 24,
            "184": 29,
            "185": 31,
            "186": 21,
            "187": 30,
            "188": 30,
            "189": 28
          },
          "per_class_update_counts": {
            "100": 16,
            "101": 10,
            "102": 19,
            "103": 24,
            "104": 0,
            "105": 24,
            "106": 15,
            "107": 19,
            "108": 23,
            "109": 24,
            "110": 19,
            "111": 28,
            "112": 17,
            "113": 24,
            "114": 11,
            "115": 26,
            "116": 41,
            "117": 36,
            "118": 19,
            "119": 22,
            "120": 21,
            "121": 23,
            "122": 34,
            "123": 14,
            "124": 32,
            "125": 20,
            "126": 22,
            "127": 20,
            "128": 26,
            "129": 10,
            "130": 27,
            "131": 22,
            "132": 24,
            "133": 23,
            "134": 26,
            "135": 35,
            "136": 9,
            "137": 22,
            "138": 24,
            "139": 24,
            "140": 7,
            "141": 18,
            "142": 22,
            "143": 34,
            "144": 25,
            "145": 26,
            "146": 36,
            "147": 23,
            "148": 24,
            "149": 23,
            "150": 18,
            "151": 23,
            "152": 33,
            "153": 24,
            "154": 22,
            "155": 26,
            "156": 22,
            "157": 25,
            "158": 24,
            "159": 23,
            "160": 22,
            "161": 23,
            "162": 24,
            "163": 24,
            "164": 21,
            "165": 22,
            "166": 17,
            "167": 22,
            "168": 23,
            "169": 22,
            "170": 22,
            "171": 25,
            "172": 37,
            "173": 24,
            "174": 30,
            "175": 25,
            "176": 26,
            "177": 19,
            "178": 10,
            "179": 28,
            "180": 24,
            "181": 26,
            "182": 29,
            "183": 19,
            "184": 23,
            "185": 25,
            "186": 17,
            "187": 24,
            "188": 24,
            "189": 22
          },
          "per_class_validation_counts": {
            "100": 4,
            "101": 2,
            "102": 5,
            "103": 6,
            "104": 0,
            "105": 6,
            "106": 4,
            "107": 5,
            "108": 6,
            "109": 6,
            "110": 5,
            "111": 7,
            "112": 4,
            "113": 6,
            "114": 3,
            "115": 6,
            "116": 10,
            "117": 9,
            "118": 5,
            "119": 6,
            "120": 5,
            "121": 6,
            "122": 9,
            "123": 4,
            "124": 8,
            "125": 5,
            "126": 5,
            "127": 5,
            "128": 7,
            "129": 2,
            "130": 7,
            "131": 6,
            "132": 6,
            "133": 6,
            "134": 7,
            "135": 9,
            "136": 2,
            "137": 6,
            "138": 6,
            "139": 6,
            "140": 2,
            "141": 4,
            "142": 5,
            "143": 8,
            "144": 6,
            "145": 7,
            "146": 9,
            "147": 6,
            "148": 6,
            "149": 6,
            "150": 4,
            "151": 6,
            "152": 8,
            "153": 6,
            "154": 6,
            "155": 6,
            "156": 6,
            "157": 6,
            "158": 6,
            "159": 6,
            "160": 6,
            "161": 6,
            "162": 6,
            "163": 6,
            "164": 5,
            "165": 5,
            "166": 4,
            "167": 6,
            "168": 6,
            "169": 5,
            "170": 5,
            "171": 6,
            "172": 9,
            "173": 6,
            "174": 8,
            "175": 6,
            "176": 6,
            "177": 5,
            "178": 3,
            "179": 7,
            "180": 6,
            "181": 6,
            "182": 7,
            "183": 5,
            "184": 6,
            "185": 6,
            "186": 4,
            "187": 6,
            "188": 6,
            "189": 6
          }
        }
      }
    },
    {
      "session": 10,
      "num_seen_classes": 200,
      "baseline_full_acc": 85.295,
      "baseline_base_acc": 87.884,
      "baseline_novel_acc": 82.765,
      "selected_alpha": 0.25,
      "final_full_acc": 85.796,
      "final_base_acc": 87.709,
      "final_novel_acc": 83.925,
      "final_gain": 0.501,
      "updated_class_count": 99,
      "gated_query_count": 2868,
      "gated_base_count": 18,
      "gated_novel_count": 2850,
      "alpha_selection": {
        "mode": "pseudo_validation",
        "fallback_used": false,
        "selected_alpha": 0.25,
        "candidates": [
          {
            "alpha": 0.25,
            "pseudo_val_score": -0.168326,
            "pseudo_val_nll": 0.168326,
            "pseudo_val_agreement": 97.826
          },
          {
            "alpha": 0.5,
            "pseudo_val_score": -0.181067,
            "pseudo_val_nll": 0.181067,
            "pseudo_val_agreement": 96.563
          },
          {
            "alpha": 0.75,
            "pseudo_val_score": -0.198117,
            "pseudo_val_nll": 0.198117,
            "pseudo_val_agreement": 96.152
          },
          {
            "alpha": 1.0,
            "pseudo_val_score": -0.215425,
            "pseudo_val_nll": 0.215425,
            "pseudo_val_agreement": 95.682
          }
        ],
        "split": {
          "novel_gated_query_count": 2868,
          "validation_count": 3404,
          "novel_validation_count": 575,
          "base_validation_count": 2829,
          "updated_class_count": 99,
          "per_class_counts": {
            "100": 20,
            "101": 12,
            "102": 23,
            "103": 30,
            "104": 3,
            "105": 30,
            "106": 19,
            "107": 24,
            "108": 29,
            "109": 30,
            "110": 24,
            "111": 35,
            "112": 21,
            "113": 30,
            "114": 14,
            "115": 32,
            "116": 51,
            "117": 45,
            "118": 25,
            "119": 28,
            "120": 26,
            "121": 29,
            "122": 43,
            "123": 18,
            "124": 41,
            "125": 25,
            "126": 27,
            "127": 25,
            "128": 33,
            "129": 12,
            "130": 34,
            "131": 28,
            "132": 30,
            "133": 29,
            "134": 33,
            "135": 44,
            "136": 11,
            "137": 28,
            "138": 30,
            "139": 30,
            "140": 9,
            "141": 22,
            "142": 27,
            "143": 42,
            "144": 31,
            "145": 33,
            "146": 45,
            "147": 29,
            "148": 29,
            "149": 29,
            "150": 22,
            "151": 29,
            "152": 41,
            "153": 29,
            "154": 29,
            "155": 32,
            "156": 28,
            "157": 31,
            "158": 30,
            "159": 29,
            "160": 28,
            "161": 29,
            "162": 30,
            "163": 30,
            "164": 26,
            "165": 27,
            "166": 21,
            "167": 29,
            "168": 29,
            "169": 27,
            "170": 27,
            "171": 31,
            "172": 46,
            "173": 30,
            "174": 38,
            "175": 31,
            "176": 32,
            "177": 24,
            "178": 14,
            "179": 35,
            "180": 29,
            "181": 32,
            "182": 36,
            "183": 24,
            "184": 29,
            "185": 31,
            "186": 20,
            "187": 30,
            "188": 33,
            "189": 28,
            "190": 27,
            "191": 31,
            "192": 26,
            "193": 30,
            "194": 38,
            "195": 29,
            "196": 25,
            "197": 29,
            "198": 31,
            "199": 29
          },
          "per_class_update_counts": {
            "100": 16,
            "101": 10,
            "102": 18,
            "103": 24,
            "104": 0,
            "105": 24,
            "106": 15,
            "107": 19,
            "108": 23,
            "109": 24,
            "110": 19,
            "111": 28,
            "112": 17,
            "113": 24,
            "114": 11,
            "115": 26,
            "116": 41,
            "117": 36,
            "118": 20,
            "119": 22,
            "120": 21,
            "121": 23,
            "122": 34,
            "123": 14,
            "124": 33,
            "125": 20,
            "126": 22,
            "127": 20,
            "128": 26,
            "129": 10,
            "130": 27,
            "131": 22,
            "132": 24,
            "133": 23,
            "134": 26,
            "135": 35,
            "136": 9,
            "137": 22,
            "138": 24,
            "139": 24,
            "140": 7,
            "141": 18,
            "142": 22,
            "143": 34,
            "144": 25,
            "145": 26,
            "146": 36,
            "147": 23,
            "148": 23,
            "149": 23,
            "150": 18,
            "151": 23,
            "152": 33,
            "153": 23,
            "154": 23,
            "155": 26,
            "156": 22,
            "157": 25,
            "158": 24,
            "159": 23,
            "160": 22,
            "161": 23,
            "162": 24,
            "163": 24,
            "164": 21,
            "165": 22,
            "166": 17,
            "167": 23,
            "168": 23,
            "169": 22,
            "170": 22,
            "171": 25,
            "172": 37,
            "173": 24,
            "174": 30,
            "175": 25,
            "176": 26,
            "177": 19,
            "178": 11,
            "179": 28,
            "180": 23,
            "181": 26,
            "182": 29,
            "183": 19,
            "184": 23,
            "185": 25,
            "186": 16,
            "187": 24,
            "188": 26,
            "189": 22,
            "190": 22,
            "191": 25,
            "192": 21,
            "193": 24,
            "194": 30,
            "195": 23,
            "196": 20,
            "197": 23,
            "198": 25,
            "199": 23
          },
          "per_class_validation_counts": {
            "100": 4,
            "101": 2,
            "102": 5,
            "103": 6,
            "104": 0,
            "105": 6,
            "106": 4,
            "107": 5,
            "108": 6,
            "109": 6,
            "110": 5,
            "111": 7,
            "112": 4,
            "113": 6,
            "114": 3,
            "115": 6,
            "116": 10,
            "117": 9,
            "118": 5,
            "119": 6,
            "120": 5,
            "121": 6,
            "122": 9,
            "123": 4,
            "124": 8,
            "125": 5,
            "126": 5,
            "127": 5,
            "128": 7,
            "129": 2,
            "130": 7,
            "131": 6,
            "132": 6,
            "133": 6,
            "134": 7,
            "135": 9,
            "136": 2,
            "137": 6,
            "138": 6,
            "139": 6,
            "140": 2,
            "141": 4,
            "142": 5,
            "143": 8,
            "144": 6,
            "145": 7,
            "146": 9,
            "147": 6,
            "148": 6,
            "149": 6,
            "150": 4,
            "151": 6,
            "152": 8,
            "153": 6,
            "154": 6,
            "155": 6,
            "156": 6,
            "157": 6,
            "158": 6,
            "159": 6,
            "160": 6,
            "161": 6,
            "162": 6,
            "163": 6,
            "164": 5,
            "165": 5,
            "166": 4,
            "167": 6,
            "168": 6,
            "169": 5,
            "170": 5,
            "171": 6,
            "172": 9,
            "173": 6,
            "174": 8,
            "175": 6,
            "176": 6,
            "177": 5,
            "178": 3,
            "179": 7,
            "180": 6,
            "181": 6,
            "182": 7,
            "183": 5,
            "184": 6,
            "185": 6,
            "186": 4,
            "187": 6,
            "188": 7,
            "189": 6,
            "190": 5,
            "191": 6,
            "192": 5,
            "193": 6,
            "194": 8,
            "195": 6,
            "196": 5,
            "197": 6,
            "198": 6,
            "199": 6
          }
        }
      }
    }
  ]
}
