/media/ndag/newVolume/BiMC-test/models/clip/clip.py:23: UserWarning: PyTorch version 1.7.1 or higher is recommended
  warnings.warn("PyTorch version 1.7.1 or higher is recommended")
manual seed: 1
use gpu: ['0']
Files already downloaded and verified
Files already downloaded and verified
Loading CLIP (backbone: ViT-B/16)
Prompt template:['a photo of a {}.']
Loading DinoV2 ViT-B/14 from local hub: /home/ndag/.cache/torch/hub/facebookresearch_dinov2_main
/home/ndag/.cache/torch/hub/facebookresearch_dinov2_main/dinov2/layers/swiglu_ffn.py:51: UserWarning: xFormers is not available (SwiGLU)
  warnings.warn("xFormers is not available (SwiGLU)")
/home/ndag/.cache/torch/hub/facebookresearch_dinov2_main/dinov2/layers/attention.py:36: UserWarning: xFormers is not available (Attention)
  warnings.warn("xFormers is not available (Attention)")
/home/ndag/.cache/torch/hub/facebookresearch_dinov2_main/dinov2/layers/block.py:40: UserWarning: xFormers is not available (Block)
  warnings.warn("xFormers is not available (Block)")
Loading DinoV2 weights: /home/ndag/.cache/torch/hub/checkpoints/dinov2_vitb14_pretrain.pth
class names: ['apple' 'aquarium fish' 'baby' 'bear' 'beaver' 'bed' 'bee' 'beetle'
 'bicycle' 'bottle' 'bowl' 'boy' 'bridge' 'bus' 'butterfly' 'camel' 'can'
 'castle' 'caterpillar' 'cattle' 'chair' 'chimpanzee' 'clock' 'cloud'
 'cockroach' 'couch' 'crab' 'crocodile' 'cup' 'dinosaur' 'dolphin'
 'elephant' 'flatfish' 'forest' 'fox' 'girl' 'hamster' 'house' 'kangaroo'
 'keyboard' 'lamp' 'lawn mower' 'leopard' 'lion' 'lizard' 'lobster' 'man'
 'maple tree' 'motorcycle' 'mountain' 'mouse' 'mushroom' 'oak tree'
 'orange' 'orchid' 'otter' 'palm tree' 'pear' 'pickup truck' 'pine tree']
all targets:tensor([ 0,  1,  2,  3,  4,  5,  6,  7,  8,  9, 10, 11, 12, 13, 14, 15, 16, 17,
        18, 19, 20, 21, 22, 23, 24, 25, 26, 27, 28, 29, 30, 31, 32, 33, 34, 35,
        36, 37, 38, 39, 40, 41, 42, 43, 44, 45, 46, 47, 48, 49, 50, 51, 52, 53,
        54, 55, 56, 57, 58, 59], device='cuda:0')
dino all targets:tensor([ 0,  1,  2,  3,  4,  5,  6,  7,  8,  9, 10, 11, 12, 13, 14, 15, 16, 17,
        18, 19, 20, 21, 22, 23, 24, 25, 26, 27, 28, 29, 30, 31, 32, 33, 34, 35,
        36, 37, 38, 39, 40, 41, 42, 43, 44, 45, 46, 47, 48, 49, 50, 51, 52, 53,
        54, 55, 56, 57, 58, 59], device='cuda:0')
finish loading CLIP/DinoV2 covariance
class names: ['plain' 'plate' 'poppy' 'porcupine' 'possum']
all targets:tensor([60, 61, 62, 63, 64], device='cuda:0')
dino all targets:tensor([60, 61, 62, 63, 64], device='cuda:0')
finish loading CLIP/DinoV2 covariance
class names: ['rabbit' 'raccoon' 'ray' 'road' 'rocket']
all targets:tensor([65, 66, 67, 68, 69], device='cuda:0')
dino all targets:tensor([65, 66, 67, 68, 69], device='cuda:0')
finish loading CLIP/DinoV2 covariance
class names: ['rose' 'sea' 'seal' 'shark' 'shrew']
all targets:tensor([70, 71, 72, 73, 74], device='cuda:0')
dino all targets:tensor([70, 71, 72, 73, 74], device='cuda:0')
finish loading CLIP/DinoV2 covariance
class names: ['skunk' 'skyscraper' 'snail' 'snake' 'spider']
all targets:tensor([75, 76, 77, 78, 79], device='cuda:0')
dino all targets:tensor([75, 76, 77, 78, 79], device='cuda:0')
finish loading CLIP/DinoV2 covariance
class names: ['squirrel' 'streetcar' 'sunflower' 'sweet pepper' 'table']
all targets:tensor([80, 81, 82, 83, 84], device='cuda:0')
dino all targets:tensor([80, 81, 82, 83, 84], device='cuda:0')
finish loading CLIP/DinoV2 covariance
class names: ['tank' 'telephone' 'television' 'tiger' 'tractor']
all targets:tensor([85, 86, 87, 88, 89], device='cuda:0')
dino all targets:tensor([85, 86, 87, 88, 89], device='cuda:0')
finish loading CLIP/DinoV2 covariance
class names: ['train' 'trout' 'tulip' 'turtle' 'wardrobe']
all targets:tensor([90, 91, 92, 93, 94], device='cuda:0')
dino all targets:tensor([90, 91, 92, 93, 94], device='cuda:0')
finish loading CLIP/DinoV2 covariance
class names: ['whale' 'willow tree' 'wolf' 'woman' 'worm']
all targets:tensor([95, 96, 97, 98, 99], device='cuda:0')
dino all targets:tensor([95, 96, 97, 98, 99], device='cuda:0')
finish loading CLIP/DinoV2 covariance
session 0: baseline=89.750 final=89.750 gain=0.000
session 1: baseline=88.015 final=88.600 gain=0.585
session 2: baseline=87.429 final=88.271 gain=0.843
session 3: baseline=85.573 final=87.120 gain=1.547
session 4: baseline=85.263 final=87.200 gain=1.938
session 5: baseline=85.047 final=87.071 gain=2.024
session 6: baseline=85.133 final=87.233 gain=2.100
session 7: baseline=84.895 final=87.116 gain=2.221
session 8: baseline=83.170 final=85.780 gain=2.610
{
  "dataset": "CIFAR100",
  "seed": 1,
  "train_cfg": "experiments/bmvc_1256_20260508-124032/generated_configs/bimc_dino_fusion.yaml",
  "method": "sessionwise conservative query prototype refinement on bimc_dino_fusion with pseudo-validation alpha selection",
  "runtime_sec": 447.997,
  "alpha_grid": [
    0.5,
    0.75,
    1.0
  ],
  "alpha_selection": "pseudo_validation_no_test_labels",
  "mass_thr": 0.3,
  "min_count": 5,
  "val_fraction": 0.1,
  "base_val_conf_thr": 0.5,
  "base_val_max_per_class": 50,
  "fallback_alpha": 0.75,
  "topk_per_class": null,
  "baseline_acc_list": [
    89.75,
    88.015,
    87.429,
    85.573,
    85.263,
    85.047,
    85.133,
    84.895,
    83.17
  ],
  "final_acc_list": [
    89.75,
    88.6,
    88.271,
    87.12,
    87.2,
    87.071,
    87.233,
    87.116,
    85.78
  ],
  "gain_list": [
    0.0,
    0.585,
    0.843,
    1.547,
    1.938,
    2.024,
    2.1,
    2.221,
    2.61
  ],
  "baseline_avg": 86.031,
  "baseline_pd": 6.58,
  "final_avg": 87.571,
  "final_pd": 3.97,
  "gain_avg": 1.541,
  "session_results": [
    {
      "session": 0,
      "num_seen_classes": 60,
      "baseline_full_acc": 89.75,
      "baseline_base_acc": 89.75,
      "baseline_novel_acc": 0.0,
      "best_alpha": null,
      "final_full_acc": 89.75,
      "final_base_acc": 89.75,
      "final_novel_acc": 0.0,
      "final_gain": 0.0,
      "updated_class_count": 0,
      "gated_query_count": 0,
      "alpha_selection": {
        "mode": "not_applicable_base_session",
        "selected_alpha": null
      }
    },
    {
      "session": 1,
      "num_seen_classes": 65,
      "baseline_full_acc": 88.015,
      "baseline_base_acc": 89.467,
      "baseline_novel_acc": 70.6,
      "selected_alpha": 0.5,
      "final_full_acc": 88.6,
      "final_base_acc": 89.317,
      "final_novel_acc": 80.0,
      "final_gain": 0.585,
      "updated_class_count": 5,
      "gated_query_count": 364,
      "gated_base_count": 11,
      "gated_novel_count": 353,
      "alpha_selection": {
        "mode": "pseudo_validation",
        "fallback_used": false,
        "selected_alpha": 0.5,
        "candidates": [
          {
            "alpha": 0.5,
            "pseudo_val_score": -0.013576,
            "pseudo_val_nll": 0.013576,
            "pseudo_val_agreement": 99.901
          },
          {
            "alpha": 0.75,
            "pseudo_val_score": -0.014086,
            "pseudo_val_nll": 0.014086,
            "pseudo_val_agreement": 99.835
          },
          {
            "alpha": 1.0,
            "pseudo_val_score": -0.015225,
            "pseudo_val_nll": 0.015225,
            "pseudo_val_agreement": 99.736
          }
        ],
        "split": {
          "novel_gated_query_count": 364,
          "validation_count": 3036,
          "novel_validation_count": 36,
          "base_validation_count": 3000,
          "updated_class_count": 5,
          "per_class_counts": {
            "60": 62,
            "61": 78,
            "62": 101,
            "63": 54,
            "64": 69
          },
          "per_class_update_counts": {
            "60": 56,
            "61": 70,
            "62": 91,
            "63": 49,
            "64": 62
          },
          "per_class_validation_counts": {
            "60": 6,
            "61": 8,
            "62": 10,
            "63": 5,
            "64": 7
          }
        }
      }
    },
    {
      "session": 2,
      "num_seen_classes": 70,
      "baseline_full_acc": 87.429,
      "baseline_base_acc": 89.283,
      "baseline_novel_acc": 76.3,
      "selected_alpha": 0.5,
      "final_full_acc": 88.271,
      "final_base_acc": 89.117,
      "final_novel_acc": 83.2,
      "final_gain": 0.843,
      "updated_class_count": 10,
      "gated_query_count": 799,
      "gated_base_count": 23,
      "gated_novel_count": 776,
      "alpha_selection": {
        "mode": "pseudo_validation",
        "fallback_used": false,
        "selected_alpha": 0.5,
        "candidates": [
          {
            "alpha": 0.5,
            "pseudo_val_score": -0.026973,
            "pseudo_val_nll": 0.026973,
            "pseudo_val_agreement": 99.675
          },
          {
            "alpha": 0.75,
            "pseudo_val_score": -0.029051,
            "pseudo_val_nll": 0.029051,
            "pseudo_val_agreement": 99.383
          },
          {
            "alpha": 1.0,
            "pseudo_val_score": -0.032253,
            "pseudo_val_nll": 0.032253,
            "pseudo_val_agreement": 99.286
          }
        ],
        "split": {
          "novel_gated_query_count": 799,
          "validation_count": 3080,
          "novel_validation_count": 80,
          "base_validation_count": 3000,
          "updated_class_count": 10,
          "per_class_counts": {
            "60": 58,
            "61": 78,
            "62": 101,
            "63": 54,
            "64": 66,
            "65": 83,
            "66": 94,
            "67": 78,
            "68": 96,
            "69": 91
          },
          "per_class_update_counts": {
            "60": 52,
            "61": 70,
            "62": 91,
            "63": 49,
            "64": 59,
            "65": 75,
            "66": 85,
            "67": 70,
            "68": 86,
            "69": 82
          },
          "per_class_validation_counts": {
            "60": 6,
            "61": 8,
            "62": 10,
            "63": 5,
            "64": 7,
            "65": 8,
            "66": 9,
            "67": 8,
            "68": 10,
            "69": 9
          }
        }
      }
    },
    {
      "session": 3,
      "num_seen_classes": 75,
      "baseline_full_acc": 85.573,
      "baseline_base_acc": 89.05,
      "baseline_novel_acc": 71.667,
      "selected_alpha": 0.5,
      "final_full_acc": 87.12,
      "final_base_acc": 88.867,
      "final_novel_acc": 80.133,
      "final_gain": 1.547,
      "updated_class_count": 15,
      "gated_query_count": 1159,
      "gated_base_count": 38,
      "gated_novel_count": 1121,
      "alpha_selection": {
        "mode": "pseudo_validation",
        "fallback_used": false,
        "selected_alpha": 0.5,
        "candidates": [
          {
            "alpha": 0.5,
            "pseudo_val_score": -0.038569,
            "pseudo_val_nll": 0.038569,
            "pseudo_val_agreement": 99.551
          },
          {
            "alpha": 0.75,
            "pseudo_val_score": -0.041452,
            "pseudo_val_nll": 0.041452,
            "pseudo_val_agreement": 99.198
          },
          {
            "alpha": 1.0,
            "pseudo_val_score": -0.045738,
            "pseudo_val_nll": 0.045738,
            "pseudo_val_agreement": 98.813
          }
        ],
        "split": {
          "novel_gated_query_count": 1159,
          "validation_count": 3117,
          "novel_validation_count": 117,
          "base_validation_count": 3000,
          "updated_class_count": 15,
          "per_class_counts": {
            "60": 59,
            "61": 77,
            "62": 97,
            "63": 55,
            "64": 66,
            "65": 83,
            "66": 95,
            "67": 72,
            "68": 99,
            "69": 89,
            "70": 98,
            "71": 92,
            "72": 51,
            "73": 81,
            "74": 45
          },
          "per_class_update_counts": {
            "60": 53,
            "61": 69,
            "62": 87,
            "63": 49,
            "64": 59,
            "65": 75,
            "66": 85,
            "67": 65,
            "68": 89,
            "69": 80,
            "70": 88,
            "71": 83,
            "72": 46,
            "73": 73,
            "74": 41
          },
          "per_class_validation_counts": {
            "60": 6,
            "61": 8,
            "62": 10,
            "63": 6,
            "64": 7,
            "65": 8,
            "66": 10,
            "67": 7,
            "68": 10,
            "69": 9,
            "70": 10,
            "71": 9,
            "72": 5,
            "73": 8,
            "74": 4
          }
        }
      }
    },
    {
      "session": 4,
      "num_seen_classes": 80,
      "baseline_full_acc": 85.263,
      "baseline_base_acc": 88.867,
      "baseline_novel_acc": 74.45,
      "selected_alpha": 0.5,
      "final_full_acc": 87.2,
      "final_base_acc": 88.683,
      "final_novel_acc": 82.75,
      "final_gain": 1.938,
      "updated_class_count": 20,
      "gated_query_count": 1585,
      "gated_base_count": 45,
      "gated_novel_count": 1540,
      "alpha_selection": {
        "mode": "pseudo_validation",
        "fallback_used": false,
        "selected_alpha": 0.5,
        "candidates": [
          {
            "alpha": 0.5,
            "pseudo_val_score": -0.047248,
            "pseudo_val_nll": 0.047248,
            "pseudo_val_agreement": 99.335
          },
          {
            "alpha": 0.75,
            "pseudo_val_score": -0.050405,
            "pseudo_val_nll": 0.050405,
            "pseudo_val_agreement": 99.018
          },
          {
            "alpha": 1.0,
            "pseudo_val_score": -0.055749,
            "pseudo_val_nll": 0.055749,
            "pseudo_val_agreement": 98.575
          }
        ],
        "split": {
          "novel_gated_query_count": 1585,
          "validation_count": 3158,
          "novel_validation_count": 158,
          "base_validation_count": 3000,
          "updated_class_count": 20,
          "per_class_counts": {
            "60": 59,
            "61": 78,
            "62": 97,
            "63": 53,
            "64": 66,
            "65": 82,
            "66": 94,
            "67": 73,
            "68": 98,
            "69": 89,
            "70": 97,
            "71": 92,
            "72": 51,
            "73": 79,
            "74": 44,
            "75": 96,
            "76": 85,
            "77": 93,
            "78": 93,
            "79": 66
          },
          "per_class_update_counts": {
            "60": 53,
            "61": 70,
            "62": 87,
            "63": 48,
            "64": 59,
            "65": 74,
            "66": 85,
            "67": 66,
            "68": 88,
            "69": 80,
            "70": 87,
            "71": 83,
            "72": 46,
            "73": 71,
            "74": 40,
            "75": 86,
            "76": 77,
            "77": 84,
            "78": 84,
            "79": 59
          },
          "per_class_validation_counts": {
            "60": 6,
            "61": 8,
            "62": 10,
            "63": 5,
            "64": 7,
            "65": 8,
            "66": 9,
            "67": 7,
            "68": 10,
            "69": 9,
            "70": 10,
            "71": 9,
            "72": 5,
            "73": 8,
            "74": 4,
            "75": 10,
            "76": 8,
            "77": 9,
            "78": 9,
            "79": 7
          }
        }
      }
    },
    {
      "session": 5,
      "num_seen_classes": 85,
      "baseline_full_acc": 85.047,
      "baseline_base_acc": 88.783,
      "baseline_novel_acc": 76.08,
      "selected_alpha": 0.5,
      "final_full_acc": 87.071,
      "final_base_acc": 88.583,
      "final_novel_acc": 83.44,
      "final_gain": 2.024,
      "updated_class_count": 25,
      "gated_query_count": 2012,
      "gated_base_count": 50,
      "gated_novel_count": 1962,
      "alpha_selection": {
        "mode": "pseudo_validation",
        "fallback_used": false,
        "selected_alpha": 0.5,
        "candidates": [
          {
            "alpha": 0.5,
            "pseudo_val_score": -0.055438,
            "pseudo_val_nll": 0.055438,
            "pseudo_val_agreement": 99.312
          },
          {
            "alpha": 0.75,
            "pseudo_val_score": -0.058755,
            "pseudo_val_nll": 0.058755,
            "pseudo_val_agreement": 98.812
          },
          {
            "alpha": 1.0,
            "pseudo_val_score": -0.064454,
            "pseudo_val_nll": 0.064454,
            "pseudo_val_agreement": 98.406
          }
        ],
        "split": {
          "novel_gated_query_count": 2012,
          "validation_count": 3200,
          "novel_validation_count": 200,
          "base_validation_count": 3000,
          "updated_class_count": 25,
          "per_class_counts": {
            "60": 59,
            "61": 78,
            "62": 97,
            "63": 53,
            "64": 66,
            "65": 83,
            "66": 95,
            "67": 72,
            "68": 100,
            "69": 89,
            "70": 98,
            "71": 94,
            "72": 51,
            "73": 80,
            "74": 44,
            "75": 98,
            "76": 83,
            "77": 90,
            "78": 94,
            "79": 65,
            "80": 71,
            "81": 83,
            "82": 99,
            "83": 93,
            "84": 77
          },
          "per_class_update_counts": {
            "60": 53,
            "61": 70,
            "62": 87,
            "63": 48,
            "64": 59,
            "65": 75,
            "66": 85,
            "67": 65,
            "68": 90,
            "69": 80,
            "70": 88,
            "71": 85,
            "72": 46,
            "73": 72,
            "74": 40,
            "75": 88,
            "76": 75,
            "77": 81,
            "78": 85,
            "79": 59,
            "80": 64,
            "81": 75,
            "82": 89,
            "83": 84,
            "84": 69
          },
          "per_class_validation_counts": {
            "60": 6,
            "61": 8,
            "62": 10,
            "63": 5,
            "64": 7,
            "65": 8,
            "66": 10,
            "67": 7,
            "68": 10,
            "69": 9,
            "70": 10,
            "71": 9,
            "72": 5,
            "73": 8,
            "74": 4,
            "75": 10,
            "76": 8,
            "77": 9,
            "78": 9,
            "79": 6,
            "80": 7,
            "81": 8,
            "82": 10,
            "83": 9,
            "84": 8
          }
        }
      }
    },
    {
      "session": 6,
      "num_seen_classes": 90,
      "baseline_full_acc": 85.133,
      "baseline_base_acc": 88.617,
      "baseline_novel_acc": 78.167,
      "selected_alpha": 0.5,
      "final_full_acc": 87.233,
      "final_base_acc": 88.4,
      "final_novel_acc": 84.9,
      "final_gain": 2.1,
      "updated_class_count": 30,
      "gated_query_count": 2466,
      "gated_base_count": 57,
      "gated_novel_count": 2409,
      "alpha_selection": {
        "mode": "pseudo_validation",
        "fallback_used": false,
        "selected_alpha": 0.5,
        "candidates": [
          {
            "alpha": 0.5,
            "pseudo_val_score": -0.064218,
            "pseudo_val_nll": 0.064218,
            "pseudo_val_agreement": 99.168
          },
          {
            "alpha": 0.75,
            "pseudo_val_score": -0.067681,
            "pseudo_val_nll": 0.067681,
            "pseudo_val_agreement": 98.891
          },
          {
            "alpha": 1.0,
            "pseudo_val_score": -0.07343,
            "pseudo_val_nll": 0.07343,
            "pseudo_val_agreement": 98.306
          }
        ],
        "split": {
          "novel_gated_query_count": 2466,
          "validation_count": 3246,
          "novel_validation_count": 246,
          "base_validation_count": 3000,
          "updated_class_count": 30,
          "per_class_counts": {
            "60": 59,
            "61": 78,
            "62": 97,
            "63": 53,
            "64": 66,
            "65": 83,
            "66": 95,
            "67": 72,
            "68": 101,
            "69": 86,
            "70": 98,
            "71": 93,
            "72": 51,
            "73": 80,
            "74": 44,
            "75": 97,
            "76": 83,
            "77": 90,
            "78": 93,
            "79": 65,
            "80": 72,
            "81": 83,
            "82": 99,
            "83": 92,
            "84": 78,
            "85": 98,
            "86": 92,
            "87": 83,
            "88": 86,
            "89": 99
          },
          "per_class_update_counts": {
            "60": 53,
            "61": 70,
            "62": 87,
            "63": 48,
            "64": 59,
            "65": 75,
            "66": 85,
            "67": 65,
            "68": 91,
            "69": 77,
            "70": 88,
            "71": 84,
            "72": 46,
            "73": 72,
            "74": 40,
            "75": 87,
            "76": 75,
            "77": 81,
            "78": 84,
            "79": 59,
            "80": 65,
            "81": 75,
            "82": 89,
            "83": 83,
            "84": 70,
            "85": 88,
            "86": 83,
            "87": 75,
            "88": 77,
            "89": 89
          },
          "per_class_validation_counts": {
            "60": 6,
            "61": 8,
            "62": 10,
            "63": 5,
            "64": 7,
            "65": 8,
            "66": 10,
            "67": 7,
            "68": 10,
            "69": 9,
            "70": 10,
            "71": 9,
            "72": 5,
            "73": 8,
            "74": 4,
            "75": 10,
            "76": 8,
            "77": 9,
            "78": 9,
            "79": 6,
            "80": 7,
            "81": 8,
            "82": 10,
            "83": 9,
            "84": 8,
            "85": 10,
            "86": 9,
            "87": 8,
            "88": 9,
            "89": 10
          }
        }
      }
    },
    {
      "session": 7,
      "num_seen_classes": 95,
      "baseline_full_acc": 84.895,
      "baseline_base_acc": 88.683,
      "baseline_novel_acc": 78.4,
      "selected_alpha": 0.5,
      "final_full_acc": 87.116,
      "final_base_acc": 88.367,
      "final_novel_acc": 84.971,
      "final_gain": 2.221,
      "updated_class_count": 35,
      "gated_query_count": 2909,
      "gated_base_count": 67,
      "gated_novel_count": 2842,
      "alpha_selection": {
        "mode": "pseudo_validation",
        "fallback_used": false,
        "selected_alpha": 0.5,
        "candidates": [
          {
            "alpha": 0.5,
            "pseudo_val_score": -0.075397,
            "pseudo_val_nll": 0.075397,
            "pseudo_val_agreement": 98.936
          },
          {
            "alpha": 0.75,
            "pseudo_val_score": -0.079326,
            "pseudo_val_nll": 0.079326,
            "pseudo_val_agreement": 98.51
          },
          {
            "alpha": 1.0,
            "pseudo_val_score": -0.085589,
            "pseudo_val_nll": 0.085589,
            "pseudo_val_agreement": 98.115
          }
        ],
        "split": {
          "novel_gated_query_count": 2909,
          "validation_count": 3289,
          "novel_validation_count": 289,
          "base_validation_count": 3000,
          "updated_class_count": 35,
          "per_class_counts": {
            "60": 59,
            "61": 78,
            "62": 97,
            "63": 54,
            "64": 66,
            "65": 82,
            "66": 96,
            "67": 72,
            "68": 101,
            "69": 86,
            "70": 104,
            "71": 93,
            "72": 53,
            "73": 80,
            "74": 45,
            "75": 97,
            "76": 83,
            "77": 92,
            "78": 94,
            "79": 67,
            "80": 71,
            "81": 89,
            "82": 100,
            "83": 93,
            "84": 77,
            "85": 99,
            "86": 92,
            "87": 82,
            "88": 86,
            "89": 99,
            "90": 84,
            "91": 80,
            "92": 82,
            "93": 83,
            "94": 93
          },
          "per_class_update_counts": {
            "60": 53,
            "61": 70,
            "62": 87,
            "63": 49,
            "64": 59,
            "65": 74,
            "66": 86,
            "67": 65,
            "68": 91,
            "69": 77,
            "70": 94,
            "71": 84,
            "72": 48,
            "73": 72,
            "74": 41,
            "75": 87,
            "76": 75,
            "77": 83,
            "78": 85,
            "79": 60,
            "80": 64,
            "81": 80,
            "82": 90,
            "83": 84,
            "84": 69,
            "85": 89,
            "86": 83,
            "87": 74,
            "88": 77,
            "89": 89,
            "90": 76,
            "91": 72,
            "92": 74,
            "93": 75,
            "94": 84
          },
          "per_class_validation_counts": {
            "60": 6,
            "61": 8,
            "62": 10,
            "63": 5,
            "64": 7,
            "65": 8,
            "66": 10,
            "67": 7,
            "68": 10,
            "69": 9,
            "70": 10,
            "71": 9,
            "72": 5,
            "73": 8,
            "74": 4,
            "75": 10,
            "76": 8,
            "77": 9,
            "78": 9,
            "79": 7,
            "80": 7,
            "81": 9,
            "82": 10,
            "83": 9,
            "84": 8,
            "85": 10,
            "86": 9,
            "87": 8,
            "88": 9,
            "89": 10,
            "90": 8,
            "91": 8,
            "92": 8,
            "93": 8,
            "94": 9
          }
        }
      }
    },
    {
      "session": 8,
      "num_seen_classes": 100,
      "baseline_full_acc": 83.17,
      "baseline_base_acc": 88.25,
      "baseline_novel_acc": 75.55,
      "selected_alpha": 0.5,
      "final_full_acc": 85.78,
      "final_base_acc": 87.9,
      "final_novel_acc": 82.6,
      "final_gain": 2.61,
      "updated_class_count": 40,
      "gated_query_count": 3224,
      "gated_base_count": 77,
      "gated_novel_count": 3147,
      "alpha_selection": {
        "mode": "pseudo_validation",
        "fallback_used": false,
        "selected_alpha": 0.5,
        "candidates": [
          {
            "alpha": 0.5,
            "pseudo_val_score": -0.083769,
            "pseudo_val_nll": 0.083769,
            "pseudo_val_agreement": 98.856
          },
          {
            "alpha": 0.75,
            "pseudo_val_score": -0.088591,
            "pseudo_val_nll": 0.088591,
            "pseudo_val_agreement": 98.284
          },
          {
            "alpha": 1.0,
            "pseudo_val_score": -0.096218,
            "pseudo_val_nll": 0.096218,
            "pseudo_val_agreement": 97.742
          }
        ],
        "split": {
          "novel_gated_query_count": 3224,
          "validation_count": 3322,
          "novel_validation_count": 322,
          "base_validation_count": 3000,
          "updated_class_count": 40,
          "per_class_counts": {
            "60": 59,
            "61": 77,
            "62": 95,
            "63": 54,
            "64": 66,
            "65": 83,
            "66": 96,
            "67": 70,
            "68": 100,
            "69": 86,
            "70": 104,
            "71": 95,
            "72": 52,
            "73": 86,
            "74": 44,
            "75": 96,
            "76": 84,
            "77": 93,
            "78": 88,
            "79": 64,
            "80": 70,
            "81": 88,
            "82": 100,
            "83": 92,
            "84": 77,
            "85": 99,
            "86": 93,
            "87": 82,
            "88": 86,
            "89": 99,
            "90": 84,
            "91": 79,
            "92": 84,
            "93": 82,
            "94": 92,
            "95": 41,
            "96": 34,
            "97": 92,
            "98": 55,
            "99": 103
          },
          "per_class_update_counts": {
            "60": 53,
            "61": 69,
            "62": 85,
            "63": 49,
            "64": 59,
            "65": 75,
            "66": 86,
            "67": 63,
            "68": 90,
            "69": 77,
            "70": 94,
            "71": 85,
            "72": 47,
            "73": 77,
            "74": 40,
            "75": 86,
            "76": 76,
            "77": 84,
            "78": 79,
            "79": 58,
            "80": 63,
            "81": 79,
            "82": 90,
            "83": 83,
            "84": 69,
            "85": 89,
            "86": 84,
            "87": 74,
            "88": 77,
            "89": 89,
            "90": 76,
            "91": 71,
            "92": 76,
            "93": 74,
            "94": 83,
            "95": 37,
            "96": 31,
            "97": 83,
            "98": 49,
            "99": 93
          },
          "per_class_validation_counts": {
            "60": 6,
            "61": 8,
            "62": 10,
            "63": 5,
            "64": 7,
            "65": 8,
            "66": 10,
            "67": 7,
            "68": 10,
            "69": 9,
            "70": 10,
            "71": 10,
            "72": 5,
            "73": 9,
            "74": 4,
            "75": 10,
            "76": 8,
            "77": 9,
            "78": 9,
            "79": 6,
            "80": 7,
            "81": 9,
            "82": 10,
            "83": 9,
            "84": 8,
            "85": 10,
            "86": 9,
            "87": 8,
            "88": 9,
            "89": 10,
            "90": 8,
            "91": 8,
            "92": 8,
            "93": 8,
            "94": 9,
            "95": 4,
            "96": 3,
            "97": 9,
            "98": 6,
            "99": 10
          }
        }
      }
    }
  ]
}
