/media/ndag/newVolume/BiMC-test/models/clip/clip.py:23: UserWarning: PyTorch version 1.7.1 or higher is recommended
  warnings.warn("PyTorch version 1.7.1 or higher is recommended")
manual seed: 3
use gpu: ['0']
Loading CLIP (backbone: ViT-B/16)
Prompt template:['a photo of a {}.']
Loading DinoV2 ViT-B/14 from local hub: /home/ndag/.cache/torch/hub/facebookresearch_dinov2_main
/home/ndag/.cache/torch/hub/facebookresearch_dinov2_main/dinov2/layers/swiglu_ffn.py:51: UserWarning: xFormers is not available (SwiGLU)
  warnings.warn("xFormers is not available (SwiGLU)")
/home/ndag/.cache/torch/hub/facebookresearch_dinov2_main/dinov2/layers/attention.py:36: UserWarning: xFormers is not available (Attention)
  warnings.warn("xFormers is not available (Attention)")
/home/ndag/.cache/torch/hub/facebookresearch_dinov2_main/dinov2/layers/block.py:40: UserWarning: xFormers is not available (Block)
  warnings.warn("xFormers is not available (Block)")
Loading DinoV2 weights: /home/ndag/.cache/torch/hub/checkpoints/dinov2_vitb14_pretrain.pth
class names: ['house finch' 'robin' 'triceratops' 'green mamba' 'harvestman' 'toucan'
 'goose' 'jellyfish' 'nematode' 'king crab' 'dugong' 'Walker hound'
 'Ibizan hound' 'Saluki' 'golden retriever' 'Gordon setter' 'komondor'
 'boxer' 'Tibetan mastiff' 'French bulldog' 'malamute' 'dalmatian'
 'Newfoundland' 'miniature poodle' 'white wolf' 'African hunting dog'
 'Arctic fox' 'lion' 'meerkat' 'ladybug' 'rhinoceros beetle' 'ant'
 'black-footed ferret' 'three-toed sloth' 'rock beauty' 'aircraft carrier'
 'ashcan' 'barrel' 'beer bottle' 'bookshop' 'cannon' 'carousel' 'carton'
 'catamaran' 'chime' 'clog' 'cocktail shaker' 'combination lock' 'crate'
 'cuirass' 'dishrag' 'dome' 'electric guitar' 'file' 'fire screen'
 'frying pan' 'garbage truck' 'hair slide' 'holster' 'horizontal bar']
all targets:tensor([ 0,  1,  2,  3,  4,  5,  6,  7,  8,  9, 10, 11, 12, 13, 14, 15, 16, 17,
        18, 19, 20, 21, 22, 23, 24, 25, 26, 27, 28, 29, 30, 31, 32, 33, 34, 35,
        36, 37, 38, 39, 40, 41, 42, 43, 44, 45, 46, 47, 48, 49, 50, 51, 52, 53,
        54, 55, 56, 57, 58, 59], device='cuda:0')
dino all targets:tensor([ 0,  1,  2,  3,  4,  5,  6,  7,  8,  9, 10, 11, 12, 13, 14, 15, 16, 17,
        18, 19, 20, 21, 22, 23, 24, 25, 26, 27, 28, 29, 30, 31, 32, 33, 34, 35,
        36, 37, 38, 39, 40, 41, 42, 43, 44, 45, 46, 47, 48, 49, 50, 51, 52, 53,
        54, 55, 56, 57, 58, 59], device='cuda:0')
finish loading CLIP/DinoV2 covariance
class names: ['hourglass' 'iPod' 'lipstick' 'miniskirt' 'missile']
all targets:tensor([60, 61, 62, 63, 64], device='cuda:0')
dino all targets:tensor([60, 61, 62, 63, 64], device='cuda:0')
finish loading CLIP/DinoV2 covariance
class names: ['mixing bowl' 'oboe' 'organ' 'parallel bars' 'pencil box']
all targets:tensor([65, 66, 67, 68, 69], device='cuda:0')
dino all targets:tensor([65, 66, 67, 68, 69], device='cuda:0')
finish loading CLIP/DinoV2 covariance
class names: ['photocopier' 'poncho' 'prayer rug' 'reel' 'school bus']
all targets:tensor([70, 71, 72, 73, 74], device='cuda:0')
dino all targets:tensor([70, 71, 72, 73, 74], device='cuda:0')
finish loading CLIP/DinoV2 covariance
class names: ['scoreboard' 'slot' 'snorkel' 'solar dish' 'spider web']
all targets:tensor([75, 76, 77, 78, 79], device='cuda:0')
dino all targets:tensor([75, 76, 77, 78, 79], device='cuda:0')
finish loading CLIP/DinoV2 covariance
class names: ['stage' 'tank' 'theater curtain' 'tile roof' 'tobacco shop']
all targets:tensor([80, 81, 82, 83, 84], device='cuda:0')
dino all targets:tensor([80, 81, 82, 83, 84], device='cuda:0')
finish loading CLIP/DinoV2 covariance
class names: ['unicycle' 'upright' 'vase' 'wok' 'worm fence']
all targets:tensor([85, 86, 87, 88, 89], device='cuda:0')
dino all targets:tensor([85, 86, 87, 88, 89], device='cuda:0')
finish loading CLIP/DinoV2 covariance
class names: ['yawl' 'street sign' 'consomme' 'trifle' 'hotdog']
all targets:tensor([90, 91, 92, 93, 94], device='cuda:0')
dino all targets:tensor([90, 91, 92, 93, 94], device='cuda:0')
finish loading CLIP/DinoV2 covariance
class names: ['orange' 'cliff' 'coral reef' 'bolete' 'ear']
all targets:tensor([95, 96, 97, 98, 99], device='cuda:0')
dino all targets:tensor([95, 96, 97, 98, 99], device='cuda:0')
finish loading CLIP/DinoV2 covariance
session 0: baseline=97.100 final=97.100 gain=0.000
session 1: baseline=97.046 final=97.092 gain=0.046
session 2: baseline=95.700 final=95.871 gain=0.171
session 3: baseline=95.600 final=95.800 gain=0.200
session 4: baseline=95.575 final=95.775 gain=0.200
session 5: baseline=95.059 final=95.435 gain=0.376
session 6: baseline=93.989 final=94.589 gain=0.600
session 7: baseline=93.611 final=94.232 gain=0.621
session 8: baseline=93.440 final=94.170 gain=0.730
{
  "dataset": "miniimagenet",
  "seed": 3,
  "train_cfg": "experiments/bmvc_1256_20260508-124032/generated_configs/bimc_dino_fusion.yaml",
  "method": "sessionwise conservative query prototype refinement on bimc_dino_fusion with pseudo-validation alpha selection",
  "runtime_sec": 447.912,
  "alpha_grid": [
    0.5,
    0.75,
    1.0
  ],
  "alpha_selection": "pseudo_validation_no_test_labels",
  "mass_thr": 0.3,
  "min_count": 5,
  "val_fraction": 0.1,
  "base_val_conf_thr": 0.5,
  "base_val_max_per_class": 50,
  "fallback_alpha": 0.75,
  "topk_per_class": null,
  "baseline_acc_list": [
    97.1,
    97.046,
    95.7,
    95.6,
    95.575,
    95.059,
    93.989,
    93.611,
    93.44
  ],
  "final_acc_list": [
    97.1,
    97.092,
    95.871,
    95.8,
    95.775,
    95.435,
    94.589,
    94.232,
    94.17
  ],
  "gain_list": [
    0.0,
    0.046,
    0.171,
    0.2,
    0.2,
    0.376,
    0.6,
    0.621,
    0.73
  ],
  "baseline_avg": 95.236,
  "baseline_pd": 3.66,
  "final_avg": 95.563,
  "final_pd": 2.93,
  "gain_avg": 0.327,
  "session_results": [
    {
      "session": 0,
      "num_seen_classes": 60,
      "baseline_full_acc": 97.1,
      "baseline_base_acc": 97.1,
      "baseline_novel_acc": 0.0,
      "best_alpha": null,
      "final_full_acc": 97.1,
      "final_base_acc": 97.1,
      "final_novel_acc": 0.0,
      "final_gain": 0.0,
      "updated_class_count": 0,
      "gated_query_count": 0,
      "alpha_selection": {
        "mode": "not_applicable_base_session",
        "selected_alpha": null
      }
    },
    {
      "session": 1,
      "num_seen_classes": 65,
      "baseline_full_acc": 97.046,
      "baseline_base_acc": 97.05,
      "baseline_novel_acc": 97.0,
      "selected_alpha": 0.5,
      "final_full_acc": 97.092,
      "final_base_acc": 97.033,
      "final_novel_acc": 97.8,
      "final_gain": 0.046,
      "updated_class_count": 5,
      "gated_query_count": 494,
      "gated_base_count": 4,
      "gated_novel_count": 490,
      "alpha_selection": {
        "mode": "pseudo_validation",
        "fallback_used": false,
        "selected_alpha": 0.5,
        "candidates": [
          {
            "alpha": 0.5,
            "pseudo_val_score": -0.009458,
            "pseudo_val_nll": 0.009458,
            "pseudo_val_agreement": 99.934
          },
          {
            "alpha": 0.75,
            "pseudo_val_score": -0.009791,
            "pseudo_val_nll": 0.009791,
            "pseudo_val_agreement": 99.902
          },
          {
            "alpha": 1.0,
            "pseudo_val_score": -0.010411,
            "pseudo_val_nll": 0.010411,
            "pseudo_val_agreement": 99.902
          }
        ],
        "split": {
          "novel_gated_query_count": 494,
          "validation_count": 3050,
          "novel_validation_count": 50,
          "base_validation_count": 3000,
          "updated_class_count": 5,
          "per_class_counts": {
            "60": 99,
            "61": 99,
            "62": 96,
            "63": 98,
            "64": 102
          },
          "per_class_update_counts": {
            "60": 89,
            "61": 89,
            "62": 86,
            "63": 88,
            "64": 92
          },
          "per_class_validation_counts": {
            "60": 10,
            "61": 10,
            "62": 10,
            "63": 10,
            "64": 10
          }
        }
      }
    },
    {
      "session": 2,
      "num_seen_classes": 70,
      "baseline_full_acc": 95.7,
      "baseline_base_acc": 96.9,
      "baseline_novel_acc": 88.5,
      "selected_alpha": 0.5,
      "final_full_acc": 95.871,
      "final_base_acc": 96.783,
      "final_novel_acc": 90.4,
      "final_gain": 0.171,
      "updated_class_count": 10,
      "gated_query_count": 902,
      "gated_base_count": 11,
      "gated_novel_count": 891,
      "alpha_selection": {
        "mode": "pseudo_validation",
        "fallback_used": false,
        "selected_alpha": 0.5,
        "candidates": [
          {
            "alpha": 0.5,
            "pseudo_val_score": -0.018356,
            "pseudo_val_nll": 0.018356,
            "pseudo_val_agreement": 99.838
          },
          {
            "alpha": 0.75,
            "pseudo_val_score": -0.019875,
            "pseudo_val_nll": 0.019875,
            "pseudo_val_agreement": 99.773
          },
          {
            "alpha": 1.0,
            "pseudo_val_score": -0.022109,
            "pseudo_val_nll": 0.022109,
            "pseudo_val_agreement": 99.579
          }
        ],
        "split": {
          "novel_gated_query_count": 902,
          "validation_count": 3090,
          "novel_validation_count": 90,
          "base_validation_count": 3000,
          "updated_class_count": 10,
          "per_class_counts": {
            "60": 99,
            "61": 100,
            "62": 96,
            "63": 98,
            "64": 102,
            "65": 84,
            "66": 101,
            "67": 102,
            "68": 28,
            "69": 92
          },
          "per_class_update_counts": {
            "60": 89,
            "61": 90,
            "62": 86,
            "63": 88,
            "64": 92,
            "65": 76,
            "66": 91,
            "67": 92,
            "68": 25,
            "69": 83
          },
          "per_class_validation_counts": {
            "60": 10,
            "61": 10,
            "62": 10,
            "63": 10,
            "64": 10,
            "65": 8,
            "66": 10,
            "67": 10,
            "68": 3,
            "69": 9
          }
        }
      }
    },
    {
      "session": 3,
      "num_seen_classes": 75,
      "baseline_full_acc": 95.6,
      "baseline_base_acc": 96.8,
      "baseline_novel_acc": 90.8,
      "selected_alpha": 0.5,
      "final_full_acc": 95.8,
      "final_base_acc": 96.7,
      "final_novel_acc": 92.2,
      "final_gain": 0.2,
      "updated_class_count": 15,
      "gated_query_count": 1387,
      "gated_base_count": 14,
      "gated_novel_count": 1373,
      "alpha_selection": {
        "mode": "pseudo_validation",
        "fallback_used": false,
        "selected_alpha": 0.5,
        "candidates": [
          {
            "alpha": 0.5,
            "pseudo_val_score": -0.027569,
            "pseudo_val_nll": 0.027569,
            "pseudo_val_agreement": 99.809
          },
          {
            "alpha": 0.75,
            "pseudo_val_score": -0.029037,
            "pseudo_val_nll": 0.029037,
            "pseudo_val_agreement": 99.681
          },
          {
            "alpha": 1.0,
            "pseudo_val_score": -0.031352,
            "pseudo_val_nll": 0.031352,
            "pseudo_val_agreement": 99.49
          }
        ],
        "split": {
          "novel_gated_query_count": 1387,
          "validation_count": 3139,
          "novel_validation_count": 139,
          "base_validation_count": 3000,
          "updated_class_count": 15,
          "per_class_counts": {
            "60": 99,
            "61": 101,
            "62": 96,
            "63": 99,
            "64": 102,
            "65": 85,
            "66": 101,
            "67": 102,
            "68": 28,
            "69": 92,
            "70": 99,
            "71": 90,
            "72": 97,
            "73": 97,
            "74": 99
          },
          "per_class_update_counts": {
            "60": 89,
            "61": 91,
            "62": 86,
            "63": 89,
            "64": 92,
            "65": 77,
            "66": 91,
            "67": 92,
            "68": 25,
            "69": 83,
            "70": 89,
            "71": 81,
            "72": 87,
            "73": 87,
            "74": 89
          },
          "per_class_validation_counts": {
            "60": 10,
            "61": 10,
            "62": 10,
            "63": 10,
            "64": 10,
            "65": 8,
            "66": 10,
            "67": 10,
            "68": 3,
            "69": 9,
            "70": 10,
            "71": 9,
            "72": 10,
            "73": 10,
            "74": 10
          }
        }
      }
    },
    {
      "session": 4,
      "num_seen_classes": 80,
      "baseline_full_acc": 95.575,
      "baseline_base_acc": 96.667,
      "baseline_novel_acc": 92.3,
      "selected_alpha": 0.5,
      "final_full_acc": 95.775,
      "final_base_acc": 96.567,
      "final_novel_acc": 93.4,
      "final_gain": 0.2,
      "updated_class_count": 20,
      "gated_query_count": 1882,
      "gated_base_count": 20,
      "gated_novel_count": 1862,
      "alpha_selection": {
        "mode": "pseudo_validation",
        "fallback_used": false,
        "selected_alpha": 0.5,
        "candidates": [
          {
            "alpha": 0.5,
            "pseudo_val_score": -0.036268,
            "pseudo_val_nll": 0.036268,
            "pseudo_val_agreement": 99.781
          },
          {
            "alpha": 0.75,
            "pseudo_val_score": -0.037847,
            "pseudo_val_nll": 0.037847,
            "pseudo_val_agreement": 99.655
          },
          {
            "alpha": 1.0,
            "pseudo_val_score": -0.040364,
            "pseudo_val_nll": 0.040364,
            "pseudo_val_agreement": 99.404
          }
        ],
        "split": {
          "novel_gated_query_count": 1882,
          "validation_count": 3190,
          "novel_validation_count": 190,
          "base_validation_count": 3000,
          "updated_class_count": 20,
          "per_class_counts": {
            "60": 99,
            "61": 101,
            "62": 95,
            "63": 98,
            "64": 102,
            "65": 87,
            "66": 100,
            "67": 102,
            "68": 28,
            "69": 93,
            "70": 99,
            "71": 90,
            "72": 97,
            "73": 97,
            "74": 99,
            "75": 100,
            "76": 99,
            "77": 99,
            "78": 95,
            "79": 102
          },
          "per_class_update_counts": {
            "60": 89,
            "61": 91,
            "62": 85,
            "63": 88,
            "64": 92,
            "65": 78,
            "66": 90,
            "67": 92,
            "68": 25,
            "69": 84,
            "70": 89,
            "71": 81,
            "72": 87,
            "73": 87,
            "74": 89,
            "75": 90,
            "76": 89,
            "77": 89,
            "78": 85,
            "79": 92
          },
          "per_class_validation_counts": {
            "60": 10,
            "61": 10,
            "62": 10,
            "63": 10,
            "64": 10,
            "65": 9,
            "66": 10,
            "67": 10,
            "68": 3,
            "69": 9,
            "70": 10,
            "71": 9,
            "72": 10,
            "73": 10,
            "74": 10,
            "75": 10,
            "76": 10,
            "77": 10,
            "78": 10,
            "79": 10
          }
        }
      }
    },
    {
      "session": 5,
      "num_seen_classes": 85,
      "baseline_full_acc": 95.059,
      "baseline_base_acc": 96.517,
      "baseline_novel_acc": 91.56,
      "selected_alpha": 0.5,
      "final_full_acc": 95.435,
      "final_base_acc": 96.383,
      "final_novel_acc": 93.16,
      "final_gain": 0.376,
      "updated_class_count": 25,
      "gated_query_count": 2358,
      "gated_base_count": 30,
      "gated_novel_count": 2328,
      "alpha_selection": {
        "mode": "pseudo_validation",
        "fallback_used": false,
        "selected_alpha": 0.5,
        "candidates": [
          {
            "alpha": 0.5,
            "pseudo_val_score": -0.04625,
            "pseudo_val_nll": 0.04625,
            "pseudo_val_agreement": 99.691
          },
          {
            "alpha": 0.75,
            "pseudo_val_score": -0.04836,
            "pseudo_val_nll": 0.04836,
            "pseudo_val_agreement": 99.444
          },
          {
            "alpha": 1.0,
            "pseudo_val_score": -0.05157,
            "pseudo_val_nll": 0.05157,
            "pseudo_val_agreement": 99.289
          }
        ],
        "split": {
          "novel_gated_query_count": 2358,
          "validation_count": 3237,
          "novel_validation_count": 237,
          "base_validation_count": 3000,
          "updated_class_count": 25,
          "per_class_counts": {
            "60": 99,
            "61": 100,
            "62": 95,
            "63": 98,
            "64": 100,
            "65": 86,
            "66": 101,
            "67": 102,
            "68": 28,
            "69": 93,
            "70": 99,
            "71": 89,
            "72": 97,
            "73": 97,
            "74": 99,
            "75": 100,
            "76": 99,
            "77": 99,
            "78": 92,
            "79": 102,
            "80": 100,
            "81": 103,
            "82": 93,
            "83": 97,
            "84": 90
          },
          "per_class_update_counts": {
            "60": 89,
            "61": 90,
            "62": 85,
            "63": 88,
            "64": 90,
            "65": 77,
            "66": 91,
            "67": 92,
            "68": 25,
            "69": 84,
            "70": 89,
            "71": 80,
            "72": 87,
            "73": 87,
            "74": 89,
            "75": 90,
            "76": 89,
            "77": 89,
            "78": 83,
            "79": 92,
            "80": 90,
            "81": 93,
            "82": 84,
            "83": 87,
            "84": 81
          },
          "per_class_validation_counts": {
            "60": 10,
            "61": 10,
            "62": 10,
            "63": 10,
            "64": 10,
            "65": 9,
            "66": 10,
            "67": 10,
            "68": 3,
            "69": 9,
            "70": 10,
            "71": 9,
            "72": 10,
            "73": 10,
            "74": 10,
            "75": 10,
            "76": 10,
            "77": 10,
            "78": 9,
            "79": 10,
            "80": 10,
            "81": 10,
            "82": 9,
            "83": 10,
            "84": 9
          }
        }
      }
    },
    {
      "session": 6,
      "num_seen_classes": 90,
      "baseline_full_acc": 93.989,
      "baseline_base_acc": 96.317,
      "baseline_novel_acc": 89.333,
      "selected_alpha": 0.5,
      "final_full_acc": 94.589,
      "final_base_acc": 96.25,
      "final_novel_acc": 91.267,
      "final_gain": 0.6,
      "updated_class_count": 30,
      "gated_query_count": 2777,
      "gated_base_count": 42,
      "gated_novel_count": 2735,
      "alpha_selection": {
        "mode": "pseudo_validation",
        "fallback_used": false,
        "selected_alpha": 0.5,
        "candidates": [
          {
            "alpha": 0.5,
            "pseudo_val_score": -0.057124,
            "pseudo_val_nll": 0.057124,
            "pseudo_val_agreement": 99.421
          },
          {
            "alpha": 0.75,
            "pseudo_val_score": -0.061151,
            "pseudo_val_nll": 0.061151,
            "pseudo_val_agreement": 99.055
          },
          {
            "alpha": 1.0,
            "pseudo_val_score": -0.066401,
            "pseudo_val_nll": 0.066401,
            "pseudo_val_agreement": 98.811
          }
        ],
        "split": {
          "novel_gated_query_count": 2777,
          "validation_count": 3279,
          "novel_validation_count": 279,
          "base_validation_count": 3000,
          "updated_class_count": 30,
          "per_class_counts": {
            "60": 99,
            "61": 100,
            "62": 95,
            "63": 98,
            "64": 100,
            "65": 83,
            "66": 102,
            "67": 99,
            "68": 27,
            "69": 93,
            "70": 99,
            "71": 89,
            "72": 97,
            "73": 97,
            "74": 99,
            "75": 100,
            "76": 99,
            "77": 99,
            "78": 91,
            "79": 102,
            "80": 102,
            "81": 103,
            "82": 93,
            "83": 98,
            "84": 92,
            "85": 95,
            "86": 100,
            "87": 101,
            "88": 26,
            "89": 99
          },
          "per_class_update_counts": {
            "60": 89,
            "61": 90,
            "62": 85,
            "63": 88,
            "64": 90,
            "65": 75,
            "66": 92,
            "67": 89,
            "68": 24,
            "69": 84,
            "70": 89,
            "71": 80,
            "72": 87,
            "73": 87,
            "74": 89,
            "75": 90,
            "76": 89,
            "77": 89,
            "78": 82,
            "79": 92,
            "80": 92,
            "81": 93,
            "82": 84,
            "83": 88,
            "84": 83,
            "85": 85,
            "86": 90,
            "87": 91,
            "88": 23,
            "89": 89
          },
          "per_class_validation_counts": {
            "60": 10,
            "61": 10,
            "62": 10,
            "63": 10,
            "64": 10,
            "65": 8,
            "66": 10,
            "67": 10,
            "68": 3,
            "69": 9,
            "70": 10,
            "71": 9,
            "72": 10,
            "73": 10,
            "74": 10,
            "75": 10,
            "76": 10,
            "77": 10,
            "78": 9,
            "79": 10,
            "80": 10,
            "81": 10,
            "82": 9,
            "83": 10,
            "84": 9,
            "85": 10,
            "86": 10,
            "87": 10,
            "88": 3,
            "89": 10
          }
        }
      }
    },
    {
      "session": 7,
      "num_seen_classes": 95,
      "baseline_full_acc": 93.611,
      "baseline_base_acc": 96.283,
      "baseline_novel_acc": 89.029,
      "selected_alpha": 0.5,
      "final_full_acc": 94.232,
      "final_base_acc": 96.117,
      "final_novel_acc": 91.0,
      "final_gain": 0.621,
      "updated_class_count": 35,
      "gated_query_count": 3237,
      "gated_base_count": 47,
      "gated_novel_count": 3190,
      "alpha_selection": {
        "mode": "pseudo_validation",
        "fallback_used": false,
        "selected_alpha": 0.5,
        "candidates": [
          {
            "alpha": 0.5,
            "pseudo_val_score": -0.065537,
            "pseudo_val_nll": 0.065537,
            "pseudo_val_agreement": 99.278
          },
          {
            "alpha": 0.75,
            "pseudo_val_score": -0.070208,
            "pseudo_val_nll": 0.070208,
            "pseudo_val_agreement": 98.977
          },
          {
            "alpha": 1.0,
            "pseudo_val_score": -0.076371,
            "pseudo_val_nll": 0.076371,
            "pseudo_val_agreement": 98.707
          }
        ],
        "split": {
          "novel_gated_query_count": 3237,
          "validation_count": 3325,
          "novel_validation_count": 325,
          "base_validation_count": 3000,
          "updated_class_count": 35,
          "per_class_counts": {
            "60": 99,
            "61": 100,
            "62": 95,
            "63": 98,
            "64": 100,
            "65": 82,
            "66": 102,
            "67": 98,
            "68": 28,
            "69": 93,
            "70": 99,
            "71": 89,
            "72": 97,
            "73": 97,
            "74": 99,
            "75": 100,
            "76": 99,
            "77": 99,
            "78": 90,
            "79": 102,
            "80": 102,
            "81": 103,
            "82": 93,
            "83": 96,
            "84": 91,
            "85": 95,
            "86": 100,
            "87": 101,
            "88": 15,
            "89": 100,
            "90": 65,
            "91": 99,
            "92": 108,
            "93": 104,
            "94": 99
          },
          "per_class_update_counts": {
            "60": 89,
            "61": 90,
            "62": 85,
            "63": 88,
            "64": 90,
            "65": 74,
            "66": 92,
            "67": 88,
            "68": 25,
            "69": 84,
            "70": 89,
            "71": 80,
            "72": 87,
            "73": 87,
            "74": 89,
            "75": 90,
            "76": 89,
            "77": 89,
            "78": 81,
            "79": 92,
            "80": 92,
            "81": 93,
            "82": 84,
            "83": 86,
            "84": 82,
            "85": 85,
            "86": 90,
            "87": 91,
            "88": 13,
            "89": 90,
            "90": 59,
            "91": 89,
            "92": 97,
            "93": 94,
            "94": 89
          },
          "per_class_validation_counts": {
            "60": 10,
            "61": 10,
            "62": 10,
            "63": 10,
            "64": 10,
            "65": 8,
            "66": 10,
            "67": 10,
            "68": 3,
            "69": 9,
            "70": 10,
            "71": 9,
            "72": 10,
            "73": 10,
            "74": 10,
            "75": 10,
            "76": 10,
            "77": 10,
            "78": 9,
            "79": 10,
            "80": 10,
            "81": 10,
            "82": 9,
            "83": 10,
            "84": 9,
            "85": 10,
            "86": 10,
            "87": 10,
            "88": 2,
            "89": 10,
            "90": 6,
            "91": 10,
            "92": 11,
            "93": 10,
            "94": 10
          }
        }
      }
    },
    {
      "session": 8,
      "num_seen_classes": 100,
      "baseline_full_acc": 93.44,
      "baseline_base_acc": 96.133,
      "baseline_novel_acc": 89.4,
      "selected_alpha": 0.5,
      "final_full_acc": 94.17,
      "final_base_acc": 95.967,
      "final_novel_acc": 91.475,
      "final_gain": 0.73,
      "updated_class_count": 40,
      "gated_query_count": 3715,
      "gated_base_count": 57,
      "gated_novel_count": 3658,
      "alpha_selection": {
        "mode": "pseudo_validation",
        "fallback_used": false,
        "selected_alpha": 0.5,
        "candidates": [
          {
            "alpha": 0.5,
            "pseudo_val_score": -0.074207,
            "pseudo_val_nll": 0.074207,
            "pseudo_val_agreement": 99.318
          },
          {
            "alpha": 0.75,
            "pseudo_val_score": -0.079143,
            "pseudo_val_nll": 0.079143,
            "pseudo_val_agreement": 98.873
          },
          {
            "alpha": 1.0,
            "pseudo_val_score": -0.085795,
            "pseudo_val_nll": 0.085795,
            "pseudo_val_agreement": 98.547
          }
        ],
        "split": {
          "novel_gated_query_count": 3715,
          "validation_count": 3373,
          "novel_validation_count": 373,
          "base_validation_count": 3000,
          "updated_class_count": 40,
          "per_class_counts": {
            "60": 99,
            "61": 100,
            "62": 95,
            "63": 99,
            "64": 100,
            "65": 82,
            "66": 102,
            "67": 98,
            "68": 28,
            "69": 93,
            "70": 99,
            "71": 89,
            "72": 97,
            "73": 97,
            "74": 99,
            "75": 100,
            "76": 99,
            "77": 100,
            "78": 91,
            "79": 102,
            "80": 102,
            "81": 103,
            "82": 93,
            "83": 96,
            "84": 89,
            "85": 95,
            "86": 100,
            "87": 104,
            "88": 16,
            "89": 99,
            "90": 65,
            "91": 99,
            "92": 108,
            "93": 105,
            "94": 100,
            "95": 98,
            "96": 98,
            "97": 79,
            "98": 100,
            "99": 97
          },
          "per_class_update_counts": {
            "60": 89,
            "61": 90,
            "62": 85,
            "63": 89,
            "64": 90,
            "65": 74,
            "66": 92,
            "67": 88,
            "68": 25,
            "69": 84,
            "70": 89,
            "71": 80,
            "72": 87,
            "73": 87,
            "74": 89,
            "75": 90,
            "76": 89,
            "77": 90,
            "78": 82,
            "79": 92,
            "80": 92,
            "81": 93,
            "82": 84,
            "83": 86,
            "84": 80,
            "85": 85,
            "86": 90,
            "87": 94,
            "88": 14,
            "89": 89,
            "90": 59,
            "91": 89,
            "92": 97,
            "93": 95,
            "94": 90,
            "95": 88,
            "96": 88,
            "97": 71,
            "98": 90,
            "99": 87
          },
          "per_class_validation_counts": {
            "60": 10,
            "61": 10,
            "62": 10,
            "63": 10,
            "64": 10,
            "65": 8,
            "66": 10,
            "67": 10,
            "68": 3,
            "69": 9,
            "70": 10,
            "71": 9,
            "72": 10,
            "73": 10,
            "74": 10,
            "75": 10,
            "76": 10,
            "77": 10,
            "78": 9,
            "79": 10,
            "80": 10,
            "81": 10,
            "82": 9,
            "83": 10,
            "84": 9,
            "85": 10,
            "86": 10,
            "87": 10,
            "88": 2,
            "89": 10,
            "90": 6,
            "91": 10,
            "92": 11,
            "93": 10,
            "94": 10,
            "95": 10,
            "96": 10,
            "97": 8,
            "98": 10,
            "99": 10
          }
        }
      }
    }
  ]
}
