/media/ndag/newVolume/BiMC-test/models/clip/clip.py:23: UserWarning: PyTorch version 1.7.1 or higher is recommended
  warnings.warn("PyTorch version 1.7.1 or higher is recommended")
manual seed: 4
use gpu: ['0']
Loading CLIP (backbone: ViT-B/16)
Prompt template:['a photo of a {}.']
Loading DinoV2 ViT-B/14 from local hub: /home/ndag/.cache/torch/hub/facebookresearch_dinov2_main
/home/ndag/.cache/torch/hub/facebookresearch_dinov2_main/dinov2/layers/swiglu_ffn.py:51: UserWarning: xFormers is not available (SwiGLU)
  warnings.warn("xFormers is not available (SwiGLU)")
/home/ndag/.cache/torch/hub/facebookresearch_dinov2_main/dinov2/layers/attention.py:36: UserWarning: xFormers is not available (Attention)
  warnings.warn("xFormers is not available (Attention)")
/home/ndag/.cache/torch/hub/facebookresearch_dinov2_main/dinov2/layers/block.py:40: UserWarning: xFormers is not available (Block)
  warnings.warn("xFormers is not available (Block)")
Loading DinoV2 weights: /home/ndag/.cache/torch/hub/checkpoints/dinov2_vitb14_pretrain.pth
class names: ['house finch' 'robin' 'triceratops' 'green mamba' 'harvestman' 'toucan'
 'goose' 'jellyfish' 'nematode' 'king crab' 'dugong' 'Walker hound'
 'Ibizan hound' 'Saluki' 'golden retriever' 'Gordon setter' 'komondor'
 'boxer' 'Tibetan mastiff' 'French bulldog' 'malamute' 'dalmatian'
 'Newfoundland' 'miniature poodle' 'white wolf' 'African hunting dog'
 'Arctic fox' 'lion' 'meerkat' 'ladybug' 'rhinoceros beetle' 'ant'
 'black-footed ferret' 'three-toed sloth' 'rock beauty' 'aircraft carrier'
 'ashcan' 'barrel' 'beer bottle' 'bookshop' 'cannon' 'carousel' 'carton'
 'catamaran' 'chime' 'clog' 'cocktail shaker' 'combination lock' 'crate'
 'cuirass' 'dishrag' 'dome' 'electric guitar' 'file' 'fire screen'
 'frying pan' 'garbage truck' 'hair slide' 'holster' 'horizontal bar']
all targets:tensor([ 0,  1,  2,  3,  4,  5,  6,  7,  8,  9, 10, 11, 12, 13, 14, 15, 16, 17,
        18, 19, 20, 21, 22, 23, 24, 25, 26, 27, 28, 29, 30, 31, 32, 33, 34, 35,
        36, 37, 38, 39, 40, 41, 42, 43, 44, 45, 46, 47, 48, 49, 50, 51, 52, 53,
        54, 55, 56, 57, 58, 59], device='cuda:0')
dino all targets:tensor([ 0,  1,  2,  3,  4,  5,  6,  7,  8,  9, 10, 11, 12, 13, 14, 15, 16, 17,
        18, 19, 20, 21, 22, 23, 24, 25, 26, 27, 28, 29, 30, 31, 32, 33, 34, 35,
        36, 37, 38, 39, 40, 41, 42, 43, 44, 45, 46, 47, 48, 49, 50, 51, 52, 53,
        54, 55, 56, 57, 58, 59], device='cuda:0')
finish loading CLIP/DinoV2 covariance
class names: ['hourglass' 'iPod' 'lipstick' 'miniskirt' 'missile']
all targets:tensor([60, 61, 62, 63, 64], device='cuda:0')
dino all targets:tensor([60, 61, 62, 63, 64], device='cuda:0')
finish loading CLIP/DinoV2 covariance
class names: ['mixing bowl' 'oboe' 'organ' 'parallel bars' 'pencil box']
all targets:tensor([65, 66, 67, 68, 69], device='cuda:0')
dino all targets:tensor([65, 66, 67, 68, 69], device='cuda:0')
finish loading CLIP/DinoV2 covariance
class names: ['photocopier' 'poncho' 'prayer rug' 'reel' 'school bus']
all targets:tensor([70, 71, 72, 73, 74], device='cuda:0')
dino all targets:tensor([70, 71, 72, 73, 74], device='cuda:0')
finish loading CLIP/DinoV2 covariance
class names: ['scoreboard' 'slot' 'snorkel' 'solar dish' 'spider web']
all targets:tensor([75, 76, 77, 78, 79], device='cuda:0')
dino all targets:tensor([75, 76, 77, 78, 79], device='cuda:0')
finish loading CLIP/DinoV2 covariance
class names: ['stage' 'tank' 'theater curtain' 'tile roof' 'tobacco shop']
all targets:tensor([80, 81, 82, 83, 84], device='cuda:0')
dino all targets:tensor([80, 81, 82, 83, 84], device='cuda:0')
finish loading CLIP/DinoV2 covariance
class names: ['unicycle' 'upright' 'vase' 'wok' 'worm fence']
all targets:tensor([85, 86, 87, 88, 89], device='cuda:0')
dino all targets:tensor([85, 86, 87, 88, 89], device='cuda:0')
finish loading CLIP/DinoV2 covariance
class names: ['yawl' 'street sign' 'consomme' 'trifle' 'hotdog']
all targets:tensor([90, 91, 92, 93, 94], device='cuda:0')
dino all targets:tensor([90, 91, 92, 93, 94], device='cuda:0')
finish loading CLIP/DinoV2 covariance
class names: ['orange' 'cliff' 'coral reef' 'bolete' 'ear']
all targets:tensor([95, 96, 97, 98, 99], device='cuda:0')
dino all targets:tensor([95, 96, 97, 98, 99], device='cuda:0')
finish loading CLIP/DinoV2 covariance
session 0: baseline=97.100 final=97.100 gain=0.000
session 1: baseline=96.954 final=96.938 gain=-0.015
session 2: baseline=95.743 final=95.929 gain=0.186
session 3: baseline=95.613 final=95.827 gain=0.213
session 4: baseline=95.700 final=95.963 gain=0.263
session 5: baseline=95.247 final=95.529 gain=0.282
session 6: baseline=94.478 final=94.933 gain=0.456
session 7: baseline=94.316 final=94.895 gain=0.579
session 8: baseline=94.100 final=94.730 gain=0.630
{
  "dataset": "miniimagenet",
  "seed": 4,
  "train_cfg": "experiments/bmvc_1256_20260508-124032/generated_configs/bimc_dino_fusion.yaml",
  "method": "sessionwise conservative query prototype refinement on bimc_dino_fusion with pseudo-validation alpha selection",
  "runtime_sec": 447.974,
  "alpha_grid": [
    0.5,
    0.75,
    1.0
  ],
  "alpha_selection": "pseudo_validation_no_test_labels",
  "mass_thr": 0.3,
  "min_count": 5,
  "val_fraction": 0.1,
  "base_val_conf_thr": 0.5,
  "base_val_max_per_class": 50,
  "fallback_alpha": 0.75,
  "topk_per_class": null,
  "baseline_acc_list": [
    97.1,
    96.954,
    95.743,
    95.613,
    95.7,
    95.247,
    94.478,
    94.316,
    94.1
  ],
  "final_acc_list": [
    97.1,
    96.938,
    95.929,
    95.827,
    95.963,
    95.529,
    94.933,
    94.895,
    94.73
  ],
  "gain_list": [
    0.0,
    -0.015,
    0.186,
    0.213,
    0.263,
    0.282,
    0.456,
    0.579,
    0.63
  ],
  "baseline_avg": 95.472,
  "baseline_pd": 3.0,
  "final_avg": 95.76,
  "final_pd": 2.37,
  "gain_avg": 0.288,
  "session_results": [
    {
      "session": 0,
      "num_seen_classes": 60,
      "baseline_full_acc": 97.1,
      "baseline_base_acc": 97.1,
      "baseline_novel_acc": 0.0,
      "best_alpha": null,
      "final_full_acc": 97.1,
      "final_base_acc": 97.1,
      "final_novel_acc": 0.0,
      "final_gain": 0.0,
      "updated_class_count": 0,
      "gated_query_count": 0,
      "alpha_selection": {
        "mode": "not_applicable_base_session",
        "selected_alpha": null
      }
    },
    {
      "session": 1,
      "num_seen_classes": 65,
      "baseline_full_acc": 96.954,
      "baseline_base_acc": 97.05,
      "baseline_novel_acc": 95.8,
      "selected_alpha": 0.5,
      "final_full_acc": 96.938,
      "final_base_acc": 97.017,
      "final_novel_acc": 96.0,
      "final_gain": -0.015,
      "updated_class_count": 5,
      "gated_query_count": 488,
      "gated_base_count": 3,
      "gated_novel_count": 485,
      "alpha_selection": {
        "mode": "pseudo_validation",
        "fallback_used": false,
        "selected_alpha": 0.5,
        "candidates": [
          {
            "alpha": 0.5,
            "pseudo_val_score": -0.008945,
            "pseudo_val_nll": 0.008945,
            "pseudo_val_agreement": 99.967
          },
          {
            "alpha": 0.75,
            "pseudo_val_score": -0.008966,
            "pseudo_val_nll": 0.008966,
            "pseudo_val_agreement": 99.934
          },
          {
            "alpha": 1.0,
            "pseudo_val_score": -0.009128,
            "pseudo_val_nll": 0.009128,
            "pseudo_val_agreement": 99.934
          }
        ],
        "split": {
          "novel_gated_query_count": 488,
          "validation_count": 3049,
          "novel_validation_count": 49,
          "base_validation_count": 3000,
          "updated_class_count": 5,
          "per_class_counts": {
            "60": 99,
            "61": 100,
            "62": 90,
            "63": 100,
            "64": 99
          },
          "per_class_update_counts": {
            "60": 89,
            "61": 90,
            "62": 81,
            "63": 90,
            "64": 89
          },
          "per_class_validation_counts": {
            "60": 10,
            "61": 10,
            "62": 9,
            "63": 10,
            "64": 10
          }
        }
      }
    },
    {
      "session": 2,
      "num_seen_classes": 70,
      "baseline_full_acc": 95.743,
      "baseline_base_acc": 96.833,
      "baseline_novel_acc": 89.2,
      "selected_alpha": 0.5,
      "final_full_acc": 95.929,
      "final_base_acc": 96.733,
      "final_novel_acc": 91.1,
      "final_gain": 0.186,
      "updated_class_count": 10,
      "gated_query_count": 913,
      "gated_base_count": 12,
      "gated_novel_count": 901,
      "alpha_selection": {
        "mode": "pseudo_validation",
        "fallback_used": false,
        "selected_alpha": 0.5,
        "candidates": [
          {
            "alpha": 0.5,
            "pseudo_val_score": -0.018578,
            "pseudo_val_nll": 0.018578,
            "pseudo_val_agreement": 99.903
          },
          {
            "alpha": 0.75,
            "pseudo_val_score": -0.019335,
            "pseudo_val_nll": 0.019335,
            "pseudo_val_agreement": 99.806
          },
          {
            "alpha": 1.0,
            "pseudo_val_score": -0.020532,
            "pseudo_val_nll": 0.020532,
            "pseudo_val_agreement": 99.709
          }
        ],
        "split": {
          "novel_gated_query_count": 913,
          "validation_count": 3091,
          "novel_validation_count": 91,
          "base_validation_count": 3000,
          "updated_class_count": 10,
          "per_class_counts": {
            "60": 99,
            "61": 101,
            "62": 87,
            "63": 100,
            "64": 99,
            "65": 90,
            "66": 100,
            "67": 102,
            "68": 43,
            "69": 92
          },
          "per_class_update_counts": {
            "60": 89,
            "61": 91,
            "62": 78,
            "63": 90,
            "64": 89,
            "65": 81,
            "66": 90,
            "67": 92,
            "68": 39,
            "69": 83
          },
          "per_class_validation_counts": {
            "60": 10,
            "61": 10,
            "62": 9,
            "63": 10,
            "64": 10,
            "65": 9,
            "66": 10,
            "67": 10,
            "68": 4,
            "69": 9
          }
        }
      }
    },
    {
      "session": 3,
      "num_seen_classes": 75,
      "baseline_full_acc": 95.613,
      "baseline_base_acc": 96.75,
      "baseline_novel_acc": 91.067,
      "selected_alpha": 0.5,
      "final_full_acc": 95.827,
      "final_base_acc": 96.633,
      "final_novel_acc": 92.6,
      "final_gain": 0.213,
      "updated_class_count": 15,
      "gated_query_count": 1394,
      "gated_base_count": 16,
      "gated_novel_count": 1378,
      "alpha_selection": {
        "mode": "pseudo_validation",
        "fallback_used": false,
        "selected_alpha": 0.5,
        "candidates": [
          {
            "alpha": 0.5,
            "pseudo_val_score": -0.027125,
            "pseudo_val_nll": 0.027125,
            "pseudo_val_agreement": 99.841
          },
          {
            "alpha": 0.75,
            "pseudo_val_score": -0.028077,
            "pseudo_val_nll": 0.028077,
            "pseudo_val_agreement": 99.713
          },
          {
            "alpha": 1.0,
            "pseudo_val_score": -0.029513,
            "pseudo_val_nll": 0.029513,
            "pseudo_val_agreement": 99.49
          }
        ],
        "split": {
          "novel_gated_query_count": 1394,
          "validation_count": 3140,
          "novel_validation_count": 140,
          "base_validation_count": 3000,
          "updated_class_count": 15,
          "per_class_counts": {
            "60": 99,
            "61": 102,
            "62": 87,
            "63": 99,
            "64": 99,
            "65": 90,
            "66": 99,
            "67": 101,
            "68": 43,
            "69": 92,
            "70": 100,
            "71": 87,
            "72": 97,
            "73": 99,
            "74": 100
          },
          "per_class_update_counts": {
            "60": 89,
            "61": 92,
            "62": 78,
            "63": 89,
            "64": 89,
            "65": 81,
            "66": 89,
            "67": 91,
            "68": 39,
            "69": 83,
            "70": 90,
            "71": 78,
            "72": 87,
            "73": 89,
            "74": 90
          },
          "per_class_validation_counts": {
            "60": 10,
            "61": 10,
            "62": 9,
            "63": 10,
            "64": 10,
            "65": 9,
            "66": 10,
            "67": 10,
            "68": 4,
            "69": 9,
            "70": 10,
            "71": 9,
            "72": 10,
            "73": 10,
            "74": 10
          }
        }
      }
    },
    {
      "session": 4,
      "num_seen_classes": 80,
      "baseline_full_acc": 95.7,
      "baseline_base_acc": 96.65,
      "baseline_novel_acc": 92.85,
      "selected_alpha": 0.5,
      "final_full_acc": 95.963,
      "final_base_acc": 96.6,
      "final_novel_acc": 94.05,
      "final_gain": 0.263,
      "updated_class_count": 20,
      "gated_query_count": 1895,
      "gated_base_count": 23,
      "gated_novel_count": 1872,
      "alpha_selection": {
        "mode": "pseudo_validation",
        "fallback_used": false,
        "selected_alpha": 0.5,
        "candidates": [
          {
            "alpha": 0.5,
            "pseudo_val_score": -0.036235,
            "pseudo_val_nll": 0.036235,
            "pseudo_val_agreement": 99.812
          },
          {
            "alpha": 0.75,
            "pseudo_val_score": -0.037534,
            "pseudo_val_nll": 0.037534,
            "pseudo_val_agreement": 99.687
          },
          {
            "alpha": 1.0,
            "pseudo_val_score": -0.03959,
            "pseudo_val_nll": 0.03959,
            "pseudo_val_agreement": 99.561
          }
        ],
        "split": {
          "novel_gated_query_count": 1895,
          "validation_count": 3190,
          "novel_validation_count": 190,
          "base_validation_count": 3000,
          "updated_class_count": 20,
          "per_class_counts": {
            "60": 99,
            "61": 102,
            "62": 87,
            "63": 99,
            "64": 99,
            "65": 91,
            "66": 99,
            "67": 102,
            "68": 44,
            "69": 93,
            "70": 99,
            "71": 87,
            "72": 97,
            "73": 99,
            "74": 100,
            "75": 101,
            "76": 98,
            "77": 100,
            "78": 96,
            "79": 103
          },
          "per_class_update_counts": {
            "60": 89,
            "61": 92,
            "62": 78,
            "63": 89,
            "64": 89,
            "65": 82,
            "66": 89,
            "67": 92,
            "68": 40,
            "69": 84,
            "70": 89,
            "71": 78,
            "72": 87,
            "73": 89,
            "74": 90,
            "75": 91,
            "76": 88,
            "77": 90,
            "78": 86,
            "79": 93
          },
          "per_class_validation_counts": {
            "60": 10,
            "61": 10,
            "62": 9,
            "63": 10,
            "64": 10,
            "65": 9,
            "66": 10,
            "67": 10,
            "68": 4,
            "69": 9,
            "70": 10,
            "71": 9,
            "72": 10,
            "73": 10,
            "74": 10,
            "75": 10,
            "76": 10,
            "77": 10,
            "78": 10,
            "79": 10
          }
        }
      }
    },
    {
      "session": 5,
      "num_seen_classes": 85,
      "baseline_full_acc": 95.247,
      "baseline_base_acc": 96.467,
      "baseline_novel_acc": 92.32,
      "selected_alpha": 0.5,
      "final_full_acc": 95.529,
      "final_base_acc": 96.283,
      "final_novel_acc": 93.72,
      "final_gain": 0.282,
      "updated_class_count": 25,
      "gated_query_count": 2381,
      "gated_base_count": 33,
      "gated_novel_count": 2348,
      "alpha_selection": {
        "mode": "pseudo_validation",
        "fallback_used": false,
        "selected_alpha": 0.5,
        "candidates": [
          {
            "alpha": 0.5,
            "pseudo_val_score": -0.047662,
            "pseudo_val_nll": 0.047662,
            "pseudo_val_agreement": 99.537
          },
          {
            "alpha": 0.75,
            "pseudo_val_score": -0.05065,
            "pseudo_val_nll": 0.05065,
            "pseudo_val_agreement": 99.351
          },
          {
            "alpha": 1.0,
            "pseudo_val_score": -0.054803,
            "pseudo_val_nll": 0.054803,
            "pseudo_val_agreement": 99.135
          }
        ],
        "split": {
          "novel_gated_query_count": 2381,
          "validation_count": 3237,
          "novel_validation_count": 237,
          "base_validation_count": 3000,
          "updated_class_count": 25,
          "per_class_counts": {
            "60": 99,
            "61": 102,
            "62": 88,
            "63": 100,
            "64": 97,
            "65": 90,
            "66": 101,
            "67": 102,
            "68": 44,
            "69": 92,
            "70": 99,
            "71": 85,
            "72": 97,
            "73": 99,
            "74": 100,
            "75": 101,
            "76": 98,
            "77": 100,
            "78": 90,
            "79": 103,
            "80": 97,
            "81": 103,
            "82": 101,
            "83": 104,
            "84": 89
          },
          "per_class_update_counts": {
            "60": 89,
            "61": 92,
            "62": 79,
            "63": 90,
            "64": 87,
            "65": 81,
            "66": 91,
            "67": 92,
            "68": 40,
            "69": 83,
            "70": 89,
            "71": 77,
            "72": 87,
            "73": 89,
            "74": 90,
            "75": 91,
            "76": 88,
            "77": 90,
            "78": 81,
            "79": 93,
            "80": 87,
            "81": 93,
            "82": 91,
            "83": 94,
            "84": 80
          },
          "per_class_validation_counts": {
            "60": 10,
            "61": 10,
            "62": 9,
            "63": 10,
            "64": 10,
            "65": 9,
            "66": 10,
            "67": 10,
            "68": 4,
            "69": 9,
            "70": 10,
            "71": 8,
            "72": 10,
            "73": 10,
            "74": 10,
            "75": 10,
            "76": 10,
            "77": 10,
            "78": 9,
            "79": 10,
            "80": 10,
            "81": 10,
            "82": 10,
            "83": 10,
            "84": 9
          }
        }
      }
    },
    {
      "session": 6,
      "num_seen_classes": 90,
      "baseline_full_acc": 94.478,
      "baseline_base_acc": 96.35,
      "baseline_novel_acc": 90.733,
      "selected_alpha": 0.5,
      "final_full_acc": 94.933,
      "final_base_acc": 96.1,
      "final_novel_acc": 92.6,
      "final_gain": 0.456,
      "updated_class_count": 30,
      "gated_query_count": 2810,
      "gated_base_count": 38,
      "gated_novel_count": 2772,
      "alpha_selection": {
        "mode": "pseudo_validation",
        "fallback_used": false,
        "selected_alpha": 0.5,
        "candidates": [
          {
            "alpha": 0.5,
            "pseudo_val_score": -0.057844,
            "pseudo_val_nll": 0.057844,
            "pseudo_val_agreement": 99.421
          },
          {
            "alpha": 0.75,
            "pseudo_val_score": -0.062299,
            "pseudo_val_nll": 0.062299,
            "pseudo_val_agreement": 99.086
          },
          {
            "alpha": 1.0,
            "pseudo_val_score": -0.068023,
            "pseudo_val_nll": 0.068023,
            "pseudo_val_agreement": 98.872
          }
        ],
        "split": {
          "novel_gated_query_count": 2810,
          "validation_count": 3281,
          "novel_validation_count": 281,
          "base_validation_count": 3000,
          "updated_class_count": 30,
          "per_class_counts": {
            "60": 99,
            "61": 102,
            "62": 88,
            "63": 100,
            "64": 97,
            "65": 88,
            "66": 101,
            "67": 97,
            "68": 44,
            "69": 92,
            "70": 100,
            "71": 86,
            "72": 97,
            "73": 100,
            "74": 100,
            "75": 101,
            "76": 98,
            "77": 100,
            "78": 90,
            "79": 103,
            "80": 99,
            "81": 103,
            "82": 101,
            "83": 103,
            "84": 89,
            "85": 96,
            "86": 100,
            "87": 99,
            "88": 43,
            "89": 94
          },
          "per_class_update_counts": {
            "60": 89,
            "61": 92,
            "62": 79,
            "63": 90,
            "64": 87,
            "65": 79,
            "66": 91,
            "67": 87,
            "68": 40,
            "69": 83,
            "70": 90,
            "71": 77,
            "72": 87,
            "73": 90,
            "74": 90,
            "75": 91,
            "76": 88,
            "77": 90,
            "78": 81,
            "79": 93,
            "80": 89,
            "81": 93,
            "82": 91,
            "83": 93,
            "84": 80,
            "85": 86,
            "86": 90,
            "87": 89,
            "88": 39,
            "89": 85
          },
          "per_class_validation_counts": {
            "60": 10,
            "61": 10,
            "62": 9,
            "63": 10,
            "64": 10,
            "65": 9,
            "66": 10,
            "67": 10,
            "68": 4,
            "69": 9,
            "70": 10,
            "71": 9,
            "72": 10,
            "73": 10,
            "74": 10,
            "75": 10,
            "76": 10,
            "77": 10,
            "78": 9,
            "79": 10,
            "80": 10,
            "81": 10,
            "82": 10,
            "83": 10,
            "84": 9,
            "85": 10,
            "86": 10,
            "87": 10,
            "88": 4,
            "89": 9
          }
        }
      }
    },
    {
      "session": 7,
      "num_seen_classes": 95,
      "baseline_full_acc": 94.316,
      "baseline_base_acc": 96.317,
      "baseline_novel_acc": 90.886,
      "selected_alpha": 0.5,
      "final_full_acc": 94.895,
      "final_base_acc": 95.983,
      "final_novel_acc": 93.029,
      "final_gain": 0.579,
      "updated_class_count": 35,
      "gated_query_count": 3296,
      "gated_base_count": 44,
      "gated_novel_count": 3252,
      "alpha_selection": {
        "mode": "pseudo_validation",
        "fallback_used": false,
        "selected_alpha": 0.5,
        "candidates": [
          {
            "alpha": 0.5,
            "pseudo_val_score": -0.066479,
            "pseudo_val_nll": 0.066479,
            "pseudo_val_agreement": 99.279
          },
          {
            "alpha": 0.75,
            "pseudo_val_score": -0.071392,
            "pseudo_val_nll": 0.071392,
            "pseudo_val_agreement": 98.979
          },
          {
            "alpha": 1.0,
            "pseudo_val_score": -0.07814,
            "pseudo_val_nll": 0.07814,
            "pseudo_val_agreement": 98.618
          }
        ],
        "split": {
          "novel_gated_query_count": 3296,
          "validation_count": 3329,
          "novel_validation_count": 329,
          "base_validation_count": 3000,
          "updated_class_count": 35,
          "per_class_counts": {
            "60": 99,
            "61": 102,
            "62": 88,
            "63": 100,
            "64": 97,
            "65": 88,
            "66": 101,
            "67": 97,
            "68": 44,
            "69": 92,
            "70": 100,
            "71": 85,
            "72": 97,
            "73": 100,
            "74": 100,
            "75": 101,
            "76": 98,
            "77": 100,
            "78": 89,
            "79": 103,
            "80": 98,
            "81": 103,
            "82": 101,
            "83": 104,
            "84": 90,
            "85": 96,
            "86": 100,
            "87": 99,
            "88": 35,
            "89": 94,
            "90": 85,
            "91": 100,
            "92": 108,
            "93": 103,
            "94": 99
          },
          "per_class_update_counts": {
            "60": 89,
            "61": 92,
            "62": 79,
            "63": 90,
            "64": 87,
            "65": 79,
            "66": 91,
            "67": 87,
            "68": 40,
            "69": 83,
            "70": 90,
            "71": 77,
            "72": 87,
            "73": 90,
            "74": 90,
            "75": 91,
            "76": 88,
            "77": 90,
            "78": 80,
            "79": 93,
            "80": 88,
            "81": 93,
            "82": 91,
            "83": 94,
            "84": 81,
            "85": 86,
            "86": 90,
            "87": 89,
            "88": 31,
            "89": 85,
            "90": 77,
            "91": 90,
            "92": 97,
            "93": 93,
            "94": 89
          },
          "per_class_validation_counts": {
            "60": 10,
            "61": 10,
            "62": 9,
            "63": 10,
            "64": 10,
            "65": 9,
            "66": 10,
            "67": 10,
            "68": 4,
            "69": 9,
            "70": 10,
            "71": 8,
            "72": 10,
            "73": 10,
            "74": 10,
            "75": 10,
            "76": 10,
            "77": 10,
            "78": 9,
            "79": 10,
            "80": 10,
            "81": 10,
            "82": 10,
            "83": 10,
            "84": 9,
            "85": 10,
            "86": 10,
            "87": 10,
            "88": 4,
            "89": 9,
            "90": 8,
            "91": 10,
            "92": 11,
            "93": 10,
            "94": 10
          }
        }
      }
    },
    {
      "session": 8,
      "num_seen_classes": 100,
      "baseline_full_acc": 94.1,
      "baseline_base_acc": 96.183,
      "baseline_novel_acc": 90.975,
      "selected_alpha": 0.5,
      "final_full_acc": 94.73,
      "final_base_acc": 95.85,
      "final_novel_acc": 93.05,
      "final_gain": 0.63,
      "updated_class_count": 40,
      "gated_query_count": 3782,
      "gated_base_count": 54,
      "gated_novel_count": 3728,
      "alpha_selection": {
        "mode": "pseudo_validation",
        "fallback_used": false,
        "selected_alpha": 0.5,
        "candidates": [
          {
            "alpha": 0.5,
            "pseudo_val_score": -0.076952,
            "pseudo_val_nll": 0.076952,
            "pseudo_val_agreement": 99.023
          },
          {
            "alpha": 0.75,
            "pseudo_val_score": -0.082679,
            "pseudo_val_nll": 0.082679,
            "pseudo_val_agreement": 98.698
          },
          {
            "alpha": 1.0,
            "pseudo_val_score": -0.090301,
            "pseudo_val_nll": 0.090301,
            "pseudo_val_agreement": 98.372
          }
        ],
        "split": {
          "novel_gated_query_count": 3782,
          "validation_count": 3379,
          "novel_validation_count": 379,
          "base_validation_count": 3000,
          "updated_class_count": 40,
          "per_class_counts": {
            "60": 99,
            "61": 101,
            "62": 88,
            "63": 101,
            "64": 97,
            "65": 89,
            "66": 101,
            "67": 97,
            "68": 44,
            "69": 92,
            "70": 100,
            "71": 85,
            "72": 97,
            "73": 99,
            "74": 100,
            "75": 101,
            "76": 98,
            "77": 100,
            "78": 89,
            "79": 103,
            "80": 100,
            "81": 103,
            "82": 101,
            "83": 104,
            "84": 90,
            "85": 95,
            "86": 100,
            "87": 99,
            "88": 35,
            "89": 93,
            "90": 86,
            "91": 100,
            "92": 107,
            "93": 104,
            "94": 101,
            "95": 98,
            "96": 96,
            "97": 91,
            "98": 99,
            "99": 99
          },
          "per_class_update_counts": {
            "60": 89,
            "61": 91,
            "62": 79,
            "63": 91,
            "64": 87,
            "65": 80,
            "66": 91,
            "67": 87,
            "68": 40,
            "69": 83,
            "70": 90,
            "71": 77,
            "72": 87,
            "73": 89,
            "74": 90,
            "75": 91,
            "76": 88,
            "77": 90,
            "78": 80,
            "79": 93,
            "80": 90,
            "81": 93,
            "82": 91,
            "83": 94,
            "84": 81,
            "85": 85,
            "86": 90,
            "87": 89,
            "88": 31,
            "89": 84,
            "90": 77,
            "91": 90,
            "92": 96,
            "93": 94,
            "94": 91,
            "95": 88,
            "96": 86,
            "97": 82,
            "98": 89,
            "99": 89
          },
          "per_class_validation_counts": {
            "60": 10,
            "61": 10,
            "62": 9,
            "63": 10,
            "64": 10,
            "65": 9,
            "66": 10,
            "67": 10,
            "68": 4,
            "69": 9,
            "70": 10,
            "71": 8,
            "72": 10,
            "73": 10,
            "74": 10,
            "75": 10,
            "76": 10,
            "77": 10,
            "78": 9,
            "79": 10,
            "80": 10,
            "81": 10,
            "82": 10,
            "83": 10,
            "84": 9,
            "85": 10,
            "86": 10,
            "87": 10,
            "88": 4,
            "89": 9,
            "90": 9,
            "91": 10,
            "92": 11,
            "93": 10,
            "94": 10,
            "95": 10,
            "96": 10,
            "97": 9,
            "98": 10,
            "99": 10
          }
        }
      }
    }
  ]
}
