/media/ndag/newVolume/BiMC-test/models/clip/clip.py:23: UserWarning: PyTorch version 1.7.1 or higher is recommended
  warnings.warn("PyTorch version 1.7.1 or higher is recommended")
manual seed: 3
use gpu: ['0']
Loading CLIP (backbone: ViT-B/16)
Prompt template:['a photo of a {}.']
Loading DinoV2 ViT-B/14 from local hub: /home/ndag/.cache/torch/hub/facebookresearch_dinov2_main
/home/ndag/.cache/torch/hub/facebookresearch_dinov2_main/dinov2/layers/swiglu_ffn.py:51: UserWarning: xFormers is not available (SwiGLU)
  warnings.warn("xFormers is not available (SwiGLU)")
/home/ndag/.cache/torch/hub/facebookresearch_dinov2_main/dinov2/layers/attention.py:36: UserWarning: xFormers is not available (Attention)
  warnings.warn("xFormers is not available (Attention)")
/home/ndag/.cache/torch/hub/facebookresearch_dinov2_main/dinov2/layers/block.py:40: UserWarning: xFormers is not available (Block)
  warnings.warn("xFormers is not available (Block)")
Loading DinoV2 weights: /home/ndag/.cache/torch/hub/checkpoints/dinov2_vitb14_pretrain.pth
class names: ['Black footed Albatross' 'Laysan Albatross' 'Sooty Albatross'
 'Groove billed Ani' 'Crested Auklet' 'Least Auklet' 'Parakeet Auklet'
 'Rhinoceros Auklet' 'Brewer Blackbird' 'Red winged Blackbird'
 'Rusty Blackbird' 'Yellow headed Blackbird' 'Bobolink' 'Indigo Bunting'
 'Lazuli Bunting' 'Painted Bunting' 'Cardinal' 'Spotted Catbird'
 'Gray Catbird' 'Yellow breasted Chat' 'Eastern Towhee' 'Chuck will Widow'
 'Brandt Cormorant' 'Red faced Cormorant' 'Pelagic Cormorant'
 'Bronzed Cowbird' 'Shiny Cowbird' 'Brown Creeper' 'American Crow'
 'Fish Crow' 'Black billed Cuckoo' 'Mangrove Cuckoo'
 'Yellow billed Cuckoo' 'Gray crowned Rosy Finch' 'Purple Finch'
 'Northern Flicker' 'Acadian Flycatcher' 'Great Crested Flycatcher'
 'Least Flycatcher' 'Olive sided Flycatcher' 'Scissor tailed Flycatcher'
 'Vermilion Flycatcher' 'Yellow bellied Flycatcher' 'Frigatebird'
 'Northern Fulmar' 'Gadwall' 'American Goldfinch' 'European Goldfinch'
 'Boat tailed Grackle' 'Eared Grebe' 'Horned Grebe' 'Pied billed Grebe'
 'Western Grebe' 'Blue Grosbeak' 'Evening Grosbeak' 'Pine Grosbeak'
 'Rose breasted Grosbeak' 'Pigeon Guillemot' 'California Gull'
 'Glaucous winged Gull' 'Heermann Gull' 'Herring Gull' 'Ivory Gull'
 'Ring billed Gull' 'Slaty backed Gull' 'Western Gull' 'Anna Hummingbird'
 'Ruby throated Hummingbird' 'Rufous Hummingbird' 'Green Violetear'
 'Long tailed Jaeger' 'Pomarine Jaeger' 'Blue Jay' 'Florida Jay'
 'Green Jay' 'Dark eyed Junco' 'Tropical Kingbird' 'Gray Kingbird'
 'Belted Kingfisher' 'Green Kingfisher' 'Pied Kingfisher'
 'Ringed Kingfisher' 'White breasted Kingfisher' 'Red legged Kittiwake'
 'Horned Lark' 'Pacific Loon' 'Mallard' 'Western Meadowlark'
 'Hooded Merganser' 'Red breasted Merganser' 'Mockingbird' 'Nighthawk'
 'Clark Nutcracker' 'White breasted Nuthatch' 'Baltimore Oriole'
 'Hooded Oriole' 'Orchard Oriole' 'Scott Oriole' 'Ovenbird'
 'Brown Pelican']
all targets:tensor([ 0,  1,  2,  3,  4,  5,  6,  7,  8,  9, 10, 11, 12, 13, 14, 15, 16, 17,
        18, 19, 20, 21, 22, 23, 24, 25, 26, 27, 28, 29, 30, 31, 32, 33, 34, 35,
        36, 37, 38, 39, 40, 41, 42, 43, 44, 45, 46, 47, 48, 49, 50, 51, 52, 53,
        54, 55, 56, 57, 58, 59, 60, 61, 62, 63, 64, 65, 66, 67, 68, 69, 70, 71,
        72, 73, 74, 75, 76, 77, 78, 79, 80, 81, 82, 83, 84, 85, 86, 87, 88, 89,
        90, 91, 92, 93, 94, 95, 96, 97, 98, 99], device='cuda:0')
dino all targets:tensor([ 0,  1,  2,  3,  4,  5,  6,  7,  8,  9, 10, 11, 12, 13, 14, 15, 16, 17,
        18, 19, 20, 21, 22, 23, 24, 25, 26, 27, 28, 29, 30, 31, 32, 33, 34, 35,
        36, 37, 38, 39, 40, 41, 42, 43, 44, 45, 46, 47, 48, 49, 50, 51, 52, 53,
        54, 55, 56, 57, 58, 59, 60, 61, 62, 63, 64, 65, 66, 67, 68, 69, 70, 71,
        72, 73, 74, 75, 76, 77, 78, 79, 80, 81, 82, 83, 84, 85, 86, 87, 88, 89,
        90, 91, 92, 93, 94, 95, 96, 97, 98, 99], device='cuda:0')
finish loading CLIP/DinoV2 covariance
class names: ['White Pelican' 'Western Wood Pewee' 'Sayornis' 'American Pipit'
 'Whip poor Will' 'Horned Puffin' 'Common Raven' 'White necked Raven'
 'American Redstart' 'Geococcyx']
all targets:tensor([100, 101, 102, 103, 104, 105, 106, 107, 108, 109], device='cuda:0')
dino all targets:tensor([100, 101, 102, 103, 104, 105, 106, 107, 108, 109], device='cuda:0')
finish loading CLIP/DinoV2 covariance
class names: ['Loggerhead Shrike' 'Great Grey Shrike' 'Baird Sparrow'
 'Black throated Sparrow' 'Brewer Sparrow' 'Chipping Sparrow'
 'Clay colored Sparrow' 'House Sparrow' 'Field Sparrow' 'Fox Sparrow']
all targets:tensor([110, 111, 112, 113, 114, 115, 116, 117, 118, 119], device='cuda:0')
dino all targets:tensor([110, 111, 112, 113, 114, 115, 116, 117, 118, 119], device='cuda:0')
finish loading CLIP/DinoV2 covariance
class names: ['Grasshopper Sparrow' 'Harris Sparrow' 'Henslow Sparrow'
 'Le Conte Sparrow' 'Lincoln Sparrow' 'Nelson Sharp tailed Sparrow'
 'Savannah Sparrow' 'Seaside Sparrow' 'Song Sparrow' 'Tree Sparrow']
all targets:tensor([120, 121, 122, 123, 124, 125, 126, 127, 128, 129], device='cuda:0')
dino all targets:tensor([120, 121, 122, 123, 124, 125, 126, 127, 128, 129], device='cuda:0')
finish loading CLIP/DinoV2 covariance
class names: ['Vesper Sparrow' 'White crowned Sparrow' 'White throated Sparrow'
 'Cape Glossy Starling' 'Bank Swallow' 'Barn Swallow' 'Cliff Swallow'
 'Tree Swallow' 'Scarlet Tanager' 'Summer Tanager']
all targets:tensor([130, 131, 132, 133, 134, 135, 136, 137, 138, 139], device='cuda:0')
dino all targets:tensor([130, 131, 132, 133, 134, 135, 136, 137, 138, 139], device='cuda:0')
finish loading CLIP/DinoV2 covariance
class names: ['Artic Tern' 'Black Tern' 'Caspian Tern' 'Common Tern' 'Elegant Tern'
 'Forsters Tern' 'Least Tern' 'Green tailed Towhee' 'Brown Thrasher'
 'Sage Thrasher']
all targets:tensor([140, 141, 142, 143, 144, 145, 146, 147, 148, 149], device='cuda:0')
dino all targets:tensor([140, 141, 142, 143, 144, 145, 146, 147, 148, 149], device='cuda:0')
finish loading CLIP/DinoV2 covariance
class names: ['Black capped Vireo' 'Blue headed Vireo' 'Philadelphia Vireo'
 'Red eyed Vireo' 'Warbling Vireo' 'White eyed Vireo'
 'Yellow throated Vireo' 'Bay breasted Warbler' 'Black and white Warbler'
 'Black throated Blue Warbler']
all targets:tensor([150, 151, 152, 153, 154, 155, 156, 157, 158, 159], device='cuda:0')
dino all targets:tensor([150, 151, 152, 153, 154, 155, 156, 157, 158, 159], device='cuda:0')
finish loading CLIP/DinoV2 covariance
class names: ['Blue winged Warbler' 'Canada Warbler' 'Cape May Warbler'
 'Cerulean Warbler' 'Chestnut sided Warbler' 'Golden winged Warbler'
 'Hooded Warbler' 'Kentucky Warbler' 'Magnolia Warbler' 'Mourning Warbler']
all targets:tensor([160, 161, 162, 163, 164, 165, 166, 167, 168, 169], device='cuda:0')
dino all targets:tensor([160, 161, 162, 163, 164, 165, 166, 167, 168, 169], device='cuda:0')
finish loading CLIP/DinoV2 covariance
class names: ['Myrtle Warbler' 'Nashville Warbler' 'Orange crowned Warbler'
 'Palm Warbler' 'Pine Warbler' 'Prairie Warbler' 'Prothonotary Warbler'
 'Swainson Warbler' 'Tennessee Warbler' 'Wilson Warbler']
all targets:tensor([170, 171, 172, 173, 174, 175, 176, 177, 178, 179], device='cuda:0')
dino all targets:tensor([170, 171, 172, 173, 174, 175, 176, 177, 178, 179], device='cuda:0')
finish loading CLIP/DinoV2 covariance
class names: ['Worm eating Warbler' 'Yellow Warbler' 'Northern Waterthrush'
 'Louisiana Waterthrush' 'Bohemian Waxwing' 'Cedar Waxwing'
 'American Three toed Woodpecker' 'Pileated Woodpecker'
 'Red bellied Woodpecker' 'Red cockaded Woodpecker']
all targets:tensor([180, 181, 182, 183, 184, 185, 186, 187, 188, 189], device='cuda:0')
dino all targets:tensor([180, 181, 182, 183, 184, 185, 186, 187, 188, 189], device='cuda:0')
finish loading CLIP/DinoV2 covariance
class names: ['Red headed Woodpecker' 'Downy Woodpecker' 'Bewick Wren' 'Cactus Wren'
 'Carolina Wren' 'House Wren' 'Marsh Wren' 'Rock Wren' 'Winter Wren'
 'Common Yellowthroat']
all targets:tensor([190, 191, 192, 193, 194, 195, 196, 197, 198, 199], device='cuda:0')
dino all targets:tensor([190, 191, 192, 193, 194, 195, 196, 197, 198, 199], device='cuda:0')
finish loading CLIP/DinoV2 covariance
session 0: baseline=88.163 final=88.163 gain=0.000
session 1: baseline=86.223 final=86.701 gain=0.477
session 2: baseline=85.569 final=86.472 gain=0.904
session 3: baseline=84.254 final=85.247 gain=0.992
session 4: baseline=83.987 final=85.154 gain=1.167
session 5: baseline=83.172 final=84.166 gain=0.994
session 6: baseline=83.637 final=84.655 gain=1.019
session 7: baseline=83.954 final=85.013 gain=1.059
session 8: baseline=83.807 final=84.844 gain=1.037
session 9: baseline=84.310 final=85.329 gain=1.019
session 10: baseline=84.639 final=85.658 gain=1.018
{
  "dataset": "cub200",
  "seed": 3,
  "train_cfg": "experiments/bmvc_1256_20260508-124032/generated_configs/bimc_dino_fusion.yaml",
  "method": "sessionwise conservative query prototype refinement on bimc_dino_fusion with pseudo-validation alpha selection",
  "runtime_sec": 239.452,
  "alpha_grid": [
    0.5,
    0.75,
    1.0
  ],
  "alpha_selection": "pseudo_validation_no_test_labels",
  "mass_thr": 0.3,
  "min_count": 5,
  "val_fraction": 0.3,
  "base_val_conf_thr": 0.5,
  "base_val_max_per_class": 50,
  "fallback_alpha": 0.75,
  "topk_per_class": null,
  "baseline_acc_list": [
    88.163,
    86.223,
    85.569,
    84.254,
    83.987,
    83.172,
    83.637,
    83.954,
    83.807,
    84.31,
    84.639
  ],
  "final_acc_list": [
    88.163,
    86.701,
    86.472,
    85.247,
    85.154,
    84.166,
    84.655,
    85.013,
    84.844,
    85.329,
    85.658
  ],
  "gain_list": [
    0.0,
    0.477,
    0.904,
    0.992,
    1.167,
    0.994,
    1.019,
    1.059,
    1.037,
    1.019,
    1.018
  ],
  "baseline_avg": 84.701,
  "baseline_pd": 3.524,
  "final_avg": 85.582,
  "final_pd": 2.505,
  "gain_avg": 0.881,
  "session_results": [
    {
      "session": 0,
      "num_seen_classes": 100,
      "baseline_full_acc": 88.163,
      "baseline_base_acc": 88.163,
      "baseline_novel_acc": 0.0,
      "best_alpha": null,
      "final_full_acc": 88.163,
      "final_base_acc": 88.163,
      "final_novel_acc": 0.0,
      "final_gain": 0.0,
      "updated_class_count": 0,
      "gated_query_count": 0,
      "alpha_selection": {
        "mode": "not_applicable_base_session",
        "selected_alpha": null
      }
    },
    {
      "session": 1,
      "num_seen_classes": 110,
      "baseline_full_acc": 86.223,
      "baseline_base_acc": 88.024,
      "baseline_novel_acc": 67.742,
      "selected_alpha": 1.0,
      "final_full_acc": 86.701,
      "final_base_acc": 88.059,
      "final_novel_acc": 72.76,
      "final_gain": 0.477,
      "updated_class_count": 9,
      "gated_query_count": 202,
      "gated_base_count": 8,
      "gated_novel_count": 194,
      "alpha_selection": {
        "mode": "pseudo_validation",
        "fallback_used": false,
        "selected_alpha": 1.0,
        "candidates": [
          {
            "alpha": 0.5,
            "pseudo_val_score": -0.087206,
            "pseudo_val_nll": 0.087206,
            "pseudo_val_agreement": 99.62
          },
          {
            "alpha": 0.75,
            "pseudo_val_score": -0.086922,
            "pseudo_val_nll": 0.086922,
            "pseudo_val_agreement": 99.654
          },
          {
            "alpha": 1.0,
            "pseudo_val_score": -0.08544,
            "pseudo_val_nll": 0.08544,
            "pseudo_val_agreement": 99.723
          }
        ],
        "split": {
          "novel_gated_query_count": 202,
          "validation_count": 2891,
          "novel_validation_count": 59,
          "base_validation_count": 2832,
          "updated_class_count": 9,
          "per_class_counts": {
            "100": 19,
            "101": 8,
            "102": 11,
            "103": 30,
            "104": 1,
            "105": 30,
            "106": 21,
            "107": 23,
            "108": 28,
            "109": 31
          },
          "per_class_update_counts": {
            "100": 13,
            "101": 6,
            "102": 8,
            "103": 21,
            "104": 0,
            "105": 21,
            "106": 15,
            "107": 16,
            "108": 20,
            "109": 22
          },
          "per_class_validation_counts": {
            "100": 6,
            "101": 2,
            "102": 3,
            "103": 9,
            "104": 0,
            "105": 9,
            "106": 6,
            "107": 7,
            "108": 8,
            "109": 9
          }
        }
      }
    },
    {
      "session": 2,
      "num_seen_classes": 120,
      "baseline_full_acc": 85.569,
      "baseline_base_acc": 88.094,
      "baseline_novel_acc": 72.792,
      "selected_alpha": 0.5,
      "final_full_acc": 86.472,
      "final_base_acc": 88.094,
      "final_novel_acc": 78.269,
      "final_gain": 0.904,
      "updated_class_count": 19,
      "gated_query_count": 488,
      "gated_base_count": 8,
      "gated_novel_count": 480,
      "alpha_selection": {
        "mode": "pseudo_validation",
        "fallback_used": false,
        "selected_alpha": 0.5,
        "candidates": [
          {
            "alpha": 0.5,
            "pseudo_val_score": -0.109938,
            "pseudo_val_nll": 0.109938,
            "pseudo_val_agreement": 98.959
          },
          {
            "alpha": 0.75,
            "pseudo_val_score": -0.114442,
            "pseudo_val_nll": 0.114442,
            "pseudo_val_agreement": 98.859
          },
          {
            "alpha": 1.0,
            "pseudo_val_score": -0.116888,
            "pseudo_val_nll": 0.116888,
            "pseudo_val_agreement": 98.724
          }
        ],
        "split": {
          "novel_gated_query_count": 488,
          "validation_count": 2979,
          "novel_validation_count": 146,
          "base_validation_count": 2833,
          "updated_class_count": 19,
          "per_class_counts": {
            "100": 19,
            "101": 9,
            "102": 11,
            "103": 30,
            "104": 1,
            "105": 30,
            "106": 20,
            "107": 23,
            "108": 28,
            "109": 31,
            "110": 27,
            "111": 32,
            "112": 24,
            "113": 30,
            "114": 26,
            "115": 10,
            "116": 45,
            "117": 27,
            "118": 35,
            "119": 30
          },
          "per_class_update_counts": {
            "100": 13,
            "101": 6,
            "102": 8,
            "103": 21,
            "104": 0,
            "105": 21,
            "106": 14,
            "107": 16,
            "108": 20,
            "109": 22,
            "110": 19,
            "111": 22,
            "112": 17,
            "113": 21,
            "114": 18,
            "115": 7,
            "116": 31,
            "117": 19,
            "118": 25,
            "119": 21
          },
          "per_class_validation_counts": {
            "100": 6,
            "101": 3,
            "102": 3,
            "103": 9,
            "104": 0,
            "105": 9,
            "106": 6,
            "107": 7,
            "108": 8,
            "109": 9,
            "110": 8,
            "111": 10,
            "112": 7,
            "113": 9,
            "114": 8,
            "115": 3,
            "116": 14,
            "117": 8,
            "118": 10,
            "119": 9
          }
        }
      }
    },
    {
      "session": 3,
      "num_seen_classes": 130,
      "baseline_full_acc": 84.254,
      "baseline_base_acc": 88.059,
      "baseline_novel_acc": 71.644,
      "selected_alpha": 0.5,
      "final_full_acc": 85.247,
      "final_base_acc": 88.059,
      "final_novel_acc": 75.926,
      "final_gain": 0.992,
      "updated_class_count": 29,
      "gated_query_count": 785,
      "gated_base_count": 8,
      "gated_novel_count": 777,
      "alpha_selection": {
        "mode": "pseudo_validation",
        "fallback_used": false,
        "selected_alpha": 0.5,
        "candidates": [
          {
            "alpha": 0.5,
            "pseudo_val_score": -0.126467,
            "pseudo_val_nll": 0.126467,
            "pseudo_val_agreement": 98.436
          },
          {
            "alpha": 0.75,
            "pseudo_val_score": -0.132337,
            "pseudo_val_nll": 0.132337,
            "pseudo_val_agreement": 98.175
          },
          {
            "alpha": 1.0,
            "pseudo_val_score": -0.137999,
            "pseudo_val_nll": 0.137999,
            "pseudo_val_agreement": 97.947
          }
        ],
        "split": {
          "novel_gated_query_count": 785,
          "validation_count": 3069,
          "novel_validation_count": 236,
          "base_validation_count": 2833,
          "updated_class_count": 29,
          "per_class_counts": {
            "100": 19,
            "101": 9,
            "102": 11,
            "103": 30,
            "104": 1,
            "105": 30,
            "106": 20,
            "107": 23,
            "108": 28,
            "109": 30,
            "110": 27,
            "111": 32,
            "112": 22,
            "113": 30,
            "114": 27,
            "115": 9,
            "116": 42,
            "117": 41,
            "118": 34,
            "119": 26,
            "120": 28,
            "121": 28,
            "122": 42,
            "123": 24,
            "124": 32,
            "125": 25,
            "126": 32,
            "127": 24,
            "128": 38,
            "129": 21
          },
          "per_class_update_counts": {
            "100": 13,
            "101": 6,
            "102": 8,
            "103": 21,
            "104": 0,
            "105": 21,
            "106": 14,
            "107": 16,
            "108": 20,
            "109": 21,
            "110": 19,
            "111": 22,
            "112": 15,
            "113": 21,
            "114": 19,
            "115": 6,
            "116": 29,
            "117": 29,
            "118": 24,
            "119": 18,
            "120": 20,
            "121": 20,
            "122": 29,
            "123": 17,
            "124": 22,
            "125": 17,
            "126": 22,
            "127": 17,
            "128": 27,
            "129": 15
          },
          "per_class_validation_counts": {
            "100": 6,
            "101": 3,
            "102": 3,
            "103": 9,
            "104": 0,
            "105": 9,
            "106": 6,
            "107": 7,
            "108": 8,
            "109": 9,
            "110": 8,
            "111": 10,
            "112": 7,
            "113": 9,
            "114": 8,
            "115": 3,
            "116": 13,
            "117": 12,
            "118": 10,
            "119": 8,
            "120": 8,
            "121": 8,
            "122": 13,
            "123": 7,
            "124": 10,
            "125": 8,
            "126": 10,
            "127": 7,
            "128": 11,
            "129": 6
          }
        }
      }
    },
    {
      "session": 4,
      "num_seen_classes": 140,
      "baseline_full_acc": 83.987,
      "baseline_base_acc": 88.059,
      "baseline_novel_acc": 73.969,
      "selected_alpha": 0.5,
      "final_full_acc": 85.154,
      "final_base_acc": 88.024,
      "final_novel_acc": 78.093,
      "final_gain": 1.167,
      "updated_class_count": 39,
      "gated_query_count": 1079,
      "gated_base_count": 10,
      "gated_novel_count": 1069,
      "alpha_selection": {
        "mode": "pseudo_validation",
        "fallback_used": false,
        "selected_alpha": 0.5,
        "candidates": [
          {
            "alpha": 0.5,
            "pseudo_val_score": -0.136358,
            "pseudo_val_nll": 0.136358,
            "pseudo_val_agreement": 98.26
          },
          {
            "alpha": 0.75,
            "pseudo_val_score": -0.141439,
            "pseudo_val_nll": 0.141439,
            "pseudo_val_agreement": 98.007
          },
          {
            "alpha": 1.0,
            "pseudo_val_score": -0.147067,
            "pseudo_val_nll": 0.147067,
            "pseudo_val_agreement": 97.786
          }
        ],
        "split": {
          "novel_gated_query_count": 1079,
          "validation_count": 3161,
          "novel_validation_count": 323,
          "base_validation_count": 2838,
          "updated_class_count": 39,
          "per_class_counts": {
            "100": 19,
            "101": 10,
            "102": 11,
            "103": 30,
            "104": 1,
            "105": 30,
            "106": 20,
            "107": 23,
            "108": 29,
            "109": 30,
            "110": 27,
            "111": 32,
            "112": 22,
            "113": 30,
            "114": 27,
            "115": 6,
            "116": 36,
            "117": 41,
            "118": 32,
            "119": 26,
            "120": 28,
            "121": 28,
            "122": 42,
            "123": 24,
            "124": 32,
            "125": 25,
            "126": 33,
            "127": 24,
            "128": 37,
            "129": 16,
            "130": 30,
            "131": 39,
            "132": 37,
            "133": 28,
            "134": 28,
            "135": 51,
            "136": 8,
            "137": 28,
            "138": 29,
            "139": 30
          },
          "per_class_update_counts": {
            "100": 13,
            "101": 7,
            "102": 8,
            "103": 21,
            "104": 0,
            "105": 21,
            "106": 14,
            "107": 16,
            "108": 20,
            "109": 21,
            "110": 19,
            "111": 22,
            "112": 15,
            "113": 21,
            "114": 19,
            "115": 5,
            "116": 25,
            "117": 29,
            "118": 22,
            "119": 18,
            "120": 20,
            "121": 20,
            "122": 29,
            "123": 17,
            "124": 22,
            "125": 17,
            "126": 23,
            "127": 17,
            "128": 26,
            "129": 11,
            "130": 21,
            "131": 27,
            "132": 26,
            "133": 20,
            "134": 20,
            "135": 36,
            "136": 6,
            "137": 20,
            "138": 20,
            "139": 21
          },
          "per_class_validation_counts": {
            "100": 6,
            "101": 3,
            "102": 3,
            "103": 9,
            "104": 0,
            "105": 9,
            "106": 6,
            "107": 7,
            "108": 9,
            "109": 9,
            "110": 8,
            "111": 10,
            "112": 7,
            "113": 9,
            "114": 8,
            "115": 1,
            "116": 11,
            "117": 12,
            "118": 10,
            "119": 8,
            "120": 8,
            "121": 8,
            "122": 13,
            "123": 7,
            "124": 10,
            "125": 8,
            "126": 10,
            "127": 7,
            "128": 11,
            "129": 5,
            "130": 9,
            "131": 12,
            "132": 11,
            "133": 8,
            "134": 8,
            "135": 15,
            "136": 2,
            "137": 8,
            "138": 9,
            "139": 9
          }
        }
      }
    },
    {
      "session": 5,
      "num_seen_classes": 150,
      "baseline_full_acc": 83.172,
      "baseline_base_acc": 88.024,
      "baseline_novel_acc": 73.666,
      "selected_alpha": 0.5,
      "final_full_acc": 84.166,
      "final_base_acc": 87.989,
      "final_novel_acc": 76.676,
      "final_gain": 0.994,
      "updated_class_count": 49,
      "gated_query_count": 1378,
      "gated_base_count": 12,
      "gated_novel_count": 1366,
      "alpha_selection": {
        "mode": "pseudo_validation",
        "fallback_used": false,
        "selected_alpha": 0.5,
        "candidates": [
          {
            "alpha": 0.5,
            "pseudo_val_score": -0.152728,
            "pseudo_val_nll": 0.152728,
            "pseudo_val_agreement": 97.752
          },
          {
            "alpha": 0.75,
            "pseudo_val_score": -0.160678,
            "pseudo_val_nll": 0.160678,
            "pseudo_val_agreement": 97.413
          },
          {
            "alpha": 1.0,
            "pseudo_val_score": -0.169843,
            "pseudo_val_nll": 0.169843,
            "pseudo_val_agreement": 97.043
          }
        ],
        "split": {
          "novel_gated_query_count": 1378,
          "validation_count": 3247,
          "novel_validation_count": 413,
          "base_validation_count": 2834,
          "updated_class_count": 49,
          "per_class_counts": {
            "100": 19,
            "101": 10,
            "102": 11,
            "103": 30,
            "104": 1,
            "105": 30,
            "106": 20,
            "107": 23,
            "108": 29,
            "109": 30,
            "110": 27,
            "111": 32,
            "112": 22,
            "113": 30,
            "114": 27,
            "115": 6,
            "116": 36,
            "117": 41,
            "118": 32,
            "119": 26,
            "120": 28,
            "121": 28,
            "122": 42,
            "123": 24,
            "124": 32,
            "125": 25,
            "126": 33,
            "127": 24,
            "128": 37,
            "129": 16,
            "130": 30,
            "131": 39,
            "132": 37,
            "133": 28,
            "134": 28,
            "135": 51,
            "136": 8,
            "137": 28,
            "138": 29,
            "139": 30,
            "140": 34,
            "141": 22,
            "142": 41,
            "143": 23,
            "144": 20,
            "145": 42,
            "146": 28,
            "147": 30,
            "148": 30,
            "149": 29
          },
          "per_class_update_counts": {
            "100": 13,
            "101": 7,
            "102": 8,
            "103": 21,
            "104": 0,
            "105": 21,
            "106": 14,
            "107": 16,
            "108": 20,
            "109": 21,
            "110": 19,
            "111": 22,
            "112": 15,
            "113": 21,
            "114": 19,
            "115": 5,
            "116": 25,
            "117": 29,
            "118": 22,
            "119": 18,
            "120": 20,
            "121": 20,
            "122": 29,
            "123": 17,
            "124": 22,
            "125": 17,
            "126": 23,
            "127": 17,
            "128": 26,
            "129": 11,
            "130": 21,
            "131": 27,
            "132": 26,
            "133": 20,
            "134": 20,
            "135": 36,
            "136": 6,
            "137": 20,
            "138": 20,
            "139": 21,
            "140": 24,
            "141": 15,
            "142": 29,
            "143": 16,
            "144": 14,
            "145": 29,
            "146": 20,
            "147": 21,
            "148": 21,
            "149": 20
          },
          "per_class_validation_counts": {
            "100": 6,
            "101": 3,
            "102": 3,
            "103": 9,
            "104": 0,
            "105": 9,
            "106": 6,
            "107": 7,
            "108": 9,
            "109": 9,
            "110": 8,
            "111": 10,
            "112": 7,
            "113": 9,
            "114": 8,
            "115": 1,
            "116": 11,
            "117": 12,
            "118": 10,
            "119": 8,
            "120": 8,
            "121": 8,
            "122": 13,
            "123": 7,
            "124": 10,
            "125": 8,
            "126": 10,
            "127": 7,
            "128": 11,
            "129": 5,
            "130": 9,
            "131": 12,
            "132": 11,
            "133": 8,
            "134": 8,
            "135": 15,
            "136": 2,
            "137": 8,
            "138": 9,
            "139": 9,
            "140": 10,
            "141": 7,
            "142": 12,
            "143": 7,
            "144": 6,
            "145": 13,
            "146": 8,
            "147": 9,
            "148": 9,
            "149": 9
          }
        }
      }
    },
    {
      "session": 6,
      "num_seen_classes": 160,
      "baseline_full_acc": 83.637,
      "baseline_base_acc": 87.989,
      "baseline_novel_acc": 76.514,
      "selected_alpha": 0.5,
      "final_full_acc": 84.655,
      "final_base_acc": 87.954,
      "final_novel_acc": 79.257,
      "final_gain": 1.019,
      "updated_class_count": 59,
      "gated_query_count": 1670,
      "gated_base_count": 18,
      "gated_novel_count": 1652,
      "alpha_selection": {
        "mode": "pseudo_validation",
        "fallback_used": false,
        "selected_alpha": 0.5,
        "candidates": [
          {
            "alpha": 0.5,
            "pseudo_val_score": -0.163894,
            "pseudo_val_nll": 0.163894,
            "pseudo_val_agreement": 97.389
          },
          {
            "alpha": 0.75,
            "pseudo_val_score": -0.175276,
            "pseudo_val_nll": 0.175276,
            "pseudo_val_agreement": 96.909
          },
          {
            "alpha": 1.0,
            "pseudo_val_score": -0.188247,
            "pseudo_val_nll": 0.188247,
            "pseudo_val_agreement": 96.429
          }
        ],
        "split": {
          "novel_gated_query_count": 1670,
          "validation_count": 3332,
          "novel_validation_count": 501,
          "base_validation_count": 2831,
          "updated_class_count": 59,
          "per_class_counts": {
            "100": 19,
            "101": 10,
            "102": 11,
            "103": 30,
            "104": 1,
            "105": 30,
            "106": 20,
            "107": 23,
            "108": 27,
            "109": 30,
            "110": 27,
            "111": 32,
            "112": 22,
            "113": 30,
            "114": 27,
            "115": 6,
            "116": 36,
            "117": 41,
            "118": 32,
            "119": 26,
            "120": 28,
            "121": 28,
            "122": 42,
            "123": 24,
            "124": 32,
            "125": 25,
            "126": 33,
            "127": 24,
            "128": 37,
            "129": 16,
            "130": 30,
            "131": 39,
            "132": 37,
            "133": 28,
            "134": 28,
            "135": 51,
            "136": 8,
            "137": 28,
            "138": 29,
            "139": 30,
            "140": 34,
            "141": 22,
            "142": 41,
            "143": 23,
            "144": 20,
            "145": 42,
            "146": 28,
            "147": 29,
            "148": 30,
            "149": 29,
            "150": 22,
            "151": 28,
            "152": 37,
            "153": 29,
            "154": 28,
            "155": 32,
            "156": 30,
            "157": 29,
            "158": 30,
            "159": 30
          },
          "per_class_update_counts": {
            "100": 13,
            "101": 7,
            "102": 8,
            "103": 21,
            "104": 0,
            "105": 21,
            "106": 14,
            "107": 16,
            "108": 19,
            "109": 21,
            "110": 19,
            "111": 22,
            "112": 15,
            "113": 21,
            "114": 19,
            "115": 5,
            "116": 25,
            "117": 29,
            "118": 22,
            "119": 18,
            "120": 20,
            "121": 20,
            "122": 29,
            "123": 17,
            "124": 22,
            "125": 17,
            "126": 23,
            "127": 17,
            "128": 26,
            "129": 11,
            "130": 21,
            "131": 27,
            "132": 26,
            "133": 20,
            "134": 20,
            "135": 36,
            "136": 6,
            "137": 20,
            "138": 20,
            "139": 21,
            "140": 24,
            "141": 15,
            "142": 29,
            "143": 16,
            "144": 14,
            "145": 29,
            "146": 20,
            "147": 20,
            "148": 21,
            "149": 20,
            "150": 15,
            "151": 20,
            "152": 26,
            "153": 20,
            "154": 20,
            "155": 22,
            "156": 21,
            "157": 20,
            "158": 21,
            "159": 21
          },
          "per_class_validation_counts": {
            "100": 6,
            "101": 3,
            "102": 3,
            "103": 9,
            "104": 0,
            "105": 9,
            "106": 6,
            "107": 7,
            "108": 8,
            "109": 9,
            "110": 8,
            "111": 10,
            "112": 7,
            "113": 9,
            "114": 8,
            "115": 1,
            "116": 11,
            "117": 12,
            "118": 10,
            "119": 8,
            "120": 8,
            "121": 8,
            "122": 13,
            "123": 7,
            "124": 10,
            "125": 8,
            "126": 10,
            "127": 7,
            "128": 11,
            "129": 5,
            "130": 9,
            "131": 12,
            "132": 11,
            "133": 8,
            "134": 8,
            "135": 15,
            "136": 2,
            "137": 8,
            "138": 9,
            "139": 9,
            "140": 10,
            "141": 7,
            "142": 12,
            "143": 7,
            "144": 6,
            "145": 13,
            "146": 8,
            "147": 9,
            "148": 9,
            "149": 9,
            "150": 7,
            "151": 8,
            "152": 11,
            "153": 9,
            "154": 8,
            "155": 10,
            "156": 9,
            "157": 9,
            "158": 9,
            "159": 9
          }
        }
      }
    },
    {
      "session": 7,
      "num_seen_classes": 170,
      "baseline_full_acc": 83.954,
      "baseline_base_acc": 87.849,
      "baseline_novel_acc": 78.505,
      "selected_alpha": 0.5,
      "final_full_acc": 85.013,
      "final_base_acc": 87.814,
      "final_novel_acc": 81.094,
      "final_gain": 1.059,
      "updated_class_count": 69,
      "gated_query_count": 1968,
      "gated_base_count": 19,
      "gated_novel_count": 1949,
      "alpha_selection": {
        "mode": "pseudo_validation",
        "fallback_used": false,
        "selected_alpha": 0.5,
        "candidates": [
          {
            "alpha": 0.5,
            "pseudo_val_score": -0.172959,
            "pseudo_val_nll": 0.172959,
            "pseudo_val_agreement": 97.163
          },
          {
            "alpha": 0.75,
            "pseudo_val_score": -0.186787,
            "pseudo_val_nll": 0.186787,
            "pseudo_val_agreement": 96.549
          },
          {
            "alpha": 1.0,
            "pseudo_val_score": -0.202904,
            "pseudo_val_nll": 0.202904,
            "pseudo_val_agreement": 96.11
          }
        ],
        "split": {
          "novel_gated_query_count": 1968,
          "validation_count": 3419,
          "novel_validation_count": 588,
          "base_validation_count": 2831,
          "updated_class_count": 69,
          "per_class_counts": {
            "100": 19,
            "101": 10,
            "102": 11,
            "103": 30,
            "104": 1,
            "105": 30,
            "106": 20,
            "107": 23,
            "108": 27,
            "109": 30,
            "110": 27,
            "111": 32,
            "112": 22,
            "113": 30,
            "114": 27,
            "115": 6,
            "116": 36,
            "117": 41,
            "118": 32,
            "119": 26,
            "120": 28,
            "121": 28,
            "122": 42,
            "123": 24,
            "124": 32,
            "125": 25,
            "126": 33,
            "127": 24,
            "128": 37,
            "129": 16,
            "130": 30,
            "131": 39,
            "132": 37,
            "133": 28,
            "134": 28,
            "135": 51,
            "136": 8,
            "137": 28,
            "138": 29,
            "139": 30,
            "140": 34,
            "141": 22,
            "142": 41,
            "143": 23,
            "144": 20,
            "145": 42,
            "146": 28,
            "147": 29,
            "148": 30,
            "149": 29,
            "150": 22,
            "151": 31,
            "152": 38,
            "153": 30,
            "154": 28,
            "155": 33,
            "156": 28,
            "157": 30,
            "158": 31,
            "159": 30,
            "160": 34,
            "161": 27,
            "162": 31,
            "163": 30,
            "164": 25,
            "165": 27,
            "166": 21,
            "167": 42,
            "168": 27,
            "169": 28
          },
          "per_class_update_counts": {
            "100": 13,
            "101": 7,
            "102": 8,
            "103": 21,
            "104": 0,
            "105": 21,
            "106": 14,
            "107": 16,
            "108": 19,
            "109": 21,
            "110": 19,
            "111": 22,
            "112": 15,
            "113": 21,
            "114": 19,
            "115": 5,
            "116": 25,
            "117": 29,
            "118": 22,
            "119": 18,
            "120": 20,
            "121": 20,
            "122": 29,
            "123": 17,
            "124": 22,
            "125": 17,
            "126": 23,
            "127": 17,
            "128": 26,
            "129": 11,
            "130": 21,
            "131": 27,
            "132": 26,
            "133": 20,
            "134": 20,
            "135": 36,
            "136": 6,
            "137": 20,
            "138": 20,
            "139": 21,
            "140": 24,
            "141": 15,
            "142": 29,
            "143": 16,
            "144": 14,
            "145": 29,
            "146": 20,
            "147": 20,
            "148": 21,
            "149": 20,
            "150": 15,
            "151": 22,
            "152": 27,
            "153": 21,
            "154": 20,
            "155": 23,
            "156": 20,
            "157": 21,
            "158": 22,
            "159": 21,
            "160": 24,
            "161": 19,
            "162": 22,
            "163": 21,
            "164": 17,
            "165": 19,
            "166": 15,
            "167": 29,
            "168": 19,
            "169": 20
          },
          "per_class_validation_counts": {
            "100": 6,
            "101": 3,
            "102": 3,
            "103": 9,
            "104": 0,
            "105": 9,
            "106": 6,
            "107": 7,
            "108": 8,
            "109": 9,
            "110": 8,
            "111": 10,
            "112": 7,
            "113": 9,
            "114": 8,
            "115": 1,
            "116": 11,
            "117": 12,
            "118": 10,
            "119": 8,
            "120": 8,
            "121": 8,
            "122": 13,
            "123": 7,
            "124": 10,
            "125": 8,
            "126": 10,
            "127": 7,
            "128": 11,
            "129": 5,
            "130": 9,
            "131": 12,
            "132": 11,
            "133": 8,
            "134": 8,
            "135": 15,
            "136": 2,
            "137": 8,
            "138": 9,
            "139": 9,
            "140": 10,
            "141": 7,
            "142": 12,
            "143": 7,
            "144": 6,
            "145": 13,
            "146": 8,
            "147": 9,
            "148": 9,
            "149": 9,
            "150": 7,
            "151": 9,
            "152": 11,
            "153": 9,
            "154": 8,
            "155": 10,
            "156": 8,
            "157": 9,
            "158": 9,
            "159": 9,
            "160": 10,
            "161": 8,
            "162": 9,
            "163": 9,
            "164": 8,
            "165": 8,
            "166": 6,
            "167": 13,
            "168": 8,
            "169": 8
          }
        }
      }
    },
    {
      "session": 8,
      "num_seen_classes": 180,
      "baseline_full_acc": 83.807,
      "baseline_base_acc": 87.849,
      "baseline_novel_acc": 78.864,
      "selected_alpha": 0.5,
      "final_full_acc": 84.844,
      "final_base_acc": 87.814,
      "final_novel_acc": 81.213,
      "final_gain": 1.037,
      "updated_class_count": 79,
      "gated_query_count": 2261,
      "gated_base_count": 20,
      "gated_novel_count": 2241,
      "alpha_selection": {
        "mode": "pseudo_validation",
        "fallback_used": false,
        "selected_alpha": 0.5,
        "candidates": [
          {
            "alpha": 0.5,
            "pseudo_val_score": -0.183914,
            "pseudo_val_nll": 0.183914,
            "pseudo_val_agreement": 96.952
          },
          {
            "alpha": 0.75,
            "pseudo_val_score": -0.198624,
            "pseudo_val_nll": 0.198624,
            "pseudo_val_agreement": 96.325
          },
          {
            "alpha": 1.0,
            "pseudo_val_score": -0.215287,
            "pseudo_val_nll": 0.215287,
            "pseudo_val_agreement": 95.726
          }
        ],
        "split": {
          "novel_gated_query_count": 2261,
          "validation_count": 3510,
          "novel_validation_count": 677,
          "base_validation_count": 2833,
          "updated_class_count": 79,
          "per_class_counts": {
            "100": 19,
            "101": 10,
            "102": 11,
            "103": 30,
            "104": 1,
            "105": 30,
            "106": 20,
            "107": 23,
            "108": 28,
            "109": 30,
            "110": 27,
            "111": 32,
            "112": 22,
            "113": 30,
            "114": 27,
            "115": 6,
            "116": 36,
            "117": 40,
            "118": 32,
            "119": 26,
            "120": 28,
            "121": 28,
            "122": 42,
            "123": 24,
            "124": 32,
            "125": 25,
            "126": 33,
            "127": 24,
            "128": 37,
            "129": 16,
            "130": 30,
            "131": 40,
            "132": 37,
            "133": 28,
            "134": 28,
            "135": 51,
            "136": 8,
            "137": 28,
            "138": 29,
            "139": 30,
            "140": 34,
            "141": 22,
            "142": 41,
            "143": 23,
            "144": 20,
            "145": 42,
            "146": 28,
            "147": 29,
            "148": 30,
            "149": 29,
            "150": 22,
            "151": 30,
            "152": 37,
            "153": 30,
            "154": 29,
            "155": 33,
            "156": 32,
            "157": 30,
            "158": 31,
            "159": 30,
            "160": 28,
            "161": 25,
            "162": 31,
            "163": 30,
            "164": 26,
            "165": 27,
            "166": 20,
            "167": 33,
            "168": 26,
            "169": 28,
            "170": 28,
            "171": 30,
            "172": 51,
            "173": 29,
            "174": 29,
            "175": 34,
            "176": 36,
            "177": 26,
            "178": 6,
            "179": 38
          },
          "per_class_update_counts": {
            "100": 13,
            "101": 7,
            "102": 8,
            "103": 21,
            "104": 0,
            "105": 21,
            "106": 14,
            "107": 16,
            "108": 20,
            "109": 21,
            "110": 19,
            "111": 22,
            "112": 15,
            "113": 21,
            "114": 19,
            "115": 5,
            "116": 25,
            "117": 28,
            "118": 22,
            "119": 18,
            "120": 20,
            "121": 20,
            "122": 29,
            "123": 17,
            "124": 22,
            "125": 17,
            "126": 23,
            "127": 17,
            "128": 26,
            "129": 11,
            "130": 21,
            "131": 28,
            "132": 26,
            "133": 20,
            "134": 20,
            "135": 36,
            "136": 6,
            "137": 20,
            "138": 20,
            "139": 21,
            "140": 24,
            "141": 15,
            "142": 29,
            "143": 16,
            "144": 14,
            "145": 29,
            "146": 20,
            "147": 20,
            "148": 21,
            "149": 20,
            "150": 15,
            "151": 21,
            "152": 26,
            "153": 21,
            "154": 20,
            "155": 23,
            "156": 22,
            "157": 21,
            "158": 22,
            "159": 21,
            "160": 20,
            "161": 17,
            "162": 22,
            "163": 21,
            "164": 18,
            "165": 19,
            "166": 14,
            "167": 23,
            "168": 18,
            "169": 20,
            "170": 20,
            "171": 21,
            "172": 36,
            "173": 20,
            "174": 20,
            "175": 24,
            "176": 25,
            "177": 18,
            "178": 5,
            "179": 27
          },
          "per_class_validation_counts": {
            "100": 6,
            "101": 3,
            "102": 3,
            "103": 9,
            "104": 0,
            "105": 9,
            "106": 6,
            "107": 7,
            "108": 8,
            "109": 9,
            "110": 8,
            "111": 10,
            "112": 7,
            "113": 9,
            "114": 8,
            "115": 1,
            "116": 11,
            "117": 12,
            "118": 10,
            "119": 8,
            "120": 8,
            "121": 8,
            "122": 13,
            "123": 7,
            "124": 10,
            "125": 8,
            "126": 10,
            "127": 7,
            "128": 11,
            "129": 5,
            "130": 9,
            "131": 12,
            "132": 11,
            "133": 8,
            "134": 8,
            "135": 15,
            "136": 2,
            "137": 8,
            "138": 9,
            "139": 9,
            "140": 10,
            "141": 7,
            "142": 12,
            "143": 7,
            "144": 6,
            "145": 13,
            "146": 8,
            "147": 9,
            "148": 9,
            "149": 9,
            "150": 7,
            "151": 9,
            "152": 11,
            "153": 9,
            "154": 9,
            "155": 10,
            "156": 10,
            "157": 9,
            "158": 9,
            "159": 9,
            "160": 8,
            "161": 8,
            "162": 9,
            "163": 9,
            "164": 8,
            "165": 8,
            "166": 6,
            "167": 10,
            "168": 8,
            "169": 8,
            "170": 8,
            "171": 9,
            "172": 15,
            "173": 9,
            "174": 9,
            "175": 10,
            "176": 11,
            "177": 8,
            "178": 1,
            "179": 11
          }
        }
      }
    },
    {
      "session": 9,
      "num_seen_classes": 190,
      "baseline_full_acc": 84.31,
      "baseline_base_acc": 87.814,
      "baseline_novel_acc": 80.494,
      "selected_alpha": 0.5,
      "final_full_acc": 85.329,
      "final_base_acc": 87.779,
      "final_novel_acc": 82.662,
      "final_gain": 1.019,
      "updated_class_count": 89,
      "gated_query_count": 2549,
      "gated_base_count": 20,
      "gated_novel_count": 2529,
      "alpha_selection": {
        "mode": "pseudo_validation",
        "fallback_used": false,
        "selected_alpha": 0.5,
        "candidates": [
          {
            "alpha": 0.5,
            "pseudo_val_score": -0.191097,
            "pseudo_val_nll": 0.191097,
            "pseudo_val_agreement": 96.835
          },
          {
            "alpha": 0.75,
            "pseudo_val_score": -0.206803,
            "pseudo_val_nll": 0.206803,
            "pseudo_val_agreement": 96.224
          },
          {
            "alpha": 1.0,
            "pseudo_val_score": -0.224772,
            "pseudo_val_nll": 0.224772,
            "pseudo_val_agreement": 95.614
          }
        ],
        "split": {
          "novel_gated_query_count": 2549,
          "validation_count": 3602,
          "novel_validation_count": 764,
          "base_validation_count": 2838,
          "updated_class_count": 89,
          "per_class_counts": {
            "100": 19,
            "101": 10,
            "102": 11,
            "103": 30,
            "104": 1,
            "105": 30,
            "106": 20,
            "107": 23,
            "108": 28,
            "109": 30,
            "110": 27,
            "111": 32,
            "112": 22,
            "113": 30,
            "114": 27,
            "115": 6,
            "116": 36,
            "117": 40,
            "118": 32,
            "119": 26,
            "120": 28,
            "121": 28,
            "122": 42,
            "123": 24,
            "124": 32,
            "125": 25,
            "126": 33,
            "127": 24,
            "128": 37,
            "129": 16,
            "130": 30,
            "131": 39,
            "132": 37,
            "133": 28,
            "134": 28,
            "135": 51,
            "136": 8,
            "137": 28,
            "138": 29,
            "139": 30,
            "140": 34,
            "141": 22,
            "142": 41,
            "143": 23,
            "144": 20,
            "145": 42,
            "146": 28,
            "147": 29,
            "148": 30,
            "149": 29,
            "150": 22,
            "151": 30,
            "152": 37,
            "153": 30,
            "154": 29,
            "155": 33,
            "156": 32,
            "157": 30,
            "158": 31,
            "159": 30,
            "160": 27,
            "161": 25,
            "162": 31,
            "163": 30,
            "164": 26,
            "165": 27,
            "166": 20,
            "167": 33,
            "168": 26,
            "169": 28,
            "170": 28,
            "171": 30,
            "172": 51,
            "173": 29,
            "174": 30,
            "175": 34,
            "176": 36,
            "177": 26,
            "178": 6,
            "179": 36,
            "180": 30,
            "181": 32,
            "182": 37,
            "183": 23,
            "184": 29,
            "185": 31,
            "186": 21,
            "187": 30,
            "188": 30,
            "189": 28
          },
          "per_class_update_counts": {
            "100": 13,
            "101": 7,
            "102": 8,
            "103": 21,
            "104": 0,
            "105": 21,
            "106": 14,
            "107": 16,
            "108": 20,
            "109": 21,
            "110": 19,
            "111": 22,
            "112": 15,
            "113": 21,
            "114": 19,
            "115": 5,
            "116": 25,
            "117": 28,
            "118": 22,
            "119": 18,
            "120": 20,
            "121": 20,
            "122": 29,
            "123": 17,
            "124": 22,
            "125": 17,
            "126": 23,
            "127": 17,
            "128": 26,
            "129": 11,
            "130": 21,
            "131": 27,
            "132": 26,
            "133": 20,
            "134": 20,
            "135": 36,
            "136": 6,
            "137": 20,
            "138": 20,
            "139": 21,
            "140": 24,
            "141": 15,
            "142": 29,
            "143": 16,
            "144": 14,
            "145": 29,
            "146": 20,
            "147": 20,
            "148": 21,
            "149": 20,
            "150": 15,
            "151": 21,
            "152": 26,
            "153": 21,
            "154": 20,
            "155": 23,
            "156": 22,
            "157": 21,
            "158": 22,
            "159": 21,
            "160": 19,
            "161": 17,
            "162": 22,
            "163": 21,
            "164": 18,
            "165": 19,
            "166": 14,
            "167": 23,
            "168": 18,
            "169": 20,
            "170": 20,
            "171": 21,
            "172": 36,
            "173": 20,
            "174": 21,
            "175": 24,
            "176": 25,
            "177": 18,
            "178": 5,
            "179": 25,
            "180": 21,
            "181": 22,
            "182": 26,
            "183": 16,
            "184": 20,
            "185": 22,
            "186": 15,
            "187": 21,
            "188": 21,
            "189": 20
          },
          "per_class_validation_counts": {
            "100": 6,
            "101": 3,
            "102": 3,
            "103": 9,
            "104": 0,
            "105": 9,
            "106": 6,
            "107": 7,
            "108": 8,
            "109": 9,
            "110": 8,
            "111": 10,
            "112": 7,
            "113": 9,
            "114": 8,
            "115": 1,
            "116": 11,
            "117": 12,
            "118": 10,
            "119": 8,
            "120": 8,
            "121": 8,
            "122": 13,
            "123": 7,
            "124": 10,
            "125": 8,
            "126": 10,
            "127": 7,
            "128": 11,
            "129": 5,
            "130": 9,
            "131": 12,
            "132": 11,
            "133": 8,
            "134": 8,
            "135": 15,
            "136": 2,
            "137": 8,
            "138": 9,
            "139": 9,
            "140": 10,
            "141": 7,
            "142": 12,
            "143": 7,
            "144": 6,
            "145": 13,
            "146": 8,
            "147": 9,
            "148": 9,
            "149": 9,
            "150": 7,
            "151": 9,
            "152": 11,
            "153": 9,
            "154": 9,
            "155": 10,
            "156": 10,
            "157": 9,
            "158": 9,
            "159": 9,
            "160": 8,
            "161": 8,
            "162": 9,
            "163": 9,
            "164": 8,
            "165": 8,
            "166": 6,
            "167": 10,
            "168": 8,
            "169": 8,
            "170": 8,
            "171": 9,
            "172": 15,
            "173": 9,
            "174": 9,
            "175": 10,
            "176": 11,
            "177": 8,
            "178": 1,
            "179": 11,
            "180": 9,
            "181": 10,
            "182": 11,
            "183": 7,
            "184": 9,
            "185": 9,
            "186": 6,
            "187": 9,
            "188": 9,
            "189": 8
          }
        }
      }
    },
    {
      "session": 10,
      "num_seen_classes": 200,
      "baseline_full_acc": 84.639,
      "baseline_base_acc": 87.814,
      "baseline_novel_acc": 81.536,
      "selected_alpha": 0.5,
      "final_full_acc": 85.658,
      "final_base_acc": 87.779,
      "final_novel_acc": 83.584,
      "final_gain": 1.018,
      "updated_class_count": 99,
      "gated_query_count": 2848,
      "gated_base_count": 20,
      "gated_novel_count": 2828,
      "alpha_selection": {
        "mode": "pseudo_validation",
        "fallback_used": false,
        "selected_alpha": 0.5,
        "candidates": [
          {
            "alpha": 0.5,
            "pseudo_val_score": -0.198065,
            "pseudo_val_nll": 0.198065,
            "pseudo_val_agreement": 96.67
          },
          {
            "alpha": 0.75,
            "pseudo_val_score": -0.214805,
            "pseudo_val_nll": 0.214805,
            "pseudo_val_agreement": 95.966
          },
          {
            "alpha": 1.0,
            "pseudo_val_score": -0.233767,
            "pseudo_val_nll": 0.233767,
            "pseudo_val_agreement": 95.317
          }
        ],
        "split": {
          "novel_gated_query_count": 2848,
          "validation_count": 3694,
          "novel_validation_count": 856,
          "base_validation_count": 2838,
          "updated_class_count": 99,
          "per_class_counts": {
            "100": 19,
            "101": 10,
            "102": 11,
            "103": 30,
            "104": 1,
            "105": 30,
            "106": 20,
            "107": 23,
            "108": 28,
            "109": 30,
            "110": 27,
            "111": 32,
            "112": 22,
            "113": 30,
            "114": 27,
            "115": 7,
            "116": 36,
            "117": 40,
            "118": 32,
            "119": 26,
            "120": 28,
            "121": 28,
            "122": 42,
            "123": 24,
            "124": 32,
            "125": 25,
            "126": 33,
            "127": 24,
            "128": 38,
            "129": 16,
            "130": 30,
            "131": 39,
            "132": 37,
            "133": 28,
            "134": 28,
            "135": 51,
            "136": 8,
            "137": 28,
            "138": 29,
            "139": 30,
            "140": 34,
            "141": 22,
            "142": 41,
            "143": 23,
            "144": 20,
            "145": 42,
            "146": 28,
            "147": 29,
            "148": 29,
            "149": 29,
            "150": 22,
            "151": 30,
            "152": 37,
            "153": 30,
            "154": 29,
            "155": 33,
            "156": 32,
            "157": 30,
            "158": 31,
            "159": 30,
            "160": 27,
            "161": 25,
            "162": 31,
            "163": 30,
            "164": 26,
            "165": 27,
            "166": 20,
            "167": 32,
            "168": 26,
            "169": 28,
            "170": 28,
            "171": 30,
            "172": 51,
            "173": 29,
            "174": 30,
            "175": 34,
            "176": 36,
            "177": 25,
            "178": 6,
            "179": 36,
            "180": 30,
            "181": 32,
            "182": 37,
            "183": 23,
            "184": 29,
            "185": 31,
            "186": 20,
            "187": 30,
            "188": 33,
            "189": 28,
            "190": 27,
            "191": 31,
            "192": 29,
            "193": 30,
            "194": 40,
            "195": 32,
            "196": 25,
            "197": 29,
            "198": 24,
            "199": 31
          },
          "per_class_update_counts": {
            "100": 13,
            "101": 7,
            "102": 8,
            "103": 21,
            "104": 0,
            "105": 21,
            "106": 14,
            "107": 16,
            "108": 20,
            "109": 21,
            "110": 19,
            "111": 22,
            "112": 15,
            "113": 21,
            "114": 19,
            "115": 5,
            "116": 25,
            "117": 28,
            "118": 22,
            "119": 18,
            "120": 20,
            "121": 20,
            "122": 29,
            "123": 17,
            "124": 22,
            "125": 17,
            "126": 23,
            "127": 17,
            "128": 27,
            "129": 11,
            "130": 21,
            "131": 27,
            "132": 26,
            "133": 20,
            "134": 20,
            "135": 36,
            "136": 6,
            "137": 20,
            "138": 20,
            "139": 21,
            "140": 24,
            "141": 15,
            "142": 29,
            "143": 16,
            "144": 14,
            "145": 29,
            "146": 20,
            "147": 20,
            "148": 20,
            "149": 20,
            "150": 15,
            "151": 21,
            "152": 26,
            "153": 21,
            "154": 20,
            "155": 23,
            "156": 22,
            "157": 21,
            "158": 22,
            "159": 21,
            "160": 19,
            "161": 17,
            "162": 22,
            "163": 21,
            "164": 18,
            "165": 19,
            "166": 14,
            "167": 22,
            "168": 18,
            "169": 20,
            "170": 20,
            "171": 21,
            "172": 36,
            "173": 20,
            "174": 21,
            "175": 24,
            "176": 25,
            "177": 17,
            "178": 5,
            "179": 25,
            "180": 21,
            "181": 22,
            "182": 26,
            "183": 16,
            "184": 20,
            "185": 22,
            "186": 14,
            "187": 21,
            "188": 23,
            "189": 20,
            "190": 19,
            "191": 22,
            "192": 20,
            "193": 21,
            "194": 28,
            "195": 22,
            "196": 17,
            "197": 20,
            "198": 17,
            "199": 22
          },
          "per_class_validation_counts": {
            "100": 6,
            "101": 3,
            "102": 3,
            "103": 9,
            "104": 0,
            "105": 9,
            "106": 6,
            "107": 7,
            "108": 8,
            "109": 9,
            "110": 8,
            "111": 10,
            "112": 7,
            "113": 9,
            "114": 8,
            "115": 2,
            "116": 11,
            "117": 12,
            "118": 10,
            "119": 8,
            "120": 8,
            "121": 8,
            "122": 13,
            "123": 7,
            "124": 10,
            "125": 8,
            "126": 10,
            "127": 7,
            "128": 11,
            "129": 5,
            "130": 9,
            "131": 12,
            "132": 11,
            "133": 8,
            "134": 8,
            "135": 15,
            "136": 2,
            "137": 8,
            "138": 9,
            "139": 9,
            "140": 10,
            "141": 7,
            "142": 12,
            "143": 7,
            "144": 6,
            "145": 13,
            "146": 8,
            "147": 9,
            "148": 9,
            "149": 9,
            "150": 7,
            "151": 9,
            "152": 11,
            "153": 9,
            "154": 9,
            "155": 10,
            "156": 10,
            "157": 9,
            "158": 9,
            "159": 9,
            "160": 8,
            "161": 8,
            "162": 9,
            "163": 9,
            "164": 8,
            "165": 8,
            "166": 6,
            "167": 10,
            "168": 8,
            "169": 8,
            "170": 8,
            "171": 9,
            "172": 15,
            "173": 9,
            "174": 9,
            "175": 10,
            "176": 11,
            "177": 8,
            "178": 1,
            "179": 11,
            "180": 9,
            "181": 10,
            "182": 11,
            "183": 7,
            "184": 9,
            "185": 9,
            "186": 6,
            "187": 9,
            "188": 10,
            "189": 8,
            "190": 8,
            "191": 9,
            "192": 9,
            "193": 9,
            "194": 12,
            "195": 10,
            "196": 8,
            "197": 9,
            "198": 7,
            "199": 9
          }
        }
      }
    }
  ]
}
