/media/ndag/newVolume/BiMC-test/models/clip/clip.py:23: UserWarning: PyTorch version 1.7.1 or higher is recommended
  warnings.warn("PyTorch version 1.7.1 or higher is recommended")
manual seed: 4
use gpu: ['0']
Loading CLIP (backbone: ViT-B/16)
Prompt template:['a photo of a {}.']
Loading DinoV2 ViT-B/14 from local hub: /home/ndag/.cache/torch/hub/facebookresearch_dinov2_main
/home/ndag/.cache/torch/hub/facebookresearch_dinov2_main/dinov2/layers/swiglu_ffn.py:51: UserWarning: xFormers is not available (SwiGLU)
  warnings.warn("xFormers is not available (SwiGLU)")
/home/ndag/.cache/torch/hub/facebookresearch_dinov2_main/dinov2/layers/attention.py:36: UserWarning: xFormers is not available (Attention)
  warnings.warn("xFormers is not available (Attention)")
/home/ndag/.cache/torch/hub/facebookresearch_dinov2_main/dinov2/layers/block.py:40: UserWarning: xFormers is not available (Block)
  warnings.warn("xFormers is not available (Block)")
Loading DinoV2 weights: /home/ndag/.cache/torch/hub/checkpoints/dinov2_vitb14_pretrain.pth
class names: ['Black footed Albatross' 'Laysan Albatross' 'Sooty Albatross'
 'Groove billed Ani' 'Crested Auklet' 'Least Auklet' 'Parakeet Auklet'
 'Rhinoceros Auklet' 'Brewer Blackbird' 'Red winged Blackbird'
 'Rusty Blackbird' 'Yellow headed Blackbird' 'Bobolink' 'Indigo Bunting'
 'Lazuli Bunting' 'Painted Bunting' 'Cardinal' 'Spotted Catbird'
 'Gray Catbird' 'Yellow breasted Chat' 'Eastern Towhee' 'Chuck will Widow'
 'Brandt Cormorant' 'Red faced Cormorant' 'Pelagic Cormorant'
 'Bronzed Cowbird' 'Shiny Cowbird' 'Brown Creeper' 'American Crow'
 'Fish Crow' 'Black billed Cuckoo' 'Mangrove Cuckoo'
 'Yellow billed Cuckoo' 'Gray crowned Rosy Finch' 'Purple Finch'
 'Northern Flicker' 'Acadian Flycatcher' 'Great Crested Flycatcher'
 'Least Flycatcher' 'Olive sided Flycatcher' 'Scissor tailed Flycatcher'
 'Vermilion Flycatcher' 'Yellow bellied Flycatcher' 'Frigatebird'
 'Northern Fulmar' 'Gadwall' 'American Goldfinch' 'European Goldfinch'
 'Boat tailed Grackle' 'Eared Grebe' 'Horned Grebe' 'Pied billed Grebe'
 'Western Grebe' 'Blue Grosbeak' 'Evening Grosbeak' 'Pine Grosbeak'
 'Rose breasted Grosbeak' 'Pigeon Guillemot' 'California Gull'
 'Glaucous winged Gull' 'Heermann Gull' 'Herring Gull' 'Ivory Gull'
 'Ring billed Gull' 'Slaty backed Gull' 'Western Gull' 'Anna Hummingbird'
 'Ruby throated Hummingbird' 'Rufous Hummingbird' 'Green Violetear'
 'Long tailed Jaeger' 'Pomarine Jaeger' 'Blue Jay' 'Florida Jay'
 'Green Jay' 'Dark eyed Junco' 'Tropical Kingbird' 'Gray Kingbird'
 'Belted Kingfisher' 'Green Kingfisher' 'Pied Kingfisher'
 'Ringed Kingfisher' 'White breasted Kingfisher' 'Red legged Kittiwake'
 'Horned Lark' 'Pacific Loon' 'Mallard' 'Western Meadowlark'
 'Hooded Merganser' 'Red breasted Merganser' 'Mockingbird' 'Nighthawk'
 'Clark Nutcracker' 'White breasted Nuthatch' 'Baltimore Oriole'
 'Hooded Oriole' 'Orchard Oriole' 'Scott Oriole' 'Ovenbird'
 'Brown Pelican']
all targets:tensor([ 0,  1,  2,  3,  4,  5,  6,  7,  8,  9, 10, 11, 12, 13, 14, 15, 16, 17,
        18, 19, 20, 21, 22, 23, 24, 25, 26, 27, 28, 29, 30, 31, 32, 33, 34, 35,
        36, 37, 38, 39, 40, 41, 42, 43, 44, 45, 46, 47, 48, 49, 50, 51, 52, 53,
        54, 55, 56, 57, 58, 59, 60, 61, 62, 63, 64, 65, 66, 67, 68, 69, 70, 71,
        72, 73, 74, 75, 76, 77, 78, 79, 80, 81, 82, 83, 84, 85, 86, 87, 88, 89,
        90, 91, 92, 93, 94, 95, 96, 97, 98, 99], device='cuda:0')
dino all targets:tensor([ 0,  1,  2,  3,  4,  5,  6,  7,  8,  9, 10, 11, 12, 13, 14, 15, 16, 17,
        18, 19, 20, 21, 22, 23, 24, 25, 26, 27, 28, 29, 30, 31, 32, 33, 34, 35,
        36, 37, 38, 39, 40, 41, 42, 43, 44, 45, 46, 47, 48, 49, 50, 51, 52, 53,
        54, 55, 56, 57, 58, 59, 60, 61, 62, 63, 64, 65, 66, 67, 68, 69, 70, 71,
        72, 73, 74, 75, 76, 77, 78, 79, 80, 81, 82, 83, 84, 85, 86, 87, 88, 89,
        90, 91, 92, 93, 94, 95, 96, 97, 98, 99], device='cuda:0')
finish loading CLIP/DinoV2 covariance
class names: ['White Pelican' 'Western Wood Pewee' 'Sayornis' 'American Pipit'
 'Whip poor Will' 'Horned Puffin' 'Common Raven' 'White necked Raven'
 'American Redstart' 'Geococcyx']
all targets:tensor([100, 101, 102, 103, 104, 105, 106, 107, 108, 109], device='cuda:0')
dino all targets:tensor([100, 101, 102, 103, 104, 105, 106, 107, 108, 109], device='cuda:0')
finish loading CLIP/DinoV2 covariance
class names: ['Loggerhead Shrike' 'Great Grey Shrike' 'Baird Sparrow'
 'Black throated Sparrow' 'Brewer Sparrow' 'Chipping Sparrow'
 'Clay colored Sparrow' 'House Sparrow' 'Field Sparrow' 'Fox Sparrow']
all targets:tensor([110, 111, 112, 113, 114, 115, 116, 117, 118, 119], device='cuda:0')
dino all targets:tensor([110, 111, 112, 113, 114, 115, 116, 117, 118, 119], device='cuda:0')
finish loading CLIP/DinoV2 covariance
class names: ['Grasshopper Sparrow' 'Harris Sparrow' 'Henslow Sparrow'
 'Le Conte Sparrow' 'Lincoln Sparrow' 'Nelson Sharp tailed Sparrow'
 'Savannah Sparrow' 'Seaside Sparrow' 'Song Sparrow' 'Tree Sparrow']
all targets:tensor([120, 121, 122, 123, 124, 125, 126, 127, 128, 129], device='cuda:0')
dino all targets:tensor([120, 121, 122, 123, 124, 125, 126, 127, 128, 129], device='cuda:0')
finish loading CLIP/DinoV2 covariance
class names: ['Vesper Sparrow' 'White crowned Sparrow' 'White throated Sparrow'
 'Cape Glossy Starling' 'Bank Swallow' 'Barn Swallow' 'Cliff Swallow'
 'Tree Swallow' 'Scarlet Tanager' 'Summer Tanager']
all targets:tensor([130, 131, 132, 133, 134, 135, 136, 137, 138, 139], device='cuda:0')
dino all targets:tensor([130, 131, 132, 133, 134, 135, 136, 137, 138, 139], device='cuda:0')
finish loading CLIP/DinoV2 covariance
class names: ['Artic Tern' 'Black Tern' 'Caspian Tern' 'Common Tern' 'Elegant Tern'
 'Forsters Tern' 'Least Tern' 'Green tailed Towhee' 'Brown Thrasher'
 'Sage Thrasher']
all targets:tensor([140, 141, 142, 143, 144, 145, 146, 147, 148, 149], device='cuda:0')
dino all targets:tensor([140, 141, 142, 143, 144, 145, 146, 147, 148, 149], device='cuda:0')
finish loading CLIP/DinoV2 covariance
class names: ['Black capped Vireo' 'Blue headed Vireo' 'Philadelphia Vireo'
 'Red eyed Vireo' 'Warbling Vireo' 'White eyed Vireo'
 'Yellow throated Vireo' 'Bay breasted Warbler' 'Black and white Warbler'
 'Black throated Blue Warbler']
all targets:tensor([150, 151, 152, 153, 154, 155, 156, 157, 158, 159], device='cuda:0')
dino all targets:tensor([150, 151, 152, 153, 154, 155, 156, 157, 158, 159], device='cuda:0')
finish loading CLIP/DinoV2 covariance
class names: ['Blue winged Warbler' 'Canada Warbler' 'Cape May Warbler'
 'Cerulean Warbler' 'Chestnut sided Warbler' 'Golden winged Warbler'
 'Hooded Warbler' 'Kentucky Warbler' 'Magnolia Warbler' 'Mourning Warbler']
all targets:tensor([160, 161, 162, 163, 164, 165, 166, 167, 168, 169], device='cuda:0')
dino all targets:tensor([160, 161, 162, 163, 164, 165, 166, 167, 168, 169], device='cuda:0')
finish loading CLIP/DinoV2 covariance
class names: ['Myrtle Warbler' 'Nashville Warbler' 'Orange crowned Warbler'
 'Palm Warbler' 'Pine Warbler' 'Prairie Warbler' 'Prothonotary Warbler'
 'Swainson Warbler' 'Tennessee Warbler' 'Wilson Warbler']
all targets:tensor([170, 171, 172, 173, 174, 175, 176, 177, 178, 179], device='cuda:0')
dino all targets:tensor([170, 171, 172, 173, 174, 175, 176, 177, 178, 179], device='cuda:0')
finish loading CLIP/DinoV2 covariance
class names: ['Worm eating Warbler' 'Yellow Warbler' 'Northern Waterthrush'
 'Louisiana Waterthrush' 'Bohemian Waxwing' 'Cedar Waxwing'
 'American Three toed Woodpecker' 'Pileated Woodpecker'
 'Red bellied Woodpecker' 'Red cockaded Woodpecker']
all targets:tensor([180, 181, 182, 183, 184, 185, 186, 187, 188, 189], device='cuda:0')
dino all targets:tensor([180, 181, 182, 183, 184, 185, 186, 187, 188, 189], device='cuda:0')
finish loading CLIP/DinoV2 covariance
class names: ['Red headed Woodpecker' 'Downy Woodpecker' 'Bewick Wren' 'Cactus Wren'
 'Carolina Wren' 'House Wren' 'Marsh Wren' 'Rock Wren' 'Winter Wren'
 'Common Yellowthroat']
all targets:tensor([190, 191, 192, 193, 194, 195, 196, 197, 198, 199], device='cuda:0')
dino all targets:tensor([190, 191, 192, 193, 194, 195, 196, 197, 198, 199], device='cuda:0')
finish loading CLIP/DinoV2 covariance
session 0: baseline=88.163 final=88.163 gain=0.000
session 1: baseline=86.605 final=86.892 gain=0.286
session 2: baseline=86.152 final=86.589 gain=0.437
session 3: baseline=85.327 final=85.971 gain=0.644
session 4: baseline=85.204 final=86.122 gain=0.919
session 5: baseline=84.166 final=84.836 gain=0.670
session 6: baseline=84.655 final=85.241 gain=0.585
session 7: baseline=85.237 final=85.746 gain=0.509
session 8: baseline=84.902 final=85.536 gain=0.634
session 9: baseline=85.402 final=86.021 gain=0.619
session 10: baseline=85.520 final=86.193 gain=0.673
{
  "dataset": "cub200",
  "seed": 4,
  "train_cfg": "experiments/bmvc_1256_20260508-124032/generated_configs/bimc_dino_fusion.yaml",
  "method": "sessionwise conservative query prototype refinement on bimc_dino_fusion with pseudo-validation alpha selection",
  "runtime_sec": 240.923,
  "alpha_grid": [
    0.5,
    0.75,
    1.0
  ],
  "alpha_selection": "pseudo_validation_no_test_labels",
  "mass_thr": 0.4,
  "min_count": 5,
  "val_fraction": 0.2,
  "base_val_conf_thr": 0.5,
  "base_val_max_per_class": 50,
  "fallback_alpha": 0.75,
  "topk_per_class": null,
  "baseline_acc_list": [
    88.163,
    86.605,
    86.152,
    85.327,
    85.204,
    84.166,
    84.655,
    85.237,
    84.902,
    85.402,
    85.52
  ],
  "final_acc_list": [
    88.163,
    86.892,
    86.589,
    85.971,
    86.122,
    84.836,
    85.241,
    85.746,
    85.536,
    86.021,
    86.193
  ],
  "gain_list": [
    0.0,
    0.286,
    0.437,
    0.644,
    0.919,
    0.67,
    0.585,
    0.509,
    0.634,
    0.619,
    0.673
  ],
  "baseline_avg": 85.576,
  "baseline_pd": 2.643,
  "final_avg": 86.119,
  "final_pd": 1.97,
  "gain_avg": 0.543,
  "session_results": [
    {
      "session": 0,
      "num_seen_classes": 100,
      "baseline_full_acc": 88.163,
      "baseline_base_acc": 88.163,
      "baseline_novel_acc": 0.0,
      "best_alpha": null,
      "final_full_acc": 88.163,
      "final_base_acc": 88.163,
      "final_novel_acc": 0.0,
      "final_gain": 0.0,
      "updated_class_count": 0,
      "gated_query_count": 0,
      "alpha_selection": {
        "mode": "not_applicable_base_session",
        "selected_alpha": null
      }
    },
    {
      "session": 1,
      "num_seen_classes": 110,
      "baseline_full_acc": 86.605,
      "baseline_base_acc": 88.198,
      "baseline_novel_acc": 70.251,
      "selected_alpha": 0.5,
      "final_full_acc": 86.892,
      "final_base_acc": 88.128,
      "final_novel_acc": 74.194,
      "final_gain": 0.286,
      "updated_class_count": 9,
      "gated_query_count": 205,
      "gated_base_count": 4,
      "gated_novel_count": 201,
      "alpha_selection": {
        "mode": "pseudo_validation",
        "fallback_used": false,
        "selected_alpha": 0.5,
        "candidates": [
          {
            "alpha": 0.5,
            "pseudo_val_score": -0.087092,
            "pseudo_val_nll": 0.087092,
            "pseudo_val_agreement": 99.546
          },
          {
            "alpha": 0.75,
            "pseudo_val_score": -0.089494,
            "pseudo_val_nll": 0.089494,
            "pseudo_val_agreement": 99.407
          },
          {
            "alpha": 1.0,
            "pseudo_val_score": -0.090502,
            "pseudo_val_nll": 0.090502,
            "pseudo_val_agreement": 99.302
          }
        ],
        "split": {
          "novel_gated_query_count": 205,
          "validation_count": 2865,
          "novel_validation_count": 40,
          "base_validation_count": 2825,
          "updated_class_count": 9,
          "per_class_counts": {
            "100": 18,
            "101": 16,
            "102": 19,
            "103": 30,
            "104": 0,
            "105": 30,
            "106": 12,
            "107": 22,
            "108": 27,
            "109": 31
          },
          "per_class_update_counts": {
            "100": 14,
            "101": 13,
            "102": 15,
            "103": 24,
            "104": 0,
            "105": 24,
            "106": 10,
            "107": 18,
            "108": 22,
            "109": 25
          },
          "per_class_validation_counts": {
            "100": 4,
            "101": 3,
            "102": 4,
            "103": 6,
            "104": 0,
            "105": 6,
            "106": 2,
            "107": 4,
            "108": 5,
            "109": 6
          }
        }
      }
    },
    {
      "session": 2,
      "num_seen_classes": 120,
      "baseline_full_acc": 86.152,
      "baseline_base_acc": 88.163,
      "baseline_novel_acc": 75.972,
      "selected_alpha": 0.5,
      "final_full_acc": 86.589,
      "final_base_acc": 88.094,
      "final_novel_acc": 78.975,
      "final_gain": 0.437,
      "updated_class_count": 19,
      "gated_query_count": 491,
      "gated_base_count": 5,
      "gated_novel_count": 486,
      "alpha_selection": {
        "mode": "pseudo_validation",
        "fallback_used": false,
        "selected_alpha": 0.5,
        "candidates": [
          {
            "alpha": 0.5,
            "pseudo_val_score": -0.101773,
            "pseudo_val_nll": 0.101773,
            "pseudo_val_agreement": 98.938
          },
          {
            "alpha": 0.75,
            "pseudo_val_score": -0.10765,
            "pseudo_val_nll": 0.10765,
            "pseudo_val_agreement": 98.869
          },
          {
            "alpha": 1.0,
            "pseudo_val_score": -0.110941,
            "pseudo_val_nll": 0.110941,
            "pseudo_val_agreement": 98.766
          }
        ],
        "split": {
          "novel_gated_query_count": 491,
          "validation_count": 2918,
          "novel_validation_count": 96,
          "base_validation_count": 2822,
          "updated_class_count": 19,
          "per_class_counts": {
            "100": 18,
            "101": 15,
            "102": 20,
            "103": 30,
            "104": 0,
            "105": 30,
            "106": 12,
            "107": 22,
            "108": 27,
            "109": 31,
            "110": 27,
            "111": 32,
            "112": 25,
            "113": 31,
            "114": 32,
            "115": 31,
            "116": 35,
            "117": 29,
            "118": 14,
            "119": 30
          },
          "per_class_update_counts": {
            "100": 14,
            "101": 12,
            "102": 16,
            "103": 24,
            "104": 0,
            "105": 24,
            "106": 10,
            "107": 18,
            "108": 22,
            "109": 25,
            "110": 22,
            "111": 26,
            "112": 20,
            "113": 25,
            "114": 26,
            "115": 25,
            "116": 28,
            "117": 23,
            "118": 11,
            "119": 24
          },
          "per_class_validation_counts": {
            "100": 4,
            "101": 3,
            "102": 4,
            "103": 6,
            "104": 0,
            "105": 6,
            "106": 2,
            "107": 4,
            "108": 5,
            "109": 6,
            "110": 5,
            "111": 6,
            "112": 5,
            "113": 6,
            "114": 6,
            "115": 6,
            "116": 7,
            "117": 6,
            "118": 3,
            "119": 6
          }
        }
      }
    },
    {
      "session": 3,
      "num_seen_classes": 130,
      "baseline_full_acc": 85.327,
      "baseline_base_acc": 88.163,
      "baseline_novel_acc": 75.926,
      "selected_alpha": 0.5,
      "final_full_acc": 85.971,
      "final_base_acc": 88.094,
      "final_novel_acc": 78.935,
      "final_gain": 0.644,
      "updated_class_count": 29,
      "gated_query_count": 791,
      "gated_base_count": 5,
      "gated_novel_count": 786,
      "alpha_selection": {
        "mode": "pseudo_validation",
        "fallback_used": false,
        "selected_alpha": 0.5,
        "candidates": [
          {
            "alpha": 0.5,
            "pseudo_val_score": -0.118281,
            "pseudo_val_nll": 0.118281,
            "pseudo_val_agreement": 98.492
          },
          {
            "alpha": 0.75,
            "pseudo_val_score": -0.126636,
            "pseudo_val_nll": 0.126636,
            "pseudo_val_agreement": 98.123
          },
          {
            "alpha": 1.0,
            "pseudo_val_score": -0.133036,
            "pseudo_val_nll": 0.133036,
            "pseudo_val_agreement": 97.956
          }
        ],
        "split": {
          "novel_gated_query_count": 791,
          "validation_count": 2984,
          "novel_validation_count": 158,
          "base_validation_count": 2826,
          "updated_class_count": 29,
          "per_class_counts": {
            "100": 18,
            "101": 16,
            "102": 21,
            "103": 30,
            "104": 0,
            "105": 30,
            "106": 13,
            "107": 22,
            "108": 27,
            "109": 30,
            "110": 27,
            "111": 32,
            "112": 26,
            "113": 31,
            "114": 31,
            "115": 27,
            "116": 33,
            "117": 44,
            "118": 13,
            "119": 28,
            "120": 33,
            "121": 29,
            "122": 32,
            "123": 36,
            "124": 30,
            "125": 21,
            "126": 28,
            "127": 24,
            "128": 38,
            "129": 21
          },
          "per_class_update_counts": {
            "100": 14,
            "101": 13,
            "102": 17,
            "103": 24,
            "104": 0,
            "105": 24,
            "106": 10,
            "107": 18,
            "108": 22,
            "109": 24,
            "110": 22,
            "111": 26,
            "112": 21,
            "113": 25,
            "114": 25,
            "115": 22,
            "116": 26,
            "117": 35,
            "118": 10,
            "119": 22,
            "120": 26,
            "121": 23,
            "122": 26,
            "123": 29,
            "124": 24,
            "125": 17,
            "126": 22,
            "127": 19,
            "128": 30,
            "129": 17
          },
          "per_class_validation_counts": {
            "100": 4,
            "101": 3,
            "102": 4,
            "103": 6,
            "104": 0,
            "105": 6,
            "106": 3,
            "107": 4,
            "108": 5,
            "109": 6,
            "110": 5,
            "111": 6,
            "112": 5,
            "113": 6,
            "114": 6,
            "115": 5,
            "116": 7,
            "117": 9,
            "118": 3,
            "119": 6,
            "120": 7,
            "121": 6,
            "122": 6,
            "123": 7,
            "124": 6,
            "125": 4,
            "126": 6,
            "127": 5,
            "128": 8,
            "129": 4
          }
        }
      }
    },
    {
      "session": 4,
      "num_seen_classes": 140,
      "baseline_full_acc": 85.204,
      "baseline_base_acc": 88.024,
      "baseline_novel_acc": 78.265,
      "selected_alpha": 0.5,
      "final_full_acc": 86.122,
      "final_base_acc": 87.954,
      "final_novel_acc": 81.615,
      "final_gain": 0.919,
      "updated_class_count": 39,
      "gated_query_count": 1085,
      "gated_base_count": 6,
      "gated_novel_count": 1079,
      "alpha_selection": {
        "mode": "pseudo_validation",
        "fallback_used": false,
        "selected_alpha": 0.5,
        "candidates": [
          {
            "alpha": 0.5,
            "pseudo_val_score": -0.133706,
            "pseudo_val_nll": 0.133706,
            "pseudo_val_agreement": 97.969
          },
          {
            "alpha": 0.75,
            "pseudo_val_score": -0.146037,
            "pseudo_val_nll": 0.146037,
            "pseudo_val_agreement": 97.543
          },
          {
            "alpha": 1.0,
            "pseudo_val_score": -0.15647,
            "pseudo_val_nll": 0.15647,
            "pseudo_val_agreement": 97.28
          }
        ],
        "split": {
          "novel_gated_query_count": 1085,
          "validation_count": 3052,
          "novel_validation_count": 216,
          "base_validation_count": 2836,
          "updated_class_count": 39,
          "per_class_counts": {
            "100": 18,
            "101": 16,
            "102": 21,
            "103": 30,
            "104": 0,
            "105": 30,
            "106": 13,
            "107": 22,
            "108": 27,
            "109": 30,
            "110": 27,
            "111": 32,
            "112": 27,
            "113": 32,
            "114": 31,
            "115": 24,
            "116": 32,
            "117": 45,
            "118": 13,
            "119": 28,
            "120": 34,
            "121": 29,
            "122": 32,
            "123": 36,
            "124": 29,
            "125": 21,
            "126": 37,
            "127": 24,
            "128": 40,
            "129": 19,
            "130": 18,
            "131": 39,
            "132": 26,
            "133": 29,
            "134": 27,
            "135": 29,
            "136": 30,
            "137": 29,
            "138": 29,
            "139": 30
          },
          "per_class_update_counts": {
            "100": 14,
            "101": 13,
            "102": 17,
            "103": 24,
            "104": 0,
            "105": 24,
            "106": 10,
            "107": 18,
            "108": 22,
            "109": 24,
            "110": 22,
            "111": 26,
            "112": 22,
            "113": 26,
            "114": 25,
            "115": 19,
            "116": 26,
            "117": 36,
            "118": 10,
            "119": 22,
            "120": 27,
            "121": 23,
            "122": 26,
            "123": 29,
            "124": 23,
            "125": 17,
            "126": 30,
            "127": 19,
            "128": 32,
            "129": 15,
            "130": 14,
            "131": 31,
            "132": 21,
            "133": 23,
            "134": 22,
            "135": 23,
            "136": 24,
            "137": 23,
            "138": 23,
            "139": 24
          },
          "per_class_validation_counts": {
            "100": 4,
            "101": 3,
            "102": 4,
            "103": 6,
            "104": 0,
            "105": 6,
            "106": 3,
            "107": 4,
            "108": 5,
            "109": 6,
            "110": 5,
            "111": 6,
            "112": 5,
            "113": 6,
            "114": 6,
            "115": 5,
            "116": 6,
            "117": 9,
            "118": 3,
            "119": 6,
            "120": 7,
            "121": 6,
            "122": 6,
            "123": 7,
            "124": 6,
            "125": 4,
            "126": 7,
            "127": 5,
            "128": 8,
            "129": 4,
            "130": 4,
            "131": 8,
            "132": 5,
            "133": 6,
            "134": 5,
            "135": 6,
            "136": 6,
            "137": 6,
            "138": 6,
            "139": 6
          }
        }
      }
    },
    {
      "session": 5,
      "num_seen_classes": 150,
      "baseline_full_acc": 84.166,
      "baseline_base_acc": 88.094,
      "baseline_novel_acc": 76.471,
      "selected_alpha": 0.5,
      "final_full_acc": 84.836,
      "final_base_acc": 88.024,
      "final_novel_acc": 78.591,
      "final_gain": 0.67,
      "updated_class_count": 49,
      "gated_query_count": 1384,
      "gated_base_count": 8,
      "gated_novel_count": 1376,
      "alpha_selection": {
        "mode": "pseudo_validation",
        "fallback_used": false,
        "selected_alpha": 0.5,
        "candidates": [
          {
            "alpha": 0.5,
            "pseudo_val_score": -0.151034,
            "pseudo_val_nll": 0.151034,
            "pseudo_val_agreement": 97.365
          },
          {
            "alpha": 0.75,
            "pseudo_val_score": -0.168344,
            "pseudo_val_nll": 0.168344,
            "pseudo_val_agreement": 96.915
          },
          {
            "alpha": 1.0,
            "pseudo_val_score": -0.18408,
            "pseudo_val_nll": 0.18408,
            "pseudo_val_agreement": 96.594
          }
        ],
        "split": {
          "novel_gated_query_count": 1384,
          "validation_count": 3112,
          "novel_validation_count": 278,
          "base_validation_count": 2834,
          "updated_class_count": 49,
          "per_class_counts": {
            "100": 18,
            "101": 16,
            "102": 21,
            "103": 30,
            "104": 0,
            "105": 30,
            "106": 13,
            "107": 22,
            "108": 27,
            "109": 30,
            "110": 27,
            "111": 32,
            "112": 27,
            "113": 32,
            "114": 31,
            "115": 24,
            "116": 32,
            "117": 45,
            "118": 13,
            "119": 28,
            "120": 34,
            "121": 29,
            "122": 32,
            "123": 36,
            "124": 29,
            "125": 21,
            "126": 37,
            "127": 24,
            "128": 40,
            "129": 19,
            "130": 18,
            "131": 39,
            "132": 26,
            "133": 29,
            "134": 27,
            "135": 29,
            "136": 30,
            "137": 29,
            "138": 29,
            "139": 30,
            "140": 30,
            "141": 18,
            "142": 25,
            "143": 43,
            "144": 33,
            "145": 23,
            "146": 38,
            "147": 30,
            "148": 30,
            "149": 29
          },
          "per_class_update_counts": {
            "100": 14,
            "101": 13,
            "102": 17,
            "103": 24,
            "104": 0,
            "105": 24,
            "106": 10,
            "107": 18,
            "108": 22,
            "109": 24,
            "110": 22,
            "111": 26,
            "112": 22,
            "113": 26,
            "114": 25,
            "115": 19,
            "116": 26,
            "117": 36,
            "118": 10,
            "119": 22,
            "120": 27,
            "121": 23,
            "122": 26,
            "123": 29,
            "124": 23,
            "125": 17,
            "126": 30,
            "127": 19,
            "128": 32,
            "129": 15,
            "130": 14,
            "131": 31,
            "132": 21,
            "133": 23,
            "134": 22,
            "135": 23,
            "136": 24,
            "137": 23,
            "138": 23,
            "139": 24,
            "140": 24,
            "141": 14,
            "142": 20,
            "143": 34,
            "144": 26,
            "145": 18,
            "146": 30,
            "147": 24,
            "148": 24,
            "149": 23
          },
          "per_class_validation_counts": {
            "100": 4,
            "101": 3,
            "102": 4,
            "103": 6,
            "104": 0,
            "105": 6,
            "106": 3,
            "107": 4,
            "108": 5,
            "109": 6,
            "110": 5,
            "111": 6,
            "112": 5,
            "113": 6,
            "114": 6,
            "115": 5,
            "116": 6,
            "117": 9,
            "118": 3,
            "119": 6,
            "120": 7,
            "121": 6,
            "122": 6,
            "123": 7,
            "124": 6,
            "125": 4,
            "126": 7,
            "127": 5,
            "128": 8,
            "129": 4,
            "130": 4,
            "131": 8,
            "132": 5,
            "133": 6,
            "134": 5,
            "135": 6,
            "136": 6,
            "137": 6,
            "138": 6,
            "139": 6,
            "140": 6,
            "141": 4,
            "142": 5,
            "143": 9,
            "144": 7,
            "145": 5,
            "146": 8,
            "147": 6,
            "148": 6,
            "149": 6
          }
        }
      }
    },
    {
      "session": 6,
      "num_seen_classes": 160,
      "baseline_full_acc": 84.655,
      "baseline_base_acc": 87.954,
      "baseline_novel_acc": 79.257,
      "selected_alpha": 0.5,
      "final_full_acc": 85.241,
      "final_base_acc": 87.884,
      "final_novel_acc": 80.914,
      "final_gain": 0.585,
      "updated_class_count": 59,
      "gated_query_count": 1677,
      "gated_base_count": 13,
      "gated_novel_count": 1664,
      "alpha_selection": {
        "mode": "pseudo_validation",
        "fallback_used": false,
        "selected_alpha": 0.5,
        "candidates": [
          {
            "alpha": 0.5,
            "pseudo_val_score": -0.162776,
            "pseudo_val_nll": 0.162776,
            "pseudo_val_agreement": 97.16
          },
          {
            "alpha": 0.75,
            "pseudo_val_score": -0.182895,
            "pseudo_val_nll": 0.182895,
            "pseudo_val_agreement": 96.624
          },
          {
            "alpha": 1.0,
            "pseudo_val_score": -0.200927,
            "pseudo_val_nll": 0.200927,
            "pseudo_val_agreement": 96.213
          }
        ],
        "split": {
          "novel_gated_query_count": 1677,
          "validation_count": 3169,
          "novel_validation_count": 337,
          "base_validation_count": 2832,
          "updated_class_count": 59,
          "per_class_counts": {
            "100": 18,
            "101": 16,
            "102": 21,
            "103": 30,
            "104": 0,
            "105": 30,
            "106": 13,
            "107": 22,
            "108": 27,
            "109": 30,
            "110": 27,
            "111": 32,
            "112": 27,
            "113": 31,
            "114": 31,
            "115": 24,
            "116": 32,
            "117": 45,
            "118": 13,
            "119": 28,
            "120": 34,
            "121": 29,
            "122": 32,
            "123": 36,
            "124": 29,
            "125": 21,
            "126": 37,
            "127": 24,
            "128": 40,
            "129": 19,
            "130": 18,
            "131": 39,
            "132": 26,
            "133": 29,
            "134": 27,
            "135": 29,
            "136": 30,
            "137": 29,
            "138": 29,
            "139": 30,
            "140": 30,
            "141": 18,
            "142": 25,
            "143": 43,
            "144": 33,
            "145": 23,
            "146": 38,
            "147": 30,
            "148": 30,
            "149": 29,
            "150": 20,
            "151": 30,
            "152": 31,
            "153": 28,
            "154": 31,
            "155": 33,
            "156": 31,
            "157": 30,
            "158": 30,
            "159": 30
          },
          "per_class_update_counts": {
            "100": 14,
            "101": 13,
            "102": 17,
            "103": 24,
            "104": 0,
            "105": 24,
            "106": 10,
            "107": 18,
            "108": 22,
            "109": 24,
            "110": 22,
            "111": 26,
            "112": 22,
            "113": 25,
            "114": 25,
            "115": 19,
            "116": 26,
            "117": 36,
            "118": 10,
            "119": 22,
            "120": 27,
            "121": 23,
            "122": 26,
            "123": 29,
            "124": 23,
            "125": 17,
            "126": 30,
            "127": 19,
            "128": 32,
            "129": 15,
            "130": 14,
            "131": 31,
            "132": 21,
            "133": 23,
            "134": 22,
            "135": 23,
            "136": 24,
            "137": 23,
            "138": 23,
            "139": 24,
            "140": 24,
            "141": 14,
            "142": 20,
            "143": 34,
            "144": 26,
            "145": 18,
            "146": 30,
            "147": 24,
            "148": 24,
            "149": 23,
            "150": 16,
            "151": 24,
            "152": 25,
            "153": 22,
            "154": 25,
            "155": 26,
            "156": 25,
            "157": 24,
            "158": 24,
            "159": 24
          },
          "per_class_validation_counts": {
            "100": 4,
            "101": 3,
            "102": 4,
            "103": 6,
            "104": 0,
            "105": 6,
            "106": 3,
            "107": 4,
            "108": 5,
            "109": 6,
            "110": 5,
            "111": 6,
            "112": 5,
            "113": 6,
            "114": 6,
            "115": 5,
            "116": 6,
            "117": 9,
            "118": 3,
            "119": 6,
            "120": 7,
            "121": 6,
            "122": 6,
            "123": 7,
            "124": 6,
            "125": 4,
            "126": 7,
            "127": 5,
            "128": 8,
            "129": 4,
            "130": 4,
            "131": 8,
            "132": 5,
            "133": 6,
            "134": 5,
            "135": 6,
            "136": 6,
            "137": 6,
            "138": 6,
            "139": 6,
            "140": 6,
            "141": 4,
            "142": 5,
            "143": 9,
            "144": 7,
            "145": 5,
            "146": 8,
            "147": 6,
            "148": 6,
            "149": 6,
            "150": 4,
            "151": 6,
            "152": 6,
            "153": 6,
            "154": 6,
            "155": 7,
            "156": 6,
            "157": 6,
            "158": 6,
            "159": 6
          }
        }
      }
    },
    {
      "session": 7,
      "num_seen_classes": 170,
      "baseline_full_acc": 85.237,
      "baseline_base_acc": 87.884,
      "baseline_novel_acc": 81.534,
      "selected_alpha": 0.5,
      "final_full_acc": 85.746,
      "final_base_acc": 87.814,
      "final_novel_acc": 82.853,
      "final_gain": 0.509,
      "updated_class_count": 69,
      "gated_query_count": 1977,
      "gated_base_count": 15,
      "gated_novel_count": 1962,
      "alpha_selection": {
        "mode": "pseudo_validation",
        "fallback_used": false,
        "selected_alpha": 0.5,
        "candidates": [
          {
            "alpha": 0.5,
            "pseudo_val_score": -0.169042,
            "pseudo_val_nll": 0.169042,
            "pseudo_val_agreement": 96.96
          },
          {
            "alpha": 0.75,
            "pseudo_val_score": -0.191362,
            "pseudo_val_nll": 0.191362,
            "pseudo_val_agreement": 96.402
          },
          {
            "alpha": 1.0,
            "pseudo_val_score": -0.211611,
            "pseudo_val_nll": 0.211611,
            "pseudo_val_agreement": 95.999
          }
        ],
        "split": {
          "novel_gated_query_count": 1977,
          "validation_count": 3224,
          "novel_validation_count": 396,
          "base_validation_count": 2828,
          "updated_class_count": 69,
          "per_class_counts": {
            "100": 18,
            "101": 16,
            "102": 21,
            "103": 30,
            "104": 0,
            "105": 30,
            "106": 13,
            "107": 22,
            "108": 27,
            "109": 30,
            "110": 27,
            "111": 32,
            "112": 27,
            "113": 31,
            "114": 31,
            "115": 24,
            "116": 32,
            "117": 45,
            "118": 13,
            "119": 28,
            "120": 34,
            "121": 29,
            "122": 32,
            "123": 36,
            "124": 29,
            "125": 21,
            "126": 37,
            "127": 24,
            "128": 40,
            "129": 19,
            "130": 18,
            "131": 39,
            "132": 26,
            "133": 29,
            "134": 27,
            "135": 29,
            "136": 30,
            "137": 29,
            "138": 29,
            "139": 30,
            "140": 30,
            "141": 18,
            "142": 25,
            "143": 43,
            "144": 33,
            "145": 23,
            "146": 38,
            "147": 30,
            "148": 30,
            "149": 29,
            "150": 20,
            "151": 30,
            "152": 34,
            "153": 29,
            "154": 31,
            "155": 37,
            "156": 30,
            "157": 31,
            "158": 30,
            "159": 30,
            "160": 31,
            "161": 31,
            "162": 32,
            "163": 30,
            "164": 27,
            "165": 28,
            "166": 28,
            "167": 30,
            "168": 28,
            "169": 27
          },
          "per_class_update_counts": {
            "100": 14,
            "101": 13,
            "102": 17,
            "103": 24,
            "104": 0,
            "105": 24,
            "106": 10,
            "107": 18,
            "108": 22,
            "109": 24,
            "110": 22,
            "111": 26,
            "112": 22,
            "113": 25,
            "114": 25,
            "115": 19,
            "116": 26,
            "117": 36,
            "118": 10,
            "119": 22,
            "120": 27,
            "121": 23,
            "122": 26,
            "123": 29,
            "124": 23,
            "125": 17,
            "126": 30,
            "127": 19,
            "128": 32,
            "129": 15,
            "130": 14,
            "131": 31,
            "132": 21,
            "133": 23,
            "134": 22,
            "135": 23,
            "136": 24,
            "137": 23,
            "138": 23,
            "139": 24,
            "140": 24,
            "141": 14,
            "142": 20,
            "143": 34,
            "144": 26,
            "145": 18,
            "146": 30,
            "147": 24,
            "148": 24,
            "149": 23,
            "150": 16,
            "151": 24,
            "152": 27,
            "153": 23,
            "154": 25,
            "155": 30,
            "156": 24,
            "157": 25,
            "158": 24,
            "159": 24,
            "160": 25,
            "161": 25,
            "162": 26,
            "163": 24,
            "164": 22,
            "165": 22,
            "166": 22,
            "167": 24,
            "168": 22,
            "169": 22
          },
          "per_class_validation_counts": {
            "100": 4,
            "101": 3,
            "102": 4,
            "103": 6,
            "104": 0,
            "105": 6,
            "106": 3,
            "107": 4,
            "108": 5,
            "109": 6,
            "110": 5,
            "111": 6,
            "112": 5,
            "113": 6,
            "114": 6,
            "115": 5,
            "116": 6,
            "117": 9,
            "118": 3,
            "119": 6,
            "120": 7,
            "121": 6,
            "122": 6,
            "123": 7,
            "124": 6,
            "125": 4,
            "126": 7,
            "127": 5,
            "128": 8,
            "129": 4,
            "130": 4,
            "131": 8,
            "132": 5,
            "133": 6,
            "134": 5,
            "135": 6,
            "136": 6,
            "137": 6,
            "138": 6,
            "139": 6,
            "140": 6,
            "141": 4,
            "142": 5,
            "143": 9,
            "144": 7,
            "145": 5,
            "146": 8,
            "147": 6,
            "148": 6,
            "149": 6,
            "150": 4,
            "151": 6,
            "152": 7,
            "153": 6,
            "154": 6,
            "155": 7,
            "156": 6,
            "157": 6,
            "158": 6,
            "159": 6,
            "160": 6,
            "161": 6,
            "162": 6,
            "163": 6,
            "164": 5,
            "165": 6,
            "166": 6,
            "167": 6,
            "168": 6,
            "169": 5
          }
        }
      }
    },
    {
      "session": 8,
      "num_seen_classes": 180,
      "baseline_full_acc": 84.902,
      "baseline_base_acc": 87.954,
      "baseline_novel_acc": 81.17,
      "selected_alpha": 0.5,
      "final_full_acc": 85.536,
      "final_base_acc": 87.884,
      "final_novel_acc": 82.664,
      "final_gain": 0.634,
      "updated_class_count": 79,
      "gated_query_count": 2270,
      "gated_base_count": 17,
      "gated_novel_count": 2253,
      "alpha_selection": {
        "mode": "pseudo_validation",
        "fallback_used": false,
        "selected_alpha": 0.5,
        "candidates": [
          {
            "alpha": 0.5,
            "pseudo_val_score": -0.17533,
            "pseudo_val_nll": 0.17533,
            "pseudo_val_agreement": 96.647
          },
          {
            "alpha": 0.75,
            "pseudo_val_score": -0.198226,
            "pseudo_val_nll": 0.198226,
            "pseudo_val_agreement": 95.977
          },
          {
            "alpha": 1.0,
            "pseudo_val_score": -0.22098,
            "pseudo_val_nll": 0.22098,
            "pseudo_val_agreement": 95.642
          }
        ],
        "split": {
          "novel_gated_query_count": 2270,
          "validation_count": 3281,
          "novel_validation_count": 456,
          "base_validation_count": 2825,
          "updated_class_count": 79,
          "per_class_counts": {
            "100": 18,
            "101": 16,
            "102": 21,
            "103": 30,
            "104": 0,
            "105": 30,
            "106": 13,
            "107": 22,
            "108": 28,
            "109": 30,
            "110": 27,
            "111": 32,
            "112": 27,
            "113": 31,
            "114": 31,
            "115": 24,
            "116": 32,
            "117": 45,
            "118": 14,
            "119": 28,
            "120": 34,
            "121": 29,
            "122": 32,
            "123": 36,
            "124": 29,
            "125": 21,
            "126": 37,
            "127": 24,
            "128": 40,
            "129": 19,
            "130": 18,
            "131": 39,
            "132": 26,
            "133": 29,
            "134": 27,
            "135": 29,
            "136": 30,
            "137": 29,
            "138": 29,
            "139": 30,
            "140": 30,
            "141": 18,
            "142": 25,
            "143": 43,
            "144": 33,
            "145": 23,
            "146": 38,
            "147": 29,
            "148": 29,
            "149": 29,
            "150": 20,
            "151": 31,
            "152": 33,
            "153": 30,
            "154": 33,
            "155": 37,
            "156": 26,
            "157": 28,
            "158": 30,
            "159": 29,
            "160": 27,
            "161": 28,
            "162": 30,
            "163": 29,
            "164": 27,
            "165": 28,
            "166": 21,
            "167": 30,
            "168": 24,
            "169": 27,
            "170": 29,
            "171": 37,
            "172": 37,
            "173": 30,
            "174": 42,
            "175": 36,
            "176": 33,
            "177": 26,
            "178": 13,
            "179": 36
          },
          "per_class_update_counts": {
            "100": 14,
            "101": 13,
            "102": 17,
            "103": 24,
            "104": 0,
            "105": 24,
            "106": 10,
            "107": 18,
            "108": 22,
            "109": 24,
            "110": 22,
            "111": 26,
            "112": 22,
            "113": 25,
            "114": 25,
            "115": 19,
            "116": 26,
            "117": 36,
            "118": 11,
            "119": 22,
            "120": 27,
            "121": 23,
            "122": 26,
            "123": 29,
            "124": 23,
            "125": 17,
            "126": 30,
            "127": 19,
            "128": 32,
            "129": 15,
            "130": 14,
            "131": 31,
            "132": 21,
            "133": 23,
            "134": 22,
            "135": 23,
            "136": 24,
            "137": 23,
            "138": 23,
            "139": 24,
            "140": 24,
            "141": 14,
            "142": 20,
            "143": 34,
            "144": 26,
            "145": 18,
            "146": 30,
            "147": 23,
            "148": 23,
            "149": 23,
            "150": 16,
            "151": 25,
            "152": 26,
            "153": 24,
            "154": 26,
            "155": 30,
            "156": 21,
            "157": 22,
            "158": 24,
            "159": 23,
            "160": 22,
            "161": 22,
            "162": 24,
            "163": 23,
            "164": 22,
            "165": 22,
            "166": 17,
            "167": 24,
            "168": 19,
            "169": 22,
            "170": 23,
            "171": 30,
            "172": 30,
            "173": 24,
            "174": 34,
            "175": 29,
            "176": 26,
            "177": 21,
            "178": 10,
            "179": 29
          },
          "per_class_validation_counts": {
            "100": 4,
            "101": 3,
            "102": 4,
            "103": 6,
            "104": 0,
            "105": 6,
            "106": 3,
            "107": 4,
            "108": 6,
            "109": 6,
            "110": 5,
            "111": 6,
            "112": 5,
            "113": 6,
            "114": 6,
            "115": 5,
            "116": 6,
            "117": 9,
            "118": 3,
            "119": 6,
            "120": 7,
            "121": 6,
            "122": 6,
            "123": 7,
            "124": 6,
            "125": 4,
            "126": 7,
            "127": 5,
            "128": 8,
            "129": 4,
            "130": 4,
            "131": 8,
            "132": 5,
            "133": 6,
            "134": 5,
            "135": 6,
            "136": 6,
            "137": 6,
            "138": 6,
            "139": 6,
            "140": 6,
            "141": 4,
            "142": 5,
            "143": 9,
            "144": 7,
            "145": 5,
            "146": 8,
            "147": 6,
            "148": 6,
            "149": 6,
            "150": 4,
            "151": 6,
            "152": 7,
            "153": 6,
            "154": 7,
            "155": 7,
            "156": 5,
            "157": 6,
            "158": 6,
            "159": 6,
            "160": 5,
            "161": 6,
            "162": 6,
            "163": 6,
            "164": 5,
            "165": 6,
            "166": 4,
            "167": 6,
            "168": 5,
            "169": 5,
            "170": 6,
            "171": 7,
            "172": 7,
            "173": 6,
            "174": 8,
            "175": 7,
            "176": 7,
            "177": 5,
            "178": 3,
            "179": 7
          }
        }
      }
    },
    {
      "session": 9,
      "num_seen_classes": 190,
      "baseline_full_acc": 85.402,
      "baseline_base_acc": 87.954,
      "baseline_novel_acc": 82.624,
      "selected_alpha": 0.5,
      "final_full_acc": 86.021,
      "final_base_acc": 87.884,
      "final_novel_acc": 83.992,
      "final_gain": 0.619,
      "updated_class_count": 89,
      "gated_query_count": 2558,
      "gated_base_count": 17,
      "gated_novel_count": 2541,
      "alpha_selection": {
        "mode": "pseudo_validation",
        "fallback_used": false,
        "selected_alpha": 0.5,
        "candidates": [
          {
            "alpha": 0.5,
            "pseudo_val_score": -0.181569,
            "pseudo_val_nll": 0.181569,
            "pseudo_val_agreement": 96.56
          },
          {
            "alpha": 0.75,
            "pseudo_val_score": -0.204597,
            "pseudo_val_nll": 0.204597,
            "pseudo_val_agreement": 95.932
          },
          {
            "alpha": 1.0,
            "pseudo_val_score": -0.226979,
            "pseudo_val_nll": 0.226979,
            "pseudo_val_agreement": 95.573
          }
        ],
        "split": {
          "novel_gated_query_count": 2558,
          "validation_count": 3343,
          "novel_validation_count": 515,
          "base_validation_count": 2828,
          "updated_class_count": 89,
          "per_class_counts": {
            "100": 18,
            "101": 16,
            "102": 21,
            "103": 30,
            "104": 0,
            "105": 30,
            "106": 13,
            "107": 22,
            "108": 28,
            "109": 30,
            "110": 27,
            "111": 32,
            "112": 27,
            "113": 31,
            "114": 31,
            "115": 24,
            "116": 32,
            "117": 45,
            "118": 13,
            "119": 28,
            "120": 34,
            "121": 29,
            "122": 32,
            "123": 36,
            "124": 29,
            "125": 21,
            "126": 37,
            "127": 24,
            "128": 40,
            "129": 19,
            "130": 18,
            "131": 39,
            "132": 26,
            "133": 29,
            "134": 27,
            "135": 29,
            "136": 30,
            "137": 29,
            "138": 29,
            "139": 30,
            "140": 30,
            "141": 18,
            "142": 25,
            "143": 43,
            "144": 33,
            "145": 23,
            "146": 38,
            "147": 29,
            "148": 29,
            "149": 29,
            "150": 20,
            "151": 31,
            "152": 33,
            "153": 30,
            "154": 33,
            "155": 37,
            "156": 26,
            "157": 28,
            "158": 30,
            "159": 29,
            "160": 27,
            "161": 28,
            "162": 30,
            "163": 29,
            "164": 27,
            "165": 28,
            "166": 21,
            "167": 30,
            "168": 24,
            "169": 27,
            "170": 29,
            "171": 37,
            "172": 37,
            "173": 30,
            "174": 43,
            "175": 36,
            "176": 33,
            "177": 27,
            "178": 13,
            "179": 40,
            "180": 29,
            "181": 25,
            "182": 37,
            "183": 23,
            "184": 29,
            "185": 31,
            "186": 21,
            "187": 30,
            "188": 30,
            "189": 28
          },
          "per_class_update_counts": {
            "100": 14,
            "101": 13,
            "102": 17,
            "103": 24,
            "104": 0,
            "105": 24,
            "106": 10,
            "107": 18,
            "108": 22,
            "109": 24,
            "110": 22,
            "111": 26,
            "112": 22,
            "113": 25,
            "114": 25,
            "115": 19,
            "116": 26,
            "117": 36,
            "118": 10,
            "119": 22,
            "120": 27,
            "121": 23,
            "122": 26,
            "123": 29,
            "124": 23,
            "125": 17,
            "126": 30,
            "127": 19,
            "128": 32,
            "129": 15,
            "130": 14,
            "131": 31,
            "132": 21,
            "133": 23,
            "134": 22,
            "135": 23,
            "136": 24,
            "137": 23,
            "138": 23,
            "139": 24,
            "140": 24,
            "141": 14,
            "142": 20,
            "143": 34,
            "144": 26,
            "145": 18,
            "146": 30,
            "147": 23,
            "148": 23,
            "149": 23,
            "150": 16,
            "151": 25,
            "152": 26,
            "153": 24,
            "154": 26,
            "155": 30,
            "156": 21,
            "157": 22,
            "158": 24,
            "159": 23,
            "160": 22,
            "161": 22,
            "162": 24,
            "163": 23,
            "164": 22,
            "165": 22,
            "166": 17,
            "167": 24,
            "168": 19,
            "169": 22,
            "170": 23,
            "171": 30,
            "172": 30,
            "173": 24,
            "174": 34,
            "175": 29,
            "176": 26,
            "177": 22,
            "178": 10,
            "179": 32,
            "180": 23,
            "181": 20,
            "182": 30,
            "183": 18,
            "184": 23,
            "185": 25,
            "186": 17,
            "187": 24,
            "188": 24,
            "189": 22
          },
          "per_class_validation_counts": {
            "100": 4,
            "101": 3,
            "102": 4,
            "103": 6,
            "104": 0,
            "105": 6,
            "106": 3,
            "107": 4,
            "108": 6,
            "109": 6,
            "110": 5,
            "111": 6,
            "112": 5,
            "113": 6,
            "114": 6,
            "115": 5,
            "116": 6,
            "117": 9,
            "118": 3,
            "119": 6,
            "120": 7,
            "121": 6,
            "122": 6,
            "123": 7,
            "124": 6,
            "125": 4,
            "126": 7,
            "127": 5,
            "128": 8,
            "129": 4,
            "130": 4,
            "131": 8,
            "132": 5,
            "133": 6,
            "134": 5,
            "135": 6,
            "136": 6,
            "137": 6,
            "138": 6,
            "139": 6,
            "140": 6,
            "141": 4,
            "142": 5,
            "143": 9,
            "144": 7,
            "145": 5,
            "146": 8,
            "147": 6,
            "148": 6,
            "149": 6,
            "150": 4,
            "151": 6,
            "152": 7,
            "153": 6,
            "154": 7,
            "155": 7,
            "156": 5,
            "157": 6,
            "158": 6,
            "159": 6,
            "160": 5,
            "161": 6,
            "162": 6,
            "163": 6,
            "164": 5,
            "165": 6,
            "166": 4,
            "167": 6,
            "168": 5,
            "169": 5,
            "170": 6,
            "171": 7,
            "172": 7,
            "173": 6,
            "174": 9,
            "175": 7,
            "176": 7,
            "177": 5,
            "178": 3,
            "179": 8,
            "180": 6,
            "181": 5,
            "182": 7,
            "183": 5,
            "184": 6,
            "185": 6,
            "186": 4,
            "187": 6,
            "188": 6,
            "189": 6
          }
        }
      }
    },
    {
      "session": 10,
      "num_seen_classes": 200,
      "baseline_full_acc": 85.52,
      "baseline_base_acc": 87.849,
      "baseline_novel_acc": 83.242,
      "selected_alpha": 0.5,
      "final_full_acc": 86.193,
      "final_base_acc": 87.779,
      "final_novel_acc": 84.642,
      "final_gain": 0.673,
      "updated_class_count": 99,
      "gated_query_count": 2857,
      "gated_base_count": 17,
      "gated_novel_count": 2840,
      "alpha_selection": {
        "mode": "pseudo_validation",
        "fallback_used": false,
        "selected_alpha": 0.5,
        "candidates": [
          {
            "alpha": 0.5,
            "pseudo_val_score": -0.189079,
            "pseudo_val_nll": 0.189079,
            "pseudo_val_agreement": 96.329
          },
          {
            "alpha": 0.75,
            "pseudo_val_score": -0.213392,
            "pseudo_val_nll": 0.213392,
            "pseudo_val_agreement": 95.565
          },
          {
            "alpha": 1.0,
            "pseudo_val_score": -0.237413,
            "pseudo_val_nll": 0.237413,
            "pseudo_val_agreement": 95.213
          }
        ],
        "split": {
          "novel_gated_query_count": 2857,
          "validation_count": 3405,
          "novel_validation_count": 575,
          "base_validation_count": 2830,
          "updated_class_count": 99,
          "per_class_counts": {
            "100": 18,
            "101": 16,
            "102": 21,
            "103": 30,
            "104": 0,
            "105": 30,
            "106": 13,
            "107": 22,
            "108": 28,
            "109": 30,
            "110": 27,
            "111": 32,
            "112": 27,
            "113": 31,
            "114": 31,
            "115": 24,
            "116": 32,
            "117": 45,
            "118": 14,
            "119": 28,
            "120": 34,
            "121": 29,
            "122": 32,
            "123": 36,
            "124": 29,
            "125": 21,
            "126": 37,
            "127": 24,
            "128": 41,
            "129": 19,
            "130": 18,
            "131": 39,
            "132": 26,
            "133": 29,
            "134": 27,
            "135": 29,
            "136": 30,
            "137": 29,
            "138": 29,
            "139": 30,
            "140": 30,
            "141": 18,
            "142": 25,
            "143": 43,
            "144": 33,
            "145": 23,
            "146": 38,
            "147": 29,
            "148": 29,
            "149": 28,
            "150": 20,
            "151": 31,
            "152": 33,
            "153": 30,
            "154": 33,
            "155": 37,
            "156": 26,
            "157": 28,
            "158": 30,
            "159": 29,
            "160": 27,
            "161": 28,
            "162": 30,
            "163": 29,
            "164": 27,
            "165": 28,
            "166": 21,
            "167": 28,
            "168": 24,
            "169": 27,
            "170": 29,
            "171": 37,
            "172": 38,
            "173": 30,
            "174": 43,
            "175": 36,
            "176": 33,
            "177": 26,
            "178": 13,
            "179": 40,
            "180": 28,
            "181": 25,
            "182": 37,
            "183": 23,
            "184": 29,
            "185": 31,
            "186": 20,
            "187": 30,
            "188": 33,
            "189": 25,
            "190": 27,
            "191": 34,
            "192": 27,
            "193": 30,
            "194": 40,
            "195": 35,
            "196": 27,
            "197": 29,
            "198": 21,
            "199": 32
          },
          "per_class_update_counts": {
            "100": 14,
            "101": 13,
            "102": 17,
            "103": 24,
            "104": 0,
            "105": 24,
            "106": 10,
            "107": 18,
            "108": 22,
            "109": 24,
            "110": 22,
            "111": 26,
            "112": 22,
            "113": 25,
            "114": 25,
            "115": 19,
            "116": 26,
            "117": 36,
            "118": 11,
            "119": 22,
            "120": 27,
            "121": 23,
            "122": 26,
            "123": 29,
            "124": 23,
            "125": 17,
            "126": 30,
            "127": 19,
            "128": 33,
            "129": 15,
            "130": 14,
            "131": 31,
            "132": 21,
            "133": 23,
            "134": 22,
            "135": 23,
            "136": 24,
            "137": 23,
            "138": 23,
            "139": 24,
            "140": 24,
            "141": 14,
            "142": 20,
            "143": 34,
            "144": 26,
            "145": 18,
            "146": 30,
            "147": 23,
            "148": 23,
            "149": 22,
            "150": 16,
            "151": 25,
            "152": 26,
            "153": 24,
            "154": 26,
            "155": 30,
            "156": 21,
            "157": 22,
            "158": 24,
            "159": 23,
            "160": 22,
            "161": 22,
            "162": 24,
            "163": 23,
            "164": 22,
            "165": 22,
            "166": 17,
            "167": 22,
            "168": 19,
            "169": 22,
            "170": 23,
            "171": 30,
            "172": 30,
            "173": 24,
            "174": 34,
            "175": 29,
            "176": 26,
            "177": 21,
            "178": 10,
            "179": 32,
            "180": 22,
            "181": 20,
            "182": 30,
            "183": 18,
            "184": 23,
            "185": 25,
            "186": 16,
            "187": 24,
            "188": 26,
            "189": 20,
            "190": 22,
            "191": 27,
            "192": 22,
            "193": 24,
            "194": 32,
            "195": 28,
            "196": 22,
            "197": 23,
            "198": 17,
            "199": 26
          },
          "per_class_validation_counts": {
            "100": 4,
            "101": 3,
            "102": 4,
            "103": 6,
            "104": 0,
            "105": 6,
            "106": 3,
            "107": 4,
            "108": 6,
            "109": 6,
            "110": 5,
            "111": 6,
            "112": 5,
            "113": 6,
            "114": 6,
            "115": 5,
            "116": 6,
            "117": 9,
            "118": 3,
            "119": 6,
            "120": 7,
            "121": 6,
            "122": 6,
            "123": 7,
            "124": 6,
            "125": 4,
            "126": 7,
            "127": 5,
            "128": 8,
            "129": 4,
            "130": 4,
            "131": 8,
            "132": 5,
            "133": 6,
            "134": 5,
            "135": 6,
            "136": 6,
            "137": 6,
            "138": 6,
            "139": 6,
            "140": 6,
            "141": 4,
            "142": 5,
            "143": 9,
            "144": 7,
            "145": 5,
            "146": 8,
            "147": 6,
            "148": 6,
            "149": 6,
            "150": 4,
            "151": 6,
            "152": 7,
            "153": 6,
            "154": 7,
            "155": 7,
            "156": 5,
            "157": 6,
            "158": 6,
            "159": 6,
            "160": 5,
            "161": 6,
            "162": 6,
            "163": 6,
            "164": 5,
            "165": 6,
            "166": 4,
            "167": 6,
            "168": 5,
            "169": 5,
            "170": 6,
            "171": 7,
            "172": 8,
            "173": 6,
            "174": 9,
            "175": 7,
            "176": 7,
            "177": 5,
            "178": 3,
            "179": 8,
            "180": 6,
            "181": 5,
            "182": 7,
            "183": 5,
            "184": 6,
            "185": 6,
            "186": 4,
            "187": 6,
            "188": 7,
            "189": 5,
            "190": 5,
            "191": 7,
            "192": 5,
            "193": 6,
            "194": 8,
            "195": 7,
            "196": 5,
            "197": 6,
            "198": 4,
            "199": 6
          }
        }
      }
    }
  ]
}
