/media/ndag/newVolume/BiMC-test/models/clip/clip.py:23: UserWarning: PyTorch version 1.7.1 or higher is recommended
  warnings.warn("PyTorch version 1.7.1 or higher is recommended")
manual seed: 3
use gpu: ['0']
Files already downloaded and verified
Files already downloaded and verified
Loading CLIP (backbone: ViT-B/16)
Prompt template:['a photo of a {}.']
Loading DinoV2 ViT-B/14 from local hub: /home/ndag/.cache/torch/hub/facebookresearch_dinov2_main
/home/ndag/.cache/torch/hub/facebookresearch_dinov2_main/dinov2/layers/swiglu_ffn.py:51: UserWarning: xFormers is not available (SwiGLU)
  warnings.warn("xFormers is not available (SwiGLU)")
/home/ndag/.cache/torch/hub/facebookresearch_dinov2_main/dinov2/layers/attention.py:36: UserWarning: xFormers is not available (Attention)
  warnings.warn("xFormers is not available (Attention)")
/home/ndag/.cache/torch/hub/facebookresearch_dinov2_main/dinov2/layers/block.py:40: UserWarning: xFormers is not available (Block)
  warnings.warn("xFormers is not available (Block)")
Loading DinoV2 weights: /home/ndag/.cache/torch/hub/checkpoints/dinov2_vitb14_pretrain.pth
class names: ['apple' 'aquarium fish' 'baby' 'bear' 'beaver' 'bed' 'bee' 'beetle'
 'bicycle' 'bottle' 'bowl' 'boy' 'bridge' 'bus' 'butterfly' 'camel' 'can'
 'castle' 'caterpillar' 'cattle' 'chair' 'chimpanzee' 'clock' 'cloud'
 'cockroach' 'couch' 'crab' 'crocodile' 'cup' 'dinosaur' 'dolphin'
 'elephant' 'flatfish' 'forest' 'fox' 'girl' 'hamster' 'house' 'kangaroo'
 'keyboard' 'lamp' 'lawn mower' 'leopard' 'lion' 'lizard' 'lobster' 'man'
 'maple tree' 'motorcycle' 'mountain' 'mouse' 'mushroom' 'oak tree'
 'orange' 'orchid' 'otter' 'palm tree' 'pear' 'pickup truck' 'pine tree']
all targets:tensor([ 0,  1,  2,  3,  4,  5,  6,  7,  8,  9, 10, 11, 12, 13, 14, 15, 16, 17,
        18, 19, 20, 21, 22, 23, 24, 25, 26, 27, 28, 29, 30, 31, 32, 33, 34, 35,
        36, 37, 38, 39, 40, 41, 42, 43, 44, 45, 46, 47, 48, 49, 50, 51, 52, 53,
        54, 55, 56, 57, 58, 59], device='cuda:0')
dino all targets:tensor([ 0,  1,  2,  3,  4,  5,  6,  7,  8,  9, 10, 11, 12, 13, 14, 15, 16, 17,
        18, 19, 20, 21, 22, 23, 24, 25, 26, 27, 28, 29, 30, 31, 32, 33, 34, 35,
        36, 37, 38, 39, 40, 41, 42, 43, 44, 45, 46, 47, 48, 49, 50, 51, 52, 53,
        54, 55, 56, 57, 58, 59], device='cuda:0')
finish loading CLIP/DinoV2 covariance
class names: ['plain' 'plate' 'poppy' 'porcupine' 'possum']
all targets:tensor([60, 61, 62, 63, 64], device='cuda:0')
dino all targets:tensor([60, 61, 62, 63, 64], device='cuda:0')
finish loading CLIP/DinoV2 covariance
class names: ['rabbit' 'raccoon' 'ray' 'road' 'rocket']
all targets:tensor([65, 66, 67, 68, 69], device='cuda:0')
dino all targets:tensor([65, 66, 67, 68, 69], device='cuda:0')
finish loading CLIP/DinoV2 covariance
class names: ['rose' 'sea' 'seal' 'shark' 'shrew']
all targets:tensor([70, 71, 72, 73, 74], device='cuda:0')
dino all targets:tensor([70, 71, 72, 73, 74], device='cuda:0')
finish loading CLIP/DinoV2 covariance
class names: ['skunk' 'skyscraper' 'snail' 'snake' 'spider']
all targets:tensor([75, 76, 77, 78, 79], device='cuda:0')
dino all targets:tensor([75, 76, 77, 78, 79], device='cuda:0')
finish loading CLIP/DinoV2 covariance
class names: ['squirrel' 'streetcar' 'sunflower' 'sweet pepper' 'table']
all targets:tensor([80, 81, 82, 83, 84], device='cuda:0')
dino all targets:tensor([80, 81, 82, 83, 84], device='cuda:0')
finish loading CLIP/DinoV2 covariance
class names: ['tank' 'telephone' 'television' 'tiger' 'tractor']
all targets:tensor([85, 86, 87, 88, 89], device='cuda:0')
dino all targets:tensor([85, 86, 87, 88, 89], device='cuda:0')
finish loading CLIP/DinoV2 covariance
class names: ['train' 'trout' 'tulip' 'turtle' 'wardrobe']
all targets:tensor([90, 91, 92, 93, 94], device='cuda:0')
dino all targets:tensor([90, 91, 92, 93, 94], device='cuda:0')
finish loading CLIP/DinoV2 covariance
class names: ['whale' 'willow tree' 'wolf' 'woman' 'worm']
all targets:tensor([95, 96, 97, 98, 99], device='cuda:0')
dino all targets:tensor([95, 96, 97, 98, 99], device='cuda:0')
finish loading CLIP/DinoV2 covariance
session 0: baseline=89.750 final=89.750 gain=0.000
session 1: baseline=87.492 final=88.492 gain=1.000
session 2: baseline=86.800 final=88.100 gain=1.300
session 3: baseline=84.320 final=86.267 gain=1.947
session 4: baseline=84.425 final=86.463 gain=2.038
session 5: baseline=84.235 final=86.271 gain=2.035
session 6: baseline=84.289 final=86.411 gain=2.122
session 7: baseline=83.989 final=86.316 gain=2.326
session 8: baseline=82.790 final=85.120 gain=2.330
{
  "dataset": "CIFAR100",
  "seed": 3,
  "train_cfg": "experiments/bmvc_1256_20260508-124032/generated_configs/bimc_dino_fusion.yaml",
  "method": "sessionwise conservative query prototype refinement on bimc_dino_fusion with pseudo-validation alpha selection",
  "runtime_sec": 449.773,
  "alpha_grid": [
    0.5,
    0.75,
    1.0
  ],
  "alpha_selection": "pseudo_validation_no_test_labels",
  "mass_thr": 0.4,
  "min_count": 5,
  "val_fraction": 0.2,
  "base_val_conf_thr": 0.5,
  "base_val_max_per_class": 50,
  "fallback_alpha": 0.75,
  "topk_per_class": null,
  "baseline_acc_list": [
    89.75,
    87.492,
    86.8,
    84.32,
    84.425,
    84.235,
    84.289,
    83.989,
    82.79
  ],
  "final_acc_list": [
    89.75,
    88.492,
    88.1,
    86.267,
    86.463,
    86.271,
    86.411,
    86.316,
    85.12
  ],
  "gain_list": [
    0.0,
    1.0,
    1.3,
    1.947,
    2.038,
    2.035,
    2.122,
    2.326,
    2.33
  ],
  "baseline_avg": 85.343,
  "baseline_pd": 6.96,
  "final_avg": 87.021,
  "final_pd": 4.63,
  "gain_avg": 1.678,
  "session_results": [
    {
      "session": 0,
      "num_seen_classes": 60,
      "baseline_full_acc": 89.75,
      "baseline_base_acc": 89.75,
      "baseline_novel_acc": 0.0,
      "best_alpha": null,
      "final_full_acc": 89.75,
      "final_base_acc": 89.75,
      "final_novel_acc": 0.0,
      "final_gain": 0.0,
      "updated_class_count": 0,
      "gated_query_count": 0,
      "alpha_selection": {
        "mode": "not_applicable_base_session",
        "selected_alpha": null
      }
    },
    {
      "session": 1,
      "num_seen_classes": 65,
      "baseline_full_acc": 87.492,
      "baseline_base_acc": 89.45,
      "baseline_novel_acc": 64.0,
      "selected_alpha": 0.5,
      "final_full_acc": 88.492,
      "final_base_acc": 89.317,
      "final_novel_acc": 78.6,
      "final_gain": 1.0,
      "updated_class_count": 5,
      "gated_query_count": 325,
      "gated_base_count": 12,
      "gated_novel_count": 313,
      "alpha_selection": {
        "mode": "pseudo_validation",
        "fallback_used": false,
        "selected_alpha": 0.5,
        "candidates": [
          {
            "alpha": 0.5,
            "pseudo_val_score": -0.019202,
            "pseudo_val_nll": 0.019202,
            "pseudo_val_agreement": 99.772
          },
          {
            "alpha": 0.75,
            "pseudo_val_score": -0.020656,
            "pseudo_val_nll": 0.020656,
            "pseudo_val_agreement": 99.706
          },
          {
            "alpha": 1.0,
            "pseudo_val_score": -0.022938,
            "pseudo_val_nll": 0.022938,
            "pseudo_val_agreement": 99.706
          }
        ],
        "split": {
          "novel_gated_query_count": 325,
          "validation_count": 3065,
          "novel_validation_count": 65,
          "base_validation_count": 3000,
          "updated_class_count": 5,
          "per_class_counts": {
            "60": 59,
            "61": 56,
            "62": 99,
            "63": 47,
            "64": 64
          },
          "per_class_update_counts": {
            "60": 47,
            "61": 45,
            "62": 79,
            "63": 38,
            "64": 51
          },
          "per_class_validation_counts": {
            "60": 12,
            "61": 11,
            "62": 20,
            "63": 9,
            "64": 13
          }
        }
      }
    },
    {
      "session": 2,
      "num_seen_classes": 70,
      "baseline_full_acc": 86.8,
      "baseline_base_acc": 89.333,
      "baseline_novel_acc": 71.6,
      "selected_alpha": 0.5,
      "final_full_acc": 88.1,
      "final_base_acc": 89.15,
      "final_novel_acc": 81.8,
      "final_gain": 1.3,
      "updated_class_count": 10,
      "gated_query_count": 736,
      "gated_base_count": 15,
      "gated_novel_count": 721,
      "alpha_selection": {
        "mode": "pseudo_validation",
        "fallback_used": false,
        "selected_alpha": 0.5,
        "candidates": [
          {
            "alpha": 0.5,
            "pseudo_val_score": -0.035907,
            "pseudo_val_nll": 0.035907,
            "pseudo_val_agreement": 99.714
          },
          {
            "alpha": 0.75,
            "pseudo_val_score": -0.037795,
            "pseudo_val_nll": 0.037795,
            "pseudo_val_agreement": 99.492
          },
          {
            "alpha": 1.0,
            "pseudo_val_score": -0.04075,
            "pseudo_val_nll": 0.04075,
            "pseudo_val_agreement": 99.46
          }
        ],
        "split": {
          "novel_gated_query_count": 736,
          "validation_count": 3147,
          "novel_validation_count": 147,
          "base_validation_count": 3000,
          "updated_class_count": 10,
          "per_class_counts": {
            "60": 58,
            "61": 57,
            "62": 99,
            "63": 50,
            "64": 62,
            "65": 74,
            "66": 88,
            "67": 66,
            "68": 87,
            "69": 95
          },
          "per_class_update_counts": {
            "60": 46,
            "61": 46,
            "62": 79,
            "63": 40,
            "64": 50,
            "65": 59,
            "66": 70,
            "67": 53,
            "68": 70,
            "69": 76
          },
          "per_class_validation_counts": {
            "60": 12,
            "61": 11,
            "62": 20,
            "63": 10,
            "64": 12,
            "65": 15,
            "66": 18,
            "67": 13,
            "68": 17,
            "69": 19
          }
        }
      }
    },
    {
      "session": 3,
      "num_seen_classes": 75,
      "baseline_full_acc": 84.32,
      "baseline_base_acc": 89.083,
      "baseline_novel_acc": 65.267,
      "selected_alpha": 0.5,
      "final_full_acc": 86.267,
      "final_base_acc": 88.817,
      "final_novel_acc": 76.067,
      "final_gain": 1.947,
      "updated_class_count": 15,
      "gated_query_count": 1060,
      "gated_base_count": 33,
      "gated_novel_count": 1027,
      "alpha_selection": {
        "mode": "pseudo_validation",
        "fallback_used": false,
        "selected_alpha": 0.5,
        "candidates": [
          {
            "alpha": 0.5,
            "pseudo_val_score": -0.051818,
            "pseudo_val_nll": 0.051818,
            "pseudo_val_agreement": 99.471
          },
          {
            "alpha": 0.75,
            "pseudo_val_score": -0.054737,
            "pseudo_val_nll": 0.054737,
            "pseudo_val_agreement": 99.128
          },
          {
            "alpha": 1.0,
            "pseudo_val_score": -0.059297,
            "pseudo_val_nll": 0.059297,
            "pseudo_val_agreement": 98.848
          }
        ],
        "split": {
          "novel_gated_query_count": 1060,
          "validation_count": 3212,
          "novel_validation_count": 212,
          "base_validation_count": 3000,
          "updated_class_count": 15,
          "per_class_counts": {
            "60": 58,
            "61": 57,
            "62": 102,
            "63": 52,
            "64": 62,
            "65": 74,
            "66": 89,
            "67": 53,
            "68": 89,
            "69": 95,
            "70": 86,
            "71": 92,
            "72": 40,
            "73": 98,
            "74": 13
          },
          "per_class_update_counts": {
            "60": 46,
            "61": 46,
            "62": 82,
            "63": 42,
            "64": 50,
            "65": 59,
            "66": 71,
            "67": 42,
            "68": 71,
            "69": 76,
            "70": 69,
            "71": 74,
            "72": 32,
            "73": 78,
            "74": 10
          },
          "per_class_validation_counts": {
            "60": 12,
            "61": 11,
            "62": 20,
            "63": 10,
            "64": 12,
            "65": 15,
            "66": 18,
            "67": 11,
            "68": 18,
            "69": 19,
            "70": 17,
            "71": 18,
            "72": 8,
            "73": 20,
            "74": 3
          }
        }
      }
    },
    {
      "session": 4,
      "num_seen_classes": 80,
      "baseline_full_acc": 84.425,
      "baseline_base_acc": 89.1,
      "baseline_novel_acc": 70.4,
      "selected_alpha": 0.5,
      "final_full_acc": 86.463,
      "final_base_acc": 88.8,
      "final_novel_acc": 79.45,
      "final_gain": 2.038,
      "updated_class_count": 20,
      "gated_query_count": 1510,
      "gated_base_count": 39,
      "gated_novel_count": 1471,
      "alpha_selection": {
        "mode": "pseudo_validation",
        "fallback_used": false,
        "selected_alpha": 0.5,
        "candidates": [
          {
            "alpha": 0.5,
            "pseudo_val_score": -0.069631,
            "pseudo_val_nll": 0.069631,
            "pseudo_val_agreement": 99.152
          },
          {
            "alpha": 0.75,
            "pseudo_val_score": -0.074487,
            "pseudo_val_nll": 0.074487,
            "pseudo_val_agreement": 98.819
          },
          {
            "alpha": 1.0,
            "pseudo_val_score": -0.081855,
            "pseudo_val_nll": 0.081855,
            "pseudo_val_agreement": 98.425
          }
        ],
        "split": {
          "novel_gated_query_count": 1510,
          "validation_count": 3302,
          "novel_validation_count": 302,
          "base_validation_count": 3000,
          "updated_class_count": 20,
          "per_class_counts": {
            "60": 58,
            "61": 59,
            "62": 102,
            "63": 50,
            "64": 61,
            "65": 73,
            "66": 87,
            "67": 53,
            "68": 89,
            "69": 100,
            "70": 86,
            "71": 92,
            "72": 42,
            "73": 98,
            "74": 15,
            "75": 97,
            "76": 82,
            "77": 88,
            "78": 95,
            "79": 83
          },
          "per_class_update_counts": {
            "60": 46,
            "61": 47,
            "62": 82,
            "63": 40,
            "64": 49,
            "65": 58,
            "66": 70,
            "67": 42,
            "68": 71,
            "69": 80,
            "70": 69,
            "71": 74,
            "72": 34,
            "73": 78,
            "74": 12,
            "75": 78,
            "76": 66,
            "77": 70,
            "78": 76,
            "79": 66
          },
          "per_class_validation_counts": {
            "60": 12,
            "61": 12,
            "62": 20,
            "63": 10,
            "64": 12,
            "65": 15,
            "66": 17,
            "67": 11,
            "68": 18,
            "69": 20,
            "70": 17,
            "71": 18,
            "72": 8,
            "73": 20,
            "74": 3,
            "75": 19,
            "76": 16,
            "77": 18,
            "78": 19,
            "79": 17
          }
        }
      }
    },
    {
      "session": 5,
      "num_seen_classes": 85,
      "baseline_full_acc": 84.235,
      "baseline_base_acc": 88.983,
      "baseline_novel_acc": 72.84,
      "selected_alpha": 0.5,
      "final_full_acc": 86.271,
      "final_base_acc": 88.6,
      "final_novel_acc": 80.68,
      "final_gain": 2.035,
      "updated_class_count": 25,
      "gated_query_count": 1935,
      "gated_base_count": 45,
      "gated_novel_count": 1890,
      "alpha_selection": {
        "mode": "pseudo_validation",
        "fallback_used": false,
        "selected_alpha": 0.5,
        "candidates": [
          {
            "alpha": 0.5,
            "pseudo_val_score": -0.084493,
            "pseudo_val_nll": 0.084493,
            "pseudo_val_agreement": 99.055
          },
          {
            "alpha": 0.75,
            "pseudo_val_score": -0.090465,
            "pseudo_val_nll": 0.090465,
            "pseudo_val_agreement": 98.554
          },
          {
            "alpha": 1.0,
            "pseudo_val_score": -0.099536,
            "pseudo_val_nll": 0.099536,
            "pseudo_val_agreement": 98.2
          }
        ],
        "split": {
          "novel_gated_query_count": 1935,
          "validation_count": 3388,
          "novel_validation_count": 388,
          "base_validation_count": 3000,
          "updated_class_count": 25,
          "per_class_counts": {
            "60": 58,
            "61": 59,
            "62": 103,
            "63": 50,
            "64": 61,
            "65": 76,
            "66": 86,
            "67": 53,
            "68": 89,
            "69": 99,
            "70": 85,
            "71": 91,
            "72": 44,
            "73": 98,
            "74": 13,
            "75": 98,
            "76": 82,
            "77": 88,
            "78": 96,
            "79": 82,
            "80": 75,
            "81": 82,
            "82": 98,
            "83": 92,
            "84": 77
          },
          "per_class_update_counts": {
            "60": 46,
            "61": 47,
            "62": 82,
            "63": 40,
            "64": 49,
            "65": 61,
            "66": 69,
            "67": 42,
            "68": 71,
            "69": 79,
            "70": 68,
            "71": 73,
            "72": 35,
            "73": 78,
            "74": 10,
            "75": 78,
            "76": 66,
            "77": 70,
            "78": 77,
            "79": 66,
            "80": 60,
            "81": 66,
            "82": 78,
            "83": 74,
            "84": 62
          },
          "per_class_validation_counts": {
            "60": 12,
            "61": 12,
            "62": 21,
            "63": 10,
            "64": 12,
            "65": 15,
            "66": 17,
            "67": 11,
            "68": 18,
            "69": 20,
            "70": 17,
            "71": 18,
            "72": 9,
            "73": 20,
            "74": 3,
            "75": 20,
            "76": 16,
            "77": 18,
            "78": 19,
            "79": 16,
            "80": 15,
            "81": 16,
            "82": 20,
            "83": 18,
            "84": 15
          }
        }
      }
    },
    {
      "session": 6,
      "num_seen_classes": 90,
      "baseline_full_acc": 84.289,
      "baseline_base_acc": 88.783,
      "baseline_novel_acc": 75.3,
      "selected_alpha": 0.5,
      "final_full_acc": 86.411,
      "final_base_acc": 88.367,
      "final_novel_acc": 82.5,
      "final_gain": 2.122,
      "updated_class_count": 30,
      "gated_query_count": 2392,
      "gated_base_count": 60,
      "gated_novel_count": 2332,
      "alpha_selection": {
        "mode": "pseudo_validation",
        "fallback_used": false,
        "selected_alpha": 0.5,
        "candidates": [
          {
            "alpha": 0.5,
            "pseudo_val_score": -0.099412,
            "pseudo_val_nll": 0.099412,
            "pseudo_val_agreement": 98.994
          },
          {
            "alpha": 0.75,
            "pseudo_val_score": -0.10583,
            "pseudo_val_nll": 0.10583,
            "pseudo_val_agreement": 98.362
          },
          {
            "alpha": 1.0,
            "pseudo_val_score": -0.115973,
            "pseudo_val_nll": 0.115973,
            "pseudo_val_agreement": 97.787
          }
        ],
        "split": {
          "novel_gated_query_count": 2392,
          "validation_count": 3479,
          "novel_validation_count": 479,
          "base_validation_count": 3000,
          "updated_class_count": 30,
          "per_class_counts": {
            "60": 57,
            "61": 59,
            "62": 103,
            "63": 49,
            "64": 61,
            "65": 76,
            "66": 87,
            "67": 53,
            "68": 89,
            "69": 98,
            "70": 84,
            "71": 92,
            "72": 42,
            "73": 98,
            "74": 12,
            "75": 98,
            "76": 82,
            "77": 88,
            "78": 95,
            "79": 82,
            "80": 75,
            "81": 83,
            "82": 98,
            "83": 92,
            "84": 78,
            "85": 94,
            "86": 98,
            "87": 81,
            "88": 87,
            "89": 101
          },
          "per_class_update_counts": {
            "60": 46,
            "61": 47,
            "62": 82,
            "63": 39,
            "64": 49,
            "65": 61,
            "66": 70,
            "67": 42,
            "68": 71,
            "69": 78,
            "70": 67,
            "71": 74,
            "72": 34,
            "73": 78,
            "74": 10,
            "75": 78,
            "76": 66,
            "77": 70,
            "78": 76,
            "79": 66,
            "80": 60,
            "81": 66,
            "82": 78,
            "83": 74,
            "84": 62,
            "85": 75,
            "86": 78,
            "87": 65,
            "88": 70,
            "89": 81
          },
          "per_class_validation_counts": {
            "60": 11,
            "61": 12,
            "62": 21,
            "63": 10,
            "64": 12,
            "65": 15,
            "66": 17,
            "67": 11,
            "68": 18,
            "69": 20,
            "70": 17,
            "71": 18,
            "72": 8,
            "73": 20,
            "74": 2,
            "75": 20,
            "76": 16,
            "77": 18,
            "78": 19,
            "79": 16,
            "80": 15,
            "81": 17,
            "82": 20,
            "83": 18,
            "84": 16,
            "85": 19,
            "86": 20,
            "87": 16,
            "88": 17,
            "89": 20
          }
        }
      }
    },
    {
      "session": 7,
      "num_seen_classes": 95,
      "baseline_full_acc": 83.989,
      "baseline_base_acc": 88.617,
      "baseline_novel_acc": 76.057,
      "selected_alpha": 0.5,
      "final_full_acc": 86.316,
      "final_base_acc": 88.217,
      "final_novel_acc": 83.057,
      "final_gain": 2.326,
      "updated_class_count": 35,
      "gated_query_count": 2851,
      "gated_base_count": 71,
      "gated_novel_count": 2780,
      "alpha_selection": {
        "mode": "pseudo_validation",
        "fallback_used": false,
        "selected_alpha": 0.5,
        "candidates": [
          {
            "alpha": 0.5,
            "pseudo_val_score": -0.118875,
            "pseudo_val_nll": 0.118875,
            "pseudo_val_agreement": 98.908
          },
          {
            "alpha": 0.75,
            "pseudo_val_score": -0.126582,
            "pseudo_val_nll": 0.126582,
            "pseudo_val_agreement": 97.985
          },
          {
            "alpha": 1.0,
            "pseudo_val_score": -0.138802,
            "pseudo_val_nll": 0.138802,
            "pseudo_val_agreement": 97.173
          }
        ],
        "split": {
          "novel_gated_query_count": 2851,
          "validation_count": 3573,
          "novel_validation_count": 573,
          "base_validation_count": 3000,
          "updated_class_count": 35,
          "per_class_counts": {
            "60": 58,
            "61": 61,
            "62": 105,
            "63": 51,
            "64": 61,
            "65": 76,
            "66": 87,
            "67": 53,
            "68": 89,
            "69": 98,
            "70": 86,
            "71": 94,
            "72": 43,
            "73": 104,
            "74": 18,
            "75": 98,
            "76": 82,
            "77": 88,
            "78": 95,
            "79": 82,
            "80": 74,
            "81": 82,
            "82": 98,
            "83": 91,
            "84": 78,
            "85": 94,
            "86": 98,
            "87": 81,
            "88": 87,
            "89": 101,
            "90": 94,
            "91": 89,
            "92": 83,
            "93": 79,
            "94": 93
          },
          "per_class_update_counts": {
            "60": 46,
            "61": 49,
            "62": 84,
            "63": 41,
            "64": 49,
            "65": 61,
            "66": 70,
            "67": 42,
            "68": 71,
            "69": 78,
            "70": 69,
            "71": 75,
            "72": 34,
            "73": 83,
            "74": 14,
            "75": 78,
            "76": 66,
            "77": 70,
            "78": 76,
            "79": 66,
            "80": 59,
            "81": 66,
            "82": 78,
            "83": 73,
            "84": 62,
            "85": 75,
            "86": 78,
            "87": 65,
            "88": 70,
            "89": 81,
            "90": 75,
            "91": 71,
            "92": 66,
            "93": 63,
            "94": 74
          },
          "per_class_validation_counts": {
            "60": 12,
            "61": 12,
            "62": 21,
            "63": 10,
            "64": 12,
            "65": 15,
            "66": 17,
            "67": 11,
            "68": 18,
            "69": 20,
            "70": 17,
            "71": 19,
            "72": 9,
            "73": 21,
            "74": 4,
            "75": 20,
            "76": 16,
            "77": 18,
            "78": 19,
            "79": 16,
            "80": 15,
            "81": 16,
            "82": 20,
            "83": 18,
            "84": 16,
            "85": 19,
            "86": 20,
            "87": 16,
            "88": 17,
            "89": 20,
            "90": 19,
            "91": 18,
            "92": 17,
            "93": 16,
            "94": 19
          }
        }
      }
    },
    {
      "session": 8,
      "num_seen_classes": 100,
      "baseline_full_acc": 82.79,
      "baseline_base_acc": 88.35,
      "baseline_novel_acc": 74.45,
      "selected_alpha": 0.5,
      "final_full_acc": 85.12,
      "final_base_acc": 87.8,
      "final_novel_acc": 81.1,
      "final_gain": 2.33,
      "updated_class_count": 40,
      "gated_query_count": 3188,
      "gated_base_count": 74,
      "gated_novel_count": 3114,
      "alpha_selection": {
        "mode": "pseudo_validation",
        "fallback_used": false,
        "selected_alpha": 0.5,
        "candidates": [
          {
            "alpha": 0.5,
            "pseudo_val_score": -0.129504,
            "pseudo_val_nll": 0.129504,
            "pseudo_val_agreement": 98.708
          },
          {
            "alpha": 0.75,
            "pseudo_val_score": -0.137707,
            "pseudo_val_nll": 0.137707,
            "pseudo_val_agreement": 97.746
          },
          {
            "alpha": 1.0,
            "pseudo_val_score": -0.150941,
            "pseudo_val_nll": 0.150941,
            "pseudo_val_agreement": 96.976
          }
        ],
        "split": {
          "novel_gated_query_count": 3188,
          "validation_count": 3638,
          "novel_validation_count": 638,
          "base_validation_count": 3000,
          "updated_class_count": 40,
          "per_class_counts": {
            "60": 58,
            "61": 60,
            "62": 105,
            "63": 51,
            "64": 61,
            "65": 76,
            "66": 88,
            "67": 53,
            "68": 89,
            "69": 97,
            "70": 86,
            "71": 92,
            "72": 44,
            "73": 106,
            "74": 16,
            "75": 97,
            "76": 82,
            "77": 87,
            "78": 89,
            "79": 83,
            "80": 74,
            "81": 81,
            "82": 98,
            "83": 90,
            "84": 78,
            "85": 93,
            "86": 97,
            "87": 81,
            "88": 86,
            "89": 101,
            "90": 94,
            "91": 88,
            "92": 82,
            "93": 78,
            "94": 93,
            "95": 56,
            "96": 39,
            "97": 91,
            "98": 65,
            "99": 103
          },
          "per_class_update_counts": {
            "60": 46,
            "61": 48,
            "62": 84,
            "63": 41,
            "64": 49,
            "65": 61,
            "66": 70,
            "67": 42,
            "68": 71,
            "69": 78,
            "70": 69,
            "71": 74,
            "72": 35,
            "73": 85,
            "74": 13,
            "75": 78,
            "76": 66,
            "77": 70,
            "78": 71,
            "79": 66,
            "80": 59,
            "81": 65,
            "82": 78,
            "83": 72,
            "84": 62,
            "85": 74,
            "86": 78,
            "87": 65,
            "88": 69,
            "89": 81,
            "90": 75,
            "91": 70,
            "92": 66,
            "93": 62,
            "94": 74,
            "95": 45,
            "96": 31,
            "97": 73,
            "98": 52,
            "99": 82
          },
          "per_class_validation_counts": {
            "60": 12,
            "61": 12,
            "62": 21,
            "63": 10,
            "64": 12,
            "65": 15,
            "66": 18,
            "67": 11,
            "68": 18,
            "69": 19,
            "70": 17,
            "71": 18,
            "72": 9,
            "73": 21,
            "74": 3,
            "75": 19,
            "76": 16,
            "77": 17,
            "78": 18,
            "79": 17,
            "80": 15,
            "81": 16,
            "82": 20,
            "83": 18,
            "84": 16,
            "85": 19,
            "86": 19,
            "87": 16,
            "88": 17,
            "89": 20,
            "90": 19,
            "91": 18,
            "92": 16,
            "93": 16,
            "94": 19,
            "95": 11,
            "96": 8,
            "97": 18,
            "98": 13,
            "99": 21
          }
        }
      }
    }
  ]
}
