/media/ndag/newVolume/BiMC-test/models/clip/clip.py:23: UserWarning: PyTorch version 1.7.1 or higher is recommended
  warnings.warn("PyTorch version 1.7.1 or higher is recommended")
manual seed: 2
use gpu: ['0']
Files already downloaded and verified
Files already downloaded and verified
Loading CLIP (backbone: ViT-B/16)
Prompt template:['a photo of a {}.']
Loading DinoV2 ViT-B/14 from local hub: /home/ndag/.cache/torch/hub/facebookresearch_dinov2_main
/home/ndag/.cache/torch/hub/facebookresearch_dinov2_main/dinov2/layers/swiglu_ffn.py:51: UserWarning: xFormers is not available (SwiGLU)
  warnings.warn("xFormers is not available (SwiGLU)")
/home/ndag/.cache/torch/hub/facebookresearch_dinov2_main/dinov2/layers/attention.py:36: UserWarning: xFormers is not available (Attention)
  warnings.warn("xFormers is not available (Attention)")
/home/ndag/.cache/torch/hub/facebookresearch_dinov2_main/dinov2/layers/block.py:40: UserWarning: xFormers is not available (Block)
  warnings.warn("xFormers is not available (Block)")
Loading DinoV2 weights: /home/ndag/.cache/torch/hub/checkpoints/dinov2_vitb14_pretrain.pth
class names: ['apple' 'aquarium fish' 'baby' 'bear' 'beaver' 'bed' 'bee' 'beetle'
 'bicycle' 'bottle' 'bowl' 'boy' 'bridge' 'bus' 'butterfly' 'camel' 'can'
 'castle' 'caterpillar' 'cattle' 'chair' 'chimpanzee' 'clock' 'cloud'
 'cockroach' 'couch' 'crab' 'crocodile' 'cup' 'dinosaur' 'dolphin'
 'elephant' 'flatfish' 'forest' 'fox' 'girl' 'hamster' 'house' 'kangaroo'
 'keyboard' 'lamp' 'lawn mower' 'leopard' 'lion' 'lizard' 'lobster' 'man'
 'maple tree' 'motorcycle' 'mountain' 'mouse' 'mushroom' 'oak tree'
 'orange' 'orchid' 'otter' 'palm tree' 'pear' 'pickup truck' 'pine tree']
all targets:tensor([ 0,  1,  2,  3,  4,  5,  6,  7,  8,  9, 10, 11, 12, 13, 14, 15, 16, 17,
        18, 19, 20, 21, 22, 23, 24, 25, 26, 27, 28, 29, 30, 31, 32, 33, 34, 35,
        36, 37, 38, 39, 40, 41, 42, 43, 44, 45, 46, 47, 48, 49, 50, 51, 52, 53,
        54, 55, 56, 57, 58, 59], device='cuda:0')
dino all targets:tensor([ 0,  1,  2,  3,  4,  5,  6,  7,  8,  9, 10, 11, 12, 13, 14, 15, 16, 17,
        18, 19, 20, 21, 22, 23, 24, 25, 26, 27, 28, 29, 30, 31, 32, 33, 34, 35,
        36, 37, 38, 39, 40, 41, 42, 43, 44, 45, 46, 47, 48, 49, 50, 51, 52, 53,
        54, 55, 56, 57, 58, 59], device='cuda:0')
finish loading CLIP/DinoV2 covariance
class names: ['plain' 'plate' 'poppy' 'porcupine' 'possum']
all targets:tensor([60, 61, 62, 63, 64], device='cuda:0')
dino all targets:tensor([60, 61, 62, 63, 64], device='cuda:0')
finish loading CLIP/DinoV2 covariance
class names: ['rabbit' 'raccoon' 'ray' 'road' 'rocket']
all targets:tensor([65, 66, 67, 68, 69], device='cuda:0')
dino all targets:tensor([65, 66, 67, 68, 69], device='cuda:0')
finish loading CLIP/DinoV2 covariance
class names: ['rose' 'sea' 'seal' 'shark' 'shrew']
all targets:tensor([70, 71, 72, 73, 74], device='cuda:0')
dino all targets:tensor([70, 71, 72, 73, 74], device='cuda:0')
finish loading CLIP/DinoV2 covariance
class names: ['skunk' 'skyscraper' 'snail' 'snake' 'spider']
all targets:tensor([75, 76, 77, 78, 79], device='cuda:0')
dino all targets:tensor([75, 76, 77, 78, 79], device='cuda:0')
finish loading CLIP/DinoV2 covariance
class names: ['squirrel' 'streetcar' 'sunflower' 'sweet pepper' 'table']
all targets:tensor([80, 81, 82, 83, 84], device='cuda:0')
dino all targets:tensor([80, 81, 82, 83, 84], device='cuda:0')
finish loading CLIP/DinoV2 covariance
class names: ['tank' 'telephone' 'television' 'tiger' 'tractor']
all targets:tensor([85, 86, 87, 88, 89], device='cuda:0')
dino all targets:tensor([85, 86, 87, 88, 89], device='cuda:0')
finish loading CLIP/DinoV2 covariance
class names: ['train' 'trout' 'tulip' 'turtle' 'wardrobe']
all targets:tensor([90, 91, 92, 93, 94], device='cuda:0')
dino all targets:tensor([90, 91, 92, 93, 94], device='cuda:0')
finish loading CLIP/DinoV2 covariance
class names: ['whale' 'willow tree' 'wolf' 'woman' 'worm']
all targets:tensor([95, 96, 97, 98, 99], device='cuda:0')
dino all targets:tensor([95, 96, 97, 98, 99], device='cuda:0')
finish loading CLIP/DinoV2 covariance
session 0: baseline=89.750 final=89.750 gain=0.000
session 1: baseline=87.800 final=88.462 gain=0.662
session 2: baseline=87.000 final=88.114 gain=1.114
session 3: baseline=84.653 final=86.493 gain=1.840
session 4: baseline=84.675 final=86.538 gain=1.863
session 5: baseline=84.235 final=86.365 gain=2.129
session 6: baseline=84.378 final=86.478 gain=2.100
session 7: baseline=84.147 final=86.274 gain=2.126
session 8: baseline=82.960 final=85.310 gain=2.350
{
  "dataset": "CIFAR100",
  "seed": 2,
  "train_cfg": "experiments/bmvc_1256_20260508-124032/generated_configs/bimc_dino_fusion.yaml",
  "method": "sessionwise conservative query prototype refinement on bimc_dino_fusion with pseudo-validation alpha selection",
  "runtime_sec": 447.907,
  "alpha_grid": [
    0.5,
    0.75,
    1.0
  ],
  "alpha_selection": "pseudo_validation_no_test_labels",
  "mass_thr": 0.3,
  "min_count": 5,
  "val_fraction": 0.1,
  "base_val_conf_thr": 0.5,
  "base_val_max_per_class": 50,
  "fallback_alpha": 0.75,
  "topk_per_class": null,
  "baseline_acc_list": [
    89.75,
    87.8,
    87.0,
    84.653,
    84.675,
    84.235,
    84.378,
    84.147,
    82.96
  ],
  "final_acc_list": [
    89.75,
    88.462,
    88.114,
    86.493,
    86.538,
    86.365,
    86.478,
    86.274,
    85.31
  ],
  "gain_list": [
    0.0,
    0.662,
    1.114,
    1.84,
    1.863,
    2.129,
    2.1,
    2.126,
    2.35
  ],
  "baseline_avg": 85.511,
  "baseline_pd": 6.79,
  "final_avg": 87.087,
  "final_pd": 4.44,
  "gain_avg": 1.576,
  "session_results": [
    {
      "session": 0,
      "num_seen_classes": 60,
      "baseline_full_acc": 89.75,
      "baseline_base_acc": 89.75,
      "baseline_novel_acc": 0.0,
      "best_alpha": null,
      "final_full_acc": 89.75,
      "final_base_acc": 89.75,
      "final_novel_acc": 0.0,
      "final_gain": 0.0,
      "updated_class_count": 0,
      "gated_query_count": 0,
      "alpha_selection": {
        "mode": "not_applicable_base_session",
        "selected_alpha": null
      }
    },
    {
      "session": 1,
      "num_seen_classes": 65,
      "baseline_full_acc": 87.8,
      "baseline_base_acc": 89.5,
      "baseline_novel_acc": 67.4,
      "selected_alpha": 0.5,
      "final_full_acc": 88.462,
      "final_base_acc": 89.367,
      "final_novel_acc": 77.6,
      "final_gain": 0.662,
      "updated_class_count": 5,
      "gated_query_count": 346,
      "gated_base_count": 9,
      "gated_novel_count": 337,
      "alpha_selection": {
        "mode": "pseudo_validation",
        "fallback_used": false,
        "selected_alpha": 0.5,
        "candidates": [
          {
            "alpha": 0.5,
            "pseudo_val_score": -0.013203,
            "pseudo_val_nll": 0.013203,
            "pseudo_val_agreement": 99.868
          },
          {
            "alpha": 0.75,
            "pseudo_val_score": -0.014006,
            "pseudo_val_nll": 0.014006,
            "pseudo_val_agreement": 99.802
          },
          {
            "alpha": 1.0,
            "pseudo_val_score": -0.015485,
            "pseudo_val_nll": 0.015485,
            "pseudo_val_agreement": 99.703
          }
        ],
        "split": {
          "novel_gated_query_count": 346,
          "validation_count": 3035,
          "novel_validation_count": 35,
          "base_validation_count": 3000,
          "updated_class_count": 5,
          "per_class_counts": {
            "60": 61,
            "61": 66,
            "62": 101,
            "63": 52,
            "64": 66
          },
          "per_class_update_counts": {
            "60": 55,
            "61": 59,
            "62": 91,
            "63": 47,
            "64": 59
          },
          "per_class_validation_counts": {
            "60": 6,
            "61": 7,
            "62": 10,
            "63": 5,
            "64": 7
          }
        }
      }
    },
    {
      "session": 2,
      "num_seen_classes": 70,
      "baseline_full_acc": 87.0,
      "baseline_base_acc": 89.383,
      "baseline_novel_acc": 72.7,
      "selected_alpha": 0.5,
      "final_full_acc": 88.114,
      "final_base_acc": 89.217,
      "final_novel_acc": 81.5,
      "final_gain": 1.114,
      "updated_class_count": 10,
      "gated_query_count": 751,
      "gated_base_count": 17,
      "gated_novel_count": 734,
      "alpha_selection": {
        "mode": "pseudo_validation",
        "fallback_used": false,
        "selected_alpha": 0.5,
        "candidates": [
          {
            "alpha": 0.5,
            "pseudo_val_score": -0.022692,
            "pseudo_val_nll": 0.022692,
            "pseudo_val_agreement": 99.707
          },
          {
            "alpha": 0.75,
            "pseudo_val_score": -0.023963,
            "pseudo_val_nll": 0.023963,
            "pseudo_val_agreement": 99.577
          },
          {
            "alpha": 1.0,
            "pseudo_val_score": -0.026369,
            "pseudo_val_nll": 0.026369,
            "pseudo_val_agreement": 99.447
          }
        ],
        "split": {
          "novel_gated_query_count": 751,
          "validation_count": 3075,
          "novel_validation_count": 75,
          "base_validation_count": 3000,
          "updated_class_count": 10,
          "per_class_counts": {
            "60": 58,
            "61": 67,
            "62": 101,
            "63": 54,
            "64": 67,
            "65": 82,
            "66": 83,
            "67": 68,
            "68": 78,
            "69": 93
          },
          "per_class_update_counts": {
            "60": 52,
            "61": 60,
            "62": 91,
            "63": 49,
            "64": 60,
            "65": 74,
            "66": 75,
            "67": 61,
            "68": 70,
            "69": 84
          },
          "per_class_validation_counts": {
            "60": 6,
            "61": 7,
            "62": 10,
            "63": 5,
            "64": 7,
            "65": 8,
            "66": 8,
            "67": 7,
            "68": 8,
            "69": 9
          }
        }
      }
    },
    {
      "session": 3,
      "num_seen_classes": 75,
      "baseline_full_acc": 84.653,
      "baseline_base_acc": 89.267,
      "baseline_novel_acc": 66.2,
      "selected_alpha": 0.5,
      "final_full_acc": 86.493,
      "final_base_acc": 88.867,
      "final_novel_acc": 77.0,
      "final_gain": 1.84,
      "updated_class_count": 15,
      "gated_query_count": 1066,
      "gated_base_count": 37,
      "gated_novel_count": 1029,
      "alpha_selection": {
        "mode": "pseudo_validation",
        "fallback_used": false,
        "selected_alpha": 0.5,
        "candidates": [
          {
            "alpha": 0.5,
            "pseudo_val_score": -0.032168,
            "pseudo_val_nll": 0.032168,
            "pseudo_val_agreement": 99.614
          },
          {
            "alpha": 0.75,
            "pseudo_val_score": -0.034091,
            "pseudo_val_nll": 0.034091,
            "pseudo_val_agreement": 99.42
          },
          {
            "alpha": 1.0,
            "pseudo_val_score": -0.037023,
            "pseudo_val_nll": 0.037023,
            "pseudo_val_agreement": 99.227
          }
        ],
        "split": {
          "novel_gated_query_count": 1066,
          "validation_count": 3106,
          "novel_validation_count": 106,
          "base_validation_count": 3000,
          "updated_class_count": 15,
          "per_class_counts": {
            "60": 65,
            "61": 66,
            "62": 105,
            "63": 56,
            "64": 66,
            "65": 83,
            "66": 83,
            "67": 68,
            "68": 80,
            "69": 92,
            "70": 86,
            "71": 63,
            "72": 42,
            "73": 72,
            "74": 39
          },
          "per_class_update_counts": {
            "60": 59,
            "61": 59,
            "62": 95,
            "63": 50,
            "64": 59,
            "65": 75,
            "66": 75,
            "67": 61,
            "68": 72,
            "69": 83,
            "70": 77,
            "71": 57,
            "72": 38,
            "73": 65,
            "74": 35
          },
          "per_class_validation_counts": {
            "60": 6,
            "61": 7,
            "62": 10,
            "63": 6,
            "64": 7,
            "65": 8,
            "66": 8,
            "67": 7,
            "68": 8,
            "69": 9,
            "70": 9,
            "71": 6,
            "72": 4,
            "73": 7,
            "74": 4
          }
        }
      }
    },
    {
      "session": 4,
      "num_seen_classes": 80,
      "baseline_full_acc": 84.675,
      "baseline_base_acc": 89.183,
      "baseline_novel_acc": 71.15,
      "selected_alpha": 0.5,
      "final_full_acc": 86.538,
      "final_base_acc": 88.717,
      "final_novel_acc": 80.0,
      "final_gain": 1.863,
      "updated_class_count": 20,
      "gated_query_count": 1514,
      "gated_base_count": 42,
      "gated_novel_count": 1472,
      "alpha_selection": {
        "mode": "pseudo_validation",
        "fallback_used": false,
        "selected_alpha": 0.5,
        "candidates": [
          {
            "alpha": 0.5,
            "pseudo_val_score": -0.042064,
            "pseudo_val_nll": 0.042064,
            "pseudo_val_agreement": 99.556
          },
          {
            "alpha": 0.75,
            "pseudo_val_score": -0.044113,
            "pseudo_val_nll": 0.044113,
            "pseudo_val_agreement": 99.302
          },
          {
            "alpha": 1.0,
            "pseudo_val_score": -0.047278,
            "pseudo_val_nll": 0.047278,
            "pseudo_val_agreement": 99.08
          }
        ],
        "split": {
          "novel_gated_query_count": 1514,
          "validation_count": 3151,
          "novel_validation_count": 151,
          "base_validation_count": 3000,
          "updated_class_count": 20,
          "per_class_counts": {
            "60": 65,
            "61": 67,
            "62": 105,
            "63": 55,
            "64": 66,
            "65": 82,
            "66": 82,
            "67": 71,
            "68": 80,
            "69": 95,
            "70": 86,
            "71": 64,
            "72": 43,
            "73": 71,
            "74": 42,
            "75": 91,
            "76": 79,
            "77": 93,
            "78": 95,
            "79": 82
          },
          "per_class_update_counts": {
            "60": 59,
            "61": 60,
            "62": 95,
            "63": 49,
            "64": 59,
            "65": 74,
            "66": 74,
            "67": 64,
            "68": 72,
            "69": 85,
            "70": 77,
            "71": 58,
            "72": 39,
            "73": 64,
            "74": 38,
            "75": 82,
            "76": 71,
            "77": 84,
            "78": 85,
            "79": 74
          },
          "per_class_validation_counts": {
            "60": 6,
            "61": 7,
            "62": 10,
            "63": 6,
            "64": 7,
            "65": 8,
            "66": 8,
            "67": 7,
            "68": 8,
            "69": 10,
            "70": 9,
            "71": 6,
            "72": 4,
            "73": 7,
            "74": 4,
            "75": 9,
            "76": 8,
            "77": 9,
            "78": 10,
            "79": 8
          }
        }
      }
    },
    {
      "session": 5,
      "num_seen_classes": 85,
      "baseline_full_acc": 84.235,
      "baseline_base_acc": 89.1,
      "baseline_novel_acc": 72.56,
      "selected_alpha": 0.5,
      "final_full_acc": 86.365,
      "final_base_acc": 88.6,
      "final_novel_acc": 81.0,
      "final_gain": 2.129,
      "updated_class_count": 25,
      "gated_query_count": 1921,
      "gated_base_count": 47,
      "gated_novel_count": 1874,
      "alpha_selection": {
        "mode": "pseudo_validation",
        "fallback_used": false,
        "selected_alpha": 0.5,
        "candidates": [
          {
            "alpha": 0.5,
            "pseudo_val_score": -0.050301,
            "pseudo_val_nll": 0.050301,
            "pseudo_val_agreement": 99.53
          },
          {
            "alpha": 0.75,
            "pseudo_val_score": -0.05286,
            "pseudo_val_nll": 0.05286,
            "pseudo_val_agreement": 99.248
          },
          {
            "alpha": 1.0,
            "pseudo_val_score": -0.056925,
            "pseudo_val_nll": 0.056925,
            "pseudo_val_agreement": 98.873
          }
        ],
        "split": {
          "novel_gated_query_count": 1921,
          "validation_count": 3193,
          "novel_validation_count": 193,
          "base_validation_count": 3000,
          "updated_class_count": 25,
          "per_class_counts": {
            "60": 65,
            "61": 67,
            "62": 106,
            "63": 55,
            "64": 66,
            "65": 83,
            "66": 82,
            "67": 72,
            "68": 81,
            "69": 95,
            "70": 87,
            "71": 62,
            "72": 42,
            "73": 72,
            "74": 48,
            "75": 92,
            "76": 79,
            "77": 93,
            "78": 95,
            "79": 82,
            "80": 66,
            "81": 72,
            "82": 99,
            "83": 90,
            "84": 70
          },
          "per_class_update_counts": {
            "60": 59,
            "61": 60,
            "62": 95,
            "63": 49,
            "64": 59,
            "65": 75,
            "66": 74,
            "67": 65,
            "68": 73,
            "69": 85,
            "70": 78,
            "71": 56,
            "72": 38,
            "73": 65,
            "74": 43,
            "75": 83,
            "76": 71,
            "77": 84,
            "78": 85,
            "79": 74,
            "80": 59,
            "81": 65,
            "82": 89,
            "83": 81,
            "84": 63
          },
          "per_class_validation_counts": {
            "60": 6,
            "61": 7,
            "62": 11,
            "63": 6,
            "64": 7,
            "65": 8,
            "66": 8,
            "67": 7,
            "68": 8,
            "69": 10,
            "70": 9,
            "71": 6,
            "72": 4,
            "73": 7,
            "74": 5,
            "75": 9,
            "76": 8,
            "77": 9,
            "78": 10,
            "79": 8,
            "80": 7,
            "81": 7,
            "82": 10,
            "83": 9,
            "84": 7
          }
        }
      }
    },
    {
      "session": 6,
      "num_seen_classes": 90,
      "baseline_full_acc": 84.378,
      "baseline_base_acc": 88.883,
      "baseline_novel_acc": 75.367,
      "selected_alpha": 0.5,
      "final_full_acc": 86.478,
      "final_base_acc": 88.333,
      "final_novel_acc": 82.767,
      "final_gain": 2.1,
      "updated_class_count": 30,
      "gated_query_count": 2394,
      "gated_base_count": 66,
      "gated_novel_count": 2328,
      "alpha_selection": {
        "mode": "pseudo_validation",
        "fallback_used": false,
        "selected_alpha": 0.5,
        "candidates": [
          {
            "alpha": 0.5,
            "pseudo_val_score": -0.061502,
            "pseudo_val_nll": 0.061502,
            "pseudo_val_agreement": 99.352
          },
          {
            "alpha": 0.75,
            "pseudo_val_score": -0.064825,
            "pseudo_val_nll": 0.064825,
            "pseudo_val_agreement": 98.951
          },
          {
            "alpha": 1.0,
            "pseudo_val_score": -0.070066,
            "pseudo_val_nll": 0.070066,
            "pseudo_val_agreement": 98.426
          }
        ],
        "split": {
          "novel_gated_query_count": 2394,
          "validation_count": 3240,
          "novel_validation_count": 240,
          "base_validation_count": 3000,
          "updated_class_count": 30,
          "per_class_counts": {
            "60": 65,
            "61": 67,
            "62": 106,
            "63": 55,
            "64": 66,
            "65": 83,
            "66": 81,
            "67": 73,
            "68": 81,
            "69": 95,
            "70": 87,
            "71": 63,
            "72": 44,
            "73": 71,
            "74": 51,
            "75": 92,
            "76": 79,
            "77": 93,
            "78": 95,
            "79": 82,
            "80": 66,
            "81": 73,
            "82": 99,
            "83": 90,
            "84": 71,
            "85": 95,
            "86": 88,
            "87": 90,
            "88": 93,
            "89": 100
          },
          "per_class_update_counts": {
            "60": 59,
            "61": 60,
            "62": 95,
            "63": 49,
            "64": 59,
            "65": 75,
            "66": 73,
            "67": 66,
            "68": 73,
            "69": 85,
            "70": 78,
            "71": 57,
            "72": 40,
            "73": 64,
            "74": 46,
            "75": 83,
            "76": 71,
            "77": 84,
            "78": 85,
            "79": 74,
            "80": 59,
            "81": 66,
            "82": 89,
            "83": 81,
            "84": 64,
            "85": 85,
            "86": 79,
            "87": 81,
            "88": 84,
            "89": 90
          },
          "per_class_validation_counts": {
            "60": 6,
            "61": 7,
            "62": 11,
            "63": 6,
            "64": 7,
            "65": 8,
            "66": 8,
            "67": 7,
            "68": 8,
            "69": 10,
            "70": 9,
            "71": 6,
            "72": 4,
            "73": 7,
            "74": 5,
            "75": 9,
            "76": 8,
            "77": 9,
            "78": 10,
            "79": 8,
            "80": 7,
            "81": 7,
            "82": 10,
            "83": 9,
            "84": 7,
            "85": 10,
            "86": 9,
            "87": 9,
            "88": 9,
            "89": 10
          }
        }
      }
    },
    {
      "session": 7,
      "num_seen_classes": 95,
      "baseline_full_acc": 84.147,
      "baseline_base_acc": 88.767,
      "baseline_novel_acc": 76.229,
      "selected_alpha": 0.5,
      "final_full_acc": 86.274,
      "final_base_acc": 88.217,
      "final_novel_acc": 82.943,
      "final_gain": 2.126,
      "updated_class_count": 35,
      "gated_query_count": 2854,
      "gated_base_count": 75,
      "gated_novel_count": 2779,
      "alpha_selection": {
        "mode": "pseudo_validation",
        "fallback_used": false,
        "selected_alpha": 0.5,
        "candidates": [
          {
            "alpha": 0.5,
            "pseudo_val_score": -0.07482,
            "pseudo_val_nll": 0.07482,
            "pseudo_val_agreement": 99.209
          },
          {
            "alpha": 0.75,
            "pseudo_val_score": -0.079794,
            "pseudo_val_nll": 0.079794,
            "pseudo_val_agreement": 98.692
          },
          {
            "alpha": 1.0,
            "pseudo_val_score": -0.086836,
            "pseudo_val_nll": 0.086836,
            "pseudo_val_agreement": 98.053
          }
        ],
        "split": {
          "novel_gated_query_count": 2854,
          "validation_count": 3287,
          "novel_validation_count": 287,
          "base_validation_count": 3000,
          "updated_class_count": 35,
          "per_class_counts": {
            "60": 66,
            "61": 66,
            "62": 108,
            "63": 56,
            "64": 66,
            "65": 83,
            "66": 82,
            "67": 71,
            "68": 81,
            "69": 94,
            "70": 87,
            "71": 63,
            "72": 47,
            "73": 73,
            "74": 57,
            "75": 92,
            "76": 79,
            "77": 94,
            "78": 96,
            "79": 82,
            "80": 66,
            "81": 82,
            "82": 99,
            "83": 90,
            "84": 69,
            "85": 95,
            "86": 88,
            "87": 88,
            "88": 93,
            "89": 100,
            "90": 81,
            "91": 88,
            "92": 84,
            "93": 89,
            "94": 99
          },
          "per_class_update_counts": {
            "60": 59,
            "61": 59,
            "62": 97,
            "63": 50,
            "64": 59,
            "65": 75,
            "66": 74,
            "67": 64,
            "68": 73,
            "69": 85,
            "70": 78,
            "71": 57,
            "72": 42,
            "73": 66,
            "74": 51,
            "75": 83,
            "76": 71,
            "77": 85,
            "78": 86,
            "79": 74,
            "80": 59,
            "81": 74,
            "82": 89,
            "83": 81,
            "84": 62,
            "85": 85,
            "86": 79,
            "87": 79,
            "88": 84,
            "89": 90,
            "90": 73,
            "91": 79,
            "92": 76,
            "93": 80,
            "94": 89
          },
          "per_class_validation_counts": {
            "60": 7,
            "61": 7,
            "62": 11,
            "63": 6,
            "64": 7,
            "65": 8,
            "66": 8,
            "67": 7,
            "68": 8,
            "69": 9,
            "70": 9,
            "71": 6,
            "72": 5,
            "73": 7,
            "74": 6,
            "75": 9,
            "76": 8,
            "77": 9,
            "78": 10,
            "79": 8,
            "80": 7,
            "81": 8,
            "82": 10,
            "83": 9,
            "84": 7,
            "85": 10,
            "86": 9,
            "87": 9,
            "88": 9,
            "89": 10,
            "90": 8,
            "91": 9,
            "92": 8,
            "93": 9,
            "94": 10
          }
        }
      }
    },
    {
      "session": 8,
      "num_seen_classes": 100,
      "baseline_full_acc": 82.96,
      "baseline_base_acc": 88.467,
      "baseline_novel_acc": 74.7,
      "selected_alpha": 0.5,
      "final_full_acc": 85.31,
      "final_base_acc": 87.933,
      "final_novel_acc": 81.375,
      "final_gain": 2.35,
      "updated_class_count": 40,
      "gated_query_count": 3199,
      "gated_base_count": 83,
      "gated_novel_count": 3116,
      "alpha_selection": {
        "mode": "pseudo_validation",
        "fallback_used": false,
        "selected_alpha": 0.5,
        "candidates": [
          {
            "alpha": 0.5,
            "pseudo_val_score": -0.084628,
            "pseudo_val_nll": 0.084628,
            "pseudo_val_agreement": 98.915
          },
          {
            "alpha": 0.75,
            "pseudo_val_score": -0.091033,
            "pseudo_val_nll": 0.091033,
            "pseudo_val_agreement": 98.192
          },
          {
            "alpha": 1.0,
            "pseudo_val_score": -0.099258,
            "pseudo_val_nll": 0.099258,
            "pseudo_val_agreement": 97.62
          }
        ],
        "split": {
          "novel_gated_query_count": 3199,
          "validation_count": 3319,
          "novel_validation_count": 319,
          "base_validation_count": 3000,
          "updated_class_count": 40,
          "per_class_counts": {
            "60": 67,
            "61": 65,
            "62": 107,
            "63": 56,
            "64": 66,
            "65": 83,
            "66": 83,
            "67": 70,
            "68": 82,
            "69": 93,
            "70": 86,
            "71": 57,
            "72": 45,
            "73": 72,
            "74": 54,
            "75": 91,
            "76": 80,
            "77": 94,
            "78": 93,
            "79": 81,
            "80": 66,
            "81": 82,
            "82": 99,
            "83": 90,
            "84": 69,
            "85": 96,
            "86": 90,
            "87": 89,
            "88": 92,
            "89": 100,
            "90": 81,
            "91": 87,
            "92": 84,
            "93": 89,
            "94": 98,
            "95": 60,
            "96": 61,
            "97": 95,
            "98": 52,
            "99": 94
          },
          "per_class_update_counts": {
            "60": 60,
            "61": 59,
            "62": 96,
            "63": 50,
            "64": 59,
            "65": 75,
            "66": 75,
            "67": 63,
            "68": 74,
            "69": 84,
            "70": 77,
            "71": 51,
            "72": 41,
            "73": 65,
            "74": 49,
            "75": 82,
            "76": 72,
            "77": 85,
            "78": 84,
            "79": 73,
            "80": 59,
            "81": 74,
            "82": 89,
            "83": 81,
            "84": 62,
            "85": 86,
            "86": 81,
            "87": 80,
            "88": 83,
            "89": 90,
            "90": 73,
            "91": 78,
            "92": 76,
            "93": 80,
            "94": 88,
            "95": 54,
            "96": 55,
            "97": 85,
            "98": 47,
            "99": 85
          },
          "per_class_validation_counts": {
            "60": 7,
            "61": 6,
            "62": 11,
            "63": 6,
            "64": 7,
            "65": 8,
            "66": 8,
            "67": 7,
            "68": 8,
            "69": 9,
            "70": 9,
            "71": 6,
            "72": 4,
            "73": 7,
            "74": 5,
            "75": 9,
            "76": 8,
            "77": 9,
            "78": 9,
            "79": 8,
            "80": 7,
            "81": 8,
            "82": 10,
            "83": 9,
            "84": 7,
            "85": 10,
            "86": 9,
            "87": 9,
            "88": 9,
            "89": 10,
            "90": 8,
            "91": 9,
            "92": 8,
            "93": 9,
            "94": 10,
            "95": 6,
            "96": 6,
            "97": 10,
            "98": 5,
            "99": 9
          }
        }
      }
    }
  ]
}
