/media/ndag/newVolume/BiMC-test/models/clip/clip.py:23: UserWarning: PyTorch version 1.7.1 or higher is recommended
  warnings.warn("PyTorch version 1.7.1 or higher is recommended")
manual seed: 1
use gpu: ['0']
Files already downloaded and verified
Files already downloaded and verified
Loading CLIP (backbone: ViT-B/16)
Prompt template:['a photo of a {}.']
Loading DinoV2 ViT-B/14 from local hub: /home/ndag/.cache/torch/hub/facebookresearch_dinov2_main
/home/ndag/.cache/torch/hub/facebookresearch_dinov2_main/dinov2/layers/swiglu_ffn.py:51: UserWarning: xFormers is not available (SwiGLU)
  warnings.warn("xFormers is not available (SwiGLU)")
/home/ndag/.cache/torch/hub/facebookresearch_dinov2_main/dinov2/layers/attention.py:36: UserWarning: xFormers is not available (Attention)
  warnings.warn("xFormers is not available (Attention)")
/home/ndag/.cache/torch/hub/facebookresearch_dinov2_main/dinov2/layers/block.py:40: UserWarning: xFormers is not available (Block)
  warnings.warn("xFormers is not available (Block)")
Loading DinoV2 weights: /home/ndag/.cache/torch/hub/checkpoints/dinov2_vitb14_pretrain.pth
class names: ['apple' 'aquarium fish' 'baby' 'bear' 'beaver' 'bed' 'bee' 'beetle'
 'bicycle' 'bottle' 'bowl' 'boy' 'bridge' 'bus' 'butterfly' 'camel' 'can'
 'castle' 'caterpillar' 'cattle' 'chair' 'chimpanzee' 'clock' 'cloud'
 'cockroach' 'couch' 'crab' 'crocodile' 'cup' 'dinosaur' 'dolphin'
 'elephant' 'flatfish' 'forest' 'fox' 'girl' 'hamster' 'house' 'kangaroo'
 'keyboard' 'lamp' 'lawn mower' 'leopard' 'lion' 'lizard' 'lobster' 'man'
 'maple tree' 'motorcycle' 'mountain' 'mouse' 'mushroom' 'oak tree'
 'orange' 'orchid' 'otter' 'palm tree' 'pear' 'pickup truck' 'pine tree']
all targets:tensor([ 0,  1,  2,  3,  4,  5,  6,  7,  8,  9, 10, 11, 12, 13, 14, 15, 16, 17,
        18, 19, 20, 21, 22, 23, 24, 25, 26, 27, 28, 29, 30, 31, 32, 33, 34, 35,
        36, 37, 38, 39, 40, 41, 42, 43, 44, 45, 46, 47, 48, 49, 50, 51, 52, 53,
        54, 55, 56, 57, 58, 59], device='cuda:0')
dino all targets:tensor([ 0,  1,  2,  3,  4,  5,  6,  7,  8,  9, 10, 11, 12, 13, 14, 15, 16, 17,
        18, 19, 20, 21, 22, 23, 24, 25, 26, 27, 28, 29, 30, 31, 32, 33, 34, 35,
        36, 37, 38, 39, 40, 41, 42, 43, 44, 45, 46, 47, 48, 49, 50, 51, 52, 53,
        54, 55, 56, 57, 58, 59], device='cuda:0')
finish loading CLIP/DinoV2 covariance
class names: ['plain' 'plate' 'poppy' 'porcupine' 'possum']
all targets:tensor([60, 61, 62, 63, 64], device='cuda:0')
dino all targets:tensor([60, 61, 62, 63, 64], device='cuda:0')
finish loading CLIP/DinoV2 covariance
class names: ['rabbit' 'raccoon' 'ray' 'road' 'rocket']
all targets:tensor([65, 66, 67, 68, 69], device='cuda:0')
dino all targets:tensor([65, 66, 67, 68, 69], device='cuda:0')
finish loading CLIP/DinoV2 covariance
class names: ['rose' 'sea' 'seal' 'shark' 'shrew']
all targets:tensor([70, 71, 72, 73, 74], device='cuda:0')
dino all targets:tensor([70, 71, 72, 73, 74], device='cuda:0')
finish loading CLIP/DinoV2 covariance
class names: ['skunk' 'skyscraper' 'snail' 'snake' 'spider']
all targets:tensor([75, 76, 77, 78, 79], device='cuda:0')
dino all targets:tensor([75, 76, 77, 78, 79], device='cuda:0')
finish loading CLIP/DinoV2 covariance
class names: ['squirrel' 'streetcar' 'sunflower' 'sweet pepper' 'table']
all targets:tensor([80, 81, 82, 83, 84], device='cuda:0')
dino all targets:tensor([80, 81, 82, 83, 84], device='cuda:0')
finish loading CLIP/DinoV2 covariance
class names: ['tank' 'telephone' 'television' 'tiger' 'tractor']
all targets:tensor([85, 86, 87, 88, 89], device='cuda:0')
dino all targets:tensor([85, 86, 87, 88, 89], device='cuda:0')
finish loading CLIP/DinoV2 covariance
class names: ['train' 'trout' 'tulip' 'turtle' 'wardrobe']
all targets:tensor([90, 91, 92, 93, 94], device='cuda:0')
dino all targets:tensor([90, 91, 92, 93, 94], device='cuda:0')
finish loading CLIP/DinoV2 covariance
class names: ['whale' 'willow tree' 'wolf' 'woman' 'worm']
all targets:tensor([95, 96, 97, 98, 99], device='cuda:0')
dino all targets:tensor([95, 96, 97, 98, 99], device='cuda:0')
finish loading CLIP/DinoV2 covariance
session 0: baseline=89.750 final=89.750 gain=0.000
session 1: baseline=88.015 final=88.600 gain=0.585
session 2: baseline=87.429 final=88.271 gain=0.843
session 3: baseline=85.573 final=87.120 gain=1.547
session 4: baseline=85.263 final=87.200 gain=1.938
session 5: baseline=85.047 final=87.071 gain=2.024
session 6: baseline=85.133 final=87.233 gain=2.100
session 7: baseline=84.895 final=87.116 gain=2.221
session 8: baseline=83.170 final=85.780 gain=2.610
{
  "dataset": "CIFAR100",
  "seed": 1,
  "train_cfg": "experiments/bmvc_1256_20260508-124032/generated_configs/bimc_dino_fusion.yaml",
  "method": "sessionwise conservative query prototype refinement on bimc_dino_fusion with pseudo-validation alpha selection",
  "runtime_sec": 450.102,
  "alpha_grid": [
    0.5,
    0.75,
    1.0
  ],
  "alpha_selection": "pseudo_validation_no_test_labels",
  "mass_thr": 0.3,
  "min_count": 10,
  "val_fraction": 0.2,
  "base_val_conf_thr": 0.5,
  "base_val_max_per_class": 50,
  "fallback_alpha": 0.75,
  "topk_per_class": null,
  "baseline_acc_list": [
    89.75,
    88.015,
    87.429,
    85.573,
    85.263,
    85.047,
    85.133,
    84.895,
    83.17
  ],
  "final_acc_list": [
    89.75,
    88.6,
    88.271,
    87.12,
    87.2,
    87.071,
    87.233,
    87.116,
    85.78
  ],
  "gain_list": [
    0.0,
    0.585,
    0.843,
    1.547,
    1.938,
    2.024,
    2.1,
    2.221,
    2.61
  ],
  "baseline_avg": 86.031,
  "baseline_pd": 6.58,
  "final_avg": 87.571,
  "final_pd": 3.97,
  "gain_avg": 1.541,
  "session_results": [
    {
      "session": 0,
      "num_seen_classes": 60,
      "baseline_full_acc": 89.75,
      "baseline_base_acc": 89.75,
      "baseline_novel_acc": 0.0,
      "best_alpha": null,
      "final_full_acc": 89.75,
      "final_base_acc": 89.75,
      "final_novel_acc": 0.0,
      "final_gain": 0.0,
      "updated_class_count": 0,
      "gated_query_count": 0,
      "alpha_selection": {
        "mode": "not_applicable_base_session",
        "selected_alpha": null
      }
    },
    {
      "session": 1,
      "num_seen_classes": 65,
      "baseline_full_acc": 88.015,
      "baseline_base_acc": 89.467,
      "baseline_novel_acc": 70.6,
      "selected_alpha": 0.5,
      "final_full_acc": 88.6,
      "final_base_acc": 89.317,
      "final_novel_acc": 80.0,
      "final_gain": 0.585,
      "updated_class_count": 5,
      "gated_query_count": 364,
      "gated_base_count": 11,
      "gated_novel_count": 353,
      "alpha_selection": {
        "mode": "pseudo_validation",
        "fallback_used": false,
        "selected_alpha": 0.5,
        "candidates": [
          {
            "alpha": 0.5,
            "pseudo_val_score": -0.020418,
            "pseudo_val_nll": 0.020418,
            "pseudo_val_agreement": 99.935
          },
          {
            "alpha": 0.75,
            "pseudo_val_score": -0.021153,
            "pseudo_val_nll": 0.021153,
            "pseudo_val_agreement": 99.707
          },
          {
            "alpha": 1.0,
            "pseudo_val_score": -0.022851,
            "pseudo_val_nll": 0.022851,
            "pseudo_val_agreement": 99.512
          }
        ],
        "split": {
          "novel_gated_query_count": 364,
          "validation_count": 3073,
          "novel_validation_count": 73,
          "base_validation_count": 3000,
          "updated_class_count": 5,
          "per_class_counts": {
            "60": 62,
            "61": 78,
            "62": 101,
            "63": 54,
            "64": 69
          },
          "per_class_update_counts": {
            "60": 50,
            "61": 62,
            "62": 81,
            "63": 43,
            "64": 55
          },
          "per_class_validation_counts": {
            "60": 12,
            "61": 16,
            "62": 20,
            "63": 11,
            "64": 14
          }
        }
      }
    },
    {
      "session": 2,
      "num_seen_classes": 70,
      "baseline_full_acc": 87.429,
      "baseline_base_acc": 89.283,
      "baseline_novel_acc": 76.3,
      "selected_alpha": 0.5,
      "final_full_acc": 88.271,
      "final_base_acc": 89.117,
      "final_novel_acc": 83.2,
      "final_gain": 0.843,
      "updated_class_count": 10,
      "gated_query_count": 799,
      "gated_base_count": 23,
      "gated_novel_count": 776,
      "alpha_selection": {
        "mode": "pseudo_validation",
        "fallback_used": false,
        "selected_alpha": 0.5,
        "candidates": [
          {
            "alpha": 0.5,
            "pseudo_val_score": -0.04178,
            "pseudo_val_nll": 0.04178,
            "pseudo_val_agreement": 99.525
          },
          {
            "alpha": 0.75,
            "pseudo_val_score": -0.044656,
            "pseudo_val_nll": 0.044656,
            "pseudo_val_agreement": 99.304
          },
          {
            "alpha": 1.0,
            "pseudo_val_score": -0.049511,
            "pseudo_val_nll": 0.049511,
            "pseudo_val_agreement": 98.924
          }
        ],
        "split": {
          "novel_gated_query_count": 799,
          "validation_count": 3161,
          "novel_validation_count": 161,
          "base_validation_count": 3000,
          "updated_class_count": 10,
          "per_class_counts": {
            "60": 58,
            "61": 78,
            "62": 101,
            "63": 54,
            "64": 66,
            "65": 83,
            "66": 94,
            "67": 78,
            "68": 96,
            "69": 91
          },
          "per_class_update_counts": {
            "60": 46,
            "61": 62,
            "62": 81,
            "63": 43,
            "64": 53,
            "65": 66,
            "66": 75,
            "67": 62,
            "68": 77,
            "69": 73
          },
          "per_class_validation_counts": {
            "60": 12,
            "61": 16,
            "62": 20,
            "63": 11,
            "64": 13,
            "65": 17,
            "66": 19,
            "67": 16,
            "68": 19,
            "69": 18
          }
        }
      }
    },
    {
      "session": 3,
      "num_seen_classes": 75,
      "baseline_full_acc": 85.573,
      "baseline_base_acc": 89.05,
      "baseline_novel_acc": 71.667,
      "selected_alpha": 0.5,
      "final_full_acc": 87.12,
      "final_base_acc": 88.867,
      "final_novel_acc": 80.133,
      "final_gain": 1.547,
      "updated_class_count": 15,
      "gated_query_count": 1159,
      "gated_base_count": 38,
      "gated_novel_count": 1121,
      "alpha_selection": {
        "mode": "pseudo_validation",
        "fallback_used": false,
        "selected_alpha": 0.5,
        "candidates": [
          {
            "alpha": 0.5,
            "pseudo_val_score": -0.059629,
            "pseudo_val_nll": 0.059629,
            "pseudo_val_agreement": 99.412
          },
          {
            "alpha": 0.75,
            "pseudo_val_score": -0.063794,
            "pseudo_val_nll": 0.063794,
            "pseudo_val_agreement": 98.855
          },
          {
            "alpha": 1.0,
            "pseudo_val_score": -0.070603,
            "pseudo_val_nll": 0.070603,
            "pseudo_val_agreement": 98.267
          }
        ],
        "split": {
          "novel_gated_query_count": 1159,
          "validation_count": 3231,
          "novel_validation_count": 231,
          "base_validation_count": 3000,
          "updated_class_count": 15,
          "per_class_counts": {
            "60": 59,
            "61": 77,
            "62": 97,
            "63": 55,
            "64": 66,
            "65": 83,
            "66": 95,
            "67": 72,
            "68": 99,
            "69": 89,
            "70": 98,
            "71": 92,
            "72": 51,
            "73": 81,
            "74": 45
          },
          "per_class_update_counts": {
            "60": 47,
            "61": 62,
            "62": 78,
            "63": 44,
            "64": 53,
            "65": 66,
            "66": 76,
            "67": 58,
            "68": 79,
            "69": 71,
            "70": 78,
            "71": 74,
            "72": 41,
            "73": 65,
            "74": 36
          },
          "per_class_validation_counts": {
            "60": 12,
            "61": 15,
            "62": 19,
            "63": 11,
            "64": 13,
            "65": 17,
            "66": 19,
            "67": 14,
            "68": 20,
            "69": 18,
            "70": 20,
            "71": 18,
            "72": 10,
            "73": 16,
            "74": 9
          }
        }
      }
    },
    {
      "session": 4,
      "num_seen_classes": 80,
      "baseline_full_acc": 85.263,
      "baseline_base_acc": 88.867,
      "baseline_novel_acc": 74.45,
      "selected_alpha": 0.5,
      "final_full_acc": 87.2,
      "final_base_acc": 88.683,
      "final_novel_acc": 82.75,
      "final_gain": 1.938,
      "updated_class_count": 20,
      "gated_query_count": 1585,
      "gated_base_count": 45,
      "gated_novel_count": 1540,
      "alpha_selection": {
        "mode": "pseudo_validation",
        "fallback_used": false,
        "selected_alpha": 0.5,
        "candidates": [
          {
            "alpha": 0.5,
            "pseudo_val_score": -0.075258,
            "pseudo_val_nll": 0.075258,
            "pseudo_val_agreement": 99.277
          },
          {
            "alpha": 0.75,
            "pseudo_val_score": -0.080227,
            "pseudo_val_nll": 0.080227,
            "pseudo_val_agreement": 98.704
          },
          {
            "alpha": 1.0,
            "pseudo_val_score": -0.089055,
            "pseudo_val_nll": 0.089055,
            "pseudo_val_agreement": 97.8
          }
        ],
        "split": {
          "novel_gated_query_count": 1585,
          "validation_count": 3318,
          "novel_validation_count": 318,
          "base_validation_count": 3000,
          "updated_class_count": 20,
          "per_class_counts": {
            "60": 59,
            "61": 78,
            "62": 97,
            "63": 53,
            "64": 66,
            "65": 82,
            "66": 94,
            "67": 73,
            "68": 98,
            "69": 89,
            "70": 97,
            "71": 92,
            "72": 51,
            "73": 79,
            "74": 44,
            "75": 96,
            "76": 85,
            "77": 93,
            "78": 93,
            "79": 66
          },
          "per_class_update_counts": {
            "60": 47,
            "61": 62,
            "62": 78,
            "63": 42,
            "64": 53,
            "65": 66,
            "66": 75,
            "67": 58,
            "68": 78,
            "69": 71,
            "70": 78,
            "71": 74,
            "72": 41,
            "73": 63,
            "74": 35,
            "75": 77,
            "76": 68,
            "77": 74,
            "78": 74,
            "79": 53
          },
          "per_class_validation_counts": {
            "60": 12,
            "61": 16,
            "62": 19,
            "63": 11,
            "64": 13,
            "65": 16,
            "66": 19,
            "67": 15,
            "68": 20,
            "69": 18,
            "70": 19,
            "71": 18,
            "72": 10,
            "73": 16,
            "74": 9,
            "75": 19,
            "76": 17,
            "77": 19,
            "78": 19,
            "79": 13
          }
        }
      }
    },
    {
      "session": 5,
      "num_seen_classes": 85,
      "baseline_full_acc": 85.047,
      "baseline_base_acc": 88.783,
      "baseline_novel_acc": 76.08,
      "selected_alpha": 0.5,
      "final_full_acc": 87.071,
      "final_base_acc": 88.583,
      "final_novel_acc": 83.44,
      "final_gain": 2.024,
      "updated_class_count": 25,
      "gated_query_count": 2012,
      "gated_base_count": 50,
      "gated_novel_count": 1962,
      "alpha_selection": {
        "mode": "pseudo_validation",
        "fallback_used": false,
        "selected_alpha": 0.5,
        "candidates": [
          {
            "alpha": 0.5,
            "pseudo_val_score": -0.089027,
            "pseudo_val_nll": 0.089027,
            "pseudo_val_agreement": 99.148
          },
          {
            "alpha": 0.75,
            "pseudo_val_score": -0.094576,
            "pseudo_val_nll": 0.094576,
            "pseudo_val_agreement": 98.414
          },
          {
            "alpha": 1.0,
            "pseudo_val_score": -0.104734,
            "pseudo_val_nll": 0.104734,
            "pseudo_val_agreement": 97.533
          }
        ],
        "split": {
          "novel_gated_query_count": 2012,
          "validation_count": 3405,
          "novel_validation_count": 405,
          "base_validation_count": 3000,
          "updated_class_count": 25,
          "per_class_counts": {
            "60": 59,
            "61": 78,
            "62": 97,
            "63": 53,
            "64": 66,
            "65": 83,
            "66": 95,
            "67": 72,
            "68": 100,
            "69": 89,
            "70": 98,
            "71": 94,
            "72": 51,
            "73": 80,
            "74": 44,
            "75": 98,
            "76": 83,
            "77": 90,
            "78": 94,
            "79": 65,
            "80": 71,
            "81": 83,
            "82": 99,
            "83": 93,
            "84": 77
          },
          "per_class_update_counts": {
            "60": 47,
            "61": 62,
            "62": 78,
            "63": 42,
            "64": 53,
            "65": 66,
            "66": 76,
            "67": 58,
            "68": 80,
            "69": 71,
            "70": 78,
            "71": 75,
            "72": 41,
            "73": 64,
            "74": 35,
            "75": 78,
            "76": 66,
            "77": 72,
            "78": 75,
            "79": 52,
            "80": 57,
            "81": 66,
            "82": 79,
            "83": 74,
            "84": 62
          },
          "per_class_validation_counts": {
            "60": 12,
            "61": 16,
            "62": 19,
            "63": 11,
            "64": 13,
            "65": 17,
            "66": 19,
            "67": 14,
            "68": 20,
            "69": 18,
            "70": 20,
            "71": 19,
            "72": 10,
            "73": 16,
            "74": 9,
            "75": 20,
            "76": 17,
            "77": 18,
            "78": 19,
            "79": 13,
            "80": 14,
            "81": 17,
            "82": 20,
            "83": 19,
            "84": 15
          }
        }
      }
    },
    {
      "session": 6,
      "num_seen_classes": 90,
      "baseline_full_acc": 85.133,
      "baseline_base_acc": 88.617,
      "baseline_novel_acc": 78.167,
      "selected_alpha": 0.5,
      "final_full_acc": 87.233,
      "final_base_acc": 88.4,
      "final_novel_acc": 84.9,
      "final_gain": 2.1,
      "updated_class_count": 30,
      "gated_query_count": 2466,
      "gated_base_count": 57,
      "gated_novel_count": 2409,
      "alpha_selection": {
        "mode": "pseudo_validation",
        "fallback_used": false,
        "selected_alpha": 0.5,
        "candidates": [
          {
            "alpha": 0.5,
            "pseudo_val_score": -0.102278,
            "pseudo_val_nll": 0.102278,
            "pseudo_val_agreement": 99.142
          },
          {
            "alpha": 0.75,
            "pseudo_val_score": -0.107616,
            "pseudo_val_nll": 0.107616,
            "pseudo_val_agreement": 98.426
          },
          {
            "alpha": 1.0,
            "pseudo_val_score": -0.117719,
            "pseudo_val_nll": 0.117719,
            "pseudo_val_agreement": 97.368
          }
        ],
        "split": {
          "novel_gated_query_count": 2466,
          "validation_count": 3495,
          "novel_validation_count": 495,
          "base_validation_count": 3000,
          "updated_class_count": 30,
          "per_class_counts": {
            "60": 59,
            "61": 78,
            "62": 97,
            "63": 53,
            "64": 66,
            "65": 83,
            "66": 95,
            "67": 72,
            "68": 101,
            "69": 86,
            "70": 98,
            "71": 93,
            "72": 51,
            "73": 80,
            "74": 44,
            "75": 97,
            "76": 83,
            "77": 90,
            "78": 93,
            "79": 65,
            "80": 72,
            "81": 83,
            "82": 99,
            "83": 92,
            "84": 78,
            "85": 98,
            "86": 92,
            "87": 83,
            "88": 86,
            "89": 99
          },
          "per_class_update_counts": {
            "60": 47,
            "61": 62,
            "62": 78,
            "63": 42,
            "64": 53,
            "65": 66,
            "66": 76,
            "67": 58,
            "68": 81,
            "69": 69,
            "70": 78,
            "71": 74,
            "72": 41,
            "73": 64,
            "74": 35,
            "75": 78,
            "76": 66,
            "77": 72,
            "78": 74,
            "79": 52,
            "80": 58,
            "81": 66,
            "82": 79,
            "83": 74,
            "84": 62,
            "85": 78,
            "86": 74,
            "87": 66,
            "88": 69,
            "89": 79
          },
          "per_class_validation_counts": {
            "60": 12,
            "61": 16,
            "62": 19,
            "63": 11,
            "64": 13,
            "65": 17,
            "66": 19,
            "67": 14,
            "68": 20,
            "69": 17,
            "70": 20,
            "71": 19,
            "72": 10,
            "73": 16,
            "74": 9,
            "75": 19,
            "76": 17,
            "77": 18,
            "78": 19,
            "79": 13,
            "80": 14,
            "81": 17,
            "82": 20,
            "83": 18,
            "84": 16,
            "85": 20,
            "86": 18,
            "87": 17,
            "88": 17,
            "89": 20
          }
        }
      }
    },
    {
      "session": 7,
      "num_seen_classes": 95,
      "baseline_full_acc": 84.895,
      "baseline_base_acc": 88.683,
      "baseline_novel_acc": 78.4,
      "selected_alpha": 0.5,
      "final_full_acc": 87.116,
      "final_base_acc": 88.367,
      "final_novel_acc": 84.971,
      "final_gain": 2.221,
      "updated_class_count": 35,
      "gated_query_count": 2909,
      "gated_base_count": 67,
      "gated_novel_count": 2842,
      "alpha_selection": {
        "mode": "pseudo_validation",
        "fallback_used": false,
        "selected_alpha": 0.5,
        "candidates": [
          {
            "alpha": 0.5,
            "pseudo_val_score": -0.11923,
            "pseudo_val_nll": 0.11923,
            "pseudo_val_agreement": 98.855
          },
          {
            "alpha": 0.75,
            "pseudo_val_score": -0.1255,
            "pseudo_val_nll": 0.1255,
            "pseudo_val_agreement": 97.961
          },
          {
            "alpha": 1.0,
            "pseudo_val_score": -0.136616,
            "pseudo_val_nll": 0.136616,
            "pseudo_val_agreement": 96.9
          }
        ],
        "split": {
          "novel_gated_query_count": 2909,
          "validation_count": 3581,
          "novel_validation_count": 581,
          "base_validation_count": 3000,
          "updated_class_count": 35,
          "per_class_counts": {
            "60": 59,
            "61": 78,
            "62": 97,
            "63": 54,
            "64": 66,
            "65": 82,
            "66": 96,
            "67": 72,
            "68": 101,
            "69": 86,
            "70": 104,
            "71": 93,
            "72": 53,
            "73": 80,
            "74": 45,
            "75": 97,
            "76": 83,
            "77": 92,
            "78": 94,
            "79": 67,
            "80": 71,
            "81": 89,
            "82": 100,
            "83": 93,
            "84": 77,
            "85": 99,
            "86": 92,
            "87": 82,
            "88": 86,
            "89": 99,
            "90": 84,
            "91": 80,
            "92": 82,
            "93": 83,
            "94": 93
          },
          "per_class_update_counts": {
            "60": 47,
            "61": 62,
            "62": 78,
            "63": 43,
            "64": 53,
            "65": 66,
            "66": 77,
            "67": 58,
            "68": 81,
            "69": 69,
            "70": 83,
            "71": 74,
            "72": 42,
            "73": 64,
            "74": 36,
            "75": 78,
            "76": 66,
            "77": 74,
            "78": 75,
            "79": 54,
            "80": 57,
            "81": 71,
            "82": 80,
            "83": 74,
            "84": 62,
            "85": 79,
            "86": 74,
            "87": 66,
            "88": 69,
            "89": 79,
            "90": 67,
            "91": 64,
            "92": 66,
            "93": 66,
            "94": 74
          },
          "per_class_validation_counts": {
            "60": 12,
            "61": 16,
            "62": 19,
            "63": 11,
            "64": 13,
            "65": 16,
            "66": 19,
            "67": 14,
            "68": 20,
            "69": 17,
            "70": 21,
            "71": 19,
            "72": 11,
            "73": 16,
            "74": 9,
            "75": 19,
            "76": 17,
            "77": 18,
            "78": 19,
            "79": 13,
            "80": 14,
            "81": 18,
            "82": 20,
            "83": 19,
            "84": 15,
            "85": 20,
            "86": 18,
            "87": 16,
            "88": 17,
            "89": 20,
            "90": 17,
            "91": 16,
            "92": 16,
            "93": 17,
            "94": 19
          }
        }
      }
    },
    {
      "session": 8,
      "num_seen_classes": 100,
      "baseline_full_acc": 83.17,
      "baseline_base_acc": 88.25,
      "baseline_novel_acc": 75.55,
      "selected_alpha": 0.5,
      "final_full_acc": 85.78,
      "final_base_acc": 87.9,
      "final_novel_acc": 82.6,
      "final_gain": 2.61,
      "updated_class_count": 40,
      "gated_query_count": 3224,
      "gated_base_count": 77,
      "gated_novel_count": 3147,
      "alpha_selection": {
        "mode": "pseudo_validation",
        "fallback_used": false,
        "selected_alpha": 0.5,
        "candidates": [
          {
            "alpha": 0.5,
            "pseudo_val_score": -0.130163,
            "pseudo_val_nll": 0.130163,
            "pseudo_val_agreement": 98.738
          },
          {
            "alpha": 0.75,
            "pseudo_val_score": -0.137155,
            "pseudo_val_nll": 0.137155,
            "pseudo_val_agreement": 97.641
          },
          {
            "alpha": 1.0,
            "pseudo_val_score": -0.149289,
            "pseudo_val_nll": 0.149289,
            "pseudo_val_agreement": 96.543
          }
        ],
        "split": {
          "novel_gated_query_count": 3224,
          "validation_count": 3645,
          "novel_validation_count": 645,
          "base_validation_count": 3000,
          "updated_class_count": 40,
          "per_class_counts": {
            "60": 59,
            "61": 77,
            "62": 95,
            "63": 54,
            "64": 66,
            "65": 83,
            "66": 96,
            "67": 70,
            "68": 100,
            "69": 86,
            "70": 104,
            "71": 95,
            "72": 52,
            "73": 86,
            "74": 44,
            "75": 96,
            "76": 84,
            "77": 93,
            "78": 88,
            "79": 64,
            "80": 70,
            "81": 88,
            "82": 100,
            "83": 92,
            "84": 77,
            "85": 99,
            "86": 93,
            "87": 82,
            "88": 86,
            "89": 99,
            "90": 84,
            "91": 79,
            "92": 84,
            "93": 82,
            "94": 92,
            "95": 41,
            "96": 34,
            "97": 92,
            "98": 55,
            "99": 103
          },
          "per_class_update_counts": {
            "60": 47,
            "61": 62,
            "62": 76,
            "63": 43,
            "64": 53,
            "65": 66,
            "66": 77,
            "67": 56,
            "68": 80,
            "69": 69,
            "70": 83,
            "71": 76,
            "72": 42,
            "73": 69,
            "74": 35,
            "75": 77,
            "76": 67,
            "77": 74,
            "78": 70,
            "79": 51,
            "80": 56,
            "81": 70,
            "82": 80,
            "83": 74,
            "84": 62,
            "85": 79,
            "86": 74,
            "87": 66,
            "88": 69,
            "89": 79,
            "90": 67,
            "91": 63,
            "92": 67,
            "93": 66,
            "94": 74,
            "95": 33,
            "96": 27,
            "97": 74,
            "98": 44,
            "99": 82
          },
          "per_class_validation_counts": {
            "60": 12,
            "61": 15,
            "62": 19,
            "63": 11,
            "64": 13,
            "65": 17,
            "66": 19,
            "67": 14,
            "68": 20,
            "69": 17,
            "70": 21,
            "71": 19,
            "72": 10,
            "73": 17,
            "74": 9,
            "75": 19,
            "76": 17,
            "77": 19,
            "78": 18,
            "79": 13,
            "80": 14,
            "81": 18,
            "82": 20,
            "83": 18,
            "84": 15,
            "85": 20,
            "86": 19,
            "87": 16,
            "88": 17,
            "89": 20,
            "90": 17,
            "91": 16,
            "92": 17,
            "93": 16,
            "94": 18,
            "95": 8,
            "96": 7,
            "97": 18,
            "98": 11,
            "99": 21
          }
        }
      }
    }
  ]
}
