/media/ndag/newVolume/BiMC-test/models/clip/clip.py:23: UserWarning: PyTorch version 1.7.1 or higher is recommended
  warnings.warn("PyTorch version 1.7.1 or higher is recommended")
manual seed: 5
use gpu: ['0']
Loading CLIP (backbone: ViT-B/16)
Prompt template:['a photo of a {}.']
Loading DinoV2 ViT-B/14 from local hub: /home/ndag/.cache/torch/hub/facebookresearch_dinov2_main
/home/ndag/.cache/torch/hub/facebookresearch_dinov2_main/dinov2/layers/swiglu_ffn.py:51: UserWarning: xFormers is not available (SwiGLU)
  warnings.warn("xFormers is not available (SwiGLU)")
/home/ndag/.cache/torch/hub/facebookresearch_dinov2_main/dinov2/layers/attention.py:36: UserWarning: xFormers is not available (Attention)
  warnings.warn("xFormers is not available (Attention)")
/home/ndag/.cache/torch/hub/facebookresearch_dinov2_main/dinov2/layers/block.py:40: UserWarning: xFormers is not available (Block)
  warnings.warn("xFormers is not available (Block)")
Loading DinoV2 weights: /home/ndag/.cache/torch/hub/checkpoints/dinov2_vitb14_pretrain.pth
class names: ['Black footed Albatross' 'Laysan Albatross' 'Sooty Albatross'
 'Groove billed Ani' 'Crested Auklet' 'Least Auklet' 'Parakeet Auklet'
 'Rhinoceros Auklet' 'Brewer Blackbird' 'Red winged Blackbird'
 'Rusty Blackbird' 'Yellow headed Blackbird' 'Bobolink' 'Indigo Bunting'
 'Lazuli Bunting' 'Painted Bunting' 'Cardinal' 'Spotted Catbird'
 'Gray Catbird' 'Yellow breasted Chat' 'Eastern Towhee' 'Chuck will Widow'
 'Brandt Cormorant' 'Red faced Cormorant' 'Pelagic Cormorant'
 'Bronzed Cowbird' 'Shiny Cowbird' 'Brown Creeper' 'American Crow'
 'Fish Crow' 'Black billed Cuckoo' 'Mangrove Cuckoo'
 'Yellow billed Cuckoo' 'Gray crowned Rosy Finch' 'Purple Finch'
 'Northern Flicker' 'Acadian Flycatcher' 'Great Crested Flycatcher'
 'Least Flycatcher' 'Olive sided Flycatcher' 'Scissor tailed Flycatcher'
 'Vermilion Flycatcher' 'Yellow bellied Flycatcher' 'Frigatebird'
 'Northern Fulmar' 'Gadwall' 'American Goldfinch' 'European Goldfinch'
 'Boat tailed Grackle' 'Eared Grebe' 'Horned Grebe' 'Pied billed Grebe'
 'Western Grebe' 'Blue Grosbeak' 'Evening Grosbeak' 'Pine Grosbeak'
 'Rose breasted Grosbeak' 'Pigeon Guillemot' 'California Gull'
 'Glaucous winged Gull' 'Heermann Gull' 'Herring Gull' 'Ivory Gull'
 'Ring billed Gull' 'Slaty backed Gull' 'Western Gull' 'Anna Hummingbird'
 'Ruby throated Hummingbird' 'Rufous Hummingbird' 'Green Violetear'
 'Long tailed Jaeger' 'Pomarine Jaeger' 'Blue Jay' 'Florida Jay'
 'Green Jay' 'Dark eyed Junco' 'Tropical Kingbird' 'Gray Kingbird'
 'Belted Kingfisher' 'Green Kingfisher' 'Pied Kingfisher'
 'Ringed Kingfisher' 'White breasted Kingfisher' 'Red legged Kittiwake'
 'Horned Lark' 'Pacific Loon' 'Mallard' 'Western Meadowlark'
 'Hooded Merganser' 'Red breasted Merganser' 'Mockingbird' 'Nighthawk'
 'Clark Nutcracker' 'White breasted Nuthatch' 'Baltimore Oriole'
 'Hooded Oriole' 'Orchard Oriole' 'Scott Oriole' 'Ovenbird'
 'Brown Pelican']
all targets:tensor([ 0,  1,  2,  3,  4,  5,  6,  7,  8,  9, 10, 11, 12, 13, 14, 15, 16, 17,
        18, 19, 20, 21, 22, 23, 24, 25, 26, 27, 28, 29, 30, 31, 32, 33, 34, 35,
        36, 37, 38, 39, 40, 41, 42, 43, 44, 45, 46, 47, 48, 49, 50, 51, 52, 53,
        54, 55, 56, 57, 58, 59, 60, 61, 62, 63, 64, 65, 66, 67, 68, 69, 70, 71,
        72, 73, 74, 75, 76, 77, 78, 79, 80, 81, 82, 83, 84, 85, 86, 87, 88, 89,
        90, 91, 92, 93, 94, 95, 96, 97, 98, 99], device='cuda:0')
dino all targets:tensor([ 0,  1,  2,  3,  4,  5,  6,  7,  8,  9, 10, 11, 12, 13, 14, 15, 16, 17,
        18, 19, 20, 21, 22, 23, 24, 25, 26, 27, 28, 29, 30, 31, 32, 33, 34, 35,
        36, 37, 38, 39, 40, 41, 42, 43, 44, 45, 46, 47, 48, 49, 50, 51, 52, 53,
        54, 55, 56, 57, 58, 59, 60, 61, 62, 63, 64, 65, 66, 67, 68, 69, 70, 71,
        72, 73, 74, 75, 76, 77, 78, 79, 80, 81, 82, 83, 84, 85, 86, 87, 88, 89,
        90, 91, 92, 93, 94, 95, 96, 97, 98, 99], device='cuda:0')
finish loading CLIP/DinoV2 covariance
class names: ['White Pelican' 'Western Wood Pewee' 'Sayornis' 'American Pipit'
 'Whip poor Will' 'Horned Puffin' 'Common Raven' 'White necked Raven'
 'American Redstart' 'Geococcyx']
all targets:tensor([100, 101, 102, 103, 104, 105, 106, 107, 108, 109], device='cuda:0')
dino all targets:tensor([100, 101, 102, 103, 104, 105, 106, 107, 108, 109], device='cuda:0')
finish loading CLIP/DinoV2 covariance
class names: ['Loggerhead Shrike' 'Great Grey Shrike' 'Baird Sparrow'
 'Black throated Sparrow' 'Brewer Sparrow' 'Chipping Sparrow'
 'Clay colored Sparrow' 'House Sparrow' 'Field Sparrow' 'Fox Sparrow']
all targets:tensor([110, 111, 112, 113, 114, 115, 116, 117, 118, 119], device='cuda:0')
dino all targets:tensor([110, 111, 112, 113, 114, 115, 116, 117, 118, 119], device='cuda:0')
finish loading CLIP/DinoV2 covariance
class names: ['Grasshopper Sparrow' 'Harris Sparrow' 'Henslow Sparrow'
 'Le Conte Sparrow' 'Lincoln Sparrow' 'Nelson Sharp tailed Sparrow'
 'Savannah Sparrow' 'Seaside Sparrow' 'Song Sparrow' 'Tree Sparrow']
all targets:tensor([120, 121, 122, 123, 124, 125, 126, 127, 128, 129], device='cuda:0')
dino all targets:tensor([120, 121, 122, 123, 124, 125, 126, 127, 128, 129], device='cuda:0')
finish loading CLIP/DinoV2 covariance
class names: ['Vesper Sparrow' 'White crowned Sparrow' 'White throated Sparrow'
 'Cape Glossy Starling' 'Bank Swallow' 'Barn Swallow' 'Cliff Swallow'
 'Tree Swallow' 'Scarlet Tanager' 'Summer Tanager']
all targets:tensor([130, 131, 132, 133, 134, 135, 136, 137, 138, 139], device='cuda:0')
dino all targets:tensor([130, 131, 132, 133, 134, 135, 136, 137, 138, 139], device='cuda:0')
finish loading CLIP/DinoV2 covariance
class names: ['Artic Tern' 'Black Tern' 'Caspian Tern' 'Common Tern' 'Elegant Tern'
 'Forsters Tern' 'Least Tern' 'Green tailed Towhee' 'Brown Thrasher'
 'Sage Thrasher']
all targets:tensor([140, 141, 142, 143, 144, 145, 146, 147, 148, 149], device='cuda:0')
dino all targets:tensor([140, 141, 142, 143, 144, 145, 146, 147, 148, 149], device='cuda:0')
finish loading CLIP/DinoV2 covariance
class names: ['Black capped Vireo' 'Blue headed Vireo' 'Philadelphia Vireo'
 'Red eyed Vireo' 'Warbling Vireo' 'White eyed Vireo'
 'Yellow throated Vireo' 'Bay breasted Warbler' 'Black and white Warbler'
 'Black throated Blue Warbler']
all targets:tensor([150, 151, 152, 153, 154, 155, 156, 157, 158, 159], device='cuda:0')
dino all targets:tensor([150, 151, 152, 153, 154, 155, 156, 157, 158, 159], device='cuda:0')
finish loading CLIP/DinoV2 covariance
class names: ['Blue winged Warbler' 'Canada Warbler' 'Cape May Warbler'
 'Cerulean Warbler' 'Chestnut sided Warbler' 'Golden winged Warbler'
 'Hooded Warbler' 'Kentucky Warbler' 'Magnolia Warbler' 'Mourning Warbler']
all targets:tensor([160, 161, 162, 163, 164, 165, 166, 167, 168, 169], device='cuda:0')
dino all targets:tensor([160, 161, 162, 163, 164, 165, 166, 167, 168, 169], device='cuda:0')
finish loading CLIP/DinoV2 covariance
class names: ['Myrtle Warbler' 'Nashville Warbler' 'Orange crowned Warbler'
 'Palm Warbler' 'Pine Warbler' 'Prairie Warbler' 'Prothonotary Warbler'
 'Swainson Warbler' 'Tennessee Warbler' 'Wilson Warbler']
all targets:tensor([170, 171, 172, 173, 174, 175, 176, 177, 178, 179], device='cuda:0')
dino all targets:tensor([170, 171, 172, 173, 174, 175, 176, 177, 178, 179], device='cuda:0')
finish loading CLIP/DinoV2 covariance
class names: ['Worm eating Warbler' 'Yellow Warbler' 'Northern Waterthrush'
 'Louisiana Waterthrush' 'Bohemian Waxwing' 'Cedar Waxwing'
 'American Three toed Woodpecker' 'Pileated Woodpecker'
 'Red bellied Woodpecker' 'Red cockaded Woodpecker']
all targets:tensor([180, 181, 182, 183, 184, 185, 186, 187, 188, 189], device='cuda:0')
dino all targets:tensor([180, 181, 182, 183, 184, 185, 186, 187, 188, 189], device='cuda:0')
finish loading CLIP/DinoV2 covariance
class names: ['Red headed Woodpecker' 'Downy Woodpecker' 'Bewick Wren' 'Cactus Wren'
 'Carolina Wren' 'House Wren' 'Marsh Wren' 'Rock Wren' 'Winter Wren'
 'Common Yellowthroat']
all targets:tensor([190, 191, 192, 193, 194, 195, 196, 197, 198, 199], device='cuda:0')
dino all targets:tensor([190, 191, 192, 193, 194, 195, 196, 197, 198, 199], device='cuda:0')
finish loading CLIP/DinoV2 covariance
session 0: baseline=88.163 final=88.163 gain=0.000
session 1: baseline=86.637 final=86.987 gain=0.350
session 2: baseline=86.239 final=86.735 gain=0.496
session 3: baseline=85.676 final=86.025 gain=0.349
session 4: baseline=85.675 final=86.097 gain=0.422
session 5: baseline=84.535 final=84.905 gain=0.370
session 6: baseline=84.764 final=85.154 gain=0.390
session 7: baseline=85.196 final=85.563 gain=0.367
session 8: baseline=84.672 final=85.056 gain=0.384
session 9: baseline=85.038 final=85.439 gain=0.400
session 10: baseline=85.364 final=85.761 gain=0.397
{
  "dataset": "cub200",
  "seed": 5,
  "train_cfg": "experiments/bmvc_1256_20260508-124032/generated_configs/bimc_dino_fusion.yaml",
  "method": "sessionwise conservative query prototype refinement on bimc_dino_fusion with pseudo-validation alpha selection",
  "runtime_sec": 241.296,
  "alpha_grid": [
    0.25,
    0.5,
    0.75,
    1.0
  ],
  "alpha_selection": "pseudo_validation_no_test_labels",
  "mass_thr": 0.3,
  "min_count": 5,
  "val_fraction": 0.2,
  "base_val_conf_thr": 0.5,
  "base_val_max_per_class": 50,
  "fallback_alpha": 0.75,
  "topk_per_class": null,
  "baseline_acc_list": [
    88.163,
    86.637,
    86.239,
    85.676,
    85.675,
    84.535,
    84.764,
    85.196,
    84.672,
    85.038,
    85.364
  ],
  "final_acc_list": [
    88.163,
    86.987,
    86.735,
    86.025,
    86.097,
    84.905,
    85.154,
    85.563,
    85.056,
    85.439,
    85.761
  ],
  "gain_list": [
    0.0,
    0.35,
    0.496,
    0.349,
    0.422,
    0.37,
    0.39,
    0.367,
    0.384,
    0.4,
    0.397
  ],
  "baseline_avg": 85.633,
  "baseline_pd": 2.799,
  "final_avg": 85.99,
  "final_pd": 2.402,
  "gain_avg": 0.357,
  "session_results": [
    {
      "session": 0,
      "num_seen_classes": 100,
      "baseline_full_acc": 88.163,
      "baseline_base_acc": 88.163,
      "baseline_novel_acc": 0.0,
      "best_alpha": null,
      "final_full_acc": 88.163,
      "final_base_acc": 88.163,
      "final_novel_acc": 0.0,
      "final_gain": 0.0,
      "updated_class_count": 0,
      "gated_query_count": 0,
      "alpha_selection": {
        "mode": "not_applicable_base_session",
        "selected_alpha": null
      }
    },
    {
      "session": 1,
      "num_seen_classes": 110,
      "baseline_full_acc": 86.637,
      "baseline_base_acc": 88.128,
      "baseline_novel_acc": 71.326,
      "selected_alpha": 0.25,
      "final_full_acc": 86.987,
      "final_base_acc": 88.094,
      "final_novel_acc": 75.627,
      "final_gain": 0.35,
      "updated_class_count": 9,
      "gated_query_count": 216,
      "gated_base_count": 6,
      "gated_novel_count": 210,
      "alpha_selection": {
        "mode": "pseudo_validation",
        "fallback_used": false,
        "selected_alpha": 0.25,
        "candidates": [
          {
            "alpha": 0.25,
            "pseudo_val_score": -0.083993,
            "pseudo_val_nll": 0.083993,
            "pseudo_val_agreement": 99.615
          },
          {
            "alpha": 0.5,
            "pseudo_val_score": -0.086761,
            "pseudo_val_nll": 0.086761,
            "pseudo_val_agreement": 99.475
          },
          {
            "alpha": 0.75,
            "pseudo_val_score": -0.088868,
            "pseudo_val_nll": 0.088868,
            "pseudo_val_agreement": 99.475
          },
          {
            "alpha": 1.0,
            "pseudo_val_score": -0.089467,
            "pseudo_val_nll": 0.089467,
            "pseudo_val_agreement": 99.44
          }
        ],
        "split": {
          "novel_gated_query_count": 216,
          "validation_count": 2859,
          "novel_validation_count": 42,
          "base_validation_count": 2817,
          "updated_class_count": 9,
          "per_class_counts": {
            "100": 20,
            "101": 23,
            "102": 15,
            "103": 30,
            "104": 4,
            "105": 30,
            "106": 12,
            "107": 24,
            "108": 27,
            "109": 31
          },
          "per_class_update_counts": {
            "100": 16,
            "101": 18,
            "102": 12,
            "103": 24,
            "104": 0,
            "105": 24,
            "106": 10,
            "107": 19,
            "108": 22,
            "109": 25
          },
          "per_class_validation_counts": {
            "100": 4,
            "101": 5,
            "102": 3,
            "103": 6,
            "104": 0,
            "105": 6,
            "106": 2,
            "107": 5,
            "108": 5,
            "109": 6
          }
        }
      }
    },
    {
      "session": 2,
      "num_seen_classes": 120,
      "baseline_full_acc": 86.239,
      "baseline_base_acc": 88.163,
      "baseline_novel_acc": 76.502,
      "selected_alpha": 0.25,
      "final_full_acc": 86.735,
      "final_base_acc": 88.128,
      "final_novel_acc": 79.682,
      "final_gain": 0.496,
      "updated_class_count": 19,
      "gated_query_count": 502,
      "gated_base_count": 7,
      "gated_novel_count": 495,
      "alpha_selection": {
        "mode": "pseudo_validation",
        "fallback_used": false,
        "selected_alpha": 0.25,
        "candidates": [
          {
            "alpha": 0.25,
            "pseudo_val_score": -0.09579,
            "pseudo_val_nll": 0.09579,
            "pseudo_val_agreement": 99.384
          },
          {
            "alpha": 0.5,
            "pseudo_val_score": -0.099695,
            "pseudo_val_nll": 0.099695,
            "pseudo_val_agreement": 99.11
          },
          {
            "alpha": 0.75,
            "pseudo_val_score": -0.103409,
            "pseudo_val_nll": 0.103409,
            "pseudo_val_agreement": 98.973
          },
          {
            "alpha": 1.0,
            "pseudo_val_score": -0.106303,
            "pseudo_val_nll": 0.106303,
            "pseudo_val_agreement": 99.007
          }
        ],
        "split": {
          "novel_gated_query_count": 502,
          "validation_count": 2921,
          "novel_validation_count": 99,
          "base_validation_count": 2822,
          "updated_class_count": 19,
          "per_class_counts": {
            "100": 20,
            "101": 24,
            "102": 15,
            "103": 30,
            "104": 4,
            "105": 30,
            "106": 11,
            "107": 24,
            "108": 27,
            "109": 31,
            "110": 34,
            "111": 25,
            "112": 22,
            "113": 29,
            "114": 27,
            "115": 29,
            "116": 33,
            "117": 31,
            "118": 26,
            "119": 30
          },
          "per_class_update_counts": {
            "100": 16,
            "101": 19,
            "102": 12,
            "103": 24,
            "104": 0,
            "105": 24,
            "106": 9,
            "107": 19,
            "108": 22,
            "109": 25,
            "110": 27,
            "111": 20,
            "112": 18,
            "113": 23,
            "114": 22,
            "115": 23,
            "116": 26,
            "117": 25,
            "118": 21,
            "119": 24
          },
          "per_class_validation_counts": {
            "100": 4,
            "101": 5,
            "102": 3,
            "103": 6,
            "104": 0,
            "105": 6,
            "106": 2,
            "107": 5,
            "108": 5,
            "109": 6,
            "110": 7,
            "111": 5,
            "112": 4,
            "113": 6,
            "114": 5,
            "115": 6,
            "116": 7,
            "117": 6,
            "118": 5,
            "119": 6
          }
        }
      }
    },
    {
      "session": 3,
      "num_seen_classes": 130,
      "baseline_full_acc": 85.676,
      "baseline_base_acc": 88.094,
      "baseline_novel_acc": 77.662,
      "selected_alpha": 0.25,
      "final_full_acc": 86.025,
      "final_base_acc": 88.059,
      "final_novel_acc": 79.282,
      "final_gain": 0.349,
      "updated_class_count": 29,
      "gated_query_count": 798,
      "gated_base_count": 7,
      "gated_novel_count": 791,
      "alpha_selection": {
        "mode": "pseudo_validation",
        "fallback_used": false,
        "selected_alpha": 0.25,
        "candidates": [
          {
            "alpha": 0.25,
            "pseudo_val_score": -0.110313,
            "pseudo_val_nll": 0.110313,
            "pseudo_val_agreement": 99.094
          },
          {
            "alpha": 0.5,
            "pseudo_val_score": -0.116913,
            "pseudo_val_nll": 0.116913,
            "pseudo_val_agreement": 98.489
          },
          {
            "alpha": 0.75,
            "pseudo_val_score": -0.124296,
            "pseudo_val_nll": 0.124296,
            "pseudo_val_agreement": 98.154
          },
          {
            "alpha": 1.0,
            "pseudo_val_score": -0.131214,
            "pseudo_val_nll": 0.131214,
            "pseudo_val_agreement": 98.053
          }
        ],
        "split": {
          "novel_gated_query_count": 798,
          "validation_count": 2979,
          "novel_validation_count": 158,
          "base_validation_count": 2821,
          "updated_class_count": 29,
          "per_class_counts": {
            "100": 20,
            "101": 24,
            "102": 15,
            "103": 30,
            "104": 4,
            "105": 30,
            "106": 11,
            "107": 24,
            "108": 27,
            "109": 30,
            "110": 34,
            "111": 25,
            "112": 21,
            "113": 29,
            "114": 27,
            "115": 34,
            "116": 33,
            "117": 42,
            "118": 27,
            "119": 27,
            "120": 28,
            "121": 30,
            "122": 32,
            "123": 36,
            "124": 30,
            "125": 20,
            "126": 28,
            "127": 25,
            "128": 41,
            "129": 14
          },
          "per_class_update_counts": {
            "100": 16,
            "101": 19,
            "102": 12,
            "103": 24,
            "104": 0,
            "105": 24,
            "106": 9,
            "107": 19,
            "108": 22,
            "109": 24,
            "110": 27,
            "111": 20,
            "112": 17,
            "113": 23,
            "114": 22,
            "115": 27,
            "116": 26,
            "117": 34,
            "118": 22,
            "119": 22,
            "120": 22,
            "121": 24,
            "122": 26,
            "123": 29,
            "124": 24,
            "125": 16,
            "126": 22,
            "127": 20,
            "128": 33,
            "129": 11
          },
          "per_class_validation_counts": {
            "100": 4,
            "101": 5,
            "102": 3,
            "103": 6,
            "104": 0,
            "105": 6,
            "106": 2,
            "107": 5,
            "108": 5,
            "109": 6,
            "110": 7,
            "111": 5,
            "112": 4,
            "113": 6,
            "114": 5,
            "115": 7,
            "116": 7,
            "117": 8,
            "118": 5,
            "119": 5,
            "120": 6,
            "121": 6,
            "122": 6,
            "123": 7,
            "124": 6,
            "125": 4,
            "126": 6,
            "127": 5,
            "128": 8,
            "129": 3
          }
        }
      }
    },
    {
      "session": 4,
      "num_seen_classes": 140,
      "baseline_full_acc": 85.675,
      "baseline_base_acc": 88.024,
      "baseline_novel_acc": 79.897,
      "selected_alpha": 0.25,
      "final_full_acc": 86.097,
      "final_base_acc": 87.954,
      "final_novel_acc": 81.529,
      "final_gain": 0.422,
      "updated_class_count": 39,
      "gated_query_count": 1096,
      "gated_base_count": 8,
      "gated_novel_count": 1088,
      "alpha_selection": {
        "mode": "pseudo_validation",
        "fallback_used": false,
        "selected_alpha": 0.25,
        "candidates": [
          {
            "alpha": 0.25,
            "pseudo_val_score": -0.119961,
            "pseudo_val_nll": 0.119961,
            "pseudo_val_agreement": 98.917
          },
          {
            "alpha": 0.5,
            "pseudo_val_score": -0.126396,
            "pseudo_val_nll": 0.126396,
            "pseudo_val_agreement": 98.228
          },
          {
            "alpha": 0.75,
            "pseudo_val_score": -0.135025,
            "pseudo_val_nll": 0.135025,
            "pseudo_val_agreement": 97.834
          },
          {
            "alpha": 1.0,
            "pseudo_val_score": -0.144041,
            "pseudo_val_nll": 0.144041,
            "pseudo_val_agreement": 97.571
          }
        ],
        "split": {
          "novel_gated_query_count": 1096,
          "validation_count": 3047,
          "novel_validation_count": 220,
          "base_validation_count": 2827,
          "updated_class_count": 39,
          "per_class_counts": {
            "100": 20,
            "101": 24,
            "102": 16,
            "103": 30,
            "104": 4,
            "105": 30,
            "106": 12,
            "107": 24,
            "108": 28,
            "109": 30,
            "110": 34,
            "111": 25,
            "112": 18,
            "113": 29,
            "114": 26,
            "115": 28,
            "116": 33,
            "117": 43,
            "118": 27,
            "119": 27,
            "120": 27,
            "121": 29,
            "122": 31,
            "123": 36,
            "124": 29,
            "125": 20,
            "126": 26,
            "127": 25,
            "128": 41,
            "129": 14,
            "130": 39,
            "131": 32,
            "132": 34,
            "133": 30,
            "134": 28,
            "135": 24,
            "136": 35,
            "137": 29,
            "138": 29,
            "139": 30
          },
          "per_class_update_counts": {
            "100": 16,
            "101": 19,
            "102": 13,
            "103": 24,
            "104": 0,
            "105": 24,
            "106": 10,
            "107": 19,
            "108": 22,
            "109": 24,
            "110": 27,
            "111": 20,
            "112": 14,
            "113": 23,
            "114": 21,
            "115": 22,
            "116": 26,
            "117": 34,
            "118": 22,
            "119": 22,
            "120": 22,
            "121": 23,
            "122": 25,
            "123": 29,
            "124": 23,
            "125": 16,
            "126": 21,
            "127": 20,
            "128": 33,
            "129": 11,
            "130": 31,
            "131": 26,
            "132": 27,
            "133": 24,
            "134": 22,
            "135": 19,
            "136": 28,
            "137": 23,
            "138": 23,
            "139": 24
          },
          "per_class_validation_counts": {
            "100": 4,
            "101": 5,
            "102": 3,
            "103": 6,
            "104": 0,
            "105": 6,
            "106": 2,
            "107": 5,
            "108": 6,
            "109": 6,
            "110": 7,
            "111": 5,
            "112": 4,
            "113": 6,
            "114": 5,
            "115": 6,
            "116": 7,
            "117": 9,
            "118": 5,
            "119": 5,
            "120": 5,
            "121": 6,
            "122": 6,
            "123": 7,
            "124": 6,
            "125": 4,
            "126": 5,
            "127": 5,
            "128": 8,
            "129": 3,
            "130": 8,
            "131": 6,
            "132": 7,
            "133": 6,
            "134": 6,
            "135": 5,
            "136": 7,
            "137": 6,
            "138": 6,
            "139": 6
          }
        }
      }
    },
    {
      "session": 5,
      "num_seen_classes": 150,
      "baseline_full_acc": 84.535,
      "baseline_base_acc": 88.059,
      "baseline_novel_acc": 77.633,
      "selected_alpha": 0.25,
      "final_full_acc": 84.905,
      "final_base_acc": 87.989,
      "final_novel_acc": 78.865,
      "final_gain": 0.37,
      "updated_class_count": 49,
      "gated_query_count": 1394,
      "gated_base_count": 9,
      "gated_novel_count": 1385,
      "alpha_selection": {
        "mode": "pseudo_validation",
        "fallback_used": false,
        "selected_alpha": 0.25,
        "candidates": [
          {
            "alpha": 0.25,
            "pseudo_val_score": -0.132881,
            "pseudo_val_nll": 0.132881,
            "pseudo_val_agreement": 98.486
          },
          {
            "alpha": 0.5,
            "pseudo_val_score": -0.141715,
            "pseudo_val_nll": 0.141715,
            "pseudo_val_agreement": 97.681
          },
          {
            "alpha": 0.75,
            "pseudo_val_score": -0.153116,
            "pseudo_val_nll": 0.153116,
            "pseudo_val_agreement": 97.327
          },
          {
            "alpha": 1.0,
            "pseudo_val_score": -0.164547,
            "pseudo_val_nll": 0.164547,
            "pseudo_val_agreement": 97.037
          }
        ],
        "split": {
          "novel_gated_query_count": 1394,
          "validation_count": 3105,
          "novel_validation_count": 280,
          "base_validation_count": 2825,
          "updated_class_count": 49,
          "per_class_counts": {
            "100": 20,
            "101": 24,
            "102": 16,
            "103": 30,
            "104": 4,
            "105": 30,
            "106": 12,
            "107": 24,
            "108": 28,
            "109": 30,
            "110": 34,
            "111": 25,
            "112": 18,
            "113": 29,
            "114": 26,
            "115": 28,
            "116": 33,
            "117": 43,
            "118": 27,
            "119": 27,
            "120": 27,
            "121": 29,
            "122": 31,
            "123": 36,
            "124": 29,
            "125": 20,
            "126": 26,
            "127": 25,
            "128": 41,
            "129": 14,
            "130": 39,
            "131": 32,
            "132": 34,
            "133": 30,
            "134": 28,
            "135": 24,
            "136": 34,
            "137": 29,
            "138": 29,
            "139": 30,
            "140": 51,
            "141": 26,
            "142": 31,
            "143": 13,
            "144": 20,
            "145": 36,
            "146": 33,
            "147": 30,
            "148": 30,
            "149": 29
          },
          "per_class_update_counts": {
            "100": 16,
            "101": 19,
            "102": 13,
            "103": 24,
            "104": 0,
            "105": 24,
            "106": 10,
            "107": 19,
            "108": 22,
            "109": 24,
            "110": 27,
            "111": 20,
            "112": 14,
            "113": 23,
            "114": 21,
            "115": 22,
            "116": 26,
            "117": 34,
            "118": 22,
            "119": 22,
            "120": 22,
            "121": 23,
            "122": 25,
            "123": 29,
            "124": 23,
            "125": 16,
            "126": 21,
            "127": 20,
            "128": 33,
            "129": 11,
            "130": 31,
            "131": 26,
            "132": 27,
            "133": 24,
            "134": 22,
            "135": 19,
            "136": 27,
            "137": 23,
            "138": 23,
            "139": 24,
            "140": 41,
            "141": 21,
            "142": 25,
            "143": 10,
            "144": 16,
            "145": 29,
            "146": 26,
            "147": 24,
            "148": 24,
            "149": 23
          },
          "per_class_validation_counts": {
            "100": 4,
            "101": 5,
            "102": 3,
            "103": 6,
            "104": 0,
            "105": 6,
            "106": 2,
            "107": 5,
            "108": 6,
            "109": 6,
            "110": 7,
            "111": 5,
            "112": 4,
            "113": 6,
            "114": 5,
            "115": 6,
            "116": 7,
            "117": 9,
            "118": 5,
            "119": 5,
            "120": 5,
            "121": 6,
            "122": 6,
            "123": 7,
            "124": 6,
            "125": 4,
            "126": 5,
            "127": 5,
            "128": 8,
            "129": 3,
            "130": 8,
            "131": 6,
            "132": 7,
            "133": 6,
            "134": 6,
            "135": 5,
            "136": 7,
            "137": 6,
            "138": 6,
            "139": 6,
            "140": 10,
            "141": 5,
            "142": 6,
            "143": 3,
            "144": 4,
            "145": 7,
            "146": 7,
            "147": 6,
            "148": 6,
            "149": 6
          }
        }
      }
    },
    {
      "session": 6,
      "num_seen_classes": 160,
      "baseline_full_acc": 84.764,
      "baseline_base_acc": 88.059,
      "baseline_novel_acc": 79.371,
      "selected_alpha": 0.25,
      "final_full_acc": 85.154,
      "final_base_acc": 87.954,
      "final_novel_acc": 80.571,
      "final_gain": 0.39,
      "updated_class_count": 59,
      "gated_query_count": 1688,
      "gated_base_count": 15,
      "gated_novel_count": 1673,
      "alpha_selection": {
        "mode": "pseudo_validation",
        "fallback_used": false,
        "selected_alpha": 0.25,
        "candidates": [
          {
            "alpha": 0.25,
            "pseudo_val_score": -0.139602,
            "pseudo_val_nll": 0.139602,
            "pseudo_val_agreement": 98.416
          },
          {
            "alpha": 0.5,
            "pseudo_val_score": -0.149062,
            "pseudo_val_nll": 0.149062,
            "pseudo_val_agreement": 97.466
          },
          {
            "alpha": 0.75,
            "pseudo_val_score": -0.161881,
            "pseudo_val_nll": 0.161881,
            "pseudo_val_agreement": 96.959
          },
          {
            "alpha": 1.0,
            "pseudo_val_score": -0.174938,
            "pseudo_val_nll": 0.174938,
            "pseudo_val_agreement": 96.674
          }
        ],
        "split": {
          "novel_gated_query_count": 1688,
          "validation_count": 3157,
          "novel_validation_count": 338,
          "base_validation_count": 2819,
          "updated_class_count": 59,
          "per_class_counts": {
            "100": 20,
            "101": 24,
            "102": 16,
            "103": 30,
            "104": 4,
            "105": 30,
            "106": 12,
            "107": 24,
            "108": 28,
            "109": 30,
            "110": 34,
            "111": 25,
            "112": 18,
            "113": 29,
            "114": 26,
            "115": 28,
            "116": 33,
            "117": 43,
            "118": 27,
            "119": 27,
            "120": 27,
            "121": 29,
            "122": 31,
            "123": 36,
            "124": 29,
            "125": 20,
            "126": 26,
            "127": 25,
            "128": 41,
            "129": 14,
            "130": 39,
            "131": 32,
            "132": 34,
            "133": 30,
            "134": 28,
            "135": 24,
            "136": 34,
            "137": 29,
            "138": 29,
            "139": 30,
            "140": 51,
            "141": 26,
            "142": 31,
            "143": 13,
            "144": 20,
            "145": 36,
            "146": 33,
            "147": 30,
            "148": 30,
            "149": 29,
            "150": 21,
            "151": 22,
            "152": 41,
            "153": 30,
            "154": 24,
            "155": 35,
            "156": 35,
            "157": 27,
            "158": 30,
            "159": 29
          },
          "per_class_update_counts": {
            "100": 16,
            "101": 19,
            "102": 13,
            "103": 24,
            "104": 0,
            "105": 24,
            "106": 10,
            "107": 19,
            "108": 22,
            "109": 24,
            "110": 27,
            "111": 20,
            "112": 14,
            "113": 23,
            "114": 21,
            "115": 22,
            "116": 26,
            "117": 34,
            "118": 22,
            "119": 22,
            "120": 22,
            "121": 23,
            "122": 25,
            "123": 29,
            "124": 23,
            "125": 16,
            "126": 21,
            "127": 20,
            "128": 33,
            "129": 11,
            "130": 31,
            "131": 26,
            "132": 27,
            "133": 24,
            "134": 22,
            "135": 19,
            "136": 27,
            "137": 23,
            "138": 23,
            "139": 24,
            "140": 41,
            "141": 21,
            "142": 25,
            "143": 10,
            "144": 16,
            "145": 29,
            "146": 26,
            "147": 24,
            "148": 24,
            "149": 23,
            "150": 17,
            "151": 18,
            "152": 33,
            "153": 24,
            "154": 19,
            "155": 28,
            "156": 28,
            "157": 22,
            "158": 24,
            "159": 23
          },
          "per_class_validation_counts": {
            "100": 4,
            "101": 5,
            "102": 3,
            "103": 6,
            "104": 0,
            "105": 6,
            "106": 2,
            "107": 5,
            "108": 6,
            "109": 6,
            "110": 7,
            "111": 5,
            "112": 4,
            "113": 6,
            "114": 5,
            "115": 6,
            "116": 7,
            "117": 9,
            "118": 5,
            "119": 5,
            "120": 5,
            "121": 6,
            "122": 6,
            "123": 7,
            "124": 6,
            "125": 4,
            "126": 5,
            "127": 5,
            "128": 8,
            "129": 3,
            "130": 8,
            "131": 6,
            "132": 7,
            "133": 6,
            "134": 6,
            "135": 5,
            "136": 7,
            "137": 6,
            "138": 6,
            "139": 6,
            "140": 10,
            "141": 5,
            "142": 6,
            "143": 3,
            "144": 4,
            "145": 7,
            "146": 7,
            "147": 6,
            "148": 6,
            "149": 6,
            "150": 4,
            "151": 4,
            "152": 8,
            "153": 6,
            "154": 5,
            "155": 7,
            "156": 7,
            "157": 5,
            "158": 6,
            "159": 6
          }
        }
      }
    },
    {
      "session": 7,
      "num_seen_classes": 170,
      "baseline_full_acc": 85.196,
      "baseline_base_acc": 87.989,
      "baseline_novel_acc": 81.29,
      "selected_alpha": 0.25,
      "final_full_acc": 85.563,
      "final_base_acc": 87.884,
      "final_novel_acc": 82.316,
      "final_gain": 0.367,
      "updated_class_count": 69,
      "gated_query_count": 1986,
      "gated_base_count": 17,
      "gated_novel_count": 1969,
      "alpha_selection": {
        "mode": "pseudo_validation",
        "fallback_used": false,
        "selected_alpha": 0.25,
        "candidates": [
          {
            "alpha": 0.25,
            "pseudo_val_score": -0.148088,
            "pseudo_val_nll": 0.148088,
            "pseudo_val_agreement": 98.167
          },
          {
            "alpha": 0.5,
            "pseudo_val_score": -0.161374,
            "pseudo_val_nll": 0.161374,
            "pseudo_val_agreement": 97.017
          },
          {
            "alpha": 0.75,
            "pseudo_val_score": -0.179515,
            "pseudo_val_nll": 0.179515,
            "pseudo_val_agreement": 96.426
          },
          {
            "alpha": 1.0,
            "pseudo_val_score": -0.197767,
            "pseudo_val_nll": 0.197767,
            "pseudo_val_agreement": 96.085
          }
        ],
        "split": {
          "novel_gated_query_count": 1986,
          "validation_count": 3218,
          "novel_validation_count": 399,
          "base_validation_count": 2819,
          "updated_class_count": 69,
          "per_class_counts": {
            "100": 20,
            "101": 24,
            "102": 15,
            "103": 30,
            "104": 4,
            "105": 30,
            "106": 12,
            "107": 24,
            "108": 28,
            "109": 30,
            "110": 34,
            "111": 25,
            "112": 18,
            "113": 29,
            "114": 26,
            "115": 28,
            "116": 33,
            "117": 43,
            "118": 27,
            "119": 27,
            "120": 27,
            "121": 29,
            "122": 31,
            "123": 36,
            "124": 29,
            "125": 20,
            "126": 26,
            "127": 25,
            "128": 41,
            "129": 14,
            "130": 39,
            "131": 32,
            "132": 34,
            "133": 30,
            "134": 28,
            "135": 24,
            "136": 34,
            "137": 29,
            "138": 29,
            "139": 30,
            "140": 51,
            "141": 26,
            "142": 31,
            "143": 13,
            "144": 20,
            "145": 36,
            "146": 33,
            "147": 30,
            "148": 30,
            "149": 29,
            "150": 21,
            "151": 22,
            "152": 43,
            "153": 31,
            "154": 23,
            "155": 36,
            "156": 35,
            "157": 27,
            "158": 30,
            "159": 29,
            "160": 32,
            "161": 27,
            "162": 33,
            "163": 30,
            "164": 29,
            "165": 28,
            "166": 30,
            "167": 34,
            "168": 25,
            "169": 28
          },
          "per_class_update_counts": {
            "100": 16,
            "101": 19,
            "102": 12,
            "103": 24,
            "104": 0,
            "105": 24,
            "106": 10,
            "107": 19,
            "108": 22,
            "109": 24,
            "110": 27,
            "111": 20,
            "112": 14,
            "113": 23,
            "114": 21,
            "115": 22,
            "116": 26,
            "117": 34,
            "118": 22,
            "119": 22,
            "120": 22,
            "121": 23,
            "122": 25,
            "123": 29,
            "124": 23,
            "125": 16,
            "126": 21,
            "127": 20,
            "128": 33,
            "129": 11,
            "130": 31,
            "131": 26,
            "132": 27,
            "133": 24,
            "134": 22,
            "135": 19,
            "136": 27,
            "137": 23,
            "138": 23,
            "139": 24,
            "140": 41,
            "141": 21,
            "142": 25,
            "143": 10,
            "144": 16,
            "145": 29,
            "146": 26,
            "147": 24,
            "148": 24,
            "149": 23,
            "150": 17,
            "151": 18,
            "152": 34,
            "153": 25,
            "154": 18,
            "155": 29,
            "156": 28,
            "157": 22,
            "158": 24,
            "159": 23,
            "160": 26,
            "161": 22,
            "162": 26,
            "163": 24,
            "164": 23,
            "165": 22,
            "166": 24,
            "167": 27,
            "168": 20,
            "169": 22
          },
          "per_class_validation_counts": {
            "100": 4,
            "101": 5,
            "102": 3,
            "103": 6,
            "104": 0,
            "105": 6,
            "106": 2,
            "107": 5,
            "108": 6,
            "109": 6,
            "110": 7,
            "111": 5,
            "112": 4,
            "113": 6,
            "114": 5,
            "115": 6,
            "116": 7,
            "117": 9,
            "118": 5,
            "119": 5,
            "120": 5,
            "121": 6,
            "122": 6,
            "123": 7,
            "124": 6,
            "125": 4,
            "126": 5,
            "127": 5,
            "128": 8,
            "129": 3,
            "130": 8,
            "131": 6,
            "132": 7,
            "133": 6,
            "134": 6,
            "135": 5,
            "136": 7,
            "137": 6,
            "138": 6,
            "139": 6,
            "140": 10,
            "141": 5,
            "142": 6,
            "143": 3,
            "144": 4,
            "145": 7,
            "146": 7,
            "147": 6,
            "148": 6,
            "149": 6,
            "150": 4,
            "151": 4,
            "152": 9,
            "153": 6,
            "154": 5,
            "155": 7,
            "156": 7,
            "157": 5,
            "158": 6,
            "159": 6,
            "160": 6,
            "161": 5,
            "162": 7,
            "163": 6,
            "164": 6,
            "165": 6,
            "166": 6,
            "167": 7,
            "168": 5,
            "169": 6
          }
        }
      }
    },
    {
      "session": 8,
      "num_seen_classes": 180,
      "baseline_full_acc": 84.672,
      "baseline_base_acc": 87.954,
      "baseline_novel_acc": 80.658,
      "selected_alpha": 0.25,
      "final_full_acc": 85.056,
      "final_base_acc": 87.884,
      "final_novel_acc": 81.597,
      "final_gain": 0.384,
      "updated_class_count": 79,
      "gated_query_count": 2279,
      "gated_base_count": 17,
      "gated_novel_count": 2262,
      "alpha_selection": {
        "mode": "pseudo_validation",
        "fallback_used": false,
        "selected_alpha": 0.25,
        "candidates": [
          {
            "alpha": 0.25,
            "pseudo_val_score": -0.158019,
            "pseudo_val_nll": 0.158019,
            "pseudo_val_agreement": 98.08
          },
          {
            "alpha": 0.5,
            "pseudo_val_score": -0.171287,
            "pseudo_val_nll": 0.171287,
            "pseudo_val_agreement": 96.83
          },
          {
            "alpha": 0.75,
            "pseudo_val_score": -0.189911,
            "pseudo_val_nll": 0.189911,
            "pseudo_val_agreement": 96.068
          },
          {
            "alpha": 1.0,
            "pseudo_val_score": -0.209238,
            "pseudo_val_nll": 0.209238,
            "pseudo_val_agreement": 95.763
          }
        ],
        "split": {
          "novel_gated_query_count": 2279,
          "validation_count": 3281,
          "novel_validation_count": 456,
          "base_validation_count": 2825,
          "updated_class_count": 79,
          "per_class_counts": {
            "100": 20,
            "101": 25,
            "102": 16,
            "103": 30,
            "104": 4,
            "105": 30,
            "106": 12,
            "107": 24,
            "108": 29,
            "109": 30,
            "110": 34,
            "111": 25,
            "112": 18,
            "113": 29,
            "114": 26,
            "115": 29,
            "116": 33,
            "117": 43,
            "118": 27,
            "119": 27,
            "120": 27,
            "121": 29,
            "122": 31,
            "123": 36,
            "124": 29,
            "125": 20,
            "126": 26,
            "127": 25,
            "128": 41,
            "129": 14,
            "130": 39,
            "131": 32,
            "132": 34,
            "133": 30,
            "134": 28,
            "135": 24,
            "136": 34,
            "137": 29,
            "138": 29,
            "139": 30,
            "140": 51,
            "141": 26,
            "142": 31,
            "143": 13,
            "144": 20,
            "145": 36,
            "146": 33,
            "147": 29,
            "148": 30,
            "149": 29,
            "150": 21,
            "151": 21,
            "152": 42,
            "153": 31,
            "154": 26,
            "155": 36,
            "156": 33,
            "157": 27,
            "158": 30,
            "159": 29,
            "160": 28,
            "161": 22,
            "162": 32,
            "163": 30,
            "164": 30,
            "165": 28,
            "166": 22,
            "167": 33,
            "168": 25,
            "169": 26,
            "170": 26,
            "171": 34,
            "172": 44,
            "173": 33,
            "174": 35,
            "175": 29,
            "176": 33,
            "177": 23,
            "178": 17,
            "179": 37
          },
          "per_class_update_counts": {
            "100": 16,
            "101": 20,
            "102": 13,
            "103": 24,
            "104": 0,
            "105": 24,
            "106": 10,
            "107": 19,
            "108": 23,
            "109": 24,
            "110": 27,
            "111": 20,
            "112": 14,
            "113": 23,
            "114": 21,
            "115": 23,
            "116": 26,
            "117": 34,
            "118": 22,
            "119": 22,
            "120": 22,
            "121": 23,
            "122": 25,
            "123": 29,
            "124": 23,
            "125": 16,
            "126": 21,
            "127": 20,
            "128": 33,
            "129": 11,
            "130": 31,
            "131": 26,
            "132": 27,
            "133": 24,
            "134": 22,
            "135": 19,
            "136": 27,
            "137": 23,
            "138": 23,
            "139": 24,
            "140": 41,
            "141": 21,
            "142": 25,
            "143": 10,
            "144": 16,
            "145": 29,
            "146": 26,
            "147": 23,
            "148": 24,
            "149": 23,
            "150": 17,
            "151": 17,
            "152": 34,
            "153": 25,
            "154": 21,
            "155": 29,
            "156": 26,
            "157": 22,
            "158": 24,
            "159": 23,
            "160": 22,
            "161": 18,
            "162": 26,
            "163": 24,
            "164": 24,
            "165": 22,
            "166": 18,
            "167": 26,
            "168": 20,
            "169": 21,
            "170": 21,
            "171": 27,
            "172": 35,
            "173": 26,
            "174": 28,
            "175": 23,
            "176": 26,
            "177": 18,
            "178": 14,
            "179": 30
          },
          "per_class_validation_counts": {
            "100": 4,
            "101": 5,
            "102": 3,
            "103": 6,
            "104": 0,
            "105": 6,
            "106": 2,
            "107": 5,
            "108": 6,
            "109": 6,
            "110": 7,
            "111": 5,
            "112": 4,
            "113": 6,
            "114": 5,
            "115": 6,
            "116": 7,
            "117": 9,
            "118": 5,
            "119": 5,
            "120": 5,
            "121": 6,
            "122": 6,
            "123": 7,
            "124": 6,
            "125": 4,
            "126": 5,
            "127": 5,
            "128": 8,
            "129": 3,
            "130": 8,
            "131": 6,
            "132": 7,
            "133": 6,
            "134": 6,
            "135": 5,
            "136": 7,
            "137": 6,
            "138": 6,
            "139": 6,
            "140": 10,
            "141": 5,
            "142": 6,
            "143": 3,
            "144": 4,
            "145": 7,
            "146": 7,
            "147": 6,
            "148": 6,
            "149": 6,
            "150": 4,
            "151": 4,
            "152": 8,
            "153": 6,
            "154": 5,
            "155": 7,
            "156": 7,
            "157": 5,
            "158": 6,
            "159": 6,
            "160": 6,
            "161": 4,
            "162": 6,
            "163": 6,
            "164": 6,
            "165": 6,
            "166": 4,
            "167": 7,
            "168": 5,
            "169": 5,
            "170": 5,
            "171": 7,
            "172": 9,
            "173": 7,
            "174": 7,
            "175": 6,
            "176": 7,
            "177": 5,
            "178": 3,
            "179": 7
          }
        }
      }
    },
    {
      "session": 9,
      "num_seen_classes": 190,
      "baseline_full_acc": 85.038,
      "baseline_base_acc": 87.954,
      "baseline_novel_acc": 81.863,
      "selected_alpha": 0.25,
      "final_full_acc": 85.439,
      "final_base_acc": 87.884,
      "final_novel_acc": 82.776,
      "final_gain": 0.4,
      "updated_class_count": 89,
      "gated_query_count": 2566,
      "gated_base_count": 17,
      "gated_novel_count": 2549,
      "alpha_selection": {
        "mode": "pseudo_validation",
        "fallback_used": false,
        "selected_alpha": 0.25,
        "candidates": [
          {
            "alpha": 0.25,
            "pseudo_val_score": -0.164491,
            "pseudo_val_nll": 0.164491,
            "pseudo_val_agreement": 97.932
          },
          {
            "alpha": 0.5,
            "pseudo_val_score": -0.178348,
            "pseudo_val_nll": 0.178348,
            "pseudo_val_agreement": 96.674
          },
          {
            "alpha": 0.75,
            "pseudo_val_score": -0.197964,
            "pseudo_val_nll": 0.197964,
            "pseudo_val_agreement": 95.835
          },
          {
            "alpha": 1.0,
            "pseudo_val_score": -0.218585,
            "pseudo_val_nll": 0.218585,
            "pseudo_val_agreement": 95.475
          }
        ],
        "split": {
          "novel_gated_query_count": 2566,
          "validation_count": 3337,
          "novel_validation_count": 513,
          "base_validation_count": 2824,
          "updated_class_count": 89,
          "per_class_counts": {
            "100": 20,
            "101": 25,
            "102": 16,
            "103": 30,
            "104": 4,
            "105": 30,
            "106": 12,
            "107": 24,
            "108": 29,
            "109": 30,
            "110": 34,
            "111": 25,
            "112": 18,
            "113": 29,
            "114": 26,
            "115": 28,
            "116": 33,
            "117": 43,
            "118": 27,
            "119": 27,
            "120": 27,
            "121": 29,
            "122": 31,
            "123": 36,
            "124": 29,
            "125": 20,
            "126": 26,
            "127": 25,
            "128": 41,
            "129": 14,
            "130": 39,
            "131": 32,
            "132": 34,
            "133": 30,
            "134": 28,
            "135": 24,
            "136": 34,
            "137": 29,
            "138": 29,
            "139": 30,
            "140": 51,
            "141": 26,
            "142": 31,
            "143": 13,
            "144": 20,
            "145": 36,
            "146": 33,
            "147": 29,
            "148": 30,
            "149": 29,
            "150": 21,
            "151": 21,
            "152": 42,
            "153": 31,
            "154": 26,
            "155": 36,
            "156": 33,
            "157": 27,
            "158": 30,
            "159": 29,
            "160": 28,
            "161": 22,
            "162": 32,
            "163": 30,
            "164": 30,
            "165": 28,
            "166": 22,
            "167": 33,
            "168": 25,
            "169": 26,
            "170": 26,
            "171": 34,
            "172": 44,
            "173": 33,
            "174": 35,
            "175": 29,
            "176": 33,
            "177": 23,
            "178": 17,
            "179": 35,
            "180": 29,
            "181": 32,
            "182": 34,
            "183": 26,
            "184": 28,
            "185": 32,
            "186": 27,
            "187": 30,
            "188": 30,
            "189": 22
          },
          "per_class_update_counts": {
            "100": 16,
            "101": 20,
            "102": 13,
            "103": 24,
            "104": 0,
            "105": 24,
            "106": 10,
            "107": 19,
            "108": 23,
            "109": 24,
            "110": 27,
            "111": 20,
            "112": 14,
            "113": 23,
            "114": 21,
            "115": 22,
            "116": 26,
            "117": 34,
            "118": 22,
            "119": 22,
            "120": 22,
            "121": 23,
            "122": 25,
            "123": 29,
            "124": 23,
            "125": 16,
            "126": 21,
            "127": 20,
            "128": 33,
            "129": 11,
            "130": 31,
            "131": 26,
            "132": 27,
            "133": 24,
            "134": 22,
            "135": 19,
            "136": 27,
            "137": 23,
            "138": 23,
            "139": 24,
            "140": 41,
            "141": 21,
            "142": 25,
            "143": 10,
            "144": 16,
            "145": 29,
            "146": 26,
            "147": 23,
            "148": 24,
            "149": 23,
            "150": 17,
            "151": 17,
            "152": 34,
            "153": 25,
            "154": 21,
            "155": 29,
            "156": 26,
            "157": 22,
            "158": 24,
            "159": 23,
            "160": 22,
            "161": 18,
            "162": 26,
            "163": 24,
            "164": 24,
            "165": 22,
            "166": 18,
            "167": 26,
            "168": 20,
            "169": 21,
            "170": 21,
            "171": 27,
            "172": 35,
            "173": 26,
            "174": 28,
            "175": 23,
            "176": 26,
            "177": 18,
            "178": 14,
            "179": 28,
            "180": 23,
            "181": 26,
            "182": 27,
            "183": 21,
            "184": 22,
            "185": 26,
            "186": 22,
            "187": 24,
            "188": 24,
            "189": 18
          },
          "per_class_validation_counts": {
            "100": 4,
            "101": 5,
            "102": 3,
            "103": 6,
            "104": 0,
            "105": 6,
            "106": 2,
            "107": 5,
            "108": 6,
            "109": 6,
            "110": 7,
            "111": 5,
            "112": 4,
            "113": 6,
            "114": 5,
            "115": 6,
            "116": 7,
            "117": 9,
            "118": 5,
            "119": 5,
            "120": 5,
            "121": 6,
            "122": 6,
            "123": 7,
            "124": 6,
            "125": 4,
            "126": 5,
            "127": 5,
            "128": 8,
            "129": 3,
            "130": 8,
            "131": 6,
            "132": 7,
            "133": 6,
            "134": 6,
            "135": 5,
            "136": 7,
            "137": 6,
            "138": 6,
            "139": 6,
            "140": 10,
            "141": 5,
            "142": 6,
            "143": 3,
            "144": 4,
            "145": 7,
            "146": 7,
            "147": 6,
            "148": 6,
            "149": 6,
            "150": 4,
            "151": 4,
            "152": 8,
            "153": 6,
            "154": 5,
            "155": 7,
            "156": 7,
            "157": 5,
            "158": 6,
            "159": 6,
            "160": 6,
            "161": 4,
            "162": 6,
            "163": 6,
            "164": 6,
            "165": 6,
            "166": 4,
            "167": 7,
            "168": 5,
            "169": 5,
            "170": 5,
            "171": 7,
            "172": 9,
            "173": 7,
            "174": 7,
            "175": 6,
            "176": 7,
            "177": 5,
            "178": 3,
            "179": 7,
            "180": 6,
            "181": 6,
            "182": 7,
            "183": 5,
            "184": 6,
            "185": 6,
            "186": 5,
            "187": 6,
            "188": 6,
            "189": 4
          }
        }
      }
    },
    {
      "session": 10,
      "num_seen_classes": 200,
      "baseline_full_acc": 85.364,
      "baseline_base_acc": 87.849,
      "baseline_novel_acc": 82.935,
      "selected_alpha": 0.25,
      "final_full_acc": 85.761,
      "final_base_acc": 87.779,
      "final_novel_acc": 83.788,
      "final_gain": 0.397,
      "updated_class_count": 99,
      "gated_query_count": 2865,
      "gated_base_count": 17,
      "gated_novel_count": 2848,
      "alpha_selection": {
        "mode": "pseudo_validation",
        "fallback_used": false,
        "selected_alpha": 0.25,
        "candidates": [
          {
            "alpha": 0.25,
            "pseudo_val_score": -0.168979,
            "pseudo_val_nll": 0.168979,
            "pseudo_val_agreement": 97.911
          },
          {
            "alpha": 0.5,
            "pseudo_val_score": -0.182787,
            "pseudo_val_nll": 0.182787,
            "pseudo_val_agreement": 96.558
          },
          {
            "alpha": 0.75,
            "pseudo_val_score": -0.202524,
            "pseudo_val_nll": 0.202524,
            "pseudo_val_agreement": 95.822
          },
          {
            "alpha": 1.0,
            "pseudo_val_score": -0.223572,
            "pseudo_val_nll": 0.223572,
            "pseudo_val_agreement": 95.469
          }
        ],
        "split": {
          "novel_gated_query_count": 2865,
          "validation_count": 3399,
          "novel_validation_count": 572,
          "base_validation_count": 2827,
          "updated_class_count": 99,
          "per_class_counts": {
            "100": 20,
            "101": 25,
            "102": 16,
            "103": 30,
            "104": 4,
            "105": 30,
            "106": 12,
            "107": 24,
            "108": 29,
            "109": 30,
            "110": 34,
            "111": 25,
            "112": 18,
            "113": 29,
            "114": 26,
            "115": 28,
            "116": 33,
            "117": 44,
            "118": 27,
            "119": 27,
            "120": 27,
            "121": 29,
            "122": 31,
            "123": 36,
            "124": 29,
            "125": 20,
            "126": 26,
            "127": 25,
            "128": 42,
            "129": 14,
            "130": 39,
            "131": 32,
            "132": 34,
            "133": 30,
            "134": 28,
            "135": 24,
            "136": 34,
            "137": 29,
            "138": 29,
            "139": 30,
            "140": 51,
            "141": 26,
            "142": 31,
            "143": 13,
            "144": 20,
            "145": 36,
            "146": 33,
            "147": 29,
            "148": 29,
            "149": 29,
            "150": 21,
            "151": 21,
            "152": 42,
            "153": 31,
            "154": 27,
            "155": 36,
            "156": 33,
            "157": 27,
            "158": 30,
            "159": 29,
            "160": 28,
            "161": 22,
            "162": 32,
            "163": 30,
            "164": 30,
            "165": 28,
            "166": 22,
            "167": 32,
            "168": 25,
            "169": 26,
            "170": 26,
            "171": 34,
            "172": 45,
            "173": 33,
            "174": 35,
            "175": 29,
            "176": 33,
            "177": 23,
            "178": 17,
            "179": 35,
            "180": 28,
            "181": 32,
            "182": 34,
            "183": 26,
            "184": 28,
            "185": 32,
            "186": 25,
            "187": 30,
            "188": 33,
            "189": 22,
            "190": 27,
            "191": 32,
            "192": 25,
            "193": 30,
            "194": 38,
            "195": 29,
            "196": 26,
            "197": 29,
            "198": 30,
            "199": 31
          },
          "per_class_update_counts": {
            "100": 16,
            "101": 20,
            "102": 13,
            "103": 24,
            "104": 0,
            "105": 24,
            "106": 10,
            "107": 19,
            "108": 23,
            "109": 24,
            "110": 27,
            "111": 20,
            "112": 14,
            "113": 23,
            "114": 21,
            "115": 22,
            "116": 26,
            "117": 35,
            "118": 22,
            "119": 22,
            "120": 22,
            "121": 23,
            "122": 25,
            "123": 29,
            "124": 23,
            "125": 16,
            "126": 21,
            "127": 20,
            "128": 34,
            "129": 11,
            "130": 31,
            "131": 26,
            "132": 27,
            "133": 24,
            "134": 22,
            "135": 19,
            "136": 27,
            "137": 23,
            "138": 23,
            "139": 24,
            "140": 41,
            "141": 21,
            "142": 25,
            "143": 10,
            "144": 16,
            "145": 29,
            "146": 26,
            "147": 23,
            "148": 23,
            "149": 23,
            "150": 17,
            "151": 17,
            "152": 34,
            "153": 25,
            "154": 22,
            "155": 29,
            "156": 26,
            "157": 22,
            "158": 24,
            "159": 23,
            "160": 22,
            "161": 18,
            "162": 26,
            "163": 24,
            "164": 24,
            "165": 22,
            "166": 18,
            "167": 26,
            "168": 20,
            "169": 21,
            "170": 21,
            "171": 27,
            "172": 36,
            "173": 26,
            "174": 28,
            "175": 23,
            "176": 26,
            "177": 18,
            "178": 14,
            "179": 28,
            "180": 22,
            "181": 26,
            "182": 27,
            "183": 21,
            "184": 22,
            "185": 26,
            "186": 20,
            "187": 24,
            "188": 26,
            "189": 18,
            "190": 22,
            "191": 26,
            "192": 20,
            "193": 24,
            "194": 30,
            "195": 23,
            "196": 21,
            "197": 23,
            "198": 24,
            "199": 25
          },
          "per_class_validation_counts": {
            "100": 4,
            "101": 5,
            "102": 3,
            "103": 6,
            "104": 0,
            "105": 6,
            "106": 2,
            "107": 5,
            "108": 6,
            "109": 6,
            "110": 7,
            "111": 5,
            "112": 4,
            "113": 6,
            "114": 5,
            "115": 6,
            "116": 7,
            "117": 9,
            "118": 5,
            "119": 5,
            "120": 5,
            "121": 6,
            "122": 6,
            "123": 7,
            "124": 6,
            "125": 4,
            "126": 5,
            "127": 5,
            "128": 8,
            "129": 3,
            "130": 8,
            "131": 6,
            "132": 7,
            "133": 6,
            "134": 6,
            "135": 5,
            "136": 7,
            "137": 6,
            "138": 6,
            "139": 6,
            "140": 10,
            "141": 5,
            "142": 6,
            "143": 3,
            "144": 4,
            "145": 7,
            "146": 7,
            "147": 6,
            "148": 6,
            "149": 6,
            "150": 4,
            "151": 4,
            "152": 8,
            "153": 6,
            "154": 5,
            "155": 7,
            "156": 7,
            "157": 5,
            "158": 6,
            "159": 6,
            "160": 6,
            "161": 4,
            "162": 6,
            "163": 6,
            "164": 6,
            "165": 6,
            "166": 4,
            "167": 6,
            "168": 5,
            "169": 5,
            "170": 5,
            "171": 7,
            "172": 9,
            "173": 7,
            "174": 7,
            "175": 6,
            "176": 7,
            "177": 5,
            "178": 3,
            "179": 7,
            "180": 6,
            "181": 6,
            "182": 7,
            "183": 5,
            "184": 6,
            "185": 6,
            "186": 5,
            "187": 6,
            "188": 7,
            "189": 4,
            "190": 5,
            "191": 6,
            "192": 5,
            "193": 6,
            "194": 8,
            "195": 6,
            "196": 5,
            "197": 6,
            "198": 6,
            "199": 6
          }
        }
      }
    }
  ]
}
