/media/ndag/newVolume/BiMC-test/models/clip/clip.py:23: UserWarning: PyTorch version 1.7.1 or higher is recommended
  warnings.warn("PyTorch version 1.7.1 or higher is recommended")
manual seed: 5
use gpu: ['0']
Files already downloaded and verified
Files already downloaded and verified
Loading CLIP (backbone: ViT-B/16)
Prompt template:['a photo of a {}.']
Loading DinoV2 ViT-B/14 from local hub: /home/ndag/.cache/torch/hub/facebookresearch_dinov2_main
/home/ndag/.cache/torch/hub/facebookresearch_dinov2_main/dinov2/layers/swiglu_ffn.py:51: UserWarning: xFormers is not available (SwiGLU)
  warnings.warn("xFormers is not available (SwiGLU)")
/home/ndag/.cache/torch/hub/facebookresearch_dinov2_main/dinov2/layers/attention.py:36: UserWarning: xFormers is not available (Attention)
  warnings.warn("xFormers is not available (Attention)")
/home/ndag/.cache/torch/hub/facebookresearch_dinov2_main/dinov2/layers/block.py:40: UserWarning: xFormers is not available (Block)
  warnings.warn("xFormers is not available (Block)")
Loading DinoV2 weights: /home/ndag/.cache/torch/hub/checkpoints/dinov2_vitb14_pretrain.pth
class names: ['apple' 'aquarium fish' 'baby' 'bear' 'beaver' 'bed' 'bee' 'beetle'
 'bicycle' 'bottle' 'bowl' 'boy' 'bridge' 'bus' 'butterfly' 'camel' 'can'
 'castle' 'caterpillar' 'cattle' 'chair' 'chimpanzee' 'clock' 'cloud'
 'cockroach' 'couch' 'crab' 'crocodile' 'cup' 'dinosaur' 'dolphin'
 'elephant' 'flatfish' 'forest' 'fox' 'girl' 'hamster' 'house' 'kangaroo'
 'keyboard' 'lamp' 'lawn mower' 'leopard' 'lion' 'lizard' 'lobster' 'man'
 'maple tree' 'motorcycle' 'mountain' 'mouse' 'mushroom' 'oak tree'
 'orange' 'orchid' 'otter' 'palm tree' 'pear' 'pickup truck' 'pine tree']
all targets:tensor([ 0,  1,  2,  3,  4,  5,  6,  7,  8,  9, 10, 11, 12, 13, 14, 15, 16, 17,
        18, 19, 20, 21, 22, 23, 24, 25, 26, 27, 28, 29, 30, 31, 32, 33, 34, 35,
        36, 37, 38, 39, 40, 41, 42, 43, 44, 45, 46, 47, 48, 49, 50, 51, 52, 53,
        54, 55, 56, 57, 58, 59], device='cuda:0')
dino all targets:tensor([ 0,  1,  2,  3,  4,  5,  6,  7,  8,  9, 10, 11, 12, 13, 14, 15, 16, 17,
        18, 19, 20, 21, 22, 23, 24, 25, 26, 27, 28, 29, 30, 31, 32, 33, 34, 35,
        36, 37, 38, 39, 40, 41, 42, 43, 44, 45, 46, 47, 48, 49, 50, 51, 52, 53,
        54, 55, 56, 57, 58, 59], device='cuda:0')
finish loading CLIP/DinoV2 covariance
class names: ['plain' 'plate' 'poppy' 'porcupine' 'possum']
all targets:tensor([60, 61, 62, 63, 64], device='cuda:0')
dino all targets:tensor([60, 61, 62, 63, 64], device='cuda:0')
finish loading CLIP/DinoV2 covariance
class names: ['rabbit' 'raccoon' 'ray' 'road' 'rocket']
all targets:tensor([65, 66, 67, 68, 69], device='cuda:0')
dino all targets:tensor([65, 66, 67, 68, 69], device='cuda:0')
finish loading CLIP/DinoV2 covariance
class names: ['rose' 'sea' 'seal' 'shark' 'shrew']
all targets:tensor([70, 71, 72, 73, 74], device='cuda:0')
dino all targets:tensor([70, 71, 72, 73, 74], device='cuda:0')
finish loading CLIP/DinoV2 covariance
class names: ['skunk' 'skyscraper' 'snail' 'snake' 'spider']
all targets:tensor([75, 76, 77, 78, 79], device='cuda:0')
dino all targets:tensor([75, 76, 77, 78, 79], device='cuda:0')
finish loading CLIP/DinoV2 covariance
class names: ['squirrel' 'streetcar' 'sunflower' 'sweet pepper' 'table']
all targets:tensor([80, 81, 82, 83, 84], device='cuda:0')
dino all targets:tensor([80, 81, 82, 83, 84], device='cuda:0')
finish loading CLIP/DinoV2 covariance
class names: ['tank' 'telephone' 'television' 'tiger' 'tractor']
all targets:tensor([85, 86, 87, 88, 89], device='cuda:0')
dino all targets:tensor([85, 86, 87, 88, 89], device='cuda:0')
finish loading CLIP/DinoV2 covariance
class names: ['train' 'trout' 'tulip' 'turtle' 'wardrobe']
all targets:tensor([90, 91, 92, 93, 94], device='cuda:0')
dino all targets:tensor([90, 91, 92, 93, 94], device='cuda:0')
finish loading CLIP/DinoV2 covariance
class names: ['whale' 'willow tree' 'wolf' 'woman' 'worm']
all targets:tensor([95, 96, 97, 98, 99], device='cuda:0')
dino all targets:tensor([95, 96, 97, 98, 99], device='cuda:0')
finish loading CLIP/DinoV2 covariance
session 0: baseline=89.750 final=89.750 gain=0.000
session 1: baseline=87.477 final=88.154 gain=0.677
session 2: baseline=87.000 final=87.829 gain=0.829
session 3: baseline=84.787 final=86.187 gain=1.400
session 4: baseline=84.925 final=86.350 gain=1.425
session 5: baseline=84.659 final=86.153 gain=1.494
session 6: baseline=84.744 final=86.311 gain=1.567
session 7: baseline=84.347 final=85.989 gain=1.642
session 8: baseline=83.160 final=84.900 gain=1.740
{
  "dataset": "CIFAR100",
  "seed": 5,
  "train_cfg": "experiments/bmvc_1256_20260508-124032/generated_configs/bimc_dino_fusion.yaml",
  "method": "sessionwise conservative query prototype refinement on bimc_dino_fusion with pseudo-validation alpha selection",
  "runtime_sec": 448.961,
  "alpha_grid": [
    0.25,
    0.5,
    0.75,
    1.0
  ],
  "alpha_selection": "pseudo_validation_no_test_labels",
  "mass_thr": 0.3,
  "min_count": 5,
  "val_fraction": 0.2,
  "base_val_conf_thr": 0.5,
  "base_val_max_per_class": 50,
  "fallback_alpha": 0.75,
  "topk_per_class": null,
  "baseline_acc_list": [
    89.75,
    87.477,
    87.0,
    84.787,
    84.925,
    84.659,
    84.744,
    84.347,
    83.16
  ],
  "final_acc_list": [
    89.75,
    88.154,
    87.829,
    86.187,
    86.35,
    86.153,
    86.311,
    85.989,
    84.9
  ],
  "gain_list": [
    0.0,
    0.677,
    0.829,
    1.4,
    1.425,
    1.494,
    1.567,
    1.642,
    1.74
  ],
  "baseline_avg": 85.65,
  "baseline_pd": 6.59,
  "final_avg": 86.847,
  "final_pd": 4.85,
  "gain_avg": 1.197,
  "session_results": [
    {
      "session": 0,
      "num_seen_classes": 60,
      "baseline_full_acc": 89.75,
      "baseline_base_acc": 89.75,
      "baseline_novel_acc": 0.0,
      "best_alpha": null,
      "final_full_acc": 89.75,
      "final_base_acc": 89.75,
      "final_novel_acc": 0.0,
      "final_gain": 0.0,
      "updated_class_count": 0,
      "gated_query_count": 0,
      "alpha_selection": {
        "mode": "not_applicable_base_session",
        "selected_alpha": null
      }
    },
    {
      "session": 1,
      "num_seen_classes": 65,
      "baseline_full_acc": 87.477,
      "baseline_base_acc": 89.55,
      "baseline_novel_acc": 62.6,
      "selected_alpha": 0.25,
      "final_full_acc": 88.154,
      "final_base_acc": 89.433,
      "final_novel_acc": 72.8,
      "final_gain": 0.677,
      "updated_class_count": 5,
      "gated_query_count": 326,
      "gated_base_count": 10,
      "gated_novel_count": 316,
      "alpha_selection": {
        "mode": "pseudo_validation",
        "fallback_used": false,
        "selected_alpha": 0.25,
        "candidates": [
          {
            "alpha": 0.25,
            "pseudo_val_score": -0.018982,
            "pseudo_val_nll": 0.018982,
            "pseudo_val_agreement": 99.967
          },
          {
            "alpha": 0.5,
            "pseudo_val_score": -0.01937,
            "pseudo_val_nll": 0.01937,
            "pseudo_val_agreement": 99.902
          },
          {
            "alpha": 0.75,
            "pseudo_val_score": -0.020688,
            "pseudo_val_nll": 0.020688,
            "pseudo_val_agreement": 99.706
          },
          {
            "alpha": 1.0,
            "pseudo_val_score": -0.022731,
            "pseudo_val_nll": 0.022731,
            "pseudo_val_agreement": 99.576
          }
        ],
        "split": {
          "novel_gated_query_count": 326,
          "validation_count": 3065,
          "novel_validation_count": 65,
          "base_validation_count": 3000,
          "updated_class_count": 5,
          "per_class_counts": {
            "60": 74,
            "61": 42,
            "62": 97,
            "63": 44,
            "64": 69
          },
          "per_class_update_counts": {
            "60": 59,
            "61": 34,
            "62": 78,
            "63": 35,
            "64": 55
          },
          "per_class_validation_counts": {
            "60": 15,
            "61": 8,
            "62": 19,
            "63": 9,
            "64": 14
          }
        }
      }
    },
    {
      "session": 2,
      "num_seen_classes": 70,
      "baseline_full_acc": 87.0,
      "baseline_base_acc": 89.367,
      "baseline_novel_acc": 72.8,
      "selected_alpha": 0.25,
      "final_full_acc": 87.829,
      "final_base_acc": 89.267,
      "final_novel_acc": 79.2,
      "final_gain": 0.829,
      "updated_class_count": 10,
      "gated_query_count": 771,
      "gated_base_count": 20,
      "gated_novel_count": 751,
      "alpha_selection": {
        "mode": "pseudo_validation",
        "fallback_used": false,
        "selected_alpha": 0.25,
        "candidates": [
          {
            "alpha": 0.25,
            "pseudo_val_score": -0.038437,
            "pseudo_val_nll": 0.038437,
            "pseudo_val_agreement": 99.651
          },
          {
            "alpha": 0.5,
            "pseudo_val_score": -0.039744,
            "pseudo_val_nll": 0.039744,
            "pseudo_val_agreement": 99.461
          },
          {
            "alpha": 0.75,
            "pseudo_val_score": -0.043788,
            "pseudo_val_nll": 0.043788,
            "pseudo_val_agreement": 99.207
          },
          {
            "alpha": 1.0,
            "pseudo_val_score": -0.049822,
            "pseudo_val_nll": 0.049822,
            "pseudo_val_agreement": 99.017
          }
        ],
        "split": {
          "novel_gated_query_count": 771,
          "validation_count": 3154,
          "novel_validation_count": 154,
          "base_validation_count": 3000,
          "updated_class_count": 10,
          "per_class_counts": {
            "60": 71,
            "61": 43,
            "62": 97,
            "63": 43,
            "64": 71,
            "65": 86,
            "66": 94,
            "67": 77,
            "68": 94,
            "69": 95
          },
          "per_class_update_counts": {
            "60": 57,
            "61": 34,
            "62": 78,
            "63": 34,
            "64": 57,
            "65": 69,
            "66": 75,
            "67": 62,
            "68": 75,
            "69": 76
          },
          "per_class_validation_counts": {
            "60": 14,
            "61": 9,
            "62": 19,
            "63": 9,
            "64": 14,
            "65": 17,
            "66": 19,
            "67": 15,
            "68": 19,
            "69": 19
          }
        }
      }
    },
    {
      "session": 3,
      "num_seen_classes": 75,
      "baseline_full_acc": 84.787,
      "baseline_base_acc": 89.333,
      "baseline_novel_acc": 66.6,
      "selected_alpha": 0.25,
      "final_full_acc": 86.187,
      "final_base_acc": 89.15,
      "final_novel_acc": 74.333,
      "final_gain": 1.4,
      "updated_class_count": 15,
      "gated_query_count": 1078,
      "gated_base_count": 29,
      "gated_novel_count": 1049,
      "alpha_selection": {
        "mode": "pseudo_validation",
        "fallback_used": false,
        "selected_alpha": 0.25,
        "candidates": [
          {
            "alpha": 0.25,
            "pseudo_val_score": -0.052549,
            "pseudo_val_nll": 0.052549,
            "pseudo_val_agreement": 99.689
          },
          {
            "alpha": 0.5,
            "pseudo_val_score": -0.053761,
            "pseudo_val_nll": 0.053761,
            "pseudo_val_agreement": 99.316
          },
          {
            "alpha": 0.75,
            "pseudo_val_score": -0.058145,
            "pseudo_val_nll": 0.058145,
            "pseudo_val_agreement": 99.036
          },
          {
            "alpha": 1.0,
            "pseudo_val_score": -0.064916,
            "pseudo_val_nll": 0.064916,
            "pseudo_val_agreement": 98.6
          }
        ],
        "split": {
          "novel_gated_query_count": 1078,
          "validation_count": 3215,
          "novel_validation_count": 215,
          "base_validation_count": 3000,
          "updated_class_count": 15,
          "per_class_counts": {
            "60": 69,
            "61": 43,
            "62": 99,
            "63": 41,
            "64": 70,
            "65": 86,
            "66": 92,
            "67": 70,
            "68": 96,
            "69": 94,
            "70": 91,
            "71": 73,
            "72": 52,
            "73": 86,
            "74": 16
          },
          "per_class_update_counts": {
            "60": 55,
            "61": 34,
            "62": 79,
            "63": 33,
            "64": 56,
            "65": 69,
            "66": 74,
            "67": 56,
            "68": 77,
            "69": 75,
            "70": 73,
            "71": 58,
            "72": 42,
            "73": 69,
            "74": 13
          },
          "per_class_validation_counts": {
            "60": 14,
            "61": 9,
            "62": 20,
            "63": 8,
            "64": 14,
            "65": 17,
            "66": 18,
            "67": 14,
            "68": 19,
            "69": 19,
            "70": 18,
            "71": 15,
            "72": 10,
            "73": 17,
            "74": 3
          }
        }
      }
    },
    {
      "session": 4,
      "num_seen_classes": 80,
      "baseline_full_acc": 84.925,
      "baseline_base_acc": 89.383,
      "baseline_novel_acc": 71.55,
      "selected_alpha": 0.25,
      "final_full_acc": 86.35,
      "final_base_acc": 89.167,
      "final_novel_acc": 77.9,
      "final_gain": 1.425,
      "updated_class_count": 20,
      "gated_query_count": 1525,
      "gated_base_count": 35,
      "gated_novel_count": 1490,
      "alpha_selection": {
        "mode": "pseudo_validation",
        "fallback_used": false,
        "selected_alpha": 0.25,
        "candidates": [
          {
            "alpha": 0.25,
            "pseudo_val_score": -0.068092,
            "pseudo_val_nll": 0.068092,
            "pseudo_val_agreement": 99.728
          },
          {
            "alpha": 0.5,
            "pseudo_val_score": -0.068969,
            "pseudo_val_nll": 0.068969,
            "pseudo_val_agreement": 99.213
          },
          {
            "alpha": 0.75,
            "pseudo_val_score": -0.073941,
            "pseudo_val_nll": 0.073941,
            "pseudo_val_agreement": 98.82
          },
          {
            "alpha": 1.0,
            "pseudo_val_score": -0.082133,
            "pseudo_val_nll": 0.082133,
            "pseudo_val_agreement": 98.275
          }
        ],
        "split": {
          "novel_gated_query_count": 1525,
          "validation_count": 3305,
          "novel_validation_count": 305,
          "base_validation_count": 3000,
          "updated_class_count": 20,
          "per_class_counts": {
            "60": 68,
            "61": 43,
            "62": 99,
            "63": 41,
            "64": 70,
            "65": 86,
            "66": 93,
            "67": 70,
            "68": 95,
            "69": 99,
            "70": 91,
            "71": 73,
            "72": 52,
            "73": 86,
            "74": 16,
            "75": 97,
            "76": 86,
            "77": 91,
            "78": 91,
            "79": 78
          },
          "per_class_update_counts": {
            "60": 54,
            "61": 34,
            "62": 79,
            "63": 33,
            "64": 56,
            "65": 69,
            "66": 74,
            "67": 56,
            "68": 76,
            "69": 79,
            "70": 73,
            "71": 58,
            "72": 42,
            "73": 69,
            "74": 13,
            "75": 78,
            "76": 69,
            "77": 73,
            "78": 73,
            "79": 62
          },
          "per_class_validation_counts": {
            "60": 14,
            "61": 9,
            "62": 20,
            "63": 8,
            "64": 14,
            "65": 17,
            "66": 19,
            "67": 14,
            "68": 19,
            "69": 20,
            "70": 18,
            "71": 15,
            "72": 10,
            "73": 17,
            "74": 3,
            "75": 19,
            "76": 17,
            "77": 18,
            "78": 18,
            "79": 16
          }
        }
      }
    },
    {
      "session": 5,
      "num_seen_classes": 85,
      "baseline_full_acc": 84.659,
      "baseline_base_acc": 89.3,
      "baseline_novel_acc": 73.52,
      "selected_alpha": 0.25,
      "final_full_acc": 86.153,
      "final_base_acc": 89.033,
      "final_novel_acc": 79.24,
      "final_gain": 1.494,
      "updated_class_count": 25,
      "gated_query_count": 1946,
      "gated_base_count": 41,
      "gated_novel_count": 1905,
      "alpha_selection": {
        "mode": "pseudo_validation",
        "fallback_used": false,
        "selected_alpha": 0.25,
        "candidates": [
          {
            "alpha": 0.25,
            "pseudo_val_score": -0.082559,
            "pseudo_val_nll": 0.082559,
            "pseudo_val_agreement": 99.617
          },
          {
            "alpha": 0.5,
            "pseudo_val_score": -0.08409,
            "pseudo_val_nll": 0.08409,
            "pseudo_val_agreement": 98.968
          },
          {
            "alpha": 0.75,
            "pseudo_val_score": -0.090534,
            "pseudo_val_nll": 0.090534,
            "pseudo_val_agreement": 98.643
          },
          {
            "alpha": 1.0,
            "pseudo_val_score": -0.100538,
            "pseudo_val_nll": 0.100538,
            "pseudo_val_agreement": 97.936
          }
        ],
        "split": {
          "novel_gated_query_count": 1946,
          "validation_count": 3391,
          "novel_validation_count": 391,
          "base_validation_count": 3000,
          "updated_class_count": 25,
          "per_class_counts": {
            "60": 68,
            "61": 44,
            "62": 100,
            "63": 40,
            "64": 70,
            "65": 87,
            "66": 92,
            "67": 70,
            "68": 94,
            "69": 99,
            "70": 91,
            "71": 73,
            "72": 53,
            "73": 87,
            "74": 18,
            "75": 98,
            "76": 85,
            "77": 90,
            "78": 92,
            "79": 77,
            "80": 68,
            "81": 83,
            "82": 99,
            "83": 93,
            "84": 75
          },
          "per_class_update_counts": {
            "60": 54,
            "61": 35,
            "62": 80,
            "63": 32,
            "64": 56,
            "65": 70,
            "66": 74,
            "67": 56,
            "68": 75,
            "69": 79,
            "70": 73,
            "71": 58,
            "72": 42,
            "73": 70,
            "74": 14,
            "75": 78,
            "76": 68,
            "77": 72,
            "78": 74,
            "79": 62,
            "80": 54,
            "81": 66,
            "82": 79,
            "83": 74,
            "84": 60
          },
          "per_class_validation_counts": {
            "60": 14,
            "61": 9,
            "62": 20,
            "63": 8,
            "64": 14,
            "65": 17,
            "66": 18,
            "67": 14,
            "68": 19,
            "69": 20,
            "70": 18,
            "71": 15,
            "72": 11,
            "73": 17,
            "74": 4,
            "75": 20,
            "76": 17,
            "77": 18,
            "78": 18,
            "79": 15,
            "80": 14,
            "81": 17,
            "82": 20,
            "83": 19,
            "84": 15
          }
        }
      }
    },
    {
      "session": 6,
      "num_seen_classes": 90,
      "baseline_full_acc": 84.744,
      "baseline_base_acc": 89.183,
      "baseline_novel_acc": 75.867,
      "selected_alpha": 0.25,
      "final_full_acc": 86.311,
      "final_base_acc": 88.917,
      "final_novel_acc": 81.1,
      "final_gain": 1.567,
      "updated_class_count": 30,
      "gated_query_count": 2395,
      "gated_base_count": 46,
      "gated_novel_count": 2349,
      "alpha_selection": {
        "mode": "pseudo_validation",
        "fallback_used": false,
        "selected_alpha": 0.25,
        "candidates": [
          {
            "alpha": 0.25,
            "pseudo_val_score": -0.097163,
            "pseudo_val_nll": 0.097163,
            "pseudo_val_agreement": 99.598
          },
          {
            "alpha": 0.5,
            "pseudo_val_score": -0.098048,
            "pseudo_val_nll": 0.098048,
            "pseudo_val_agreement": 98.994
          },
          {
            "alpha": 0.75,
            "pseudo_val_score": -0.10421,
            "pseudo_val_nll": 0.10421,
            "pseudo_val_agreement": 98.649
          },
          {
            "alpha": 1.0,
            "pseudo_val_score": -0.114226,
            "pseudo_val_nll": 0.114226,
            "pseudo_val_agreement": 97.874
          }
        ],
        "split": {
          "novel_gated_query_count": 2395,
          "validation_count": 3480,
          "novel_validation_count": 480,
          "base_validation_count": 3000,
          "updated_class_count": 30,
          "per_class_counts": {
            "60": 68,
            "61": 44,
            "62": 100,
            "63": 39,
            "64": 70,
            "65": 87,
            "66": 93,
            "67": 69,
            "68": 94,
            "69": 97,
            "70": 91,
            "71": 72,
            "72": 53,
            "73": 87,
            "74": 17,
            "75": 98,
            "76": 84,
            "77": 90,
            "78": 91,
            "79": 79,
            "80": 67,
            "81": 83,
            "82": 99,
            "83": 93,
            "84": 77,
            "85": 97,
            "86": 90,
            "87": 84,
            "88": 89,
            "89": 93
          },
          "per_class_update_counts": {
            "60": 54,
            "61": 35,
            "62": 80,
            "63": 31,
            "64": 56,
            "65": 70,
            "66": 74,
            "67": 55,
            "68": 75,
            "69": 78,
            "70": 73,
            "71": 58,
            "72": 42,
            "73": 70,
            "74": 14,
            "75": 78,
            "76": 67,
            "77": 72,
            "78": 73,
            "79": 63,
            "80": 54,
            "81": 66,
            "82": 79,
            "83": 74,
            "84": 62,
            "85": 78,
            "86": 72,
            "87": 67,
            "88": 71,
            "89": 74
          },
          "per_class_validation_counts": {
            "60": 14,
            "61": 9,
            "62": 20,
            "63": 8,
            "64": 14,
            "65": 17,
            "66": 19,
            "67": 14,
            "68": 19,
            "69": 19,
            "70": 18,
            "71": 14,
            "72": 11,
            "73": 17,
            "74": 3,
            "75": 20,
            "76": 17,
            "77": 18,
            "78": 18,
            "79": 16,
            "80": 13,
            "81": 17,
            "82": 20,
            "83": 19,
            "84": 15,
            "85": 19,
            "86": 18,
            "87": 17,
            "88": 18,
            "89": 19
          }
        }
      }
    },
    {
      "session": 7,
      "num_seen_classes": 95,
      "baseline_full_acc": 84.347,
      "baseline_base_acc": 89.033,
      "baseline_novel_acc": 76.314,
      "selected_alpha": 0.25,
      "final_full_acc": 85.989,
      "final_base_acc": 88.8,
      "final_novel_acc": 81.171,
      "final_gain": 1.642,
      "updated_class_count": 35,
      "gated_query_count": 2838,
      "gated_base_count": 56,
      "gated_novel_count": 2782,
      "alpha_selection": {
        "mode": "pseudo_validation",
        "fallback_used": false,
        "selected_alpha": 0.25,
        "candidates": [
          {
            "alpha": 0.25,
            "pseudo_val_score": -0.113202,
            "pseudo_val_nll": 0.113202,
            "pseudo_val_agreement": 99.467
          },
          {
            "alpha": 0.5,
            "pseudo_val_score": -0.113672,
            "pseudo_val_nll": 0.113672,
            "pseudo_val_agreement": 98.991
          },
          {
            "alpha": 0.75,
            "pseudo_val_score": -0.120093,
            "pseudo_val_nll": 0.120093,
            "pseudo_val_agreement": 98.43
          },
          {
            "alpha": 1.0,
            "pseudo_val_score": -0.131089,
            "pseudo_val_nll": 0.131089,
            "pseudo_val_agreement": 97.45
          }
        ],
        "split": {
          "novel_gated_query_count": 2838,
          "validation_count": 3568,
          "novel_validation_count": 568,
          "base_validation_count": 3000,
          "updated_class_count": 35,
          "per_class_counts": {
            "60": 68,
            "61": 44,
            "62": 100,
            "63": 39,
            "64": 70,
            "65": 87,
            "66": 93,
            "67": 68,
            "68": 94,
            "69": 97,
            "70": 93,
            "71": 73,
            "72": 54,
            "73": 87,
            "74": 17,
            "75": 97,
            "76": 84,
            "77": 92,
            "78": 91,
            "79": 78,
            "80": 67,
            "81": 96,
            "82": 99,
            "83": 93,
            "84": 76,
            "85": 97,
            "86": 90,
            "87": 82,
            "88": 90,
            "89": 93,
            "90": 80,
            "91": 87,
            "92": 88,
            "93": 78,
            "94": 96
          },
          "per_class_update_counts": {
            "60": 54,
            "61": 35,
            "62": 80,
            "63": 31,
            "64": 56,
            "65": 70,
            "66": 74,
            "67": 54,
            "68": 75,
            "69": 78,
            "70": 74,
            "71": 58,
            "72": 43,
            "73": 70,
            "74": 14,
            "75": 78,
            "76": 67,
            "77": 74,
            "78": 73,
            "79": 62,
            "80": 54,
            "81": 77,
            "82": 79,
            "83": 74,
            "84": 61,
            "85": 78,
            "86": 72,
            "87": 66,
            "88": 72,
            "89": 74,
            "90": 64,
            "91": 70,
            "92": 70,
            "93": 62,
            "94": 77
          },
          "per_class_validation_counts": {
            "60": 14,
            "61": 9,
            "62": 20,
            "63": 8,
            "64": 14,
            "65": 17,
            "66": 19,
            "67": 14,
            "68": 19,
            "69": 19,
            "70": 19,
            "71": 15,
            "72": 11,
            "73": 17,
            "74": 3,
            "75": 19,
            "76": 17,
            "77": 18,
            "78": 18,
            "79": 16,
            "80": 13,
            "81": 19,
            "82": 20,
            "83": 19,
            "84": 15,
            "85": 19,
            "86": 18,
            "87": 16,
            "88": 18,
            "89": 19,
            "90": 16,
            "91": 17,
            "92": 18,
            "93": 16,
            "94": 19
          }
        }
      }
    },
    {
      "session": 8,
      "num_seen_classes": 100,
      "baseline_full_acc": 83.16,
      "baseline_base_acc": 88.9,
      "baseline_novel_acc": 74.55,
      "selected_alpha": 0.25,
      "final_full_acc": 84.9,
      "final_base_acc": 88.583,
      "final_novel_acc": 79.375,
      "final_gain": 1.74,
      "updated_class_count": 40,
      "gated_query_count": 3184,
      "gated_base_count": 63,
      "gated_novel_count": 3121,
      "alpha_selection": {
        "mode": "pseudo_validation",
        "fallback_used": false,
        "selected_alpha": 0.25,
        "candidates": [
          {
            "alpha": 0.25,
            "pseudo_val_score": -0.127684,
            "pseudo_val_nll": 0.127684,
            "pseudo_val_agreement": 99.34
          },
          {
            "alpha": 0.5,
            "pseudo_val_score": -0.129744,
            "pseudo_val_nll": 0.129744,
            "pseudo_val_agreement": 98.515
          },
          {
            "alpha": 0.75,
            "pseudo_val_score": -0.138513,
            "pseudo_val_nll": 0.138513,
            "pseudo_val_agreement": 97.828
          },
          {
            "alpha": 1.0,
            "pseudo_val_score": -0.151846,
            "pseudo_val_nll": 0.151846,
            "pseudo_val_agreement": 96.893
          }
        ],
        "split": {
          "novel_gated_query_count": 3184,
          "validation_count": 3637,
          "novel_validation_count": 637,
          "base_validation_count": 3000,
          "updated_class_count": 40,
          "per_class_counts": {
            "60": 68,
            "61": 44,
            "62": 100,
            "63": 40,
            "64": 71,
            "65": 87,
            "66": 94,
            "67": 68,
            "68": 93,
            "69": 97,
            "70": 93,
            "71": 74,
            "72": 53,
            "73": 92,
            "74": 17,
            "75": 98,
            "76": 85,
            "77": 92,
            "78": 80,
            "79": 77,
            "80": 67,
            "81": 96,
            "82": 99,
            "83": 93,
            "84": 77,
            "85": 97,
            "86": 89,
            "87": 82,
            "88": 88,
            "89": 93,
            "90": 80,
            "91": 87,
            "92": 88,
            "93": 78,
            "94": 96,
            "95": 56,
            "96": 44,
            "97": 95,
            "98": 51,
            "99": 105
          },
          "per_class_update_counts": {
            "60": 54,
            "61": 35,
            "62": 80,
            "63": 32,
            "64": 57,
            "65": 70,
            "66": 75,
            "67": 54,
            "68": 74,
            "69": 78,
            "70": 74,
            "71": 59,
            "72": 42,
            "73": 74,
            "74": 14,
            "75": 78,
            "76": 68,
            "77": 74,
            "78": 64,
            "79": 62,
            "80": 54,
            "81": 77,
            "82": 79,
            "83": 74,
            "84": 62,
            "85": 78,
            "86": 71,
            "87": 66,
            "88": 70,
            "89": 74,
            "90": 64,
            "91": 70,
            "92": 70,
            "93": 62,
            "94": 77,
            "95": 45,
            "96": 35,
            "97": 76,
            "98": 41,
            "99": 84
          },
          "per_class_validation_counts": {
            "60": 14,
            "61": 9,
            "62": 20,
            "63": 8,
            "64": 14,
            "65": 17,
            "66": 19,
            "67": 14,
            "68": 19,
            "69": 19,
            "70": 19,
            "71": 15,
            "72": 11,
            "73": 18,
            "74": 3,
            "75": 20,
            "76": 17,
            "77": 18,
            "78": 16,
            "79": 15,
            "80": 13,
            "81": 19,
            "82": 20,
            "83": 19,
            "84": 15,
            "85": 19,
            "86": 18,
            "87": 16,
            "88": 18,
            "89": 19,
            "90": 16,
            "91": 17,
            "92": 18,
            "93": 16,
            "94": 19,
            "95": 11,
            "96": 9,
            "97": 19,
            "98": 10,
            "99": 21
          }
        }
      }
    }
  ]
}
