/media/ndag/newVolume/BiMC-test/models/clip/clip.py:23: UserWarning: PyTorch version 1.7.1 or higher is recommended
  warnings.warn("PyTorch version 1.7.1 or higher is recommended")
manual seed: 1
use gpu: ['0']
Loading CLIP (backbone: ViT-B/16)
Prompt template:['a photo of a {}.']
Loading DinoV2 ViT-B/14 from local hub: /home/ndag/.cache/torch/hub/facebookresearch_dinov2_main
/home/ndag/.cache/torch/hub/facebookresearch_dinov2_main/dinov2/layers/swiglu_ffn.py:51: UserWarning: xFormers is not available (SwiGLU)
  warnings.warn("xFormers is not available (SwiGLU)")
/home/ndag/.cache/torch/hub/facebookresearch_dinov2_main/dinov2/layers/attention.py:36: UserWarning: xFormers is not available (Attention)
  warnings.warn("xFormers is not available (Attention)")
/home/ndag/.cache/torch/hub/facebookresearch_dinov2_main/dinov2/layers/block.py:40: UserWarning: xFormers is not available (Block)
  warnings.warn("xFormers is not available (Block)")
Loading DinoV2 weights: /home/ndag/.cache/torch/hub/checkpoints/dinov2_vitb14_pretrain.pth
class names: ['house finch' 'robin' 'triceratops' 'green mamba' 'harvestman' 'toucan'
 'goose' 'jellyfish' 'nematode' 'king crab' 'dugong' 'Walker hound'
 'Ibizan hound' 'Saluki' 'golden retriever' 'Gordon setter' 'komondor'
 'boxer' 'Tibetan mastiff' 'French bulldog' 'malamute' 'dalmatian'
 'Newfoundland' 'miniature poodle' 'white wolf' 'African hunting dog'
 'Arctic fox' 'lion' 'meerkat' 'ladybug' 'rhinoceros beetle' 'ant'
 'black-footed ferret' 'three-toed sloth' 'rock beauty' 'aircraft carrier'
 'ashcan' 'barrel' 'beer bottle' 'bookshop' 'cannon' 'carousel' 'carton'
 'catamaran' 'chime' 'clog' 'cocktail shaker' 'combination lock' 'crate'
 'cuirass' 'dishrag' 'dome' 'electric guitar' 'file' 'fire screen'
 'frying pan' 'garbage truck' 'hair slide' 'holster' 'horizontal bar']
all targets:tensor([ 0,  1,  2,  3,  4,  5,  6,  7,  8,  9, 10, 11, 12, 13, 14, 15, 16, 17,
        18, 19, 20, 21, 22, 23, 24, 25, 26, 27, 28, 29, 30, 31, 32, 33, 34, 35,
        36, 37, 38, 39, 40, 41, 42, 43, 44, 45, 46, 47, 48, 49, 50, 51, 52, 53,
        54, 55, 56, 57, 58, 59], device='cuda:0')
dino all targets:tensor([ 0,  1,  2,  3,  4,  5,  6,  7,  8,  9, 10, 11, 12, 13, 14, 15, 16, 17,
        18, 19, 20, 21, 22, 23, 24, 25, 26, 27, 28, 29, 30, 31, 32, 33, 34, 35,
        36, 37, 38, 39, 40, 41, 42, 43, 44, 45, 46, 47, 48, 49, 50, 51, 52, 53,
        54, 55, 56, 57, 58, 59], device='cuda:0')
finish loading CLIP/DinoV2 covariance
class names: ['hourglass' 'iPod' 'lipstick' 'miniskirt' 'missile']
all targets:tensor([60, 61, 62, 63, 64], device='cuda:0')
dino all targets:tensor([60, 61, 62, 63, 64], device='cuda:0')
finish loading CLIP/DinoV2 covariance
class names: ['mixing bowl' 'oboe' 'organ' 'parallel bars' 'pencil box']
all targets:tensor([65, 66, 67, 68, 69], device='cuda:0')
dino all targets:tensor([65, 66, 67, 68, 69], device='cuda:0')
finish loading CLIP/DinoV2 covariance
class names: ['photocopier' 'poncho' 'prayer rug' 'reel' 'school bus']
all targets:tensor([70, 71, 72, 73, 74], device='cuda:0')
dino all targets:tensor([70, 71, 72, 73, 74], device='cuda:0')
finish loading CLIP/DinoV2 covariance
class names: ['scoreboard' 'slot' 'snorkel' 'solar dish' 'spider web']
all targets:tensor([75, 76, 77, 78, 79], device='cuda:0')
dino all targets:tensor([75, 76, 77, 78, 79], device='cuda:0')
finish loading CLIP/DinoV2 covariance
class names: ['stage' 'tank' 'theater curtain' 'tile roof' 'tobacco shop']
all targets:tensor([80, 81, 82, 83, 84], device='cuda:0')
dino all targets:tensor([80, 81, 82, 83, 84], device='cuda:0')
finish loading CLIP/DinoV2 covariance
class names: ['unicycle' 'upright' 'vase' 'wok' 'worm fence']
all targets:tensor([85, 86, 87, 88, 89], device='cuda:0')
dino all targets:tensor([85, 86, 87, 88, 89], device='cuda:0')
finish loading CLIP/DinoV2 covariance
class names: ['yawl' 'street sign' 'consomme' 'trifle' 'hotdog']
all targets:tensor([90, 91, 92, 93, 94], device='cuda:0')
dino all targets:tensor([90, 91, 92, 93, 94], device='cuda:0')
finish loading CLIP/DinoV2 covariance
class names: ['orange' 'cliff' 'coral reef' 'bolete' 'ear']
all targets:tensor([95, 96, 97, 98, 99], device='cuda:0')
dino all targets:tensor([95, 96, 97, 98, 99], device='cuda:0')
finish loading CLIP/DinoV2 covariance
session 0: baseline=97.100 final=97.100 gain=0.000
session 1: baseline=97.062 final=97.077 gain=0.015
session 2: baseline=95.557 final=95.757 gain=0.200
session 3: baseline=95.373 final=95.667 gain=0.293
session 4: baseline=95.413 final=95.713 gain=0.300
session 5: baseline=94.988 final=95.306 gain=0.318
session 6: baseline=93.978 final=94.467 gain=0.489
session 7: baseline=93.568 final=94.116 gain=0.547
session 8: baseline=93.470 final=94.000 gain=0.530
{
  "dataset": "miniimagenet",
  "seed": 1,
  "train_cfg": "experiments/bmvc_1256_20260508-124032/generated_configs/bimc_dino_fusion.yaml",
  "method": "sessionwise conservative query prototype refinement on bimc_dino_fusion with pseudo-validation alpha selection",
  "runtime_sec": 448.263,
  "alpha_grid": [
    0.5,
    0.75,
    1.0
  ],
  "alpha_selection": "pseudo_validation_no_test_labels",
  "mass_thr": 0.3,
  "min_count": 5,
  "val_fraction": 0.1,
  "base_val_conf_thr": 0.5,
  "base_val_max_per_class": 50,
  "fallback_alpha": 0.75,
  "topk_per_class": null,
  "baseline_acc_list": [
    97.1,
    97.062,
    95.557,
    95.373,
    95.413,
    94.988,
    93.978,
    93.568,
    93.47
  ],
  "final_acc_list": [
    97.1,
    97.077,
    95.757,
    95.667,
    95.713,
    95.306,
    94.467,
    94.116,
    94.0
  ],
  "gain_list": [
    0.0,
    0.015,
    0.2,
    0.293,
    0.3,
    0.318,
    0.489,
    0.547,
    0.53
  ],
  "baseline_avg": 95.168,
  "baseline_pd": 3.63,
  "final_avg": 95.467,
  "final_pd": 3.1,
  "gain_avg": 0.299,
  "session_results": [
    {
      "session": 0,
      "num_seen_classes": 60,
      "baseline_full_acc": 97.1,
      "baseline_base_acc": 97.1,
      "baseline_novel_acc": 0.0,
      "best_alpha": null,
      "final_full_acc": 97.1,
      "final_base_acc": 97.1,
      "final_novel_acc": 0.0,
      "final_gain": 0.0,
      "updated_class_count": 0,
      "gated_query_count": 0,
      "alpha_selection": {
        "mode": "not_applicable_base_session",
        "selected_alpha": null
      }
    },
    {
      "session": 1,
      "num_seen_classes": 65,
      "baseline_full_acc": 97.062,
      "baseline_base_acc": 97.133,
      "baseline_novel_acc": 96.2,
      "selected_alpha": 0.5,
      "final_full_acc": 97.077,
      "final_base_acc": 97.117,
      "final_novel_acc": 96.6,
      "final_gain": 0.015,
      "updated_class_count": 5,
      "gated_query_count": 485,
      "gated_base_count": 2,
      "gated_novel_count": 483,
      "alpha_selection": {
        "mode": "pseudo_validation",
        "fallback_used": false,
        "selected_alpha": 0.5,
        "candidates": [
          {
            "alpha": 0.5,
            "pseudo_val_score": -0.009222,
            "pseudo_val_nll": 0.009222,
            "pseudo_val_agreement": 99.934
          },
          {
            "alpha": 0.75,
            "pseudo_val_score": -0.009776,
            "pseudo_val_nll": 0.009776,
            "pseudo_val_agreement": 99.934
          },
          {
            "alpha": 1.0,
            "pseudo_val_score": -0.010317,
            "pseudo_val_nll": 0.010317,
            "pseudo_val_agreement": 99.902
          }
        ],
        "split": {
          "novel_gated_query_count": 485,
          "validation_count": 3049,
          "novel_validation_count": 49,
          "base_validation_count": 3000,
          "updated_class_count": 5,
          "per_class_counts": {
            "60": 99,
            "61": 99,
            "62": 98,
            "63": 94,
            "64": 95
          },
          "per_class_update_counts": {
            "60": 89,
            "61": 89,
            "62": 88,
            "63": 85,
            "64": 85
          },
          "per_class_validation_counts": {
            "60": 10,
            "61": 10,
            "62": 10,
            "63": 9,
            "64": 10
          }
        }
      }
    },
    {
      "session": 2,
      "num_seen_classes": 70,
      "baseline_full_acc": 95.557,
      "baseline_base_acc": 96.983,
      "baseline_novel_acc": 87.0,
      "selected_alpha": 0.5,
      "final_full_acc": 95.757,
      "final_base_acc": 96.983,
      "final_novel_acc": 88.4,
      "final_gain": 0.2,
      "updated_class_count": 10,
      "gated_query_count": 882,
      "gated_base_count": 8,
      "gated_novel_count": 874,
      "alpha_selection": {
        "mode": "pseudo_validation",
        "fallback_used": false,
        "selected_alpha": 0.5,
        "candidates": [
          {
            "alpha": 0.5,
            "pseudo_val_score": -0.018269,
            "pseudo_val_nll": 0.018269,
            "pseudo_val_agreement": 99.806
          },
          {
            "alpha": 0.75,
            "pseudo_val_score": -0.020196,
            "pseudo_val_nll": 0.020196,
            "pseudo_val_agreement": 99.773
          },
          {
            "alpha": 1.0,
            "pseudo_val_score": -0.022484,
            "pseudo_val_nll": 0.022484,
            "pseudo_val_agreement": 99.676
          }
        ],
        "split": {
          "novel_gated_query_count": 882,
          "validation_count": 3088,
          "novel_validation_count": 88,
          "base_validation_count": 3000,
          "updated_class_count": 10,
          "per_class_counts": {
            "60": 99,
            "61": 99,
            "62": 100,
            "63": 94,
            "64": 95,
            "65": 81,
            "66": 101,
            "67": 101,
            "68": 23,
            "69": 89
          },
          "per_class_update_counts": {
            "60": 89,
            "61": 89,
            "62": 90,
            "63": 85,
            "64": 85,
            "65": 73,
            "66": 91,
            "67": 91,
            "68": 21,
            "69": 80
          },
          "per_class_validation_counts": {
            "60": 10,
            "61": 10,
            "62": 10,
            "63": 9,
            "64": 10,
            "65": 8,
            "66": 10,
            "67": 10,
            "68": 2,
            "69": 9
          }
        }
      }
    },
    {
      "session": 3,
      "num_seen_classes": 75,
      "baseline_full_acc": 95.373,
      "baseline_base_acc": 96.867,
      "baseline_novel_acc": 89.4,
      "selected_alpha": 0.5,
      "final_full_acc": 95.667,
      "final_base_acc": 96.867,
      "final_novel_acc": 90.867,
      "final_gain": 0.293,
      "updated_class_count": 15,
      "gated_query_count": 1359,
      "gated_base_count": 11,
      "gated_novel_count": 1348,
      "alpha_selection": {
        "mode": "pseudo_validation",
        "fallback_used": false,
        "selected_alpha": 0.5,
        "candidates": [
          {
            "alpha": 0.5,
            "pseudo_val_score": -0.026597,
            "pseudo_val_nll": 0.026597,
            "pseudo_val_agreement": 99.809
          },
          {
            "alpha": 0.75,
            "pseudo_val_score": -0.028556,
            "pseudo_val_nll": 0.028556,
            "pseudo_val_agreement": 99.713
          },
          {
            "alpha": 1.0,
            "pseudo_val_score": -0.030985,
            "pseudo_val_nll": 0.030985,
            "pseudo_val_agreement": 99.649
          }
        ],
        "split": {
          "novel_gated_query_count": 1359,
          "validation_count": 3136,
          "novel_validation_count": 136,
          "base_validation_count": 3000,
          "updated_class_count": 15,
          "per_class_counts": {
            "60": 99,
            "61": 100,
            "62": 100,
            "63": 92,
            "64": 95,
            "65": 81,
            "66": 101,
            "67": 101,
            "68": 23,
            "69": 89,
            "70": 99,
            "71": 83,
            "72": 97,
            "73": 100,
            "74": 99
          },
          "per_class_update_counts": {
            "60": 89,
            "61": 90,
            "62": 90,
            "63": 83,
            "64": 85,
            "65": 73,
            "66": 91,
            "67": 91,
            "68": 21,
            "69": 80,
            "70": 89,
            "71": 75,
            "72": 87,
            "73": 90,
            "74": 89
          },
          "per_class_validation_counts": {
            "60": 10,
            "61": 10,
            "62": 10,
            "63": 9,
            "64": 10,
            "65": 8,
            "66": 10,
            "67": 10,
            "68": 2,
            "69": 9,
            "70": 10,
            "71": 8,
            "72": 10,
            "73": 10,
            "74": 10
          }
        }
      }
    },
    {
      "session": 4,
      "num_seen_classes": 80,
      "baseline_full_acc": 95.413,
      "baseline_base_acc": 96.767,
      "baseline_novel_acc": 91.35,
      "selected_alpha": 0.5,
      "final_full_acc": 95.713,
      "final_base_acc": 96.75,
      "final_novel_acc": 92.6,
      "final_gain": 0.3,
      "updated_class_count": 20,
      "gated_query_count": 1855,
      "gated_base_count": 17,
      "gated_novel_count": 1838,
      "alpha_selection": {
        "mode": "pseudo_validation",
        "fallback_used": false,
        "selected_alpha": 0.5,
        "candidates": [
          {
            "alpha": 0.5,
            "pseudo_val_score": -0.034981,
            "pseudo_val_nll": 0.034981,
            "pseudo_val_agreement": 99.717
          },
          {
            "alpha": 0.75,
            "pseudo_val_score": -0.037159,
            "pseudo_val_nll": 0.037159,
            "pseudo_val_agreement": 99.592
          },
          {
            "alpha": 1.0,
            "pseudo_val_score": -0.039891,
            "pseudo_val_nll": 0.039891,
            "pseudo_val_agreement": 99.498
          }
        ],
        "split": {
          "novel_gated_query_count": 1855,
          "validation_count": 3185,
          "novel_validation_count": 185,
          "base_validation_count": 3000,
          "updated_class_count": 20,
          "per_class_counts": {
            "60": 99,
            "61": 100,
            "62": 101,
            "63": 92,
            "64": 95,
            "65": 82,
            "66": 101,
            "67": 101,
            "68": 23,
            "69": 89,
            "70": 98,
            "71": 83,
            "72": 97,
            "73": 100,
            "74": 99,
            "75": 101,
            "76": 98,
            "77": 102,
            "78": 94,
            "79": 100
          },
          "per_class_update_counts": {
            "60": 89,
            "61": 90,
            "62": 91,
            "63": 83,
            "64": 85,
            "65": 74,
            "66": 91,
            "67": 91,
            "68": 21,
            "69": 80,
            "70": 88,
            "71": 75,
            "72": 87,
            "73": 90,
            "74": 89,
            "75": 91,
            "76": 88,
            "77": 92,
            "78": 85,
            "79": 90
          },
          "per_class_validation_counts": {
            "60": 10,
            "61": 10,
            "62": 10,
            "63": 9,
            "64": 10,
            "65": 8,
            "66": 10,
            "67": 10,
            "68": 2,
            "69": 9,
            "70": 10,
            "71": 8,
            "72": 10,
            "73": 10,
            "74": 10,
            "75": 10,
            "76": 10,
            "77": 10,
            "78": 9,
            "79": 10
          }
        }
      }
    },
    {
      "session": 5,
      "num_seen_classes": 85,
      "baseline_full_acc": 94.988,
      "baseline_base_acc": 96.667,
      "baseline_novel_acc": 90.96,
      "selected_alpha": 0.5,
      "final_full_acc": 95.306,
      "final_base_acc": 96.533,
      "final_novel_acc": 92.36,
      "final_gain": 0.318,
      "updated_class_count": 25,
      "gated_query_count": 2331,
      "gated_base_count": 23,
      "gated_novel_count": 2308,
      "alpha_selection": {
        "mode": "pseudo_validation",
        "fallback_used": false,
        "selected_alpha": 0.5,
        "candidates": [
          {
            "alpha": 0.5,
            "pseudo_val_score": -0.043983,
            "pseudo_val_nll": 0.043983,
            "pseudo_val_agreement": 99.753
          },
          {
            "alpha": 0.75,
            "pseudo_val_score": -0.046834,
            "pseudo_val_nll": 0.046834,
            "pseudo_val_agreement": 99.536
          },
          {
            "alpha": 1.0,
            "pseudo_val_score": -0.050087,
            "pseudo_val_nll": 0.050087,
            "pseudo_val_agreement": 99.443
          }
        ],
        "split": {
          "novel_gated_query_count": 2331,
          "validation_count": 3233,
          "novel_validation_count": 233,
          "base_validation_count": 3000,
          "updated_class_count": 25,
          "per_class_counts": {
            "60": 99,
            "61": 99,
            "62": 101,
            "63": 92,
            "64": 95,
            "65": 82,
            "66": 102,
            "67": 101,
            "68": 23,
            "69": 89,
            "70": 98,
            "71": 82,
            "72": 97,
            "73": 100,
            "74": 99,
            "75": 101,
            "76": 98,
            "77": 101,
            "78": 92,
            "79": 100,
            "80": 96,
            "81": 102,
            "82": 94,
            "83": 98,
            "84": 90
          },
          "per_class_update_counts": {
            "60": 89,
            "61": 89,
            "62": 91,
            "63": 83,
            "64": 85,
            "65": 74,
            "66": 92,
            "67": 91,
            "68": 21,
            "69": 80,
            "70": 88,
            "71": 74,
            "72": 87,
            "73": 90,
            "74": 89,
            "75": 91,
            "76": 88,
            "77": 91,
            "78": 83,
            "79": 90,
            "80": 86,
            "81": 92,
            "82": 85,
            "83": 88,
            "84": 81
          },
          "per_class_validation_counts": {
            "60": 10,
            "61": 10,
            "62": 10,
            "63": 9,
            "64": 10,
            "65": 8,
            "66": 10,
            "67": 10,
            "68": 2,
            "69": 9,
            "70": 10,
            "71": 8,
            "72": 10,
            "73": 10,
            "74": 10,
            "75": 10,
            "76": 10,
            "77": 10,
            "78": 9,
            "79": 10,
            "80": 10,
            "81": 10,
            "82": 9,
            "83": 10,
            "84": 9
          }
        }
      }
    },
    {
      "session": 6,
      "num_seen_classes": 90,
      "baseline_full_acc": 93.978,
      "baseline_base_acc": 96.567,
      "baseline_novel_acc": 88.8,
      "selected_alpha": 0.5,
      "final_full_acc": 94.467,
      "final_base_acc": 96.35,
      "final_novel_acc": 90.7,
      "final_gain": 0.489,
      "updated_class_count": 30,
      "gated_query_count": 2742,
      "gated_base_count": 27,
      "gated_novel_count": 2715,
      "alpha_selection": {
        "mode": "pseudo_validation",
        "fallback_used": false,
        "selected_alpha": 0.5,
        "candidates": [
          {
            "alpha": 0.5,
            "pseudo_val_score": -0.052569,
            "pseudo_val_nll": 0.052569,
            "pseudo_val_agreement": 99.664
          },
          {
            "alpha": 0.75,
            "pseudo_val_score": -0.055922,
            "pseudo_val_nll": 0.055922,
            "pseudo_val_agreement": 99.359
          },
          {
            "alpha": 1.0,
            "pseudo_val_score": -0.059663,
            "pseudo_val_nll": 0.059663,
            "pseudo_val_agreement": 99.236
          }
        ],
        "split": {
          "novel_gated_query_count": 2742,
          "validation_count": 3274,
          "novel_validation_count": 274,
          "base_validation_count": 3000,
          "updated_class_count": 30,
          "per_class_counts": {
            "60": 99,
            "61": 99,
            "62": 101,
            "63": 91,
            "64": 95,
            "65": 84,
            "66": 102,
            "67": 91,
            "68": 23,
            "69": 89,
            "70": 98,
            "71": 82,
            "72": 97,
            "73": 100,
            "74": 99,
            "75": 101,
            "76": 98,
            "77": 101,
            "78": 92,
            "79": 100,
            "80": 98,
            "81": 102,
            "82": 94,
            "83": 97,
            "84": 91,
            "85": 96,
            "86": 105,
            "87": 86,
            "88": 33,
            "89": 98
          },
          "per_class_update_counts": {
            "60": 89,
            "61": 89,
            "62": 91,
            "63": 82,
            "64": 85,
            "65": 76,
            "66": 92,
            "67": 82,
            "68": 21,
            "69": 80,
            "70": 88,
            "71": 74,
            "72": 87,
            "73": 90,
            "74": 89,
            "75": 91,
            "76": 88,
            "77": 91,
            "78": 83,
            "79": 90,
            "80": 88,
            "81": 92,
            "82": 85,
            "83": 87,
            "84": 82,
            "85": 86,
            "86": 95,
            "87": 77,
            "88": 30,
            "89": 88
          },
          "per_class_validation_counts": {
            "60": 10,
            "61": 10,
            "62": 10,
            "63": 9,
            "64": 10,
            "65": 8,
            "66": 10,
            "67": 9,
            "68": 2,
            "69": 9,
            "70": 10,
            "71": 8,
            "72": 10,
            "73": 10,
            "74": 10,
            "75": 10,
            "76": 10,
            "77": 10,
            "78": 9,
            "79": 10,
            "80": 10,
            "81": 10,
            "82": 9,
            "83": 10,
            "84": 9,
            "85": 10,
            "86": 10,
            "87": 9,
            "88": 3,
            "89": 10
          }
        }
      }
    },
    {
      "session": 7,
      "num_seen_classes": 95,
      "baseline_full_acc": 93.568,
      "baseline_base_acc": 96.45,
      "baseline_novel_acc": 88.629,
      "selected_alpha": 0.5,
      "final_full_acc": 94.116,
      "final_base_acc": 96.3,
      "final_novel_acc": 90.371,
      "final_gain": 0.547,
      "updated_class_count": 35,
      "gated_query_count": 3212,
      "gated_base_count": 33,
      "gated_novel_count": 3179,
      "alpha_selection": {
        "mode": "pseudo_validation",
        "fallback_used": false,
        "selected_alpha": 0.5,
        "candidates": [
          {
            "alpha": 0.5,
            "pseudo_val_score": -0.061291,
            "pseudo_val_nll": 0.061291,
            "pseudo_val_agreement": 99.519
          },
          {
            "alpha": 0.75,
            "pseudo_val_score": -0.064973,
            "pseudo_val_nll": 0.064973,
            "pseudo_val_agreement": 99.308
          },
          {
            "alpha": 1.0,
            "pseudo_val_score": -0.069075,
            "pseudo_val_nll": 0.069075,
            "pseudo_val_agreement": 99.157
          }
        ],
        "split": {
          "novel_gated_query_count": 3212,
          "validation_count": 3323,
          "novel_validation_count": 323,
          "base_validation_count": 3000,
          "updated_class_count": 35,
          "per_class_counts": {
            "60": 99,
            "61": 99,
            "62": 102,
            "63": 91,
            "64": 95,
            "65": 79,
            "66": 102,
            "67": 91,
            "68": 23,
            "69": 89,
            "70": 98,
            "71": 82,
            "72": 97,
            "73": 100,
            "74": 99,
            "75": 101,
            "76": 98,
            "77": 101,
            "78": 92,
            "79": 100,
            "80": 97,
            "81": 102,
            "82": 94,
            "83": 97,
            "84": 91,
            "85": 96,
            "86": 105,
            "87": 86,
            "88": 26,
            "89": 98,
            "90": 60,
            "91": 99,
            "92": 115,
            "93": 108,
            "94": 100
          },
          "per_class_update_counts": {
            "60": 89,
            "61": 89,
            "62": 92,
            "63": 82,
            "64": 85,
            "65": 71,
            "66": 92,
            "67": 82,
            "68": 21,
            "69": 80,
            "70": 88,
            "71": 74,
            "72": 87,
            "73": 90,
            "74": 89,
            "75": 91,
            "76": 88,
            "77": 91,
            "78": 83,
            "79": 90,
            "80": 87,
            "81": 92,
            "82": 85,
            "83": 87,
            "84": 82,
            "85": 86,
            "86": 95,
            "87": 77,
            "88": 23,
            "89": 88,
            "90": 54,
            "91": 89,
            "92": 103,
            "93": 97,
            "94": 90
          },
          "per_class_validation_counts": {
            "60": 10,
            "61": 10,
            "62": 10,
            "63": 9,
            "64": 10,
            "65": 8,
            "66": 10,
            "67": 9,
            "68": 2,
            "69": 9,
            "70": 10,
            "71": 8,
            "72": 10,
            "73": 10,
            "74": 10,
            "75": 10,
            "76": 10,
            "77": 10,
            "78": 9,
            "79": 10,
            "80": 10,
            "81": 10,
            "82": 9,
            "83": 10,
            "84": 9,
            "85": 10,
            "86": 10,
            "87": 9,
            "88": 3,
            "89": 10,
            "90": 6,
            "91": 10,
            "92": 12,
            "93": 11,
            "94": 10
          }
        }
      }
    },
    {
      "session": 8,
      "num_seen_classes": 100,
      "baseline_full_acc": 93.47,
      "baseline_base_acc": 96.3,
      "baseline_novel_acc": 89.225,
      "selected_alpha": 0.5,
      "final_full_acc": 94.0,
      "final_base_acc": 96.117,
      "final_novel_acc": 90.825,
      "final_gain": 0.53,
      "updated_class_count": 40,
      "gated_query_count": 3700,
      "gated_base_count": 43,
      "gated_novel_count": 3657,
      "alpha_selection": {
        "mode": "pseudo_validation",
        "fallback_used": false,
        "selected_alpha": 0.5,
        "candidates": [
          {
            "alpha": 0.5,
            "pseudo_val_score": -0.071291,
            "pseudo_val_nll": 0.071291,
            "pseudo_val_agreement": 99.407
          },
          {
            "alpha": 0.75,
            "pseudo_val_score": -0.076067,
            "pseudo_val_nll": 0.076067,
            "pseudo_val_agreement": 99.14
          },
          {
            "alpha": 1.0,
            "pseudo_val_score": -0.081374,
            "pseudo_val_nll": 0.081374,
            "pseudo_val_agreement": 98.992
          }
        ],
        "split": {
          "novel_gated_query_count": 3700,
          "validation_count": 3372,
          "novel_validation_count": 372,
          "base_validation_count": 3000,
          "updated_class_count": 40,
          "per_class_counts": {
            "60": 99,
            "61": 99,
            "62": 101,
            "63": 91,
            "64": 95,
            "65": 80,
            "66": 102,
            "67": 91,
            "68": 24,
            "69": 89,
            "70": 98,
            "71": 82,
            "72": 97,
            "73": 100,
            "74": 99,
            "75": 101,
            "76": 98,
            "77": 104,
            "78": 92,
            "79": 100,
            "80": 97,
            "81": 102,
            "82": 94,
            "83": 97,
            "84": 91,
            "85": 96,
            "86": 105,
            "87": 86,
            "88": 27,
            "89": 97,
            "90": 60,
            "91": 99,
            "92": 115,
            "93": 109,
            "94": 102,
            "95": 99,
            "96": 97,
            "97": 89,
            "98": 99,
            "99": 97
          },
          "per_class_update_counts": {
            "60": 89,
            "61": 89,
            "62": 91,
            "63": 82,
            "64": 85,
            "65": 72,
            "66": 92,
            "67": 82,
            "68": 22,
            "69": 80,
            "70": 88,
            "71": 74,
            "72": 87,
            "73": 90,
            "74": 89,
            "75": 91,
            "76": 88,
            "77": 94,
            "78": 83,
            "79": 90,
            "80": 87,
            "81": 92,
            "82": 85,
            "83": 87,
            "84": 82,
            "85": 86,
            "86": 95,
            "87": 77,
            "88": 24,
            "89": 87,
            "90": 54,
            "91": 89,
            "92": 103,
            "93": 98,
            "94": 92,
            "95": 89,
            "96": 87,
            "97": 80,
            "98": 89,
            "99": 87
          },
          "per_class_validation_counts": {
            "60": 10,
            "61": 10,
            "62": 10,
            "63": 9,
            "64": 10,
            "65": 8,
            "66": 10,
            "67": 9,
            "68": 2,
            "69": 9,
            "70": 10,
            "71": 8,
            "72": 10,
            "73": 10,
            "74": 10,
            "75": 10,
            "76": 10,
            "77": 10,
            "78": 9,
            "79": 10,
            "80": 10,
            "81": 10,
            "82": 9,
            "83": 10,
            "84": 9,
            "85": 10,
            "86": 10,
            "87": 9,
            "88": 3,
            "89": 10,
            "90": 6,
            "91": 10,
            "92": 12,
            "93": 11,
            "94": 10,
            "95": 10,
            "96": 10,
            "97": 9,
            "98": 10,
            "99": 10
          }
        }
      }
    }
  ]
}
