/media/ndag/newVolume/BiMC-test/models/clip/clip.py:23: UserWarning: PyTorch version 1.7.1 or higher is recommended
  warnings.warn("PyTorch version 1.7.1 or higher is recommended")
manual seed: 5
use gpu: ['0']
Loading CLIP (backbone: ViT-B/16)
Prompt template:['a photo of a {}.']
Loading DinoV2 ViT-B/14 from local hub: /home/ndag/.cache/torch/hub/facebookresearch_dinov2_main
/home/ndag/.cache/torch/hub/facebookresearch_dinov2_main/dinov2/layers/swiglu_ffn.py:51: UserWarning: xFormers is not available (SwiGLU)
  warnings.warn("xFormers is not available (SwiGLU)")
/home/ndag/.cache/torch/hub/facebookresearch_dinov2_main/dinov2/layers/attention.py:36: UserWarning: xFormers is not available (Attention)
  warnings.warn("xFormers is not available (Attention)")
/home/ndag/.cache/torch/hub/facebookresearch_dinov2_main/dinov2/layers/block.py:40: UserWarning: xFormers is not available (Block)
  warnings.warn("xFormers is not available (Block)")
Loading DinoV2 weights: /home/ndag/.cache/torch/hub/checkpoints/dinov2_vitb14_pretrain.pth
class names: ['Black footed Albatross' 'Laysan Albatross' 'Sooty Albatross'
 'Groove billed Ani' 'Crested Auklet' 'Least Auklet' 'Parakeet Auklet'
 'Rhinoceros Auklet' 'Brewer Blackbird' 'Red winged Blackbird'
 'Rusty Blackbird' 'Yellow headed Blackbird' 'Bobolink' 'Indigo Bunting'
 'Lazuli Bunting' 'Painted Bunting' 'Cardinal' 'Spotted Catbird'
 'Gray Catbird' 'Yellow breasted Chat' 'Eastern Towhee' 'Chuck will Widow'
 'Brandt Cormorant' 'Red faced Cormorant' 'Pelagic Cormorant'
 'Bronzed Cowbird' 'Shiny Cowbird' 'Brown Creeper' 'American Crow'
 'Fish Crow' 'Black billed Cuckoo' 'Mangrove Cuckoo'
 'Yellow billed Cuckoo' 'Gray crowned Rosy Finch' 'Purple Finch'
 'Northern Flicker' 'Acadian Flycatcher' 'Great Crested Flycatcher'
 'Least Flycatcher' 'Olive sided Flycatcher' 'Scissor tailed Flycatcher'
 'Vermilion Flycatcher' 'Yellow bellied Flycatcher' 'Frigatebird'
 'Northern Fulmar' 'Gadwall' 'American Goldfinch' 'European Goldfinch'
 'Boat tailed Grackle' 'Eared Grebe' 'Horned Grebe' 'Pied billed Grebe'
 'Western Grebe' 'Blue Grosbeak' 'Evening Grosbeak' 'Pine Grosbeak'
 'Rose breasted Grosbeak' 'Pigeon Guillemot' 'California Gull'
 'Glaucous winged Gull' 'Heermann Gull' 'Herring Gull' 'Ivory Gull'
 'Ring billed Gull' 'Slaty backed Gull' 'Western Gull' 'Anna Hummingbird'
 'Ruby throated Hummingbird' 'Rufous Hummingbird' 'Green Violetear'
 'Long tailed Jaeger' 'Pomarine Jaeger' 'Blue Jay' 'Florida Jay'
 'Green Jay' 'Dark eyed Junco' 'Tropical Kingbird' 'Gray Kingbird'
 'Belted Kingfisher' 'Green Kingfisher' 'Pied Kingfisher'
 'Ringed Kingfisher' 'White breasted Kingfisher' 'Red legged Kittiwake'
 'Horned Lark' 'Pacific Loon' 'Mallard' 'Western Meadowlark'
 'Hooded Merganser' 'Red breasted Merganser' 'Mockingbird' 'Nighthawk'
 'Clark Nutcracker' 'White breasted Nuthatch' 'Baltimore Oriole'
 'Hooded Oriole' 'Orchard Oriole' 'Scott Oriole' 'Ovenbird'
 'Brown Pelican']
all targets:tensor([ 0,  1,  2,  3,  4,  5,  6,  7,  8,  9, 10, 11, 12, 13, 14, 15, 16, 17,
        18, 19, 20, 21, 22, 23, 24, 25, 26, 27, 28, 29, 30, 31, 32, 33, 34, 35,
        36, 37, 38, 39, 40, 41, 42, 43, 44, 45, 46, 47, 48, 49, 50, 51, 52, 53,
        54, 55, 56, 57, 58, 59, 60, 61, 62, 63, 64, 65, 66, 67, 68, 69, 70, 71,
        72, 73, 74, 75, 76, 77, 78, 79, 80, 81, 82, 83, 84, 85, 86, 87, 88, 89,
        90, 91, 92, 93, 94, 95, 96, 97, 98, 99], device='cuda:0')
dino all targets:tensor([ 0,  1,  2,  3,  4,  5,  6,  7,  8,  9, 10, 11, 12, 13, 14, 15, 16, 17,
        18, 19, 20, 21, 22, 23, 24, 25, 26, 27, 28, 29, 30, 31, 32, 33, 34, 35,
        36, 37, 38, 39, 40, 41, 42, 43, 44, 45, 46, 47, 48, 49, 50, 51, 52, 53,
        54, 55, 56, 57, 58, 59, 60, 61, 62, 63, 64, 65, 66, 67, 68, 69, 70, 71,
        72, 73, 74, 75, 76, 77, 78, 79, 80, 81, 82, 83, 84, 85, 86, 87, 88, 89,
        90, 91, 92, 93, 94, 95, 96, 97, 98, 99], device='cuda:0')
finish loading CLIP/DinoV2 covariance
class names: ['White Pelican' 'Western Wood Pewee' 'Sayornis' 'American Pipit'
 'Whip poor Will' 'Horned Puffin' 'Common Raven' 'White necked Raven'
 'American Redstart' 'Geococcyx']
all targets:tensor([100, 101, 102, 103, 104, 105, 106, 107, 108, 109], device='cuda:0')
dino all targets:tensor([100, 101, 102, 103, 104, 105, 106, 107, 108, 109], device='cuda:0')
finish loading CLIP/DinoV2 covariance
class names: ['Loggerhead Shrike' 'Great Grey Shrike' 'Baird Sparrow'
 'Black throated Sparrow' 'Brewer Sparrow' 'Chipping Sparrow'
 'Clay colored Sparrow' 'House Sparrow' 'Field Sparrow' 'Fox Sparrow']
all targets:tensor([110, 111, 112, 113, 114, 115, 116, 117, 118, 119], device='cuda:0')
dino all targets:tensor([110, 111, 112, 113, 114, 115, 116, 117, 118, 119], device='cuda:0')
finish loading CLIP/DinoV2 covariance
class names: ['Grasshopper Sparrow' 'Harris Sparrow' 'Henslow Sparrow'
 'Le Conte Sparrow' 'Lincoln Sparrow' 'Nelson Sharp tailed Sparrow'
 'Savannah Sparrow' 'Seaside Sparrow' 'Song Sparrow' 'Tree Sparrow']
all targets:tensor([120, 121, 122, 123, 124, 125, 126, 127, 128, 129], device='cuda:0')
dino all targets:tensor([120, 121, 122, 123, 124, 125, 126, 127, 128, 129], device='cuda:0')
finish loading CLIP/DinoV2 covariance
class names: ['Vesper Sparrow' 'White crowned Sparrow' 'White throated Sparrow'
 'Cape Glossy Starling' 'Bank Swallow' 'Barn Swallow' 'Cliff Swallow'
 'Tree Swallow' 'Scarlet Tanager' 'Summer Tanager']
all targets:tensor([130, 131, 132, 133, 134, 135, 136, 137, 138, 139], device='cuda:0')
dino all targets:tensor([130, 131, 132, 133, 134, 135, 136, 137, 138, 139], device='cuda:0')
finish loading CLIP/DinoV2 covariance
class names: ['Artic Tern' 'Black Tern' 'Caspian Tern' 'Common Tern' 'Elegant Tern'
 'Forsters Tern' 'Least Tern' 'Green tailed Towhee' 'Brown Thrasher'
 'Sage Thrasher']
all targets:tensor([140, 141, 142, 143, 144, 145, 146, 147, 148, 149], device='cuda:0')
dino all targets:tensor([140, 141, 142, 143, 144, 145, 146, 147, 148, 149], device='cuda:0')
finish loading CLIP/DinoV2 covariance
class names: ['Black capped Vireo' 'Blue headed Vireo' 'Philadelphia Vireo'
 'Red eyed Vireo' 'Warbling Vireo' 'White eyed Vireo'
 'Yellow throated Vireo' 'Bay breasted Warbler' 'Black and white Warbler'
 'Black throated Blue Warbler']
all targets:tensor([150, 151, 152, 153, 154, 155, 156, 157, 158, 159], device='cuda:0')
dino all targets:tensor([150, 151, 152, 153, 154, 155, 156, 157, 158, 159], device='cuda:0')
finish loading CLIP/DinoV2 covariance
class names: ['Blue winged Warbler' 'Canada Warbler' 'Cape May Warbler'
 'Cerulean Warbler' 'Chestnut sided Warbler' 'Golden winged Warbler'
 'Hooded Warbler' 'Kentucky Warbler' 'Magnolia Warbler' 'Mourning Warbler']
all targets:tensor([160, 161, 162, 163, 164, 165, 166, 167, 168, 169], device='cuda:0')
dino all targets:tensor([160, 161, 162, 163, 164, 165, 166, 167, 168, 169], device='cuda:0')
finish loading CLIP/DinoV2 covariance
class names: ['Myrtle Warbler' 'Nashville Warbler' 'Orange crowned Warbler'
 'Palm Warbler' 'Pine Warbler' 'Prairie Warbler' 'Prothonotary Warbler'
 'Swainson Warbler' 'Tennessee Warbler' 'Wilson Warbler']
all targets:tensor([170, 171, 172, 173, 174, 175, 176, 177, 178, 179], device='cuda:0')
dino all targets:tensor([170, 171, 172, 173, 174, 175, 176, 177, 178, 179], device='cuda:0')
finish loading CLIP/DinoV2 covariance
class names: ['Worm eating Warbler' 'Yellow Warbler' 'Northern Waterthrush'
 'Louisiana Waterthrush' 'Bohemian Waxwing' 'Cedar Waxwing'
 'American Three toed Woodpecker' 'Pileated Woodpecker'
 'Red bellied Woodpecker' 'Red cockaded Woodpecker']
all targets:tensor([180, 181, 182, 183, 184, 185, 186, 187, 188, 189], device='cuda:0')
dino all targets:tensor([180, 181, 182, 183, 184, 185, 186, 187, 188, 189], device='cuda:0')
finish loading CLIP/DinoV2 covariance
class names: ['Red headed Woodpecker' 'Downy Woodpecker' 'Bewick Wren' 'Cactus Wren'
 'Carolina Wren' 'House Wren' 'Marsh Wren' 'Rock Wren' 'Winter Wren'
 'Common Yellowthroat']
all targets:tensor([190, 191, 192, 193, 194, 195, 196, 197, 198, 199], device='cuda:0')
dino all targets:tensor([190, 191, 192, 193, 194, 195, 196, 197, 198, 199], device='cuda:0')
finish loading CLIP/DinoV2 covariance
session 0: baseline=88.163 final=88.163 gain=0.000
session 1: baseline=86.637 final=87.210 gain=0.573
session 2: baseline=86.239 final=86.822 gain=0.583
session 3: baseline=85.676 final=86.293 gain=0.617
session 4: baseline=85.675 final=86.395 gain=0.720
session 5: baseline=84.535 final=85.344 gain=0.809
session 6: baseline=84.764 final=85.587 gain=0.824
session 7: baseline=85.196 final=86.031 gain=0.835
session 8: baseline=84.672 final=85.459 gain=0.788
session 9: baseline=85.038 final=85.857 gain=0.819
session 10: baseline=85.364 final=86.210 gain=0.846
{
  "dataset": "cub200",
  "seed": 5,
  "train_cfg": "experiments/bmvc_1256_20260508-124032/generated_configs/bimc_dino_fusion.yaml",
  "method": "sessionwise conservative query prototype refinement on bimc_dino_fusion with pseudo-validation alpha selection",
  "runtime_sec": 239.411,
  "alpha_grid": [
    0.5,
    0.75,
    1.0
  ],
  "alpha_selection": "pseudo_validation_no_test_labels",
  "mass_thr": 0.3,
  "min_count": 5,
  "val_fraction": 0.1,
  "base_val_conf_thr": 0.5,
  "base_val_max_per_class": 50,
  "fallback_alpha": 0.75,
  "topk_per_class": null,
  "baseline_acc_list": [
    88.163,
    86.637,
    86.239,
    85.676,
    85.675,
    84.535,
    84.764,
    85.196,
    84.672,
    85.038,
    85.364
  ],
  "final_acc_list": [
    88.163,
    87.21,
    86.822,
    86.293,
    86.395,
    85.344,
    85.587,
    86.031,
    85.459,
    85.857,
    86.21
  ],
  "gain_list": [
    0.0,
    0.573,
    0.583,
    0.617,
    0.72,
    0.809,
    0.824,
    0.835,
    0.788,
    0.819,
    0.846
  ],
  "baseline_avg": 85.633,
  "baseline_pd": 2.799,
  "final_avg": 86.306,
  "final_pd": 1.953,
  "gain_avg": 0.674,
  "session_results": [
    {
      "session": 0,
      "num_seen_classes": 100,
      "baseline_full_acc": 88.163,
      "baseline_base_acc": 88.163,
      "baseline_novel_acc": 0.0,
      "best_alpha": null,
      "final_full_acc": 88.163,
      "final_base_acc": 88.163,
      "final_novel_acc": 0.0,
      "final_gain": 0.0,
      "updated_class_count": 0,
      "gated_query_count": 0,
      "alpha_selection": {
        "mode": "not_applicable_base_session",
        "selected_alpha": null
      }
    },
    {
      "session": 1,
      "num_seen_classes": 110,
      "baseline_full_acc": 86.637,
      "baseline_base_acc": 88.128,
      "baseline_novel_acc": 71.326,
      "selected_alpha": 0.5,
      "final_full_acc": 87.21,
      "final_base_acc": 88.094,
      "final_novel_acc": 78.136,
      "final_gain": 0.573,
      "updated_class_count": 9,
      "gated_query_count": 216,
      "gated_base_count": 6,
      "gated_novel_count": 210,
      "alpha_selection": {
        "mode": "pseudo_validation",
        "fallback_used": false,
        "selected_alpha": 0.5,
        "candidates": [
          {
            "alpha": 0.5,
            "pseudo_val_score": -0.085085,
            "pseudo_val_nll": 0.085085,
            "pseudo_val_agreement": 99.471
          },
          {
            "alpha": 0.75,
            "pseudo_val_score": -0.086958,
            "pseudo_val_nll": 0.086958,
            "pseudo_val_agreement": 99.436
          },
          {
            "alpha": 1.0,
            "pseudo_val_score": -0.087029,
            "pseudo_val_nll": 0.087029,
            "pseudo_val_agreement": 99.507
          }
        ],
        "split": {
          "novel_gated_query_count": 216,
          "validation_count": 2838,
          "novel_validation_count": 21,
          "base_validation_count": 2817,
          "updated_class_count": 9,
          "per_class_counts": {
            "100": 20,
            "101": 23,
            "102": 15,
            "103": 30,
            "104": 4,
            "105": 30,
            "106": 12,
            "107": 24,
            "108": 27,
            "109": 31
          },
          "per_class_update_counts": {
            "100": 18,
            "101": 21,
            "102": 13,
            "103": 27,
            "104": 0,
            "105": 27,
            "106": 11,
            "107": 22,
            "108": 24,
            "109": 28
          },
          "per_class_validation_counts": {
            "100": 2,
            "101": 2,
            "102": 2,
            "103": 3,
            "104": 0,
            "105": 3,
            "106": 1,
            "107": 2,
            "108": 3,
            "109": 3
          }
        }
      }
    },
    {
      "session": 2,
      "num_seen_classes": 120,
      "baseline_full_acc": 86.239,
      "baseline_base_acc": 88.163,
      "baseline_novel_acc": 76.502,
      "selected_alpha": 0.5,
      "final_full_acc": 86.822,
      "final_base_acc": 88.128,
      "final_novel_acc": 80.212,
      "final_gain": 0.583,
      "updated_class_count": 19,
      "gated_query_count": 502,
      "gated_base_count": 7,
      "gated_novel_count": 495,
      "alpha_selection": {
        "mode": "pseudo_validation",
        "fallback_used": false,
        "selected_alpha": 0.5,
        "candidates": [
          {
            "alpha": 0.5,
            "pseudo_val_score": -0.093158,
            "pseudo_val_nll": 0.093158,
            "pseudo_val_agreement": 99.269
          },
          {
            "alpha": 0.75,
            "pseudo_val_score": -0.096508,
            "pseudo_val_nll": 0.096508,
            "pseudo_val_agreement": 99.094
          },
          {
            "alpha": 1.0,
            "pseudo_val_score": -0.098179,
            "pseudo_val_nll": 0.098179,
            "pseudo_val_agreement": 99.129
          }
        ],
        "split": {
          "novel_gated_query_count": 502,
          "validation_count": 2871,
          "novel_validation_count": 49,
          "base_validation_count": 2822,
          "updated_class_count": 19,
          "per_class_counts": {
            "100": 20,
            "101": 24,
            "102": 15,
            "103": 30,
            "104": 4,
            "105": 30,
            "106": 11,
            "107": 24,
            "108": 27,
            "109": 31,
            "110": 34,
            "111": 25,
            "112": 22,
            "113": 29,
            "114": 27,
            "115": 29,
            "116": 33,
            "117": 31,
            "118": 26,
            "119": 30
          },
          "per_class_update_counts": {
            "100": 18,
            "101": 22,
            "102": 13,
            "103": 27,
            "104": 0,
            "105": 27,
            "106": 10,
            "107": 22,
            "108": 24,
            "109": 28,
            "110": 31,
            "111": 23,
            "112": 20,
            "113": 26,
            "114": 24,
            "115": 26,
            "116": 30,
            "117": 28,
            "118": 23,
            "119": 27
          },
          "per_class_validation_counts": {
            "100": 2,
            "101": 2,
            "102": 2,
            "103": 3,
            "104": 0,
            "105": 3,
            "106": 1,
            "107": 2,
            "108": 3,
            "109": 3,
            "110": 3,
            "111": 2,
            "112": 2,
            "113": 3,
            "114": 3,
            "115": 3,
            "116": 3,
            "117": 3,
            "118": 3,
            "119": 3
          }
        }
      }
    },
    {
      "session": 3,
      "num_seen_classes": 130,
      "baseline_full_acc": 85.676,
      "baseline_base_acc": 88.094,
      "baseline_novel_acc": 77.662,
      "selected_alpha": 0.5,
      "final_full_acc": 86.293,
      "final_base_acc": 88.059,
      "final_novel_acc": 80.44,
      "final_gain": 0.617,
      "updated_class_count": 29,
      "gated_query_count": 798,
      "gated_base_count": 7,
      "gated_novel_count": 791,
      "alpha_selection": {
        "mode": "pseudo_validation",
        "fallback_used": false,
        "selected_alpha": 0.5,
        "candidates": [
          {
            "alpha": 0.5,
            "pseudo_val_score": -0.101138,
            "pseudo_val_nll": 0.101138,
            "pseudo_val_agreement": 99.034
          },
          {
            "alpha": 0.75,
            "pseudo_val_score": -0.105802,
            "pseudo_val_nll": 0.105802,
            "pseudo_val_agreement": 98.689
          },
          {
            "alpha": 1.0,
            "pseudo_val_score": -0.109516,
            "pseudo_val_nll": 0.109516,
            "pseudo_val_agreement": 98.655
          }
        ],
        "split": {
          "novel_gated_query_count": 798,
          "validation_count": 2899,
          "novel_validation_count": 78,
          "base_validation_count": 2821,
          "updated_class_count": 29,
          "per_class_counts": {
            "100": 20,
            "101": 24,
            "102": 15,
            "103": 30,
            "104": 4,
            "105": 30,
            "106": 11,
            "107": 24,
            "108": 27,
            "109": 30,
            "110": 34,
            "111": 25,
            "112": 21,
            "113": 29,
            "114": 27,
            "115": 34,
            "116": 33,
            "117": 42,
            "118": 27,
            "119": 27,
            "120": 28,
            "121": 30,
            "122": 32,
            "123": 36,
            "124": 30,
            "125": 20,
            "126": 28,
            "127": 25,
            "128": 41,
            "129": 14
          },
          "per_class_update_counts": {
            "100": 18,
            "101": 22,
            "102": 13,
            "103": 27,
            "104": 0,
            "105": 27,
            "106": 10,
            "107": 22,
            "108": 24,
            "109": 27,
            "110": 31,
            "111": 23,
            "112": 19,
            "113": 26,
            "114": 24,
            "115": 31,
            "116": 30,
            "117": 38,
            "118": 24,
            "119": 24,
            "120": 25,
            "121": 27,
            "122": 29,
            "123": 32,
            "124": 27,
            "125": 18,
            "126": 25,
            "127": 23,
            "128": 37,
            "129": 13
          },
          "per_class_validation_counts": {
            "100": 2,
            "101": 2,
            "102": 2,
            "103": 3,
            "104": 0,
            "105": 3,
            "106": 1,
            "107": 2,
            "108": 3,
            "109": 3,
            "110": 3,
            "111": 2,
            "112": 2,
            "113": 3,
            "114": 3,
            "115": 3,
            "116": 3,
            "117": 4,
            "118": 3,
            "119": 3,
            "120": 3,
            "121": 3,
            "122": 3,
            "123": 4,
            "124": 3,
            "125": 2,
            "126": 3,
            "127": 2,
            "128": 4,
            "129": 1
          }
        }
      }
    },
    {
      "session": 4,
      "num_seen_classes": 140,
      "baseline_full_acc": 85.675,
      "baseline_base_acc": 88.024,
      "baseline_novel_acc": 79.897,
      "selected_alpha": 0.5,
      "final_full_acc": 86.395,
      "final_base_acc": 87.954,
      "final_novel_acc": 82.56,
      "final_gain": 0.72,
      "updated_class_count": 39,
      "gated_query_count": 1096,
      "gated_base_count": 8,
      "gated_novel_count": 1088,
      "alpha_selection": {
        "mode": "pseudo_validation",
        "fallback_used": false,
        "selected_alpha": 0.5,
        "candidates": [
          {
            "alpha": 0.5,
            "pseudo_val_score": -0.109593,
            "pseudo_val_nll": 0.109593,
            "pseudo_val_agreement": 98.74
          },
          {
            "alpha": 0.75,
            "pseudo_val_score": -0.115503,
            "pseudo_val_nll": 0.115503,
            "pseudo_val_agreement": 98.399
          },
          {
            "alpha": 1.0,
            "pseudo_val_score": -0.120706,
            "pseudo_val_nll": 0.120706,
            "pseudo_val_agreement": 98.229
          }
        ],
        "split": {
          "novel_gated_query_count": 1096,
          "validation_count": 2936,
          "novel_validation_count": 109,
          "base_validation_count": 2827,
          "updated_class_count": 39,
          "per_class_counts": {
            "100": 20,
            "101": 24,
            "102": 16,
            "103": 30,
            "104": 4,
            "105": 30,
            "106": 12,
            "107": 24,
            "108": 28,
            "109": 30,
            "110": 34,
            "111": 25,
            "112": 18,
            "113": 29,
            "114": 26,
            "115": 28,
            "116": 33,
            "117": 43,
            "118": 27,
            "119": 27,
            "120": 27,
            "121": 29,
            "122": 31,
            "123": 36,
            "124": 29,
            "125": 20,
            "126": 26,
            "127": 25,
            "128": 41,
            "129": 14,
            "130": 39,
            "131": 32,
            "132": 34,
            "133": 30,
            "134": 28,
            "135": 24,
            "136": 35,
            "137": 29,
            "138": 29,
            "139": 30
          },
          "per_class_update_counts": {
            "100": 18,
            "101": 22,
            "102": 14,
            "103": 27,
            "104": 0,
            "105": 27,
            "106": 11,
            "107": 22,
            "108": 25,
            "109": 27,
            "110": 31,
            "111": 23,
            "112": 16,
            "113": 26,
            "114": 23,
            "115": 25,
            "116": 30,
            "117": 39,
            "118": 24,
            "119": 24,
            "120": 24,
            "121": 26,
            "122": 28,
            "123": 32,
            "124": 26,
            "125": 18,
            "126": 23,
            "127": 23,
            "128": 37,
            "129": 13,
            "130": 35,
            "131": 29,
            "132": 31,
            "133": 27,
            "134": 25,
            "135": 22,
            "136": 31,
            "137": 26,
            "138": 26,
            "139": 27
          },
          "per_class_validation_counts": {
            "100": 2,
            "101": 2,
            "102": 2,
            "103": 3,
            "104": 0,
            "105": 3,
            "106": 1,
            "107": 2,
            "108": 3,
            "109": 3,
            "110": 3,
            "111": 2,
            "112": 2,
            "113": 3,
            "114": 3,
            "115": 3,
            "116": 3,
            "117": 4,
            "118": 3,
            "119": 3,
            "120": 3,
            "121": 3,
            "122": 3,
            "123": 4,
            "124": 3,
            "125": 2,
            "126": 3,
            "127": 2,
            "128": 4,
            "129": 1,
            "130": 4,
            "131": 3,
            "132": 3,
            "133": 3,
            "134": 3,
            "135": 2,
            "136": 4,
            "137": 3,
            "138": 3,
            "139": 3
          }
        }
      }
    },
    {
      "session": 5,
      "num_seen_classes": 150,
      "baseline_full_acc": 84.535,
      "baseline_base_acc": 88.059,
      "baseline_novel_acc": 77.633,
      "selected_alpha": 0.5,
      "final_full_acc": 85.344,
      "final_base_acc": 87.989,
      "final_novel_acc": 80.164,
      "final_gain": 0.809,
      "updated_class_count": 49,
      "gated_query_count": 1394,
      "gated_base_count": 9,
      "gated_novel_count": 1385,
      "alpha_selection": {
        "mode": "pseudo_validation",
        "fallback_used": false,
        "selected_alpha": 0.5,
        "candidates": [
          {
            "alpha": 0.5,
            "pseudo_val_score": -0.11908,
            "pseudo_val_nll": 0.11908,
            "pseudo_val_agreement": 98.414
          },
          {
            "alpha": 0.75,
            "pseudo_val_score": -0.1268,
            "pseudo_val_nll": 0.1268,
            "pseudo_val_agreement": 98.043
          },
          {
            "alpha": 1.0,
            "pseudo_val_score": -0.133338,
            "pseudo_val_nll": 0.133338,
            "pseudo_val_agreement": 97.908
          }
        ],
        "split": {
          "novel_gated_query_count": 1394,
          "validation_count": 2963,
          "novel_validation_count": 138,
          "base_validation_count": 2825,
          "updated_class_count": 49,
          "per_class_counts": {
            "100": 20,
            "101": 24,
            "102": 16,
            "103": 30,
            "104": 4,
            "105": 30,
            "106": 12,
            "107": 24,
            "108": 28,
            "109": 30,
            "110": 34,
            "111": 25,
            "112": 18,
            "113": 29,
            "114": 26,
            "115": 28,
            "116": 33,
            "117": 43,
            "118": 27,
            "119": 27,
            "120": 27,
            "121": 29,
            "122": 31,
            "123": 36,
            "124": 29,
            "125": 20,
            "126": 26,
            "127": 25,
            "128": 41,
            "129": 14,
            "130": 39,
            "131": 32,
            "132": 34,
            "133": 30,
            "134": 28,
            "135": 24,
            "136": 34,
            "137": 29,
            "138": 29,
            "139": 30,
            "140": 51,
            "141": 26,
            "142": 31,
            "143": 13,
            "144": 20,
            "145": 36,
            "146": 33,
            "147": 30,
            "148": 30,
            "149": 29
          },
          "per_class_update_counts": {
            "100": 18,
            "101": 22,
            "102": 14,
            "103": 27,
            "104": 0,
            "105": 27,
            "106": 11,
            "107": 22,
            "108": 25,
            "109": 27,
            "110": 31,
            "111": 23,
            "112": 16,
            "113": 26,
            "114": 23,
            "115": 25,
            "116": 30,
            "117": 39,
            "118": 24,
            "119": 24,
            "120": 24,
            "121": 26,
            "122": 28,
            "123": 32,
            "124": 26,
            "125": 18,
            "126": 23,
            "127": 23,
            "128": 37,
            "129": 13,
            "130": 35,
            "131": 29,
            "132": 31,
            "133": 27,
            "134": 25,
            "135": 22,
            "136": 31,
            "137": 26,
            "138": 26,
            "139": 27,
            "140": 46,
            "141": 23,
            "142": 28,
            "143": 12,
            "144": 18,
            "145": 32,
            "146": 30,
            "147": 27,
            "148": 27,
            "149": 26
          },
          "per_class_validation_counts": {
            "100": 2,
            "101": 2,
            "102": 2,
            "103": 3,
            "104": 0,
            "105": 3,
            "106": 1,
            "107": 2,
            "108": 3,
            "109": 3,
            "110": 3,
            "111": 2,
            "112": 2,
            "113": 3,
            "114": 3,
            "115": 3,
            "116": 3,
            "117": 4,
            "118": 3,
            "119": 3,
            "120": 3,
            "121": 3,
            "122": 3,
            "123": 4,
            "124": 3,
            "125": 2,
            "126": 3,
            "127": 2,
            "128": 4,
            "129": 1,
            "130": 4,
            "131": 3,
            "132": 3,
            "133": 3,
            "134": 3,
            "135": 2,
            "136": 3,
            "137": 3,
            "138": 3,
            "139": 3,
            "140": 5,
            "141": 3,
            "142": 3,
            "143": 1,
            "144": 2,
            "145": 4,
            "146": 3,
            "147": 3,
            "148": 3,
            "149": 3
          }
        }
      }
    },
    {
      "session": 6,
      "num_seen_classes": 160,
      "baseline_full_acc": 84.764,
      "baseline_base_acc": 88.059,
      "baseline_novel_acc": 79.371,
      "selected_alpha": 0.5,
      "final_full_acc": 85.587,
      "final_base_acc": 87.954,
      "final_novel_acc": 81.714,
      "final_gain": 0.824,
      "updated_class_count": 59,
      "gated_query_count": 1688,
      "gated_base_count": 15,
      "gated_novel_count": 1673,
      "alpha_selection": {
        "mode": "pseudo_validation",
        "fallback_used": false,
        "selected_alpha": 0.5,
        "candidates": [
          {
            "alpha": 0.5,
            "pseudo_val_score": -0.124466,
            "pseudo_val_nll": 0.124466,
            "pseudo_val_agreement": 98.226
          },
          {
            "alpha": 0.75,
            "pseudo_val_score": -0.133436,
            "pseudo_val_nll": 0.133436,
            "pseudo_val_agreement": 97.79
          },
          {
            "alpha": 1.0,
            "pseudo_val_score": -0.141442,
            "pseudo_val_nll": 0.141442,
            "pseudo_val_agreement": 97.657
          }
        ],
        "split": {
          "novel_gated_query_count": 1688,
          "validation_count": 2987,
          "novel_validation_count": 168,
          "base_validation_count": 2819,
          "updated_class_count": 59,
          "per_class_counts": {
            "100": 20,
            "101": 24,
            "102": 16,
            "103": 30,
            "104": 4,
            "105": 30,
            "106": 12,
            "107": 24,
            "108": 28,
            "109": 30,
            "110": 34,
            "111": 25,
            "112": 18,
            "113": 29,
            "114": 26,
            "115": 28,
            "116": 33,
            "117": 43,
            "118": 27,
            "119": 27,
            "120": 27,
            "121": 29,
            "122": 31,
            "123": 36,
            "124": 29,
            "125": 20,
            "126": 26,
            "127": 25,
            "128": 41,
            "129": 14,
            "130": 39,
            "131": 32,
            "132": 34,
            "133": 30,
            "134": 28,
            "135": 24,
            "136": 34,
            "137": 29,
            "138": 29,
            "139": 30,
            "140": 51,
            "141": 26,
            "142": 31,
            "143": 13,
            "144": 20,
            "145": 36,
            "146": 33,
            "147": 30,
            "148": 30,
            "149": 29,
            "150": 21,
            "151": 22,
            "152": 41,
            "153": 30,
            "154": 24,
            "155": 35,
            "156": 35,
            "157": 27,
            "158": 30,
            "159": 29
          },
          "per_class_update_counts": {
            "100": 18,
            "101": 22,
            "102": 14,
            "103": 27,
            "104": 0,
            "105": 27,
            "106": 11,
            "107": 22,
            "108": 25,
            "109": 27,
            "110": 31,
            "111": 23,
            "112": 16,
            "113": 26,
            "114": 23,
            "115": 25,
            "116": 30,
            "117": 39,
            "118": 24,
            "119": 24,
            "120": 24,
            "121": 26,
            "122": 28,
            "123": 32,
            "124": 26,
            "125": 18,
            "126": 23,
            "127": 23,
            "128": 37,
            "129": 13,
            "130": 35,
            "131": 29,
            "132": 31,
            "133": 27,
            "134": 25,
            "135": 22,
            "136": 31,
            "137": 26,
            "138": 26,
            "139": 27,
            "140": 46,
            "141": 23,
            "142": 28,
            "143": 12,
            "144": 18,
            "145": 32,
            "146": 30,
            "147": 27,
            "148": 27,
            "149": 26,
            "150": 19,
            "151": 20,
            "152": 37,
            "153": 27,
            "154": 22,
            "155": 31,
            "156": 31,
            "157": 24,
            "158": 27,
            "159": 26
          },
          "per_class_validation_counts": {
            "100": 2,
            "101": 2,
            "102": 2,
            "103": 3,
            "104": 0,
            "105": 3,
            "106": 1,
            "107": 2,
            "108": 3,
            "109": 3,
            "110": 3,
            "111": 2,
            "112": 2,
            "113": 3,
            "114": 3,
            "115": 3,
            "116": 3,
            "117": 4,
            "118": 3,
            "119": 3,
            "120": 3,
            "121": 3,
            "122": 3,
            "123": 4,
            "124": 3,
            "125": 2,
            "126": 3,
            "127": 2,
            "128": 4,
            "129": 1,
            "130": 4,
            "131": 3,
            "132": 3,
            "133": 3,
            "134": 3,
            "135": 2,
            "136": 3,
            "137": 3,
            "138": 3,
            "139": 3,
            "140": 5,
            "141": 3,
            "142": 3,
            "143": 1,
            "144": 2,
            "145": 4,
            "146": 3,
            "147": 3,
            "148": 3,
            "149": 3,
            "150": 2,
            "151": 2,
            "152": 4,
            "153": 3,
            "154": 2,
            "155": 4,
            "156": 4,
            "157": 3,
            "158": 3,
            "159": 3
          }
        }
      }
    },
    {
      "session": 7,
      "num_seen_classes": 170,
      "baseline_full_acc": 85.196,
      "baseline_base_acc": 87.989,
      "baseline_novel_acc": 81.29,
      "selected_alpha": 0.5,
      "final_full_acc": 86.031,
      "final_base_acc": 87.884,
      "final_novel_acc": 83.439,
      "final_gain": 0.835,
      "updated_class_count": 69,
      "gated_query_count": 1986,
      "gated_base_count": 17,
      "gated_novel_count": 1969,
      "alpha_selection": {
        "mode": "pseudo_validation",
        "fallback_used": false,
        "selected_alpha": 0.5,
        "candidates": [
          {
            "alpha": 0.5,
            "pseudo_val_score": -0.133687,
            "pseudo_val_nll": 0.133687,
            "pseudo_val_agreement": 97.878
          },
          {
            "alpha": 0.75,
            "pseudo_val_score": -0.146271,
            "pseudo_val_nll": 0.146271,
            "pseudo_val_agreement": 97.381
          },
          {
            "alpha": 1.0,
            "pseudo_val_score": -0.157843,
            "pseudo_val_nll": 0.157843,
            "pseudo_val_agreement": 97.115
          }
        ],
        "split": {
          "novel_gated_query_count": 1986,
          "validation_count": 3016,
          "novel_validation_count": 197,
          "base_validation_count": 2819,
          "updated_class_count": 69,
          "per_class_counts": {
            "100": 20,
            "101": 24,
            "102": 15,
            "103": 30,
            "104": 4,
            "105": 30,
            "106": 12,
            "107": 24,
            "108": 28,
            "109": 30,
            "110": 34,
            "111": 25,
            "112": 18,
            "113": 29,
            "114": 26,
            "115": 28,
            "116": 33,
            "117": 43,
            "118": 27,
            "119": 27,
            "120": 27,
            "121": 29,
            "122": 31,
            "123": 36,
            "124": 29,
            "125": 20,
            "126": 26,
            "127": 25,
            "128": 41,
            "129": 14,
            "130": 39,
            "131": 32,
            "132": 34,
            "133": 30,
            "134": 28,
            "135": 24,
            "136": 34,
            "137": 29,
            "138": 29,
            "139": 30,
            "140": 51,
            "141": 26,
            "142": 31,
            "143": 13,
            "144": 20,
            "145": 36,
            "146": 33,
            "147": 30,
            "148": 30,
            "149": 29,
            "150": 21,
            "151": 22,
            "152": 43,
            "153": 31,
            "154": 23,
            "155": 36,
            "156": 35,
            "157": 27,
            "158": 30,
            "159": 29,
            "160": 32,
            "161": 27,
            "162": 33,
            "163": 30,
            "164": 29,
            "165": 28,
            "166": 30,
            "167": 34,
            "168": 25,
            "169": 28
          },
          "per_class_update_counts": {
            "100": 18,
            "101": 22,
            "102": 13,
            "103": 27,
            "104": 0,
            "105": 27,
            "106": 11,
            "107": 22,
            "108": 25,
            "109": 27,
            "110": 31,
            "111": 23,
            "112": 16,
            "113": 26,
            "114": 23,
            "115": 25,
            "116": 30,
            "117": 39,
            "118": 24,
            "119": 24,
            "120": 24,
            "121": 26,
            "122": 28,
            "123": 32,
            "124": 26,
            "125": 18,
            "126": 23,
            "127": 23,
            "128": 37,
            "129": 13,
            "130": 35,
            "131": 29,
            "132": 31,
            "133": 27,
            "134": 25,
            "135": 22,
            "136": 31,
            "137": 26,
            "138": 26,
            "139": 27,
            "140": 46,
            "141": 23,
            "142": 28,
            "143": 12,
            "144": 18,
            "145": 32,
            "146": 30,
            "147": 27,
            "148": 27,
            "149": 26,
            "150": 19,
            "151": 20,
            "152": 39,
            "153": 28,
            "154": 21,
            "155": 32,
            "156": 31,
            "157": 24,
            "158": 27,
            "159": 26,
            "160": 29,
            "161": 24,
            "162": 30,
            "163": 27,
            "164": 26,
            "165": 25,
            "166": 27,
            "167": 31,
            "168": 23,
            "169": 25
          },
          "per_class_validation_counts": {
            "100": 2,
            "101": 2,
            "102": 2,
            "103": 3,
            "104": 0,
            "105": 3,
            "106": 1,
            "107": 2,
            "108": 3,
            "109": 3,
            "110": 3,
            "111": 2,
            "112": 2,
            "113": 3,
            "114": 3,
            "115": 3,
            "116": 3,
            "117": 4,
            "118": 3,
            "119": 3,
            "120": 3,
            "121": 3,
            "122": 3,
            "123": 4,
            "124": 3,
            "125": 2,
            "126": 3,
            "127": 2,
            "128": 4,
            "129": 1,
            "130": 4,
            "131": 3,
            "132": 3,
            "133": 3,
            "134": 3,
            "135": 2,
            "136": 3,
            "137": 3,
            "138": 3,
            "139": 3,
            "140": 5,
            "141": 3,
            "142": 3,
            "143": 1,
            "144": 2,
            "145": 4,
            "146": 3,
            "147": 3,
            "148": 3,
            "149": 3,
            "150": 2,
            "151": 2,
            "152": 4,
            "153": 3,
            "154": 2,
            "155": 4,
            "156": 4,
            "157": 3,
            "158": 3,
            "159": 3,
            "160": 3,
            "161": 3,
            "162": 3,
            "163": 3,
            "164": 3,
            "165": 3,
            "166": 3,
            "167": 3,
            "168": 2,
            "169": 3
          }
        }
      }
    },
    {
      "session": 8,
      "num_seen_classes": 180,
      "baseline_full_acc": 84.672,
      "baseline_base_acc": 87.954,
      "baseline_novel_acc": 80.658,
      "selected_alpha": 0.5,
      "final_full_acc": 85.459,
      "final_base_acc": 87.849,
      "final_novel_acc": 82.536,
      "final_gain": 0.788,
      "updated_class_count": 79,
      "gated_query_count": 2279,
      "gated_base_count": 17,
      "gated_novel_count": 2262,
      "alpha_selection": {
        "mode": "pseudo_validation",
        "fallback_used": false,
        "selected_alpha": 0.5,
        "candidates": [
          {
            "alpha": 0.5,
            "pseudo_val_score": -0.141819,
            "pseudo_val_nll": 0.141819,
            "pseudo_val_agreement": 97.607
          },
          {
            "alpha": 0.75,
            "pseudo_val_score": -0.154941,
            "pseudo_val_nll": 0.154941,
            "pseudo_val_agreement": 97.05
          },
          {
            "alpha": 1.0,
            "pseudo_val_score": -0.167368,
            "pseudo_val_nll": 0.167368,
            "pseudo_val_agreement": 96.886
          }
        ],
        "split": {
          "novel_gated_query_count": 2279,
          "validation_count": 3051,
          "novel_validation_count": 226,
          "base_validation_count": 2825,
          "updated_class_count": 79,
          "per_class_counts": {
            "100": 20,
            "101": 25,
            "102": 16,
            "103": 30,
            "104": 4,
            "105": 30,
            "106": 12,
            "107": 24,
            "108": 29,
            "109": 30,
            "110": 34,
            "111": 25,
            "112": 18,
            "113": 29,
            "114": 26,
            "115": 29,
            "116": 33,
            "117": 43,
            "118": 27,
            "119": 27,
            "120": 27,
            "121": 29,
            "122": 31,
            "123": 36,
            "124": 29,
            "125": 20,
            "126": 26,
            "127": 25,
            "128": 41,
            "129": 14,
            "130": 39,
            "131": 32,
            "132": 34,
            "133": 30,
            "134": 28,
            "135": 24,
            "136": 34,
            "137": 29,
            "138": 29,
            "139": 30,
            "140": 51,
            "141": 26,
            "142": 31,
            "143": 13,
            "144": 20,
            "145": 36,
            "146": 33,
            "147": 29,
            "148": 30,
            "149": 29,
            "150": 21,
            "151": 21,
            "152": 42,
            "153": 31,
            "154": 26,
            "155": 36,
            "156": 33,
            "157": 27,
            "158": 30,
            "159": 29,
            "160": 28,
            "161": 22,
            "162": 32,
            "163": 30,
            "164": 30,
            "165": 28,
            "166": 22,
            "167": 33,
            "168": 25,
            "169": 26,
            "170": 26,
            "171": 34,
            "172": 44,
            "173": 33,
            "174": 35,
            "175": 29,
            "176": 33,
            "177": 23,
            "178": 17,
            "179": 37
          },
          "per_class_update_counts": {
            "100": 18,
            "101": 23,
            "102": 14,
            "103": 27,
            "104": 0,
            "105": 27,
            "106": 11,
            "107": 22,
            "108": 26,
            "109": 27,
            "110": 31,
            "111": 23,
            "112": 16,
            "113": 26,
            "114": 23,
            "115": 26,
            "116": 30,
            "117": 39,
            "118": 24,
            "119": 24,
            "120": 24,
            "121": 26,
            "122": 28,
            "123": 32,
            "124": 26,
            "125": 18,
            "126": 23,
            "127": 23,
            "128": 37,
            "129": 13,
            "130": 35,
            "131": 29,
            "132": 31,
            "133": 27,
            "134": 25,
            "135": 22,
            "136": 31,
            "137": 26,
            "138": 26,
            "139": 27,
            "140": 46,
            "141": 23,
            "142": 28,
            "143": 12,
            "144": 18,
            "145": 32,
            "146": 30,
            "147": 26,
            "148": 27,
            "149": 26,
            "150": 19,
            "151": 19,
            "152": 38,
            "153": 28,
            "154": 23,
            "155": 32,
            "156": 30,
            "157": 24,
            "158": 27,
            "159": 26,
            "160": 25,
            "161": 20,
            "162": 29,
            "163": 27,
            "164": 27,
            "165": 25,
            "166": 20,
            "167": 30,
            "168": 23,
            "169": 23,
            "170": 23,
            "171": 31,
            "172": 40,
            "173": 30,
            "174": 31,
            "175": 26,
            "176": 30,
            "177": 21,
            "178": 15,
            "179": 33
          },
          "per_class_validation_counts": {
            "100": 2,
            "101": 2,
            "102": 2,
            "103": 3,
            "104": 0,
            "105": 3,
            "106": 1,
            "107": 2,
            "108": 3,
            "109": 3,
            "110": 3,
            "111": 2,
            "112": 2,
            "113": 3,
            "114": 3,
            "115": 3,
            "116": 3,
            "117": 4,
            "118": 3,
            "119": 3,
            "120": 3,
            "121": 3,
            "122": 3,
            "123": 4,
            "124": 3,
            "125": 2,
            "126": 3,
            "127": 2,
            "128": 4,
            "129": 1,
            "130": 4,
            "131": 3,
            "132": 3,
            "133": 3,
            "134": 3,
            "135": 2,
            "136": 3,
            "137": 3,
            "138": 3,
            "139": 3,
            "140": 5,
            "141": 3,
            "142": 3,
            "143": 1,
            "144": 2,
            "145": 4,
            "146": 3,
            "147": 3,
            "148": 3,
            "149": 3,
            "150": 2,
            "151": 2,
            "152": 4,
            "153": 3,
            "154": 3,
            "155": 4,
            "156": 3,
            "157": 3,
            "158": 3,
            "159": 3,
            "160": 3,
            "161": 2,
            "162": 3,
            "163": 3,
            "164": 3,
            "165": 3,
            "166": 2,
            "167": 3,
            "168": 2,
            "169": 3,
            "170": 3,
            "171": 3,
            "172": 4,
            "173": 3,
            "174": 4,
            "175": 3,
            "176": 3,
            "177": 2,
            "178": 2,
            "179": 4
          }
        }
      }
    },
    {
      "session": 9,
      "num_seen_classes": 190,
      "baseline_full_acc": 85.038,
      "baseline_base_acc": 87.954,
      "baseline_novel_acc": 81.863,
      "selected_alpha": 0.5,
      "final_full_acc": 85.857,
      "final_base_acc": 87.849,
      "final_novel_acc": 83.688,
      "final_gain": 0.819,
      "updated_class_count": 89,
      "gated_query_count": 2566,
      "gated_base_count": 17,
      "gated_novel_count": 2549,
      "alpha_selection": {
        "mode": "pseudo_validation",
        "fallback_used": false,
        "selected_alpha": 0.5,
        "candidates": [
          {
            "alpha": 0.5,
            "pseudo_val_score": -0.147048,
            "pseudo_val_nll": 0.147048,
            "pseudo_val_agreement": 97.434
          },
          {
            "alpha": 0.75,
            "pseudo_val_score": -0.160969,
            "pseudo_val_nll": 0.160969,
            "pseudo_val_agreement": 96.882
          },
          {
            "alpha": 1.0,
            "pseudo_val_score": -0.174335,
            "pseudo_val_nll": 0.174335,
            "pseudo_val_agreement": 96.655
          }
        ],
        "split": {
          "novel_gated_query_count": 2566,
          "validation_count": 3079,
          "novel_validation_count": 255,
          "base_validation_count": 2824,
          "updated_class_count": 89,
          "per_class_counts": {
            "100": 20,
            "101": 25,
            "102": 16,
            "103": 30,
            "104": 4,
            "105": 30,
            "106": 12,
            "107": 24,
            "108": 29,
            "109": 30,
            "110": 34,
            "111": 25,
            "112": 18,
            "113": 29,
            "114": 26,
            "115": 28,
            "116": 33,
            "117": 43,
            "118": 27,
            "119": 27,
            "120": 27,
            "121": 29,
            "122": 31,
            "123": 36,
            "124": 29,
            "125": 20,
            "126": 26,
            "127": 25,
            "128": 41,
            "129": 14,
            "130": 39,
            "131": 32,
            "132": 34,
            "133": 30,
            "134": 28,
            "135": 24,
            "136": 34,
            "137": 29,
            "138": 29,
            "139": 30,
            "140": 51,
            "141": 26,
            "142": 31,
            "143": 13,
            "144": 20,
            "145": 36,
            "146": 33,
            "147": 29,
            "148": 30,
            "149": 29,
            "150": 21,
            "151": 21,
            "152": 42,
            "153": 31,
            "154": 26,
            "155": 36,
            "156": 33,
            "157": 27,
            "158": 30,
            "159": 29,
            "160": 28,
            "161": 22,
            "162": 32,
            "163": 30,
            "164": 30,
            "165": 28,
            "166": 22,
            "167": 33,
            "168": 25,
            "169": 26,
            "170": 26,
            "171": 34,
            "172": 44,
            "173": 33,
            "174": 35,
            "175": 29,
            "176": 33,
            "177": 23,
            "178": 17,
            "179": 35,
            "180": 29,
            "181": 32,
            "182": 34,
            "183": 26,
            "184": 28,
            "185": 32,
            "186": 27,
            "187": 30,
            "188": 30,
            "189": 22
          },
          "per_class_update_counts": {
            "100": 18,
            "101": 23,
            "102": 14,
            "103": 27,
            "104": 0,
            "105": 27,
            "106": 11,
            "107": 22,
            "108": 26,
            "109": 27,
            "110": 31,
            "111": 23,
            "112": 16,
            "113": 26,
            "114": 23,
            "115": 25,
            "116": 30,
            "117": 39,
            "118": 24,
            "119": 24,
            "120": 24,
            "121": 26,
            "122": 28,
            "123": 32,
            "124": 26,
            "125": 18,
            "126": 23,
            "127": 23,
            "128": 37,
            "129": 13,
            "130": 35,
            "131": 29,
            "132": 31,
            "133": 27,
            "134": 25,
            "135": 22,
            "136": 31,
            "137": 26,
            "138": 26,
            "139": 27,
            "140": 46,
            "141": 23,
            "142": 28,
            "143": 12,
            "144": 18,
            "145": 32,
            "146": 30,
            "147": 26,
            "148": 27,
            "149": 26,
            "150": 19,
            "151": 19,
            "152": 38,
            "153": 28,
            "154": 23,
            "155": 32,
            "156": 30,
            "157": 24,
            "158": 27,
            "159": 26,
            "160": 25,
            "161": 20,
            "162": 29,
            "163": 27,
            "164": 27,
            "165": 25,
            "166": 20,
            "167": 30,
            "168": 23,
            "169": 23,
            "170": 23,
            "171": 31,
            "172": 40,
            "173": 30,
            "174": 31,
            "175": 26,
            "176": 30,
            "177": 21,
            "178": 15,
            "179": 31,
            "180": 26,
            "181": 29,
            "182": 31,
            "183": 23,
            "184": 25,
            "185": 29,
            "186": 24,
            "187": 27,
            "188": 27,
            "189": 20
          },
          "per_class_validation_counts": {
            "100": 2,
            "101": 2,
            "102": 2,
            "103": 3,
            "104": 0,
            "105": 3,
            "106": 1,
            "107": 2,
            "108": 3,
            "109": 3,
            "110": 3,
            "111": 2,
            "112": 2,
            "113": 3,
            "114": 3,
            "115": 3,
            "116": 3,
            "117": 4,
            "118": 3,
            "119": 3,
            "120": 3,
            "121": 3,
            "122": 3,
            "123": 4,
            "124": 3,
            "125": 2,
            "126": 3,
            "127": 2,
            "128": 4,
            "129": 1,
            "130": 4,
            "131": 3,
            "132": 3,
            "133": 3,
            "134": 3,
            "135": 2,
            "136": 3,
            "137": 3,
            "138": 3,
            "139": 3,
            "140": 5,
            "141": 3,
            "142": 3,
            "143": 1,
            "144": 2,
            "145": 4,
            "146": 3,
            "147": 3,
            "148": 3,
            "149": 3,
            "150": 2,
            "151": 2,
            "152": 4,
            "153": 3,
            "154": 3,
            "155": 4,
            "156": 3,
            "157": 3,
            "158": 3,
            "159": 3,
            "160": 3,
            "161": 2,
            "162": 3,
            "163": 3,
            "164": 3,
            "165": 3,
            "166": 2,
            "167": 3,
            "168": 2,
            "169": 3,
            "170": 3,
            "171": 3,
            "172": 4,
            "173": 3,
            "174": 4,
            "175": 3,
            "176": 3,
            "177": 2,
            "178": 2,
            "179": 4,
            "180": 3,
            "181": 3,
            "182": 3,
            "183": 3,
            "184": 3,
            "185": 3,
            "186": 3,
            "187": 3,
            "188": 3,
            "189": 2
          }
        }
      }
    },
    {
      "session": 10,
      "num_seen_classes": 200,
      "baseline_full_acc": 85.364,
      "baseline_base_acc": 87.849,
      "baseline_novel_acc": 82.935,
      "selected_alpha": 0.5,
      "final_full_acc": 86.21,
      "final_base_acc": 87.744,
      "final_novel_acc": 84.71,
      "final_gain": 0.846,
      "updated_class_count": 99,
      "gated_query_count": 2865,
      "gated_base_count": 17,
      "gated_novel_count": 2848,
      "alpha_selection": {
        "mode": "pseudo_validation",
        "fallback_used": false,
        "selected_alpha": 0.5,
        "candidates": [
          {
            "alpha": 0.5,
            "pseudo_val_score": -0.150867,
            "pseudo_val_nll": 0.150867,
            "pseudo_val_agreement": 97.396
          },
          {
            "alpha": 0.75,
            "pseudo_val_score": -0.165372,
            "pseudo_val_nll": 0.165372,
            "pseudo_val_agreement": 96.882
          },
          {
            "alpha": 1.0,
            "pseudo_val_score": -0.179593,
            "pseudo_val_nll": 0.179593,
            "pseudo_val_agreement": 96.593
          }
        ],
        "split": {
          "novel_gated_query_count": 2865,
          "validation_count": 3111,
          "novel_validation_count": 284,
          "base_validation_count": 2827,
          "updated_class_count": 99,
          "per_class_counts": {
            "100": 20,
            "101": 25,
            "102": 16,
            "103": 30,
            "104": 4,
            "105": 30,
            "106": 12,
            "107": 24,
            "108": 29,
            "109": 30,
            "110": 34,
            "111": 25,
            "112": 18,
            "113": 29,
            "114": 26,
            "115": 28,
            "116": 33,
            "117": 44,
            "118": 27,
            "119": 27,
            "120": 27,
            "121": 29,
            "122": 31,
            "123": 36,
            "124": 29,
            "125": 20,
            "126": 26,
            "127": 25,
            "128": 42,
            "129": 14,
            "130": 39,
            "131": 32,
            "132": 34,
            "133": 30,
            "134": 28,
            "135": 24,
            "136": 34,
            "137": 29,
            "138": 29,
            "139": 30,
            "140": 51,
            "141": 26,
            "142": 31,
            "143": 13,
            "144": 20,
            "145": 36,
            "146": 33,
            "147": 29,
            "148": 29,
            "149": 29,
            "150": 21,
            "151": 21,
            "152": 42,
            "153": 31,
            "154": 27,
            "155": 36,
            "156": 33,
            "157": 27,
            "158": 30,
            "159": 29,
            "160": 28,
            "161": 22,
            "162": 32,
            "163": 30,
            "164": 30,
            "165": 28,
            "166": 22,
            "167": 32,
            "168": 25,
            "169": 26,
            "170": 26,
            "171": 34,
            "172": 45,
            "173": 33,
            "174": 35,
            "175": 29,
            "176": 33,
            "177": 23,
            "178": 17,
            "179": 35,
            "180": 28,
            "181": 32,
            "182": 34,
            "183": 26,
            "184": 28,
            "185": 32,
            "186": 25,
            "187": 30,
            "188": 33,
            "189": 22,
            "190": 27,
            "191": 32,
            "192": 25,
            "193": 30,
            "194": 38,
            "195": 29,
            "196": 26,
            "197": 29,
            "198": 30,
            "199": 31
          },
          "per_class_update_counts": {
            "100": 18,
            "101": 23,
            "102": 14,
            "103": 27,
            "104": 0,
            "105": 27,
            "106": 11,
            "107": 22,
            "108": 26,
            "109": 27,
            "110": 31,
            "111": 23,
            "112": 16,
            "113": 26,
            "114": 23,
            "115": 25,
            "116": 30,
            "117": 40,
            "118": 24,
            "119": 24,
            "120": 24,
            "121": 26,
            "122": 28,
            "123": 32,
            "124": 26,
            "125": 18,
            "126": 23,
            "127": 23,
            "128": 38,
            "129": 13,
            "130": 35,
            "131": 29,
            "132": 31,
            "133": 27,
            "134": 25,
            "135": 22,
            "136": 31,
            "137": 26,
            "138": 26,
            "139": 27,
            "140": 46,
            "141": 23,
            "142": 28,
            "143": 12,
            "144": 18,
            "145": 32,
            "146": 30,
            "147": 26,
            "148": 26,
            "149": 26,
            "150": 19,
            "151": 19,
            "152": 38,
            "153": 28,
            "154": 24,
            "155": 32,
            "156": 30,
            "157": 24,
            "158": 27,
            "159": 26,
            "160": 25,
            "161": 20,
            "162": 29,
            "163": 27,
            "164": 27,
            "165": 25,
            "166": 20,
            "167": 29,
            "168": 23,
            "169": 23,
            "170": 23,
            "171": 31,
            "172": 41,
            "173": 30,
            "174": 31,
            "175": 26,
            "176": 30,
            "177": 21,
            "178": 15,
            "179": 31,
            "180": 25,
            "181": 29,
            "182": 31,
            "183": 23,
            "184": 25,
            "185": 29,
            "186": 23,
            "187": 27,
            "188": 30,
            "189": 20,
            "190": 24,
            "191": 29,
            "192": 23,
            "193": 27,
            "194": 34,
            "195": 26,
            "196": 23,
            "197": 26,
            "198": 27,
            "199": 28
          },
          "per_class_validation_counts": {
            "100": 2,
            "101": 2,
            "102": 2,
            "103": 3,
            "104": 0,
            "105": 3,
            "106": 1,
            "107": 2,
            "108": 3,
            "109": 3,
            "110": 3,
            "111": 2,
            "112": 2,
            "113": 3,
            "114": 3,
            "115": 3,
            "116": 3,
            "117": 4,
            "118": 3,
            "119": 3,
            "120": 3,
            "121": 3,
            "122": 3,
            "123": 4,
            "124": 3,
            "125": 2,
            "126": 3,
            "127": 2,
            "128": 4,
            "129": 1,
            "130": 4,
            "131": 3,
            "132": 3,
            "133": 3,
            "134": 3,
            "135": 2,
            "136": 3,
            "137": 3,
            "138": 3,
            "139": 3,
            "140": 5,
            "141": 3,
            "142": 3,
            "143": 1,
            "144": 2,
            "145": 4,
            "146": 3,
            "147": 3,
            "148": 3,
            "149": 3,
            "150": 2,
            "151": 2,
            "152": 4,
            "153": 3,
            "154": 3,
            "155": 4,
            "156": 3,
            "157": 3,
            "158": 3,
            "159": 3,
            "160": 3,
            "161": 2,
            "162": 3,
            "163": 3,
            "164": 3,
            "165": 3,
            "166": 2,
            "167": 3,
            "168": 2,
            "169": 3,
            "170": 3,
            "171": 3,
            "172": 4,
            "173": 3,
            "174": 4,
            "175": 3,
            "176": 3,
            "177": 2,
            "178": 2,
            "179": 4,
            "180": 3,
            "181": 3,
            "182": 3,
            "183": 3,
            "184": 3,
            "185": 3,
            "186": 2,
            "187": 3,
            "188": 3,
            "189": 2,
            "190": 3,
            "191": 3,
            "192": 2,
            "193": 3,
            "194": 4,
            "195": 3,
            "196": 3,
            "197": 3,
            "198": 3,
            "199": 3
          }
        }
      }
    }
  ]
}
