/media/ndag/newVolume/BiMC-test/models/clip/clip.py:23: UserWarning: PyTorch version 1.7.1 or higher is recommended
  warnings.warn("PyTorch version 1.7.1 or higher is recommended")
manual seed: 4
use gpu: ['0']
Files already downloaded and verified
Files already downloaded and verified
Loading CLIP (backbone: ViT-B/16)
Prompt template:['a photo of a {}.']
Loading DinoV2 ViT-B/14 from local hub: /home/ndag/.cache/torch/hub/facebookresearch_dinov2_main
/home/ndag/.cache/torch/hub/facebookresearch_dinov2_main/dinov2/layers/swiglu_ffn.py:51: UserWarning: xFormers is not available (SwiGLU)
  warnings.warn("xFormers is not available (SwiGLU)")
/home/ndag/.cache/torch/hub/facebookresearch_dinov2_main/dinov2/layers/attention.py:36: UserWarning: xFormers is not available (Attention)
  warnings.warn("xFormers is not available (Attention)")
/home/ndag/.cache/torch/hub/facebookresearch_dinov2_main/dinov2/layers/block.py:40: UserWarning: xFormers is not available (Block)
  warnings.warn("xFormers is not available (Block)")
Loading DinoV2 weights: /home/ndag/.cache/torch/hub/checkpoints/dinov2_vitb14_pretrain.pth
class names: ['apple' 'aquarium fish' 'baby' 'bear' 'beaver' 'bed' 'bee' 'beetle'
 'bicycle' 'bottle' 'bowl' 'boy' 'bridge' 'bus' 'butterfly' 'camel' 'can'
 'castle' 'caterpillar' 'cattle' 'chair' 'chimpanzee' 'clock' 'cloud'
 'cockroach' 'couch' 'crab' 'crocodile' 'cup' 'dinosaur' 'dolphin'
 'elephant' 'flatfish' 'forest' 'fox' 'girl' 'hamster' 'house' 'kangaroo'
 'keyboard' 'lamp' 'lawn mower' 'leopard' 'lion' 'lizard' 'lobster' 'man'
 'maple tree' 'motorcycle' 'mountain' 'mouse' 'mushroom' 'oak tree'
 'orange' 'orchid' 'otter' 'palm tree' 'pear' 'pickup truck' 'pine tree']
all targets:tensor([ 0,  1,  2,  3,  4,  5,  6,  7,  8,  9, 10, 11, 12, 13, 14, 15, 16, 17,
        18, 19, 20, 21, 22, 23, 24, 25, 26, 27, 28, 29, 30, 31, 32, 33, 34, 35,
        36, 37, 38, 39, 40, 41, 42, 43, 44, 45, 46, 47, 48, 49, 50, 51, 52, 53,
        54, 55, 56, 57, 58, 59], device='cuda:0')
dino all targets:tensor([ 0,  1,  2,  3,  4,  5,  6,  7,  8,  9, 10, 11, 12, 13, 14, 15, 16, 17,
        18, 19, 20, 21, 22, 23, 24, 25, 26, 27, 28, 29, 30, 31, 32, 33, 34, 35,
        36, 37, 38, 39, 40, 41, 42, 43, 44, 45, 46, 47, 48, 49, 50, 51, 52, 53,
        54, 55, 56, 57, 58, 59], device='cuda:0')
finish loading CLIP/DinoV2 covariance
class names: ['plain' 'plate' 'poppy' 'porcupine' 'possum']
all targets:tensor([60, 61, 62, 63, 64], device='cuda:0')
dino all targets:tensor([60, 61, 62, 63, 64], device='cuda:0')
finish loading CLIP/DinoV2 covariance
class names: ['rabbit' 'raccoon' 'ray' 'road' 'rocket']
all targets:tensor([65, 66, 67, 68, 69], device='cuda:0')
dino all targets:tensor([65, 66, 67, 68, 69], device='cuda:0')
finish loading CLIP/DinoV2 covariance
class names: ['rose' 'sea' 'seal' 'shark' 'shrew']
all targets:tensor([70, 71, 72, 73, 74], device='cuda:0')
dino all targets:tensor([70, 71, 72, 73, 74], device='cuda:0')
finish loading CLIP/DinoV2 covariance
class names: ['skunk' 'skyscraper' 'snail' 'snake' 'spider']
all targets:tensor([75, 76, 77, 78, 79], device='cuda:0')
dino all targets:tensor([75, 76, 77, 78, 79], device='cuda:0')
finish loading CLIP/DinoV2 covariance
class names: ['squirrel' 'streetcar' 'sunflower' 'sweet pepper' 'table']
all targets:tensor([80, 81, 82, 83, 84], device='cuda:0')
dino all targets:tensor([80, 81, 82, 83, 84], device='cuda:0')
finish loading CLIP/DinoV2 covariance
class names: ['tank' 'telephone' 'television' 'tiger' 'tractor']
all targets:tensor([85, 86, 87, 88, 89], device='cuda:0')
dino all targets:tensor([85, 86, 87, 88, 89], device='cuda:0')
finish loading CLIP/DinoV2 covariance
class names: ['train' 'trout' 'tulip' 'turtle' 'wardrobe']
all targets:tensor([90, 91, 92, 93, 94], device='cuda:0')
dino all targets:tensor([90, 91, 92, 93, 94], device='cuda:0')
finish loading CLIP/DinoV2 covariance
class names: ['whale' 'willow tree' 'wolf' 'woman' 'worm']
all targets:tensor([95, 96, 97, 98, 99], device='cuda:0')
dino all targets:tensor([95, 96, 97, 98, 99], device='cuda:0')
finish loading CLIP/DinoV2 covariance
session 0: baseline=89.750 final=89.750 gain=0.000
session 1: baseline=88.000 final=88.554 gain=0.554
session 2: baseline=87.500 final=88.243 gain=0.743
session 3: baseline=85.653 final=86.947 gain=1.293
session 4: baseline=85.413 final=86.900 gain=1.487
session 5: baseline=85.071 final=86.671 gain=1.600
session 6: baseline=85.089 final=86.833 gain=1.744
session 7: baseline=84.789 final=86.726 gain=1.937
session 8: baseline=83.360 final=85.800 gain=2.440
{
  "dataset": "CIFAR100",
  "seed": 4,
  "train_cfg": "experiments/bmvc_1256_20260508-124032/generated_configs/bimc_dino_fusion.yaml",
  "method": "sessionwise conservative query prototype refinement on bimc_dino_fusion with pseudo-validation alpha selection",
  "runtime_sec": 448.15,
  "alpha_grid": [
    0.5,
    0.75,
    1.0
  ],
  "alpha_selection": "pseudo_validation_no_test_labels",
  "mass_thr": 0.3,
  "min_count": 10,
  "val_fraction": 0.2,
  "base_val_conf_thr": 0.5,
  "base_val_max_per_class": 50,
  "fallback_alpha": 0.75,
  "topk_per_class": null,
  "baseline_acc_list": [
    89.75,
    88.0,
    87.5,
    85.653,
    85.413,
    85.071,
    85.089,
    84.789,
    83.36
  ],
  "final_acc_list": [
    89.75,
    88.554,
    88.243,
    86.947,
    86.9,
    86.671,
    86.833,
    86.726,
    85.8
  ],
  "gain_list": [
    0.0,
    0.554,
    0.743,
    1.293,
    1.487,
    1.6,
    1.744,
    1.937,
    2.44
  ],
  "baseline_avg": 86.069,
  "baseline_pd": 6.39,
  "final_avg": 87.38,
  "final_pd": 3.95,
  "gain_avg": 1.311,
  "session_results": [
    {
      "session": 0,
      "num_seen_classes": 60,
      "baseline_full_acc": 89.75,
      "baseline_base_acc": 89.75,
      "baseline_novel_acc": 0.0,
      "best_alpha": null,
      "final_full_acc": 89.75,
      "final_base_acc": 89.75,
      "final_novel_acc": 0.0,
      "final_gain": 0.0,
      "updated_class_count": 0,
      "gated_query_count": 0,
      "alpha_selection": {
        "mode": "not_applicable_base_session",
        "selected_alpha": null
      }
    },
    {
      "session": 1,
      "num_seen_classes": 65,
      "baseline_full_acc": 88.0,
      "baseline_base_acc": 89.483,
      "baseline_novel_acc": 70.2,
      "selected_alpha": 0.5,
      "final_full_acc": 88.554,
      "final_base_acc": 89.35,
      "final_novel_acc": 79.0,
      "final_gain": 0.554,
      "updated_class_count": 5,
      "gated_query_count": 362,
      "gated_base_count": 8,
      "gated_novel_count": 354,
      "alpha_selection": {
        "mode": "pseudo_validation",
        "fallback_used": false,
        "selected_alpha": 0.5,
        "candidates": [
          {
            "alpha": 0.5,
            "pseudo_val_score": -0.0218,
            "pseudo_val_nll": 0.0218,
            "pseudo_val_agreement": 99.772
          },
          {
            "alpha": 0.75,
            "pseudo_val_score": -0.023839,
            "pseudo_val_nll": 0.023839,
            "pseudo_val_agreement": 99.642
          },
          {
            "alpha": 1.0,
            "pseudo_val_score": -0.026821,
            "pseudo_val_nll": 0.026821,
            "pseudo_val_agreement": 99.382
          }
        ],
        "split": {
          "novel_gated_query_count": 362,
          "validation_count": 3073,
          "novel_validation_count": 73,
          "base_validation_count": 3000,
          "updated_class_count": 5,
          "per_class_counts": {
            "60": 78,
            "61": 69,
            "62": 99,
            "63": 51,
            "64": 65
          },
          "per_class_update_counts": {
            "60": 62,
            "61": 55,
            "62": 79,
            "63": 41,
            "64": 52
          },
          "per_class_validation_counts": {
            "60": 16,
            "61": 14,
            "62": 20,
            "63": 10,
            "64": 13
          }
        }
      }
    },
    {
      "session": 2,
      "num_seen_classes": 70,
      "baseline_full_acc": 87.5,
      "baseline_base_acc": 89.267,
      "baseline_novel_acc": 76.9,
      "selected_alpha": 0.5,
      "final_full_acc": 88.243,
      "final_base_acc": 89.117,
      "final_novel_acc": 83.0,
      "final_gain": 0.743,
      "updated_class_count": 10,
      "gated_query_count": 801,
      "gated_base_count": 20,
      "gated_novel_count": 781,
      "alpha_selection": {
        "mode": "pseudo_validation",
        "fallback_used": false,
        "selected_alpha": 0.5,
        "candidates": [
          {
            "alpha": 0.5,
            "pseudo_val_score": -0.041749,
            "pseudo_val_nll": 0.041749,
            "pseudo_val_agreement": 99.494
          },
          {
            "alpha": 0.75,
            "pseudo_val_score": -0.045323,
            "pseudo_val_nll": 0.045323,
            "pseudo_val_agreement": 99.273
          },
          {
            "alpha": 1.0,
            "pseudo_val_score": -0.050727,
            "pseudo_val_nll": 0.050727,
            "pseudo_val_agreement": 98.925
          }
        ],
        "split": {
          "novel_gated_query_count": 801,
          "validation_count": 3162,
          "novel_validation_count": 162,
          "base_validation_count": 3000,
          "updated_class_count": 10,
          "per_class_counts": {
            "60": 74,
            "61": 70,
            "62": 99,
            "63": 48,
            "64": 66,
            "65": 86,
            "66": 89,
            "67": 83,
            "68": 93,
            "69": 93
          },
          "per_class_update_counts": {
            "60": 59,
            "61": 56,
            "62": 79,
            "63": 38,
            "64": 53,
            "65": 69,
            "66": 71,
            "67": 66,
            "68": 74,
            "69": 74
          },
          "per_class_validation_counts": {
            "60": 15,
            "61": 14,
            "62": 20,
            "63": 10,
            "64": 13,
            "65": 17,
            "66": 18,
            "67": 17,
            "68": 19,
            "69": 19
          }
        }
      }
    },
    {
      "session": 3,
      "num_seen_classes": 75,
      "baseline_full_acc": 85.653,
      "baseline_base_acc": 89.25,
      "baseline_novel_acc": 71.267,
      "selected_alpha": 0.5,
      "final_full_acc": 86.947,
      "final_base_acc": 89.0,
      "final_novel_acc": 78.733,
      "final_gain": 1.293,
      "updated_class_count": 15,
      "gated_query_count": 1130,
      "gated_base_count": 26,
      "gated_novel_count": 1104,
      "alpha_selection": {
        "mode": "pseudo_validation",
        "fallback_used": false,
        "selected_alpha": 0.5,
        "candidates": [
          {
            "alpha": 0.5,
            "pseudo_val_score": -0.055812,
            "pseudo_val_nll": 0.055812,
            "pseudo_val_agreement": 99.411
          },
          {
            "alpha": 0.75,
            "pseudo_val_score": -0.05882,
            "pseudo_val_nll": 0.05882,
            "pseudo_val_agreement": 99.039
          },
          {
            "alpha": 1.0,
            "pseudo_val_score": -0.063722,
            "pseudo_val_nll": 0.063722,
            "pseudo_val_agreement": 98.574
          }
        ],
        "split": {
          "novel_gated_query_count": 1130,
          "validation_count": 3226,
          "novel_validation_count": 226,
          "base_validation_count": 3000,
          "updated_class_count": 15,
          "per_class_counts": {
            "60": 71,
            "61": 71,
            "62": 99,
            "63": 48,
            "64": 66,
            "65": 86,
            "66": 89,
            "67": 76,
            "68": 95,
            "69": 91,
            "70": 93,
            "71": 95,
            "72": 37,
            "73": 83,
            "74": 30
          },
          "per_class_update_counts": {
            "60": 57,
            "61": 57,
            "62": 79,
            "63": 38,
            "64": 53,
            "65": 69,
            "66": 71,
            "67": 61,
            "68": 76,
            "69": 73,
            "70": 74,
            "71": 76,
            "72": 30,
            "73": 66,
            "74": 24
          },
          "per_class_validation_counts": {
            "60": 14,
            "61": 14,
            "62": 20,
            "63": 10,
            "64": 13,
            "65": 17,
            "66": 18,
            "67": 15,
            "68": 19,
            "69": 18,
            "70": 19,
            "71": 19,
            "72": 7,
            "73": 17,
            "74": 6
          }
        }
      }
    },
    {
      "session": 4,
      "num_seen_classes": 80,
      "baseline_full_acc": 85.413,
      "baseline_base_acc": 89.167,
      "baseline_novel_acc": 74.15,
      "selected_alpha": 0.5,
      "final_full_acc": 86.9,
      "final_base_acc": 88.85,
      "final_novel_acc": 81.05,
      "final_gain": 1.487,
      "updated_class_count": 20,
      "gated_query_count": 1558,
      "gated_base_count": 32,
      "gated_novel_count": 1526,
      "alpha_selection": {
        "mode": "pseudo_validation",
        "fallback_used": false,
        "selected_alpha": 0.5,
        "candidates": [
          {
            "alpha": 0.5,
            "pseudo_val_score": -0.07067,
            "pseudo_val_nll": 0.07067,
            "pseudo_val_agreement": 99.366
          },
          {
            "alpha": 0.75,
            "pseudo_val_score": -0.07416,
            "pseudo_val_nll": 0.07416,
            "pseudo_val_agreement": 98.853
          },
          {
            "alpha": 1.0,
            "pseudo_val_score": -0.080183,
            "pseudo_val_nll": 0.080183,
            "pseudo_val_agreement": 98.249
          }
        ],
        "split": {
          "novel_gated_query_count": 1558,
          "validation_count": 3312,
          "novel_validation_count": 312,
          "base_validation_count": 3000,
          "updated_class_count": 20,
          "per_class_counts": {
            "60": 71,
            "61": 70,
            "62": 100,
            "63": 47,
            "64": 66,
            "65": 86,
            "66": 90,
            "67": 75,
            "68": 95,
            "69": 93,
            "70": 93,
            "71": 96,
            "72": 42,
            "73": 84,
            "74": 29,
            "75": 87,
            "76": 79,
            "77": 89,
            "78": 93,
            "79": 73
          },
          "per_class_update_counts": {
            "60": 57,
            "61": 56,
            "62": 80,
            "63": 38,
            "64": 53,
            "65": 69,
            "66": 72,
            "67": 60,
            "68": 76,
            "69": 74,
            "70": 74,
            "71": 77,
            "72": 34,
            "73": 67,
            "74": 23,
            "75": 70,
            "76": 63,
            "77": 71,
            "78": 74,
            "79": 58
          },
          "per_class_validation_counts": {
            "60": 14,
            "61": 14,
            "62": 20,
            "63": 9,
            "64": 13,
            "65": 17,
            "66": 18,
            "67": 15,
            "68": 19,
            "69": 19,
            "70": 19,
            "71": 19,
            "72": 8,
            "73": 17,
            "74": 6,
            "75": 17,
            "76": 16,
            "77": 18,
            "78": 19,
            "79": 15
          }
        }
      }
    },
    {
      "session": 5,
      "num_seen_classes": 85,
      "baseline_full_acc": 85.071,
      "baseline_base_acc": 89.083,
      "baseline_novel_acc": 75.44,
      "selected_alpha": 0.5,
      "final_full_acc": 86.671,
      "final_base_acc": 88.75,
      "final_novel_acc": 81.68,
      "final_gain": 1.6,
      "updated_class_count": 25,
      "gated_query_count": 1976,
      "gated_base_count": 39,
      "gated_novel_count": 1937,
      "alpha_selection": {
        "mode": "pseudo_validation",
        "fallback_used": false,
        "selected_alpha": 0.5,
        "candidates": [
          {
            "alpha": 0.5,
            "pseudo_val_score": -0.086243,
            "pseudo_val_nll": 0.086243,
            "pseudo_val_agreement": 99.176
          },
          {
            "alpha": 0.75,
            "pseudo_val_score": -0.091244,
            "pseudo_val_nll": 0.091244,
            "pseudo_val_agreement": 98.528
          },
          {
            "alpha": 1.0,
            "pseudo_val_score": -0.099478,
            "pseudo_val_nll": 0.099478,
            "pseudo_val_agreement": 97.851
          }
        ],
        "split": {
          "novel_gated_query_count": 1976,
          "validation_count": 3397,
          "novel_validation_count": 397,
          "base_validation_count": 3000,
          "updated_class_count": 25,
          "per_class_counts": {
            "60": 69,
            "61": 71,
            "62": 99,
            "63": 47,
            "64": 66,
            "65": 86,
            "66": 90,
            "67": 78,
            "68": 96,
            "69": 93,
            "70": 93,
            "71": 96,
            "72": 42,
            "73": 85,
            "74": 30,
            "75": 88,
            "76": 78,
            "77": 89,
            "78": 93,
            "79": 72,
            "80": 74,
            "81": 81,
            "82": 99,
            "83": 93,
            "84": 68
          },
          "per_class_update_counts": {
            "60": 55,
            "61": 57,
            "62": 79,
            "63": 38,
            "64": 53,
            "65": 69,
            "66": 72,
            "67": 62,
            "68": 77,
            "69": 74,
            "70": 74,
            "71": 77,
            "72": 34,
            "73": 68,
            "74": 24,
            "75": 70,
            "76": 62,
            "77": 71,
            "78": 74,
            "79": 58,
            "80": 59,
            "81": 65,
            "82": 79,
            "83": 74,
            "84": 54
          },
          "per_class_validation_counts": {
            "60": 14,
            "61": 14,
            "62": 20,
            "63": 9,
            "64": 13,
            "65": 17,
            "66": 18,
            "67": 16,
            "68": 19,
            "69": 19,
            "70": 19,
            "71": 19,
            "72": 8,
            "73": 17,
            "74": 6,
            "75": 18,
            "76": 16,
            "77": 18,
            "78": 19,
            "79": 14,
            "80": 15,
            "81": 16,
            "82": 20,
            "83": 19,
            "84": 14
          }
        }
      }
    },
    {
      "session": 6,
      "num_seen_classes": 90,
      "baseline_full_acc": 85.089,
      "baseline_base_acc": 88.867,
      "baseline_novel_acc": 77.533,
      "selected_alpha": 0.5,
      "final_full_acc": 86.833,
      "final_base_acc": 88.5,
      "final_novel_acc": 83.5,
      "final_gain": 1.744,
      "updated_class_count": 30,
      "gated_query_count": 2427,
      "gated_base_count": 46,
      "gated_novel_count": 2381,
      "alpha_selection": {
        "mode": "pseudo_validation",
        "fallback_used": false,
        "selected_alpha": 0.5,
        "candidates": [
          {
            "alpha": 0.5,
            "pseudo_val_score": -0.099578,
            "pseudo_val_nll": 0.099578,
            "pseudo_val_agreement": 99.053
          },
          {
            "alpha": 0.75,
            "pseudo_val_score": -0.104728,
            "pseudo_val_nll": 0.104728,
            "pseudo_val_agreement": 98.48
          },
          {
            "alpha": 1.0,
            "pseudo_val_score": -0.113586,
            "pseudo_val_nll": 0.113586,
            "pseudo_val_agreement": 97.762
          }
        ],
        "split": {
          "novel_gated_query_count": 2427,
          "validation_count": 3486,
          "novel_validation_count": 486,
          "base_validation_count": 3000,
          "updated_class_count": 30,
          "per_class_counts": {
            "60": 68,
            "61": 72,
            "62": 100,
            "63": 50,
            "64": 66,
            "65": 86,
            "66": 90,
            "67": 77,
            "68": 96,
            "69": 91,
            "70": 94,
            "71": 95,
            "72": 39,
            "73": 83,
            "74": 30,
            "75": 88,
            "76": 79,
            "77": 89,
            "78": 93,
            "79": 72,
            "80": 75,
            "81": 81,
            "82": 99,
            "83": 92,
            "84": 69,
            "85": 100,
            "86": 89,
            "87": 89,
            "88": 90,
            "89": 85
          },
          "per_class_update_counts": {
            "60": 54,
            "61": 58,
            "62": 80,
            "63": 40,
            "64": 53,
            "65": 69,
            "66": 72,
            "67": 62,
            "68": 77,
            "69": 73,
            "70": 75,
            "71": 76,
            "72": 31,
            "73": 66,
            "74": 24,
            "75": 70,
            "76": 63,
            "77": 71,
            "78": 74,
            "79": 58,
            "80": 60,
            "81": 65,
            "82": 79,
            "83": 74,
            "84": 55,
            "85": 80,
            "86": 71,
            "87": 71,
            "88": 72,
            "89": 68
          },
          "per_class_validation_counts": {
            "60": 14,
            "61": 14,
            "62": 20,
            "63": 10,
            "64": 13,
            "65": 17,
            "66": 18,
            "67": 15,
            "68": 19,
            "69": 18,
            "70": 19,
            "71": 19,
            "72": 8,
            "73": 17,
            "74": 6,
            "75": 18,
            "76": 16,
            "77": 18,
            "78": 19,
            "79": 14,
            "80": 15,
            "81": 16,
            "82": 20,
            "83": 18,
            "84": 14,
            "85": 20,
            "86": 18,
            "87": 18,
            "88": 18,
            "89": 17
          }
        }
      }
    },
    {
      "session": 7,
      "num_seen_classes": 95,
      "baseline_full_acc": 84.789,
      "baseline_base_acc": 88.85,
      "baseline_novel_acc": 77.829,
      "selected_alpha": 0.5,
      "final_full_acc": 86.726,
      "final_base_acc": 88.483,
      "final_novel_acc": 83.714,
      "final_gain": 1.937,
      "updated_class_count": 35,
      "gated_query_count": 2862,
      "gated_base_count": 51,
      "gated_novel_count": 2811,
      "alpha_selection": {
        "mode": "pseudo_validation",
        "fallback_used": false,
        "selected_alpha": 0.5,
        "candidates": [
          {
            "alpha": 0.5,
            "pseudo_val_score": -0.118837,
            "pseudo_val_nll": 0.118837,
            "pseudo_val_agreement": 98.741
          },
          {
            "alpha": 0.75,
            "pseudo_val_score": -0.126169,
            "pseudo_val_nll": 0.126169,
            "pseudo_val_agreement": 98.125
          },
          {
            "alpha": 1.0,
            "pseudo_val_score": -0.137566,
            "pseudo_val_nll": 0.137566,
            "pseudo_val_agreement": 97.173
          }
        ],
        "split": {
          "novel_gated_query_count": 2862,
          "validation_count": 3573,
          "novel_validation_count": 573,
          "base_validation_count": 3000,
          "updated_class_count": 35,
          "per_class_counts": {
            "60": 68,
            "61": 72,
            "62": 92,
            "63": 50,
            "64": 66,
            "65": 86,
            "66": 90,
            "67": 78,
            "68": 96,
            "69": 91,
            "70": 91,
            "71": 97,
            "72": 40,
            "73": 83,
            "74": 30,
            "75": 88,
            "76": 79,
            "77": 90,
            "78": 92,
            "79": 72,
            "80": 75,
            "81": 68,
            "82": 99,
            "83": 93,
            "84": 69,
            "85": 100,
            "86": 89,
            "87": 90,
            "88": 90,
            "89": 85,
            "90": 104,
            "91": 86,
            "92": 88,
            "93": 88,
            "94": 87
          },
          "per_class_update_counts": {
            "60": 54,
            "61": 58,
            "62": 74,
            "63": 40,
            "64": 53,
            "65": 69,
            "66": 72,
            "67": 62,
            "68": 77,
            "69": 73,
            "70": 73,
            "71": 78,
            "72": 32,
            "73": 66,
            "74": 24,
            "75": 70,
            "76": 63,
            "77": 72,
            "78": 74,
            "79": 58,
            "80": 60,
            "81": 54,
            "82": 79,
            "83": 74,
            "84": 55,
            "85": 80,
            "86": 71,
            "87": 72,
            "88": 72,
            "89": 68,
            "90": 83,
            "91": 69,
            "92": 70,
            "93": 70,
            "94": 70
          },
          "per_class_validation_counts": {
            "60": 14,
            "61": 14,
            "62": 18,
            "63": 10,
            "64": 13,
            "65": 17,
            "66": 18,
            "67": 16,
            "68": 19,
            "69": 18,
            "70": 18,
            "71": 19,
            "72": 8,
            "73": 17,
            "74": 6,
            "75": 18,
            "76": 16,
            "77": 18,
            "78": 18,
            "79": 14,
            "80": 15,
            "81": 14,
            "82": 20,
            "83": 19,
            "84": 14,
            "85": 20,
            "86": 18,
            "87": 18,
            "88": 18,
            "89": 17,
            "90": 21,
            "91": 17,
            "92": 18,
            "93": 18,
            "94": 17
          }
        }
      }
    },
    {
      "session": 8,
      "num_seen_classes": 100,
      "baseline_full_acc": 83.36,
      "baseline_base_acc": 88.6,
      "baseline_novel_acc": 75.5,
      "selected_alpha": 0.5,
      "final_full_acc": 85.8,
      "final_base_acc": 88.1,
      "final_novel_acc": 82.35,
      "final_gain": 2.44,
      "updated_class_count": 40,
      "gated_query_count": 3198,
      "gated_base_count": 62,
      "gated_novel_count": 3136,
      "alpha_selection": {
        "mode": "pseudo_validation",
        "fallback_used": false,
        "selected_alpha": 0.5,
        "candidates": [
          {
            "alpha": 0.5,
            "pseudo_val_score": -0.134654,
            "pseudo_val_nll": 0.134654,
            "pseudo_val_agreement": 98.298
          },
          {
            "alpha": 0.75,
            "pseudo_val_score": -0.144629,
            "pseudo_val_nll": 0.144629,
            "pseudo_val_agreement": 97.475
          },
          {
            "alpha": 1.0,
            "pseudo_val_score": -0.158994,
            "pseudo_val_nll": 0.158994,
            "pseudo_val_agreement": 96.541
          }
        ],
        "split": {
          "novel_gated_query_count": 3198,
          "validation_count": 3643,
          "novel_validation_count": 643,
          "base_validation_count": 3000,
          "updated_class_count": 40,
          "per_class_counts": {
            "60": 70,
            "61": 73,
            "62": 93,
            "63": 49,
            "64": 66,
            "65": 86,
            "66": 91,
            "67": 78,
            "68": 95,
            "69": 91,
            "70": 92,
            "71": 98,
            "72": 36,
            "73": 88,
            "74": 29,
            "75": 88,
            "76": 77,
            "77": 89,
            "78": 89,
            "79": 74,
            "80": 74,
            "81": 68,
            "82": 99,
            "83": 92,
            "84": 70,
            "85": 101,
            "86": 88,
            "87": 89,
            "88": 88,
            "89": 85,
            "90": 104,
            "91": 86,
            "92": 88,
            "93": 88,
            "94": 87,
            "95": 54,
            "96": 50,
            "97": 94,
            "98": 45,
            "99": 96
          },
          "per_class_update_counts": {
            "60": 56,
            "61": 58,
            "62": 74,
            "63": 39,
            "64": 53,
            "65": 69,
            "66": 73,
            "67": 62,
            "68": 76,
            "69": 73,
            "70": 74,
            "71": 78,
            "72": 29,
            "73": 70,
            "74": 23,
            "75": 70,
            "76": 62,
            "77": 71,
            "78": 71,
            "79": 59,
            "80": 59,
            "81": 54,
            "82": 79,
            "83": 74,
            "84": 56,
            "85": 81,
            "86": 70,
            "87": 71,
            "88": 70,
            "89": 68,
            "90": 83,
            "91": 69,
            "92": 70,
            "93": 70,
            "94": 70,
            "95": 43,
            "96": 40,
            "97": 75,
            "98": 36,
            "99": 77
          },
          "per_class_validation_counts": {
            "60": 14,
            "61": 15,
            "62": 19,
            "63": 10,
            "64": 13,
            "65": 17,
            "66": 18,
            "67": 16,
            "68": 19,
            "69": 18,
            "70": 18,
            "71": 20,
            "72": 7,
            "73": 18,
            "74": 6,
            "75": 18,
            "76": 15,
            "77": 18,
            "78": 18,
            "79": 15,
            "80": 15,
            "81": 14,
            "82": 20,
            "83": 18,
            "84": 14,
            "85": 20,
            "86": 18,
            "87": 18,
            "88": 18,
            "89": 17,
            "90": 21,
            "91": 17,
            "92": 18,
            "93": 18,
            "94": 17,
            "95": 11,
            "96": 10,
            "97": 19,
            "98": 9,
            "99": 19
          }
        }
      }
    }
  ]
}
