/media/ndag/newVolume/BiMC-test/models/clip/clip.py:23: UserWarning: PyTorch version 1.7.1 or higher is recommended
  warnings.warn("PyTorch version 1.7.1 or higher is recommended")
manual seed: 2
use gpu: ['0']
Files already downloaded and verified
Files already downloaded and verified
Loading CLIP (backbone: ViT-B/16)
Prompt template:['a photo of a {}.']
Loading DinoV2 ViT-B/14 from local hub: /home/ndag/.cache/torch/hub/facebookresearch_dinov2_main
/home/ndag/.cache/torch/hub/facebookresearch_dinov2_main/dinov2/layers/swiglu_ffn.py:51: UserWarning: xFormers is not available (SwiGLU)
  warnings.warn("xFormers is not available (SwiGLU)")
/home/ndag/.cache/torch/hub/facebookresearch_dinov2_main/dinov2/layers/attention.py:36: UserWarning: xFormers is not available (Attention)
  warnings.warn("xFormers is not available (Attention)")
/home/ndag/.cache/torch/hub/facebookresearch_dinov2_main/dinov2/layers/block.py:40: UserWarning: xFormers is not available (Block)
  warnings.warn("xFormers is not available (Block)")
Loading DinoV2 weights: /home/ndag/.cache/torch/hub/checkpoints/dinov2_vitb14_pretrain.pth
class names: ['apple' 'aquarium fish' 'baby' 'bear' 'beaver' 'bed' 'bee' 'beetle'
 'bicycle' 'bottle' 'bowl' 'boy' 'bridge' 'bus' 'butterfly' 'camel' 'can'
 'castle' 'caterpillar' 'cattle' 'chair' 'chimpanzee' 'clock' 'cloud'
 'cockroach' 'couch' 'crab' 'crocodile' 'cup' 'dinosaur' 'dolphin'
 'elephant' 'flatfish' 'forest' 'fox' 'girl' 'hamster' 'house' 'kangaroo'
 'keyboard' 'lamp' 'lawn mower' 'leopard' 'lion' 'lizard' 'lobster' 'man'
 'maple tree' 'motorcycle' 'mountain' 'mouse' 'mushroom' 'oak tree'
 'orange' 'orchid' 'otter' 'palm tree' 'pear' 'pickup truck' 'pine tree']
all targets:tensor([ 0,  1,  2,  3,  4,  5,  6,  7,  8,  9, 10, 11, 12, 13, 14, 15, 16, 17,
        18, 19, 20, 21, 22, 23, 24, 25, 26, 27, 28, 29, 30, 31, 32, 33, 34, 35,
        36, 37, 38, 39, 40, 41, 42, 43, 44, 45, 46, 47, 48, 49, 50, 51, 52, 53,
        54, 55, 56, 57, 58, 59], device='cuda:0')
dino all targets:tensor([ 0,  1,  2,  3,  4,  5,  6,  7,  8,  9, 10, 11, 12, 13, 14, 15, 16, 17,
        18, 19, 20, 21, 22, 23, 24, 25, 26, 27, 28, 29, 30, 31, 32, 33, 34, 35,
        36, 37, 38, 39, 40, 41, 42, 43, 44, 45, 46, 47, 48, 49, 50, 51, 52, 53,
        54, 55, 56, 57, 58, 59], device='cuda:0')
finish loading CLIP/DinoV2 covariance
class names: ['plain' 'plate' 'poppy' 'porcupine' 'possum']
all targets:tensor([60, 61, 62, 63, 64], device='cuda:0')
dino all targets:tensor([60, 61, 62, 63, 64], device='cuda:0')
finish loading CLIP/DinoV2 covariance
class names: ['rabbit' 'raccoon' 'ray' 'road' 'rocket']
all targets:tensor([65, 66, 67, 68, 69], device='cuda:0')
dino all targets:tensor([65, 66, 67, 68, 69], device='cuda:0')
finish loading CLIP/DinoV2 covariance
class names: ['rose' 'sea' 'seal' 'shark' 'shrew']
all targets:tensor([70, 71, 72, 73, 74], device='cuda:0')
dino all targets:tensor([70, 71, 72, 73, 74], device='cuda:0')
finish loading CLIP/DinoV2 covariance
class names: ['skunk' 'skyscraper' 'snail' 'snake' 'spider']
all targets:tensor([75, 76, 77, 78, 79], device='cuda:0')
dino all targets:tensor([75, 76, 77, 78, 79], device='cuda:0')
finish loading CLIP/DinoV2 covariance
class names: ['squirrel' 'streetcar' 'sunflower' 'sweet pepper' 'table']
all targets:tensor([80, 81, 82, 83, 84], device='cuda:0')
dino all targets:tensor([80, 81, 82, 83, 84], device='cuda:0')
finish loading CLIP/DinoV2 covariance
class names: ['tank' 'telephone' 'television' 'tiger' 'tractor']
all targets:tensor([85, 86, 87, 88, 89], device='cuda:0')
dino all targets:tensor([85, 86, 87, 88, 89], device='cuda:0')
finish loading CLIP/DinoV2 covariance
class names: ['train' 'trout' 'tulip' 'turtle' 'wardrobe']
all targets:tensor([90, 91, 92, 93, 94], device='cuda:0')
dino all targets:tensor([90, 91, 92, 93, 94], device='cuda:0')
finish loading CLIP/DinoV2 covariance
class names: ['whale' 'willow tree' 'wolf' 'woman' 'worm']
all targets:tensor([95, 96, 97, 98, 99], device='cuda:0')
dino all targets:tensor([95, 96, 97, 98, 99], device='cuda:0')
finish loading CLIP/DinoV2 covariance
session 0: baseline=89.750 final=89.750 gain=0.000
session 1: baseline=87.800 final=88.462 gain=0.662
session 2: baseline=87.000 final=88.114 gain=1.114
session 3: baseline=84.653 final=86.493 gain=1.840
session 4: baseline=84.675 final=86.538 gain=1.863
session 5: baseline=84.235 final=86.365 gain=2.129
session 6: baseline=84.378 final=86.478 gain=2.100
session 7: baseline=84.147 final=86.274 gain=2.126
session 8: baseline=82.960 final=85.310 gain=2.350
{
  "dataset": "CIFAR100",
  "seed": 2,
  "train_cfg": "experiments/bmvc_1256_20260508-124032/generated_configs/bimc_dino_fusion.yaml",
  "method": "sessionwise conservative query prototype refinement on bimc_dino_fusion with pseudo-validation alpha selection",
  "runtime_sec": 447.798,
  "alpha_grid": [
    0.5,
    0.75,
    1.0
  ],
  "alpha_selection": "pseudo_validation_no_test_labels",
  "mass_thr": 0.3,
  "min_count": 5,
  "val_fraction": 0.3,
  "base_val_conf_thr": 0.5,
  "base_val_max_per_class": 50,
  "fallback_alpha": 0.75,
  "topk_per_class": null,
  "baseline_acc_list": [
    89.75,
    87.8,
    87.0,
    84.653,
    84.675,
    84.235,
    84.378,
    84.147,
    82.96
  ],
  "final_acc_list": [
    89.75,
    88.462,
    88.114,
    86.493,
    86.538,
    86.365,
    86.478,
    86.274,
    85.31
  ],
  "gain_list": [
    0.0,
    0.662,
    1.114,
    1.84,
    1.863,
    2.129,
    2.1,
    2.126,
    2.35
  ],
  "baseline_avg": 85.511,
  "baseline_pd": 6.79,
  "final_avg": 87.087,
  "final_pd": 4.44,
  "gain_avg": 1.576,
  "session_results": [
    {
      "session": 0,
      "num_seen_classes": 60,
      "baseline_full_acc": 89.75,
      "baseline_base_acc": 89.75,
      "baseline_novel_acc": 0.0,
      "best_alpha": null,
      "final_full_acc": 89.75,
      "final_base_acc": 89.75,
      "final_novel_acc": 0.0,
      "final_gain": 0.0,
      "updated_class_count": 0,
      "gated_query_count": 0,
      "alpha_selection": {
        "mode": "not_applicable_base_session",
        "selected_alpha": null
      }
    },
    {
      "session": 1,
      "num_seen_classes": 65,
      "baseline_full_acc": 87.8,
      "baseline_base_acc": 89.5,
      "baseline_novel_acc": 67.4,
      "selected_alpha": 0.5,
      "final_full_acc": 88.462,
      "final_base_acc": 89.367,
      "final_novel_acc": 77.6,
      "final_gain": 0.662,
      "updated_class_count": 5,
      "gated_query_count": 346,
      "gated_base_count": 9,
      "gated_novel_count": 337,
      "alpha_selection": {
        "mode": "pseudo_validation",
        "fallback_used": false,
        "selected_alpha": 0.5,
        "candidates": [
          {
            "alpha": 0.5,
            "pseudo_val_score": -0.026066,
            "pseudo_val_nll": 0.026066,
            "pseudo_val_agreement": 99.774
          },
          {
            "alpha": 0.75,
            "pseudo_val_score": -0.028221,
            "pseudo_val_nll": 0.028221,
            "pseudo_val_agreement": 99.549
          },
          {
            "alpha": 1.0,
            "pseudo_val_score": -0.032048,
            "pseudo_val_nll": 0.032048,
            "pseudo_val_agreement": 99.388
          }
        ],
        "split": {
          "novel_gated_query_count": 346,
          "validation_count": 3104,
          "novel_validation_count": 104,
          "base_validation_count": 3000,
          "updated_class_count": 5,
          "per_class_counts": {
            "60": 61,
            "61": 66,
            "62": 101,
            "63": 52,
            "64": 66
          },
          "per_class_update_counts": {
            "60": 43,
            "61": 46,
            "62": 71,
            "63": 36,
            "64": 46
          },
          "per_class_validation_counts": {
            "60": 18,
            "61": 20,
            "62": 30,
            "63": 16,
            "64": 20
          }
        }
      }
    },
    {
      "session": 2,
      "num_seen_classes": 70,
      "baseline_full_acc": 87.0,
      "baseline_base_acc": 89.383,
      "baseline_novel_acc": 72.7,
      "selected_alpha": 0.5,
      "final_full_acc": 88.114,
      "final_base_acc": 89.217,
      "final_novel_acc": 81.5,
      "final_gain": 1.114,
      "updated_class_count": 10,
      "gated_query_count": 751,
      "gated_base_count": 17,
      "gated_novel_count": 734,
      "alpha_selection": {
        "mode": "pseudo_validation",
        "fallback_used": false,
        "selected_alpha": 0.5,
        "candidates": [
          {
            "alpha": 0.5,
            "pseudo_val_score": -0.048123,
            "pseudo_val_nll": 0.048123,
            "pseudo_val_agreement": 99.473
          },
          {
            "alpha": 0.75,
            "pseudo_val_score": -0.05096,
            "pseudo_val_nll": 0.05096,
            "pseudo_val_agreement": 99.256
          },
          {
            "alpha": 1.0,
            "pseudo_val_score": -0.056074,
            "pseudo_val_nll": 0.056074,
            "pseudo_val_agreement": 99.069
          }
        ],
        "split": {
          "novel_gated_query_count": 751,
          "validation_count": 3224,
          "novel_validation_count": 224,
          "base_validation_count": 3000,
          "updated_class_count": 10,
          "per_class_counts": {
            "60": 58,
            "61": 67,
            "62": 101,
            "63": 54,
            "64": 67,
            "65": 82,
            "66": 83,
            "67": 68,
            "68": 78,
            "69": 93
          },
          "per_class_update_counts": {
            "60": 41,
            "61": 47,
            "62": 71,
            "63": 38,
            "64": 47,
            "65": 57,
            "66": 58,
            "67": 48,
            "68": 55,
            "69": 65
          },
          "per_class_validation_counts": {
            "60": 17,
            "61": 20,
            "62": 30,
            "63": 16,
            "64": 20,
            "65": 25,
            "66": 25,
            "67": 20,
            "68": 23,
            "69": 28
          }
        }
      }
    },
    {
      "session": 3,
      "num_seen_classes": 75,
      "baseline_full_acc": 84.653,
      "baseline_base_acc": 89.267,
      "baseline_novel_acc": 66.2,
      "selected_alpha": 0.5,
      "final_full_acc": 86.493,
      "final_base_acc": 88.867,
      "final_novel_acc": 77.0,
      "final_gain": 1.84,
      "updated_class_count": 15,
      "gated_query_count": 1066,
      "gated_base_count": 37,
      "gated_novel_count": 1029,
      "alpha_selection": {
        "mode": "pseudo_validation",
        "fallback_used": false,
        "selected_alpha": 0.5,
        "candidates": [
          {
            "alpha": 0.5,
            "pseudo_val_score": -0.069715,
            "pseudo_val_nll": 0.069715,
            "pseudo_val_agreement": 99.278
          },
          {
            "alpha": 0.75,
            "pseudo_val_score": -0.075564,
            "pseudo_val_nll": 0.075564,
            "pseudo_val_agreement": 98.856
          },
          {
            "alpha": 1.0,
            "pseudo_val_score": -0.084279,
            "pseudo_val_nll": 0.084279,
            "pseudo_val_agreement": 98.405
          }
        ],
        "split": {
          "novel_gated_query_count": 1066,
          "validation_count": 3323,
          "novel_validation_count": 323,
          "base_validation_count": 3000,
          "updated_class_count": 15,
          "per_class_counts": {
            "60": 65,
            "61": 66,
            "62": 105,
            "63": 56,
            "64": 66,
            "65": 83,
            "66": 83,
            "67": 68,
            "68": 80,
            "69": 92,
            "70": 86,
            "71": 63,
            "72": 42,
            "73": 72,
            "74": 39
          },
          "per_class_update_counts": {
            "60": 45,
            "61": 46,
            "62": 73,
            "63": 39,
            "64": 46,
            "65": 58,
            "66": 58,
            "67": 48,
            "68": 56,
            "69": 64,
            "70": 60,
            "71": 44,
            "72": 29,
            "73": 50,
            "74": 27
          },
          "per_class_validation_counts": {
            "60": 20,
            "61": 20,
            "62": 32,
            "63": 17,
            "64": 20,
            "65": 25,
            "66": 25,
            "67": 20,
            "68": 24,
            "69": 28,
            "70": 26,
            "71": 19,
            "72": 13,
            "73": 22,
            "74": 12
          }
        }
      }
    },
    {
      "session": 4,
      "num_seen_classes": 80,
      "baseline_full_acc": 84.675,
      "baseline_base_acc": 89.183,
      "baseline_novel_acc": 71.15,
      "selected_alpha": 0.5,
      "final_full_acc": 86.538,
      "final_base_acc": 88.717,
      "final_novel_acc": 80.0,
      "final_gain": 1.863,
      "updated_class_count": 20,
      "gated_query_count": 1514,
      "gated_base_count": 42,
      "gated_novel_count": 1472,
      "alpha_selection": {
        "mode": "pseudo_validation",
        "fallback_used": false,
        "selected_alpha": 0.5,
        "candidates": [
          {
            "alpha": 0.5,
            "pseudo_val_score": -0.090872,
            "pseudo_val_nll": 0.090872,
            "pseudo_val_agreement": 99.161
          },
          {
            "alpha": 0.75,
            "pseudo_val_score": -0.097165,
            "pseudo_val_nll": 0.097165,
            "pseudo_val_agreement": 98.669
          },
          {
            "alpha": 1.0,
            "pseudo_val_score": -0.106929,
            "pseudo_val_nll": 0.106929,
            "pseudo_val_agreement": 98.148
          }
        ],
        "split": {
          "novel_gated_query_count": 1514,
          "validation_count": 3455,
          "novel_validation_count": 455,
          "base_validation_count": 3000,
          "updated_class_count": 20,
          "per_class_counts": {
            "60": 65,
            "61": 67,
            "62": 105,
            "63": 55,
            "64": 66,
            "65": 82,
            "66": 82,
            "67": 71,
            "68": 80,
            "69": 95,
            "70": 86,
            "71": 64,
            "72": 43,
            "73": 71,
            "74": 42,
            "75": 91,
            "76": 79,
            "77": 93,
            "78": 95,
            "79": 82
          },
          "per_class_update_counts": {
            "60": 45,
            "61": 47,
            "62": 73,
            "63": 39,
            "64": 46,
            "65": 57,
            "66": 57,
            "67": 50,
            "68": 56,
            "69": 67,
            "70": 60,
            "71": 45,
            "72": 30,
            "73": 50,
            "74": 29,
            "75": 64,
            "76": 55,
            "77": 65,
            "78": 67,
            "79": 57
          },
          "per_class_validation_counts": {
            "60": 20,
            "61": 20,
            "62": 32,
            "63": 16,
            "64": 20,
            "65": 25,
            "66": 25,
            "67": 21,
            "68": 24,
            "69": 28,
            "70": 26,
            "71": 19,
            "72": 13,
            "73": 21,
            "74": 13,
            "75": 27,
            "76": 24,
            "77": 28,
            "78": 28,
            "79": 25
          }
        }
      }
    },
    {
      "session": 5,
      "num_seen_classes": 85,
      "baseline_full_acc": 84.235,
      "baseline_base_acc": 89.1,
      "baseline_novel_acc": 72.56,
      "selected_alpha": 0.5,
      "final_full_acc": 86.365,
      "final_base_acc": 88.6,
      "final_novel_acc": 81.0,
      "final_gain": 2.129,
      "updated_class_count": 25,
      "gated_query_count": 1921,
      "gated_base_count": 47,
      "gated_novel_count": 1874,
      "alpha_selection": {
        "mode": "pseudo_validation",
        "fallback_used": false,
        "selected_alpha": 0.5,
        "candidates": [
          {
            "alpha": 0.5,
            "pseudo_val_score": -0.107544,
            "pseudo_val_nll": 0.107544,
            "pseudo_val_agreement": 99.246
          },
          {
            "alpha": 0.75,
            "pseudo_val_score": -0.114322,
            "pseudo_val_nll": 0.114322,
            "pseudo_val_agreement": 98.631
          },
          {
            "alpha": 1.0,
            "pseudo_val_score": -0.124819,
            "pseudo_val_nll": 0.124819,
            "pseudo_val_agreement": 98.1
          }
        ],
        "split": {
          "novel_gated_query_count": 1921,
          "validation_count": 3579,
          "novel_validation_count": 579,
          "base_validation_count": 3000,
          "updated_class_count": 25,
          "per_class_counts": {
            "60": 65,
            "61": 67,
            "62": 106,
            "63": 55,
            "64": 66,
            "65": 83,
            "66": 82,
            "67": 72,
            "68": 81,
            "69": 95,
            "70": 87,
            "71": 62,
            "72": 42,
            "73": 72,
            "74": 48,
            "75": 92,
            "76": 79,
            "77": 93,
            "78": 95,
            "79": 82,
            "80": 66,
            "81": 72,
            "82": 99,
            "83": 90,
            "84": 70
          },
          "per_class_update_counts": {
            "60": 45,
            "61": 47,
            "62": 74,
            "63": 39,
            "64": 46,
            "65": 58,
            "66": 57,
            "67": 50,
            "68": 57,
            "69": 67,
            "70": 61,
            "71": 43,
            "72": 29,
            "73": 50,
            "74": 34,
            "75": 64,
            "76": 55,
            "77": 65,
            "78": 67,
            "79": 57,
            "80": 46,
            "81": 50,
            "82": 69,
            "83": 63,
            "84": 49
          },
          "per_class_validation_counts": {
            "60": 20,
            "61": 20,
            "62": 32,
            "63": 16,
            "64": 20,
            "65": 25,
            "66": 25,
            "67": 22,
            "68": 24,
            "69": 28,
            "70": 26,
            "71": 19,
            "72": 13,
            "73": 22,
            "74": 14,
            "75": 28,
            "76": 24,
            "77": 28,
            "78": 28,
            "79": 25,
            "80": 20,
            "81": 22,
            "82": 30,
            "83": 27,
            "84": 21
          }
        }
      }
    },
    {
      "session": 6,
      "num_seen_classes": 90,
      "baseline_full_acc": 84.378,
      "baseline_base_acc": 88.883,
      "baseline_novel_acc": 75.367,
      "selected_alpha": 0.5,
      "final_full_acc": 86.478,
      "final_base_acc": 88.333,
      "final_novel_acc": 82.767,
      "final_gain": 2.1,
      "updated_class_count": 30,
      "gated_query_count": 2394,
      "gated_base_count": 66,
      "gated_novel_count": 2328,
      "alpha_selection": {
        "mode": "pseudo_validation",
        "fallback_used": false,
        "selected_alpha": 0.5,
        "candidates": [
          {
            "alpha": 0.5,
            "pseudo_val_score": -0.127782,
            "pseudo_val_nll": 0.127782,
            "pseudo_val_agreement": 99.085
          },
          {
            "alpha": 0.75,
            "pseudo_val_score": -0.135092,
            "pseudo_val_nll": 0.135092,
            "pseudo_val_agreement": 98.332
          },
          {
            "alpha": 1.0,
            "pseudo_val_score": -0.14703,
            "pseudo_val_nll": 0.14703,
            "pseudo_val_agreement": 97.552
          }
        ],
        "split": {
          "novel_gated_query_count": 2394,
          "validation_count": 3717,
          "novel_validation_count": 717,
          "base_validation_count": 3000,
          "updated_class_count": 30,
          "per_class_counts": {
            "60": 65,
            "61": 67,
            "62": 106,
            "63": 55,
            "64": 66,
            "65": 83,
            "66": 81,
            "67": 73,
            "68": 81,
            "69": 95,
            "70": 87,
            "71": 63,
            "72": 44,
            "73": 71,
            "74": 51,
            "75": 92,
            "76": 79,
            "77": 93,
            "78": 95,
            "79": 82,
            "80": 66,
            "81": 73,
            "82": 99,
            "83": 90,
            "84": 71,
            "85": 95,
            "86": 88,
            "87": 90,
            "88": 93,
            "89": 100
          },
          "per_class_update_counts": {
            "60": 45,
            "61": 47,
            "62": 74,
            "63": 39,
            "64": 46,
            "65": 58,
            "66": 57,
            "67": 51,
            "68": 57,
            "69": 67,
            "70": 61,
            "71": 44,
            "72": 31,
            "73": 50,
            "74": 36,
            "75": 64,
            "76": 55,
            "77": 65,
            "78": 67,
            "79": 57,
            "80": 46,
            "81": 51,
            "82": 69,
            "83": 63,
            "84": 50,
            "85": 67,
            "86": 62,
            "87": 63,
            "88": 65,
            "89": 70
          },
          "per_class_validation_counts": {
            "60": 20,
            "61": 20,
            "62": 32,
            "63": 16,
            "64": 20,
            "65": 25,
            "66": 24,
            "67": 22,
            "68": 24,
            "69": 28,
            "70": 26,
            "71": 19,
            "72": 13,
            "73": 21,
            "74": 15,
            "75": 28,
            "76": 24,
            "77": 28,
            "78": 28,
            "79": 25,
            "80": 20,
            "81": 22,
            "82": 30,
            "83": 27,
            "84": 21,
            "85": 28,
            "86": 26,
            "87": 27,
            "88": 28,
            "89": 30
          }
        }
      }
    },
    {
      "session": 7,
      "num_seen_classes": 95,
      "baseline_full_acc": 84.147,
      "baseline_base_acc": 88.767,
      "baseline_novel_acc": 76.229,
      "selected_alpha": 0.5,
      "final_full_acc": 86.274,
      "final_base_acc": 88.217,
      "final_novel_acc": 82.943,
      "final_gain": 2.126,
      "updated_class_count": 35,
      "gated_query_count": 2854,
      "gated_base_count": 75,
      "gated_novel_count": 2779,
      "alpha_selection": {
        "mode": "pseudo_validation",
        "fallback_used": false,
        "selected_alpha": 0.5,
        "candidates": [
          {
            "alpha": 0.5,
            "pseudo_val_score": -0.149976,
            "pseudo_val_nll": 0.149976,
            "pseudo_val_agreement": 98.781
          },
          {
            "alpha": 0.75,
            "pseudo_val_score": -0.159278,
            "pseudo_val_nll": 0.159278,
            "pseudo_val_agreement": 97.874
          },
          {
            "alpha": 1.0,
            "pseudo_val_score": -0.173925,
            "pseudo_val_nll": 0.173925,
            "pseudo_val_agreement": 97.018
          }
        ],
        "split": {
          "novel_gated_query_count": 2854,
          "validation_count": 3857,
          "novel_validation_count": 857,
          "base_validation_count": 3000,
          "updated_class_count": 35,
          "per_class_counts": {
            "60": 66,
            "61": 66,
            "62": 108,
            "63": 56,
            "64": 66,
            "65": 83,
            "66": 82,
            "67": 71,
            "68": 81,
            "69": 94,
            "70": 87,
            "71": 63,
            "72": 47,
            "73": 73,
            "74": 57,
            "75": 92,
            "76": 79,
            "77": 94,
            "78": 96,
            "79": 82,
            "80": 66,
            "81": 82,
            "82": 99,
            "83": 90,
            "84": 69,
            "85": 95,
            "86": 88,
            "87": 88,
            "88": 93,
            "89": 100,
            "90": 81,
            "91": 88,
            "92": 84,
            "93": 89,
            "94": 99
          },
          "per_class_update_counts": {
            "60": 46,
            "61": 46,
            "62": 76,
            "63": 39,
            "64": 46,
            "65": 58,
            "66": 57,
            "67": 50,
            "68": 57,
            "69": 66,
            "70": 61,
            "71": 44,
            "72": 33,
            "73": 51,
            "74": 40,
            "75": 64,
            "76": 55,
            "77": 66,
            "78": 67,
            "79": 57,
            "80": 46,
            "81": 57,
            "82": 69,
            "83": 63,
            "84": 48,
            "85": 67,
            "86": 62,
            "87": 62,
            "88": 65,
            "89": 70,
            "90": 57,
            "91": 62,
            "92": 59,
            "93": 62,
            "94": 69
          },
          "per_class_validation_counts": {
            "60": 20,
            "61": 20,
            "62": 32,
            "63": 17,
            "64": 20,
            "65": 25,
            "66": 25,
            "67": 21,
            "68": 24,
            "69": 28,
            "70": 26,
            "71": 19,
            "72": 14,
            "73": 22,
            "74": 17,
            "75": 28,
            "76": 24,
            "77": 28,
            "78": 29,
            "79": 25,
            "80": 20,
            "81": 25,
            "82": 30,
            "83": 27,
            "84": 21,
            "85": 28,
            "86": 26,
            "87": 26,
            "88": 28,
            "89": 30,
            "90": 24,
            "91": 26,
            "92": 25,
            "93": 27,
            "94": 30
          }
        }
      }
    },
    {
      "session": 8,
      "num_seen_classes": 100,
      "baseline_full_acc": 82.96,
      "baseline_base_acc": 88.467,
      "baseline_novel_acc": 74.7,
      "selected_alpha": 0.5,
      "final_full_acc": 85.31,
      "final_base_acc": 87.933,
      "final_novel_acc": 81.375,
      "final_gain": 2.35,
      "updated_class_count": 40,
      "gated_query_count": 3199,
      "gated_base_count": 83,
      "gated_novel_count": 3116,
      "alpha_selection": {
        "mode": "pseudo_validation",
        "fallback_used": false,
        "selected_alpha": 0.5,
        "candidates": [
          {
            "alpha": 0.5,
            "pseudo_val_score": -0.165608,
            "pseudo_val_nll": 0.165608,
            "pseudo_val_agreement": 98.612
          },
          {
            "alpha": 0.75,
            "pseudo_val_score": -0.175474,
            "pseudo_val_nll": 0.175474,
            "pseudo_val_agreement": 97.426
          },
          {
            "alpha": 1.0,
            "pseudo_val_score": -0.191284,
            "pseudo_val_nll": 0.191284,
            "pseudo_val_agreement": 96.466
          }
        ],
        "split": {
          "novel_gated_query_count": 3199,
          "validation_count": 3962,
          "novel_validation_count": 962,
          "base_validation_count": 3000,
          "updated_class_count": 40,
          "per_class_counts": {
            "60": 67,
            "61": 65,
            "62": 107,
            "63": 56,
            "64": 66,
            "65": 83,
            "66": 83,
            "67": 70,
            "68": 82,
            "69": 93,
            "70": 86,
            "71": 57,
            "72": 45,
            "73": 72,
            "74": 54,
            "75": 91,
            "76": 80,
            "77": 94,
            "78": 93,
            "79": 81,
            "80": 66,
            "81": 82,
            "82": 99,
            "83": 90,
            "84": 69,
            "85": 96,
            "86": 90,
            "87": 89,
            "88": 92,
            "89": 100,
            "90": 81,
            "91": 87,
            "92": 84,
            "93": 89,
            "94": 98,
            "95": 60,
            "96": 61,
            "97": 95,
            "98": 52,
            "99": 94
          },
          "per_class_update_counts": {
            "60": 47,
            "61": 45,
            "62": 75,
            "63": 39,
            "64": 46,
            "65": 58,
            "66": 58,
            "67": 49,
            "68": 57,
            "69": 65,
            "70": 60,
            "71": 40,
            "72": 31,
            "73": 50,
            "74": 38,
            "75": 64,
            "76": 56,
            "77": 66,
            "78": 65,
            "79": 57,
            "80": 46,
            "81": 57,
            "82": 69,
            "83": 63,
            "84": 48,
            "85": 67,
            "86": 63,
            "87": 62,
            "88": 64,
            "89": 70,
            "90": 57,
            "91": 61,
            "92": 59,
            "93": 62,
            "94": 69,
            "95": 42,
            "96": 43,
            "97": 67,
            "98": 36,
            "99": 66
          },
          "per_class_validation_counts": {
            "60": 20,
            "61": 20,
            "62": 32,
            "63": 17,
            "64": 20,
            "65": 25,
            "66": 25,
            "67": 21,
            "68": 25,
            "69": 28,
            "70": 26,
            "71": 17,
            "72": 14,
            "73": 22,
            "74": 16,
            "75": 27,
            "76": 24,
            "77": 28,
            "78": 28,
            "79": 24,
            "80": 20,
            "81": 25,
            "82": 30,
            "83": 27,
            "84": 21,
            "85": 29,
            "86": 27,
            "87": 27,
            "88": 28,
            "89": 30,
            "90": 24,
            "91": 26,
            "92": 25,
            "93": 27,
            "94": 29,
            "95": 18,
            "96": 18,
            "97": 28,
            "98": 16,
            "99": 28
          }
        }
      }
    }
  ]
}
