/media/ndag/newVolume/BiMC-test/models/clip/clip.py:23: UserWarning: PyTorch version 1.7.1 or higher is recommended
  warnings.warn("PyTorch version 1.7.1 or higher is recommended")
manual seed: 1
use gpu: ['0']
Loading CLIP (backbone: ViT-B/16)
Prompt template:['a photo of a {}.']
Loading DinoV2 ViT-B/14 from local hub: /home/ndag/.cache/torch/hub/facebookresearch_dinov2_main
/home/ndag/.cache/torch/hub/facebookresearch_dinov2_main/dinov2/layers/swiglu_ffn.py:51: UserWarning: xFormers is not available (SwiGLU)
  warnings.warn("xFormers is not available (SwiGLU)")
/home/ndag/.cache/torch/hub/facebookresearch_dinov2_main/dinov2/layers/attention.py:36: UserWarning: xFormers is not available (Attention)
  warnings.warn("xFormers is not available (Attention)")
/home/ndag/.cache/torch/hub/facebookresearch_dinov2_main/dinov2/layers/block.py:40: UserWarning: xFormers is not available (Block)
  warnings.warn("xFormers is not available (Block)")
Loading DinoV2 weights: /home/ndag/.cache/torch/hub/checkpoints/dinov2_vitb14_pretrain.pth
class names: ['Black footed Albatross' 'Laysan Albatross' 'Sooty Albatross'
 'Groove billed Ani' 'Crested Auklet' 'Least Auklet' 'Parakeet Auklet'
 'Rhinoceros Auklet' 'Brewer Blackbird' 'Red winged Blackbird'
 'Rusty Blackbird' 'Yellow headed Blackbird' 'Bobolink' 'Indigo Bunting'
 'Lazuli Bunting' 'Painted Bunting' 'Cardinal' 'Spotted Catbird'
 'Gray Catbird' 'Yellow breasted Chat' 'Eastern Towhee' 'Chuck will Widow'
 'Brandt Cormorant' 'Red faced Cormorant' 'Pelagic Cormorant'
 'Bronzed Cowbird' 'Shiny Cowbird' 'Brown Creeper' 'American Crow'
 'Fish Crow' 'Black billed Cuckoo' 'Mangrove Cuckoo'
 'Yellow billed Cuckoo' 'Gray crowned Rosy Finch' 'Purple Finch'
 'Northern Flicker' 'Acadian Flycatcher' 'Great Crested Flycatcher'
 'Least Flycatcher' 'Olive sided Flycatcher' 'Scissor tailed Flycatcher'
 'Vermilion Flycatcher' 'Yellow bellied Flycatcher' 'Frigatebird'
 'Northern Fulmar' 'Gadwall' 'American Goldfinch' 'European Goldfinch'
 'Boat tailed Grackle' 'Eared Grebe' 'Horned Grebe' 'Pied billed Grebe'
 'Western Grebe' 'Blue Grosbeak' 'Evening Grosbeak' 'Pine Grosbeak'
 'Rose breasted Grosbeak' 'Pigeon Guillemot' 'California Gull'
 'Glaucous winged Gull' 'Heermann Gull' 'Herring Gull' 'Ivory Gull'
 'Ring billed Gull' 'Slaty backed Gull' 'Western Gull' 'Anna Hummingbird'
 'Ruby throated Hummingbird' 'Rufous Hummingbird' 'Green Violetear'
 'Long tailed Jaeger' 'Pomarine Jaeger' 'Blue Jay' 'Florida Jay'
 'Green Jay' 'Dark eyed Junco' 'Tropical Kingbird' 'Gray Kingbird'
 'Belted Kingfisher' 'Green Kingfisher' 'Pied Kingfisher'
 'Ringed Kingfisher' 'White breasted Kingfisher' 'Red legged Kittiwake'
 'Horned Lark' 'Pacific Loon' 'Mallard' 'Western Meadowlark'
 'Hooded Merganser' 'Red breasted Merganser' 'Mockingbird' 'Nighthawk'
 'Clark Nutcracker' 'White breasted Nuthatch' 'Baltimore Oriole'
 'Hooded Oriole' 'Orchard Oriole' 'Scott Oriole' 'Ovenbird'
 'Brown Pelican']
all targets:tensor([ 0,  1,  2,  3,  4,  5,  6,  7,  8,  9, 10, 11, 12, 13, 14, 15, 16, 17,
        18, 19, 20, 21, 22, 23, 24, 25, 26, 27, 28, 29, 30, 31, 32, 33, 34, 35,
        36, 37, 38, 39, 40, 41, 42, 43, 44, 45, 46, 47, 48, 49, 50, 51, 52, 53,
        54, 55, 56, 57, 58, 59, 60, 61, 62, 63, 64, 65, 66, 67, 68, 69, 70, 71,
        72, 73, 74, 75, 76, 77, 78, 79, 80, 81, 82, 83, 84, 85, 86, 87, 88, 89,
        90, 91, 92, 93, 94, 95, 96, 97, 98, 99], device='cuda:0')
dino all targets:tensor([ 0,  1,  2,  3,  4,  5,  6,  7,  8,  9, 10, 11, 12, 13, 14, 15, 16, 17,
        18, 19, 20, 21, 22, 23, 24, 25, 26, 27, 28, 29, 30, 31, 32, 33, 34, 35,
        36, 37, 38, 39, 40, 41, 42, 43, 44, 45, 46, 47, 48, 49, 50, 51, 52, 53,
        54, 55, 56, 57, 58, 59, 60, 61, 62, 63, 64, 65, 66, 67, 68, 69, 70, 71,
        72, 73, 74, 75, 76, 77, 78, 79, 80, 81, 82, 83, 84, 85, 86, 87, 88, 89,
        90, 91, 92, 93, 94, 95, 96, 97, 98, 99], device='cuda:0')
finish loading CLIP/DinoV2 covariance
class names: ['White Pelican' 'Western Wood Pewee' 'Sayornis' 'American Pipit'
 'Whip poor Will' 'Horned Puffin' 'Common Raven' 'White necked Raven'
 'American Redstart' 'Geococcyx']
all targets:tensor([100, 101, 102, 103, 104, 105, 106, 107, 108, 109], device='cuda:0')
dino all targets:tensor([100, 101, 102, 103, 104, 105, 106, 107, 108, 109], device='cuda:0')
finish loading CLIP/DinoV2 covariance
class names: ['Loggerhead Shrike' 'Great Grey Shrike' 'Baird Sparrow'
 'Black throated Sparrow' 'Brewer Sparrow' 'Chipping Sparrow'
 'Clay colored Sparrow' 'House Sparrow' 'Field Sparrow' 'Fox Sparrow']
all targets:tensor([110, 111, 112, 113, 114, 115, 116, 117, 118, 119], device='cuda:0')
dino all targets:tensor([110, 111, 112, 113, 114, 115, 116, 117, 118, 119], device='cuda:0')
finish loading CLIP/DinoV2 covariance
class names: ['Grasshopper Sparrow' 'Harris Sparrow' 'Henslow Sparrow'
 'Le Conte Sparrow' 'Lincoln Sparrow' 'Nelson Sharp tailed Sparrow'
 'Savannah Sparrow' 'Seaside Sparrow' 'Song Sparrow' 'Tree Sparrow']
all targets:tensor([120, 121, 122, 123, 124, 125, 126, 127, 128, 129], device='cuda:0')
dino all targets:tensor([120, 121, 122, 123, 124, 125, 126, 127, 128, 129], device='cuda:0')
finish loading CLIP/DinoV2 covariance
class names: ['Vesper Sparrow' 'White crowned Sparrow' 'White throated Sparrow'
 'Cape Glossy Starling' 'Bank Swallow' 'Barn Swallow' 'Cliff Swallow'
 'Tree Swallow' 'Scarlet Tanager' 'Summer Tanager']
all targets:tensor([130, 131, 132, 133, 134, 135, 136, 137, 138, 139], device='cuda:0')
dino all targets:tensor([130, 131, 132, 133, 134, 135, 136, 137, 138, 139], device='cuda:0')
finish loading CLIP/DinoV2 covariance
class names: ['Artic Tern' 'Black Tern' 'Caspian Tern' 'Common Tern' 'Elegant Tern'
 'Forsters Tern' 'Least Tern' 'Green tailed Towhee' 'Brown Thrasher'
 'Sage Thrasher']
all targets:tensor([140, 141, 142, 143, 144, 145, 146, 147, 148, 149], device='cuda:0')
dino all targets:tensor([140, 141, 142, 143, 144, 145, 146, 147, 148, 149], device='cuda:0')
finish loading CLIP/DinoV2 covariance
class names: ['Black capped Vireo' 'Blue headed Vireo' 'Philadelphia Vireo'
 'Red eyed Vireo' 'Warbling Vireo' 'White eyed Vireo'
 'Yellow throated Vireo' 'Bay breasted Warbler' 'Black and white Warbler'
 'Black throated Blue Warbler']
all targets:tensor([150, 151, 152, 153, 154, 155, 156, 157, 158, 159], device='cuda:0')
dino all targets:tensor([150, 151, 152, 153, 154, 155, 156, 157, 158, 159], device='cuda:0')
finish loading CLIP/DinoV2 covariance
class names: ['Blue winged Warbler' 'Canada Warbler' 'Cape May Warbler'
 'Cerulean Warbler' 'Chestnut sided Warbler' 'Golden winged Warbler'
 'Hooded Warbler' 'Kentucky Warbler' 'Magnolia Warbler' 'Mourning Warbler']
all targets:tensor([160, 161, 162, 163, 164, 165, 166, 167, 168, 169], device='cuda:0')
dino all targets:tensor([160, 161, 162, 163, 164, 165, 166, 167, 168, 169], device='cuda:0')
finish loading CLIP/DinoV2 covariance
class names: ['Myrtle Warbler' 'Nashville Warbler' 'Orange crowned Warbler'
 'Palm Warbler' 'Pine Warbler' 'Prairie Warbler' 'Prothonotary Warbler'
 'Swainson Warbler' 'Tennessee Warbler' 'Wilson Warbler']
all targets:tensor([170, 171, 172, 173, 174, 175, 176, 177, 178, 179], device='cuda:0')
dino all targets:tensor([170, 171, 172, 173, 174, 175, 176, 177, 178, 179], device='cuda:0')
finish loading CLIP/DinoV2 covariance
class names: ['Worm eating Warbler' 'Yellow Warbler' 'Northern Waterthrush'
 'Louisiana Waterthrush' 'Bohemian Waxwing' 'Cedar Waxwing'
 'American Three toed Woodpecker' 'Pileated Woodpecker'
 'Red bellied Woodpecker' 'Red cockaded Woodpecker']
all targets:tensor([180, 181, 182, 183, 184, 185, 186, 187, 188, 189], device='cuda:0')
dino all targets:tensor([180, 181, 182, 183, 184, 185, 186, 187, 188, 189], device='cuda:0')
finish loading CLIP/DinoV2 covariance
class names: ['Red headed Woodpecker' 'Downy Woodpecker' 'Bewick Wren' 'Cactus Wren'
 'Carolina Wren' 'House Wren' 'Marsh Wren' 'Rock Wren' 'Winter Wren'
 'Common Yellowthroat']
all targets:tensor([190, 191, 192, 193, 194, 195, 196, 197, 198, 199], device='cuda:0')
dino all targets:tensor([190, 191, 192, 193, 194, 195, 196, 197, 198, 199], device='cuda:0')
finish loading CLIP/DinoV2 covariance
session 0: baseline=88.163 final=88.163 gain=0.000
session 1: baseline=86.796 final=87.241 gain=0.445
session 2: baseline=86.268 final=86.735 gain=0.466
session 3: baseline=85.166 final=85.595 gain=0.429
session 4: baseline=85.204 final=85.775 gain=0.571
session 5: baseline=83.749 final=84.258 gain=0.509
session 6: baseline=84.179 final=84.634 gain=0.455
session 7: baseline=84.687 final=85.156 gain=0.468
session 8: baseline=84.383 final=84.960 gain=0.576
session 9: baseline=84.929 final=85.439 gain=0.510
session 10: baseline=85.295 final=85.796 gain=0.501
{
  "dataset": "cub200",
  "seed": 1,
  "train_cfg": "experiments/bmvc_1256_20260508-124032/generated_configs/bimc_dino_fusion.yaml",
  "method": "sessionwise conservative query prototype refinement on bimc_dino_fusion with pseudo-validation alpha selection",
  "runtime_sec": 239.568,
  "alpha_grid": [
    0.5,
    0.75,
    1.0
  ],
  "alpha_selection": "pseudo_validation_no_test_labels",
  "mass_thr": 0.3,
  "min_count": 5,
  "val_fraction": 0.3,
  "base_val_conf_thr": 0.5,
  "base_val_max_per_class": 50,
  "fallback_alpha": 0.75,
  "topk_per_class": null,
  "baseline_acc_list": [
    88.163,
    86.796,
    86.268,
    85.166,
    85.204,
    83.749,
    84.179,
    84.687,
    84.383,
    84.929,
    85.295
  ],
  "final_acc_list": [
    88.163,
    87.241,
    86.735,
    85.595,
    85.775,
    84.258,
    84.634,
    85.156,
    84.96,
    85.439,
    85.796
  ],
  "gain_list": [
    0.0,
    0.445,
    0.466,
    0.429,
    0.571,
    0.509,
    0.455,
    0.468,
    0.576,
    0.51,
    0.501
  ],
  "baseline_avg": 85.347,
  "baseline_pd": 2.868,
  "final_avg": 85.796,
  "final_pd": 2.367,
  "gain_avg": 0.448,
  "session_results": [
    {
      "session": 0,
      "num_seen_classes": 100,
      "baseline_full_acc": 88.163,
      "baseline_base_acc": 88.163,
      "baseline_novel_acc": 0.0,
      "best_alpha": null,
      "final_full_acc": 88.163,
      "final_base_acc": 88.163,
      "final_novel_acc": 0.0,
      "final_gain": 0.0,
      "updated_class_count": 0,
      "gated_query_count": 0,
      "alpha_selection": {
        "mode": "not_applicable_base_session",
        "selected_alpha": null
      }
    },
    {
      "session": 1,
      "num_seen_classes": 110,
      "baseline_full_acc": 86.796,
      "baseline_base_acc": 88.059,
      "baseline_novel_acc": 73.835,
      "selected_alpha": 0.5,
      "final_full_acc": 87.241,
      "final_base_acc": 87.989,
      "final_novel_acc": 79.57,
      "final_gain": 0.445,
      "updated_class_count": 9,
      "gated_query_count": 221,
      "gated_base_count": 8,
      "gated_novel_count": 213,
      "alpha_selection": {
        "mode": "pseudo_validation",
        "fallback_used": false,
        "selected_alpha": 0.5,
        "candidates": [
          {
            "alpha": 0.5,
            "pseudo_val_score": -0.090902,
            "pseudo_val_nll": 0.090902,
            "pseudo_val_agreement": 99.549
          },
          {
            "alpha": 0.75,
            "pseudo_val_score": -0.092508,
            "pseudo_val_nll": 0.092508,
            "pseudo_val_agreement": 99.445
          },
          {
            "alpha": 1.0,
            "pseudo_val_score": -0.093059,
            "pseudo_val_nll": 0.093059,
            "pseudo_val_agreement": 99.376
          }
        ],
        "split": {
          "novel_gated_query_count": 221,
          "validation_count": 2885,
          "novel_validation_count": 65,
          "base_validation_count": 2820,
          "updated_class_count": 9,
          "per_class_counts": {
            "100": 20,
            "101": 13,
            "102": 23,
            "103": 30,
            "104": 3,
            "105": 30,
            "106": 19,
            "107": 24,
            "108": 28,
            "109": 31
          },
          "per_class_update_counts": {
            "100": 14,
            "101": 9,
            "102": 16,
            "103": 21,
            "104": 0,
            "105": 21,
            "106": 13,
            "107": 17,
            "108": 20,
            "109": 22
          },
          "per_class_validation_counts": {
            "100": 6,
            "101": 4,
            "102": 7,
            "103": 9,
            "104": 0,
            "105": 9,
            "106": 6,
            "107": 7,
            "108": 8,
            "109": 9
          }
        }
      }
    },
    {
      "session": 2,
      "num_seen_classes": 120,
      "baseline_full_acc": 86.268,
      "baseline_base_acc": 88.094,
      "baseline_novel_acc": 77.032,
      "selected_alpha": 0.5,
      "final_full_acc": 86.735,
      "final_base_acc": 87.989,
      "final_novel_acc": 80.389,
      "final_gain": 0.466,
      "updated_class_count": 19,
      "gated_query_count": 507,
      "gated_base_count": 8,
      "gated_novel_count": 499,
      "alpha_selection": {
        "mode": "pseudo_validation",
        "fallback_used": false,
        "selected_alpha": 0.5,
        "candidates": [
          {
            "alpha": 0.5,
            "pseudo_val_score": -0.103254,
            "pseudo_val_nll": 0.103254,
            "pseudo_val_agreement": 99.124
          },
          {
            "alpha": 0.75,
            "pseudo_val_score": -0.106444,
            "pseudo_val_nll": 0.106444,
            "pseudo_val_agreement": 98.955
          },
          {
            "alpha": 1.0,
            "pseudo_val_score": -0.109201,
            "pseudo_val_nll": 0.109201,
            "pseudo_val_agreement": 98.921
          }
        ],
        "split": {
          "novel_gated_query_count": 507,
          "validation_count": 2967,
          "novel_validation_count": 150,
          "base_validation_count": 2817,
          "updated_class_count": 19,
          "per_class_counts": {
            "100": 20,
            "101": 12,
            "102": 23,
            "103": 30,
            "104": 3,
            "105": 30,
            "106": 19,
            "107": 24,
            "108": 28,
            "109": 30,
            "110": 24,
            "111": 35,
            "112": 23,
            "113": 30,
            "114": 14,
            "115": 28,
            "116": 50,
            "117": 30,
            "118": 24,
            "119": 30
          },
          "per_class_update_counts": {
            "100": 14,
            "101": 8,
            "102": 16,
            "103": 21,
            "104": 0,
            "105": 21,
            "106": 13,
            "107": 17,
            "108": 20,
            "109": 21,
            "110": 17,
            "111": 25,
            "112": 16,
            "113": 21,
            "114": 10,
            "115": 20,
            "116": 35,
            "117": 21,
            "118": 17,
            "119": 21
          },
          "per_class_validation_counts": {
            "100": 6,
            "101": 4,
            "102": 7,
            "103": 9,
            "104": 0,
            "105": 9,
            "106": 6,
            "107": 7,
            "108": 8,
            "109": 9,
            "110": 7,
            "111": 10,
            "112": 7,
            "113": 9,
            "114": 4,
            "115": 8,
            "116": 15,
            "117": 9,
            "118": 7,
            "119": 9
          }
        }
      }
    },
    {
      "session": 3,
      "num_seen_classes": 130,
      "baseline_full_acc": 85.166,
      "baseline_base_acc": 88.198,
      "baseline_novel_acc": 75.116,
      "selected_alpha": 0.5,
      "final_full_acc": 85.595,
      "final_base_acc": 88.059,
      "final_novel_acc": 77.431,
      "final_gain": 0.429,
      "updated_class_count": 29,
      "gated_query_count": 803,
      "gated_base_count": 7,
      "gated_novel_count": 796,
      "alpha_selection": {
        "mode": "pseudo_validation",
        "fallback_used": false,
        "selected_alpha": 0.5,
        "candidates": [
          {
            "alpha": 0.5,
            "pseudo_val_score": -0.126856,
            "pseudo_val_nll": 0.126856,
            "pseudo_val_agreement": 98.367
          },
          {
            "alpha": 0.75,
            "pseudo_val_score": -0.133993,
            "pseudo_val_nll": 0.133993,
            "pseudo_val_agreement": 98.04
          },
          {
            "alpha": 1.0,
            "pseudo_val_score": -0.141637,
            "pseudo_val_nll": 0.141637,
            "pseudo_val_agreement": 97.811
          }
        ],
        "split": {
          "novel_gated_query_count": 803,
          "validation_count": 3061,
          "novel_validation_count": 242,
          "base_validation_count": 2819,
          "updated_class_count": 29,
          "per_class_counts": {
            "100": 20,
            "101": 12,
            "102": 23,
            "103": 29,
            "104": 3,
            "105": 30,
            "106": 19,
            "107": 24,
            "108": 28,
            "109": 30,
            "110": 24,
            "111": 35,
            "112": 23,
            "113": 30,
            "114": 14,
            "115": 32,
            "116": 51,
            "117": 45,
            "118": 23,
            "119": 28,
            "120": 26,
            "121": 29,
            "122": 43,
            "123": 17,
            "124": 40,
            "125": 25,
            "126": 31,
            "127": 25,
            "128": 32,
            "129": 12
          },
          "per_class_update_counts": {
            "100": 14,
            "101": 8,
            "102": 16,
            "103": 20,
            "104": 0,
            "105": 21,
            "106": 13,
            "107": 17,
            "108": 20,
            "109": 21,
            "110": 17,
            "111": 25,
            "112": 16,
            "113": 21,
            "114": 10,
            "115": 22,
            "116": 36,
            "117": 31,
            "118": 16,
            "119": 20,
            "120": 18,
            "121": 20,
            "122": 30,
            "123": 12,
            "124": 28,
            "125": 17,
            "126": 22,
            "127": 17,
            "128": 22,
            "129": 8
          },
          "per_class_validation_counts": {
            "100": 6,
            "101": 4,
            "102": 7,
            "103": 9,
            "104": 0,
            "105": 9,
            "106": 6,
            "107": 7,
            "108": 8,
            "109": 9,
            "110": 7,
            "111": 10,
            "112": 7,
            "113": 9,
            "114": 4,
            "115": 10,
            "116": 15,
            "117": 14,
            "118": 7,
            "119": 8,
            "120": 8,
            "121": 9,
            "122": 13,
            "123": 5,
            "124": 12,
            "125": 8,
            "126": 9,
            "127": 8,
            "128": 10,
            "129": 4
          }
        }
      }
    },
    {
      "session": 4,
      "num_seen_classes": 140,
      "baseline_full_acc": 85.204,
      "baseline_base_acc": 88.128,
      "baseline_novel_acc": 78.007,
      "selected_alpha": 0.5,
      "final_full_acc": 85.775,
      "final_base_acc": 87.954,
      "final_novel_acc": 80.412,
      "final_gain": 0.571,
      "updated_class_count": 39,
      "gated_query_count": 1101,
      "gated_base_count": 8,
      "gated_novel_count": 1093,
      "alpha_selection": {
        "mode": "pseudo_validation",
        "fallback_used": false,
        "selected_alpha": 0.5,
        "candidates": [
          {
            "alpha": 0.5,
            "pseudo_val_score": -0.142834,
            "pseudo_val_nll": 0.142834,
            "pseudo_val_agreement": 97.845
          },
          {
            "alpha": 0.75,
            "pseudo_val_score": -0.152129,
            "pseudo_val_nll": 0.152129,
            "pseudo_val_agreement": 97.464
          },
          {
            "alpha": 1.0,
            "pseudo_val_score": -0.161519,
            "pseudo_val_nll": 0.161519,
            "pseudo_val_agreement": 97.179
          }
        ],
        "split": {
          "novel_gated_query_count": 1101,
          "validation_count": 3155,
          "novel_validation_count": 329,
          "base_validation_count": 2826,
          "updated_class_count": 39,
          "per_class_counts": {
            "100": 20,
            "101": 14,
            "102": 23,
            "103": 29,
            "104": 3,
            "105": 30,
            "106": 19,
            "107": 24,
            "108": 29,
            "109": 30,
            "110": 24,
            "111": 35,
            "112": 21,
            "113": 30,
            "114": 14,
            "115": 32,
            "116": 51,
            "117": 46,
            "118": 24,
            "119": 28,
            "120": 26,
            "121": 29,
            "122": 43,
            "123": 18,
            "124": 40,
            "125": 25,
            "126": 27,
            "127": 25,
            "128": 33,
            "129": 12,
            "130": 34,
            "131": 28,
            "132": 30,
            "133": 29,
            "134": 33,
            "135": 44,
            "136": 11,
            "137": 28,
            "138": 30,
            "139": 30
          },
          "per_class_update_counts": {
            "100": 14,
            "101": 10,
            "102": 16,
            "103": 20,
            "104": 0,
            "105": 21,
            "106": 13,
            "107": 17,
            "108": 20,
            "109": 21,
            "110": 17,
            "111": 25,
            "112": 15,
            "113": 21,
            "114": 10,
            "115": 22,
            "116": 36,
            "117": 32,
            "118": 17,
            "119": 20,
            "120": 18,
            "121": 20,
            "122": 30,
            "123": 13,
            "124": 28,
            "125": 17,
            "126": 19,
            "127": 17,
            "128": 23,
            "129": 8,
            "130": 24,
            "131": 20,
            "132": 21,
            "133": 20,
            "134": 23,
            "135": 31,
            "136": 8,
            "137": 20,
            "138": 21,
            "139": 21
          },
          "per_class_validation_counts": {
            "100": 6,
            "101": 4,
            "102": 7,
            "103": 9,
            "104": 0,
            "105": 9,
            "106": 6,
            "107": 7,
            "108": 9,
            "109": 9,
            "110": 7,
            "111": 10,
            "112": 6,
            "113": 9,
            "114": 4,
            "115": 10,
            "116": 15,
            "117": 14,
            "118": 7,
            "119": 8,
            "120": 8,
            "121": 9,
            "122": 13,
            "123": 5,
            "124": 12,
            "125": 8,
            "126": 8,
            "127": 8,
            "128": 10,
            "129": 4,
            "130": 10,
            "131": 8,
            "132": 9,
            "133": 9,
            "134": 10,
            "135": 13,
            "136": 3,
            "137": 8,
            "138": 9,
            "139": 9
          }
        }
      }
    },
    {
      "session": 5,
      "num_seen_classes": 150,
      "baseline_full_acc": 83.749,
      "baseline_base_acc": 88.128,
      "baseline_novel_acc": 75.171,
      "selected_alpha": 0.5,
      "final_full_acc": 84.258,
      "final_base_acc": 87.989,
      "final_novel_acc": 76.949,
      "final_gain": 0.509,
      "updated_class_count": 49,
      "gated_query_count": 1399,
      "gated_base_count": 10,
      "gated_novel_count": 1389,
      "alpha_selection": {
        "mode": "pseudo_validation",
        "fallback_used": false,
        "selected_alpha": 0.5,
        "candidates": [
          {
            "alpha": 0.5,
            "pseudo_val_score": -0.161755,
            "pseudo_val_nll": 0.161755,
            "pseudo_val_agreement": 97.104
          },
          {
            "alpha": 0.75,
            "pseudo_val_score": -0.173683,
            "pseudo_val_nll": 0.173683,
            "pseudo_val_agreement": 96.765
          },
          {
            "alpha": 1.0,
            "pseudo_val_score": -0.186372,
            "pseudo_val_nll": 0.186372,
            "pseudo_val_agreement": 96.396
          }
        ],
        "split": {
          "novel_gated_query_count": 1399,
          "validation_count": 3246,
          "novel_validation_count": 420,
          "base_validation_count": 2826,
          "updated_class_count": 49,
          "per_class_counts": {
            "100": 20,
            "101": 13,
            "102": 23,
            "103": 30,
            "104": 3,
            "105": 30,
            "106": 19,
            "107": 24,
            "108": 29,
            "109": 30,
            "110": 24,
            "111": 35,
            "112": 21,
            "113": 30,
            "114": 14,
            "115": 32,
            "116": 51,
            "117": 46,
            "118": 24,
            "119": 28,
            "120": 26,
            "121": 29,
            "122": 43,
            "123": 18,
            "124": 40,
            "125": 25,
            "126": 27,
            "127": 25,
            "128": 33,
            "129": 12,
            "130": 34,
            "131": 28,
            "132": 30,
            "133": 29,
            "134": 33,
            "135": 44,
            "136": 11,
            "137": 28,
            "138": 30,
            "139": 30,
            "140": 9,
            "141": 22,
            "142": 27,
            "143": 42,
            "144": 31,
            "145": 33,
            "146": 45,
            "147": 30,
            "148": 30,
            "149": 29
          },
          "per_class_update_counts": {
            "100": 14,
            "101": 9,
            "102": 16,
            "103": 21,
            "104": 0,
            "105": 21,
            "106": 13,
            "107": 17,
            "108": 20,
            "109": 21,
            "110": 17,
            "111": 25,
            "112": 15,
            "113": 21,
            "114": 10,
            "115": 22,
            "116": 36,
            "117": 32,
            "118": 17,
            "119": 20,
            "120": 18,
            "121": 20,
            "122": 30,
            "123": 13,
            "124": 28,
            "125": 17,
            "126": 19,
            "127": 17,
            "128": 23,
            "129": 8,
            "130": 24,
            "131": 20,
            "132": 21,
            "133": 20,
            "134": 23,
            "135": 31,
            "136": 8,
            "137": 20,
            "138": 21,
            "139": 21,
            "140": 6,
            "141": 15,
            "142": 19,
            "143": 29,
            "144": 22,
            "145": 23,
            "146": 31,
            "147": 21,
            "148": 21,
            "149": 20
          },
          "per_class_validation_counts": {
            "100": 6,
            "101": 4,
            "102": 7,
            "103": 9,
            "104": 0,
            "105": 9,
            "106": 6,
            "107": 7,
            "108": 9,
            "109": 9,
            "110": 7,
            "111": 10,
            "112": 6,
            "113": 9,
            "114": 4,
            "115": 10,
            "116": 15,
            "117": 14,
            "118": 7,
            "119": 8,
            "120": 8,
            "121": 9,
            "122": 13,
            "123": 5,
            "124": 12,
            "125": 8,
            "126": 8,
            "127": 8,
            "128": 10,
            "129": 4,
            "130": 10,
            "131": 8,
            "132": 9,
            "133": 9,
            "134": 10,
            "135": 13,
            "136": 3,
            "137": 8,
            "138": 9,
            "139": 9,
            "140": 3,
            "141": 7,
            "142": 8,
            "143": 13,
            "144": 9,
            "145": 10,
            "146": 14,
            "147": 9,
            "148": 9,
            "149": 9
          }
        }
      }
    },
    {
      "session": 6,
      "num_seen_classes": 160,
      "baseline_full_acc": 84.179,
      "baseline_base_acc": 88.059,
      "baseline_novel_acc": 77.829,
      "selected_alpha": 0.5,
      "final_full_acc": 84.634,
      "final_base_acc": 87.849,
      "final_novel_acc": 79.371,
      "final_gain": 0.455,
      "updated_class_count": 59,
      "gated_query_count": 1691,
      "gated_base_count": 15,
      "gated_novel_count": 1676,
      "alpha_selection": {
        "mode": "pseudo_validation",
        "fallback_used": false,
        "selected_alpha": 0.5,
        "candidates": [
          {
            "alpha": 0.5,
            "pseudo_val_score": -0.171955,
            "pseudo_val_nll": 0.171955,
            "pseudo_val_agreement": 96.812
          },
          {
            "alpha": 0.75,
            "pseudo_val_score": -0.18844,
            "pseudo_val_nll": 0.18844,
            "pseudo_val_agreement": 96.361
          },
          {
            "alpha": 1.0,
            "pseudo_val_score": -0.205502,
            "pseudo_val_nll": 0.205502,
            "pseudo_val_agreement": 95.91
          }
        ],
        "split": {
          "novel_gated_query_count": 1691,
          "validation_count": 3325,
          "novel_validation_count": 507,
          "base_validation_count": 2818,
          "updated_class_count": 59,
          "per_class_counts": {
            "100": 20,
            "101": 13,
            "102": 23,
            "103": 30,
            "104": 3,
            "105": 30,
            "106": 19,
            "107": 24,
            "108": 28,
            "109": 30,
            "110": 24,
            "111": 35,
            "112": 21,
            "113": 30,
            "114": 14,
            "115": 32,
            "116": 51,
            "117": 46,
            "118": 24,
            "119": 28,
            "120": 26,
            "121": 29,
            "122": 43,
            "123": 18,
            "124": 40,
            "125": 25,
            "126": 27,
            "127": 25,
            "128": 33,
            "129": 12,
            "130": 34,
            "131": 28,
            "132": 30,
            "133": 29,
            "134": 33,
            "135": 44,
            "136": 11,
            "137": 28,
            "138": 30,
            "139": 30,
            "140": 9,
            "141": 22,
            "142": 27,
            "143": 42,
            "144": 31,
            "145": 33,
            "146": 45,
            "147": 30,
            "148": 30,
            "149": 29,
            "150": 22,
            "151": 26,
            "152": 38,
            "153": 30,
            "154": 26,
            "155": 31,
            "156": 30,
            "157": 31,
            "158": 30,
            "159": 29
          },
          "per_class_update_counts": {
            "100": 14,
            "101": 9,
            "102": 16,
            "103": 21,
            "104": 0,
            "105": 21,
            "106": 13,
            "107": 17,
            "108": 20,
            "109": 21,
            "110": 17,
            "111": 25,
            "112": 15,
            "113": 21,
            "114": 10,
            "115": 22,
            "116": 36,
            "117": 32,
            "118": 17,
            "119": 20,
            "120": 18,
            "121": 20,
            "122": 30,
            "123": 13,
            "124": 28,
            "125": 17,
            "126": 19,
            "127": 17,
            "128": 23,
            "129": 8,
            "130": 24,
            "131": 20,
            "132": 21,
            "133": 20,
            "134": 23,
            "135": 31,
            "136": 8,
            "137": 20,
            "138": 21,
            "139": 21,
            "140": 6,
            "141": 15,
            "142": 19,
            "143": 29,
            "144": 22,
            "145": 23,
            "146": 31,
            "147": 21,
            "148": 21,
            "149": 20,
            "150": 15,
            "151": 18,
            "152": 27,
            "153": 21,
            "154": 18,
            "155": 22,
            "156": 21,
            "157": 22,
            "158": 21,
            "159": 20
          },
          "per_class_validation_counts": {
            "100": 6,
            "101": 4,
            "102": 7,
            "103": 9,
            "104": 0,
            "105": 9,
            "106": 6,
            "107": 7,
            "108": 8,
            "109": 9,
            "110": 7,
            "111": 10,
            "112": 6,
            "113": 9,
            "114": 4,
            "115": 10,
            "116": 15,
            "117": 14,
            "118": 7,
            "119": 8,
            "120": 8,
            "121": 9,
            "122": 13,
            "123": 5,
            "124": 12,
            "125": 8,
            "126": 8,
            "127": 8,
            "128": 10,
            "129": 4,
            "130": 10,
            "131": 8,
            "132": 9,
            "133": 9,
            "134": 10,
            "135": 13,
            "136": 3,
            "137": 8,
            "138": 9,
            "139": 9,
            "140": 3,
            "141": 7,
            "142": 8,
            "143": 13,
            "144": 9,
            "145": 10,
            "146": 14,
            "147": 9,
            "148": 9,
            "149": 9,
            "150": 7,
            "151": 8,
            "152": 11,
            "153": 9,
            "154": 8,
            "155": 9,
            "156": 9,
            "157": 9,
            "158": 9,
            "159": 9
          }
        }
      }
    },
    {
      "session": 7,
      "num_seen_classes": 170,
      "baseline_full_acc": 84.687,
      "baseline_base_acc": 87.989,
      "baseline_novel_acc": 80.068,
      "selected_alpha": 0.5,
      "final_full_acc": 85.156,
      "final_base_acc": 87.849,
      "final_novel_acc": 81.387,
      "final_gain": 0.468,
      "updated_class_count": 69,
      "gated_query_count": 1989,
      "gated_base_count": 17,
      "gated_novel_count": 1972,
      "alpha_selection": {
        "mode": "pseudo_validation",
        "fallback_used": false,
        "selected_alpha": 0.5,
        "candidates": [
          {
            "alpha": 0.5,
            "pseudo_val_score": -0.1775,
            "pseudo_val_nll": 0.1775,
            "pseudo_val_agreement": 96.781
          },
          {
            "alpha": 0.75,
            "pseudo_val_score": -0.194201,
            "pseudo_val_nll": 0.194201,
            "pseudo_val_agreement": 96.371
          },
          {
            "alpha": 1.0,
            "pseudo_val_score": -0.212416,
            "pseudo_val_nll": 0.212416,
            "pseudo_val_agreement": 95.961
          }
        ],
        "split": {
          "novel_gated_query_count": 1989,
          "validation_count": 3417,
          "novel_validation_count": 599,
          "base_validation_count": 2818,
          "updated_class_count": 69,
          "per_class_counts": {
            "100": 20,
            "101": 12,
            "102": 23,
            "103": 30,
            "104": 3,
            "105": 30,
            "106": 19,
            "107": 24,
            "108": 28,
            "109": 30,
            "110": 24,
            "111": 35,
            "112": 21,
            "113": 30,
            "114": 14,
            "115": 32,
            "116": 51,
            "117": 46,
            "118": 24,
            "119": 28,
            "120": 26,
            "121": 29,
            "122": 43,
            "123": 18,
            "124": 40,
            "125": 25,
            "126": 27,
            "127": 25,
            "128": 33,
            "129": 12,
            "130": 34,
            "131": 28,
            "132": 30,
            "133": 29,
            "134": 33,
            "135": 44,
            "136": 11,
            "137": 28,
            "138": 30,
            "139": 30,
            "140": 9,
            "141": 22,
            "142": 27,
            "143": 42,
            "144": 31,
            "145": 33,
            "146": 45,
            "147": 30,
            "148": 30,
            "149": 29,
            "150": 22,
            "151": 32,
            "152": 42,
            "153": 29,
            "154": 26,
            "155": 32,
            "156": 26,
            "157": 32,
            "158": 30,
            "159": 29,
            "160": 35,
            "161": 30,
            "162": 30,
            "163": 30,
            "164": 25,
            "165": 27,
            "166": 28,
            "167": 27,
            "168": 31,
            "169": 29
          },
          "per_class_update_counts": {
            "100": 14,
            "101": 8,
            "102": 16,
            "103": 21,
            "104": 0,
            "105": 21,
            "106": 13,
            "107": 17,
            "108": 20,
            "109": 21,
            "110": 17,
            "111": 25,
            "112": 15,
            "113": 21,
            "114": 10,
            "115": 22,
            "116": 36,
            "117": 32,
            "118": 17,
            "119": 20,
            "120": 18,
            "121": 20,
            "122": 30,
            "123": 13,
            "124": 28,
            "125": 17,
            "126": 19,
            "127": 17,
            "128": 23,
            "129": 8,
            "130": 24,
            "131": 20,
            "132": 21,
            "133": 20,
            "134": 23,
            "135": 31,
            "136": 8,
            "137": 20,
            "138": 21,
            "139": 21,
            "140": 6,
            "141": 15,
            "142": 19,
            "143": 29,
            "144": 22,
            "145": 23,
            "146": 31,
            "147": 21,
            "148": 21,
            "149": 20,
            "150": 15,
            "151": 22,
            "152": 29,
            "153": 20,
            "154": 18,
            "155": 22,
            "156": 18,
            "157": 22,
            "158": 21,
            "159": 20,
            "160": 25,
            "161": 21,
            "162": 21,
            "163": 21,
            "164": 17,
            "165": 19,
            "166": 20,
            "167": 19,
            "168": 22,
            "169": 20
          },
          "per_class_validation_counts": {
            "100": 6,
            "101": 4,
            "102": 7,
            "103": 9,
            "104": 0,
            "105": 9,
            "106": 6,
            "107": 7,
            "108": 8,
            "109": 9,
            "110": 7,
            "111": 10,
            "112": 6,
            "113": 9,
            "114": 4,
            "115": 10,
            "116": 15,
            "117": 14,
            "118": 7,
            "119": 8,
            "120": 8,
            "121": 9,
            "122": 13,
            "123": 5,
            "124": 12,
            "125": 8,
            "126": 8,
            "127": 8,
            "128": 10,
            "129": 4,
            "130": 10,
            "131": 8,
            "132": 9,
            "133": 9,
            "134": 10,
            "135": 13,
            "136": 3,
            "137": 8,
            "138": 9,
            "139": 9,
            "140": 3,
            "141": 7,
            "142": 8,
            "143": 13,
            "144": 9,
            "145": 10,
            "146": 14,
            "147": 9,
            "148": 9,
            "149": 9,
            "150": 7,
            "151": 10,
            "152": 13,
            "153": 9,
            "154": 8,
            "155": 10,
            "156": 8,
            "157": 10,
            "158": 9,
            "159": 9,
            "160": 10,
            "161": 9,
            "162": 9,
            "163": 9,
            "164": 8,
            "165": 8,
            "166": 8,
            "167": 8,
            "168": 9,
            "169": 9
          }
        }
      }
    },
    {
      "session": 8,
      "num_seen_classes": 180,
      "baseline_full_acc": 84.383,
      "baseline_base_acc": 87.954,
      "baseline_novel_acc": 80.017,
      "selected_alpha": 0.5,
      "final_full_acc": 84.96,
      "final_base_acc": 87.779,
      "final_novel_acc": 81.512,
      "final_gain": 0.576,
      "updated_class_count": 79,
      "gated_query_count": 2282,
      "gated_base_count": 18,
      "gated_novel_count": 2264,
      "alpha_selection": {
        "mode": "pseudo_validation",
        "fallback_used": false,
        "selected_alpha": 0.5,
        "candidates": [
          {
            "alpha": 0.5,
            "pseudo_val_score": -0.190676,
            "pseudo_val_nll": 0.190676,
            "pseudo_val_agreement": 96.323
          },
          {
            "alpha": 0.75,
            "pseudo_val_score": -0.209877,
            "pseudo_val_nll": 0.209877,
            "pseudo_val_agreement": 95.81
          },
          {
            "alpha": 1.0,
            "pseudo_val_score": -0.230432,
            "pseudo_val_nll": 0.230432,
            "pseudo_val_agreement": 95.382
          }
        ],
        "split": {
          "novel_gated_query_count": 2282,
          "validation_count": 3508,
          "novel_validation_count": 684,
          "base_validation_count": 2824,
          "updated_class_count": 79,
          "per_class_counts": {
            "100": 20,
            "101": 12,
            "102": 24,
            "103": 30,
            "104": 3,
            "105": 30,
            "106": 19,
            "107": 24,
            "108": 29,
            "109": 30,
            "110": 24,
            "111": 35,
            "112": 21,
            "113": 30,
            "114": 14,
            "115": 32,
            "116": 51,
            "117": 45,
            "118": 24,
            "119": 28,
            "120": 26,
            "121": 29,
            "122": 43,
            "123": 18,
            "124": 40,
            "125": 25,
            "126": 27,
            "127": 25,
            "128": 33,
            "129": 12,
            "130": 34,
            "131": 28,
            "132": 30,
            "133": 29,
            "134": 33,
            "135": 44,
            "136": 11,
            "137": 28,
            "138": 30,
            "139": 30,
            "140": 9,
            "141": 22,
            "142": 27,
            "143": 42,
            "144": 31,
            "145": 33,
            "146": 45,
            "147": 29,
            "148": 31,
            "149": 29,
            "150": 22,
            "151": 29,
            "152": 41,
            "153": 30,
            "154": 28,
            "155": 32,
            "156": 28,
            "157": 31,
            "158": 30,
            "159": 29,
            "160": 28,
            "161": 29,
            "162": 30,
            "163": 30,
            "164": 26,
            "165": 27,
            "166": 21,
            "167": 28,
            "168": 29,
            "169": 27,
            "170": 27,
            "171": 31,
            "172": 46,
            "173": 30,
            "174": 37,
            "175": 31,
            "176": 33,
            "177": 24,
            "178": 13,
            "179": 37
          },
          "per_class_update_counts": {
            "100": 14,
            "101": 8,
            "102": 17,
            "103": 21,
            "104": 0,
            "105": 21,
            "106": 13,
            "107": 17,
            "108": 20,
            "109": 21,
            "110": 17,
            "111": 25,
            "112": 15,
            "113": 21,
            "114": 10,
            "115": 22,
            "116": 36,
            "117": 31,
            "118": 17,
            "119": 20,
            "120": 18,
            "121": 20,
            "122": 30,
            "123": 13,
            "124": 28,
            "125": 17,
            "126": 19,
            "127": 17,
            "128": 23,
            "129": 8,
            "130": 24,
            "131": 20,
            "132": 21,
            "133": 20,
            "134": 23,
            "135": 31,
            "136": 8,
            "137": 20,
            "138": 21,
            "139": 21,
            "140": 6,
            "141": 15,
            "142": 19,
            "143": 29,
            "144": 22,
            "145": 23,
            "146": 31,
            "147": 20,
            "148": 22,
            "149": 20,
            "150": 15,
            "151": 20,
            "152": 29,
            "153": 21,
            "154": 20,
            "155": 22,
            "156": 20,
            "157": 22,
            "158": 21,
            "159": 20,
            "160": 20,
            "161": 20,
            "162": 21,
            "163": 21,
            "164": 18,
            "165": 19,
            "166": 15,
            "167": 20,
            "168": 20,
            "169": 19,
            "170": 19,
            "171": 22,
            "172": 32,
            "173": 21,
            "174": 26,
            "175": 22,
            "176": 23,
            "177": 17,
            "178": 9,
            "179": 26
          },
          "per_class_validation_counts": {
            "100": 6,
            "101": 4,
            "102": 7,
            "103": 9,
            "104": 0,
            "105": 9,
            "106": 6,
            "107": 7,
            "108": 9,
            "109": 9,
            "110": 7,
            "111": 10,
            "112": 6,
            "113": 9,
            "114": 4,
            "115": 10,
            "116": 15,
            "117": 14,
            "118": 7,
            "119": 8,
            "120": 8,
            "121": 9,
            "122": 13,
            "123": 5,
            "124": 12,
            "125": 8,
            "126": 8,
            "127": 8,
            "128": 10,
            "129": 4,
            "130": 10,
            "131": 8,
            "132": 9,
            "133": 9,
            "134": 10,
            "135": 13,
            "136": 3,
            "137": 8,
            "138": 9,
            "139": 9,
            "140": 3,
            "141": 7,
            "142": 8,
            "143": 13,
            "144": 9,
            "145": 10,
            "146": 14,
            "147": 9,
            "148": 9,
            "149": 9,
            "150": 7,
            "151": 9,
            "152": 12,
            "153": 9,
            "154": 8,
            "155": 10,
            "156": 8,
            "157": 9,
            "158": 9,
            "159": 9,
            "160": 8,
            "161": 9,
            "162": 9,
            "163": 9,
            "164": 8,
            "165": 8,
            "166": 6,
            "167": 8,
            "168": 9,
            "169": 8,
            "170": 8,
            "171": 9,
            "172": 14,
            "173": 9,
            "174": 11,
            "175": 9,
            "176": 10,
            "177": 7,
            "178": 4,
            "179": 11
          }
        }
      }
    },
    {
      "session": 9,
      "num_seen_classes": 190,
      "baseline_full_acc": 84.929,
      "baseline_base_acc": 87.884,
      "baseline_novel_acc": 81.711,
      "selected_alpha": 0.5,
      "final_full_acc": 85.439,
      "final_base_acc": 87.709,
      "final_novel_acc": 82.966,
      "final_gain": 0.51,
      "updated_class_count": 89,
      "gated_query_count": 2570,
      "gated_base_count": 18,
      "gated_novel_count": 2552,
      "alpha_selection": {
        "mode": "pseudo_validation",
        "fallback_used": false,
        "selected_alpha": 0.5,
        "candidates": [
          {
            "alpha": 0.5,
            "pseudo_val_score": -0.196163,
            "pseudo_val_nll": 0.196163,
            "pseudo_val_agreement": 96.274
          },
          {
            "alpha": 0.75,
            "pseudo_val_score": -0.215672,
            "pseudo_val_nll": 0.215672,
            "pseudo_val_agreement": 95.745
          },
          {
            "alpha": 1.0,
            "pseudo_val_score": -0.23727,
            "pseudo_val_nll": 0.23727,
            "pseudo_val_agreement": 95.273
          }
        ],
        "split": {
          "novel_gated_query_count": 2570,
          "validation_count": 3596,
          "novel_validation_count": 770,
          "base_validation_count": 2826,
          "updated_class_count": 89,
          "per_class_counts": {
            "100": 20,
            "101": 12,
            "102": 24,
            "103": 30,
            "104": 3,
            "105": 30,
            "106": 19,
            "107": 24,
            "108": 29,
            "109": 30,
            "110": 24,
            "111": 35,
            "112": 21,
            "113": 30,
            "114": 14,
            "115": 32,
            "116": 51,
            "117": 45,
            "118": 24,
            "119": 28,
            "120": 26,
            "121": 29,
            "122": 43,
            "123": 18,
            "124": 40,
            "125": 25,
            "126": 27,
            "127": 25,
            "128": 33,
            "129": 12,
            "130": 34,
            "131": 28,
            "132": 30,
            "133": 29,
            "134": 33,
            "135": 44,
            "136": 11,
            "137": 28,
            "138": 30,
            "139": 30,
            "140": 9,
            "141": 22,
            "142": 27,
            "143": 42,
            "144": 31,
            "145": 33,
            "146": 45,
            "147": 29,
            "148": 30,
            "149": 29,
            "150": 22,
            "151": 29,
            "152": 41,
            "153": 30,
            "154": 28,
            "155": 32,
            "156": 28,
            "157": 31,
            "158": 30,
            "159": 29,
            "160": 28,
            "161": 29,
            "162": 30,
            "163": 30,
            "164": 26,
            "165": 27,
            "166": 21,
            "167": 28,
            "168": 29,
            "169": 27,
            "170": 27,
            "171": 31,
            "172": 46,
            "173": 30,
            "174": 38,
            "175": 31,
            "176": 32,
            "177": 24,
            "178": 13,
            "179": 35,
            "180": 30,
            "181": 32,
            "182": 36,
            "183": 24,
            "184": 29,
            "185": 31,
            "186": 21,
            "187": 30,
            "188": 30,
            "189": 28
          },
          "per_class_update_counts": {
            "100": 14,
            "101": 8,
            "102": 17,
            "103": 21,
            "104": 0,
            "105": 21,
            "106": 13,
            "107": 17,
            "108": 20,
            "109": 21,
            "110": 17,
            "111": 25,
            "112": 15,
            "113": 21,
            "114": 10,
            "115": 22,
            "116": 36,
            "117": 31,
            "118": 17,
            "119": 20,
            "120": 18,
            "121": 20,
            "122": 30,
            "123": 13,
            "124": 28,
            "125": 17,
            "126": 19,
            "127": 17,
            "128": 23,
            "129": 8,
            "130": 24,
            "131": 20,
            "132": 21,
            "133": 20,
            "134": 23,
            "135": 31,
            "136": 8,
            "137": 20,
            "138": 21,
            "139": 21,
            "140": 6,
            "141": 15,
            "142": 19,
            "143": 29,
            "144": 22,
            "145": 23,
            "146": 31,
            "147": 20,
            "148": 21,
            "149": 20,
            "150": 15,
            "151": 20,
            "152": 29,
            "153": 21,
            "154": 20,
            "155": 22,
            "156": 20,
            "157": 22,
            "158": 21,
            "159": 20,
            "160": 20,
            "161": 20,
            "162": 21,
            "163": 21,
            "164": 18,
            "165": 19,
            "166": 15,
            "167": 20,
            "168": 20,
            "169": 19,
            "170": 19,
            "171": 22,
            "172": 32,
            "173": 21,
            "174": 27,
            "175": 22,
            "176": 22,
            "177": 17,
            "178": 9,
            "179": 25,
            "180": 21,
            "181": 22,
            "182": 25,
            "183": 17,
            "184": 20,
            "185": 22,
            "186": 15,
            "187": 21,
            "188": 21,
            "189": 20
          },
          "per_class_validation_counts": {
            "100": 6,
            "101": 4,
            "102": 7,
            "103": 9,
            "104": 0,
            "105": 9,
            "106": 6,
            "107": 7,
            "108": 9,
            "109": 9,
            "110": 7,
            "111": 10,
            "112": 6,
            "113": 9,
            "114": 4,
            "115": 10,
            "116": 15,
            "117": 14,
            "118": 7,
            "119": 8,
            "120": 8,
            "121": 9,
            "122": 13,
            "123": 5,
            "124": 12,
            "125": 8,
            "126": 8,
            "127": 8,
            "128": 10,
            "129": 4,
            "130": 10,
            "131": 8,
            "132": 9,
            "133": 9,
            "134": 10,
            "135": 13,
            "136": 3,
            "137": 8,
            "138": 9,
            "139": 9,
            "140": 3,
            "141": 7,
            "142": 8,
            "143": 13,
            "144": 9,
            "145": 10,
            "146": 14,
            "147": 9,
            "148": 9,
            "149": 9,
            "150": 7,
            "151": 9,
            "152": 12,
            "153": 9,
            "154": 8,
            "155": 10,
            "156": 8,
            "157": 9,
            "158": 9,
            "159": 9,
            "160": 8,
            "161": 9,
            "162": 9,
            "163": 9,
            "164": 8,
            "165": 8,
            "166": 6,
            "167": 8,
            "168": 9,
            "169": 8,
            "170": 8,
            "171": 9,
            "172": 14,
            "173": 9,
            "174": 11,
            "175": 9,
            "176": 10,
            "177": 7,
            "178": 4,
            "179": 10,
            "180": 9,
            "181": 10,
            "182": 11,
            "183": 7,
            "184": 9,
            "185": 9,
            "186": 6,
            "187": 9,
            "188": 9,
            "189": 8
          }
        }
      }
    },
    {
      "session": 10,
      "num_seen_classes": 200,
      "baseline_full_acc": 85.295,
      "baseline_base_acc": 87.884,
      "baseline_novel_acc": 82.765,
      "selected_alpha": 0.5,
      "final_full_acc": 85.796,
      "final_base_acc": 87.709,
      "final_novel_acc": 83.925,
      "final_gain": 0.501,
      "updated_class_count": 99,
      "gated_query_count": 2868,
      "gated_base_count": 18,
      "gated_novel_count": 2850,
      "alpha_selection": {
        "mode": "pseudo_validation",
        "fallback_used": false,
        "selected_alpha": 0.5,
        "candidates": [
          {
            "alpha": 0.5,
            "pseudo_val_score": -0.199216,
            "pseudo_val_nll": 0.199216,
            "pseudo_val_agreement": 96.371
          },
          {
            "alpha": 0.75,
            "pseudo_val_score": -0.218016,
            "pseudo_val_nll": 0.218016,
            "pseudo_val_agreement": 95.775
          },
          {
            "alpha": 1.0,
            "pseudo_val_score": -0.239197,
            "pseudo_val_nll": 0.239197,
            "pseudo_val_agreement": 95.368
          }
        ],
        "split": {
          "novel_gated_query_count": 2868,
          "validation_count": 3692,
          "novel_validation_count": 863,
          "base_validation_count": 2829,
          "updated_class_count": 99,
          "per_class_counts": {
            "100": 20,
            "101": 12,
            "102": 23,
            "103": 30,
            "104": 3,
            "105": 30,
            "106": 19,
            "107": 24,
            "108": 29,
            "109": 30,
            "110": 24,
            "111": 35,
            "112": 21,
            "113": 30,
            "114": 14,
            "115": 32,
            "116": 51,
            "117": 45,
            "118": 25,
            "119": 28,
            "120": 26,
            "121": 29,
            "122": 43,
            "123": 18,
            "124": 41,
            "125": 25,
            "126": 27,
            "127": 25,
            "128": 33,
            "129": 12,
            "130": 34,
            "131": 28,
            "132": 30,
            "133": 29,
            "134": 33,
            "135": 44,
            "136": 11,
            "137": 28,
            "138": 30,
            "139": 30,
            "140": 9,
            "141": 22,
            "142": 27,
            "143": 42,
            "144": 31,
            "145": 33,
            "146": 45,
            "147": 29,
            "148": 29,
            "149": 29,
            "150": 22,
            "151": 29,
            "152": 41,
            "153": 29,
            "154": 29,
            "155": 32,
            "156": 28,
            "157": 31,
            "158": 30,
            "159": 29,
            "160": 28,
            "161": 29,
            "162": 30,
            "163": 30,
            "164": 26,
            "165": 27,
            "166": 21,
            "167": 29,
            "168": 29,
            "169": 27,
            "170": 27,
            "171": 31,
            "172": 46,
            "173": 30,
            "174": 38,
            "175": 31,
            "176": 32,
            "177": 24,
            "178": 14,
            "179": 35,
            "180": 29,
            "181": 32,
            "182": 36,
            "183": 24,
            "184": 29,
            "185": 31,
            "186": 20,
            "187": 30,
            "188": 33,
            "189": 28,
            "190": 27,
            "191": 31,
            "192": 26,
            "193": 30,
            "194": 38,
            "195": 29,
            "196": 25,
            "197": 29,
            "198": 31,
            "199": 29
          },
          "per_class_update_counts": {
            "100": 14,
            "101": 8,
            "102": 16,
            "103": 21,
            "104": 0,
            "105": 21,
            "106": 13,
            "107": 17,
            "108": 20,
            "109": 21,
            "110": 17,
            "111": 25,
            "112": 15,
            "113": 21,
            "114": 10,
            "115": 22,
            "116": 36,
            "117": 31,
            "118": 17,
            "119": 20,
            "120": 18,
            "121": 20,
            "122": 30,
            "123": 13,
            "124": 29,
            "125": 17,
            "126": 19,
            "127": 17,
            "128": 23,
            "129": 8,
            "130": 24,
            "131": 20,
            "132": 21,
            "133": 20,
            "134": 23,
            "135": 31,
            "136": 8,
            "137": 20,
            "138": 21,
            "139": 21,
            "140": 6,
            "141": 15,
            "142": 19,
            "143": 29,
            "144": 22,
            "145": 23,
            "146": 31,
            "147": 20,
            "148": 20,
            "149": 20,
            "150": 15,
            "151": 20,
            "152": 29,
            "153": 20,
            "154": 20,
            "155": 22,
            "156": 20,
            "157": 22,
            "158": 21,
            "159": 20,
            "160": 20,
            "161": 20,
            "162": 21,
            "163": 21,
            "164": 18,
            "165": 19,
            "166": 15,
            "167": 20,
            "168": 20,
            "169": 19,
            "170": 19,
            "171": 22,
            "172": 32,
            "173": 21,
            "174": 27,
            "175": 22,
            "176": 22,
            "177": 17,
            "178": 10,
            "179": 25,
            "180": 20,
            "181": 22,
            "182": 25,
            "183": 17,
            "184": 20,
            "185": 22,
            "186": 14,
            "187": 21,
            "188": 23,
            "189": 20,
            "190": 19,
            "191": 22,
            "192": 18,
            "193": 21,
            "194": 27,
            "195": 20,
            "196": 17,
            "197": 20,
            "198": 22,
            "199": 20
          },
          "per_class_validation_counts": {
            "100": 6,
            "101": 4,
            "102": 7,
            "103": 9,
            "104": 0,
            "105": 9,
            "106": 6,
            "107": 7,
            "108": 9,
            "109": 9,
            "110": 7,
            "111": 10,
            "112": 6,
            "113": 9,
            "114": 4,
            "115": 10,
            "116": 15,
            "117": 14,
            "118": 8,
            "119": 8,
            "120": 8,
            "121": 9,
            "122": 13,
            "123": 5,
            "124": 12,
            "125": 8,
            "126": 8,
            "127": 8,
            "128": 10,
            "129": 4,
            "130": 10,
            "131": 8,
            "132": 9,
            "133": 9,
            "134": 10,
            "135": 13,
            "136": 3,
            "137": 8,
            "138": 9,
            "139": 9,
            "140": 3,
            "141": 7,
            "142": 8,
            "143": 13,
            "144": 9,
            "145": 10,
            "146": 14,
            "147": 9,
            "148": 9,
            "149": 9,
            "150": 7,
            "151": 9,
            "152": 12,
            "153": 9,
            "154": 9,
            "155": 10,
            "156": 8,
            "157": 9,
            "158": 9,
            "159": 9,
            "160": 8,
            "161": 9,
            "162": 9,
            "163": 9,
            "164": 8,
            "165": 8,
            "166": 6,
            "167": 9,
            "168": 9,
            "169": 8,
            "170": 8,
            "171": 9,
            "172": 14,
            "173": 9,
            "174": 11,
            "175": 9,
            "176": 10,
            "177": 7,
            "178": 4,
            "179": 10,
            "180": 9,
            "181": 10,
            "182": 11,
            "183": 7,
            "184": 9,
            "185": 9,
            "186": 6,
            "187": 9,
            "188": 10,
            "189": 8,
            "190": 8,
            "191": 9,
            "192": 8,
            "193": 9,
            "194": 11,
            "195": 9,
            "196": 8,
            "197": 9,
            "198": 9,
            "199": 9
          }
        }
      }
    }
  ]
}
