/media/ndag/newVolume/BiMC-test/models/clip/clip.py:23: UserWarning: PyTorch version 1.7.1 or higher is recommended
  warnings.warn("PyTorch version 1.7.1 or higher is recommended")
manual seed: 4
use gpu: ['0']
Loading CLIP (backbone: ViT-B/16)
Prompt template:['a photo of a {}.']
Loading DinoV2 ViT-B/14 from local hub: /home/ndag/.cache/torch/hub/facebookresearch_dinov2_main
/home/ndag/.cache/torch/hub/facebookresearch_dinov2_main/dinov2/layers/swiglu_ffn.py:51: UserWarning: xFormers is not available (SwiGLU)
  warnings.warn("xFormers is not available (SwiGLU)")
/home/ndag/.cache/torch/hub/facebookresearch_dinov2_main/dinov2/layers/attention.py:36: UserWarning: xFormers is not available (Attention)
  warnings.warn("xFormers is not available (Attention)")
/home/ndag/.cache/torch/hub/facebookresearch_dinov2_main/dinov2/layers/block.py:40: UserWarning: xFormers is not available (Block)
  warnings.warn("xFormers is not available (Block)")
Loading DinoV2 weights: /home/ndag/.cache/torch/hub/checkpoints/dinov2_vitb14_pretrain.pth
class names: ['house finch' 'robin' 'triceratops' 'green mamba' 'harvestman' 'toucan'
 'goose' 'jellyfish' 'nematode' 'king crab' 'dugong' 'Walker hound'
 'Ibizan hound' 'Saluki' 'golden retriever' 'Gordon setter' 'komondor'
 'boxer' 'Tibetan mastiff' 'French bulldog' 'malamute' 'dalmatian'
 'Newfoundland' 'miniature poodle' 'white wolf' 'African hunting dog'
 'Arctic fox' 'lion' 'meerkat' 'ladybug' 'rhinoceros beetle' 'ant'
 'black-footed ferret' 'three-toed sloth' 'rock beauty' 'aircraft carrier'
 'ashcan' 'barrel' 'beer bottle' 'bookshop' 'cannon' 'carousel' 'carton'
 'catamaran' 'chime' 'clog' 'cocktail shaker' 'combination lock' 'crate'
 'cuirass' 'dishrag' 'dome' 'electric guitar' 'file' 'fire screen'
 'frying pan' 'garbage truck' 'hair slide' 'holster' 'horizontal bar']
all targets:tensor([ 0,  1,  2,  3,  4,  5,  6,  7,  8,  9, 10, 11, 12, 13, 14, 15, 16, 17,
        18, 19, 20, 21, 22, 23, 24, 25, 26, 27, 28, 29, 30, 31, 32, 33, 34, 35,
        36, 37, 38, 39, 40, 41, 42, 43, 44, 45, 46, 47, 48, 49, 50, 51, 52, 53,
        54, 55, 56, 57, 58, 59], device='cuda:0')
dino all targets:tensor([ 0,  1,  2,  3,  4,  5,  6,  7,  8,  9, 10, 11, 12, 13, 14, 15, 16, 17,
        18, 19, 20, 21, 22, 23, 24, 25, 26, 27, 28, 29, 30, 31, 32, 33, 34, 35,
        36, 37, 38, 39, 40, 41, 42, 43, 44, 45, 46, 47, 48, 49, 50, 51, 52, 53,
        54, 55, 56, 57, 58, 59], device='cuda:0')
finish loading CLIP/DinoV2 covariance
class names: ['hourglass' 'iPod' 'lipstick' 'miniskirt' 'missile']
all targets:tensor([60, 61, 62, 63, 64], device='cuda:0')
dino all targets:tensor([60, 61, 62, 63, 64], device='cuda:0')
finish loading CLIP/DinoV2 covariance
class names: ['mixing bowl' 'oboe' 'organ' 'parallel bars' 'pencil box']
all targets:tensor([65, 66, 67, 68, 69], device='cuda:0')
dino all targets:tensor([65, 66, 67, 68, 69], device='cuda:0')
finish loading CLIP/DinoV2 covariance
class names: ['photocopier' 'poncho' 'prayer rug' 'reel' 'school bus']
all targets:tensor([70, 71, 72, 73, 74], device='cuda:0')
dino all targets:tensor([70, 71, 72, 73, 74], device='cuda:0')
finish loading CLIP/DinoV2 covariance
class names: ['scoreboard' 'slot' 'snorkel' 'solar dish' 'spider web']
all targets:tensor([75, 76, 77, 78, 79], device='cuda:0')
dino all targets:tensor([75, 76, 77, 78, 79], device='cuda:0')
finish loading CLIP/DinoV2 covariance
class names: ['stage' 'tank' 'theater curtain' 'tile roof' 'tobacco shop']
all targets:tensor([80, 81, 82, 83, 84], device='cuda:0')
dino all targets:tensor([80, 81, 82, 83, 84], device='cuda:0')
finish loading CLIP/DinoV2 covariance
class names: ['unicycle' 'upright' 'vase' 'wok' 'worm fence']
all targets:tensor([85, 86, 87, 88, 89], device='cuda:0')
dino all targets:tensor([85, 86, 87, 88, 89], device='cuda:0')
finish loading CLIP/DinoV2 covariance
class names: ['yawl' 'street sign' 'consomme' 'trifle' 'hotdog']
all targets:tensor([90, 91, 92, 93, 94], device='cuda:0')
dino all targets:tensor([90, 91, 92, 93, 94], device='cuda:0')
finish loading CLIP/DinoV2 covariance
class names: ['orange' 'cliff' 'coral reef' 'bolete' 'ear']
all targets:tensor([95, 96, 97, 98, 99], device='cuda:0')
dino all targets:tensor([95, 96, 97, 98, 99], device='cuda:0')
finish loading CLIP/DinoV2 covariance
session 0: baseline=97.100 final=97.100 gain=0.000
session 1: baseline=96.954 final=96.938 gain=-0.015
session 2: baseline=95.743 final=95.929 gain=0.186
session 3: baseline=95.613 final=95.827 gain=0.213
session 4: baseline=95.700 final=95.963 gain=0.263
session 5: baseline=95.247 final=95.529 gain=0.282
session 6: baseline=94.478 final=94.933 gain=0.456
session 7: baseline=94.316 final=94.895 gain=0.579
session 8: baseline=94.100 final=94.730 gain=0.630
{
  "dataset": "miniimagenet",
  "seed": 4,
  "train_cfg": "experiments/bmvc_1256_20260508-124032/generated_configs/bimc_dino_fusion.yaml",
  "method": "sessionwise conservative query prototype refinement on bimc_dino_fusion with pseudo-validation alpha selection",
  "runtime_sec": 447.38,
  "alpha_grid": [
    0.5,
    0.75,
    1.0
  ],
  "alpha_selection": "pseudo_validation_no_test_labels",
  "mass_thr": 0.3,
  "min_count": 5,
  "val_fraction": 0.3,
  "base_val_conf_thr": 0.5,
  "base_val_max_per_class": 50,
  "fallback_alpha": 0.75,
  "topk_per_class": null,
  "baseline_acc_list": [
    97.1,
    96.954,
    95.743,
    95.613,
    95.7,
    95.247,
    94.478,
    94.316,
    94.1
  ],
  "final_acc_list": [
    97.1,
    96.938,
    95.929,
    95.827,
    95.963,
    95.529,
    94.933,
    94.895,
    94.73
  ],
  "gain_list": [
    0.0,
    -0.015,
    0.186,
    0.213,
    0.263,
    0.282,
    0.456,
    0.579,
    0.63
  ],
  "baseline_avg": 95.472,
  "baseline_pd": 3.0,
  "final_avg": 95.76,
  "final_pd": 2.37,
  "gain_avg": 0.288,
  "session_results": [
    {
      "session": 0,
      "num_seen_classes": 60,
      "baseline_full_acc": 97.1,
      "baseline_base_acc": 97.1,
      "baseline_novel_acc": 0.0,
      "best_alpha": null,
      "final_full_acc": 97.1,
      "final_base_acc": 97.1,
      "final_novel_acc": 0.0,
      "final_gain": 0.0,
      "updated_class_count": 0,
      "gated_query_count": 0,
      "alpha_selection": {
        "mode": "not_applicable_base_session",
        "selected_alpha": null
      }
    },
    {
      "session": 1,
      "num_seen_classes": 65,
      "baseline_full_acc": 96.954,
      "baseline_base_acc": 97.05,
      "baseline_novel_acc": 95.8,
      "selected_alpha": 0.5,
      "final_full_acc": 96.938,
      "final_base_acc": 97.017,
      "final_novel_acc": 96.0,
      "final_gain": -0.015,
      "updated_class_count": 5,
      "gated_query_count": 488,
      "gated_base_count": 3,
      "gated_novel_count": 485,
      "alpha_selection": {
        "mode": "pseudo_validation",
        "fallback_used": false,
        "selected_alpha": 0.5,
        "candidates": [
          {
            "alpha": 0.5,
            "pseudo_val_score": -0.024446,
            "pseudo_val_nll": 0.024446,
            "pseudo_val_agreement": 99.936
          },
          {
            "alpha": 0.75,
            "pseudo_val_score": -0.024515,
            "pseudo_val_nll": 0.024515,
            "pseudo_val_agreement": 99.936
          },
          {
            "alpha": 1.0,
            "pseudo_val_score": -0.02472,
            "pseudo_val_nll": 0.02472,
            "pseudo_val_agreement": 99.936
          }
        ],
        "split": {
          "novel_gated_query_count": 488,
          "validation_count": 3147,
          "novel_validation_count": 147,
          "base_validation_count": 3000,
          "updated_class_count": 5,
          "per_class_counts": {
            "60": 99,
            "61": 100,
            "62": 90,
            "63": 100,
            "64": 99
          },
          "per_class_update_counts": {
            "60": 69,
            "61": 70,
            "62": 63,
            "63": 70,
            "64": 69
          },
          "per_class_validation_counts": {
            "60": 30,
            "61": 30,
            "62": 27,
            "63": 30,
            "64": 30
          }
        }
      }
    },
    {
      "session": 2,
      "num_seen_classes": 70,
      "baseline_full_acc": 95.743,
      "baseline_base_acc": 96.833,
      "baseline_novel_acc": 89.2,
      "selected_alpha": 0.5,
      "final_full_acc": 95.929,
      "final_base_acc": 96.733,
      "final_novel_acc": 91.1,
      "final_gain": 0.186,
      "updated_class_count": 10,
      "gated_query_count": 913,
      "gated_base_count": 12,
      "gated_novel_count": 901,
      "alpha_selection": {
        "mode": "pseudo_validation",
        "fallback_used": false,
        "selected_alpha": 0.5,
        "candidates": [
          {
            "alpha": 0.5,
            "pseudo_val_score": -0.046833,
            "pseudo_val_nll": 0.046833,
            "pseudo_val_agreement": 99.878
          },
          {
            "alpha": 0.75,
            "pseudo_val_score": -0.047829,
            "pseudo_val_nll": 0.047829,
            "pseudo_val_agreement": 99.756
          },
          {
            "alpha": 1.0,
            "pseudo_val_score": -0.049744,
            "pseudo_val_nll": 0.049744,
            "pseudo_val_agreement": 99.573
          }
        ],
        "split": {
          "novel_gated_query_count": 913,
          "validation_count": 3275,
          "novel_validation_count": 275,
          "base_validation_count": 3000,
          "updated_class_count": 10,
          "per_class_counts": {
            "60": 99,
            "61": 101,
            "62": 87,
            "63": 100,
            "64": 99,
            "65": 90,
            "66": 100,
            "67": 102,
            "68": 43,
            "69": 92
          },
          "per_class_update_counts": {
            "60": 69,
            "61": 71,
            "62": 61,
            "63": 70,
            "64": 69,
            "65": 63,
            "66": 70,
            "67": 71,
            "68": 30,
            "69": 64
          },
          "per_class_validation_counts": {
            "60": 30,
            "61": 30,
            "62": 26,
            "63": 30,
            "64": 30,
            "65": 27,
            "66": 30,
            "67": 31,
            "68": 13,
            "69": 28
          }
        }
      }
    },
    {
      "session": 3,
      "num_seen_classes": 75,
      "baseline_full_acc": 95.613,
      "baseline_base_acc": 96.75,
      "baseline_novel_acc": 91.067,
      "selected_alpha": 0.5,
      "final_full_acc": 95.827,
      "final_base_acc": 96.633,
      "final_novel_acc": 92.6,
      "final_gain": 0.213,
      "updated_class_count": 15,
      "gated_query_count": 1394,
      "gated_base_count": 16,
      "gated_novel_count": 1378,
      "alpha_selection": {
        "mode": "pseudo_validation",
        "fallback_used": false,
        "selected_alpha": 0.5,
        "candidates": [
          {
            "alpha": 0.5,
            "pseudo_val_score": -0.06719,
            "pseudo_val_nll": 0.06719,
            "pseudo_val_agreement": 99.825
          },
          {
            "alpha": 0.75,
            "pseudo_val_score": -0.068423,
            "pseudo_val_nll": 0.068423,
            "pseudo_val_agreement": 99.678
          },
          {
            "alpha": 1.0,
            "pseudo_val_score": -0.070569,
            "pseudo_val_nll": 0.070569,
            "pseudo_val_agreement": 99.357
          }
        ],
        "split": {
          "novel_gated_query_count": 1394,
          "validation_count": 3420,
          "novel_validation_count": 420,
          "base_validation_count": 3000,
          "updated_class_count": 15,
          "per_class_counts": {
            "60": 99,
            "61": 102,
            "62": 87,
            "63": 99,
            "64": 99,
            "65": 90,
            "66": 99,
            "67": 101,
            "68": 43,
            "69": 92,
            "70": 100,
            "71": 87,
            "72": 97,
            "73": 99,
            "74": 100
          },
          "per_class_update_counts": {
            "60": 69,
            "61": 71,
            "62": 61,
            "63": 69,
            "64": 69,
            "65": 63,
            "66": 69,
            "67": 71,
            "68": 30,
            "69": 64,
            "70": 70,
            "71": 61,
            "72": 68,
            "73": 69,
            "74": 70
          },
          "per_class_validation_counts": {
            "60": 30,
            "61": 31,
            "62": 26,
            "63": 30,
            "64": 30,
            "65": 27,
            "66": 30,
            "67": 30,
            "68": 13,
            "69": 28,
            "70": 30,
            "71": 26,
            "72": 29,
            "73": 30,
            "74": 30
          }
        }
      }
    },
    {
      "session": 4,
      "num_seen_classes": 80,
      "baseline_full_acc": 95.7,
      "baseline_base_acc": 96.65,
      "baseline_novel_acc": 92.85,
      "selected_alpha": 0.5,
      "final_full_acc": 95.963,
      "final_base_acc": 96.6,
      "final_novel_acc": 94.05,
      "final_gain": 0.263,
      "updated_class_count": 20,
      "gated_query_count": 1895,
      "gated_base_count": 23,
      "gated_novel_count": 1872,
      "alpha_selection": {
        "mode": "pseudo_validation",
        "fallback_used": false,
        "selected_alpha": 0.5,
        "candidates": [
          {
            "alpha": 0.5,
            "pseudo_val_score": -0.087095,
            "pseudo_val_nll": 0.087095,
            "pseudo_val_agreement": 99.804
          },
          {
            "alpha": 0.75,
            "pseudo_val_score": -0.088624,
            "pseudo_val_nll": 0.088624,
            "pseudo_val_agreement": 99.636
          },
          {
            "alpha": 1.0,
            "pseudo_val_score": -0.091238,
            "pseudo_val_nll": 0.091238,
            "pseudo_val_agreement": 99.3
          }
        ],
        "split": {
          "novel_gated_query_count": 1895,
          "validation_count": 3570,
          "novel_validation_count": 570,
          "base_validation_count": 3000,
          "updated_class_count": 20,
          "per_class_counts": {
            "60": 99,
            "61": 102,
            "62": 87,
            "63": 99,
            "64": 99,
            "65": 91,
            "66": 99,
            "67": 102,
            "68": 44,
            "69": 93,
            "70": 99,
            "71": 87,
            "72": 97,
            "73": 99,
            "74": 100,
            "75": 101,
            "76": 98,
            "77": 100,
            "78": 96,
            "79": 103
          },
          "per_class_update_counts": {
            "60": 69,
            "61": 71,
            "62": 61,
            "63": 69,
            "64": 69,
            "65": 64,
            "66": 69,
            "67": 71,
            "68": 31,
            "69": 65,
            "70": 69,
            "71": 61,
            "72": 68,
            "73": 69,
            "74": 70,
            "75": 71,
            "76": 69,
            "77": 70,
            "78": 67,
            "79": 72
          },
          "per_class_validation_counts": {
            "60": 30,
            "61": 31,
            "62": 26,
            "63": 30,
            "64": 30,
            "65": 27,
            "66": 30,
            "67": 31,
            "68": 13,
            "69": 28,
            "70": 30,
            "71": 26,
            "72": 29,
            "73": 30,
            "74": 30,
            "75": 30,
            "76": 29,
            "77": 30,
            "78": 29,
            "79": 31
          }
        }
      }
    },
    {
      "session": 5,
      "num_seen_classes": 85,
      "baseline_full_acc": 95.247,
      "baseline_base_acc": 96.467,
      "baseline_novel_acc": 92.32,
      "selected_alpha": 0.5,
      "final_full_acc": 95.529,
      "final_base_acc": 96.283,
      "final_novel_acc": 93.72,
      "final_gain": 0.282,
      "updated_class_count": 25,
      "gated_query_count": 2381,
      "gated_base_count": 33,
      "gated_novel_count": 2348,
      "alpha_selection": {
        "mode": "pseudo_validation",
        "fallback_used": false,
        "selected_alpha": 0.5,
        "candidates": [
          {
            "alpha": 0.5,
            "pseudo_val_score": -0.108017,
            "pseudo_val_nll": 0.108017,
            "pseudo_val_agreement": 99.569
          },
          {
            "alpha": 0.75,
            "pseudo_val_score": -0.111578,
            "pseudo_val_nll": 0.111578,
            "pseudo_val_agreement": 99.246
          },
          {
            "alpha": 1.0,
            "pseudo_val_score": -0.116635,
            "pseudo_val_nll": 0.116635,
            "pseudo_val_agreement": 98.869
          }
        ],
        "split": {
          "novel_gated_query_count": 2381,
          "validation_count": 3715,
          "novel_validation_count": 715,
          "base_validation_count": 3000,
          "updated_class_count": 25,
          "per_class_counts": {
            "60": 99,
            "61": 102,
            "62": 88,
            "63": 100,
            "64": 97,
            "65": 90,
            "66": 101,
            "67": 102,
            "68": 44,
            "69": 92,
            "70": 99,
            "71": 85,
            "72": 97,
            "73": 99,
            "74": 100,
            "75": 101,
            "76": 98,
            "77": 100,
            "78": 90,
            "79": 103,
            "80": 97,
            "81": 103,
            "82": 101,
            "83": 104,
            "84": 89
          },
          "per_class_update_counts": {
            "60": 69,
            "61": 71,
            "62": 62,
            "63": 70,
            "64": 68,
            "65": 63,
            "66": 71,
            "67": 71,
            "68": 31,
            "69": 64,
            "70": 69,
            "71": 59,
            "72": 68,
            "73": 69,
            "74": 70,
            "75": 71,
            "76": 69,
            "77": 70,
            "78": 63,
            "79": 72,
            "80": 68,
            "81": 72,
            "82": 71,
            "83": 73,
            "84": 62
          },
          "per_class_validation_counts": {
            "60": 30,
            "61": 31,
            "62": 26,
            "63": 30,
            "64": 29,
            "65": 27,
            "66": 30,
            "67": 31,
            "68": 13,
            "69": 28,
            "70": 30,
            "71": 26,
            "72": 29,
            "73": 30,
            "74": 30,
            "75": 30,
            "76": 29,
            "77": 30,
            "78": 27,
            "79": 31,
            "80": 29,
            "81": 31,
            "82": 30,
            "83": 31,
            "84": 27
          }
        }
      }
    },
    {
      "session": 6,
      "num_seen_classes": 90,
      "baseline_full_acc": 94.478,
      "baseline_base_acc": 96.35,
      "baseline_novel_acc": 90.733,
      "selected_alpha": 0.5,
      "final_full_acc": 94.933,
      "final_base_acc": 96.1,
      "final_novel_acc": 92.6,
      "final_gain": 0.456,
      "updated_class_count": 30,
      "gated_query_count": 2810,
      "gated_base_count": 38,
      "gated_novel_count": 2772,
      "alpha_selection": {
        "mode": "pseudo_validation",
        "fallback_used": false,
        "selected_alpha": 0.5,
        "candidates": [
          {
            "alpha": 0.5,
            "pseudo_val_score": -0.125558,
            "pseudo_val_nll": 0.125558,
            "pseudo_val_agreement": 99.349
          },
          {
            "alpha": 0.75,
            "pseudo_val_score": -0.130602,
            "pseudo_val_nll": 0.130602,
            "pseudo_val_agreement": 98.985
          },
          {
            "alpha": 1.0,
            "pseudo_val_score": -0.137514,
            "pseudo_val_nll": 0.137514,
            "pseudo_val_agreement": 98.647
          }
        ],
        "split": {
          "novel_gated_query_count": 2810,
          "validation_count": 3843,
          "novel_validation_count": 843,
          "base_validation_count": 3000,
          "updated_class_count": 30,
          "per_class_counts": {
            "60": 99,
            "61": 102,
            "62": 88,
            "63": 100,
            "64": 97,
            "65": 88,
            "66": 101,
            "67": 97,
            "68": 44,
            "69": 92,
            "70": 100,
            "71": 86,
            "72": 97,
            "73": 100,
            "74": 100,
            "75": 101,
            "76": 98,
            "77": 100,
            "78": 90,
            "79": 103,
            "80": 99,
            "81": 103,
            "82": 101,
            "83": 103,
            "84": 89,
            "85": 96,
            "86": 100,
            "87": 99,
            "88": 43,
            "89": 94
          },
          "per_class_update_counts": {
            "60": 69,
            "61": 71,
            "62": 62,
            "63": 70,
            "64": 68,
            "65": 62,
            "66": 71,
            "67": 68,
            "68": 31,
            "69": 64,
            "70": 70,
            "71": 60,
            "72": 68,
            "73": 70,
            "74": 70,
            "75": 71,
            "76": 69,
            "77": 70,
            "78": 63,
            "79": 72,
            "80": 69,
            "81": 72,
            "82": 71,
            "83": 72,
            "84": 62,
            "85": 67,
            "86": 70,
            "87": 69,
            "88": 30,
            "89": 66
          },
          "per_class_validation_counts": {
            "60": 30,
            "61": 31,
            "62": 26,
            "63": 30,
            "64": 29,
            "65": 26,
            "66": 30,
            "67": 29,
            "68": 13,
            "69": 28,
            "70": 30,
            "71": 26,
            "72": 29,
            "73": 30,
            "74": 30,
            "75": 30,
            "76": 29,
            "77": 30,
            "78": 27,
            "79": 31,
            "80": 30,
            "81": 31,
            "82": 30,
            "83": 31,
            "84": 27,
            "85": 29,
            "86": 30,
            "87": 30,
            "88": 13,
            "89": 28
          }
        }
      }
    },
    {
      "session": 7,
      "num_seen_classes": 95,
      "baseline_full_acc": 94.316,
      "baseline_base_acc": 96.317,
      "baseline_novel_acc": 90.886,
      "selected_alpha": 0.5,
      "final_full_acc": 94.895,
      "final_base_acc": 95.983,
      "final_novel_acc": 93.029,
      "final_gain": 0.579,
      "updated_class_count": 35,
      "gated_query_count": 3296,
      "gated_base_count": 44,
      "gated_novel_count": 3252,
      "alpha_selection": {
        "mode": "pseudo_validation",
        "fallback_used": false,
        "selected_alpha": 0.5,
        "candidates": [
          {
            "alpha": 0.5,
            "pseudo_val_score": -0.142192,
            "pseudo_val_nll": 0.142192,
            "pseudo_val_agreement": 99.273
          },
          {
            "alpha": 0.75,
            "pseudo_val_score": -0.148098,
            "pseudo_val_nll": 0.148098,
            "pseudo_val_agreement": 98.847
          },
          {
            "alpha": 1.0,
            "pseudo_val_score": -0.156468,
            "pseudo_val_nll": 0.156468,
            "pseudo_val_agreement": 98.27
          }
        ],
        "split": {
          "novel_gated_query_count": 3296,
          "validation_count": 3988,
          "novel_validation_count": 988,
          "base_validation_count": 3000,
          "updated_class_count": 35,
          "per_class_counts": {
            "60": 99,
            "61": 102,
            "62": 88,
            "63": 100,
            "64": 97,
            "65": 88,
            "66": 101,
            "67": 97,
            "68": 44,
            "69": 92,
            "70": 100,
            "71": 85,
            "72": 97,
            "73": 100,
            "74": 100,
            "75": 101,
            "76": 98,
            "77": 100,
            "78": 89,
            "79": 103,
            "80": 98,
            "81": 103,
            "82": 101,
            "83": 104,
            "84": 90,
            "85": 96,
            "86": 100,
            "87": 99,
            "88": 35,
            "89": 94,
            "90": 85,
            "91": 100,
            "92": 108,
            "93": 103,
            "94": 99
          },
          "per_class_update_counts": {
            "60": 69,
            "61": 71,
            "62": 62,
            "63": 70,
            "64": 68,
            "65": 62,
            "66": 71,
            "67": 68,
            "68": 31,
            "69": 64,
            "70": 70,
            "71": 59,
            "72": 68,
            "73": 70,
            "74": 70,
            "75": 71,
            "76": 69,
            "77": 70,
            "78": 62,
            "79": 72,
            "80": 69,
            "81": 72,
            "82": 71,
            "83": 73,
            "84": 63,
            "85": 67,
            "86": 70,
            "87": 69,
            "88": 25,
            "89": 66,
            "90": 59,
            "91": 70,
            "92": 76,
            "93": 72,
            "94": 69
          },
          "per_class_validation_counts": {
            "60": 30,
            "61": 31,
            "62": 26,
            "63": 30,
            "64": 29,
            "65": 26,
            "66": 30,
            "67": 29,
            "68": 13,
            "69": 28,
            "70": 30,
            "71": 26,
            "72": 29,
            "73": 30,
            "74": 30,
            "75": 30,
            "76": 29,
            "77": 30,
            "78": 27,
            "79": 31,
            "80": 29,
            "81": 31,
            "82": 30,
            "83": 31,
            "84": 27,
            "85": 29,
            "86": 30,
            "87": 30,
            "88": 10,
            "89": 28,
            "90": 26,
            "91": 30,
            "92": 32,
            "93": 31,
            "94": 30
          }
        }
      }
    },
    {
      "session": 8,
      "num_seen_classes": 100,
      "baseline_full_acc": 94.1,
      "baseline_base_acc": 96.183,
      "baseline_novel_acc": 90.975,
      "selected_alpha": 0.5,
      "final_full_acc": 94.73,
      "final_base_acc": 95.85,
      "final_novel_acc": 93.05,
      "final_gain": 0.63,
      "updated_class_count": 40,
      "gated_query_count": 3782,
      "gated_base_count": 54,
      "gated_novel_count": 3728,
      "alpha_selection": {
        "mode": "pseudo_validation",
        "fallback_used": false,
        "selected_alpha": 0.5,
        "candidates": [
          {
            "alpha": 0.5,
            "pseudo_val_score": -0.158214,
            "pseudo_val_nll": 0.158214,
            "pseudo_val_agreement": 99.153
          },
          {
            "alpha": 0.75,
            "pseudo_val_score": -0.164718,
            "pseudo_val_nll": 0.164718,
            "pseudo_val_agreement": 98.572
          },
          {
            "alpha": 1.0,
            "pseudo_val_score": -0.17386,
            "pseudo_val_nll": 0.17386,
            "pseudo_val_agreement": 98.137
          }
        ],
        "split": {
          "novel_gated_query_count": 3782,
          "validation_count": 4133,
          "novel_validation_count": 1133,
          "base_validation_count": 3000,
          "updated_class_count": 40,
          "per_class_counts": {
            "60": 99,
            "61": 101,
            "62": 88,
            "63": 101,
            "64": 97,
            "65": 89,
            "66": 101,
            "67": 97,
            "68": 44,
            "69": 92,
            "70": 100,
            "71": 85,
            "72": 97,
            "73": 99,
            "74": 100,
            "75": 101,
            "76": 98,
            "77": 100,
            "78": 89,
            "79": 103,
            "80": 100,
            "81": 103,
            "82": 101,
            "83": 104,
            "84": 90,
            "85": 95,
            "86": 100,
            "87": 99,
            "88": 35,
            "89": 93,
            "90": 86,
            "91": 100,
            "92": 107,
            "93": 104,
            "94": 101,
            "95": 98,
            "96": 96,
            "97": 91,
            "98": 99,
            "99": 99
          },
          "per_class_update_counts": {
            "60": 69,
            "61": 71,
            "62": 62,
            "63": 71,
            "64": 68,
            "65": 62,
            "66": 71,
            "67": 68,
            "68": 31,
            "69": 64,
            "70": 70,
            "71": 59,
            "72": 68,
            "73": 69,
            "74": 70,
            "75": 71,
            "76": 69,
            "77": 70,
            "78": 62,
            "79": 72,
            "80": 70,
            "81": 72,
            "82": 71,
            "83": 73,
            "84": 63,
            "85": 67,
            "86": 70,
            "87": 69,
            "88": 25,
            "89": 65,
            "90": 60,
            "91": 70,
            "92": 75,
            "93": 73,
            "94": 71,
            "95": 69,
            "96": 67,
            "97": 64,
            "98": 69,
            "99": 69
          },
          "per_class_validation_counts": {
            "60": 30,
            "61": 30,
            "62": 26,
            "63": 30,
            "64": 29,
            "65": 27,
            "66": 30,
            "67": 29,
            "68": 13,
            "69": 28,
            "70": 30,
            "71": 26,
            "72": 29,
            "73": 30,
            "74": 30,
            "75": 30,
            "76": 29,
            "77": 30,
            "78": 27,
            "79": 31,
            "80": 30,
            "81": 31,
            "82": 30,
            "83": 31,
            "84": 27,
            "85": 28,
            "86": 30,
            "87": 30,
            "88": 10,
            "89": 28,
            "90": 26,
            "91": 30,
            "92": 32,
            "93": 31,
            "94": 30,
            "95": 29,
            "96": 29,
            "97": 27,
            "98": 30,
            "99": 30
          }
        }
      }
    }
  ]
}
