Run id: 20260507-232341
Remote repo: /media/bio/data/BiMC-test
Train cfg: configs/trainers/bimc_dino_fusion.yaml
Datasets: configs/datasets/cifar100.yaml configs/datasets/miniimagenet.yaml configs/datasets/cub200_bimc_dino_fusion.yaml
Seeds: 1 2 3 4 5
Total runs: 15 session-wise pseudo-validation CPR runs
Started: 2026-05-07 23:23:41 +06
=== START sessionwise_pseudoval_cpr dataset=CIFAR100 seed=1 at 2026-05-07 23:23:41 +06 ===
=== END sessionwise_pseudoval_cpr dataset=CIFAR100 seed=1 status=OK duration=476s at 2026-05-07 23:31:37 +06 ===
ETA after 1/15: 2026-05-08 01:22:41 +06 (avg 476s/actual-run, remaining 14)
=== START sessionwise_pseudoval_cpr dataset=CIFAR100 seed=2 at 2026-05-07 23:31:37 +06 ===
=== END sessionwise_pseudoval_cpr dataset=CIFAR100 seed=2 status=OK duration=478s at 2026-05-07 23:39:35 +06 ===
ETA after 2/15: 2026-05-08 01:22:56 +06 (avg 477s/actual-run, remaining 13)
=== START sessionwise_pseudoval_cpr dataset=CIFAR100 seed=3 at 2026-05-07 23:39:35 +06 ===
=== END sessionwise_pseudoval_cpr dataset=CIFAR100 seed=3 status=OK duration=476s at 2026-05-07 23:47:31 +06 ===
ETA after 3/15: 2026-05-08 01:22:43 +06 (avg 476s/actual-run, remaining 12)
=== START sessionwise_pseudoval_cpr dataset=CIFAR100 seed=4 at 2026-05-07 23:47:31 +06 ===
=== END sessionwise_pseudoval_cpr dataset=CIFAR100 seed=4 status=OK duration=643s at 2026-05-07 23:58:14 +06 ===
ETA after 4/15: 2026-05-08 01:33:12 +06 (avg 518s/actual-run, remaining 11)
=== START sessionwise_pseudoval_cpr dataset=CIFAR100 seed=5 at 2026-05-07 23:58:14 +06 ===
=== END sessionwise_pseudoval_cpr dataset=CIFAR100 seed=5 status=OK duration=975s at 2026-05-08 00:14:29 +06 ===
ETA after 5/15: 2026-05-08 01:55:59 +06 (avg 609s/actual-run, remaining 10)
=== START sessionwise_pseudoval_cpr dataset=miniimagenet seed=1 at 2026-05-08 00:14:29 +06 ===
=== END sessionwise_pseudoval_cpr dataset=miniimagenet seed=1 status=OK duration=1219s at 2026-05-08 00:34:48 +06 ===
ETA after 6/15: 2026-05-08 02:21:27 +06 (avg 711s/actual-run, remaining 9)
=== START sessionwise_pseudoval_cpr dataset=miniimagenet seed=2 at 2026-05-08 00:34:48 +06 ===
=== END sessionwise_pseudoval_cpr dataset=miniimagenet seed=2 status=OK duration=974s at 2026-05-08 00:51:02 +06 ===
ETA after 7/15: 2026-05-08 02:30:46 +06 (avg 748s/actual-run, remaining 8)
=== START sessionwise_pseudoval_cpr dataset=miniimagenet seed=3 at 2026-05-08 00:51:02 +06 ===
=== END sessionwise_pseudoval_cpr dataset=miniimagenet seed=3 status=OK duration=976s at 2026-05-08 01:07:18 +06 ===
ETA after 8/15: 2026-05-08 02:37:57 +06 (avg 777s/actual-run, remaining 7)
=== START sessionwise_pseudoval_cpr dataset=miniimagenet seed=4 at 2026-05-08 01:07:18 +06 ===
=== END sessionwise_pseudoval_cpr dataset=miniimagenet seed=4 status=OK duration=976s at 2026-05-08 01:23:34 +06 ===
ETA after 9/15: 2026-05-08 02:43:28 +06 (avg 799s/actual-run, remaining 6)
=== START sessionwise_pseudoval_cpr dataset=miniimagenet seed=5 at 2026-05-08 01:23:34 +06 ===
=== END sessionwise_pseudoval_cpr dataset=miniimagenet seed=5 status=OK duration=979s at 2026-05-08 01:39:53 +06 ===
ETA after 10/15: 2026-05-08 02:47:58 +06 (avg 817s/actual-run, remaining 5)
=== START sessionwise_pseudoval_cpr dataset=cub200 seed=1 at 2026-05-08 01:39:53 +06 ===
=== END sessionwise_pseudoval_cpr dataset=cub200 seed=1 status=OK duration=556s at 2026-05-08 01:49:09 +06 ===
ETA after 11/15: 2026-05-08 02:42:01 +06 (avg 793s/actual-run, remaining 4)
=== START sessionwise_pseudoval_cpr dataset=cub200 seed=2 at 2026-05-08 01:49:09 +06 ===
=== END sessionwise_pseudoval_cpr dataset=cub200 seed=2 status=OK duration=528s at 2026-05-08 01:57:57 +06 ===
ETA after 12/15: 2026-05-08 02:36:30 +06 (avg 771s/actual-run, remaining 3)
=== START sessionwise_pseudoval_cpr dataset=cub200 seed=3 at 2026-05-08 01:57:57 +06 ===
=== END sessionwise_pseudoval_cpr dataset=cub200 seed=3 status=OK duration=527s at 2026-05-08 02:06:44 +06 ===
ETA after 13/15: 2026-05-08 02:31:48 +06 (avg 752s/actual-run, remaining 2)
=== START sessionwise_pseudoval_cpr dataset=cub200 seed=4 at 2026-05-08 02:06:44 +06 ===
=== END sessionwise_pseudoval_cpr dataset=cub200 seed=4 status=OK duration=522s at 2026-05-08 02:15:26 +06 ===
ETA after 14/15: 2026-05-08 02:27:42 +06 (avg 736s/actual-run, remaining 1)
=== START sessionwise_pseudoval_cpr dataset=cub200 seed=5 at 2026-05-08 02:15:26 +06 ===
=== END sessionwise_pseudoval_cpr dataset=cub200 seed=5 status=OK duration=524s at 2026-05-08 02:24:10 +06 ===
ETA after 15/15: 2026-05-08 02:24:10 +06 (avg 721s/actual-run, remaining 0)
Aggregate results written to:
  logs/fscil-sessionwise-pseudoval-cpr-20260507-232341/aggregate_first5_sessionwise.json
  logs/fscil-sessionwise-pseudoval-cpr-20260507-232341/aggregate_first5_sessionwise.txt
dataset: CIFAR100
seeds: [1, 2, 3, 4, 5]
baseline_acc_list: [89.75, 87.757, 87.146, 84.997, 84.94, 84.649, 84.727, 84.433, 83.088]
final_acc_list: [89.75, 88.489, 88.188, 86.709, 86.775, 86.605, 86.751, 86.592, 85.502]
gain_list: [0.0, 0.732, 1.042, 1.712, 1.835, 1.956, 2.024, 2.159, 2.414]
baseline_avg: 85.721
final_avg: 87.262
gain_avg: 1.542
baseline_pd: 6.662
final_pd: 4.248

dataset: cub200
seeds: [1, 2, 3, 4, 5]
baseline_acc_list: [88.163, 86.529, 86.088, 85.059, 84.99, 83.847, 84.209, 84.72, 84.41, 84.882, 85.164]
final_acc_list: [88.163, 86.961, 86.653, 85.713, 85.819, 84.6, 84.941, 85.428, 85.179, 85.635, 85.937]
gain_list: [0.0, 0.432, 0.565, 0.654, 0.829, 0.753, 0.732, 0.708, 0.769, 0.753, 0.773]
baseline_avg: 85.278
final_avg: 85.912
gain_avg: 0.633
baseline_pd: 2.999
final_pd: 2.226

dataset: miniimagenet
seeds: [1, 2, 3, 4, 5]
baseline_acc_list: [97.1, 96.994, 95.609, 95.501, 95.533, 95.052, 94.133, 93.804, 93.66]
final_acc_list: [97.1, 97.015, 95.774, 95.728, 95.76, 95.369, 94.58, 94.314, 94.2]
gain_list: [0.0, 0.021, 0.165, 0.227, 0.227, 0.317, 0.447, 0.51, 0.54]
baseline_avg: 95.265
final_avg: 95.538
gain_avg: 0.273
baseline_pd: 3.44
final_pd: 2.9

ALL_DONE 2026-05-08 02:24:10 +06
Status file: logs/fscil-sessionwise-pseudoval-cpr-20260507-232341/status.tsv
Results index: logs/fscil-sessionwise-pseudoval-cpr-20260507-232341/results_index.tsv
